[2025-09-22 08:01:28] INFO: INI ALAMAT TABLENYA :  D:\Work\Mii\TEMPLATES\ssrtemplates\.angular\prerender-root\dfc1478e-b1eb-409f-a941-fd368be7a6b8\data\admdb.sqlite
[2025-09-22 08:01:37] INFO: INI ALAMAT TABLENYA :  D:\Work\Mii\TEMPLATES\ssrtemplates\.angular\prerender-root\a7d2b55c-1d1e-4920-921b-f00d8df5bbdf\data\admdb.sqlite
[2025-09-22 08:01:37] INFO: INI ALAMAT TABLENYA :  D:\Work\Mii\TEMPLATES\ssrtemplates\.angular\prerender-root\e272064a-a037-4fc6-bc9b-31e9ce558561\data\admdb.sqlite
[2025-09-22 08:01:37] INFO: INI ALAMAT TABLENYA :  D:\Work\Mii\TEMPLATES\ssrtemplates\.angular\prerender-root\0dcabc13-1587-47a9-b1dc-ede2e7a8402f\data\admdb.sqlite
[2025-09-22 08:01:37] INFO: INI ALAMAT TABLENYA :  D:\Work\Mii\TEMPLATES\ssrtemplates\.angular\prerender-root\bfb992ea-118d-494f-a89c-b9a57f4c9960\data\admdb.sqlite
[2025-09-22 08:02:36] INFO: INI ALAMAT TABLENYA :  D:\Work\Mii\TEMPLATES\ssrtemplates\.angular\prerender-root\16350bd7-59b6-401b-b08f-a3fc144b50ba\data\admdb.sqlite
[2025-09-22 08:02:38] INFO: INI ALAMAT TABLENYA :  D:\Work\Mii\TEMPLATES\ssrtemplates\.angular\prerender-root\808dd2ce-6762-4509-a4cf-ae5de943c988\data\admdb.sqlite
[2025-09-22 08:02:38] INFO: INI ALAMAT TABLENYA :  D:\Work\Mii\TEMPLATES\ssrtemplates\.angular\prerender-root\46cdbd28-704a-478c-9ab9-088bd11e593f\data\admdb.sqlite
[2025-09-22 08:02:38] INFO: INI ALAMAT TABLENYA :  D:\Work\Mii\TEMPLATES\ssrtemplates\.angular\prerender-root\c7551a09-8926-487e-940a-737b55bb0d59\data\admdb.sqlite
[2025-09-22 08:02:38] INFO: INI ALAMAT TABLENYA :  D:\Work\Mii\TEMPLATES\ssrtemplates\.angular\prerender-root\5cf5ae2e-41d5-47ee-b2b4-d3b87e14da7b\data\admdb.sqlite
[2025-09-22 08:02:59] INFO: INI ALAMAT TABLENYA :  D:\Work\Mii\TEMPLATES\ssrtemplates\dist\ssrtemplates\server\data\admdb.sqlite
[2025-09-22 08:04:31] INFO: INI ALAMAT TABLENYA :  D:\Work\Mii\TEMPLATES\ssrtemplates\.angular\prerender-root\0fc974fd-c032-49f9-a85a-807b2249d1e0\data\admdb.sqlite
[2025-09-22 08:04:33] INFO: INI ALAMAT TABLENYA :  D:\Work\Mii\TEMPLATES\ssrtemplates\.angular\prerender-root\ce0e46d2-ebe0-47ea-a2d0-d629514bf8df\data\admdb.sqlite
[2025-09-22 08:04:33] INFO: INI ALAMAT TABLENYA :  D:\Work\Mii\TEMPLATES\ssrtemplates\.angular\prerender-root\010e504e-2bd9-4e69-a833-6ca07af5eeba\data\admdb.sqlite
[2025-09-22 08:04:33] INFO: INI ALAMAT TABLENYA :  D:\Work\Mii\TEMPLATES\ssrtemplates\.angular\prerender-root\14e39a1b-fc3d-4664-b123-6b28fd93e809\data\admdb.sqlite
[2025-09-22 08:04:33] INFO: INI ALAMAT TABLENYA :  D:\Work\Mii\TEMPLATES\ssrtemplates\.angular\prerender-root\9b6c15da-77c9-48af-954d-c74e6ee6b762\data\admdb.sqlite
[2025-09-22 08:04:49] INFO: INI ALAMAT TABLENYA :  D:\Work\Mii\TEMPLATES\ssrtemplates\dist\ssrtemplates\server\data\admdb.sqlite
[2025-09-22 08:07:53] INFO: INI ALAMAT TABLENYA :  D:\Work\Mii\TEMPLATES\ssrtemplates\dist\ssrtemplates\server\data\admdb.sqlite
[2025-09-22 08:12:11] INFO: INI ALAMAT TABLENYA :  D:\Work\Mii\TEMPLATES\ssrtemplates\.angular\prerender-root\a4d8a456-2dc8-44e4-b1fa-94fabc5d997d\data\admdb.sqlite
[2025-09-22 08:12:23] INFO: INI ALAMAT TABLENYA :  D:\Work\Mii\TEMPLATES\ssrtemplates\.angular\prerender-root\c43f9a49-5f62-4dbe-8a1a-5a904acc95a0\data\admdb.sqlite
[2025-09-22 08:12:23] INFO: INI ALAMAT TABLENYA :  D:\Work\Mii\TEMPLATES\ssrtemplates\.angular\prerender-root\11b943f9-bd74-4af6-bedc-3a8e643b16a1\data\admdb.sqlite
[2025-09-22 08:12:23] INFO: INI ALAMAT TABLENYA :  D:\Work\Mii\TEMPLATES\ssrtemplates\.angular\prerender-root\414d35a5-3fe5-40cb-a65c-750b134380bd\data\admdb.sqlite
[2025-09-22 08:12:23] INFO: INI ALAMAT TABLENYA :  D:\Work\Mii\TEMPLATES\ssrtemplates\.angular\prerender-root\1ce4db9d-73e6-4a7a-963a-389c43139315\data\admdb.sqlite
[2025-09-22 08:13:11] INFO: INI ALAMAT TABLENYA :  D:\Work\Mii\TEMPLATES\ssrtemplates\dist\ssrtemplates\server\data\admdb.sqlite
[2025-09-22 08:15:46] ERROR: Error api.controller :  {}
[2025-09-22 08:17:04] INFO: INI ALAMAT TABLENYA :  D:\Work\Mii\TEMPLATES\ssrtemplates\.angular\prerender-root\6a6e7079-932e-4e78-b1d0-2f18676bbb36\data\admdb.sqlite
[2025-09-22 08:17:06] INFO: INI ALAMAT TABLENYA :  D:\Work\Mii\TEMPLATES\ssrtemplates\.angular\prerender-root\fdeb5603-d07b-48c1-8b57-4370f35c3503\data\admdb.sqlite
[2025-09-22 08:17:06] INFO: INI ALAMAT TABLENYA :  D:\Work\Mii\TEMPLATES\ssrtemplates\.angular\prerender-root\26f69219-0318-40fd-8eea-8327caf80c7e\data\admdb.sqlite
[2025-09-22 08:17:06] INFO: INI ALAMAT TABLENYA :  D:\Work\Mii\TEMPLATES\ssrtemplates\.angular\prerender-root\11c8322d-be72-49fe-887e-61dfc6ccf700\data\admdb.sqlite
[2025-09-22 08:17:06] INFO: INI ALAMAT TABLENYA :  D:\Work\Mii\TEMPLATES\ssrtemplates\.angular\prerender-root\20422a69-c292-43bb-891d-4f6d11e396cd\data\admdb.sqlite
[2025-09-22 08:17:13] INFO: INI ALAMAT TABLENYA :  D:\Work\Mii\TEMPLATES\ssrtemplates\dist\ssrtemplates\server\data\admdb.sqlite
[2025-09-22 08:17:41] ERROR: Error api.controller :  {}
[2025-09-22 08:21:35] INFO: INI ALAMAT TABLENYA :  D:\Work\Mii\TEMPLATES\ssrtemplates\.angular\prerender-root\18adb342-4b80-44a3-8ea3-04d8e1dc062c\data\admdb.sqlite
[2025-09-22 08:21:36] INFO: INI ALAMAT TABLENYA :  D:\Work\Mii\TEMPLATES\ssrtemplates\.angular\prerender-root\ba9664b0-1465-4956-ac05-7a78aa53a7e3\data\admdb.sqlite
[2025-09-22 08:21:36] INFO: INI ALAMAT TABLENYA :  D:\Work\Mii\TEMPLATES\ssrtemplates\.angular\prerender-root\a40df754-a5cf-458b-84bf-92dda6c1fac9\data\admdb.sqlite
[2025-09-22 08:21:36] INFO: INI ALAMAT TABLENYA :  D:\Work\Mii\TEMPLATES\ssrtemplates\.angular\prerender-root\b2003fb0-0036-4324-bb20-e6d96c3bae87\data\admdb.sqlite
[2025-09-22 08:21:36] INFO: INI ALAMAT TABLENYA :  D:\Work\Mii\TEMPLATES\ssrtemplates\.angular\prerender-root\75741570-e5fa-4d57-8a4d-48226f2fdef8\data\admdb.sqlite
[2025-09-22 08:21:43] INFO: INI ALAMAT TABLENYA :  D:\Work\Mii\TEMPLATES\ssrtemplates\dist\ssrtemplates\server\data\admdb.sqlite
[2025-09-22 08:22:00] ERROR: Error api.controller :  {}
[2025-09-22 08:24:15] INFO: INI ALAMAT TABLENYA :  D:\Work\Mii\TEMPLATES\ssrtemplates\.angular\prerender-root\03523d10-86c6-4690-af2f-269c3e2f000e\data\admdb.sqlite
[2025-09-22 08:24:17] INFO: INI ALAMAT TABLENYA :  D:\Work\Mii\TEMPLATES\ssrtemplates\.angular\prerender-root\223d16cb-7000-487e-8803-ae57ca31b4f6\data\admdb.sqlite
[2025-09-22 08:24:17] INFO: INI ALAMAT TABLENYA :  D:\Work\Mii\TEMPLATES\ssrtemplates\.angular\prerender-root\0d4e5913-fcb0-4cbd-9314-f8884b387b33\data\admdb.sqlite
[2025-09-22 08:24:17] INFO: INI ALAMAT TABLENYA :  D:\Work\Mii\TEMPLATES\ssrtemplates\.angular\prerender-root\5586be88-551b-4f1f-985a-174835403369\data\admdb.sqlite
[2025-09-22 08:24:17] INFO: INI ALAMAT TABLENYA :  D:\Work\Mii\TEMPLATES\ssrtemplates\.angular\prerender-root\9d534852-e639-448f-bbdd-6e821c7250af\data\admdb.sqlite
[2025-09-22 08:24:33] INFO: INI ALAMAT TABLENYA :  D:\Work\Mii\TEMPLATES\ssrtemplates\dist\ssrtemplates\server\data\admdb.sqlite
