[2025-11-01 08:41:09] INFO: INI ALAMAT TABLENYA :  D:\Work\Mii\TEMPLATES\ssrtemplates\dist\ssrtemplates\server\data\admdb.sqlite
[2025-11-01 08:41:10] INFO: login limiter max set to 3
[2025-11-01 08:45:18] INFO: INI ALAMAT TABLENYA :  D:\Work\Mii\TEMPLATES\ssrtemplates\.angular\prerender-root\2634101d-7a23-4079-8773-b1730f7a55c5\data\admdb.sqlite
[2025-11-01 08:45:18] WARN: Could not read param for rate limit, using default. Error: {}
[2025-11-01 08:45:27] INFO: INI ALAMAT TABLENYA :  D:\Work\Mii\TEMPLATES\ssrtemplates\.angular\prerender-root\12d2fb50-e077-434c-9c0d-f63c2e11fde0\data\admdb.sqlite
[2025-11-01 08:45:27] WARN: Could not read param for rate limit, using default. Error: {}
[2025-11-01 08:45:27] INFO: INI ALAMAT TABLENYA :  D:\Work\Mii\TEMPLATES\ssrtemplates\.angular\prerender-root\927e12c3-d002-4458-9301-831170acb99e\data\admdb.sqlite
[2025-11-01 08:45:27] INFO: INI ALAMAT TABLENYA :  D:\Work\Mii\TEMPLATES\ssrtemplates\.angular\prerender-root\a31b7963-023d-4b27-b828-01e257f9dc6b\data\admdb.sqlite
[2025-11-01 08:45:27] WARN: Could not read param for rate limit, using default. Error: {}
[2025-11-01 08:45:27] WARN: Could not read param for rate limit, using default. Error: {}
[2025-11-01 08:45:27] INFO: INI ALAMAT TABLENYA :  D:\Work\Mii\TEMPLATES\ssrtemplates\.angular\prerender-root\e2970d03-0c20-4a1a-8977-f56074b97796\data\admdb.sqlite
[2025-11-01 08:45:27] WARN: Could not read param for rate limit, using default. Error: {}
[2025-11-01 08:45:48] INFO: INI ALAMAT TABLENYA :  D:\Work\Mii\TEMPLATES\ssrtemplates\dist\ssrtemplates\server\data\admdb.sqlite
[2025-11-01 08:45:48] INFO: login limiter max set to 3
[2025-11-01 09:20:25] INFO: INI ALAMAT TABLENYA :  D:\Work\Mii\TEMPLATES\ssrtemplates\.angular\prerender-root\2ff37120-6bc7-4b84-8536-ab8a3ff2c1b0\data\admdb.sqlite
[2025-11-01 09:20:26] WARN: Could not read param for rate limit, using default. Error: {}
[2025-11-01 09:20:38] INFO: INI ALAMAT TABLENYA :  D:\Work\Mii\TEMPLATES\ssrtemplates\.angular\prerender-root\9088a713-6adb-46da-9fbc-82b60a15f59d\data\admdb.sqlite
[2025-11-01 09:20:38] WARN: Could not read param for rate limit, using default. Error: {}
[2025-11-01 09:20:38] INFO: INI ALAMAT TABLENYA :  D:\Work\Mii\TEMPLATES\ssrtemplates\.angular\prerender-root\9966fd87-8f03-4799-9265-bbcad4b554a1\data\admdb.sqlite
[2025-11-01 09:20:38] WARN: Could not read param for rate limit, using default. Error: {}
[2025-11-01 09:20:38] INFO: INI ALAMAT TABLENYA :  D:\Work\Mii\TEMPLATES\ssrtemplates\.angular\prerender-root\945c5a1e-278e-453d-9c14-db4b76434993\data\admdb.sqlite
[2025-11-01 09:20:38] WARN: Could not read param for rate limit, using default. Error: {}
[2025-11-01 09:20:38] INFO: INI ALAMAT TABLENYA :  D:\Work\Mii\TEMPLATES\ssrtemplates\.angular\prerender-root\920a7396-5f4e-4858-89a7-3e07d18664cc\data\admdb.sqlite
[2025-11-01 09:20:38] WARN: Could not read param for rate limit, using default. Error: {}
[2025-11-01 09:21:11] INFO: INI ALAMAT TABLENYA :  D:\Work\Mii\TEMPLATES\ssrtemplates\dist\ssrtemplates\server\data\admdb.sqlite
[2025-11-01 09:21:11] INFO: login limiter max set to 3
[2025-11-01 09:23:43] INFO: INI ALAMAT TABLENYA :  D:\Work\Mii\TEMPLATES\ssrtemplates\.angular\prerender-root\94351772-aa65-46a0-a23d-a5648a48f095\data\admdb.sqlite
[2025-11-01 09:23:43] WARN: Could not read param for rate limit, using default. Error: {}
[2025-11-01 09:23:44] INFO: INI ALAMAT TABLENYA :  D:\Work\Mii\TEMPLATES\ssrtemplates\.angular\prerender-root\bbe6d698-bc24-40d1-b872-aca2c15439a7\data\admdb.sqlite
[2025-11-01 09:23:44] WARN: Could not read param for rate limit, using default. Error: {}
[2025-11-01 09:23:44] INFO: INI ALAMAT TABLENYA :  D:\Work\Mii\TEMPLATES\ssrtemplates\.angular\prerender-root\d48c4c64-b3ba-4917-a200-0aaef4f9a894\data\admdb.sqlite
[2025-11-01 09:23:44] WARN: Could not read param for rate limit, using default. Error: {}
[2025-11-01 09:23:44] INFO: INI ALAMAT TABLENYA :  D:\Work\Mii\TEMPLATES\ssrtemplates\.angular\prerender-root\98e66e08-bc41-4bbf-b2c7-1c5c6e48ec76\data\admdb.sqlite
[2025-11-01 09:23:44] WARN: Could not read param for rate limit, using default. Error: {}
[2025-11-01 09:23:44] INFO: INI ALAMAT TABLENYA :  D:\Work\Mii\TEMPLATES\ssrtemplates\.angular\prerender-root\94223b8b-e232-41f9-82fb-f44c80b5a67c\data\admdb.sqlite
[2025-11-01 09:23:44] WARN: Could not read param for rate limit, using default. Error: {}
[2025-11-01 09:23:58] INFO: INI ALAMAT TABLENYA :  D:\Work\Mii\TEMPLATES\ssrtemplates\dist\ssrtemplates\server\data\admdb.sqlite
[2025-11-01 09:23:58] INFO: login limiter max set to 3
[2025-11-01 09:26:34] INFO: INI ALAMAT TABLENYA :  D:\Work\Mii\TEMPLATES\ssrtemplates\.angular\prerender-root\b248bdd8-2d51-4eda-9bb3-5e17f6b25d59\data\admdb.sqlite
[2025-11-01 09:26:34] WARN: Could not read param for rate limit, using default. Error: {}
[2025-11-01 09:26:36] INFO: INI ALAMAT TABLENYA :  D:\Work\Mii\TEMPLATES\ssrtemplates\.angular\prerender-root\7c2e1661-69dc-468d-b7ff-50d277ff2fb8\data\admdb.sqlite
[2025-11-01 09:26:36] WARN: Could not read param for rate limit, using default. Error: {}
[2025-11-01 09:26:36] INFO: INI ALAMAT TABLENYA :  D:\Work\Mii\TEMPLATES\ssrtemplates\.angular\prerender-root\33dc34a5-f77a-490e-a363-79d2785dc1b9\data\admdb.sqlite
[2025-11-01 09:26:36] WARN: Could not read param for rate limit, using default. Error: {}
[2025-11-01 09:26:36] INFO: INI ALAMAT TABLENYA :  D:\Work\Mii\TEMPLATES\ssrtemplates\.angular\prerender-root\ea2e5ca3-96ac-4a80-b4af-810a8e77c6e7\data\admdb.sqlite
[2025-11-01 09:26:36] WARN: Could not read param for rate limit, using default. Error: {}
[2025-11-01 09:26:36] INFO: INI ALAMAT TABLENYA :  D:\Work\Mii\TEMPLATES\ssrtemplates\.angular\prerender-root\912a6ea7-a63e-4924-a93e-5e3718480fad\data\admdb.sqlite
[2025-11-01 09:26:36] WARN: Could not read param for rate limit, using default. Error: {}
[2025-11-01 09:26:50] INFO: INI ALAMAT TABLENYA :  D:\Work\Mii\TEMPLATES\ssrtemplates\dist\ssrtemplates\server\data\admdb.sqlite
[2025-11-01 09:26:50] INFO: login limiter max set to 3
[2025-11-01 09:49:08] INFO: INI ALAMAT TABLENYA :  D:\Work\Mii\TEMPLATES\ssrtemplates\.angular\prerender-root\18ca6fe5-30bd-478e-a4e4-666acdbdc75c\data\admdb.sqlite
[2025-11-01 09:49:08] WARN: Could not read param for rate limit, using default. Error: {}
[2025-11-01 09:49:13] INFO: INI ALAMAT TABLENYA :  D:\Work\Mii\TEMPLATES\ssrtemplates\.angular\prerender-root\816d9f91-d311-4f89-b013-42ed642d8236\data\admdb.sqlite
[2025-11-01 09:49:13] WARN: Could not read param for rate limit, using default. Error: {}
[2025-11-01 09:49:13] INFO: INI ALAMAT TABLENYA :  D:\Work\Mii\TEMPLATES\ssrtemplates\.angular\prerender-root\92e4b1c0-be7f-4a79-b042-882f2a4722fe\data\admdb.sqlite
[2025-11-01 09:49:13] WARN: Could not read param for rate limit, using default. Error: {}
[2025-11-01 09:49:13] INFO: INI ALAMAT TABLENYA :  D:\Work\Mii\TEMPLATES\ssrtemplates\.angular\prerender-root\6d37c990-956f-449d-8df5-23b889a4c46a\data\admdb.sqlite
[2025-11-01 09:49:13] WARN: Could not read param for rate limit, using default. Error: {}
[2025-11-01 09:49:13] INFO: INI ALAMAT TABLENYA :  D:\Work\Mii\TEMPLATES\ssrtemplates\.angular\prerender-root\f8e6046f-fef8-4537-bea9-350216682fa1\data\admdb.sqlite
[2025-11-01 09:49:13] WARN: Could not read param for rate limit, using default. Error: {}
[2025-11-01 10:09:36] INFO: INI ALAMAT TABLENYA :  D:\Work\Mii\TEMPLATES\ssrtemplates\.angular\prerender-root\6177a4c7-154a-4f07-b8ab-ad8b798f1b0e\data\admdb.sqlite
[2025-11-01 10:09:36] WARN: Could not read param for rate limit, using default. Error: {}
[2025-11-01 10:09:39] INFO: INI ALAMAT TABLENYA :  D:\Work\Mii\TEMPLATES\ssrtemplates\.angular\prerender-root\7a71a418-8ae0-4f46-a364-74acb0ea57f1\data\admdb.sqlite
[2025-11-01 10:09:39] WARN: Could not read param for rate limit, using default. Error: {}
[2025-11-01 10:09:39] INFO: INI ALAMAT TABLENYA :  D:\Work\Mii\TEMPLATES\ssrtemplates\.angular\prerender-root\81638043-f1c7-4c6c-a884-e6fe259f785f\data\admdb.sqlite
[2025-11-01 10:09:39] WARN: Could not read param for rate limit, using default. Error: {}
[2025-11-01 10:09:39] INFO: INI ALAMAT TABLENYA :  D:\Work\Mii\TEMPLATES\ssrtemplates\.angular\prerender-root\e192662a-674e-4329-96d2-6854927a23cd\data\admdb.sqlite
[2025-11-01 10:09:39] WARN: Could not read param for rate limit, using default. Error: {}
[2025-11-01 10:09:39] INFO: INI ALAMAT TABLENYA :  D:\Work\Mii\TEMPLATES\ssrtemplates\.angular\prerender-root\ed26667c-6f30-417d-860a-f8ad3d9b261f\data\admdb.sqlite
[2025-11-01 10:09:39] WARN: Could not read param for rate limit, using default. Error: {}
[2025-11-01 10:09:47] INFO: INI ALAMAT TABLENYA :  D:\Work\Mii\TEMPLATES\ssrtemplates\dist\ssrtemplates\server\data\admdb.sqlite
[2025-11-01 10:09:47] INFO: login limiter max set to 3
[2025-11-01 10:25:07] INFO: INI ALAMAT TABLENYA :  D:\Work\Mii\TEMPLATES\ssrtemplates\.angular\prerender-root\51bf1ca1-e689-43ff-bbf8-4ef62e5dc41a\data\admdb.sqlite
[2025-11-01 10:25:07] WARN: Could not read param for rate limit, using default. Error: {}
[2025-11-01 10:25:09] INFO: INI ALAMAT TABLENYA :  D:\Work\Mii\TEMPLATES\ssrtemplates\.angular\prerender-root\786e9aaf-3ea9-4090-9464-65afca7db99b\data\admdb.sqlite
[2025-11-01 10:25:09] WARN: Could not read param for rate limit, using default. Error: {}
[2025-11-01 10:25:09] INFO: INI ALAMAT TABLENYA :  D:\Work\Mii\TEMPLATES\ssrtemplates\.angular\prerender-root\4753aaeb-33fa-4359-9e0c-6e39a8a1b41e\data\admdb.sqlite
[2025-11-01 10:25:09] WARN: Could not read param for rate limit, using default. Error: {}
[2025-11-01 10:25:09] INFO: INI ALAMAT TABLENYA :  D:\Work\Mii\TEMPLATES\ssrtemplates\.angular\prerender-root\d2c79b46-6182-4a81-a953-12626ba11771\data\admdb.sqlite
[2025-11-01 10:25:09] WARN: Could not read param for rate limit, using default. Error: {}
[2025-11-01 10:25:09] INFO: INI ALAMAT TABLENYA :  D:\Work\Mii\TEMPLATES\ssrtemplates\.angular\prerender-root\56e3c6a8-afa9-4beb-86d0-6c6632a73076\data\admdb.sqlite
[2025-11-01 10:25:09] WARN: Could not read param for rate limit, using default. Error: {}
[2025-11-01 10:25:28] INFO: INI ALAMAT TABLENYA :  D:\Work\Mii\TEMPLATES\ssrtemplates\dist\ssrtemplates\server\data\admdb.sqlite
[2025-11-01 10:25:28] INFO: login limiter max set to 3
[2025-11-01 10:27:31] INFO: INI ALAMAT TABLENYA :  D:\Work\Mii\TEMPLATES\ssrtemplates\.angular\prerender-root\22471b65-9a6d-4443-9445-3b6b14b4ffce\data\admdb.sqlite
[2025-11-01 10:27:31] WARN: Could not read param for rate limit, using default. Error: {}
[2025-11-01 10:27:36] INFO: INI ALAMAT TABLENYA :  D:\Work\Mii\TEMPLATES\ssrtemplates\.angular\prerender-root\1216e0a7-a9ee-40c8-87ac-2ee2b8da4c2d\data\admdb.sqlite
[2025-11-01 10:27:36] WARN: Could not read param for rate limit, using default. Error: {}
[2025-11-01 10:27:36] INFO: INI ALAMAT TABLENYA :  D:\Work\Mii\TEMPLATES\ssrtemplates\.angular\prerender-root\0fc0a248-556b-422e-8b46-4df3331be9b6\data\admdb.sqlite
[2025-11-01 10:27:36] WARN: Could not read param for rate limit, using default. Error: {}
[2025-11-01 10:27:36] INFO: INI ALAMAT TABLENYA :  D:\Work\Mii\TEMPLATES\ssrtemplates\.angular\prerender-root\9e3bc431-2fdf-4bed-9cfd-c111648045c3\data\admdb.sqlite
[2025-11-01 10:27:36] WARN: Could not read param for rate limit, using default. Error: {}
[2025-11-01 10:27:36] INFO: INI ALAMAT TABLENYA :  D:\Work\Mii\TEMPLATES\ssrtemplates\.angular\prerender-root\30abfb8e-c416-4ed5-aab2-82b354924052\data\admdb.sqlite
[2025-11-01 10:27:36] WARN: Could not read param for rate limit, using default. Error: {}
[2025-11-01 10:27:52] INFO: INI ALAMAT TABLENYA :  D:\Work\Mii\TEMPLATES\ssrtemplates\dist\ssrtemplates\server\data\admdb.sqlite
[2025-11-01 10:27:52] INFO: login limiter max set to 3
[2025-11-01 10:29:50] INFO: INI ALAMAT TABLENYA :  D:\Work\Mii\TEMPLATES\ssrtemplates\.angular\prerender-root\6da1c657-81c7-40e2-b2d2-61a83c3517d5\data\admdb.sqlite
[2025-11-01 10:29:50] WARN: Could not read param for rate limit, using default. Error: {}
[2025-11-01 10:29:51] INFO: INI ALAMAT TABLENYA :  D:\Work\Mii\TEMPLATES\ssrtemplates\.angular\prerender-root\ba31990a-db31-41ff-9b6c-b58806fa73cf\data\admdb.sqlite
[2025-11-01 10:29:51] WARN: Could not read param for rate limit, using default. Error: {}
[2025-11-01 10:29:51] INFO: INI ALAMAT TABLENYA :  D:\Work\Mii\TEMPLATES\ssrtemplates\.angular\prerender-root\736a0bb2-4d59-4bd4-bf4a-f04e88d5a96b\data\admdb.sqlite
[2025-11-01 10:29:51] WARN: Could not read param for rate limit, using default. Error: {}
[2025-11-01 10:29:51] INFO: INI ALAMAT TABLENYA :  D:\Work\Mii\TEMPLATES\ssrtemplates\.angular\prerender-root\719ec267-2fff-4ff7-8167-0b2e4a7c7880\data\admdb.sqlite
[2025-11-01 10:29:51] WARN: Could not read param for rate limit, using default. Error: {}
[2025-11-01 10:29:51] INFO: INI ALAMAT TABLENYA :  D:\Work\Mii\TEMPLATES\ssrtemplates\.angular\prerender-root\c327b082-fca7-40f0-97d2-c11f6dfee1f7\data\admdb.sqlite
[2025-11-01 10:29:51] WARN: Could not read param for rate limit, using default. Error: {}
[2025-11-01 10:30:00] INFO: INI ALAMAT TABLENYA :  D:\Work\Mii\TEMPLATES\ssrtemplates\dist\ssrtemplates\server\data\admdb.sqlite
[2025-11-01 10:30:00] INFO: login limiter max set to 3
[2025-11-01 10:32:16] INFO: INI ALAMAT TABLENYA :  D:\Work\Mii\TEMPLATES\ssrtemplates\.angular\prerender-root\45faaf06-6249-41b8-8396-141565d84545\data\admdb.sqlite
[2025-11-01 10:32:16] WARN: Could not read param for rate limit, using default. Error: {}
[2025-11-01 10:32:18] INFO: INI ALAMAT TABLENYA :  D:\Work\Mii\TEMPLATES\ssrtemplates\.angular\prerender-root\df2dbecd-ff57-4471-a131-cb273600e88c\data\admdb.sqlite
[2025-11-01 10:32:18] WARN: Could not read param for rate limit, using default. Error: {}
[2025-11-01 10:32:18] INFO: INI ALAMAT TABLENYA :  D:\Work\Mii\TEMPLATES\ssrtemplates\.angular\prerender-root\459a56a7-45f6-46ba-900b-23ee7b3ec19d\data\admdb.sqlite
[2025-11-01 10:32:18] WARN: Could not read param for rate limit, using default. Error: {}
[2025-11-01 10:32:18] INFO: INI ALAMAT TABLENYA :  D:\Work\Mii\TEMPLATES\ssrtemplates\.angular\prerender-root\e9f4182a-30cb-4131-8918-c836cf490583\data\admdb.sqlite
[2025-11-01 10:32:18] WARN: Could not read param for rate limit, using default. Error: {}
[2025-11-01 10:32:18] INFO: INI ALAMAT TABLENYA :  D:\Work\Mii\TEMPLATES\ssrtemplates\.angular\prerender-root\0274a0d6-e680-47dd-a5ba-a8158df27db3\data\admdb.sqlite
[2025-11-01 10:32:18] WARN: Could not read param for rate limit, using default. Error: {}
[2025-11-01 10:37:10] INFO: INI ALAMAT TABLENYA :  D:\Work\Mii\TEMPLATES\ssrtemplates\dist\ssrtemplates\server\data\admdb.sqlite
[2025-11-01 10:37:10] INFO: login limiter max set to 3
[2025-11-01 10:38:24] INFO: INI ALAMAT TABLENYA :  D:\Work\Mii\TEMPLATES\ssrtemplates\.angular\prerender-root\c4bb5066-8359-4c4b-93d0-34ac8c952493\data\admdb.sqlite
[2025-11-01 10:38:24] WARN: Could not read param for rate limit, using default. Error: {}
[2025-11-01 10:38:26] INFO: INI ALAMAT TABLENYA :  D:\Work\Mii\TEMPLATES\ssrtemplates\.angular\prerender-root\160fec4e-06af-4f92-9026-2a8f41973c66\data\admdb.sqlite
[2025-11-01 10:38:26] WARN: Could not read param for rate limit, using default. Error: {}
[2025-11-01 10:38:26] INFO: INI ALAMAT TABLENYA :  D:\Work\Mii\TEMPLATES\ssrtemplates\.angular\prerender-root\4ffb46df-2d62-4b11-bf8d-f8a3bfe5530e\data\admdb.sqlite
[2025-11-01 10:38:26] WARN: Could not read param for rate limit, using default. Error: {}
[2025-11-01 10:38:26] INFO: INI ALAMAT TABLENYA :  D:\Work\Mii\TEMPLATES\ssrtemplates\.angular\prerender-root\9b7013f3-dad6-4cad-9dbf-3682ca7ac8f6\data\admdb.sqlite
[2025-11-01 10:38:26] WARN: Could not read param for rate limit, using default. Error: {}
[2025-11-01 10:38:26] INFO: INI ALAMAT TABLENYA :  D:\Work\Mii\TEMPLATES\ssrtemplates\.angular\prerender-root\2a350d99-bbb0-4f38-8de7-03c9eb46a545\data\admdb.sqlite
[2025-11-01 10:38:26] WARN: Could not read param for rate limit, using default. Error: {}
[2025-11-01 10:38:33] INFO: INI ALAMAT TABLENYA :  D:\Work\Mii\TEMPLATES\ssrtemplates\dist\ssrtemplates\server\data\admdb.sqlite
[2025-11-01 10:38:33] INFO: login limiter max set to 3
[2025-11-01 10:39:10] INFO: INI ALAMAT TABLENYA :  D:\Work\Mii\TEMPLATES\ssrtemplates\.angular\prerender-root\73e57866-6871-450b-a177-ecf4c7e23de4\data\admdb.sqlite
[2025-11-01 10:39:10] WARN: Could not read param for rate limit, using default. Error: {}
[2025-11-01 10:39:12] INFO: INI ALAMAT TABLENYA :  D:\Work\Mii\TEMPLATES\ssrtemplates\.angular\prerender-root\4a6559a1-55c0-47fe-98c9-46cf4909fe27\data\admdb.sqlite
[2025-11-01 10:39:12] WARN: Could not read param for rate limit, using default. Error: {}
[2025-11-01 10:39:12] INFO: INI ALAMAT TABLENYA :  D:\Work\Mii\TEMPLATES\ssrtemplates\.angular\prerender-root\5bf0952e-28bc-402e-aa12-00d630f9b1b1\data\admdb.sqlite
[2025-11-01 10:39:12] WARN: Could not read param for rate limit, using default. Error: {}
[2025-11-01 10:39:12] INFO: INI ALAMAT TABLENYA :  D:\Work\Mii\TEMPLATES\ssrtemplates\.angular\prerender-root\8d914579-b1d8-4581-9fe7-42f6958f0ce9\data\admdb.sqlite
[2025-11-01 10:39:12] WARN: Could not read param for rate limit, using default. Error: {}
[2025-11-01 10:39:12] INFO: INI ALAMAT TABLENYA :  D:\Work\Mii\TEMPLATES\ssrtemplates\.angular\prerender-root\5c2b6063-9f8f-41bd-9a40-860d3fe6cdb5\data\admdb.sqlite
[2025-11-01 10:39:12] WARN: Could not read param for rate limit, using default. Error: {}
[2025-11-01 10:39:36] INFO: INI ALAMAT TABLENYA :  D:\Work\Mii\TEMPLATES\ssrtemplates\dist\ssrtemplates\server\data\admdb.sqlite
[2025-11-01 10:39:36] INFO: login limiter max set to 3
[2025-11-01 10:40:51] INFO: INI ALAMAT TABLENYA :  D:\Work\Mii\TEMPLATES\ssrtemplates\.angular\prerender-root\4209c264-936b-4a01-a966-db35647be258\data\admdb.sqlite
[2025-11-01 10:40:51] WARN: Could not read param for rate limit, using default. Error: {}
[2025-11-01 10:40:52] INFO: INI ALAMAT TABLENYA :  D:\Work\Mii\TEMPLATES\ssrtemplates\.angular\prerender-root\a4b0a077-c593-4858-9d98-a7351ddda39d\data\admdb.sqlite
[2025-11-01 10:40:52] WARN: Could not read param for rate limit, using default. Error: {}
[2025-11-01 10:40:52] INFO: INI ALAMAT TABLENYA :  D:\Work\Mii\TEMPLATES\ssrtemplates\.angular\prerender-root\3c17122a-dc10-473c-907f-386b590523d9\data\admdb.sqlite
[2025-11-01 10:40:52] WARN: Could not read param for rate limit, using default. Error: {}
[2025-11-01 10:40:52] INFO: INI ALAMAT TABLENYA :  D:\Work\Mii\TEMPLATES\ssrtemplates\.angular\prerender-root\a69f8db6-6183-4439-bc9f-4ba20898e15c\data\admdb.sqlite
[2025-11-01 10:40:52] WARN: Could not read param for rate limit, using default. Error: {}
[2025-11-01 10:40:52] INFO: INI ALAMAT TABLENYA :  D:\Work\Mii\TEMPLATES\ssrtemplates\.angular\prerender-root\79fabcc6-b87f-439e-bc98-8a7ee5099554\data\admdb.sqlite
[2025-11-01 10:40:52] WARN: Could not read param for rate limit, using default. Error: {}
[2025-11-01 10:41:18] INFO: INI ALAMAT TABLENYA :  D:\Work\Mii\TEMPLATES\ssrtemplates\.angular\prerender-root\1f32c071-0cc0-49c8-a949-49a5f628906a\data\admdb.sqlite
[2025-11-01 10:41:18] WARN: Could not read param for rate limit, using default. Error: {}
[2025-11-01 10:41:20] INFO: INI ALAMAT TABLENYA :  D:\Work\Mii\TEMPLATES\ssrtemplates\.angular\prerender-root\ecaa262f-b0ba-49d1-9748-0b6aa19ba2bf\data\admdb.sqlite
[2025-11-01 10:41:20] WARN: Could not read param for rate limit, using default. Error: {}
[2025-11-01 10:41:20] INFO: INI ALAMAT TABLENYA :  D:\Work\Mii\TEMPLATES\ssrtemplates\.angular\prerender-root\8920bc5f-880c-4584-a479-5a5e658733c5\data\admdb.sqlite
[2025-11-01 10:41:20] WARN: Could not read param for rate limit, using default. Error: {}
[2025-11-01 10:41:20] INFO: INI ALAMAT TABLENYA :  D:\Work\Mii\TEMPLATES\ssrtemplates\.angular\prerender-root\068b0a7c-3510-4caf-b76a-5b5611e36a12\data\admdb.sqlite
[2025-11-01 10:41:20] WARN: Could not read param for rate limit, using default. Error: {}
[2025-11-01 10:41:20] INFO: INI ALAMAT TABLENYA :  D:\Work\Mii\TEMPLATES\ssrtemplates\.angular\prerender-root\b3c49c48-6bd1-47ac-9403-fbd41f3e8cd3\data\admdb.sqlite
[2025-11-01 10:41:20] WARN: Could not read param for rate limit, using default. Error: {}
[2025-11-01 10:41:28] INFO: INI ALAMAT TABLENYA :  D:\Work\Mii\TEMPLATES\ssrtemplates\dist\ssrtemplates\server\data\admdb.sqlite
[2025-11-01 10:41:28] INFO: login limiter max set to 3
[2025-11-01 10:44:09] INFO: INI ALAMAT TABLENYA :  D:\Work\Mii\TEMPLATES\ssrtemplates\.angular\prerender-root\dc4323ba-27ff-4649-81cf-bf07ca9754ee\data\admdb.sqlite
[2025-11-01 10:44:09] WARN: Could not read param for rate limit, using default. Error: {}
[2025-11-01 10:44:11] INFO: INI ALAMAT TABLENYA :  D:\Work\Mii\TEMPLATES\ssrtemplates\.angular\prerender-root\491ed4a7-c6a4-40ac-bcac-2e493439cfc2\data\admdb.sqlite
[2025-11-01 10:44:11] WARN: Could not read param for rate limit, using default. Error: {}
[2025-11-01 10:44:11] INFO: INI ALAMAT TABLENYA :  D:\Work\Mii\TEMPLATES\ssrtemplates\.angular\prerender-root\35b600b8-6a05-4ad9-afc1-8b25c34b42a1\data\admdb.sqlite
[2025-11-01 10:44:11] WARN: Could not read param for rate limit, using default. Error: {}
[2025-11-01 10:44:11] INFO: INI ALAMAT TABLENYA :  D:\Work\Mii\TEMPLATES\ssrtemplates\.angular\prerender-root\7a6b9765-d281-4e93-b90c-c7a0a04d95de\data\admdb.sqlite
[2025-11-01 10:44:11] WARN: Could not read param for rate limit, using default. Error: {}
[2025-11-01 10:44:11] INFO: INI ALAMAT TABLENYA :  D:\Work\Mii\TEMPLATES\ssrtemplates\.angular\prerender-root\0829204b-7d51-4aa2-8164-e1647af9d806\data\admdb.sqlite
[2025-11-01 10:44:11] WARN: Could not read param for rate limit, using default. Error: {}
[2025-11-01 10:44:18] INFO: INI ALAMAT TABLENYA :  D:\Work\Mii\TEMPLATES\ssrtemplates\dist\ssrtemplates\server\data\admdb.sqlite
[2025-11-01 10:44:18] INFO: login limiter max set to 3
[2025-11-01 10:51:45] INFO: INI ALAMAT TABLENYA :  D:\Work\Mii\TEMPLATES\ssrtemplates\.angular\prerender-root\47038163-ab57-427e-8c40-85f8c5f27ce4\data\admdb.sqlite
[2025-11-01 10:51:45] WARN: Could not read param for rate limit, using default. Error: {}
[2025-11-01 10:51:46] INFO: INI ALAMAT TABLENYA :  D:\Work\Mii\TEMPLATES\ssrtemplates\.angular\prerender-root\0704af93-7a05-4e0b-85bd-5485eaf23ca2\data\admdb.sqlite
[2025-11-01 10:51:46] WARN: Could not read param for rate limit, using default. Error: {}
[2025-11-01 10:51:46] INFO: INI ALAMAT TABLENYA :  D:\Work\Mii\TEMPLATES\ssrtemplates\.angular\prerender-root\5b132b14-3644-42ef-9e5b-83c63941f909\data\admdb.sqlite
[2025-11-01 10:51:46] WARN: Could not read param for rate limit, using default. Error: {}
[2025-11-01 10:51:46] INFO: INI ALAMAT TABLENYA :  D:\Work\Mii\TEMPLATES\ssrtemplates\.angular\prerender-root\597d3637-9d7c-4533-995c-4cd258614ad6\data\admdb.sqlite
[2025-11-01 10:51:46] WARN: Could not read param for rate limit, using default. Error: {}
[2025-11-01 10:51:46] INFO: INI ALAMAT TABLENYA :  D:\Work\Mii\TEMPLATES\ssrtemplates\.angular\prerender-root\4a6a0af8-1d2b-4c03-ab55-0a4f7670bfe4\data\admdb.sqlite
[2025-11-01 10:51:46] WARN: Could not read param for rate limit, using default. Error: {}
[2025-11-01 10:51:59] INFO: INI ALAMAT TABLENYA :  D:\Work\Mii\TEMPLATES\ssrtemplates\dist\ssrtemplates\server\data\admdb.sqlite
[2025-11-01 10:51:59] INFO: login limiter max set to 3
[2025-11-01 10:53:29] INFO: INI ALAMAT TABLENYA :  D:\Work\Mii\TEMPLATES\ssrtemplates\.angular\prerender-root\4961039f-f188-4110-9b3d-18507659a5e0\data\admdb.sqlite
[2025-11-01 10:53:29] WARN: Could not read param for rate limit, using default. Error: {}
[2025-11-01 10:53:30] INFO: INI ALAMAT TABLENYA :  D:\Work\Mii\TEMPLATES\ssrtemplates\.angular\prerender-root\06d2dc22-5425-44ec-ab56-2fc7f7d261ec\data\admdb.sqlite
[2025-11-01 10:53:30] WARN: Could not read param for rate limit, using default. Error: {}
[2025-11-01 10:53:30] INFO: INI ALAMAT TABLENYA :  D:\Work\Mii\TEMPLATES\ssrtemplates\.angular\prerender-root\1cc949e1-0e34-4f61-934a-930a918b0414\data\admdb.sqlite
[2025-11-01 10:53:30] WARN: Could not read param for rate limit, using default. Error: {}
[2025-11-01 10:53:30] INFO: INI ALAMAT TABLENYA :  D:\Work\Mii\TEMPLATES\ssrtemplates\.angular\prerender-root\1eefcf20-3f61-484b-9c28-95ffceec4fe9\data\admdb.sqlite
[2025-11-01 10:53:30] WARN: Could not read param for rate limit, using default. Error: {}
[2025-11-01 10:53:30] INFO: INI ALAMAT TABLENYA :  D:\Work\Mii\TEMPLATES\ssrtemplates\.angular\prerender-root\da257e8c-fa0c-4ee9-9839-9daa0674825f\data\admdb.sqlite
[2025-11-01 10:53:30] WARN: Could not read param for rate limit, using default. Error: {}
[2025-11-01 10:53:51] INFO: INI ALAMAT TABLENYA :  D:\Work\Mii\TEMPLATES\ssrtemplates\dist\ssrtemplates\server\data\admdb.sqlite
[2025-11-01 10:53:51] INFO: login limiter max set to 3
[2025-11-01 10:56:22] INFO: INI ALAMAT TABLENYA :  D:\Work\Mii\TEMPLATES\ssrtemplates\.angular\prerender-root\7d59d2ba-2f62-47d5-a728-5d87b97e0a59\data\admdb.sqlite
[2025-11-01 10:56:22] WARN: Could not read param for rate limit, using default. Error: {}
[2025-11-01 10:56:24] INFO: INI ALAMAT TABLENYA :  D:\Work\Mii\TEMPLATES\ssrtemplates\.angular\prerender-root\350eeee9-baf2-47e9-8106-5b8a0be913e1\data\admdb.sqlite
[2025-11-01 10:56:24] WARN: Could not read param for rate limit, using default. Error: {}
[2025-11-01 10:56:24] INFO: INI ALAMAT TABLENYA :  D:\Work\Mii\TEMPLATES\ssrtemplates\.angular\prerender-root\07b17ae2-8287-4af7-9477-a0bfdac88610\data\admdb.sqlite
[2025-11-01 10:56:24] WARN: Could not read param for rate limit, using default. Error: {}
[2025-11-01 10:56:24] INFO: INI ALAMAT TABLENYA :  D:\Work\Mii\TEMPLATES\ssrtemplates\.angular\prerender-root\46de010f-bfda-40b3-a4d8-0a6266a6f5a5\data\admdb.sqlite
[2025-11-01 10:56:24] WARN: Could not read param for rate limit, using default. Error: {}
[2025-11-01 10:56:24] INFO: INI ALAMAT TABLENYA :  D:\Work\Mii\TEMPLATES\ssrtemplates\.angular\prerender-root\a40684f0-cbbd-4fb2-9c66-28cc05684cec\data\admdb.sqlite
[2025-11-01 10:56:24] WARN: Could not read param for rate limit, using default. Error: {}
[2025-11-01 10:56:31] INFO: INI ALAMAT TABLENYA :  D:\Work\Mii\TEMPLATES\ssrtemplates\dist\ssrtemplates\server\data\admdb.sqlite
[2025-11-01 10:56:31] INFO: login limiter max set to 3
[2025-11-01 10:56:41] INFO: **** PAYLOAD DELETE  {"companyCode":"0110000009","partnerReferenceNo":"34343243"}
[2025-11-01 11:17:12] INFO: INI ALAMAT TABLENYA :  D:\Work\Mii\TEMPLATES\ssrtemplates\.angular\prerender-root\81582e57-8ca2-488b-ae81-5a1bc0f88f22\data\admdb.sqlite
[2025-11-01 11:17:12] WARN: Could not read param for rate limit, using default. Error: {}
[2025-11-01 11:17:13] INFO: INI ALAMAT TABLENYA :  D:\Work\Mii\TEMPLATES\ssrtemplates\.angular\prerender-root\69629fc1-916e-46e6-a5f3-cb2e979bc7e4\data\admdb.sqlite
[2025-11-01 11:17:13] WARN: Could not read param for rate limit, using default. Error: {}
[2025-11-01 11:17:13] INFO: INI ALAMAT TABLENYA :  D:\Work\Mii\TEMPLATES\ssrtemplates\.angular\prerender-root\6727061f-95e0-4ab9-b0e9-2e3e041c0ea0\data\admdb.sqlite
[2025-11-01 11:17:13] WARN: Could not read param for rate limit, using default. Error: {}
[2025-11-01 11:17:13] INFO: INI ALAMAT TABLENYA :  D:\Work\Mii\TEMPLATES\ssrtemplates\.angular\prerender-root\f0886d4f-8eeb-496d-a7fc-e06d6f08b6ae\data\admdb.sqlite
[2025-11-01 11:17:13] WARN: Could not read param for rate limit, using default. Error: {}
[2025-11-01 11:17:13] INFO: INI ALAMAT TABLENYA :  D:\Work\Mii\TEMPLATES\ssrtemplates\.angular\prerender-root\1ef39f6e-4334-41a5-bd7c-ef7dd2d552ae\data\admdb.sqlite
[2025-11-01 11:17:13] WARN: Could not read param for rate limit, using default. Error: {}
[2025-11-01 11:18:02] INFO: INI ALAMAT TABLENYA :  D:\Work\Mii\TEMPLATES\ssrtemplates\dist\ssrtemplates\server\data\admdb.sqlite
[2025-11-01 11:18:02] INFO: login limiter max set to 3
[2025-11-01 11:21:26] INFO: INI ALAMAT TABLENYA :  D:\Work\Mii\TEMPLATES\ssrtemplates\.angular\prerender-root\d0eaba75-2ba4-45e7-b7c3-6819e8044297\data\admdb.sqlite
[2025-11-01 11:21:26] WARN: Could not read param for rate limit, using default. Error: {}
[2025-11-01 11:21:28] INFO: INI ALAMAT TABLENYA :  D:\Work\Mii\TEMPLATES\ssrtemplates\.angular\prerender-root\35505cfe-4c61-438d-85a0-d1538f3f5b47\data\admdb.sqlite
[2025-11-01 11:21:28] WARN: Could not read param for rate limit, using default. Error: {}
[2025-11-01 11:21:28] INFO: INI ALAMAT TABLENYA :  D:\Work\Mii\TEMPLATES\ssrtemplates\.angular\prerender-root\f27c6f1f-4606-47ee-9607-2267ba8958c6\data\admdb.sqlite
[2025-11-01 11:21:28] WARN: Could not read param for rate limit, using default. Error: {}
[2025-11-01 11:21:28] INFO: INI ALAMAT TABLENYA :  D:\Work\Mii\TEMPLATES\ssrtemplates\.angular\prerender-root\637de0f9-8774-44d1-b88d-063822da0365\data\admdb.sqlite
[2025-11-01 11:21:28] WARN: Could not read param for rate limit, using default. Error: {}
[2025-11-01 11:21:28] INFO: INI ALAMAT TABLENYA :  D:\Work\Mii\TEMPLATES\ssrtemplates\.angular\prerender-root\9e5e7fb5-22fb-49be-a02f-eba149a53d15\data\admdb.sqlite
[2025-11-01 11:21:28] WARN: Could not read param for rate limit, using default. Error: {}
[2025-11-01 11:21:36] INFO: INI ALAMAT TABLENYA :  D:\Work\Mii\TEMPLATES\ssrtemplates\dist\ssrtemplates\server\data\admdb.sqlite
[2025-11-01 11:21:36] INFO: login limiter max set to 3
[2025-11-01 11:22:52] INFO: INI ALAMAT TABLENYA :  D:\Work\Mii\TEMPLATES\ssrtemplates\.angular\prerender-root\05e6447f-e50d-40da-ae64-ab3d7491be99\data\admdb.sqlite
[2025-11-01 11:22:52] WARN: Could not read param for rate limit, using default. Error: {}
[2025-11-01 11:22:54] INFO: INI ALAMAT TABLENYA :  D:\Work\Mii\TEMPLATES\ssrtemplates\.angular\prerender-root\1da042fe-f585-44c2-a56a-d1f0cbf40d78\data\admdb.sqlite
[2025-11-01 11:22:54] WARN: Could not read param for rate limit, using default. Error: {}
[2025-11-01 11:22:54] INFO: INI ALAMAT TABLENYA :  D:\Work\Mii\TEMPLATES\ssrtemplates\.angular\prerender-root\3726236d-6d4c-42c9-9cb5-d5c5add41559\data\admdb.sqlite
[2025-11-01 11:22:54] WARN: Could not read param for rate limit, using default. Error: {}
[2025-11-01 11:22:54] INFO: INI ALAMAT TABLENYA :  D:\Work\Mii\TEMPLATES\ssrtemplates\.angular\prerender-root\ca3daa4c-f1fa-47c0-8862-7ec151bb732e\data\admdb.sqlite
[2025-11-01 11:22:54] WARN: Could not read param for rate limit, using default. Error: {}
[2025-11-01 11:22:54] INFO: INI ALAMAT TABLENYA :  D:\Work\Mii\TEMPLATES\ssrtemplates\.angular\prerender-root\4fc2ba75-ed31-4f25-bf62-10f4ff94a1ba\data\admdb.sqlite
[2025-11-01 11:22:54] WARN: Could not read param for rate limit, using default. Error: {}
[2025-11-01 11:38:11] INFO: INI ALAMAT TABLENYA :  D:\Work\Mii\TEMPLATES\ssrtemplates\dist\ssrtemplates\server\data\admdb.sqlite
[2025-11-01 11:38:11] INFO: login limiter max set to 3
[2025-11-01 11:38:30] INFO: INI ALAMAT TABLENYA :  D:\Work\Mii\TEMPLATES\ssrtemplates\.angular\prerender-root\3c49af70-c5f3-4a8d-944d-04c964f73381\data\admdb.sqlite
[2025-11-01 11:38:30] WARN: Could not read param for rate limit, using default. Error: {}
[2025-11-01 11:38:32] INFO: INI ALAMAT TABLENYA :  D:\Work\Mii\TEMPLATES\ssrtemplates\.angular\prerender-root\7148fd5a-6ffe-45c0-a766-c584d6544414\data\admdb.sqlite
[2025-11-01 11:38:32] WARN: Could not read param for rate limit, using default. Error: {}
[2025-11-01 11:38:32] INFO: INI ALAMAT TABLENYA :  D:\Work\Mii\TEMPLATES\ssrtemplates\.angular\prerender-root\3d5ccd4d-169f-43e3-9178-96510bdc3b21\data\admdb.sqlite
[2025-11-01 11:38:32] WARN: Could not read param for rate limit, using default. Error: {}
[2025-11-01 11:38:32] INFO: INI ALAMAT TABLENYA :  D:\Work\Mii\TEMPLATES\ssrtemplates\.angular\prerender-root\fe8e08dc-bfeb-4ef7-9e49-096e31d75fa8\data\admdb.sqlite
[2025-11-01 11:38:32] WARN: Could not read param for rate limit, using default. Error: {}
[2025-11-01 11:38:32] INFO: INI ALAMAT TABLENYA :  D:\Work\Mii\TEMPLATES\ssrtemplates\.angular\prerender-root\bc29ef01-0633-4958-8b47-de2f884dfd43\data\admdb.sqlite
[2025-11-01 11:38:32] WARN: Could not read param for rate limit, using default. Error: {}
[2025-11-01 11:38:41] INFO: INI ALAMAT TABLENYA :  D:\Work\Mii\TEMPLATES\ssrtemplates\dist\ssrtemplates\server\data\admdb.sqlite
[2025-11-01 11:38:41] INFO: login limiter max set to 3
[2025-11-01 11:49:59] INFO: INI ALAMAT TABLENYA :  D:\Work\Mii\TEMPLATES\ssrtemplates\.angular\prerender-root\4eed8294-fde9-461f-8906-3eb3fbb87f45\data\admdb.sqlite
[2025-11-01 11:49:59] WARN: Could not read param for rate limit, using default. Error: {}
[2025-11-01 11:50:01] INFO: INI ALAMAT TABLENYA :  D:\Work\Mii\TEMPLATES\ssrtemplates\.angular\prerender-root\d305a33d-a63d-42c4-89fb-79cf98115a70\data\admdb.sqlite
[2025-11-01 11:50:01] WARN: Could not read param for rate limit, using default. Error: {}
[2025-11-01 11:50:01] INFO: INI ALAMAT TABLENYA :  D:\Work\Mii\TEMPLATES\ssrtemplates\.angular\prerender-root\502aedb1-2ba2-45ae-ad35-26f445a7dee4\data\admdb.sqlite
[2025-11-01 11:50:01] WARN: Could not read param for rate limit, using default. Error: {}
[2025-11-01 11:50:01] INFO: INI ALAMAT TABLENYA :  D:\Work\Mii\TEMPLATES\ssrtemplates\.angular\prerender-root\f7cf0850-6086-47a7-b450-2fcb6b98d8c1\data\admdb.sqlite
[2025-11-01 11:50:01] WARN: Could not read param for rate limit, using default. Error: {}
[2025-11-01 11:50:01] INFO: INI ALAMAT TABLENYA :  D:\Work\Mii\TEMPLATES\ssrtemplates\.angular\prerender-root\1c1934f5-6a0f-41d7-8cc2-ecba6af010d6\data\admdb.sqlite
[2025-11-01 11:50:01] WARN: Could not read param for rate limit, using default. Error: {}
[2025-11-01 11:50:20] INFO: INI ALAMAT TABLENYA :  D:\Work\Mii\TEMPLATES\ssrtemplates\dist\ssrtemplates\server\data\admdb.sqlite
[2025-11-01 11:50:20] INFO: login limiter max set to 3
[2025-11-01 11:59:25] INFO: INI ALAMAT TABLENYA :  D:\Work\Mii\TEMPLATES\ssrtemplates\.angular\prerender-root\9201bb29-bf30-4aab-8904-ba86b660adc7\data\admdb.sqlite
[2025-11-01 11:59:25] WARN: Could not read param for rate limit, using default. Error: {}
[2025-11-01 11:59:27] INFO: INI ALAMAT TABLENYA :  D:\Work\Mii\TEMPLATES\ssrtemplates\.angular\prerender-root\c8737cc6-88e3-4780-9b30-210afc93771b\data\admdb.sqlite
[2025-11-01 11:59:27] WARN: Could not read param for rate limit, using default. Error: {}
[2025-11-01 11:59:27] INFO: INI ALAMAT TABLENYA :  D:\Work\Mii\TEMPLATES\ssrtemplates\.angular\prerender-root\cf75b584-d920-4033-92a0-bcc2defb7cc4\data\admdb.sqlite
[2025-11-01 11:59:27] WARN: Could not read param for rate limit, using default. Error: {}
[2025-11-01 11:59:27] INFO: INI ALAMAT TABLENYA :  D:\Work\Mii\TEMPLATES\ssrtemplates\.angular\prerender-root\a5697f5d-4451-48cd-9e9a-dc0eef8aa471\data\admdb.sqlite
[2025-11-01 11:59:27] WARN: Could not read param for rate limit, using default. Error: {}
[2025-11-01 11:59:27] INFO: INI ALAMAT TABLENYA :  D:\Work\Mii\TEMPLATES\ssrtemplates\.angular\prerender-root\a94fe0d8-47bc-4767-b643-9991d2dd0150\data\admdb.sqlite
[2025-11-01 11:59:27] WARN: Could not read param for rate limit, using default. Error: {}
[2025-11-01 11:59:38] INFO: INI ALAMAT TABLENYA :  D:\Work\Mii\TEMPLATES\ssrtemplates\dist\ssrtemplates\server\data\admdb.sqlite
[2025-11-01 11:59:38] INFO: login limiter max set to 3
