[2025-12-04 20:09:55] INFO: INI ALAMAT TABLENYA :  D:\Work\Mii\TEMPLATES\ssrtemplates\.angular\prerender-root\d46980d5-236c-4245-99e0-54d80828d465\data\admdb.sqlite
[2025-12-04 20:09:56] WARN: Could not read param for rate limit, using default. Error: {}
[2025-12-04 20:09:56] INFO: Node Express server listening on http://localhost:4000
[2025-12-04 20:10:02] INFO: INI ALAMAT TABLENYA :  D:\Work\Mii\TEMPLATES\ssrtemplates\.angular\prerender-root\18631fde-bd00-4683-be74-9a1c2684a427\data\admdb.sqlite
[2025-12-04 20:10:02] WARN: Could not read param for rate limit, using default. Error: {}
[2025-12-04 20:10:02] INFO: Node Express server listening on http://localhost:4000
[2025-12-04 20:10:02] INFO: INI ALAMAT TABLENYA :  D:\Work\Mii\TEMPLATES\ssrtemplates\.angular\prerender-root\b112800f-6b07-4234-bba5-68611d6b2558\data\admdb.sqlite
[2025-12-04 20:10:02] WARN: Could not read param for rate limit, using default. Error: {}
[2025-12-04 20:10:02] INFO: INI ALAMAT TABLENYA :  D:\Work\Mii\TEMPLATES\ssrtemplates\.angular\prerender-root\99b00ca7-76ed-4452-833a-7b87ead0d5c1\data\admdb.sqlite
[2025-12-04 20:10:02] WARN: Could not read param for rate limit, using default. Error: {}
[2025-12-04 20:10:02] INFO: INI ALAMAT TABLENYA :  D:\Work\Mii\TEMPLATES\ssrtemplates\.angular\prerender-root\05f03a56-933a-4e54-92c0-9c12c0328ec1\data\admdb.sqlite
[2025-12-04 20:10:02] WARN: Could not read param for rate limit, using default. Error: {}
[2025-12-04 20:53:02] INFO: INI ALAMAT TABLENYA :  D:\Work\Mii\TEMPLATES\ssrtemplates\.angular\prerender-root\a70b7bd2-aa5b-433f-b595-505dd39213f8\data\admdb.sqlite
[2025-12-04 20:53:02] WARN: Could not read param for rate limit, using default. Error: {}
[2025-12-04 20:53:02] INFO: Node Express server listening on http://localhost:4000
[2025-12-04 20:53:03] INFO: INI ALAMAT TABLENYA :  D:\Work\Mii\TEMPLATES\ssrtemplates\.angular\prerender-root\8c60fa26-4a79-44c9-a3b1-08e110048814\data\admdb.sqlite
[2025-12-04 20:53:03] WARN: Could not read param for rate limit, using default. Error: {}
[2025-12-04 20:53:03] INFO: Node Express server listening on http://localhost:4000
[2025-12-04 20:53:03] INFO: INI ALAMAT TABLENYA :  D:\Work\Mii\TEMPLATES\ssrtemplates\.angular\prerender-root\1d3ded24-a58b-4b79-ad0d-3145594be87d\data\admdb.sqlite
[2025-12-04 20:53:03] WARN: Could not read param for rate limit, using default. Error: {}
[2025-12-04 20:53:03] INFO: INI ALAMAT TABLENYA :  D:\Work\Mii\TEMPLATES\ssrtemplates\.angular\prerender-root\0ccbdf44-294f-46b6-ae99-ebf57e59a64a\data\admdb.sqlite
[2025-12-04 20:53:03] WARN: Could not read param for rate limit, using default. Error: {}
[2025-12-04 20:53:03] INFO: INI ALAMAT TABLENYA :  D:\Work\Mii\TEMPLATES\ssrtemplates\.angular\prerender-root\af8376ac-f472-48fc-858e-8cf58a0d40b5\data\admdb.sqlite
[2025-12-04 20:53:03] WARN: Could not read param for rate limit, using default. Error: {}
[2025-12-04 20:53:29] INFO: INI ALAMAT TABLENYA :  D:\Work\Mii\TEMPLATES\ssrtemplates\dist\ssrtemplates\server\data\admdb.sqlite
[2025-12-04 20:53:29] INFO: login limiter max set to 3
[2025-12-04 20:53:29] INFO: Node Express server listening on http://localhost:4000
