[2025-09-12 10:15:55] INFO: INI ALAMAT TABLENYA :  D:\Work\Mii\TEMPLATES\ssrtemplates\.angular\prerender-root\0b2c4418-f8da-4071-91a6-05b3224ba68d\data\admdb.sqlite
[2025-09-12 10:16:06] INFO: INI ALAMAT TABLENYA :  D:\Work\Mii\TEMPLATES\ssrtemplates\.angular\prerender-root\862ac508-e090-48ff-a0aa-2c739e6bd2e7\data\admdb.sqlite
[2025-09-12 10:16:06] INFO: INI ALAMAT TABLENYA :  D:\Work\Mii\TEMPLATES\ssrtemplates\.angular\prerender-root\c445b3d5-e179-4fcf-bfa5-780c4875501f\data\admdb.sqlite
[2025-09-12 10:16:06] INFO: INI ALAMAT TABLENYA :  D:\Work\Mii\TEMPLATES\ssrtemplates\.angular\prerender-root\62a97d98-a875-40b1-8e24-683c9bbb1875\data\admdb.sqlite
[2025-09-12 10:16:06] INFO: INI ALAMAT TABLENYA :  D:\Work\Mii\TEMPLATES\ssrtemplates\.angular\prerender-root\83b5b717-8757-4914-938f-12c4cd24aa24\data\admdb.sqlite
[2025-09-12 10:17:48] INFO: INI ALAMAT TABLENYA :  D:\Work\Mii\TEMPLATES\ssrtemplates\dist\ssrtemplates\server\data\admdb.sqlite
[2025-09-12 12:51:09] INFO: INI ALAMAT TABLENYA :  D:\Work\Mii\TEMPLATES\ssrtemplates\.angular\prerender-root\9a18cc6b-b290-4659-92f5-0025bf66025e\data\admdb.sqlite
[2025-09-12 12:51:11] INFO: INI ALAMAT TABLENYA :  D:\Work\Mii\TEMPLATES\ssrtemplates\.angular\prerender-root\25411c37-f61e-47b7-bc64-c4097662e8cb\data\admdb.sqlite
[2025-09-12 12:51:11] INFO: INI ALAMAT TABLENYA :  D:\Work\Mii\TEMPLATES\ssrtemplates\.angular\prerender-root\03304637-c1a4-43a8-9c68-2fe065ea9213\data\admdb.sqlite
[2025-09-12 12:51:11] INFO: INI ALAMAT TABLENYA :  D:\Work\Mii\TEMPLATES\ssrtemplates\.angular\prerender-root\ab33476a-6cf9-4dc6-83a4-f0e5dcb24a76\data\admdb.sqlite
[2025-09-12 12:51:11] INFO: INI ALAMAT TABLENYA :  D:\Work\Mii\TEMPLATES\ssrtemplates\.angular\prerender-root\265df10b-1cc9-4d24-991e-d6949da7214c\data\admdb.sqlite
[2025-09-12 12:56:34] INFO: INI ALAMAT TABLENYA :  D:\Work\Mii\TEMPLATES\ssrtemplates\.angular\prerender-root\271a883b-d954-45a3-a664-a47bd2560605\data\admdb.sqlite
[2025-09-12 12:56:36] INFO: INI ALAMAT TABLENYA :  D:\Work\Mii\TEMPLATES\ssrtemplates\.angular\prerender-root\208305db-0421-4cc9-aeaf-6e5792547de8\data\admdb.sqlite
[2025-09-12 12:56:36] INFO: INI ALAMAT TABLENYA :  D:\Work\Mii\TEMPLATES\ssrtemplates\.angular\prerender-root\48ea80da-5458-40e9-85e9-7570089ca18a\data\admdb.sqlite
[2025-09-12 12:56:36] INFO: INI ALAMAT TABLENYA :  D:\Work\Mii\TEMPLATES\ssrtemplates\.angular\prerender-root\58993de9-46e8-4440-83ef-4545922b4846\data\admdb.sqlite
[2025-09-12 12:56:36] INFO: INI ALAMAT TABLENYA :  D:\Work\Mii\TEMPLATES\ssrtemplates\.angular\prerender-root\d2c62293-3ab1-4a42-80b2-5b3d4bd77cb2\data\admdb.sqlite
[2025-09-12 12:56:50] INFO: INI ALAMAT TABLENYA :  D:\Work\Mii\TEMPLATES\ssrtemplates\dist\ssrtemplates\server\data\admdb.sqlite
[2025-09-12 13:09:22] INFO: INI ALAMAT TABLENYA :  D:\Work\Mii\TEMPLATES\ssrtemplates\.angular\prerender-root\dbdd22a9-c1bb-4f4e-8e6e-44ad3dc111b2\data\admdb.sqlite
[2025-09-12 13:09:24] INFO: INI ALAMAT TABLENYA :  D:\Work\Mii\TEMPLATES\ssrtemplates\.angular\prerender-root\58733f7e-4c39-448b-a3fd-ac832c9bfd17\data\admdb.sqlite
[2025-09-12 13:09:24] INFO: INI ALAMAT TABLENYA :  D:\Work\Mii\TEMPLATES\ssrtemplates\.angular\prerender-root\b4439faa-7465-40a6-b0aa-ce17c91af228\data\admdb.sqlite
[2025-09-12 13:09:24] INFO: INI ALAMAT TABLENYA :  D:\Work\Mii\TEMPLATES\ssrtemplates\.angular\prerender-root\53a703fd-245e-43db-a123-53a881c59d10\data\admdb.sqlite
[2025-09-12 13:09:24] INFO: INI ALAMAT TABLENYA :  D:\Work\Mii\TEMPLATES\ssrtemplates\.angular\prerender-root\b400c1cf-f7db-4ad6-a0bf-55196742fb43\data\admdb.sqlite
[2025-09-12 13:09:57] INFO: INI ALAMAT TABLENYA :  D:\Work\Mii\TEMPLATES\ssrtemplates\dist\ssrtemplates\server\data\admdb.sqlite
[2025-09-12 13:47:55] INFO: INI ALAMAT TABLENYA :  D:\Work\Mii\TEMPLATES\ssrtemplates\.angular\prerender-root\5116b1e8-d85e-4922-b2fc-2bcc4aaa0aa2\data\admdb.sqlite
[2025-09-12 13:47:56] INFO: INI ALAMAT TABLENYA :  D:\Work\Mii\TEMPLATES\ssrtemplates\.angular\prerender-root\b2bd4533-c193-4379-acf8-1f0d7cf90e9d\data\admdb.sqlite
[2025-09-12 13:47:56] INFO: INI ALAMAT TABLENYA :  D:\Work\Mii\TEMPLATES\ssrtemplates\.angular\prerender-root\dba0c447-5bb5-4df2-ab01-16d68b03aae6\data\admdb.sqlite
[2025-09-12 13:47:56] INFO: INI ALAMAT TABLENYA :  D:\Work\Mii\TEMPLATES\ssrtemplates\.angular\prerender-root\45d53ea6-bc43-43b6-b159-f90f370696d6\data\admdb.sqlite
[2025-09-12 13:47:56] INFO: INI ALAMAT TABLENYA :  D:\Work\Mii\TEMPLATES\ssrtemplates\.angular\prerender-root\c0880bbf-93df-4e79-98dd-6f9cda5df9f6\data\admdb.sqlite
[2025-09-12 13:48:21] INFO: INI ALAMAT TABLENYA :  D:\Work\Mii\TEMPLATES\ssrtemplates\dist\ssrtemplates\server\data\admdb.sqlite
[2025-09-12 13:49:25] INFO: INI ALAMAT TABLENYA :  D:\Work\Mii\TEMPLATES\ssrtemplates\.angular\prerender-root\8c5bb127-ab19-4831-a10c-ac8b48f2f2bf\data\admdb.sqlite
[2025-09-12 13:49:27] INFO: INI ALAMAT TABLENYA :  D:\Work\Mii\TEMPLATES\ssrtemplates\.angular\prerender-root\0a610d7b-6137-4a2a-874a-3e9fd63cdc19\data\admdb.sqlite
[2025-09-12 13:49:27] INFO: INI ALAMAT TABLENYA :  D:\Work\Mii\TEMPLATES\ssrtemplates\.angular\prerender-root\8803aff0-d7c0-4cf4-8bdf-cd455e3627ff\data\admdb.sqlite
[2025-09-12 13:49:27] INFO: INI ALAMAT TABLENYA :  D:\Work\Mii\TEMPLATES\ssrtemplates\.angular\prerender-root\5d50bc41-d772-408d-897f-9e14f9d2a23b\data\admdb.sqlite
[2025-09-12 13:49:27] INFO: INI ALAMAT TABLENYA :  D:\Work\Mii\TEMPLATES\ssrtemplates\.angular\prerender-root\3b38e4fd-bae6-45f0-8927-5134d7f7f4a9\data\admdb.sqlite
[2025-09-12 13:49:53] INFO: INI ALAMAT TABLENYA :  D:\Work\Mii\TEMPLATES\ssrtemplates\dist\ssrtemplates\server\data\admdb.sqlite
[2025-09-12 13:52:23] INFO: INI ALAMAT TABLENYA :  D:\Work\Mii\TEMPLATES\ssrtemplates\.angular\prerender-root\28519f73-9dee-4ae9-81ea-e708a3630029\data\admdb.sqlite
[2025-09-12 13:52:24] INFO: INI ALAMAT TABLENYA :  D:\Work\Mii\TEMPLATES\ssrtemplates\.angular\prerender-root\9dd5acfa-bc70-4aad-9b15-70ea08e92424\data\admdb.sqlite
[2025-09-12 13:52:24] INFO: INI ALAMAT TABLENYA :  D:\Work\Mii\TEMPLATES\ssrtemplates\.angular\prerender-root\56eb0bf9-b0c4-4e4c-b1bd-c6320c2600e6\data\admdb.sqlite
[2025-09-12 13:52:24] INFO: INI ALAMAT TABLENYA :  D:\Work\Mii\TEMPLATES\ssrtemplates\.angular\prerender-root\2a871f1b-b7ae-4cd6-9c00-250ba07c2262\data\admdb.sqlite
[2025-09-12 13:52:24] INFO: INI ALAMAT TABLENYA :  D:\Work\Mii\TEMPLATES\ssrtemplates\.angular\prerender-root\13f2db13-a6b4-4546-949f-c98454ec6f70\data\admdb.sqlite
[2025-09-12 13:52:31] INFO: INI ALAMAT TABLENYA :  D:\Work\Mii\TEMPLATES\ssrtemplates\dist\ssrtemplates\server\data\admdb.sqlite
[2025-09-12 13:53:16] INFO: INI ALAMAT TABLENYA :  D:\Work\Mii\TEMPLATES\ssrtemplates\.angular\prerender-root\018ce31c-dce6-473c-ada0-0f8ee27a8519\data\admdb.sqlite
[2025-09-12 13:53:18] INFO: INI ALAMAT TABLENYA :  D:\Work\Mii\TEMPLATES\ssrtemplates\.angular\prerender-root\2756af81-41de-4414-bf8b-dd561d9d9870\data\admdb.sqlite
[2025-09-12 13:53:18] INFO: INI ALAMAT TABLENYA :  D:\Work\Mii\TEMPLATES\ssrtemplates\.angular\prerender-root\af7c14a8-b1dd-4d1b-8d7c-8927df7d5582\data\admdb.sqlite
[2025-09-12 13:53:18] INFO: INI ALAMAT TABLENYA :  D:\Work\Mii\TEMPLATES\ssrtemplates\.angular\prerender-root\3d06d5af-116e-4180-9b82-910145ad813e\data\admdb.sqlite
[2025-09-12 13:53:18] INFO: INI ALAMAT TABLENYA :  D:\Work\Mii\TEMPLATES\ssrtemplates\.angular\prerender-root\a190cd5f-92ca-4e7c-9a66-6739bbad6cad\data\admdb.sqlite
[2025-09-12 13:53:49] INFO: INI ALAMAT TABLENYA :  D:\Work\Mii\TEMPLATES\ssrtemplates\dist\ssrtemplates\server\data\admdb.sqlite
[2025-09-12 13:54:14] INFO: INI ALAMAT TABLENYA :  D:\Work\Mii\TEMPLATES\ssrtemplates\.angular\prerender-root\36223346-2d4a-4ff4-a3d8-de61c2580c70\data\admdb.sqlite
[2025-09-12 13:54:15] INFO: INI ALAMAT TABLENYA :  D:\Work\Mii\TEMPLATES\ssrtemplates\.angular\prerender-root\b0827ebb-9a77-45d9-be89-c77254f01939\data\admdb.sqlite
[2025-09-12 13:54:15] INFO: INI ALAMAT TABLENYA :  D:\Work\Mii\TEMPLATES\ssrtemplates\.angular\prerender-root\dd9f6449-18e7-432c-b425-dfbe2ba2fb1e\data\admdb.sqlite
[2025-09-12 13:54:15] INFO: INI ALAMAT TABLENYA :  D:\Work\Mii\TEMPLATES\ssrtemplates\.angular\prerender-root\4fa6dedf-5c4c-4630-899c-23c1c2c2797c\data\admdb.sqlite
[2025-09-12 13:54:15] INFO: INI ALAMAT TABLENYA :  D:\Work\Mii\TEMPLATES\ssrtemplates\.angular\prerender-root\688fb38c-b0df-456c-ac18-6dfdcbb74c6a\data\admdb.sqlite
[2025-09-12 13:54:22] INFO: INI ALAMAT TABLENYA :  D:\Work\Mii\TEMPLATES\ssrtemplates\dist\ssrtemplates\server\data\admdb.sqlite
[2025-09-12 13:55:29] INFO: INI ALAMAT TABLENYA :  D:\Work\Mii\TEMPLATES\ssrtemplates\.angular\prerender-root\81a2978a-a614-405b-8753-70b3e7cf14ac\data\admdb.sqlite
[2025-09-12 13:55:32] INFO: INI ALAMAT TABLENYA :  D:\Work\Mii\TEMPLATES\ssrtemplates\.angular\prerender-root\f1df6050-7ba8-40a2-8a1d-b4fd5696983d\data\admdb.sqlite
[2025-09-12 13:55:32] INFO: INI ALAMAT TABLENYA :  D:\Work\Mii\TEMPLATES\ssrtemplates\.angular\prerender-root\ab6afb4d-7fa5-4017-aa53-9647dd51b962\data\admdb.sqlite
[2025-09-12 13:55:32] INFO: INI ALAMAT TABLENYA :  D:\Work\Mii\TEMPLATES\ssrtemplates\.angular\prerender-root\0cfb0eef-ad45-4ecc-bf9c-3c8eeb04f30c\data\admdb.sqlite
[2025-09-12 13:55:32] INFO: INI ALAMAT TABLENYA :  D:\Work\Mii\TEMPLATES\ssrtemplates\.angular\prerender-root\e8853d3d-bd34-4088-84ae-806275e92cbf\data\admdb.sqlite
[2025-09-12 13:56:10] INFO: INI ALAMAT TABLENYA :  D:\Work\Mii\TEMPLATES\ssrtemplates\.angular\prerender-root\3d88809b-35bf-4f12-b41c-b5111407e58e\data\admdb.sqlite
[2025-09-12 13:56:11] INFO: INI ALAMAT TABLENYA :  D:\Work\Mii\TEMPLATES\ssrtemplates\.angular\prerender-root\440a9649-6e18-4aa6-abbe-c428d665ef4e\data\admdb.sqlite
[2025-09-12 13:56:11] INFO: INI ALAMAT TABLENYA :  D:\Work\Mii\TEMPLATES\ssrtemplates\.angular\prerender-root\8fdb4504-89ce-4426-9d1a-8be02ba0f1e0\data\admdb.sqlite
[2025-09-12 13:56:11] INFO: INI ALAMAT TABLENYA :  D:\Work\Mii\TEMPLATES\ssrtemplates\.angular\prerender-root\2e73b214-501b-440d-856f-592580f52418\data\admdb.sqlite
[2025-09-12 13:56:11] INFO: INI ALAMAT TABLENYA :  D:\Work\Mii\TEMPLATES\ssrtemplates\.angular\prerender-root\41085197-95c9-48d6-8a07-9b301f51414e\data\admdb.sqlite
[2025-09-12 13:56:18] INFO: INI ALAMAT TABLENYA :  D:\Work\Mii\TEMPLATES\ssrtemplates\dist\ssrtemplates\server\data\admdb.sqlite
[2025-09-12 13:58:20] INFO: INI ALAMAT TABLENYA :  D:\Work\Mii\TEMPLATES\ssrtemplates\.angular\prerender-root\53ae1f3c-fe55-4d92-9375-fef4f9f4cab3\data\admdb.sqlite
[2025-09-12 13:58:22] INFO: INI ALAMAT TABLENYA :  D:\Work\Mii\TEMPLATES\ssrtemplates\.angular\prerender-root\e08188a3-d03f-4bdb-a9a6-f02807887066\data\admdb.sqlite
[2025-09-12 13:58:22] INFO: INI ALAMAT TABLENYA :  D:\Work\Mii\TEMPLATES\ssrtemplates\.angular\prerender-root\fb474294-0a7c-49f7-9d7b-bbc3d6fcf04b\data\admdb.sqlite
[2025-09-12 13:58:22] INFO: INI ALAMAT TABLENYA :  D:\Work\Mii\TEMPLATES\ssrtemplates\.angular\prerender-root\4aa24f32-c52f-46d4-b796-54adc43215c0\data\admdb.sqlite
[2025-09-12 13:58:22] INFO: INI ALAMAT TABLENYA :  D:\Work\Mii\TEMPLATES\ssrtemplates\.angular\prerender-root\893b732c-1d60-401e-a25a-4a518b07f94a\data\admdb.sqlite
[2025-09-12 13:58:38] INFO: INI ALAMAT TABLENYA :  D:\Work\Mii\TEMPLATES\ssrtemplates\dist\ssrtemplates\server\data\admdb.sqlite
[2025-09-12 14:02:41] INFO: INI ALAMAT TABLENYA :  D:\Work\Mii\TEMPLATES\ssrtemplates\.angular\prerender-root\bfc5a634-657b-4e52-b828-761292432d4a\data\admdb.sqlite
[2025-09-12 14:02:43] INFO: INI ALAMAT TABLENYA :  D:\Work\Mii\TEMPLATES\ssrtemplates\.angular\prerender-root\afbb5a00-fc04-492e-8b1d-d05f1632b3ce\data\admdb.sqlite
[2025-09-12 14:02:43] INFO: INI ALAMAT TABLENYA :  D:\Work\Mii\TEMPLATES\ssrtemplates\.angular\prerender-root\24c836ae-6b74-48fb-9082-0e80d29d1a6d\data\admdb.sqlite
[2025-09-12 14:02:43] INFO: INI ALAMAT TABLENYA :  D:\Work\Mii\TEMPLATES\ssrtemplates\.angular\prerender-root\87bc54f7-6953-4d00-8693-7f8b4d2709be\data\admdb.sqlite
[2025-09-12 14:02:43] INFO: INI ALAMAT TABLENYA :  D:\Work\Mii\TEMPLATES\ssrtemplates\.angular\prerender-root\a7297129-1c8e-4179-b98d-b1dfe78c47ce\data\admdb.sqlite
[2025-09-12 14:03:14] INFO: INI ALAMAT TABLENYA :  D:\Work\Mii\TEMPLATES\ssrtemplates\dist\ssrtemplates\server\data\admdb.sqlite
[2025-09-12 14:04:46] INFO: INI ALAMAT TABLENYA :  D:\Work\Mii\TEMPLATES\ssrtemplates\.angular\prerender-root\398ffd87-6173-46ba-9cbb-2c8a9c8ca156\data\admdb.sqlite
[2025-09-12 14:04:49] INFO: INI ALAMAT TABLENYA :  D:\Work\Mii\TEMPLATES\ssrtemplates\.angular\prerender-root\2148717d-a6bb-474c-a20a-89854591aef2\data\admdb.sqlite
[2025-09-12 14:04:49] INFO: INI ALAMAT TABLENYA :  D:\Work\Mii\TEMPLATES\ssrtemplates\.angular\prerender-root\056c7975-e2d0-4562-9a9b-63603c8328fd\data\admdb.sqlite
[2025-09-12 14:04:49] INFO: INI ALAMAT TABLENYA :  D:\Work\Mii\TEMPLATES\ssrtemplates\.angular\prerender-root\81056a78-4828-4361-a129-22f500e6d0f9\data\admdb.sqlite
[2025-09-12 14:04:49] INFO: INI ALAMAT TABLENYA :  D:\Work\Mii\TEMPLATES\ssrtemplates\.angular\prerender-root\a12de713-f850-465a-a7b8-c2bdd17681a0\data\admdb.sqlite
[2025-09-12 14:08:05] INFO: INI ALAMAT TABLENYA :  D:\Work\Mii\TEMPLATES\ssrtemplates\.angular\prerender-root\f1f61872-9db8-463f-93a2-f2d5ace588e5\data\admdb.sqlite
[2025-09-12 14:08:06] INFO: INI ALAMAT TABLENYA :  D:\Work\Mii\TEMPLATES\ssrtemplates\.angular\prerender-root\ffc351aa-4068-4065-93a9-ba1f42692fea\data\admdb.sqlite
[2025-09-12 14:08:06] INFO: INI ALAMAT TABLENYA :  D:\Work\Mii\TEMPLATES\ssrtemplates\.angular\prerender-root\20c66af8-1278-4177-accd-72cf38a05bc7\data\admdb.sqlite
[2025-09-12 14:08:06] INFO: INI ALAMAT TABLENYA :  D:\Work\Mii\TEMPLATES\ssrtemplates\.angular\prerender-root\a686c160-3d2d-4ce7-ace3-da8fa58f2c88\data\admdb.sqlite
[2025-09-12 14:08:06] INFO: INI ALAMAT TABLENYA :  D:\Work\Mii\TEMPLATES\ssrtemplates\.angular\prerender-root\45d569c2-f56d-4f28-953d-9d51b27cd5c9\data\admdb.sqlite
[2025-09-12 14:08:57] INFO: INI ALAMAT TABLENYA :  D:\Work\Mii\TEMPLATES\ssrtemplates\dist\ssrtemplates\server\data\admdb.sqlite
[2025-09-12 14:33:25] INFO: INI ALAMAT TABLENYA :  D:\Work\Mii\TEMPLATES\ssrtemplates\.angular\prerender-root\142c847c-db23-4bab-a6ae-bb93f9859595\data\admdb.sqlite
[2025-09-12 14:33:27] INFO: INI ALAMAT TABLENYA :  D:\Work\Mii\TEMPLATES\ssrtemplates\.angular\prerender-root\bbfa1051-f38a-48c7-8f0e-b050dbdfb29f\data\admdb.sqlite
[2025-09-12 14:33:27] INFO: INI ALAMAT TABLENYA :  D:\Work\Mii\TEMPLATES\ssrtemplates\.angular\prerender-root\9381fa1d-644b-4471-8d6e-a0bed2190614\data\admdb.sqlite
[2025-09-12 14:33:27] INFO: INI ALAMAT TABLENYA :  D:\Work\Mii\TEMPLATES\ssrtemplates\.angular\prerender-root\a425d941-d09a-4ee1-aba8-93f8e90aacd4\data\admdb.sqlite
[2025-09-12 14:33:27] INFO: INI ALAMAT TABLENYA :  D:\Work\Mii\TEMPLATES\ssrtemplates\.angular\prerender-root\ada12b05-30e4-4136-af5c-7b36fb672def\data\admdb.sqlite
[2025-09-12 14:33:47] INFO: INI ALAMAT TABLENYA :  D:\Work\Mii\TEMPLATES\ssrtemplates\dist\ssrtemplates\server\data\admdb.sqlite
[2025-09-12 14:36:56] INFO: INI ALAMAT TABLENYA :  D:\Work\Mii\TEMPLATES\ssrtemplates\.angular\prerender-root\dfdf0fe7-1139-424c-8262-400844589d2f\data\admdb.sqlite
[2025-09-12 14:36:58] INFO: INI ALAMAT TABLENYA :  D:\Work\Mii\TEMPLATES\ssrtemplates\.angular\prerender-root\7b1ba7a3-1ea7-4d84-9932-34fd7dbdfe1f\data\admdb.sqlite
[2025-09-12 14:36:58] INFO: INI ALAMAT TABLENYA :  D:\Work\Mii\TEMPLATES\ssrtemplates\.angular\prerender-root\88243ae5-1d08-4ff9-96ab-2a7da008a516\data\admdb.sqlite
[2025-09-12 14:36:58] INFO: INI ALAMAT TABLENYA :  D:\Work\Mii\TEMPLATES\ssrtemplates\.angular\prerender-root\6c02b362-f296-423e-a397-2bb050ac0ad4\data\admdb.sqlite
[2025-09-12 14:36:58] INFO: INI ALAMAT TABLENYA :  D:\Work\Mii\TEMPLATES\ssrtemplates\.angular\prerender-root\da6c9ea6-a219-497b-bc7f-16d96dac8ef0\data\admdb.sqlite
[2025-09-12 14:37:07] INFO: INI ALAMAT TABLENYA :  D:\Work\Mii\TEMPLATES\ssrtemplates\dist\ssrtemplates\server\data\admdb.sqlite
