[2025-09-18 09:27:19] INFO: INI ALAMAT TABLENYA :  D:\Work\Mii\TEMPLATES\ssrtemplates\.angular\prerender-root\1fc5a163-aec8-45f8-9588-30726beba2bc\data\admdb.sqlite
[2025-09-18 09:27:34] INFO: INI ALAMAT TABLENYA :  D:\Work\Mii\TEMPLATES\ssrtemplates\.angular\prerender-root\b702e87e-bbb7-4bdb-8c76-7e5e6434ea20\data\admdb.sqlite
[2025-09-18 09:27:34] INFO: INI ALAMAT TABLENYA :  D:\Work\Mii\TEMPLATES\ssrtemplates\.angular\prerender-root\2d1a6891-7c13-4644-81c0-cbdf2b357d4e\data\admdb.sqlite
[2025-09-18 09:27:34] INFO: INI ALAMAT TABLENYA :  D:\Work\Mii\TEMPLATES\ssrtemplates\.angular\prerender-root\cd884b16-baf2-448b-b862-b12d8acb5c08\data\admdb.sqlite
[2025-09-18 09:27:34] INFO: INI ALAMAT TABLENYA :  D:\Work\Mii\TEMPLATES\ssrtemplates\.angular\prerender-root\a084692e-d536-497e-81ab-cd7a60a1333b\data\admdb.sqlite
[2025-09-18 09:28:15] INFO: INI ALAMAT TABLENYA :  D:\Work\Mii\TEMPLATES\ssrtemplates\dist\ssrtemplates\server\data\admdb.sqlite
[2025-09-18 09:36:30] INFO: INI ALAMAT TABLENYA :  D:\Work\Mii\TEMPLATES\ssrtemplates\.angular\prerender-root\74ff8e46-33dc-48c0-bd11-d8f614db960d\data\admdb.sqlite
[2025-09-18 09:36:45] INFO: INI ALAMAT TABLENYA :  D:\Work\Mii\TEMPLATES\ssrtemplates\.angular\prerender-root\4ac058e1-520f-4f5a-91e8-07f50ba747eb\data\admdb.sqlite
[2025-09-18 09:36:45] INFO: INI ALAMAT TABLENYA :  D:\Work\Mii\TEMPLATES\ssrtemplates\.angular\prerender-root\a54e78b4-499a-4a63-be7e-9f77f9c46bf6\data\admdb.sqlite
[2025-09-18 09:36:45] INFO: INI ALAMAT TABLENYA :  D:\Work\Mii\TEMPLATES\ssrtemplates\.angular\prerender-root\c0e31ef8-2476-46ad-b4c9-8cf79bdb77a0\data\admdb.sqlite
[2025-09-18 09:36:45] INFO: INI ALAMAT TABLENYA :  D:\Work\Mii\TEMPLATES\ssrtemplates\.angular\prerender-root\4f9bb16e-ef07-4533-b63f-77c6ed6562a9\data\admdb.sqlite
[2025-09-18 09:39:11] INFO: INI ALAMAT TABLENYA :  D:\Work\Mii\TEMPLATES\ssrtemplates\.angular\prerender-root\ffad7583-a1b5-4f35-b2a7-7d1631ecda27\data\admdb.sqlite
[2025-09-18 09:39:18] INFO: INI ALAMAT TABLENYA :  D:\Work\Mii\TEMPLATES\ssrtemplates\.angular\prerender-root\0e6a00d8-4152-440d-a97d-2696372bdae0\data\admdb.sqlite
[2025-09-18 09:39:18] INFO: INI ALAMAT TABLENYA :  D:\Work\Mii\TEMPLATES\ssrtemplates\.angular\prerender-root\a5e52172-90a5-4c8a-88e9-21732dc5716e\data\admdb.sqlite
[2025-09-18 09:39:18] INFO: INI ALAMAT TABLENYA :  D:\Work\Mii\TEMPLATES\ssrtemplates\.angular\prerender-root\d3c33f27-7d8c-4ca0-bd11-d38638680e68\data\admdb.sqlite
[2025-09-18 09:39:18] INFO: INI ALAMAT TABLENYA :  D:\Work\Mii\TEMPLATES\ssrtemplates\.angular\prerender-root\d051800a-ff3e-485d-8b2e-7686c0218c01\data\admdb.sqlite
[2025-09-18 09:39:49] INFO: INI ALAMAT TABLENYA :  D:\Work\Mii\TEMPLATES\ssrtemplates\dist\ssrtemplates\server\data\admdb.sqlite
[2025-09-18 09:45:16] INFO: INI ALAMAT TABLENYA :  D:\Work\Mii\TEMPLATES\ssrtemplates\.angular\prerender-root\21e57743-00df-4348-9bf4-295f4631e20e\data\admdb.sqlite
[2025-09-18 09:45:27] INFO: INI ALAMAT TABLENYA :  D:\Work\Mii\TEMPLATES\ssrtemplates\.angular\prerender-root\06037206-1115-404f-b411-ca8458fa8fb9\data\admdb.sqlite
[2025-09-18 09:45:27] INFO: INI ALAMAT TABLENYA :  D:\Work\Mii\TEMPLATES\ssrtemplates\.angular\prerender-root\244d72f3-bab6-4ef1-82d6-514bf4e4318d\data\admdb.sqlite
[2025-09-18 09:45:27] INFO: INI ALAMAT TABLENYA :  D:\Work\Mii\TEMPLATES\ssrtemplates\.angular\prerender-root\2c29f52a-154e-4376-b2b4-c1e40db2458b\data\admdb.sqlite
[2025-09-18 09:45:27] INFO: INI ALAMAT TABLENYA :  D:\Work\Mii\TEMPLATES\ssrtemplates\.angular\prerender-root\9b3eff82-e5eb-4db6-84c0-2df71df416de\data\admdb.sqlite
[2025-09-18 09:45:48] INFO: INI ALAMAT TABLENYA :  D:\Work\Mii\TEMPLATES\ssrtemplates\dist\ssrtemplates\server\data\admdb.sqlite
[2025-09-18 09:49:42] INFO: INI ALAMAT TABLENYA :  D:\Work\Mii\TEMPLATES\ssrtemplates\.angular\prerender-root\881fed8d-c57d-4d8c-b226-16b4e748d4c0\data\admdb.sqlite
[2025-09-18 09:49:44] INFO: INI ALAMAT TABLENYA :  D:\Work\Mii\TEMPLATES\ssrtemplates\.angular\prerender-root\158001bb-e6b5-488d-a78f-1694e51c5b82\data\admdb.sqlite
[2025-09-18 09:49:44] INFO: INI ALAMAT TABLENYA :  D:\Work\Mii\TEMPLATES\ssrtemplates\.angular\prerender-root\d3841ba9-c89c-4030-9207-5703c93acd6f\data\admdb.sqlite
[2025-09-18 09:49:44] INFO: INI ALAMAT TABLENYA :  D:\Work\Mii\TEMPLATES\ssrtemplates\.angular\prerender-root\94494788-1cf0-4675-9f67-2b5f66388617\data\admdb.sqlite
[2025-09-18 09:49:44] INFO: INI ALAMAT TABLENYA :  D:\Work\Mii\TEMPLATES\ssrtemplates\.angular\prerender-root\c78b64be-f424-4f9a-9556-4f5337a716f5\data\admdb.sqlite
[2025-09-18 09:50:03] INFO: INI ALAMAT TABLENYA :  D:\Work\Mii\TEMPLATES\ssrtemplates\dist\ssrtemplates\server\data\admdb.sqlite
[2025-09-18 09:54:55] INFO: INI ALAMAT TABLENYA :  D:\Work\Mii\TEMPLATES\ssrtemplates\.angular\prerender-root\d30a1451-c197-4661-824c-60a3e5fcc821\data\admdb.sqlite
[2025-09-18 09:54:57] INFO: INI ALAMAT TABLENYA :  D:\Work\Mii\TEMPLATES\ssrtemplates\.angular\prerender-root\2056811e-35ee-42ef-aad7-536ae8097f18\data\admdb.sqlite
[2025-09-18 09:54:57] INFO: INI ALAMAT TABLENYA :  D:\Work\Mii\TEMPLATES\ssrtemplates\.angular\prerender-root\3d4a98d2-970b-45d6-b5e8-7b990c1d8982\data\admdb.sqlite
[2025-09-18 09:54:57] INFO: INI ALAMAT TABLENYA :  D:\Work\Mii\TEMPLATES\ssrtemplates\.angular\prerender-root\b7cc8e80-51fa-4ac5-b345-2d33524ff655\data\admdb.sqlite
[2025-09-18 09:54:57] INFO: INI ALAMAT TABLENYA :  D:\Work\Mii\TEMPLATES\ssrtemplates\.angular\prerender-root\8de596bc-f41b-44cb-a014-4740b9f3478c\data\admdb.sqlite
[2025-09-18 09:55:11] INFO: INI ALAMAT TABLENYA :  D:\Work\Mii\TEMPLATES\ssrtemplates\dist\ssrtemplates\server\data\admdb.sqlite
[2025-09-18 09:56:53] INFO: INI ALAMAT TABLENYA :  D:\Work\Mii\TEMPLATES\ssrtemplates\.angular\prerender-root\3ae0cec6-9638-4ddb-85a4-18333e1e729d\data\admdb.sqlite
[2025-09-18 09:56:55] INFO: INI ALAMAT TABLENYA :  D:\Work\Mii\TEMPLATES\ssrtemplates\.angular\prerender-root\909cc2d0-6996-47ae-8cdf-20c98f1ec17f\data\admdb.sqlite
[2025-09-18 09:56:55] INFO: INI ALAMAT TABLENYA :  D:\Work\Mii\TEMPLATES\ssrtemplates\.angular\prerender-root\3bcf2c4d-6062-4bd6-a862-a3e2391461bd\data\admdb.sqlite
[2025-09-18 09:56:55] INFO: INI ALAMAT TABLENYA :  D:\Work\Mii\TEMPLATES\ssrtemplates\.angular\prerender-root\d14fbb67-b3ad-425f-a65a-99ed08956e7c\data\admdb.sqlite
[2025-09-18 09:56:55] INFO: INI ALAMAT TABLENYA :  D:\Work\Mii\TEMPLATES\ssrtemplates\.angular\prerender-root\c65dcfdf-1b21-4970-b637-f0d81ddb9b0f\data\admdb.sqlite
[2025-09-18 09:57:06] INFO: INI ALAMAT TABLENYA :  D:\Work\Mii\TEMPLATES\ssrtemplates\dist\ssrtemplates\server\data\admdb.sqlite
[2025-09-18 09:57:46] INFO: INI ALAMAT TABLENYA :  D:\Work\Mii\TEMPLATES\ssrtemplates\.angular\prerender-root\77ae5b22-1801-47bd-9aa8-291026fa2344\data\admdb.sqlite
[2025-09-18 09:57:48] INFO: INI ALAMAT TABLENYA :  D:\Work\Mii\TEMPLATES\ssrtemplates\.angular\prerender-root\f25a8b82-ed0c-474c-820f-66ee8ba1aba7\data\admdb.sqlite
[2025-09-18 09:57:48] INFO: INI ALAMAT TABLENYA :  D:\Work\Mii\TEMPLATES\ssrtemplates\.angular\prerender-root\944ea551-1ecd-4cdc-91a4-1f923292690f\data\admdb.sqlite
[2025-09-18 09:57:48] INFO: INI ALAMAT TABLENYA :  D:\Work\Mii\TEMPLATES\ssrtemplates\.angular\prerender-root\450d04e3-883c-40df-a0e8-d717a758dcf3\data\admdb.sqlite
[2025-09-18 09:57:48] INFO: INI ALAMAT TABLENYA :  D:\Work\Mii\TEMPLATES\ssrtemplates\.angular\prerender-root\2452b3fb-8729-48ab-aa2e-eabd58c287b5\data\admdb.sqlite
[2025-09-18 09:57:58] INFO: INI ALAMAT TABLENYA :  D:\Work\Mii\TEMPLATES\ssrtemplates\dist\ssrtemplates\server\data\admdb.sqlite
[2025-09-18 10:00:12] INFO: INI ALAMAT TABLENYA :  D:\Work\Mii\TEMPLATES\ssrtemplates\.angular\prerender-root\83754e48-3d19-4f4f-846a-d2e8451684ef\data\admdb.sqlite
[2025-09-18 10:00:14] INFO: INI ALAMAT TABLENYA :  D:\Work\Mii\TEMPLATES\ssrtemplates\.angular\prerender-root\7cb59f2e-e171-408b-a45b-b19d316d6126\data\admdb.sqlite
[2025-09-18 10:00:14] INFO: INI ALAMAT TABLENYA :  D:\Work\Mii\TEMPLATES\ssrtemplates\.angular\prerender-root\31359d5f-c1b9-4b83-8369-cda290c566c6\data\admdb.sqlite
[2025-09-18 10:00:14] INFO: INI ALAMAT TABLENYA :  D:\Work\Mii\TEMPLATES\ssrtemplates\.angular\prerender-root\29a21291-8ba7-4af0-869e-41a033012a40\data\admdb.sqlite
[2025-09-18 10:00:14] INFO: INI ALAMAT TABLENYA :  D:\Work\Mii\TEMPLATES\ssrtemplates\.angular\prerender-root\93e2255c-85d0-42ba-b87c-342c73bcc2bd\data\admdb.sqlite
[2025-09-18 10:02:48] INFO: INI ALAMAT TABLENYA :  D:\Work\Mii\TEMPLATES\ssrtemplates\.angular\prerender-root\d28a8fa6-adc6-4faf-874b-d0c87f307a97\data\admdb.sqlite
[2025-09-18 10:02:51] INFO: INI ALAMAT TABLENYA :  D:\Work\Mii\TEMPLATES\ssrtemplates\.angular\prerender-root\02abf550-0ce8-4c5c-a42b-ed1616907258\data\admdb.sqlite
[2025-09-18 10:02:51] INFO: INI ALAMAT TABLENYA :  D:\Work\Mii\TEMPLATES\ssrtemplates\.angular\prerender-root\49ef6ba2-d3e2-4a28-bcaa-2fb22bec42f3\data\admdb.sqlite
[2025-09-18 10:02:51] INFO: INI ALAMAT TABLENYA :  D:\Work\Mii\TEMPLATES\ssrtemplates\.angular\prerender-root\9087c406-53e3-4636-958e-91aeac42668f\data\admdb.sqlite
[2025-09-18 10:02:51] INFO: INI ALAMAT TABLENYA :  D:\Work\Mii\TEMPLATES\ssrtemplates\.angular\prerender-root\d9a5b29a-bbb4-4839-b546-9bda23959809\data\admdb.sqlite
[2025-09-18 10:03:00] INFO: INI ALAMAT TABLENYA :  D:\Work\Mii\TEMPLATES\ssrtemplates\dist\ssrtemplates\server\data\admdb.sqlite
[2025-09-18 10:08:51] INFO: INI ALAMAT TABLENYA :  D:\Work\Mii\TEMPLATES\ssrtemplates\.angular\prerender-root\da26f3ac-566e-4f0e-b85b-bc12c31d8ab3\data\admdb.sqlite
[2025-09-18 10:08:53] INFO: INI ALAMAT TABLENYA :  D:\Work\Mii\TEMPLATES\ssrtemplates\.angular\prerender-root\57098e0f-8fee-4727-a2e5-c695c5874192\data\admdb.sqlite
[2025-09-18 10:08:53] INFO: INI ALAMAT TABLENYA :  D:\Work\Mii\TEMPLATES\ssrtemplates\.angular\prerender-root\262876b5-4b5f-4bf7-9546-7f66cafe4e1e\data\admdb.sqlite
[2025-09-18 10:08:53] INFO: INI ALAMAT TABLENYA :  D:\Work\Mii\TEMPLATES\ssrtemplates\.angular\prerender-root\ff900ae4-dfa2-45a5-8210-4d3073d10d67\data\admdb.sqlite
[2025-09-18 10:08:53] INFO: INI ALAMAT TABLENYA :  D:\Work\Mii\TEMPLATES\ssrtemplates\.angular\prerender-root\24478064-e0c4-4d1d-9f7b-b1d2ab9636c0\data\admdb.sqlite
[2025-09-18 10:09:08] INFO: INI ALAMAT TABLENYA :  D:\Work\Mii\TEMPLATES\ssrtemplates\dist\ssrtemplates\server\data\admdb.sqlite
[2025-09-18 10:15:46] INFO: INI ALAMAT TABLENYA :  D:\Work\Mii\TEMPLATES\ssrtemplates\.angular\prerender-root\263ac98f-f97e-4cd1-b6ef-5862520ee8ef\data\admdb.sqlite
[2025-09-18 10:15:48] INFO: INI ALAMAT TABLENYA :  D:\Work\Mii\TEMPLATES\ssrtemplates\.angular\prerender-root\4edcddcc-072c-4d9f-bf35-2c2606097baa\data\admdb.sqlite
[2025-09-18 10:15:48] INFO: INI ALAMAT TABLENYA :  D:\Work\Mii\TEMPLATES\ssrtemplates\.angular\prerender-root\c167161f-47a1-48ec-b24e-aa71e19f81ea\data\admdb.sqlite
[2025-09-18 10:15:48] INFO: INI ALAMAT TABLENYA :  D:\Work\Mii\TEMPLATES\ssrtemplates\.angular\prerender-root\3e6d6987-8d2a-4336-84a4-5ad7f67581fc\data\admdb.sqlite
[2025-09-18 10:15:48] INFO: INI ALAMAT TABLENYA :  D:\Work\Mii\TEMPLATES\ssrtemplates\.angular\prerender-root\7a1b7364-f6fd-4227-8d24-37bb4f0d9fe3\data\admdb.sqlite
[2025-09-18 10:15:58] INFO: INI ALAMAT TABLENYA :  D:\Work\Mii\TEMPLATES\ssrtemplates\dist\ssrtemplates\server\data\admdb.sqlite
[2025-09-18 10:21:51] INFO: INI ALAMAT TABLENYA :  D:\Work\Mii\TEMPLATES\ssrtemplates\.angular\prerender-root\951313d1-1f01-45b5-9f4e-6b62e4836459\data\admdb.sqlite
[2025-09-18 10:21:53] INFO: INI ALAMAT TABLENYA :  D:\Work\Mii\TEMPLATES\ssrtemplates\.angular\prerender-root\bc307c63-f82f-405f-af91-1af18b60ee27\data\admdb.sqlite
[2025-09-18 10:21:53] INFO: INI ALAMAT TABLENYA :  D:\Work\Mii\TEMPLATES\ssrtemplates\.angular\prerender-root\e6ebb704-a789-45f1-88b8-6acbd0a2bb72\data\admdb.sqlite
[2025-09-18 10:21:53] INFO: INI ALAMAT TABLENYA :  D:\Work\Mii\TEMPLATES\ssrtemplates\.angular\prerender-root\bd3ea88a-c2df-46a4-b8af-cfab27b74916\data\admdb.sqlite
[2025-09-18 10:21:53] INFO: INI ALAMAT TABLENYA :  D:\Work\Mii\TEMPLATES\ssrtemplates\.angular\prerender-root\2ca5290a-828b-4b33-b286-9346345a6fc1\data\admdb.sqlite
[2025-09-18 10:22:04] INFO: INI ALAMAT TABLENYA :  D:\Work\Mii\TEMPLATES\ssrtemplates\dist\ssrtemplates\server\data\admdb.sqlite
[2025-09-18 10:24:04] INFO: INI ALAMAT TABLENYA :  D:\Work\Mii\TEMPLATES\ssrtemplates\.angular\prerender-root\b2e4fe24-44fc-48e7-bbab-71bd8adda965\data\admdb.sqlite
[2025-09-18 10:24:06] INFO: INI ALAMAT TABLENYA :  D:\Work\Mii\TEMPLATES\ssrtemplates\.angular\prerender-root\f63563ad-e28e-41b3-b1c0-ba8c12b01316\data\admdb.sqlite
[2025-09-18 10:24:06] INFO: INI ALAMAT TABLENYA :  D:\Work\Mii\TEMPLATES\ssrtemplates\.angular\prerender-root\ece23267-1f56-4667-9a6b-f558a1693b28\data\admdb.sqlite
[2025-09-18 10:24:06] INFO: INI ALAMAT TABLENYA :  D:\Work\Mii\TEMPLATES\ssrtemplates\.angular\prerender-root\bc59a022-e59b-4b94-a8f6-4b3464a65468\data\admdb.sqlite
[2025-09-18 10:24:06] INFO: INI ALAMAT TABLENYA :  D:\Work\Mii\TEMPLATES\ssrtemplates\.angular\prerender-root\e5ea1a59-f712-425a-bfd0-95596cdc612b\data\admdb.sqlite
[2025-09-18 10:24:15] INFO: INI ALAMAT TABLENYA :  D:\Work\Mii\TEMPLATES\ssrtemplates\dist\ssrtemplates\server\data\admdb.sqlite
[2025-09-18 10:25:59] INFO: INI ALAMAT TABLENYA :  D:\Work\Mii\TEMPLATES\ssrtemplates\.angular\prerender-root\f7944eb6-541c-40eb-8dde-0afc212aa1e6\data\admdb.sqlite
[2025-09-18 10:26:01] INFO: INI ALAMAT TABLENYA :  D:\Work\Mii\TEMPLATES\ssrtemplates\.angular\prerender-root\84ae74a9-2fd2-4be7-a85d-7770a7a51f5d\data\admdb.sqlite
[2025-09-18 10:26:01] INFO: INI ALAMAT TABLENYA :  D:\Work\Mii\TEMPLATES\ssrtemplates\.angular\prerender-root\b915db60-d00e-4c04-b3a8-3d12718a3aef\data\admdb.sqlite
[2025-09-18 10:26:01] INFO: INI ALAMAT TABLENYA :  D:\Work\Mii\TEMPLATES\ssrtemplates\.angular\prerender-root\159b63b1-8647-4a89-afc6-256fa51e2f7a\data\admdb.sqlite
[2025-09-18 10:26:01] INFO: INI ALAMAT TABLENYA :  D:\Work\Mii\TEMPLATES\ssrtemplates\.angular\prerender-root\1c03229a-87fe-43d2-9d2f-b87d4d582df8\data\admdb.sqlite
[2025-09-18 10:26:16] INFO: INI ALAMAT TABLENYA :  D:\Work\Mii\TEMPLATES\ssrtemplates\dist\ssrtemplates\server\data\admdb.sqlite
[2025-09-18 10:28:14] INFO: INI ALAMAT TABLENYA :  D:\Work\Mii\TEMPLATES\ssrtemplates\.angular\prerender-root\dc4d58a1-210c-4aa3-90a7-167f13921ef7\data\admdb.sqlite
[2025-09-18 10:28:16] INFO: INI ALAMAT TABLENYA :  D:\Work\Mii\TEMPLATES\ssrtemplates\.angular\prerender-root\ef520e15-a6c7-46b8-8b87-992492bd9b76\data\admdb.sqlite
[2025-09-18 10:28:16] INFO: INI ALAMAT TABLENYA :  D:\Work\Mii\TEMPLATES\ssrtemplates\.angular\prerender-root\d9033707-6ef2-49d9-b1a3-6a4bfa5ee148\data\admdb.sqlite
[2025-09-18 10:28:16] INFO: INI ALAMAT TABLENYA :  D:\Work\Mii\TEMPLATES\ssrtemplates\.angular\prerender-root\67c65731-0314-405c-a6e1-1bd07bfe16de\data\admdb.sqlite
[2025-09-18 10:28:16] INFO: INI ALAMAT TABLENYA :  D:\Work\Mii\TEMPLATES\ssrtemplates\.angular\prerender-root\aa390173-4a86-4608-9926-50f1d1cc6504\data\admdb.sqlite
[2025-09-18 10:28:25] INFO: INI ALAMAT TABLENYA :  D:\Work\Mii\TEMPLATES\ssrtemplates\dist\ssrtemplates\server\data\admdb.sqlite
[2025-09-18 15:31:46] INFO: INI ALAMAT TABLENYA :  D:\Work\Mii\TEMPLATES\ssrtemplates\dist\ssrtemplates\server\data\admdb.sqlite
[2025-09-18 15:37:13] INFO: INI ALAMAT TABLENYA :  D:\Work\Mii\TEMPLATES\ssrtemplates\.angular\prerender-root\01fad0b7-7ca4-43f2-bd2b-0014d5c4c1a3\data\admdb.sqlite
[2025-09-18 15:37:24] INFO: INI ALAMAT TABLENYA :  D:\Work\Mii\TEMPLATES\ssrtemplates\.angular\prerender-root\3e0480c4-c27f-4f96-acef-cfaed056f71f\data\admdb.sqlite
[2025-09-18 15:37:24] INFO: INI ALAMAT TABLENYA :  D:\Work\Mii\TEMPLATES\ssrtemplates\.angular\prerender-root\1a167dbd-74ec-4a75-883c-47c82b87b787\data\admdb.sqlite
[2025-09-18 15:37:24] INFO: INI ALAMAT TABLENYA :  D:\Work\Mii\TEMPLATES\ssrtemplates\.angular\prerender-root\2075d7be-22ec-4a71-9c8b-359fcce049cb\data\admdb.sqlite
[2025-09-18 15:37:24] INFO: INI ALAMAT TABLENYA :  D:\Work\Mii\TEMPLATES\ssrtemplates\.angular\prerender-root\593d3185-c51c-4085-91f0-a31072835fc9\data\admdb.sqlite
[2025-09-18 15:38:02] INFO: INI ALAMAT TABLENYA :  D:\Work\Mii\TEMPLATES\ssrtemplates\dist\ssrtemplates\server\data\admdb.sqlite
[2025-09-18 15:53:32] INFO: INI ALAMAT TABLENYA :  D:\Work\Mii\TEMPLATES\ssrtemplates\.angular\prerender-root\ea64b699-ef05-4d29-bd8c-f3c46d8ca2c5\data\admdb.sqlite
[2025-09-18 15:53:42] INFO: INI ALAMAT TABLENYA :  D:\Work\Mii\TEMPLATES\ssrtemplates\.angular\prerender-root\7aef2824-2e63-4dec-98d3-b9fe1877b74e\data\admdb.sqlite
[2025-09-18 15:53:42] INFO: INI ALAMAT TABLENYA :  D:\Work\Mii\TEMPLATES\ssrtemplates\.angular\prerender-root\05cead5a-07da-403c-8d77-0fdc2f976a95\data\admdb.sqlite
[2025-09-18 15:53:42] INFO: INI ALAMAT TABLENYA :  D:\Work\Mii\TEMPLATES\ssrtemplates\.angular\prerender-root\ea36110c-ef2a-4588-86e6-9ac8bc002498\data\admdb.sqlite
[2025-09-18 15:53:42] INFO: INI ALAMAT TABLENYA :  D:\Work\Mii\TEMPLATES\ssrtemplates\.angular\prerender-root\1f89f7b2-b1ae-4adf-b7c4-4c9f30e9d0e1\data\admdb.sqlite
[2025-09-18 15:53:58] INFO: INI ALAMAT TABLENYA :  D:\Work\Mii\TEMPLATES\ssrtemplates\dist\ssrtemplates\server\data\admdb.sqlite
[2025-09-18 15:56:18] INFO: INI ALAMAT TABLENYA :  D:\Work\Mii\TEMPLATES\ssrtemplates\.angular\prerender-root\17152c81-8d81-4e11-8ad6-bff798b5db76\data\admdb.sqlite
[2025-09-18 15:56:19] INFO: INI ALAMAT TABLENYA :  D:\Work\Mii\TEMPLATES\ssrtemplates\.angular\prerender-root\a95ff309-1cd5-45e9-a632-91b58e6f9338\data\admdb.sqlite
[2025-09-18 15:56:19] INFO: INI ALAMAT TABLENYA :  D:\Work\Mii\TEMPLATES\ssrtemplates\.angular\prerender-root\169bae60-aa59-4139-a5c1-0d384843a16d\data\admdb.sqlite
[2025-09-18 15:56:19] INFO: INI ALAMAT TABLENYA :  D:\Work\Mii\TEMPLATES\ssrtemplates\.angular\prerender-root\b4a22786-1ad3-4002-998b-d890378eb2b5\data\admdb.sqlite
[2025-09-18 15:56:19] INFO: INI ALAMAT TABLENYA :  D:\Work\Mii\TEMPLATES\ssrtemplates\.angular\prerender-root\0e410a50-f2b6-40ae-9b37-5f2aec6a05e4\data\admdb.sqlite
[2025-09-18 15:56:26] INFO: INI ALAMAT TABLENYA :  D:\Work\Mii\TEMPLATES\ssrtemplates\dist\ssrtemplates\server\data\admdb.sqlite
[2025-09-18 16:01:02] INFO: INI ALAMAT TABLENYA :  D:\Work\Mii\TEMPLATES\ssrtemplates\.angular\prerender-root\83d51706-2559-430e-aead-0fa66bf0fe5e\data\admdb.sqlite
[2025-09-18 16:01:03] INFO: INI ALAMAT TABLENYA :  D:\Work\Mii\TEMPLATES\ssrtemplates\.angular\prerender-root\44fe9b82-2047-4733-a33d-c3c41b69c180\data\admdb.sqlite
[2025-09-18 16:01:03] INFO: INI ALAMAT TABLENYA :  D:\Work\Mii\TEMPLATES\ssrtemplates\.angular\prerender-root\7924a96b-6717-43e9-9cbd-4f8f0d04b2f2\data\admdb.sqlite
[2025-09-18 16:01:03] INFO: INI ALAMAT TABLENYA :  D:\Work\Mii\TEMPLATES\ssrtemplates\.angular\prerender-root\750e8e02-16bd-4ef5-979d-88e6739746fd\data\admdb.sqlite
[2025-09-18 16:01:03] INFO: INI ALAMAT TABLENYA :  D:\Work\Mii\TEMPLATES\ssrtemplates\.angular\prerender-root\03603894-ba6c-45c4-9e7c-3a86095938fb\data\admdb.sqlite
[2025-09-18 16:01:10] INFO: INI ALAMAT TABLENYA :  D:\Work\Mii\TEMPLATES\ssrtemplates\dist\ssrtemplates\server\data\admdb.sqlite
[2025-09-18 16:02:28] INFO: INI ALAMAT TABLENYA :  D:\Work\Mii\TEMPLATES\ssrtemplates\.angular\prerender-root\e0fb4766-ccf7-444c-b04b-aef8be1fb476\data\admdb.sqlite
[2025-09-18 16:02:30] INFO: INI ALAMAT TABLENYA :  D:\Work\Mii\TEMPLATES\ssrtemplates\.angular\prerender-root\63d9a6d5-4cec-4a20-834d-fcef805b1af9\data\admdb.sqlite
[2025-09-18 16:02:30] INFO: INI ALAMAT TABLENYA :  D:\Work\Mii\TEMPLATES\ssrtemplates\.angular\prerender-root\10b532a1-d036-4a79-a13e-ab0ac26014b2\data\admdb.sqlite
[2025-09-18 16:02:30] INFO: INI ALAMAT TABLENYA :  D:\Work\Mii\TEMPLATES\ssrtemplates\.angular\prerender-root\10f3cd89-cacb-4128-9bd4-6147482b0175\data\admdb.sqlite
[2025-09-18 16:02:30] INFO: INI ALAMAT TABLENYA :  D:\Work\Mii\TEMPLATES\ssrtemplates\.angular\prerender-root\211929ea-6025-4750-8d63-b51b5ebca750\data\admdb.sqlite
[2025-09-18 16:02:40] INFO: INI ALAMAT TABLENYA :  D:\Work\Mii\TEMPLATES\ssrtemplates\dist\ssrtemplates\server\data\admdb.sqlite
[2025-09-18 16:10:36] INFO: INI ALAMAT TABLENYA :  D:\Work\Mii\TEMPLATES\ssrtemplates\.angular\prerender-root\469038a6-388b-4613-a1bb-c1e3f94d4dd5\data\admdb.sqlite
[2025-09-18 16:10:37] INFO: INI ALAMAT TABLENYA :  D:\Work\Mii\TEMPLATES\ssrtemplates\.angular\prerender-root\67916a08-94a3-480a-bbf8-e130969fd138\data\admdb.sqlite
[2025-09-18 16:10:37] INFO: INI ALAMAT TABLENYA :  D:\Work\Mii\TEMPLATES\ssrtemplates\.angular\prerender-root\03e34a92-ce6c-43b9-896c-cc8ab026a371\data\admdb.sqlite
[2025-09-18 16:10:37] INFO: INI ALAMAT TABLENYA :  D:\Work\Mii\TEMPLATES\ssrtemplates\.angular\prerender-root\befb6b31-7d41-48df-a0c7-5715f4b1fc04\data\admdb.sqlite
[2025-09-18 16:10:37] INFO: INI ALAMAT TABLENYA :  D:\Work\Mii\TEMPLATES\ssrtemplates\.angular\prerender-root\6d081645-5375-4f61-a8cb-bdef86bf8373\data\admdb.sqlite
[2025-09-18 16:10:43] INFO: INI ALAMAT TABLENYA :  D:\Work\Mii\TEMPLATES\ssrtemplates\dist\ssrtemplates\server\data\admdb.sqlite
[2025-09-18 16:15:17] INFO: INI ALAMAT TABLENYA :  D:\Work\Mii\TEMPLATES\ssrtemplates\.angular\prerender-root\755df734-8c7a-44b2-b272-d6a2580a7c6c\data\admdb.sqlite
[2025-09-18 16:15:19] INFO: INI ALAMAT TABLENYA :  D:\Work\Mii\TEMPLATES\ssrtemplates\.angular\prerender-root\2309d3d9-0d41-4c00-b4fd-4df2d24c6614\data\admdb.sqlite
[2025-09-18 16:15:19] INFO: INI ALAMAT TABLENYA :  D:\Work\Mii\TEMPLATES\ssrtemplates\.angular\prerender-root\dea8ec61-4ecc-40af-b749-d5c58e9db673\data\admdb.sqlite
[2025-09-18 16:15:19] INFO: INI ALAMAT TABLENYA :  D:\Work\Mii\TEMPLATES\ssrtemplates\.angular\prerender-root\5c412f3b-216a-46a9-9125-ae42b1a33b8a\data\admdb.sqlite
[2025-09-18 16:15:19] INFO: INI ALAMAT TABLENYA :  D:\Work\Mii\TEMPLATES\ssrtemplates\.angular\prerender-root\ef007dcd-c586-4bd0-87f7-511d0b2b762d\data\admdb.sqlite
[2025-09-18 16:15:25] INFO: INI ALAMAT TABLENYA :  D:\Work\Mii\TEMPLATES\ssrtemplates\dist\ssrtemplates\server\data\admdb.sqlite
[2025-09-18 16:16:55] INFO: INI ALAMAT TABLENYA :  D:\Work\Mii\TEMPLATES\ssrtemplates\.angular\prerender-root\9dd3b651-8133-4290-abec-148f0d68181f\data\admdb.sqlite
[2025-09-18 16:16:57] INFO: INI ALAMAT TABLENYA :  D:\Work\Mii\TEMPLATES\ssrtemplates\.angular\prerender-root\3d140179-9914-49ff-9376-d137856ae541\data\admdb.sqlite
[2025-09-18 16:16:57] INFO: INI ALAMAT TABLENYA :  D:\Work\Mii\TEMPLATES\ssrtemplates\.angular\prerender-root\4d23d807-36b9-4e76-9fd7-b57c97d4374b\data\admdb.sqlite
[2025-09-18 16:16:57] INFO: INI ALAMAT TABLENYA :  D:\Work\Mii\TEMPLATES\ssrtemplates\.angular\prerender-root\6649aa56-1f9c-4d3b-98f6-55ad343c579e\data\admdb.sqlite
[2025-09-18 16:16:57] INFO: INI ALAMAT TABLENYA :  D:\Work\Mii\TEMPLATES\ssrtemplates\.angular\prerender-root\8abb8903-239a-46ce-96d7-9d1e5ca34880\data\admdb.sqlite
[2025-09-18 16:17:08] INFO: INI ALAMAT TABLENYA :  D:\Work\Mii\TEMPLATES\ssrtemplates\dist\ssrtemplates\server\data\admdb.sqlite
[2025-09-18 16:25:28] INFO: INI ALAMAT TABLENYA :  D:\Work\Mii\TEMPLATES\ssrtemplates\.angular\prerender-root\4fc21241-c3fc-4f9d-829e-376c12c23942\data\admdb.sqlite
[2025-09-18 16:25:30] INFO: INI ALAMAT TABLENYA :  D:\Work\Mii\TEMPLATES\ssrtemplates\.angular\prerender-root\1c0dde82-f94b-4a4b-9f68-82bbe5d481a7\data\admdb.sqlite
[2025-09-18 16:25:30] INFO: INI ALAMAT TABLENYA :  D:\Work\Mii\TEMPLATES\ssrtemplates\.angular\prerender-root\43541ab2-a2d2-400c-92ea-ecf951c908b8\data\admdb.sqlite
[2025-09-18 16:25:30] INFO: INI ALAMAT TABLENYA :  D:\Work\Mii\TEMPLATES\ssrtemplates\.angular\prerender-root\1b1cbb10-6741-47a3-b4af-93703b62fd1b\data\admdb.sqlite
[2025-09-18 16:25:30] INFO: INI ALAMAT TABLENYA :  D:\Work\Mii\TEMPLATES\ssrtemplates\.angular\prerender-root\b506154c-82c0-464f-ba96-f057aa0498df\data\admdb.sqlite
[2025-09-18 16:25:37] INFO: INI ALAMAT TABLENYA :  D:\Work\Mii\TEMPLATES\ssrtemplates\dist\ssrtemplates\server\data\admdb.sqlite
[2025-09-18 16:26:45] INFO: INI ALAMAT TABLENYA :  D:\Work\Mii\TEMPLATES\ssrtemplates\.angular\prerender-root\d28bfd44-50c7-4beb-9007-78770b527726\data\admdb.sqlite
[2025-09-18 16:26:46] INFO: INI ALAMAT TABLENYA :  D:\Work\Mii\TEMPLATES\ssrtemplates\.angular\prerender-root\70f7bd36-0caa-4f62-9d97-2d33ee892088\data\admdb.sqlite
[2025-09-18 16:26:46] INFO: INI ALAMAT TABLENYA :  D:\Work\Mii\TEMPLATES\ssrtemplates\.angular\prerender-root\8472ca9b-bbbc-45c6-afb4-f621c1e70c19\data\admdb.sqlite
[2025-09-18 16:26:46] INFO: INI ALAMAT TABLENYA :  D:\Work\Mii\TEMPLATES\ssrtemplates\.angular\prerender-root\839c2fca-eed5-47b5-9e76-df7678beaf77\data\admdb.sqlite
[2025-09-18 16:26:46] INFO: INI ALAMAT TABLENYA :  D:\Work\Mii\TEMPLATES\ssrtemplates\.angular\prerender-root\18d1c508-ecdc-445f-95c4-8f3a410fef11\data\admdb.sqlite
[2025-09-18 16:26:53] INFO: INI ALAMAT TABLENYA :  D:\Work\Mii\TEMPLATES\ssrtemplates\dist\ssrtemplates\server\data\admdb.sqlite
[2025-09-18 16:30:06] INFO: INI ALAMAT TABLENYA :  D:\Work\Mii\TEMPLATES\ssrtemplates\.angular\prerender-root\8985046f-97ab-4c88-8c63-cd9019a65ae5\data\admdb.sqlite
[2025-09-18 16:30:07] INFO: INI ALAMAT TABLENYA :  D:\Work\Mii\TEMPLATES\ssrtemplates\.angular\prerender-root\d92bc6cb-42cb-4b4a-95d0-9de21234d01e\data\admdb.sqlite
[2025-09-18 16:30:07] INFO: INI ALAMAT TABLENYA :  D:\Work\Mii\TEMPLATES\ssrtemplates\.angular\prerender-root\1a07ee7f-4bb4-41d1-aa2e-d554060c610d\data\admdb.sqlite
[2025-09-18 16:30:07] INFO: INI ALAMAT TABLENYA :  D:\Work\Mii\TEMPLATES\ssrtemplates\.angular\prerender-root\5e0911c7-b8a3-4802-b844-c84a329fd233\data\admdb.sqlite
[2025-09-18 16:30:07] INFO: INI ALAMAT TABLENYA :  D:\Work\Mii\TEMPLATES\ssrtemplates\.angular\prerender-root\d1afeea2-65ba-4edb-8282-7a4c67cb543d\data\admdb.sqlite
[2025-09-18 16:30:14] INFO: INI ALAMAT TABLENYA :  D:\Work\Mii\TEMPLATES\ssrtemplates\dist\ssrtemplates\server\data\admdb.sqlite
[2025-09-18 16:34:13] INFO: INI ALAMAT TABLENYA :  D:\Work\Mii\TEMPLATES\ssrtemplates\.angular\prerender-root\1d4506a8-fd2f-4df6-aad2-bc167c8d5071\data\admdb.sqlite
[2025-09-18 16:34:15] INFO: INI ALAMAT TABLENYA :  D:\Work\Mii\TEMPLATES\ssrtemplates\.angular\prerender-root\7f8a7a6a-0a54-4326-9acc-64545e29de17\data\admdb.sqlite
[2025-09-18 16:34:15] INFO: INI ALAMAT TABLENYA :  D:\Work\Mii\TEMPLATES\ssrtemplates\.angular\prerender-root\d7d9d395-537f-4a16-8f56-511eedef8c7c\data\admdb.sqlite
[2025-09-18 16:34:15] INFO: INI ALAMAT TABLENYA :  D:\Work\Mii\TEMPLATES\ssrtemplates\.angular\prerender-root\6a63cb1e-9449-431e-aa09-58fb5b05d152\data\admdb.sqlite
[2025-09-18 16:34:15] INFO: INI ALAMAT TABLENYA :  D:\Work\Mii\TEMPLATES\ssrtemplates\.angular\prerender-root\6957ca6a-649f-4bb3-aa32-40ed2736cac0\data\admdb.sqlite
[2025-09-18 16:34:22] INFO: INI ALAMAT TABLENYA :  D:\Work\Mii\TEMPLATES\ssrtemplates\dist\ssrtemplates\server\data\admdb.sqlite
[2025-09-18 16:35:23] INFO: INI ALAMAT TABLENYA :  D:\Work\Mii\TEMPLATES\ssrtemplates\.angular\prerender-root\47daa57b-cf11-4e6a-94c5-d0863c660319\data\admdb.sqlite
[2025-09-18 16:35:25] INFO: INI ALAMAT TABLENYA :  D:\Work\Mii\TEMPLATES\ssrtemplates\.angular\prerender-root\b1d33273-8767-4097-bc11-da04f2392f11\data\admdb.sqlite
[2025-09-18 16:35:25] INFO: INI ALAMAT TABLENYA :  D:\Work\Mii\TEMPLATES\ssrtemplates\.angular\prerender-root\d839bbfe-680e-44c1-a4b2-38537b0c4345\data\admdb.sqlite
[2025-09-18 16:35:25] INFO: INI ALAMAT TABLENYA :  D:\Work\Mii\TEMPLATES\ssrtemplates\.angular\prerender-root\a9a37e51-fad6-4983-ade3-cfc6f5cb3172\data\admdb.sqlite
[2025-09-18 16:35:25] INFO: INI ALAMAT TABLENYA :  D:\Work\Mii\TEMPLATES\ssrtemplates\.angular\prerender-root\97eb1a8b-967e-49fc-a51a-ce346e905f21\data\admdb.sqlite
[2025-09-18 16:36:01] INFO: INI ALAMAT TABLENYA :  D:\Work\Mii\TEMPLATES\ssrtemplates\.angular\prerender-root\d72836b7-3aac-41c7-b68c-6eafd09be8fe\data\admdb.sqlite
[2025-09-18 16:36:03] INFO: INI ALAMAT TABLENYA :  D:\Work\Mii\TEMPLATES\ssrtemplates\.angular\prerender-root\88f95305-2245-4efb-8ddd-2f9dadf31801\data\admdb.sqlite
[2025-09-18 16:36:03] INFO: INI ALAMAT TABLENYA :  D:\Work\Mii\TEMPLATES\ssrtemplates\.angular\prerender-root\1f081f54-bab6-4772-aca3-0648d451701f\data\admdb.sqlite
[2025-09-18 16:36:03] INFO: INI ALAMAT TABLENYA :  D:\Work\Mii\TEMPLATES\ssrtemplates\.angular\prerender-root\51ffe694-6e30-4f64-9941-e3d2e7da71c4\data\admdb.sqlite
[2025-09-18 16:36:03] INFO: INI ALAMAT TABLENYA :  D:\Work\Mii\TEMPLATES\ssrtemplates\.angular\prerender-root\3c763f25-9ffe-40ff-9253-eb09afca6892\data\admdb.sqlite
[2025-09-18 16:36:10] INFO: INI ALAMAT TABLENYA :  D:\Work\Mii\TEMPLATES\ssrtemplates\dist\ssrtemplates\server\data\admdb.sqlite
[2025-09-18 16:37:44] INFO: INI ALAMAT TABLENYA :  D:\Work\Mii\TEMPLATES\ssrtemplates\.angular\prerender-root\769e654a-755e-403b-b3e3-0eff094496a2\data\admdb.sqlite
[2025-09-18 16:37:46] INFO: INI ALAMAT TABLENYA :  D:\Work\Mii\TEMPLATES\ssrtemplates\.angular\prerender-root\25d1677c-7622-47d7-976e-9e54000ae341\data\admdb.sqlite
[2025-09-18 16:37:46] INFO: INI ALAMAT TABLENYA :  D:\Work\Mii\TEMPLATES\ssrtemplates\.angular\prerender-root\5ccf76cf-30c3-4a4f-a456-cb9f56670554\data\admdb.sqlite
[2025-09-18 16:37:46] INFO: INI ALAMAT TABLENYA :  D:\Work\Mii\TEMPLATES\ssrtemplates\.angular\prerender-root\428e4a2e-dea6-435c-b2fd-61559b53b0c3\data\admdb.sqlite
[2025-09-18 16:37:46] INFO: INI ALAMAT TABLENYA :  D:\Work\Mii\TEMPLATES\ssrtemplates\.angular\prerender-root\30981a95-1406-48c2-a4c3-9070a9326f56\data\admdb.sqlite
[2025-09-18 16:37:52] INFO: INI ALAMAT TABLENYA :  D:\Work\Mii\TEMPLATES\ssrtemplates\dist\ssrtemplates\server\data\admdb.sqlite
[2025-09-18 16:38:48] INFO: INI ALAMAT TABLENYA :  D:\Work\Mii\TEMPLATES\ssrtemplates\.angular\prerender-root\66b1853f-4093-4c6e-96a5-00a8cd2c9cad\data\admdb.sqlite
[2025-09-18 16:38:49] INFO: INI ALAMAT TABLENYA :  D:\Work\Mii\TEMPLATES\ssrtemplates\.angular\prerender-root\e5b3ffb9-482c-42dc-a443-5af3eb1bb746\data\admdb.sqlite
[2025-09-18 16:38:49] INFO: INI ALAMAT TABLENYA :  D:\Work\Mii\TEMPLATES\ssrtemplates\.angular\prerender-root\e4dcce3c-6dd6-41b5-b1ab-2324a24ada5c\data\admdb.sqlite
[2025-09-18 16:38:49] INFO: INI ALAMAT TABLENYA :  D:\Work\Mii\TEMPLATES\ssrtemplates\.angular\prerender-root\4144baa3-ee23-46e2-8a9c-8debd86e61d4\data\admdb.sqlite
[2025-09-18 16:38:49] INFO: INI ALAMAT TABLENYA :  D:\Work\Mii\TEMPLATES\ssrtemplates\.angular\prerender-root\362d3be4-f332-4ce1-9e24-5bfa8f149511\data\admdb.sqlite
[2025-09-18 16:38:59] INFO: INI ALAMAT TABLENYA :  D:\Work\Mii\TEMPLATES\ssrtemplates\dist\ssrtemplates\server\data\admdb.sqlite
[2025-09-18 16:40:57] INFO: INI ALAMAT TABLENYA :  D:\Work\Mii\TEMPLATES\ssrtemplates\.angular\prerender-root\d03ec516-02ab-463b-bd83-b92179c7e20c\data\admdb.sqlite
[2025-09-18 16:40:58] INFO: INI ALAMAT TABLENYA :  D:\Work\Mii\TEMPLATES\ssrtemplates\.angular\prerender-root\6c7b3ca7-6059-465a-a519-46759b664cfb\data\admdb.sqlite
[2025-09-18 16:40:58] INFO: INI ALAMAT TABLENYA :  D:\Work\Mii\TEMPLATES\ssrtemplates\.angular\prerender-root\28f6a966-8da5-406b-bb1d-cc694a02df9b\data\admdb.sqlite
[2025-09-18 16:40:58] INFO: INI ALAMAT TABLENYA :  D:\Work\Mii\TEMPLATES\ssrtemplates\.angular\prerender-root\bfd08375-6172-4287-a9b7-0e47f92d5344\data\admdb.sqlite
[2025-09-18 16:40:58] INFO: INI ALAMAT TABLENYA :  D:\Work\Mii\TEMPLATES\ssrtemplates\.angular\prerender-root\16ec1e7a-a6fa-4545-8612-b141e1076005\data\admdb.sqlite
[2025-09-18 16:41:47] INFO: INI ALAMAT TABLENYA :  D:\Work\Mii\TEMPLATES\ssrtemplates\.angular\prerender-root\092a4ecd-2447-4d5a-9ef1-1c9f97581fbb\data\admdb.sqlite
[2025-09-18 16:41:49] INFO: INI ALAMAT TABLENYA :  D:\Work\Mii\TEMPLATES\ssrtemplates\.angular\prerender-root\64996063-9111-4aac-bccd-926bc4709db1\data\admdb.sqlite
[2025-09-18 16:41:49] INFO: INI ALAMAT TABLENYA :  D:\Work\Mii\TEMPLATES\ssrtemplates\.angular\prerender-root\9ee5a765-d48c-4577-a252-bef27e51d7b8\data\admdb.sqlite
[2025-09-18 16:41:49] INFO: INI ALAMAT TABLENYA :  D:\Work\Mii\TEMPLATES\ssrtemplates\.angular\prerender-root\40d11634-b590-4ec6-a61a-81abba20aedf\data\admdb.sqlite
[2025-09-18 16:41:49] INFO: INI ALAMAT TABLENYA :  D:\Work\Mii\TEMPLATES\ssrtemplates\.angular\prerender-root\20e91f4c-1b4d-4c25-8fec-16d7d9b1ac60\data\admdb.sqlite
[2025-09-18 16:42:03] INFO: INI ALAMAT TABLENYA :  D:\Work\Mii\TEMPLATES\ssrtemplates\dist\ssrtemplates\server\data\admdb.sqlite
[2025-09-18 16:49:05] INFO: INI ALAMAT TABLENYA :  D:\Work\Mii\TEMPLATES\ssrtemplates\.angular\prerender-root\a5453e66-818c-42a0-b832-c70e33565952\data\admdb.sqlite
[2025-09-18 16:49:06] INFO: INI ALAMAT TABLENYA :  D:\Work\Mii\TEMPLATES\ssrtemplates\.angular\prerender-root\b33b0f67-1c9a-4f9b-b864-bba43019dbb2\data\admdb.sqlite
[2025-09-18 16:49:06] INFO: INI ALAMAT TABLENYA :  D:\Work\Mii\TEMPLATES\ssrtemplates\.angular\prerender-root\caf6c5c2-69bc-4c46-aeeb-d612ae22e0d7\data\admdb.sqlite
[2025-09-18 16:49:06] INFO: INI ALAMAT TABLENYA :  D:\Work\Mii\TEMPLATES\ssrtemplates\.angular\prerender-root\306536ac-dc86-445d-8822-981a95117bb3\data\admdb.sqlite
[2025-09-18 16:49:06] INFO: INI ALAMAT TABLENYA :  D:\Work\Mii\TEMPLATES\ssrtemplates\.angular\prerender-root\6441b087-1db6-4a6d-a4b0-c0c4ae480f11\data\admdb.sqlite
[2025-09-18 16:49:12] INFO: INI ALAMAT TABLENYA :  D:\Work\Mii\TEMPLATES\ssrtemplates\dist\ssrtemplates\server\data\admdb.sqlite
[2025-09-18 16:56:57] INFO: INI ALAMAT TABLENYA :  D:\Work\Mii\TEMPLATES\ssrtemplates\.angular\prerender-root\0038adc1-95b7-4ffa-ba68-802797985149\data\admdb.sqlite
[2025-09-18 16:56:59] INFO: INI ALAMAT TABLENYA :  D:\Work\Mii\TEMPLATES\ssrtemplates\.angular\prerender-root\e9256212-a654-4f61-a979-bcc71f58a736\data\admdb.sqlite
[2025-09-18 16:56:59] INFO: INI ALAMAT TABLENYA :  D:\Work\Mii\TEMPLATES\ssrtemplates\.angular\prerender-root\4a0c5260-8cfe-4a8b-bac4-e5756415842c\data\admdb.sqlite
[2025-09-18 16:56:59] INFO: INI ALAMAT TABLENYA :  D:\Work\Mii\TEMPLATES\ssrtemplates\.angular\prerender-root\65918b6c-1f33-4d30-b04b-d0c2f7606595\data\admdb.sqlite
[2025-09-18 16:56:59] INFO: INI ALAMAT TABLENYA :  D:\Work\Mii\TEMPLATES\ssrtemplates\.angular\prerender-root\bd526920-cd19-4525-bef0-3a11bc4a9094\data\admdb.sqlite
[2025-09-18 16:57:07] INFO: INI ALAMAT TABLENYA :  D:\Work\Mii\TEMPLATES\ssrtemplates\dist\ssrtemplates\server\data\admdb.sqlite
[2025-09-18 16:58:36] INFO: INI ALAMAT TABLENYA :  D:\Work\Mii\TEMPLATES\ssrtemplates\.angular\prerender-root\5cf7d17c-b4d1-46db-a681-6c3b4d8252a0\data\admdb.sqlite
[2025-09-18 16:58:38] INFO: INI ALAMAT TABLENYA :  D:\Work\Mii\TEMPLATES\ssrtemplates\.angular\prerender-root\c8a0b49c-b73b-4aeb-885f-e24f4b0d775e\data\admdb.sqlite
[2025-09-18 16:58:38] INFO: INI ALAMAT TABLENYA :  D:\Work\Mii\TEMPLATES\ssrtemplates\.angular\prerender-root\df86520c-0e1c-4e2b-9ebb-e0d07186d604\data\admdb.sqlite
[2025-09-18 16:58:38] INFO: INI ALAMAT TABLENYA :  D:\Work\Mii\TEMPLATES\ssrtemplates\.angular\prerender-root\b9f336be-37de-40df-9010-d45c4a021cf6\data\admdb.sqlite
[2025-09-18 16:58:38] INFO: INI ALAMAT TABLENYA :  D:\Work\Mii\TEMPLATES\ssrtemplates\.angular\prerender-root\b2bc8de5-95ce-45fa-8604-3faa273552a8\data\admdb.sqlite
[2025-09-18 16:59:26] INFO: INI ALAMAT TABLENYA :  D:\Work\Mii\TEMPLATES\ssrtemplates\.angular\prerender-root\028a82a9-d38e-4898-ad4a-2eba949c70a4\data\admdb.sqlite
[2025-09-18 16:59:27] INFO: INI ALAMAT TABLENYA :  D:\Work\Mii\TEMPLATES\ssrtemplates\.angular\prerender-root\683f4640-cab7-415a-a696-363393de5b1b\data\admdb.sqlite
[2025-09-18 16:59:27] INFO: INI ALAMAT TABLENYA :  D:\Work\Mii\TEMPLATES\ssrtemplates\.angular\prerender-root\af62da0b-d61f-4161-9607-2b1e3f6db92c\data\admdb.sqlite
[2025-09-18 16:59:27] INFO: INI ALAMAT TABLENYA :  D:\Work\Mii\TEMPLATES\ssrtemplates\.angular\prerender-root\aa005266-bc0f-47a2-a188-20afd2048aa3\data\admdb.sqlite
[2025-09-18 16:59:27] INFO: INI ALAMAT TABLENYA :  D:\Work\Mii\TEMPLATES\ssrtemplates\.angular\prerender-root\dcd974ac-8772-4bee-9025-b7f4b5c77370\data\admdb.sqlite
[2025-09-18 16:59:36] INFO: INI ALAMAT TABLENYA :  D:\Work\Mii\TEMPLATES\ssrtemplates\dist\ssrtemplates\server\data\admdb.sqlite
[2025-09-18 17:04:17] INFO: INI ALAMAT TABLENYA :  D:\Work\Mii\TEMPLATES\ssrtemplates\.angular\prerender-root\b239f3be-a3eb-46e1-802d-fd22dae0e87a\data\admdb.sqlite
[2025-09-18 17:04:18] INFO: INI ALAMAT TABLENYA :  D:\Work\Mii\TEMPLATES\ssrtemplates\.angular\prerender-root\f5d547e0-7b58-4c72-996a-c2e99be25f61\data\admdb.sqlite
[2025-09-18 17:04:18] INFO: INI ALAMAT TABLENYA :  D:\Work\Mii\TEMPLATES\ssrtemplates\.angular\prerender-root\2d32e623-0a45-4712-8e3b-119989eecf96\data\admdb.sqlite
[2025-09-18 17:04:18] INFO: INI ALAMAT TABLENYA :  D:\Work\Mii\TEMPLATES\ssrtemplates\.angular\prerender-root\e56f753d-d9bb-4440-82fd-942825703db7\data\admdb.sqlite
[2025-09-18 17:04:18] INFO: INI ALAMAT TABLENYA :  D:\Work\Mii\TEMPLATES\ssrtemplates\.angular\prerender-root\1e286c55-6190-4fb4-b1c8-d3cc1edb0871\data\admdb.sqlite
[2025-09-18 17:05:05] INFO: INI ALAMAT TABLENYA :  D:\Work\Mii\TEMPLATES\ssrtemplates\dist\ssrtemplates\server\data\admdb.sqlite
[2025-09-18 17:05:50] INFO: INI ALAMAT TABLENYA :  D:\Work\Mii\TEMPLATES\ssrtemplates\.angular\prerender-root\f23df467-26d8-47bf-96dc-247ec135666a\data\admdb.sqlite
[2025-09-18 17:05:51] INFO: INI ALAMAT TABLENYA :  D:\Work\Mii\TEMPLATES\ssrtemplates\.angular\prerender-root\d45280c2-9025-4728-a993-2f45dc6bd920\data\admdb.sqlite
[2025-09-18 17:05:52] INFO: INI ALAMAT TABLENYA :  D:\Work\Mii\TEMPLATES\ssrtemplates\.angular\prerender-root\1df3f1a0-bb2e-4c0b-a27a-314ed79abeb0\data\admdb.sqlite
[2025-09-18 17:05:52] INFO: INI ALAMAT TABLENYA :  D:\Work\Mii\TEMPLATES\ssrtemplates\.angular\prerender-root\d78978a8-7b01-40fa-8f84-88ed046b73a9\data\admdb.sqlite
[2025-09-18 17:05:52] INFO: INI ALAMAT TABLENYA :  D:\Work\Mii\TEMPLATES\ssrtemplates\.angular\prerender-root\d853863c-6451-4be3-ab9f-4d76b14b754f\data\admdb.sqlite
[2025-09-18 17:08:16] INFO: INI ALAMAT TABLENYA :  D:\Work\Mii\TEMPLATES\ssrtemplates\.angular\prerender-root\5bce96a6-1bb1-40ea-a6b2-e2eef72498dd\data\admdb.sqlite
[2025-09-18 17:08:18] INFO: INI ALAMAT TABLENYA :  D:\Work\Mii\TEMPLATES\ssrtemplates\.angular\prerender-root\ee3cc7c3-2408-42e3-b4a8-9b833ec5e2ca\data\admdb.sqlite
[2025-09-18 17:08:18] INFO: INI ALAMAT TABLENYA :  D:\Work\Mii\TEMPLATES\ssrtemplates\.angular\prerender-root\13fb5d26-ea3f-43cd-b209-4087a5fb7832\data\admdb.sqlite
[2025-09-18 17:08:18] INFO: INI ALAMAT TABLENYA :  D:\Work\Mii\TEMPLATES\ssrtemplates\.angular\prerender-root\09d308e6-4cc5-43e0-a335-be19e2d6d4ae\data\admdb.sqlite
[2025-09-18 17:08:18] INFO: INI ALAMAT TABLENYA :  D:\Work\Mii\TEMPLATES\ssrtemplates\.angular\prerender-root\5f6c1606-ffa9-4059-8f0e-72cdb6e4ee57\data\admdb.sqlite
[2025-09-18 17:08:49] INFO: INI ALAMAT TABLENYA :  D:\Work\Mii\TEMPLATES\ssrtemplates\dist\ssrtemplates\server\data\admdb.sqlite
[2025-09-18 17:08:59] INFO: INI ALAMAT TABLENYA :  D:\Work\Mii\TEMPLATES\ssrtemplates\.angular\prerender-root\90324285-8dc3-495d-a850-7b86bfa4c727\data\admdb.sqlite
[2025-09-18 17:09:00] INFO: INI ALAMAT TABLENYA :  D:\Work\Mii\TEMPLATES\ssrtemplates\.angular\prerender-root\9b77efc3-85e8-4698-8ed0-f6ab27d995ae\data\admdb.sqlite
[2025-09-18 17:09:00] INFO: INI ALAMAT TABLENYA :  D:\Work\Mii\TEMPLATES\ssrtemplates\.angular\prerender-root\c121cb84-7a11-4df3-8c4a-02be4807ada5\data\admdb.sqlite
[2025-09-18 17:09:00] INFO: INI ALAMAT TABLENYA :  D:\Work\Mii\TEMPLATES\ssrtemplates\.angular\prerender-root\67cb3871-404d-4528-8941-6fda7039ee35\data\admdb.sqlite
[2025-09-18 17:09:00] INFO: INI ALAMAT TABLENYA :  D:\Work\Mii\TEMPLATES\ssrtemplates\.angular\prerender-root\5cd03253-312e-43e8-bd08-90067128c353\data\admdb.sqlite
[2025-09-18 17:09:07] INFO: INI ALAMAT TABLENYA :  D:\Work\Mii\TEMPLATES\ssrtemplates\dist\ssrtemplates\server\data\admdb.sqlite
[2025-09-18 17:17:50] INFO: INI ALAMAT TABLENYA :  D:\Work\Mii\TEMPLATES\ssrtemplates\.angular\prerender-root\6a0b7f65-ff35-4216-823d-7622c82cfaf9\data\admdb.sqlite
[2025-09-18 17:17:52] INFO: INI ALAMAT TABLENYA :  D:\Work\Mii\TEMPLATES\ssrtemplates\.angular\prerender-root\cfb57f76-1899-44cc-b088-b2a77c95d9ed\data\admdb.sqlite
[2025-09-18 17:17:52] INFO: INI ALAMAT TABLENYA :  D:\Work\Mii\TEMPLATES\ssrtemplates\.angular\prerender-root\c8d57e7a-64ab-43cd-8b61-09de00432534\data\admdb.sqlite
[2025-09-18 17:17:52] INFO: INI ALAMAT TABLENYA :  D:\Work\Mii\TEMPLATES\ssrtemplates\.angular\prerender-root\82633f9d-4a65-41ef-b9be-b2609fa41b8c\data\admdb.sqlite
[2025-09-18 17:17:52] INFO: INI ALAMAT TABLENYA :  D:\Work\Mii\TEMPLATES\ssrtemplates\.angular\prerender-root\d9cd7696-394c-42b3-ac6b-567ccc15d3d4\data\admdb.sqlite
[2025-09-18 17:18:23] INFO: INI ALAMAT TABLENYA :  D:\Work\Mii\TEMPLATES\ssrtemplates\dist\ssrtemplates\server\data\admdb.sqlite
[2025-09-18 17:32:57] INFO: INI ALAMAT TABLENYA :  D:\Work\Mii\TEMPLATES\ssrtemplates\.angular\prerender-root\f16b891e-7bdf-46d0-835f-d67696f7fee0\data\admdb.sqlite
[2025-09-18 17:32:59] INFO: INI ALAMAT TABLENYA :  D:\Work\Mii\TEMPLATES\ssrtemplates\.angular\prerender-root\bddd4921-2a25-453e-8557-2dd3dab84ddd\data\admdb.sqlite
[2025-09-18 17:32:59] INFO: INI ALAMAT TABLENYA :  D:\Work\Mii\TEMPLATES\ssrtemplates\.angular\prerender-root\e6eaa740-c10e-4996-a815-f03461e59f41\data\admdb.sqlite
[2025-09-18 17:32:59] INFO: INI ALAMAT TABLENYA :  D:\Work\Mii\TEMPLATES\ssrtemplates\.angular\prerender-root\b31f521c-f026-4d4b-b552-cc4f606439c4\data\admdb.sqlite
[2025-09-18 17:32:59] INFO: INI ALAMAT TABLENYA :  D:\Work\Mii\TEMPLATES\ssrtemplates\.angular\prerender-root\86f412da-aad0-4278-9fb9-ef25176fd80d\data\admdb.sqlite
[2025-09-18 17:42:49] INFO: INI ALAMAT TABLENYA :  D:\Work\Mii\TEMPLATES\ssrtemplates\.angular\prerender-root\745e87c2-e879-4593-9d50-f10940af6f7b\data\admdb.sqlite
[2025-09-18 17:42:50] INFO: INI ALAMAT TABLENYA :  D:\Work\Mii\TEMPLATES\ssrtemplates\.angular\prerender-root\b9f9a428-ce10-4629-abab-7d085eb338b4\data\admdb.sqlite
[2025-09-18 17:42:50] INFO: INI ALAMAT TABLENYA :  D:\Work\Mii\TEMPLATES\ssrtemplates\.angular\prerender-root\c664b9d7-a5f9-4593-90f4-ca8e79b721b0\data\admdb.sqlite
[2025-09-18 17:42:50] INFO: INI ALAMAT TABLENYA :  D:\Work\Mii\TEMPLATES\ssrtemplates\.angular\prerender-root\dff09ee4-3dbd-44c2-9e2c-b5c0337e2af9\data\admdb.sqlite
[2025-09-18 17:42:50] INFO: INI ALAMAT TABLENYA :  D:\Work\Mii\TEMPLATES\ssrtemplates\.angular\prerender-root\028bf8f6-b6ab-4f82-aff4-e9e8bfc4ebb8\data\admdb.sqlite
[2025-09-18 17:43:41] INFO: INI ALAMAT TABLENYA :  D:\Work\Mii\TEMPLATES\ssrtemplates\dist\ssrtemplates\server\data\admdb.sqlite
[2025-09-18 17:46:01] INFO: INI ALAMAT TABLENYA :  D:\Work\Mii\TEMPLATES\ssrtemplates\.angular\prerender-root\ba9d498b-4aea-4519-9942-fadcb50105d3\data\admdb.sqlite
[2025-09-18 17:46:03] INFO: INI ALAMAT TABLENYA :  D:\Work\Mii\TEMPLATES\ssrtemplates\.angular\prerender-root\4f0254b0-497f-451f-a69c-68447669aabc\data\admdb.sqlite
[2025-09-18 17:46:03] INFO: INI ALAMAT TABLENYA :  D:\Work\Mii\TEMPLATES\ssrtemplates\.angular\prerender-root\a598b7bb-e39c-4284-b237-e3ff84b80583\data\admdb.sqlite
[2025-09-18 17:46:03] INFO: INI ALAMAT TABLENYA :  D:\Work\Mii\TEMPLATES\ssrtemplates\.angular\prerender-root\a4eacd86-cf1d-4e83-93d4-78a4c3279a76\data\admdb.sqlite
[2025-09-18 17:46:03] INFO: INI ALAMAT TABLENYA :  D:\Work\Mii\TEMPLATES\ssrtemplates\.angular\prerender-root\5f377cf0-07b7-4902-82be-77f38c2f8857\data\admdb.sqlite
[2025-09-18 17:46:09] INFO: INI ALAMAT TABLENYA :  D:\Work\Mii\TEMPLATES\ssrtemplates\dist\ssrtemplates\server\data\admdb.sqlite
[2025-09-18 17:46:52] INFO: INI ALAMAT TABLENYA :  D:\Work\Mii\TEMPLATES\ssrtemplates\.angular\prerender-root\6e921359-bba5-4790-8280-cb26a4d11014\data\admdb.sqlite
[2025-09-18 17:46:53] INFO: INI ALAMAT TABLENYA :  D:\Work\Mii\TEMPLATES\ssrtemplates\.angular\prerender-root\e2347c3e-1407-4dd8-9e1f-4f0004eb2356\data\admdb.sqlite
[2025-09-18 17:46:53] INFO: INI ALAMAT TABLENYA :  D:\Work\Mii\TEMPLATES\ssrtemplates\.angular\prerender-root\cdf99540-0bcb-414b-9eb2-0b3fd6263ce2\data\admdb.sqlite
[2025-09-18 17:46:53] INFO: INI ALAMAT TABLENYA :  D:\Work\Mii\TEMPLATES\ssrtemplates\.angular\prerender-root\0c9f5aac-5aff-436f-bc49-0898da4e9ddd\data\admdb.sqlite
[2025-09-18 17:46:53] INFO: INI ALAMAT TABLENYA :  D:\Work\Mii\TEMPLATES\ssrtemplates\.angular\prerender-root\7226b4fc-51d7-47f9-a588-660f62f1d341\data\admdb.sqlite
[2025-09-18 17:47:00] INFO: INI ALAMAT TABLENYA :  D:\Work\Mii\TEMPLATES\ssrtemplates\dist\ssrtemplates\server\data\admdb.sqlite
[2025-09-18 17:48:25] INFO: INI ALAMAT TABLENYA :  D:\Work\Mii\TEMPLATES\ssrtemplates\.angular\prerender-root\b46daa22-1172-4a83-b33b-20325ebeaaa0\data\admdb.sqlite
[2025-09-18 17:48:26] INFO: INI ALAMAT TABLENYA :  D:\Work\Mii\TEMPLATES\ssrtemplates\.angular\prerender-root\01d199bb-b79b-4176-bf14-3fdcf2c189e1\data\admdb.sqlite
[2025-09-18 17:48:26] INFO: INI ALAMAT TABLENYA :  D:\Work\Mii\TEMPLATES\ssrtemplates\.angular\prerender-root\ab114a35-aecc-4013-84a2-4169183d30a1\data\admdb.sqlite
[2025-09-18 17:48:26] INFO: INI ALAMAT TABLENYA :  D:\Work\Mii\TEMPLATES\ssrtemplates\.angular\prerender-root\a0fa4343-ef9a-46ca-87b4-8dff8f728784\data\admdb.sqlite
[2025-09-18 17:48:26] INFO: INI ALAMAT TABLENYA :  D:\Work\Mii\TEMPLATES\ssrtemplates\.angular\prerender-root\69c87339-04ad-4e73-a8a1-20c428a48f34\data\admdb.sqlite
[2025-09-18 17:48:32] INFO: INI ALAMAT TABLENYA :  D:\Work\Mii\TEMPLATES\ssrtemplates\dist\ssrtemplates\server\data\admdb.sqlite
[2025-09-18 17:50:14] INFO: INI ALAMAT TABLENYA :  D:\Work\Mii\TEMPLATES\ssrtemplates\.angular\prerender-root\97dba718-38c3-44cd-b23a-cec5080754e6\data\admdb.sqlite
[2025-09-18 17:50:16] INFO: INI ALAMAT TABLENYA :  D:\Work\Mii\TEMPLATES\ssrtemplates\.angular\prerender-root\f7117ac4-e377-48ee-9845-5b26c52e5c64\data\admdb.sqlite
[2025-09-18 17:50:16] INFO: INI ALAMAT TABLENYA :  D:\Work\Mii\TEMPLATES\ssrtemplates\.angular\prerender-root\6e81c40e-ba2b-46b6-87d9-d004aa2a61ac\data\admdb.sqlite
[2025-09-18 17:50:16] INFO: INI ALAMAT TABLENYA :  D:\Work\Mii\TEMPLATES\ssrtemplates\.angular\prerender-root\d791913a-df05-4d49-9117-51ba501d7907\data\admdb.sqlite
[2025-09-18 17:50:16] INFO: INI ALAMAT TABLENYA :  D:\Work\Mii\TEMPLATES\ssrtemplates\.angular\prerender-root\162bbd54-f5fc-43ad-ba19-263536652349\data\admdb.sqlite
[2025-09-18 17:50:22] INFO: INI ALAMAT TABLENYA :  D:\Work\Mii\TEMPLATES\ssrtemplates\dist\ssrtemplates\server\data\admdb.sqlite
