[2025-09-20 14:15:20] INFO: INI ALAMAT TABLENYA :  D:\Work\Mii\TEMPLATES\ssrtemplates\.angular\prerender-root\95d993a8-a98f-4bf4-b912-48748436bcbc\data\admdb.sqlite
[2025-09-20 14:15:36] INFO: INI ALAMAT TABLENYA :  D:\Work\Mii\TEMPLATES\ssrtemplates\.angular\prerender-root\54c84202-7ba6-47f1-9a1a-441fb6f5177d\data\admdb.sqlite
[2025-09-20 14:15:43] INFO: INI ALAMAT TABLENYA :  D:\Work\Mii\TEMPLATES\ssrtemplates\.angular\prerender-root\ca87ecdf-dab1-48b1-8eb3-8d3a60c304d1\data\admdb.sqlite
[2025-09-20 14:15:43] INFO: INI ALAMAT TABLENYA :  D:\Work\Mii\TEMPLATES\ssrtemplates\.angular\prerender-root\acc55e01-80c9-4144-9340-fa39e60d81fd\data\admdb.sqlite
[2025-09-20 14:15:43] INFO: INI ALAMAT TABLENYA :  D:\Work\Mii\TEMPLATES\ssrtemplates\.angular\prerender-root\b0376c1c-1984-487b-b6d1-e9230f128b45\data\admdb.sqlite
[2025-09-20 14:15:43] INFO: INI ALAMAT TABLENYA :  D:\Work\Mii\TEMPLATES\ssrtemplates\.angular\prerender-root\2ce2ba93-e678-472b-b646-83ac55b64201\data\admdb.sqlite
[2025-09-20 14:16:00] INFO: INI ALAMAT TABLENYA :  D:\Work\Mii\TEMPLATES\ssrtemplates\dist\ssrtemplates\server\data\admdb.sqlite
[2025-09-20 14:22:07] INFO: INI ALAMAT TABLENYA :  D:\Work\Mii\TEMPLATES\ssrtemplates\.angular\prerender-root\b55c305d-08ef-4d94-ab8b-8939ab4a6856\data\admdb.sqlite
[2025-09-20 14:22:09] INFO: INI ALAMAT TABLENYA :  D:\Work\Mii\TEMPLATES\ssrtemplates\.angular\prerender-root\b33af27f-5944-40b6-9d9c-4362b3f02f6f\data\admdb.sqlite
[2025-09-20 14:22:09] INFO: INI ALAMAT TABLENYA :  D:\Work\Mii\TEMPLATES\ssrtemplates\.angular\prerender-root\2b82105c-d0fa-48a4-84a4-17a4ceaa2ea4\data\admdb.sqlite
[2025-09-20 14:22:09] INFO: INI ALAMAT TABLENYA :  D:\Work\Mii\TEMPLATES\ssrtemplates\.angular\prerender-root\62807859-1117-485e-8d3d-107b44648b13\data\admdb.sqlite
[2025-09-20 14:22:09] INFO: INI ALAMAT TABLENYA :  D:\Work\Mii\TEMPLATES\ssrtemplates\.angular\prerender-root\858c6d2f-0182-4b8e-891b-046d84e3ff3e\data\admdb.sqlite
[2025-09-20 14:22:16] INFO: INI ALAMAT TABLENYA :  D:\Work\Mii\TEMPLATES\ssrtemplates\dist\ssrtemplates\server\data\admdb.sqlite
[2025-09-20 14:47:01] INFO: INI ALAMAT TABLENYA :  D:\Work\Mii\TEMPLATES\ssrtemplates\.angular\prerender-root\7d4afafc-2f23-43b5-80d1-20e9b4652c27\data\admdb.sqlite
[2025-09-20 14:47:03] INFO: INI ALAMAT TABLENYA :  D:\Work\Mii\TEMPLATES\ssrtemplates\.angular\prerender-root\d745e8dd-6ef2-4c87-9cca-c90473111711\data\admdb.sqlite
[2025-09-20 14:47:03] INFO: INI ALAMAT TABLENYA :  D:\Work\Mii\TEMPLATES\ssrtemplates\.angular\prerender-root\f049276c-2c04-4be0-b935-675acf2827e0\data\admdb.sqlite
[2025-09-20 14:47:03] INFO: INI ALAMAT TABLENYA :  D:\Work\Mii\TEMPLATES\ssrtemplates\.angular\prerender-root\539ca65f-651d-4659-bfd4-232f85008c54\data\admdb.sqlite
[2025-09-20 14:47:03] INFO: INI ALAMAT TABLENYA :  D:\Work\Mii\TEMPLATES\ssrtemplates\.angular\prerender-root\5e7c8b3c-bfe9-485d-ad2f-c1db9519752d\data\admdb.sqlite
[2025-09-20 14:47:10] INFO: INI ALAMAT TABLENYA :  D:\Work\Mii\TEMPLATES\ssrtemplates\dist\ssrtemplates\server\data\admdb.sqlite
[2025-09-20 14:49:19] INFO: INI ALAMAT TABLENYA :  D:\Work\Mii\TEMPLATES\ssrtemplates\.angular\prerender-root\871e60aa-2e3f-49b3-ae8d-91fa4200f64e\data\admdb.sqlite
[2025-09-20 14:49:20] INFO: INI ALAMAT TABLENYA :  D:\Work\Mii\TEMPLATES\ssrtemplates\.angular\prerender-root\6b983860-6781-4a12-a5fa-2f37434c31e8\data\admdb.sqlite
[2025-09-20 14:49:20] INFO: INI ALAMAT TABLENYA :  D:\Work\Mii\TEMPLATES\ssrtemplates\.angular\prerender-root\187911b2-8528-4db5-b57d-1def8d4d6e42\data\admdb.sqlite
[2025-09-20 14:49:20] INFO: INI ALAMAT TABLENYA :  D:\Work\Mii\TEMPLATES\ssrtemplates\.angular\prerender-root\a1edf4b6-9b1f-4ae6-8125-50d3f9989270\data\admdb.sqlite
[2025-09-20 14:49:20] INFO: INI ALAMAT TABLENYA :  D:\Work\Mii\TEMPLATES\ssrtemplates\.angular\prerender-root\ff3bf8a1-169a-4897-b2d8-dbb37a3ff2fe\data\admdb.sqlite
[2025-09-20 14:49:28] INFO: INI ALAMAT TABLENYA :  D:\Work\Mii\TEMPLATES\ssrtemplates\dist\ssrtemplates\server\data\admdb.sqlite
[2025-09-20 14:51:01] INFO: INI ALAMAT TABLENYA :  D:\Work\Mii\TEMPLATES\ssrtemplates\.angular\prerender-root\2e0f7e11-531d-4dbf-9772-c9a9ce6c52ff\data\admdb.sqlite
[2025-09-20 14:51:03] INFO: INI ALAMAT TABLENYA :  D:\Work\Mii\TEMPLATES\ssrtemplates\.angular\prerender-root\33006bf4-43c6-46bd-93d6-acff4809b0eb\data\admdb.sqlite
[2025-09-20 14:51:03] INFO: INI ALAMAT TABLENYA :  D:\Work\Mii\TEMPLATES\ssrtemplates\.angular\prerender-root\370b997c-4d70-4664-8ace-4f52c337bf29\data\admdb.sqlite
[2025-09-20 14:51:03] INFO: INI ALAMAT TABLENYA :  D:\Work\Mii\TEMPLATES\ssrtemplates\.angular\prerender-root\e410172b-b652-4095-9d96-f19c059cc7d3\data\admdb.sqlite
[2025-09-20 14:51:03] INFO: INI ALAMAT TABLENYA :  D:\Work\Mii\TEMPLATES\ssrtemplates\.angular\prerender-root\73eaa6c8-31dd-4b32-9e23-302b6353c6e3\data\admdb.sqlite
[2025-09-20 14:51:12] INFO: INI ALAMAT TABLENYA :  D:\Work\Mii\TEMPLATES\ssrtemplates\dist\ssrtemplates\server\data\admdb.sqlite
[2025-09-20 14:53:51] INFO: INI ALAMAT TABLENYA :  D:\Work\Mii\TEMPLATES\ssrtemplates\.angular\prerender-root\31cf9351-db8b-4303-a8f6-2ac6bdeb34cc\data\admdb.sqlite
[2025-09-20 14:53:52] INFO: INI ALAMAT TABLENYA :  D:\Work\Mii\TEMPLATES\ssrtemplates\.angular\prerender-root\fa47b9b9-a054-4441-90b6-3c0c8f641d9a\data\admdb.sqlite
[2025-09-20 14:53:52] INFO: INI ALAMAT TABLENYA :  D:\Work\Mii\TEMPLATES\ssrtemplates\.angular\prerender-root\71522491-a0e4-4e8b-8efc-e08b69da2f21\data\admdb.sqlite
[2025-09-20 14:53:52] INFO: INI ALAMAT TABLENYA :  D:\Work\Mii\TEMPLATES\ssrtemplates\.angular\prerender-root\dedf89a5-8e1f-4bd0-94ca-8d685ca60f8d\data\admdb.sqlite
[2025-09-20 14:53:52] INFO: INI ALAMAT TABLENYA :  D:\Work\Mii\TEMPLATES\ssrtemplates\.angular\prerender-root\d1768c90-3d6b-4a3d-abb7-a6e4896a5e36\data\admdb.sqlite
[2025-09-20 14:53:58] INFO: INI ALAMAT TABLENYA :  D:\Work\Mii\TEMPLATES\ssrtemplates\dist\ssrtemplates\server\data\admdb.sqlite
[2025-09-20 14:56:42] INFO: INI ALAMAT TABLENYA :  D:\Work\Mii\TEMPLATES\ssrtemplates\.angular\prerender-root\7a0fa765-07b9-4b19-8683-e0d22a991660\data\admdb.sqlite
[2025-09-20 14:56:44] INFO: INI ALAMAT TABLENYA :  D:\Work\Mii\TEMPLATES\ssrtemplates\.angular\prerender-root\8e702489-a136-4116-a234-c9b0960da518\data\admdb.sqlite
[2025-09-20 14:56:44] INFO: INI ALAMAT TABLENYA :  D:\Work\Mii\TEMPLATES\ssrtemplates\.angular\prerender-root\9f702bac-4cf5-453b-81c0-cd414b3bc13b\data\admdb.sqlite
[2025-09-20 14:56:44] INFO: INI ALAMAT TABLENYA :  D:\Work\Mii\TEMPLATES\ssrtemplates\.angular\prerender-root\32dcb64d-b121-41bc-90a4-9112f6bfc43f\data\admdb.sqlite
[2025-09-20 14:56:44] INFO: INI ALAMAT TABLENYA :  D:\Work\Mii\TEMPLATES\ssrtemplates\.angular\prerender-root\24c6fc4a-8578-45e2-98e8-972aeb596db4\data\admdb.sqlite
[2025-09-20 14:56:50] INFO: INI ALAMAT TABLENYA :  D:\Work\Mii\TEMPLATES\ssrtemplates\dist\ssrtemplates\server\data\admdb.sqlite
[2025-09-20 14:59:02] INFO: INI ALAMAT TABLENYA :  D:\Work\Mii\TEMPLATES\ssrtemplates\.angular\prerender-root\bb3ce5f2-e0f2-4781-adf5-547064220ae8\data\admdb.sqlite
[2025-09-20 14:59:04] INFO: INI ALAMAT TABLENYA :  D:\Work\Mii\TEMPLATES\ssrtemplates\.angular\prerender-root\3ee7330c-3db3-4a89-9e44-82e571a4808c\data\admdb.sqlite
[2025-09-20 14:59:04] INFO: INI ALAMAT TABLENYA :  D:\Work\Mii\TEMPLATES\ssrtemplates\.angular\prerender-root\ed2b55c2-562d-4dcb-9857-a4d0f83469e8\data\admdb.sqlite
[2025-09-20 14:59:04] INFO: INI ALAMAT TABLENYA :  D:\Work\Mii\TEMPLATES\ssrtemplates\.angular\prerender-root\84ed5c72-b6bf-4a48-8783-545998bf1e12\data\admdb.sqlite
[2025-09-20 14:59:04] INFO: INI ALAMAT TABLENYA :  D:\Work\Mii\TEMPLATES\ssrtemplates\.angular\prerender-root\f26ecdee-b2fc-4af5-8eac-68715c21eb28\data\admdb.sqlite
[2025-09-20 14:59:16] INFO: INI ALAMAT TABLENYA :  D:\Work\Mii\TEMPLATES\ssrtemplates\dist\ssrtemplates\server\data\admdb.sqlite
[2025-09-20 15:00:51] INFO: INI ALAMAT TABLENYA :  D:\Work\Mii\TEMPLATES\ssrtemplates\.angular\prerender-root\1c004f1b-a1cf-4ecb-83a2-dfcba1edd82c\data\admdb.sqlite
[2025-09-20 15:00:53] INFO: INI ALAMAT TABLENYA :  D:\Work\Mii\TEMPLATES\ssrtemplates\.angular\prerender-root\79e9a456-213d-489c-bd11-767e8b78917f\data\admdb.sqlite
[2025-09-20 15:00:53] INFO: INI ALAMAT TABLENYA :  D:\Work\Mii\TEMPLATES\ssrtemplates\.angular\prerender-root\07ddc8ad-a4f9-4dd2-b3c8-20d16325176e\data\admdb.sqlite
[2025-09-20 15:00:53] INFO: INI ALAMAT TABLENYA :  D:\Work\Mii\TEMPLATES\ssrtemplates\.angular\prerender-root\d7bbff28-7ae1-4165-91af-1dd1f5c168db\data\admdb.sqlite
[2025-09-20 15:00:53] INFO: INI ALAMAT TABLENYA :  D:\Work\Mii\TEMPLATES\ssrtemplates\.angular\prerender-root\89d416da-4cff-4152-9f93-8223811b9f54\data\admdb.sqlite
[2025-09-20 15:02:30] INFO: INI ALAMAT TABLENYA :  D:\Work\Mii\TEMPLATES\ssrtemplates\dist\ssrtemplates\server\data\admdb.sqlite
[2025-09-20 15:05:02] INFO: INI ALAMAT TABLENYA :  D:\Work\Mii\TEMPLATES\ssrtemplates\.angular\prerender-root\c72ccb27-3d19-4dd2-8063-f8ccfe7770d3\data\admdb.sqlite
[2025-09-20 15:05:04] INFO: INI ALAMAT TABLENYA :  D:\Work\Mii\TEMPLATES\ssrtemplates\.angular\prerender-root\8ac76b54-c739-42cb-87a9-c7bac6f008f0\data\admdb.sqlite
[2025-09-20 15:05:04] INFO: INI ALAMAT TABLENYA :  D:\Work\Mii\TEMPLATES\ssrtemplates\.angular\prerender-root\c7b48018-6f25-428c-b2a6-fcb0ddbac35b\data\admdb.sqlite
[2025-09-20 15:05:04] INFO: INI ALAMAT TABLENYA :  D:\Work\Mii\TEMPLATES\ssrtemplates\.angular\prerender-root\63712a4f-8e2e-4970-9403-ac8237f59c40\data\admdb.sqlite
[2025-09-20 15:05:04] INFO: INI ALAMAT TABLENYA :  D:\Work\Mii\TEMPLATES\ssrtemplates\.angular\prerender-root\c9beab96-00ef-4b91-bd71-17d3d3a9577a\data\admdb.sqlite
[2025-09-20 15:05:13] INFO: INI ALAMAT TABLENYA :  D:\Work\Mii\TEMPLATES\ssrtemplates\dist\ssrtemplates\server\data\admdb.sqlite
[2025-09-20 15:14:12] INFO: INI ALAMAT TABLENYA :  D:\Work\Mii\TEMPLATES\ssrtemplates\.angular\prerender-root\d0627aad-9f13-4efe-a6c0-68a93221aa29\data\admdb.sqlite
[2025-09-20 15:14:14] INFO: INI ALAMAT TABLENYA :  D:\Work\Mii\TEMPLATES\ssrtemplates\.angular\prerender-root\8386f4a9-fcd7-4d27-a7c4-854607358687\data\admdb.sqlite
[2025-09-20 15:14:14] INFO: INI ALAMAT TABLENYA :  D:\Work\Mii\TEMPLATES\ssrtemplates\.angular\prerender-root\ca2a8563-6d01-423f-a807-21e7988cecee\data\admdb.sqlite
[2025-09-20 15:14:14] INFO: INI ALAMAT TABLENYA :  D:\Work\Mii\TEMPLATES\ssrtemplates\.angular\prerender-root\977559e1-5be8-41a0-8f95-2996e7e72fa6\data\admdb.sqlite
[2025-09-20 15:14:14] INFO: INI ALAMAT TABLENYA :  D:\Work\Mii\TEMPLATES\ssrtemplates\.angular\prerender-root\3f666308-d299-41a8-b18b-ae4da1899ae4\data\admdb.sqlite
[2025-09-20 15:14:30] INFO: INI ALAMAT TABLENYA :  D:\Work\Mii\TEMPLATES\ssrtemplates\dist\ssrtemplates\server\data\admdb.sqlite
[2025-09-20 15:19:48] INFO: INI ALAMAT TABLENYA :  D:\Work\Mii\TEMPLATES\ssrtemplates\.angular\prerender-root\5c179f34-c697-4233-b4b6-1cb83c0490bd\data\admdb.sqlite
[2025-09-20 15:19:49] INFO: INI ALAMAT TABLENYA :  D:\Work\Mii\TEMPLATES\ssrtemplates\.angular\prerender-root\732415b4-3d16-469d-a7ac-9c23514b6ef4\data\admdb.sqlite
[2025-09-20 15:19:49] INFO: INI ALAMAT TABLENYA :  D:\Work\Mii\TEMPLATES\ssrtemplates\.angular\prerender-root\917569e5-752e-4b01-a16e-1e8d96db6c03\data\admdb.sqlite
[2025-09-20 15:19:49] INFO: INI ALAMAT TABLENYA :  D:\Work\Mii\TEMPLATES\ssrtemplates\.angular\prerender-root\681ec636-85b3-4d1c-9226-7397ad61c3e8\data\admdb.sqlite
[2025-09-20 15:19:49] INFO: INI ALAMAT TABLENYA :  D:\Work\Mii\TEMPLATES\ssrtemplates\.angular\prerender-root\1a520fc5-e041-40a3-9a5c-94247d0f4ee9\data\admdb.sqlite
[2025-09-20 15:20:16] INFO: INI ALAMAT TABLENYA :  D:\Work\Mii\TEMPLATES\ssrtemplates\dist\ssrtemplates\server\data\admdb.sqlite
[2025-09-20 15:21:51] INFO: INI ALAMAT TABLENYA :  D:\Work\Mii\TEMPLATES\ssrtemplates\.angular\prerender-root\94c1850d-ad42-43cd-8a72-131ae1e2b22a\data\admdb.sqlite
[2025-09-20 15:21:52] INFO: INI ALAMAT TABLENYA :  D:\Work\Mii\TEMPLATES\ssrtemplates\.angular\prerender-root\df2b3db1-0d65-4fda-b480-690ce06f61eb\data\admdb.sqlite
[2025-09-20 15:21:52] INFO: INI ALAMAT TABLENYA :  D:\Work\Mii\TEMPLATES\ssrtemplates\.angular\prerender-root\b55939f3-6bae-432d-88fe-80f5ab61b79d\data\admdb.sqlite
[2025-09-20 15:21:52] INFO: INI ALAMAT TABLENYA :  D:\Work\Mii\TEMPLATES\ssrtemplates\.angular\prerender-root\8fd02474-ef6f-4e7e-a1af-cff02946f9d9\data\admdb.sqlite
[2025-09-20 15:21:52] INFO: INI ALAMAT TABLENYA :  D:\Work\Mii\TEMPLATES\ssrtemplates\.angular\prerender-root\03562a04-2817-45d4-94c9-51d9ce7cd625\data\admdb.sqlite
[2025-09-20 15:21:59] INFO: INI ALAMAT TABLENYA :  D:\Work\Mii\TEMPLATES\ssrtemplates\dist\ssrtemplates\server\data\admdb.sqlite
[2025-09-20 15:23:15] INFO: INI ALAMAT TABLENYA :  D:\Work\Mii\TEMPLATES\ssrtemplates\.angular\prerender-root\1867ccc2-6148-4819-9fcd-3c45fa11ae07\data\admdb.sqlite
[2025-09-20 15:23:17] INFO: INI ALAMAT TABLENYA :  D:\Work\Mii\TEMPLATES\ssrtemplates\.angular\prerender-root\e2db9e5a-4aff-4a2e-ad35-ab4519b2faee\data\admdb.sqlite
[2025-09-20 15:23:17] INFO: INI ALAMAT TABLENYA :  D:\Work\Mii\TEMPLATES\ssrtemplates\.angular\prerender-root\56743e2e-0ea1-4128-acd2-d5d84f596951\data\admdb.sqlite
[2025-09-20 15:23:17] INFO: INI ALAMAT TABLENYA :  D:\Work\Mii\TEMPLATES\ssrtemplates\.angular\prerender-root\e2e407c6-4297-4507-8ea0-a60e6fd4e8b7\data\admdb.sqlite
[2025-09-20 15:23:17] INFO: INI ALAMAT TABLENYA :  D:\Work\Mii\TEMPLATES\ssrtemplates\.angular\prerender-root\11475646-cd08-4726-a4b7-73a787815614\data\admdb.sqlite
[2025-09-20 15:23:24] INFO: INI ALAMAT TABLENYA :  D:\Work\Mii\TEMPLATES\ssrtemplates\dist\ssrtemplates\server\data\admdb.sqlite
[2025-09-20 15:27:58] INFO: INI ALAMAT TABLENYA :  D:\Work\Mii\TEMPLATES\ssrtemplates\.angular\prerender-root\83b7481f-2175-4e3f-a2cb-6b44db0910a0\data\admdb.sqlite
[2025-09-20 15:28:00] INFO: INI ALAMAT TABLENYA :  D:\Work\Mii\TEMPLATES\ssrtemplates\.angular\prerender-root\591643d8-8b9d-4c42-a2a1-96b508276e15\data\admdb.sqlite
[2025-09-20 15:28:00] INFO: INI ALAMAT TABLENYA :  D:\Work\Mii\TEMPLATES\ssrtemplates\.angular\prerender-root\7b551825-a5bc-4d52-bd15-09367b384778\data\admdb.sqlite
[2025-09-20 15:28:00] INFO: INI ALAMAT TABLENYA :  D:\Work\Mii\TEMPLATES\ssrtemplates\.angular\prerender-root\b97859eb-cc0c-402b-89f7-6b5bd66867bd\data\admdb.sqlite
[2025-09-20 15:28:00] INFO: INI ALAMAT TABLENYA :  D:\Work\Mii\TEMPLATES\ssrtemplates\.angular\prerender-root\46933cd8-c300-4933-b7e5-306f806e32bb\data\admdb.sqlite
[2025-09-20 15:28:06] INFO: INI ALAMAT TABLENYA :  D:\Work\Mii\TEMPLATES\ssrtemplates\dist\ssrtemplates\server\data\admdb.sqlite
[2025-09-20 15:30:10] INFO: INI ALAMAT TABLENYA :  D:\Work\Mii\TEMPLATES\ssrtemplates\.angular\prerender-root\f93ae79f-7b63-4483-becd-e1c336a67666\data\admdb.sqlite
[2025-09-20 15:30:12] INFO: INI ALAMAT TABLENYA :  D:\Work\Mii\TEMPLATES\ssrtemplates\.angular\prerender-root\7d7cddd6-79d1-4559-98a3-af2efaee389f\data\admdb.sqlite
[2025-09-20 15:30:12] INFO: INI ALAMAT TABLENYA :  D:\Work\Mii\TEMPLATES\ssrtemplates\.angular\prerender-root\d4ec95a5-4cc6-4173-9692-b8c31af25b99\data\admdb.sqlite
[2025-09-20 15:30:12] INFO: INI ALAMAT TABLENYA :  D:\Work\Mii\TEMPLATES\ssrtemplates\.angular\prerender-root\e9c5d1ba-68e4-4be1-8d13-5e16df049a88\data\admdb.sqlite
[2025-09-20 15:30:12] INFO: INI ALAMAT TABLENYA :  D:\Work\Mii\TEMPLATES\ssrtemplates\.angular\prerender-root\78769a74-534c-4afd-940c-9374d345fdb1\data\admdb.sqlite
[2025-09-20 15:30:18] INFO: INI ALAMAT TABLENYA :  D:\Work\Mii\TEMPLATES\ssrtemplates\dist\ssrtemplates\server\data\admdb.sqlite
[2025-09-20 15:32:16] INFO: INI ALAMAT TABLENYA :  D:\Work\Mii\TEMPLATES\ssrtemplates\.angular\prerender-root\b3b01f9c-5045-40bb-9c2b-e4dd10130190\data\admdb.sqlite
[2025-09-20 15:32:18] INFO: INI ALAMAT TABLENYA :  D:\Work\Mii\TEMPLATES\ssrtemplates\.angular\prerender-root\7adb887c-8210-4866-912a-e7942e4c52ad\data\admdb.sqlite
[2025-09-20 15:32:18] INFO: INI ALAMAT TABLENYA :  D:\Work\Mii\TEMPLATES\ssrtemplates\.angular\prerender-root\ed8d6ed8-e503-4e7d-9d46-9816ace17fdb\data\admdb.sqlite
[2025-09-20 15:32:18] INFO: INI ALAMAT TABLENYA :  D:\Work\Mii\TEMPLATES\ssrtemplates\.angular\prerender-root\25c48dbd-6e00-45ca-877c-b07f10e29a39\data\admdb.sqlite
[2025-09-20 15:32:18] INFO: INI ALAMAT TABLENYA :  D:\Work\Mii\TEMPLATES\ssrtemplates\.angular\prerender-root\8cf97b8d-97ba-499d-9bff-123a213b2494\data\admdb.sqlite
[2025-09-20 15:32:24] INFO: INI ALAMAT TABLENYA :  D:\Work\Mii\TEMPLATES\ssrtemplates\dist\ssrtemplates\server\data\admdb.sqlite
[2025-09-20 15:33:54] INFO: INI ALAMAT TABLENYA :  D:\Work\Mii\TEMPLATES\ssrtemplates\.angular\prerender-root\b5c2c56f-aed4-4200-89a9-1a34d4b2c6cf\data\admdb.sqlite
[2025-09-20 15:33:56] INFO: INI ALAMAT TABLENYA :  D:\Work\Mii\TEMPLATES\ssrtemplates\.angular\prerender-root\40315da5-8648-4e39-b09b-32c3b6bd98d2\data\admdb.sqlite
[2025-09-20 15:33:56] INFO: INI ALAMAT TABLENYA :  D:\Work\Mii\TEMPLATES\ssrtemplates\.angular\prerender-root\96cf6dd4-3b52-41d1-83dc-e8527366b03f\data\admdb.sqlite
[2025-09-20 15:33:56] INFO: INI ALAMAT TABLENYA :  D:\Work\Mii\TEMPLATES\ssrtemplates\.angular\prerender-root\12b4fd7b-4193-41c2-9f08-ca5aea482383\data\admdb.sqlite
[2025-09-20 15:33:56] INFO: INI ALAMAT TABLENYA :  D:\Work\Mii\TEMPLATES\ssrtemplates\.angular\prerender-root\55310d80-5804-41c4-bb62-2ca2f62a2e15\data\admdb.sqlite
[2025-09-20 15:34:02] INFO: INI ALAMAT TABLENYA :  D:\Work\Mii\TEMPLATES\ssrtemplates\dist\ssrtemplates\server\data\admdb.sqlite
[2025-09-20 15:35:46] INFO: INI ALAMAT TABLENYA :  D:\Work\Mii\TEMPLATES\ssrtemplates\.angular\prerender-root\03741f79-3de5-423e-bfb0-ab80ece4948e\data\admdb.sqlite
[2025-09-20 15:35:47] INFO: INI ALAMAT TABLENYA :  D:\Work\Mii\TEMPLATES\ssrtemplates\.angular\prerender-root\13fe67ff-f29e-4144-8c40-bd21e50a8572\data\admdb.sqlite
[2025-09-20 15:35:47] INFO: INI ALAMAT TABLENYA :  D:\Work\Mii\TEMPLATES\ssrtemplates\.angular\prerender-root\6bbb18bd-2dad-403f-85aa-42e120f7e527\data\admdb.sqlite
[2025-09-20 15:35:47] INFO: INI ALAMAT TABLENYA :  D:\Work\Mii\TEMPLATES\ssrtemplates\.angular\prerender-root\f982f0ed-8f97-44a9-9b1e-f85bae1c5b76\data\admdb.sqlite
[2025-09-20 15:35:47] INFO: INI ALAMAT TABLENYA :  D:\Work\Mii\TEMPLATES\ssrtemplates\.angular\prerender-root\f8f86bb5-2753-4155-bef3-487e456adb2e\data\admdb.sqlite
[2025-09-20 15:35:54] INFO: INI ALAMAT TABLENYA :  D:\Work\Mii\TEMPLATES\ssrtemplates\dist\ssrtemplates\server\data\admdb.sqlite
[2025-09-20 15:37:33] INFO: INI ALAMAT TABLENYA :  D:\Work\Mii\TEMPLATES\ssrtemplates\.angular\prerender-root\4e762f20-d48d-4c33-a84b-75429e5ca17f\data\admdb.sqlite
[2025-09-20 15:37:35] INFO: INI ALAMAT TABLENYA :  D:\Work\Mii\TEMPLATES\ssrtemplates\.angular\prerender-root\a89cc898-b947-45eb-8a1c-6269a9eb76ce\data\admdb.sqlite
[2025-09-20 15:37:35] INFO: INI ALAMAT TABLENYA :  D:\Work\Mii\TEMPLATES\ssrtemplates\.angular\prerender-root\5ee491fb-5fd4-4b25-aedc-35a3d774d114\data\admdb.sqlite
[2025-09-20 15:37:35] INFO: INI ALAMAT TABLENYA :  D:\Work\Mii\TEMPLATES\ssrtemplates\.angular\prerender-root\e84c70bc-b118-4588-9d4b-f3ad57ff9b76\data\admdb.sqlite
[2025-09-20 15:37:35] INFO: INI ALAMAT TABLENYA :  D:\Work\Mii\TEMPLATES\ssrtemplates\.angular\prerender-root\7571bf91-7563-439e-8e82-ed2c2652a151\data\admdb.sqlite
[2025-09-20 15:37:41] INFO: INI ALAMAT TABLENYA :  D:\Work\Mii\TEMPLATES\ssrtemplates\dist\ssrtemplates\server\data\admdb.sqlite
[2025-09-20 15:41:10] INFO: INI ALAMAT TABLENYA :  D:\Work\Mii\TEMPLATES\ssrtemplates\.angular\prerender-root\3ae5aa4d-935d-44a4-8f9d-622b233cba86\data\admdb.sqlite
[2025-09-20 15:41:12] INFO: INI ALAMAT TABLENYA :  D:\Work\Mii\TEMPLATES\ssrtemplates\.angular\prerender-root\cc63346a-bd79-48fc-ab80-cc7e0537a13a\data\admdb.sqlite
[2025-09-20 15:41:12] INFO: INI ALAMAT TABLENYA :  D:\Work\Mii\TEMPLATES\ssrtemplates\.angular\prerender-root\0e73ab80-7396-450d-9e6a-e401ddd6b8b2\data\admdb.sqlite
[2025-09-20 15:41:12] INFO: INI ALAMAT TABLENYA :  D:\Work\Mii\TEMPLATES\ssrtemplates\.angular\prerender-root\f19ad68d-c1ba-49e7-bf84-ddc3c59e4208\data\admdb.sqlite
[2025-09-20 15:41:12] INFO: INI ALAMAT TABLENYA :  D:\Work\Mii\TEMPLATES\ssrtemplates\.angular\prerender-root\39e0c7bb-1eb9-47c4-9b2a-47202dc6f162\data\admdb.sqlite
[2025-09-20 15:41:21] INFO: INI ALAMAT TABLENYA :  D:\Work\Mii\TEMPLATES\ssrtemplates\dist\ssrtemplates\server\data\admdb.sqlite
[2025-09-20 15:42:40] INFO: INI ALAMAT TABLENYA :  D:\Work\Mii\TEMPLATES\ssrtemplates\.angular\prerender-root\58836482-cfb7-46d4-87be-f0105acad390\data\admdb.sqlite
[2025-09-20 15:42:41] INFO: INI ALAMAT TABLENYA :  D:\Work\Mii\TEMPLATES\ssrtemplates\.angular\prerender-root\6aec650e-a680-4ced-a456-90e1db95aad9\data\admdb.sqlite
[2025-09-20 15:42:41] INFO: INI ALAMAT TABLENYA :  D:\Work\Mii\TEMPLATES\ssrtemplates\.angular\prerender-root\bf9aac02-1e8c-48a1-ae09-3d860063c946\data\admdb.sqlite
[2025-09-20 15:42:41] INFO: INI ALAMAT TABLENYA :  D:\Work\Mii\TEMPLATES\ssrtemplates\.angular\prerender-root\64dccdc6-f2fb-401d-96c5-40a152eadbf3\data\admdb.sqlite
[2025-09-20 15:42:41] INFO: INI ALAMAT TABLENYA :  D:\Work\Mii\TEMPLATES\ssrtemplates\.angular\prerender-root\0896443c-b905-4b5d-84ae-1e337eeb663b\data\admdb.sqlite
[2025-09-20 15:42:47] INFO: INI ALAMAT TABLENYA :  D:\Work\Mii\TEMPLATES\ssrtemplates\dist\ssrtemplates\server\data\admdb.sqlite
[2025-09-20 15:43:28] INFO: INI ALAMAT TABLENYA :  D:\Work\Mii\TEMPLATES\ssrtemplates\.angular\prerender-root\468bca94-8be0-48e0-bc65-f98bfe5d6e8c\data\admdb.sqlite
[2025-09-20 15:43:29] INFO: INI ALAMAT TABLENYA :  D:\Work\Mii\TEMPLATES\ssrtemplates\.angular\prerender-root\ce632e36-7d4a-45a5-b576-9825ac5e652e\data\admdb.sqlite
[2025-09-20 15:43:29] INFO: INI ALAMAT TABLENYA :  D:\Work\Mii\TEMPLATES\ssrtemplates\.angular\prerender-root\9da615f0-3ca3-404b-b481-e0964cd3535a\data\admdb.sqlite
[2025-09-20 15:43:29] INFO: INI ALAMAT TABLENYA :  D:\Work\Mii\TEMPLATES\ssrtemplates\.angular\prerender-root\716b04a8-0c54-48e6-ac97-baba123ff391\data\admdb.sqlite
[2025-09-20 15:43:29] INFO: INI ALAMAT TABLENYA :  D:\Work\Mii\TEMPLATES\ssrtemplates\.angular\prerender-root\006de4c7-afa6-4b33-8a37-80504e5f5473\data\admdb.sqlite
[2025-09-20 15:43:35] INFO: INI ALAMAT TABLENYA :  D:\Work\Mii\TEMPLATES\ssrtemplates\dist\ssrtemplates\server\data\admdb.sqlite
[2025-09-20 15:46:59] INFO: INI ALAMAT TABLENYA :  D:\Work\Mii\TEMPLATES\ssrtemplates\.angular\prerender-root\60dec8b5-bbd2-44a1-bd8d-cb4044f9a6c5\data\admdb.sqlite
[2025-09-20 15:47:00] INFO: INI ALAMAT TABLENYA :  D:\Work\Mii\TEMPLATES\ssrtemplates\.angular\prerender-root\6a1cc35a-cd0b-41aa-bf61-a85f9f1fcf15\data\admdb.sqlite
[2025-09-20 15:47:00] INFO: INI ALAMAT TABLENYA :  D:\Work\Mii\TEMPLATES\ssrtemplates\.angular\prerender-root\696e7049-cd80-4590-809b-72cd412f8f08\data\admdb.sqlite
[2025-09-20 15:47:00] INFO: INI ALAMAT TABLENYA :  D:\Work\Mii\TEMPLATES\ssrtemplates\.angular\prerender-root\93eb43ed-4693-4bcc-86cc-32d17079aceb\data\admdb.sqlite
[2025-09-20 15:47:00] INFO: INI ALAMAT TABLENYA :  D:\Work\Mii\TEMPLATES\ssrtemplates\.angular\prerender-root\0e09084b-e9d7-442e-87ca-fdfde3b9efe0\data\admdb.sqlite
[2025-09-20 15:48:47] INFO: INI ALAMAT TABLENYA :  D:\Work\Mii\TEMPLATES\ssrtemplates\.angular\prerender-root\1db6d287-d21e-4703-9744-465852ea3443\data\admdb.sqlite
[2025-09-20 15:48:48] INFO: INI ALAMAT TABLENYA :  D:\Work\Mii\TEMPLATES\ssrtemplates\.angular\prerender-root\95dc593b-8e9e-49aa-9a35-36ba47f8af18\data\admdb.sqlite
[2025-09-20 15:48:48] INFO: INI ALAMAT TABLENYA :  D:\Work\Mii\TEMPLATES\ssrtemplates\.angular\prerender-root\72925cbf-439b-49f1-9ad3-cc80498b5366\data\admdb.sqlite
[2025-09-20 15:48:48] INFO: INI ALAMAT TABLENYA :  D:\Work\Mii\TEMPLATES\ssrtemplates\.angular\prerender-root\86a7cf70-e3a1-4c5a-96f8-6209504969b8\data\admdb.sqlite
[2025-09-20 15:48:48] INFO: INI ALAMAT TABLENYA :  D:\Work\Mii\TEMPLATES\ssrtemplates\.angular\prerender-root\f79feafe-a1d1-476c-8968-4e6838d7ca3e\data\admdb.sqlite
[2025-09-20 15:48:54] INFO: INI ALAMAT TABLENYA :  D:\Work\Mii\TEMPLATES\ssrtemplates\dist\ssrtemplates\server\data\admdb.sqlite
[2025-09-20 15:50:10] INFO: INI ALAMAT TABLENYA :  D:\Work\Mii\TEMPLATES\ssrtemplates\.angular\prerender-root\8e49d6c7-466d-42df-bdaa-1be67cbb475c\data\admdb.sqlite
[2025-09-20 15:50:11] INFO: INI ALAMAT TABLENYA :  D:\Work\Mii\TEMPLATES\ssrtemplates\.angular\prerender-root\f158bf65-2290-4032-b52d-71c736b08a4e\data\admdb.sqlite
[2025-09-20 15:50:11] INFO: INI ALAMAT TABLENYA :  D:\Work\Mii\TEMPLATES\ssrtemplates\.angular\prerender-root\f2a0df62-e91d-4856-990a-83d95a392e7e\data\admdb.sqlite
[2025-09-20 15:50:11] INFO: INI ALAMAT TABLENYA :  D:\Work\Mii\TEMPLATES\ssrtemplates\.angular\prerender-root\9153a42d-73ac-47fd-81ab-3ce1a353caf0\data\admdb.sqlite
[2025-09-20 15:50:11] INFO: INI ALAMAT TABLENYA :  D:\Work\Mii\TEMPLATES\ssrtemplates\.angular\prerender-root\e393805d-e082-4059-a0ae-9175e382bfc4\data\admdb.sqlite
[2025-09-20 15:50:19] INFO: INI ALAMAT TABLENYA :  D:\Work\Mii\TEMPLATES\ssrtemplates\dist\ssrtemplates\server\data\admdb.sqlite
[2025-09-20 15:54:42] INFO: INI ALAMAT TABLENYA :  D:\Work\Mii\TEMPLATES\ssrtemplates\.angular\prerender-root\1dfdd2fd-c1c0-435d-8878-643800f7e710\data\admdb.sqlite
[2025-09-20 15:54:43] INFO: INI ALAMAT TABLENYA :  D:\Work\Mii\TEMPLATES\ssrtemplates\.angular\prerender-root\a5c60f1c-0147-408c-bb0e-e60856dba3ef\data\admdb.sqlite
[2025-09-20 15:54:43] INFO: INI ALAMAT TABLENYA :  D:\Work\Mii\TEMPLATES\ssrtemplates\.angular\prerender-root\7c827eb5-99a7-4030-b3a0-646a3826ff33\data\admdb.sqlite
[2025-09-20 15:54:43] INFO: INI ALAMAT TABLENYA :  D:\Work\Mii\TEMPLATES\ssrtemplates\.angular\prerender-root\525e319e-ec70-4964-92d7-7e29eec03560\data\admdb.sqlite
[2025-09-20 15:54:43] INFO: INI ALAMAT TABLENYA :  D:\Work\Mii\TEMPLATES\ssrtemplates\.angular\prerender-root\bc8c1a9b-7903-4ffe-b067-0767fb640f88\data\admdb.sqlite
[2025-09-20 15:54:49] INFO: INI ALAMAT TABLENYA :  D:\Work\Mii\TEMPLATES\ssrtemplates\dist\ssrtemplates\server\data\admdb.sqlite
[2025-09-20 15:56:11] INFO: INI ALAMAT TABLENYA :  D:\Work\Mii\TEMPLATES\ssrtemplates\.angular\prerender-root\75d94852-a649-4b87-b4a3-eb9aa93cc567\data\admdb.sqlite
[2025-09-20 15:56:12] INFO: INI ALAMAT TABLENYA :  D:\Work\Mii\TEMPLATES\ssrtemplates\.angular\prerender-root\4b9b31a2-2120-4a81-97da-874682e5fbad\data\admdb.sqlite
[2025-09-20 15:56:12] INFO: INI ALAMAT TABLENYA :  D:\Work\Mii\TEMPLATES\ssrtemplates\.angular\prerender-root\76e1a5e2-dcbc-4946-b679-e295580b6379\data\admdb.sqlite
[2025-09-20 15:56:12] INFO: INI ALAMAT TABLENYA :  D:\Work\Mii\TEMPLATES\ssrtemplates\.angular\prerender-root\05277be9-8d8b-458d-af05-49cf616a10e2\data\admdb.sqlite
[2025-09-20 15:56:12] INFO: INI ALAMAT TABLENYA :  D:\Work\Mii\TEMPLATES\ssrtemplates\.angular\prerender-root\30c3df18-b041-4e79-a057-e9c3a20d7607\data\admdb.sqlite
[2025-09-20 15:56:19] INFO: INI ALAMAT TABLENYA :  D:\Work\Mii\TEMPLATES\ssrtemplates\dist\ssrtemplates\server\data\admdb.sqlite
[2025-09-20 15:57:22] INFO: INI ALAMAT TABLENYA :  D:\Work\Mii\TEMPLATES\ssrtemplates\.angular\prerender-root\9cf0cbef-5d2b-4791-9030-4fe6410eb7d5\data\admdb.sqlite
[2025-09-20 15:57:24] INFO: INI ALAMAT TABLENYA :  D:\Work\Mii\TEMPLATES\ssrtemplates\.angular\prerender-root\a79e8ced-57ae-4aa0-b341-8d852009bbf0\data\admdb.sqlite
[2025-09-20 15:57:24] INFO: INI ALAMAT TABLENYA :  D:\Work\Mii\TEMPLATES\ssrtemplates\.angular\prerender-root\3d4fd160-cd9f-4b57-ba71-93232ddd35bd\data\admdb.sqlite
[2025-09-20 15:57:24] INFO: INI ALAMAT TABLENYA :  D:\Work\Mii\TEMPLATES\ssrtemplates\.angular\prerender-root\e303248d-4706-4ec6-be7d-56813301db19\data\admdb.sqlite
[2025-09-20 15:57:24] INFO: INI ALAMAT TABLENYA :  D:\Work\Mii\TEMPLATES\ssrtemplates\.angular\prerender-root\f66d15e1-1b4a-4d2f-b502-fb30c67c32a9\data\admdb.sqlite
[2025-09-20 15:57:30] INFO: INI ALAMAT TABLENYA :  D:\Work\Mii\TEMPLATES\ssrtemplates\dist\ssrtemplates\server\data\admdb.sqlite
[2025-09-20 15:58:01] INFO: INI ALAMAT TABLENYA :  D:\Work\Mii\TEMPLATES\ssrtemplates\.angular\prerender-root\4fdd14f9-f978-4b20-961d-d0a8d8f20e96\data\admdb.sqlite
[2025-09-20 15:58:02] INFO: INI ALAMAT TABLENYA :  D:\Work\Mii\TEMPLATES\ssrtemplates\.angular\prerender-root\16067943-f137-4481-9b38-56ad987cf839\data\admdb.sqlite
[2025-09-20 15:58:02] INFO: INI ALAMAT TABLENYA :  D:\Work\Mii\TEMPLATES\ssrtemplates\.angular\prerender-root\a7f2dc78-5315-4569-aa59-1748da2d7762\data\admdb.sqlite
[2025-09-20 15:58:02] INFO: INI ALAMAT TABLENYA :  D:\Work\Mii\TEMPLATES\ssrtemplates\.angular\prerender-root\835156ab-4979-4599-aeb1-690fa6ffed76\data\admdb.sqlite
[2025-09-20 15:58:02] INFO: INI ALAMAT TABLENYA :  D:\Work\Mii\TEMPLATES\ssrtemplates\.angular\prerender-root\7ccdf908-5283-4086-96e2-6e33cdf1dd8c\data\admdb.sqlite
[2025-09-20 15:58:08] INFO: INI ALAMAT TABLENYA :  D:\Work\Mii\TEMPLATES\ssrtemplates\dist\ssrtemplates\server\data\admdb.sqlite
[2025-09-20 15:58:43] INFO: INI ALAMAT TABLENYA :  D:\Work\Mii\TEMPLATES\ssrtemplates\.angular\prerender-root\e5d353cd-dfc4-4708-a2d0-8e9532475cb9\data\admdb.sqlite
[2025-09-20 15:58:45] INFO: INI ALAMAT TABLENYA :  D:\Work\Mii\TEMPLATES\ssrtemplates\.angular\prerender-root\2f7970ff-e562-4226-9183-4c4411d3d2d1\data\admdb.sqlite
[2025-09-20 15:58:45] INFO: INI ALAMAT TABLENYA :  D:\Work\Mii\TEMPLATES\ssrtemplates\.angular\prerender-root\4c8e825e-1169-4c26-9476-e4a8a85d3812\data\admdb.sqlite
[2025-09-20 15:58:45] INFO: INI ALAMAT TABLENYA :  D:\Work\Mii\TEMPLATES\ssrtemplates\.angular\prerender-root\ea57db9f-9be8-410b-891b-a9ad3821746a\data\admdb.sqlite
[2025-09-20 15:58:45] INFO: INI ALAMAT TABLENYA :  D:\Work\Mii\TEMPLATES\ssrtemplates\.angular\prerender-root\a64d0807-8bb9-4189-9b84-b581b8562488\data\admdb.sqlite
[2025-09-20 15:58:51] INFO: INI ALAMAT TABLENYA :  D:\Work\Mii\TEMPLATES\ssrtemplates\dist\ssrtemplates\server\data\admdb.sqlite
[2025-09-20 15:59:16] INFO: INI ALAMAT TABLENYA :  D:\Work\Mii\TEMPLATES\ssrtemplates\.angular\prerender-root\47dcdb8c-b83b-4144-a24f-cd8c41df352b\data\admdb.sqlite
[2025-09-20 15:59:17] INFO: INI ALAMAT TABLENYA :  D:\Work\Mii\TEMPLATES\ssrtemplates\.angular\prerender-root\373fdc80-a703-4faa-9fd7-abf1a2102452\data\admdb.sqlite
[2025-09-20 15:59:17] INFO: INI ALAMAT TABLENYA :  D:\Work\Mii\TEMPLATES\ssrtemplates\.angular\prerender-root\7057749b-64d0-450b-b1b3-aac78460a13f\data\admdb.sqlite
[2025-09-20 15:59:17] INFO: INI ALAMAT TABLENYA :  D:\Work\Mii\TEMPLATES\ssrtemplates\.angular\prerender-root\b8a44c71-5cf5-44c4-9347-7947b8fbc946\data\admdb.sqlite
[2025-09-20 15:59:17] INFO: INI ALAMAT TABLENYA :  D:\Work\Mii\TEMPLATES\ssrtemplates\.angular\prerender-root\0d16bbd9-dad2-4040-933e-dbda6149d898\data\admdb.sqlite
[2025-09-20 15:59:25] INFO: INI ALAMAT TABLENYA :  D:\Work\Mii\TEMPLATES\ssrtemplates\dist\ssrtemplates\server\data\admdb.sqlite
[2025-09-20 16:01:54] INFO: INI ALAMAT TABLENYA :  D:\Work\Mii\TEMPLATES\ssrtemplates\.angular\prerender-root\ed3f1046-01ad-49b7-90e7-ec77d8199c85\data\admdb.sqlite
[2025-09-20 16:01:56] INFO: INI ALAMAT TABLENYA :  D:\Work\Mii\TEMPLATES\ssrtemplates\.angular\prerender-root\6e4d3afd-1721-49c7-8e95-b894d86b03e6\data\admdb.sqlite
[2025-09-20 16:01:56] INFO: INI ALAMAT TABLENYA :  D:\Work\Mii\TEMPLATES\ssrtemplates\.angular\prerender-root\7968db8c-6b84-4f95-807a-afe3d7d5ff2b\data\admdb.sqlite
[2025-09-20 16:01:56] INFO: INI ALAMAT TABLENYA :  D:\Work\Mii\TEMPLATES\ssrtemplates\.angular\prerender-root\d5cdba4a-481b-4b46-8c66-d5f20e91da87\data\admdb.sqlite
[2025-09-20 16:01:56] INFO: INI ALAMAT TABLENYA :  D:\Work\Mii\TEMPLATES\ssrtemplates\.angular\prerender-root\9e024995-ccdc-4532-8707-e082b049354e\data\admdb.sqlite
[2025-09-20 16:02:02] INFO: INI ALAMAT TABLENYA :  D:\Work\Mii\TEMPLATES\ssrtemplates\dist\ssrtemplates\server\data\admdb.sqlite
[2025-09-20 16:03:38] INFO: INI ALAMAT TABLENYA :  D:\Work\Mii\TEMPLATES\ssrtemplates\.angular\prerender-root\1f81e8d1-8b06-452f-81ae-cb4b3f8fcab0\data\admdb.sqlite
[2025-09-20 16:03:40] INFO: INI ALAMAT TABLENYA :  D:\Work\Mii\TEMPLATES\ssrtemplates\.angular\prerender-root\75b9a132-dfc1-4343-96bd-c2345fbc7709\data\admdb.sqlite
[2025-09-20 16:03:40] INFO: INI ALAMAT TABLENYA :  D:\Work\Mii\TEMPLATES\ssrtemplates\.angular\prerender-root\0484b0c6-349b-42f5-b126-539d2322d8b4\data\admdb.sqlite
[2025-09-20 16:03:40] INFO: INI ALAMAT TABLENYA :  D:\Work\Mii\TEMPLATES\ssrtemplates\.angular\prerender-root\41e90167-e0aa-49c8-b7f9-4119021e0338\data\admdb.sqlite
[2025-09-20 16:03:40] INFO: INI ALAMAT TABLENYA :  D:\Work\Mii\TEMPLATES\ssrtemplates\.angular\prerender-root\d37f32eb-af2f-406c-b085-ab57fdfcd30c\data\admdb.sqlite
[2025-09-20 16:03:46] INFO: INI ALAMAT TABLENYA :  D:\Work\Mii\TEMPLATES\ssrtemplates\dist\ssrtemplates\server\data\admdb.sqlite
[2025-09-20 16:04:58] INFO: INI ALAMAT TABLENYA :  D:\Work\Mii\TEMPLATES\ssrtemplates\.angular\prerender-root\17ed5fd6-d3a7-43c8-9fb4-84a8db127880\data\admdb.sqlite
[2025-09-20 16:05:00] INFO: INI ALAMAT TABLENYA :  D:\Work\Mii\TEMPLATES\ssrtemplates\.angular\prerender-root\08acaf18-503c-4057-a369-fe20d845f05c\data\admdb.sqlite
[2025-09-20 16:05:00] INFO: INI ALAMAT TABLENYA :  D:\Work\Mii\TEMPLATES\ssrtemplates\.angular\prerender-root\04f428b9-f9a6-4dd5-ac41-d693d9390d81\data\admdb.sqlite
[2025-09-20 16:05:00] INFO: INI ALAMAT TABLENYA :  D:\Work\Mii\TEMPLATES\ssrtemplates\.angular\prerender-root\34f05039-c854-4e58-9b54-528d19a58b1e\data\admdb.sqlite
[2025-09-20 16:05:00] INFO: INI ALAMAT TABLENYA :  D:\Work\Mii\TEMPLATES\ssrtemplates\.angular\prerender-root\03a5aecb-ae34-48cb-a9ed-fcaf0d61ec4d\data\admdb.sqlite
[2025-09-20 16:05:07] INFO: INI ALAMAT TABLENYA :  D:\Work\Mii\TEMPLATES\ssrtemplates\dist\ssrtemplates\server\data\admdb.sqlite
[2025-09-20 16:07:58] INFO: INI ALAMAT TABLENYA :  D:\Work\Mii\TEMPLATES\ssrtemplates\.angular\prerender-root\1f48659a-19f3-4b0a-b0fb-b8c39fa85c02\data\admdb.sqlite
[2025-09-20 16:08:00] INFO: INI ALAMAT TABLENYA :  D:\Work\Mii\TEMPLATES\ssrtemplates\.angular\prerender-root\bd6fc64a-06c0-4ff6-a7d9-1b5e1a848f3f\data\admdb.sqlite
[2025-09-20 16:08:00] INFO: INI ALAMAT TABLENYA :  D:\Work\Mii\TEMPLATES\ssrtemplates\.angular\prerender-root\a7f7a8dd-01ab-4666-a372-1a1fd8c370c5\data\admdb.sqlite
[2025-09-20 16:08:00] INFO: INI ALAMAT TABLENYA :  D:\Work\Mii\TEMPLATES\ssrtemplates\.angular\prerender-root\0e86ea64-86d0-4942-a709-62be911272a0\data\admdb.sqlite
[2025-09-20 16:08:00] INFO: INI ALAMAT TABLENYA :  D:\Work\Mii\TEMPLATES\ssrtemplates\.angular\prerender-root\ff405301-b1e9-4031-885d-24069105d0ef\data\admdb.sqlite
[2025-09-20 16:08:07] INFO: INI ALAMAT TABLENYA :  D:\Work\Mii\TEMPLATES\ssrtemplates\dist\ssrtemplates\server\data\admdb.sqlite
[2025-09-20 16:08:49] INFO: INI ALAMAT TABLENYA :  D:\Work\Mii\TEMPLATES\ssrtemplates\.angular\prerender-root\d856575f-5f29-4139-8eb8-547b6d35112a\data\admdb.sqlite
[2025-09-20 16:08:51] INFO: INI ALAMAT TABLENYA :  D:\Work\Mii\TEMPLATES\ssrtemplates\.angular\prerender-root\93fd0422-3021-469c-91ae-af0f4cd9bca7\data\admdb.sqlite
[2025-09-20 16:08:51] INFO: INI ALAMAT TABLENYA :  D:\Work\Mii\TEMPLATES\ssrtemplates\.angular\prerender-root\9f83c91c-9d1a-4a69-9ea9-3bbd83e96df3\data\admdb.sqlite
[2025-09-20 16:08:51] INFO: INI ALAMAT TABLENYA :  D:\Work\Mii\TEMPLATES\ssrtemplates\.angular\prerender-root\bbddba78-4fbc-45a2-aa5f-c4169e215462\data\admdb.sqlite
[2025-09-20 16:08:51] INFO: INI ALAMAT TABLENYA :  D:\Work\Mii\TEMPLATES\ssrtemplates\.angular\prerender-root\56601b3b-5035-402f-87c0-64db97c0da4a\data\admdb.sqlite
[2025-09-20 16:08:57] INFO: INI ALAMAT TABLENYA :  D:\Work\Mii\TEMPLATES\ssrtemplates\dist\ssrtemplates\server\data\admdb.sqlite
[2025-09-20 16:10:42] INFO: INI ALAMAT TABLENYA :  D:\Work\Mii\TEMPLATES\ssrtemplates\.angular\prerender-root\aa1353f1-72d8-4dc2-beab-8a0392af1add\data\admdb.sqlite
[2025-09-20 16:10:44] INFO: INI ALAMAT TABLENYA :  D:\Work\Mii\TEMPLATES\ssrtemplates\.angular\prerender-root\c3a60122-bdb0-40da-82da-64fc2e4a81b2\data\admdb.sqlite
[2025-09-20 16:10:44] INFO: INI ALAMAT TABLENYA :  D:\Work\Mii\TEMPLATES\ssrtemplates\.angular\prerender-root\64af3f87-acc9-4848-9c11-2b63048e8522\data\admdb.sqlite
[2025-09-20 16:10:44] INFO: INI ALAMAT TABLENYA :  D:\Work\Mii\TEMPLATES\ssrtemplates\.angular\prerender-root\0fc2edc1-c072-4980-b502-12166c718646\data\admdb.sqlite
[2025-09-20 16:10:44] INFO: INI ALAMAT TABLENYA :  D:\Work\Mii\TEMPLATES\ssrtemplates\.angular\prerender-root\05714b51-0bbf-4179-801b-eec7b804f4aa\data\admdb.sqlite
[2025-09-20 16:11:00] INFO: INI ALAMAT TABLENYA :  D:\Work\Mii\TEMPLATES\ssrtemplates\dist\ssrtemplates\server\data\admdb.sqlite
[2025-09-20 16:11:35] INFO: INI ALAMAT TABLENYA :  D:\Work\Mii\TEMPLATES\ssrtemplates\.angular\prerender-root\63fb176b-e702-40ea-ab0e-2bba83464d08\data\admdb.sqlite
[2025-09-20 16:11:37] INFO: INI ALAMAT TABLENYA :  D:\Work\Mii\TEMPLATES\ssrtemplates\.angular\prerender-root\25ed0879-70e0-4b7c-ad2b-90d9a81536dd\data\admdb.sqlite
[2025-09-20 16:11:37] INFO: INI ALAMAT TABLENYA :  D:\Work\Mii\TEMPLATES\ssrtemplates\.angular\prerender-root\c563ac57-7824-435b-8b67-65a8e513d8db\data\admdb.sqlite
[2025-09-20 16:11:37] INFO: INI ALAMAT TABLENYA :  D:\Work\Mii\TEMPLATES\ssrtemplates\.angular\prerender-root\31bf6b10-4fd8-4bbb-ba48-299a5ace6eb5\data\admdb.sqlite
[2025-09-20 16:11:37] INFO: INI ALAMAT TABLENYA :  D:\Work\Mii\TEMPLATES\ssrtemplates\.angular\prerender-root\c1b2e90d-1384-437d-bec8-895112b6b5fe\data\admdb.sqlite
[2025-09-20 16:12:15] INFO: INI ALAMAT TABLENYA :  D:\Work\Mii\TEMPLATES\ssrtemplates\.angular\prerender-root\567c4905-ebca-46f4-ba68-12d5484df1a7\data\admdb.sqlite
[2025-09-20 16:12:17] INFO: INI ALAMAT TABLENYA :  D:\Work\Mii\TEMPLATES\ssrtemplates\.angular\prerender-root\ed35f6da-65bd-487b-b615-0ea86a29d4d8\data\admdb.sqlite
[2025-09-20 16:12:17] INFO: INI ALAMAT TABLENYA :  D:\Work\Mii\TEMPLATES\ssrtemplates\.angular\prerender-root\1feec0ad-fe4d-4cac-82a3-10e2429e5c3a\data\admdb.sqlite
[2025-09-20 16:12:17] INFO: INI ALAMAT TABLENYA :  D:\Work\Mii\TEMPLATES\ssrtemplates\.angular\prerender-root\8943e7c8-2553-4a1c-844a-d85d83334bed\data\admdb.sqlite
[2025-09-20 16:12:17] INFO: INI ALAMAT TABLENYA :  D:\Work\Mii\TEMPLATES\ssrtemplates\.angular\prerender-root\b7ff47af-d374-40c3-9154-7ec880e27853\data\admdb.sqlite
[2025-09-20 16:12:23] INFO: INI ALAMAT TABLENYA :  D:\Work\Mii\TEMPLATES\ssrtemplates\dist\ssrtemplates\server\data\admdb.sqlite
[2025-09-20 16:13:08] INFO: INI ALAMAT TABLENYA :  D:\Work\Mii\TEMPLATES\ssrtemplates\.angular\prerender-root\153fe18b-fa40-4861-9fc1-440f89cd450f\data\admdb.sqlite
[2025-09-20 16:13:09] INFO: INI ALAMAT TABLENYA :  D:\Work\Mii\TEMPLATES\ssrtemplates\.angular\prerender-root\ba7394fc-b0ef-4f47-8ca8-f51a0ae0f032\data\admdb.sqlite
[2025-09-20 16:13:09] INFO: INI ALAMAT TABLENYA :  D:\Work\Mii\TEMPLATES\ssrtemplates\.angular\prerender-root\771c85e1-eff0-4144-8b71-18ed5f5076cc\data\admdb.sqlite
[2025-09-20 16:13:09] INFO: INI ALAMAT TABLENYA :  D:\Work\Mii\TEMPLATES\ssrtemplates\.angular\prerender-root\b5ef435d-3f68-4b02-b309-64bd34b2dc8c\data\admdb.sqlite
[2025-09-20 16:13:09] INFO: INI ALAMAT TABLENYA :  D:\Work\Mii\TEMPLATES\ssrtemplates\.angular\prerender-root\60418682-0f79-4785-85b5-2d99ebeb3434\data\admdb.sqlite
[2025-09-20 16:13:27] INFO: INI ALAMAT TABLENYA :  D:\Work\Mii\TEMPLATES\ssrtemplates\dist\ssrtemplates\server\data\admdb.sqlite
[2025-09-20 16:14:42] INFO: INI ALAMAT TABLENYA :  D:\Work\Mii\TEMPLATES\ssrtemplates\.angular\prerender-root\47a938fb-ddd2-4a9c-b957-773e725b3af1\data\admdb.sqlite
[2025-09-20 16:14:43] INFO: INI ALAMAT TABLENYA :  D:\Work\Mii\TEMPLATES\ssrtemplates\.angular\prerender-root\172f4d6a-15b7-4044-bf8a-400a4f86f44d\data\admdb.sqlite
[2025-09-20 16:14:43] INFO: INI ALAMAT TABLENYA :  D:\Work\Mii\TEMPLATES\ssrtemplates\.angular\prerender-root\26878fa2-0e67-445d-b2f4-373a68942beb\data\admdb.sqlite
[2025-09-20 16:14:43] INFO: INI ALAMAT TABLENYA :  D:\Work\Mii\TEMPLATES\ssrtemplates\.angular\prerender-root\45e47a4c-e0cc-41ab-9a57-6658e33949f9\data\admdb.sqlite
[2025-09-20 16:14:43] INFO: INI ALAMAT TABLENYA :  D:\Work\Mii\TEMPLATES\ssrtemplates\.angular\prerender-root\d7553f67-5a21-4d8a-b644-e9d75e67b63f\data\admdb.sqlite
[2025-09-20 16:14:50] INFO: INI ALAMAT TABLENYA :  D:\Work\Mii\TEMPLATES\ssrtemplates\dist\ssrtemplates\server\data\admdb.sqlite
[2025-09-20 16:15:57] INFO: INI ALAMAT TABLENYA :  D:\Work\Mii\TEMPLATES\ssrtemplates\.angular\prerender-root\9f3905ec-f703-428f-a056-a114eccde93d\data\admdb.sqlite
[2025-09-20 16:15:59] INFO: INI ALAMAT TABLENYA :  D:\Work\Mii\TEMPLATES\ssrtemplates\.angular\prerender-root\75b09842-8ab5-46da-ba65-652d33ab76aa\data\admdb.sqlite
[2025-09-20 16:15:59] INFO: INI ALAMAT TABLENYA :  D:\Work\Mii\TEMPLATES\ssrtemplates\.angular\prerender-root\64d21d43-5ed6-4998-88c9-217710939800\data\admdb.sqlite
[2025-09-20 16:15:59] INFO: INI ALAMAT TABLENYA :  D:\Work\Mii\TEMPLATES\ssrtemplates\.angular\prerender-root\fd78b369-20c9-45ee-8361-f61ba72eaed6\data\admdb.sqlite
[2025-09-20 16:15:59] INFO: INI ALAMAT TABLENYA :  D:\Work\Mii\TEMPLATES\ssrtemplates\.angular\prerender-root\f54abc9c-fa20-402c-9717-f0dca31b7ead\data\admdb.sqlite
[2025-09-20 16:16:07] INFO: INI ALAMAT TABLENYA :  D:\Work\Mii\TEMPLATES\ssrtemplates\dist\ssrtemplates\server\data\admdb.sqlite
[2025-09-20 16:17:19] INFO: INI ALAMAT TABLENYA :  D:\Work\Mii\TEMPLATES\ssrtemplates\.angular\prerender-root\d3c8d1b0-213d-42d5-ae1c-6c119e92d4ab\data\admdb.sqlite
[2025-09-20 16:17:21] INFO: INI ALAMAT TABLENYA :  D:\Work\Mii\TEMPLATES\ssrtemplates\.angular\prerender-root\a717d747-07bf-47ad-a14c-6cbec81291ce\data\admdb.sqlite
[2025-09-20 16:17:21] INFO: INI ALAMAT TABLENYA :  D:\Work\Mii\TEMPLATES\ssrtemplates\.angular\prerender-root\9051a4d8-9afe-4f7f-8309-a2a50785c5c0\data\admdb.sqlite
[2025-09-20 16:17:21] INFO: INI ALAMAT TABLENYA :  D:\Work\Mii\TEMPLATES\ssrtemplates\.angular\prerender-root\2f003331-73ee-4791-b06f-e03927b116f1\data\admdb.sqlite
[2025-09-20 16:17:21] INFO: INI ALAMAT TABLENYA :  D:\Work\Mii\TEMPLATES\ssrtemplates\.angular\prerender-root\27691791-d785-490e-8dca-497627f02709\data\admdb.sqlite
[2025-09-20 16:17:28] INFO: INI ALAMAT TABLENYA :  D:\Work\Mii\TEMPLATES\ssrtemplates\dist\ssrtemplates\server\data\admdb.sqlite
[2025-09-20 16:19:37] INFO: INI ALAMAT TABLENYA :  D:\Work\Mii\TEMPLATES\ssrtemplates\.angular\prerender-root\288149ed-6796-412a-982b-83ecbfe443bc\data\admdb.sqlite
[2025-09-20 16:19:38] INFO: INI ALAMAT TABLENYA :  D:\Work\Mii\TEMPLATES\ssrtemplates\.angular\prerender-root\f44de12a-adb5-4826-9ac5-0bd9c1937a62\data\admdb.sqlite
[2025-09-20 16:19:38] INFO: INI ALAMAT TABLENYA :  D:\Work\Mii\TEMPLATES\ssrtemplates\.angular\prerender-root\ed39ff79-7d95-4be9-b183-5cc93f9f5a71\data\admdb.sqlite
[2025-09-20 16:19:38] INFO: INI ALAMAT TABLENYA :  D:\Work\Mii\TEMPLATES\ssrtemplates\.angular\prerender-root\c0dbc427-0797-4aec-8091-615e9bff289e\data\admdb.sqlite
[2025-09-20 16:19:38] INFO: INI ALAMAT TABLENYA :  D:\Work\Mii\TEMPLATES\ssrtemplates\.angular\prerender-root\f40e6cf6-61aa-4bae-8de8-32c962548c11\data\admdb.sqlite
[2025-09-20 16:19:46] INFO: INI ALAMAT TABLENYA :  D:\Work\Mii\TEMPLATES\ssrtemplates\dist\ssrtemplates\server\data\admdb.sqlite
[2025-09-20 16:32:53] INFO: INI ALAMAT TABLENYA :  D:\Work\Mii\TEMPLATES\ssrtemplates\.angular\prerender-root\837c22c0-cfc1-4615-b55c-2510903d2236\data\admdb.sqlite
[2025-09-20 16:32:54] INFO: INI ALAMAT TABLENYA :  D:\Work\Mii\TEMPLATES\ssrtemplates\.angular\prerender-root\3f5a1c15-9909-45cf-925a-8bebab875442\data\admdb.sqlite
[2025-09-20 16:32:54] INFO: INI ALAMAT TABLENYA :  D:\Work\Mii\TEMPLATES\ssrtemplates\.angular\prerender-root\be9bd22b-ddad-406e-93ae-761cc2d989a3\data\admdb.sqlite
[2025-09-20 16:32:54] INFO: INI ALAMAT TABLENYA :  D:\Work\Mii\TEMPLATES\ssrtemplates\.angular\prerender-root\71df3e3d-bd9e-4069-886c-eeb1104d9c86\data\admdb.sqlite
[2025-09-20 16:32:54] INFO: INI ALAMAT TABLENYA :  D:\Work\Mii\TEMPLATES\ssrtemplates\.angular\prerender-root\8f6ecf2e-ebdd-4ecf-ae80-6ac955119920\data\admdb.sqlite
[2025-09-20 16:33:01] INFO: INI ALAMAT TABLENYA :  D:\Work\Mii\TEMPLATES\ssrtemplates\dist\ssrtemplates\server\data\admdb.sqlite
[2025-09-20 16:34:29] INFO: INI ALAMAT TABLENYA :  D:\Work\Mii\TEMPLATES\ssrtemplates\.angular\prerender-root\a84ef406-1fc5-414f-a4b8-60750e39c711\data\admdb.sqlite
[2025-09-20 16:34:30] INFO: INI ALAMAT TABLENYA :  D:\Work\Mii\TEMPLATES\ssrtemplates\.angular\prerender-root\3039d07a-78c1-427e-814d-83c0ede0c468\data\admdb.sqlite
[2025-09-20 16:34:30] INFO: INI ALAMAT TABLENYA :  D:\Work\Mii\TEMPLATES\ssrtemplates\.angular\prerender-root\6a4ae812-c0ae-4d92-983e-7fe22401e8ba\data\admdb.sqlite
[2025-09-20 16:34:30] INFO: INI ALAMAT TABLENYA :  D:\Work\Mii\TEMPLATES\ssrtemplates\.angular\prerender-root\ea15c48f-8c53-4c79-a085-0bf22b7cae4b\data\admdb.sqlite
[2025-09-20 16:34:30] INFO: INI ALAMAT TABLENYA :  D:\Work\Mii\TEMPLATES\ssrtemplates\.angular\prerender-root\3326f395-aa86-49c6-87bc-166c7f2e4b61\data\admdb.sqlite
[2025-09-20 16:34:36] INFO: INI ALAMAT TABLENYA :  D:\Work\Mii\TEMPLATES\ssrtemplates\dist\ssrtemplates\server\data\admdb.sqlite
[2025-09-20 16:41:21] INFO: INI ALAMAT TABLENYA :  D:\Work\Mii\TEMPLATES\ssrtemplates\.angular\prerender-root\bcbeecf4-4345-43f4-b011-fc0bffb22d69\data\admdb.sqlite
[2025-09-20 16:41:23] INFO: INI ALAMAT TABLENYA :  D:\Work\Mii\TEMPLATES\ssrtemplates\.angular\prerender-root\652f2af4-a7b4-47f7-99d6-5cecc691e8dc\data\admdb.sqlite
[2025-09-20 16:41:23] INFO: INI ALAMAT TABLENYA :  D:\Work\Mii\TEMPLATES\ssrtemplates\.angular\prerender-root\06b8a2e0-c568-4871-a478-c0a73a6d01b9\data\admdb.sqlite
[2025-09-20 16:41:23] INFO: INI ALAMAT TABLENYA :  D:\Work\Mii\TEMPLATES\ssrtemplates\.angular\prerender-root\f1c8f2af-5a5e-47de-8d3c-851a95d05655\data\admdb.sqlite
[2025-09-20 16:41:23] INFO: INI ALAMAT TABLENYA :  D:\Work\Mii\TEMPLATES\ssrtemplates\.angular\prerender-root\26909235-1c1d-4549-9684-0ba1f60a753a\data\admdb.sqlite
[2025-09-20 16:41:38] INFO: INI ALAMAT TABLENYA :  D:\Work\Mii\TEMPLATES\ssrtemplates\dist\ssrtemplates\server\data\admdb.sqlite
[2025-09-20 16:50:44] INFO: INI ALAMAT TABLENYA :  D:\Work\Mii\TEMPLATES\ssrtemplates\.angular\prerender-root\170971fd-88dc-4bdd-b4cd-0a54952abf15\data\admdb.sqlite
[2025-09-20 16:50:46] INFO: INI ALAMAT TABLENYA :  D:\Work\Mii\TEMPLATES\ssrtemplates\.angular\prerender-root\17362870-b760-4d52-b8ef-5883514094fe\data\admdb.sqlite
[2025-09-20 16:50:46] INFO: INI ALAMAT TABLENYA :  D:\Work\Mii\TEMPLATES\ssrtemplates\.angular\prerender-root\d3679202-6755-463b-9fd8-2cd36a686281\data\admdb.sqlite
[2025-09-20 16:50:46] INFO: INI ALAMAT TABLENYA :  D:\Work\Mii\TEMPLATES\ssrtemplates\.angular\prerender-root\8c54ec49-2192-4391-9392-de8d716d8dc3\data\admdb.sqlite
[2025-09-20 16:50:46] INFO: INI ALAMAT TABLENYA :  D:\Work\Mii\TEMPLATES\ssrtemplates\.angular\prerender-root\50971403-2d4a-4e2f-ad1e-6a85cddc1f5d\data\admdb.sqlite
[2025-09-20 16:50:56] INFO: INI ALAMAT TABLENYA :  D:\Work\Mii\TEMPLATES\ssrtemplates\dist\ssrtemplates\server\data\admdb.sqlite
[2025-09-20 16:51:46] INFO: INI ALAMAT TABLENYA :  D:\Work\Mii\TEMPLATES\ssrtemplates\.angular\prerender-root\33db0fe8-df4a-477a-b99d-c175b08fa847\data\admdb.sqlite
[2025-09-20 16:51:48] INFO: INI ALAMAT TABLENYA :  D:\Work\Mii\TEMPLATES\ssrtemplates\.angular\prerender-root\7e6857e8-0475-43b0-a5cc-46922dddc4a2\data\admdb.sqlite
[2025-09-20 16:51:48] INFO: INI ALAMAT TABLENYA :  D:\Work\Mii\TEMPLATES\ssrtemplates\.angular\prerender-root\38bea512-c4a8-4813-8f75-c5573c400884\data\admdb.sqlite
[2025-09-20 16:51:48] INFO: INI ALAMAT TABLENYA :  D:\Work\Mii\TEMPLATES\ssrtemplates\.angular\prerender-root\59104954-9a2a-4959-b0a5-f40a1741cc0d\data\admdb.sqlite
[2025-09-20 16:51:48] INFO: INI ALAMAT TABLENYA :  D:\Work\Mii\TEMPLATES\ssrtemplates\.angular\prerender-root\567b5875-739a-4834-9219-32a2a8e2d6c9\data\admdb.sqlite
[2025-09-20 16:51:57] INFO: INI ALAMAT TABLENYA :  D:\Work\Mii\TEMPLATES\ssrtemplates\dist\ssrtemplates\server\data\admdb.sqlite
[2025-09-20 16:52:45] INFO: INI ALAMAT TABLENYA :  D:\Work\Mii\TEMPLATES\ssrtemplates\.angular\prerender-root\b2261153-af59-409e-ace3-6dce76fc2b29\data\admdb.sqlite
[2025-09-20 16:52:47] INFO: INI ALAMAT TABLENYA :  D:\Work\Mii\TEMPLATES\ssrtemplates\.angular\prerender-root\5d9835a4-746f-4b66-a327-ce6edde98c87\data\admdb.sqlite
[2025-09-20 16:52:47] INFO: INI ALAMAT TABLENYA :  D:\Work\Mii\TEMPLATES\ssrtemplates\.angular\prerender-root\172b9b56-afc8-4e7b-826e-1fad38c60f4a\data\admdb.sqlite
[2025-09-20 16:52:47] INFO: INI ALAMAT TABLENYA :  D:\Work\Mii\TEMPLATES\ssrtemplates\.angular\prerender-root\9c047535-c768-4f1b-9b72-f442a88dc09c\data\admdb.sqlite
[2025-09-20 16:52:47] INFO: INI ALAMAT TABLENYA :  D:\Work\Mii\TEMPLATES\ssrtemplates\.angular\prerender-root\896b7c58-02bc-4c11-a25a-94f852a14219\data\admdb.sqlite
[2025-09-20 16:53:16] INFO: INI ALAMAT TABLENYA :  D:\Work\Mii\TEMPLATES\ssrtemplates\.angular\prerender-root\2f57e395-868a-4266-a95f-c8593faef840\data\admdb.sqlite
[2025-09-20 16:53:18] INFO: INI ALAMAT TABLENYA :  D:\Work\Mii\TEMPLATES\ssrtemplates\.angular\prerender-root\676ec3d7-1e12-4fdd-baba-b03c1087db03\data\admdb.sqlite
[2025-09-20 16:53:18] INFO: INI ALAMAT TABLENYA :  D:\Work\Mii\TEMPLATES\ssrtemplates\.angular\prerender-root\4bfdf55f-037d-4bc3-952d-58502ec7ca2b\data\admdb.sqlite
[2025-09-20 16:53:18] INFO: INI ALAMAT TABLENYA :  D:\Work\Mii\TEMPLATES\ssrtemplates\.angular\prerender-root\5762f8d4-cda2-4f4a-a388-b96df39d745c\data\admdb.sqlite
[2025-09-20 16:53:18] INFO: INI ALAMAT TABLENYA :  D:\Work\Mii\TEMPLATES\ssrtemplates\.angular\prerender-root\b47d7ad0-b8c2-4bb5-8ec7-266c19361ea3\data\admdb.sqlite
[2025-09-20 16:53:28] INFO: INI ALAMAT TABLENYA :  D:\Work\Mii\TEMPLATES\ssrtemplates\dist\ssrtemplates\server\data\admdb.sqlite
[2025-09-20 16:55:44] INFO: INI ALAMAT TABLENYA :  D:\Work\Mii\TEMPLATES\ssrtemplates\.angular\prerender-root\6412c12b-a7fd-4d8c-ad1f-27f41b403653\data\admdb.sqlite
[2025-09-20 16:55:51] INFO: INI ALAMAT TABLENYA :  D:\Work\Mii\TEMPLATES\ssrtemplates\.angular\prerender-root\a51822cb-4e4d-4b9a-908b-4ecb7de90ebd\data\admdb.sqlite
[2025-09-20 16:55:51] INFO: INI ALAMAT TABLENYA :  D:\Work\Mii\TEMPLATES\ssrtemplates\.angular\prerender-root\8679fd6f-4a18-4ea4-8b57-692f7b94004b\data\admdb.sqlite
[2025-09-20 16:55:51] INFO: INI ALAMAT TABLENYA :  D:\Work\Mii\TEMPLATES\ssrtemplates\.angular\prerender-root\7545c2e6-0c77-47d6-b0d2-534cd1650cf8\data\admdb.sqlite
[2025-09-20 16:55:51] INFO: INI ALAMAT TABLENYA :  D:\Work\Mii\TEMPLATES\ssrtemplates\.angular\prerender-root\8c94c966-b513-49a7-a484-639feb43f43d\data\admdb.sqlite
[2025-09-20 16:56:00] INFO: INI ALAMAT TABLENYA :  D:\Work\Mii\TEMPLATES\ssrtemplates\dist\ssrtemplates\server\data\admdb.sqlite
[2025-09-20 16:57:50] INFO: INI ALAMAT TABLENYA :  D:\Work\Mii\TEMPLATES\ssrtemplates\.angular\prerender-root\4261a748-e8d6-4604-8f87-6c7fa922fec7\data\admdb.sqlite
[2025-09-20 16:57:52] INFO: INI ALAMAT TABLENYA :  D:\Work\Mii\TEMPLATES\ssrtemplates\.angular\prerender-root\f0e91967-91e3-4675-914b-9c494acf9d87\data\admdb.sqlite
[2025-09-20 16:57:52] INFO: INI ALAMAT TABLENYA :  D:\Work\Mii\TEMPLATES\ssrtemplates\.angular\prerender-root\86c16360-8399-4879-a512-0cf531d1d7c5\data\admdb.sqlite
[2025-09-20 16:57:52] INFO: INI ALAMAT TABLENYA :  D:\Work\Mii\TEMPLATES\ssrtemplates\.angular\prerender-root\adcd95dc-2d7e-4cb7-9eac-649295ef2eb6\data\admdb.sqlite
[2025-09-20 16:57:52] INFO: INI ALAMAT TABLENYA :  D:\Work\Mii\TEMPLATES\ssrtemplates\.angular\prerender-root\7c537f01-6524-48b5-805f-14e6e041aa56\data\admdb.sqlite
[2025-09-20 16:58:13] INFO: INI ALAMAT TABLENYA :  D:\Work\Mii\TEMPLATES\ssrtemplates\.angular\prerender-root\70d2024a-2439-4099-a0d2-607deb818099\data\admdb.sqlite
[2025-09-20 16:58:15] INFO: INI ALAMAT TABLENYA :  D:\Work\Mii\TEMPLATES\ssrtemplates\.angular\prerender-root\7efedec9-092b-4de0-b6d5-02975db61fa5\data\admdb.sqlite
[2025-09-20 16:58:15] INFO: INI ALAMAT TABLENYA :  D:\Work\Mii\TEMPLATES\ssrtemplates\.angular\prerender-root\d926075d-469a-4f67-8aa2-a031ff4a8b58\data\admdb.sqlite
[2025-09-20 16:58:15] INFO: INI ALAMAT TABLENYA :  D:\Work\Mii\TEMPLATES\ssrtemplates\.angular\prerender-root\41481413-9745-449c-8aba-ec11c8e82cb7\data\admdb.sqlite
[2025-09-20 16:58:15] INFO: INI ALAMAT TABLENYA :  D:\Work\Mii\TEMPLATES\ssrtemplates\.angular\prerender-root\d57989cb-7fa5-445a-9e1c-21562153d300\data\admdb.sqlite
[2025-09-20 16:58:24] INFO: INI ALAMAT TABLENYA :  D:\Work\Mii\TEMPLATES\ssrtemplates\dist\ssrtemplates\server\data\admdb.sqlite
[2025-09-20 16:59:23] INFO: INI ALAMAT TABLENYA :  D:\Work\Mii\TEMPLATES\ssrtemplates\.angular\prerender-root\f1d54b2d-ea81-4edf-9412-5c44f98c9397\data\admdb.sqlite
[2025-09-20 16:59:25] INFO: INI ALAMAT TABLENYA :  D:\Work\Mii\TEMPLATES\ssrtemplates\.angular\prerender-root\15839664-1bbf-42b9-a9e9-3a97219896af\data\admdb.sqlite
[2025-09-20 16:59:25] INFO: INI ALAMAT TABLENYA :  D:\Work\Mii\TEMPLATES\ssrtemplates\.angular\prerender-root\46ffc842-746b-46e8-b8a5-63a4242679f0\data\admdb.sqlite
[2025-09-20 16:59:25] INFO: INI ALAMAT TABLENYA :  D:\Work\Mii\TEMPLATES\ssrtemplates\.angular\prerender-root\c2383387-1ac0-4103-9014-9e0726671a90\data\admdb.sqlite
[2025-09-20 16:59:25] INFO: INI ALAMAT TABLENYA :  D:\Work\Mii\TEMPLATES\ssrtemplates\.angular\prerender-root\d6b042bc-5a67-40ed-8fcb-fce569d624a0\data\admdb.sqlite
[2025-09-20 16:59:34] INFO: INI ALAMAT TABLENYA :  D:\Work\Mii\TEMPLATES\ssrtemplates\dist\ssrtemplates\server\data\admdb.sqlite
[2025-09-20 17:00:13] INFO: INI ALAMAT TABLENYA :  D:\Work\Mii\TEMPLATES\ssrtemplates\.angular\prerender-root\a4b22985-6663-4366-b1b5-f9c26b484eb9\data\admdb.sqlite
[2025-09-20 17:00:16] INFO: INI ALAMAT TABLENYA :  D:\Work\Mii\TEMPLATES\ssrtemplates\.angular\prerender-root\7ee771b4-e082-402e-a6bf-6abadeb3caca\data\admdb.sqlite
[2025-09-20 17:00:16] INFO: INI ALAMAT TABLENYA :  D:\Work\Mii\TEMPLATES\ssrtemplates\.angular\prerender-root\06074bc7-65e4-4752-975c-7aa86ea48532\data\admdb.sqlite
[2025-09-20 17:00:16] INFO: INI ALAMAT TABLENYA :  D:\Work\Mii\TEMPLATES\ssrtemplates\.angular\prerender-root\132589ba-27d3-4bcd-b36e-df6d7fa9e747\data\admdb.sqlite
[2025-09-20 17:00:16] INFO: INI ALAMAT TABLENYA :  D:\Work\Mii\TEMPLATES\ssrtemplates\.angular\prerender-root\69b1243e-bfa2-44c2-8682-1ebb0b0dbb9a\data\admdb.sqlite
[2025-09-20 17:00:24] INFO: INI ALAMAT TABLENYA :  D:\Work\Mii\TEMPLATES\ssrtemplates\dist\ssrtemplates\server\data\admdb.sqlite
[2025-09-20 17:01:09] INFO: INI ALAMAT TABLENYA :  D:\Work\Mii\TEMPLATES\ssrtemplates\.angular\prerender-root\207ea89f-c481-4efa-80d6-d2862737fa3e\data\admdb.sqlite
[2025-09-20 17:01:17] INFO: INI ALAMAT TABLENYA :  D:\Work\Mii\TEMPLATES\ssrtemplates\.angular\prerender-root\e9c2f94e-07bd-4784-a703-de14dc2576bd\data\admdb.sqlite
[2025-09-20 17:01:17] INFO: INI ALAMAT TABLENYA :  D:\Work\Mii\TEMPLATES\ssrtemplates\.angular\prerender-root\128a223a-2cc2-40c8-9ebc-6e0a7d8405a6\data\admdb.sqlite
[2025-09-20 17:01:17] INFO: INI ALAMAT TABLENYA :  D:\Work\Mii\TEMPLATES\ssrtemplates\.angular\prerender-root\103c9fef-414e-4318-98fd-34286257465d\data\admdb.sqlite
[2025-09-20 17:01:17] INFO: INI ALAMAT TABLENYA :  D:\Work\Mii\TEMPLATES\ssrtemplates\.angular\prerender-root\d5ab4f50-73bd-4ee3-a7e7-e8f2e60bdb7d\data\admdb.sqlite
[2025-09-20 17:01:31] INFO: INI ALAMAT TABLENYA :  D:\Work\Mii\TEMPLATES\ssrtemplates\dist\ssrtemplates\server\data\admdb.sqlite
[2025-09-20 17:02:29] INFO: INI ALAMAT TABLENYA :  D:\Work\Mii\TEMPLATES\ssrtemplates\.angular\prerender-root\c10efc23-0962-4cf9-a2a8-a1b962e722b4\data\admdb.sqlite
[2025-09-20 17:02:31] INFO: INI ALAMAT TABLENYA :  D:\Work\Mii\TEMPLATES\ssrtemplates\.angular\prerender-root\8e07bd17-d983-4eb8-97ee-2c13391b2764\data\admdb.sqlite
[2025-09-20 17:02:31] INFO: INI ALAMAT TABLENYA :  D:\Work\Mii\TEMPLATES\ssrtemplates\.angular\prerender-root\f6377563-d399-4a8b-b84d-04a81d6b6ac7\data\admdb.sqlite
[2025-09-20 17:02:31] INFO: INI ALAMAT TABLENYA :  D:\Work\Mii\TEMPLATES\ssrtemplates\.angular\prerender-root\be0a31b9-ff6b-4992-ad71-1f2aed7f267a\data\admdb.sqlite
[2025-09-20 17:02:31] INFO: INI ALAMAT TABLENYA :  D:\Work\Mii\TEMPLATES\ssrtemplates\.angular\prerender-root\689092a8-1bc8-4fc3-8b8b-aaa869691291\data\admdb.sqlite
[2025-09-20 17:02:40] INFO: INI ALAMAT TABLENYA :  D:\Work\Mii\TEMPLATES\ssrtemplates\dist\ssrtemplates\server\data\admdb.sqlite
[2025-09-20 17:05:51] INFO: INI ALAMAT TABLENYA :  D:\Work\Mii\TEMPLATES\ssrtemplates\.angular\prerender-root\2110189d-144e-492d-9a9b-479ae6c4ca58\data\admdb.sqlite
[2025-09-20 17:05:53] INFO: INI ALAMAT TABLENYA :  D:\Work\Mii\TEMPLATES\ssrtemplates\.angular\prerender-root\974f56e0-b486-4ffe-8316-3245b9875e1d\data\admdb.sqlite
[2025-09-20 17:05:53] INFO: INI ALAMAT TABLENYA :  D:\Work\Mii\TEMPLATES\ssrtemplates\.angular\prerender-root\1e854bf7-dfdd-4571-9841-dadfe175c1db\data\admdb.sqlite
[2025-09-20 17:05:54] INFO: INI ALAMAT TABLENYA :  D:\Work\Mii\TEMPLATES\ssrtemplates\.angular\prerender-root\4dcaec4d-e703-4c15-9a82-47e59f140f5e\data\admdb.sqlite
[2025-09-20 17:05:54] INFO: INI ALAMAT TABLENYA :  D:\Work\Mii\TEMPLATES\ssrtemplates\.angular\prerender-root\697ae651-efae-42c5-979b-928bc364774b\data\admdb.sqlite
[2025-09-20 17:06:04] INFO: INI ALAMAT TABLENYA :  D:\Work\Mii\TEMPLATES\ssrtemplates\dist\ssrtemplates\server\data\admdb.sqlite
[2025-09-20 17:10:37] INFO: INI ALAMAT TABLENYA :  D:\Work\Mii\TEMPLATES\ssrtemplates\.angular\prerender-root\e6159c0e-d3fb-4569-bbe3-8abc26df4415\data\admdb.sqlite
[2025-09-20 17:10:40] INFO: INI ALAMAT TABLENYA :  D:\Work\Mii\TEMPLATES\ssrtemplates\.angular\prerender-root\f5f95a6d-e967-44c3-b842-4d8c0db23fd9\data\admdb.sqlite
[2025-09-20 17:10:40] INFO: INI ALAMAT TABLENYA :  D:\Work\Mii\TEMPLATES\ssrtemplates\.angular\prerender-root\7b69532a-0f21-4b3e-b988-1bef1f8a8a77\data\admdb.sqlite
[2025-09-20 17:10:40] INFO: INI ALAMAT TABLENYA :  D:\Work\Mii\TEMPLATES\ssrtemplates\.angular\prerender-root\88b19fc5-b33d-45b6-91b5-fccb31b76732\data\admdb.sqlite
[2025-09-20 17:10:40] INFO: INI ALAMAT TABLENYA :  D:\Work\Mii\TEMPLATES\ssrtemplates\.angular\prerender-root\0512fbdf-3fc1-4b43-8f58-e7377445ec6d\data\admdb.sqlite
[2025-09-20 17:11:03] INFO: INI ALAMAT TABLENYA :  D:\Work\Mii\TEMPLATES\ssrtemplates\dist\ssrtemplates\server\data\admdb.sqlite
[2025-09-20 17:12:29] INFO: INI ALAMAT TABLENYA :  D:\Work\Mii\TEMPLATES\ssrtemplates\.angular\prerender-root\219a96bf-8c46-4e61-9ee9-4e2571c47da9\data\admdb.sqlite
[2025-09-20 17:12:31] INFO: INI ALAMAT TABLENYA :  D:\Work\Mii\TEMPLATES\ssrtemplates\.angular\prerender-root\58ec49ea-684b-4d59-a12b-d4cb6446b4c9\data\admdb.sqlite
[2025-09-20 17:12:31] INFO: INI ALAMAT TABLENYA :  D:\Work\Mii\TEMPLATES\ssrtemplates\.angular\prerender-root\6dd0821e-e263-44a8-b606-45b32f081392\data\admdb.sqlite
[2025-09-20 17:12:31] INFO: INI ALAMAT TABLENYA :  D:\Work\Mii\TEMPLATES\ssrtemplates\.angular\prerender-root\72838784-64d3-4c23-8bef-b059f4184750\data\admdb.sqlite
[2025-09-20 17:12:31] INFO: INI ALAMAT TABLENYA :  D:\Work\Mii\TEMPLATES\ssrtemplates\.angular\prerender-root\18257a93-0185-4345-a2bf-d9ae53789150\data\admdb.sqlite
[2025-09-20 17:12:42] INFO: INI ALAMAT TABLENYA :  D:\Work\Mii\TEMPLATES\ssrtemplates\dist\ssrtemplates\server\data\admdb.sqlite
[2025-09-20 17:14:47] INFO: INI ALAMAT TABLENYA :  D:\Work\Mii\TEMPLATES\ssrtemplates\.angular\prerender-root\87980be5-329c-48c3-9b8f-110e6f2f098b\data\admdb.sqlite
[2025-09-20 17:14:49] INFO: INI ALAMAT TABLENYA :  D:\Work\Mii\TEMPLATES\ssrtemplates\.angular\prerender-root\d9fc9fad-ab3f-4df0-9fe1-9204aeaf14e3\data\admdb.sqlite
[2025-09-20 17:14:49] INFO: INI ALAMAT TABLENYA :  D:\Work\Mii\TEMPLATES\ssrtemplates\.angular\prerender-root\f31e4f08-f816-4f44-9926-63544c5e838f\data\admdb.sqlite
[2025-09-20 17:14:49] INFO: INI ALAMAT TABLENYA :  D:\Work\Mii\TEMPLATES\ssrtemplates\.angular\prerender-root\81217684-4231-4453-8f5c-6e3fa7e4ffb2\data\admdb.sqlite
[2025-09-20 17:14:49] INFO: INI ALAMAT TABLENYA :  D:\Work\Mii\TEMPLATES\ssrtemplates\.angular\prerender-root\9ff26dc7-cd41-4768-ad02-146348794e1b\data\admdb.sqlite
[2025-09-20 17:14:59] INFO: INI ALAMAT TABLENYA :  D:\Work\Mii\TEMPLATES\ssrtemplates\dist\ssrtemplates\server\data\admdb.sqlite
[2025-09-20 17:16:10] INFO: INI ALAMAT TABLENYA :  D:\Work\Mii\TEMPLATES\ssrtemplates\.angular\prerender-root\67e18dc7-4ea9-4e13-8126-02708069d370\data\admdb.sqlite
[2025-09-20 17:16:12] INFO: INI ALAMAT TABLENYA :  D:\Work\Mii\TEMPLATES\ssrtemplates\.angular\prerender-root\29436246-afe6-47c6-9e48-cbe0ddc33a43\data\admdb.sqlite
[2025-09-20 17:16:12] INFO: INI ALAMAT TABLENYA :  D:\Work\Mii\TEMPLATES\ssrtemplates\.angular\prerender-root\83ef6ae7-fcc2-49a9-8962-b0aeaf5c321a\data\admdb.sqlite
[2025-09-20 17:16:12] INFO: INI ALAMAT TABLENYA :  D:\Work\Mii\TEMPLATES\ssrtemplates\.angular\prerender-root\e1a40a2a-ded0-40ce-951d-380a15fc6e32\data\admdb.sqlite
[2025-09-20 17:16:12] INFO: INI ALAMAT TABLENYA :  D:\Work\Mii\TEMPLATES\ssrtemplates\.angular\prerender-root\2d8f178b-b5a3-47a0-93d6-de25e6075201\data\admdb.sqlite
[2025-09-20 17:16:21] INFO: INI ALAMAT TABLENYA :  D:\Work\Mii\TEMPLATES\ssrtemplates\dist\ssrtemplates\server\data\admdb.sqlite
[2025-09-20 17:19:04] INFO: INI ALAMAT TABLENYA :  D:\Work\Mii\TEMPLATES\ssrtemplates\.angular\prerender-root\59ba255b-fdd9-4307-a2b1-7e2e361df5b8\data\admdb.sqlite
[2025-09-20 17:19:06] INFO: INI ALAMAT TABLENYA :  D:\Work\Mii\TEMPLATES\ssrtemplates\.angular\prerender-root\e1a1c69f-9b5f-44ba-a826-652e8f71cd9a\data\admdb.sqlite
[2025-09-20 17:19:06] INFO: INI ALAMAT TABLENYA :  D:\Work\Mii\TEMPLATES\ssrtemplates\.angular\prerender-root\7e772528-7ace-45dc-ac19-2f5a8e05217a\data\admdb.sqlite
[2025-09-20 17:19:06] INFO: INI ALAMAT TABLENYA :  D:\Work\Mii\TEMPLATES\ssrtemplates\.angular\prerender-root\6c3499b7-0648-4fa4-9f63-49c60e8c63b7\data\admdb.sqlite
[2025-09-20 17:19:06] INFO: INI ALAMAT TABLENYA :  D:\Work\Mii\TEMPLATES\ssrtemplates\.angular\prerender-root\d1aa5b75-8048-4c50-9471-ee4ea47e8b25\data\admdb.sqlite
[2025-09-20 17:19:21] INFO: INI ALAMAT TABLENYA :  D:\Work\Mii\TEMPLATES\ssrtemplates\dist\ssrtemplates\server\data\admdb.sqlite
[2025-09-20 17:22:02] INFO: INI ALAMAT TABLENYA :  D:\Work\Mii\TEMPLATES\ssrtemplates\.angular\prerender-root\f4d07ce4-776f-4b99-8843-b61affd7b5d8\data\admdb.sqlite
[2025-09-20 17:22:04] INFO: INI ALAMAT TABLENYA :  D:\Work\Mii\TEMPLATES\ssrtemplates\.angular\prerender-root\09277423-7ca7-4859-b992-8587b2138aaf\data\admdb.sqlite
[2025-09-20 17:22:04] INFO: INI ALAMAT TABLENYA :  D:\Work\Mii\TEMPLATES\ssrtemplates\.angular\prerender-root\e11123b3-dbb9-46ae-b63e-1ea04c3daadc\data\admdb.sqlite
[2025-09-20 17:22:04] INFO: INI ALAMAT TABLENYA :  D:\Work\Mii\TEMPLATES\ssrtemplates\.angular\prerender-root\07d1f442-0cdf-42f3-bde2-982d1d379d32\data\admdb.sqlite
[2025-09-20 17:22:04] INFO: INI ALAMAT TABLENYA :  D:\Work\Mii\TEMPLATES\ssrtemplates\.angular\prerender-root\a4c52fdb-e1f4-4b37-a8fe-b5dac025c5c1\data\admdb.sqlite
[2025-09-20 17:22:23] INFO: INI ALAMAT TABLENYA :  D:\Work\Mii\TEMPLATES\ssrtemplates\dist\ssrtemplates\server\data\admdb.sqlite
[2025-09-20 17:45:08] INFO: INI ALAMAT TABLENYA :  D:\Work\Mii\TEMPLATES\ssrtemplates\.angular\prerender-root\e4d5422a-29ba-4e9f-a55c-d9078466f830\data\admdb.sqlite
[2025-09-20 17:45:11] INFO: INI ALAMAT TABLENYA :  D:\Work\Mii\TEMPLATES\ssrtemplates\.angular\prerender-root\8826625f-88ec-445b-a553-31c87513268c\data\admdb.sqlite
[2025-09-20 17:45:11] INFO: INI ALAMAT TABLENYA :  D:\Work\Mii\TEMPLATES\ssrtemplates\.angular\prerender-root\ec4cadac-32c9-4af7-aff8-3c9c2d3247b0\data\admdb.sqlite
[2025-09-20 17:45:11] INFO: INI ALAMAT TABLENYA :  D:\Work\Mii\TEMPLATES\ssrtemplates\.angular\prerender-root\18840e25-8555-433b-84e3-9031e6044579\data\admdb.sqlite
[2025-09-20 17:45:11] INFO: INI ALAMAT TABLENYA :  D:\Work\Mii\TEMPLATES\ssrtemplates\.angular\prerender-root\21162f1b-d9f4-4c4c-95ff-cdf1fd86a2d9\data\admdb.sqlite
[2025-09-20 17:45:43] INFO: INI ALAMAT TABLENYA :  D:\Work\Mii\TEMPLATES\ssrtemplates\dist\ssrtemplates\server\data\admdb.sqlite
[2025-09-20 17:48:42] INFO: INI ALAMAT TABLENYA :  D:\Work\Mii\TEMPLATES\ssrtemplates\.angular\prerender-root\8e35153c-1019-43c8-83a1-b74639911a8b\data\admdb.sqlite
[2025-09-20 17:48:44] INFO: INI ALAMAT TABLENYA :  D:\Work\Mii\TEMPLATES\ssrtemplates\.angular\prerender-root\7e2162fb-0fc2-4a01-89f5-700a4728ff06\data\admdb.sqlite
[2025-09-20 17:48:44] INFO: INI ALAMAT TABLENYA :  D:\Work\Mii\TEMPLATES\ssrtemplates\.angular\prerender-root\b441baa3-b1d9-488c-a8cd-dbcd44d9a679\data\admdb.sqlite
[2025-09-20 17:48:44] INFO: INI ALAMAT TABLENYA :  D:\Work\Mii\TEMPLATES\ssrtemplates\.angular\prerender-root\90c935a3-acf2-4033-9de6-019335dc9cc0\data\admdb.sqlite
[2025-09-20 17:48:44] INFO: INI ALAMAT TABLENYA :  D:\Work\Mii\TEMPLATES\ssrtemplates\.angular\prerender-root\5caee306-cb0d-4b8b-b150-c64cea3dd6ca\data\admdb.sqlite
[2025-09-20 17:49:00] INFO: INI ALAMAT TABLENYA :  D:\Work\Mii\TEMPLATES\ssrtemplates\dist\ssrtemplates\server\data\admdb.sqlite
