[2025-09-23 08:39:34] INFO: INI ALAMAT TABLENYA :  D:\Work\Mii\TEMPLATES\ssrtemplates\.angular\prerender-root\47fefcb0-faec-491e-9463-9db127138fe8\data\admdb.sqlite
[2025-09-23 08:39:43] INFO: INI ALAMAT TABLENYA :  D:\Work\Mii\TEMPLATES\ssrtemplates\.angular\prerender-root\48b166a9-e000-4075-a9a2-1a597c911ecb\data\admdb.sqlite
[2025-09-23 08:39:43] INFO: INI ALAMAT TABLENYA :  D:\Work\Mii\TEMPLATES\ssrtemplates\.angular\prerender-root\ec9af3f5-4ae2-4e3d-b06a-38ba9a42765e\data\admdb.sqlite
[2025-09-23 08:39:43] INFO: INI ALAMAT TABLENYA :  D:\Work\Mii\TEMPLATES\ssrtemplates\.angular\prerender-root\d5846060-b0a6-457b-8cc2-7b4da147027b\data\admdb.sqlite
[2025-09-23 08:39:43] INFO: INI ALAMAT TABLENYA :  D:\Work\Mii\TEMPLATES\ssrtemplates\.angular\prerender-root\ecdef7cf-47f6-4a78-9724-17040f8478c8\data\admdb.sqlite
[2025-09-23 08:40:18] INFO: INI ALAMAT TABLENYA :  D:\Work\Mii\TEMPLATES\ssrtemplates\dist\ssrtemplates\server\data\admdb.sqlite
[2025-09-23 08:40:55] INFO: INI ALAMAT TABLENYA :  D:\Work\Mii\TEMPLATES\ssrtemplates\.angular\prerender-root\5a332a5e-ffec-4762-b964-30ad359f4567\data\admdb.sqlite
[2025-09-23 08:40:57] INFO: INI ALAMAT TABLENYA :  D:\Work\Mii\TEMPLATES\ssrtemplates\.angular\prerender-root\467316f2-57df-470c-afda-bcc9764d6dfd\data\admdb.sqlite
[2025-09-23 08:40:57] INFO: INI ALAMAT TABLENYA :  D:\Work\Mii\TEMPLATES\ssrtemplates\.angular\prerender-root\816978ea-ef59-458e-818e-97b68b95309c\data\admdb.sqlite
[2025-09-23 08:40:57] INFO: INI ALAMAT TABLENYA :  D:\Work\Mii\TEMPLATES\ssrtemplates\.angular\prerender-root\7932680b-a951-4306-bff3-e8ab31d13b67\data\admdb.sqlite
[2025-09-23 08:40:57] INFO: INI ALAMAT TABLENYA :  D:\Work\Mii\TEMPLATES\ssrtemplates\.angular\prerender-root\662f74fe-2955-4df6-ba7c-6a87d5b0a44b\data\admdb.sqlite
[2025-09-23 08:41:06] INFO: INI ALAMAT TABLENYA :  D:\Work\Mii\TEMPLATES\ssrtemplates\dist\ssrtemplates\server\data\admdb.sqlite
[2025-09-23 08:43:38] ERROR: Error api.controller :  {"code":"SQLITE_ERROR"}
[2025-09-23 08:48:57] INFO: INI ALAMAT TABLENYA :  D:\Work\Mii\TEMPLATES\ssrtemplates\.angular\prerender-root\2940d6d5-9af6-4ceb-b2f8-ab9bcd443787\data\admdb.sqlite
[2025-09-23 08:49:01] INFO: INI ALAMAT TABLENYA :  D:\Work\Mii\TEMPLATES\ssrtemplates\.angular\prerender-root\fab5abbd-1280-4f7d-8819-44c1f05b49c7\data\admdb.sqlite
[2025-09-23 08:49:01] INFO: INI ALAMAT TABLENYA :  D:\Work\Mii\TEMPLATES\ssrtemplates\.angular\prerender-root\743059c9-3272-4259-916b-42019112634b\data\admdb.sqlite
[2025-09-23 08:49:01] INFO: INI ALAMAT TABLENYA :  D:\Work\Mii\TEMPLATES\ssrtemplates\.angular\prerender-root\fba781c7-0de2-4c48-8816-030e54e914bf\data\admdb.sqlite
[2025-09-23 08:49:01] INFO: INI ALAMAT TABLENYA :  D:\Work\Mii\TEMPLATES\ssrtemplates\.angular\prerender-root\0169e06f-00db-472b-b206-3740dff6d3d0\data\admdb.sqlite
[2025-09-23 08:49:16] INFO: INI ALAMAT TABLENYA :  D:\Work\Mii\TEMPLATES\ssrtemplates\dist\ssrtemplates\server\data\admdb.sqlite
[2025-09-23 08:53:31] INFO: INI ALAMAT TABLENYA :  D:\Work\Mii\TEMPLATES\ssrtemplates\.angular\prerender-root\c867eb6a-d5d4-4434-b73f-e4ab80a8b793\data\admdb.sqlite
[2025-09-23 08:53:33] INFO: INI ALAMAT TABLENYA :  D:\Work\Mii\TEMPLATES\ssrtemplates\.angular\prerender-root\17e35b91-5cc7-45b1-b5e7-e70cb4cb206a\data\admdb.sqlite
[2025-09-23 08:53:33] INFO: INI ALAMAT TABLENYA :  D:\Work\Mii\TEMPLATES\ssrtemplates\.angular\prerender-root\01b76df8-9e17-4977-ab18-fb5a33e1abc1\data\admdb.sqlite
[2025-09-23 08:53:33] INFO: INI ALAMAT TABLENYA :  D:\Work\Mii\TEMPLATES\ssrtemplates\.angular\prerender-root\552b2701-d633-4e80-934a-a38a0956515a\data\admdb.sqlite
[2025-09-23 08:53:33] INFO: INI ALAMAT TABLENYA :  D:\Work\Mii\TEMPLATES\ssrtemplates\.angular\prerender-root\2c2dcfba-ea47-45d5-8ac6-a0088df80279\data\admdb.sqlite
[2025-09-23 08:53:42] INFO: INI ALAMAT TABLENYA :  D:\Work\Mii\TEMPLATES\ssrtemplates\dist\ssrtemplates\server\data\admdb.sqlite
[2025-09-23 08:59:17] INFO: INI ALAMAT TABLENYA :  D:\Work\Mii\TEMPLATES\ssrtemplates\.angular\prerender-root\0c5282fb-cb08-4f04-9c44-d4d51c7bda32\data\admdb.sqlite
[2025-09-23 08:59:19] INFO: INI ALAMAT TABLENYA :  D:\Work\Mii\TEMPLATES\ssrtemplates\.angular\prerender-root\25f0d394-a876-41ef-b8d0-13c0cb0a1adf\data\admdb.sqlite
[2025-09-23 08:59:19] INFO: INI ALAMAT TABLENYA :  D:\Work\Mii\TEMPLATES\ssrtemplates\.angular\prerender-root\06184711-335e-4f54-a7dd-e9314dccc90c\data\admdb.sqlite
[2025-09-23 08:59:19] INFO: INI ALAMAT TABLENYA :  D:\Work\Mii\TEMPLATES\ssrtemplates\.angular\prerender-root\ad50d5f3-f2c7-47ea-8cf7-1fce2df5502e\data\admdb.sqlite
[2025-09-23 08:59:19] INFO: INI ALAMAT TABLENYA :  D:\Work\Mii\TEMPLATES\ssrtemplates\.angular\prerender-root\090a2ddc-b9d9-4a33-93f9-a2d0dc74cbe3\data\admdb.sqlite
[2025-09-23 08:59:27] INFO: INI ALAMAT TABLENYA :  D:\Work\Mii\TEMPLATES\ssrtemplates\dist\ssrtemplates\server\data\admdb.sqlite
[2025-09-23 08:59:32] ERROR: Error api.controller :  {"code":"SQLITE_ERROR"}
[2025-09-23 09:00:59] INFO: INI ALAMAT TABLENYA :  D:\Work\Mii\TEMPLATES\ssrtemplates\.angular\prerender-root\8aab1f88-9577-4803-b659-f487b7ebafab\data\admdb.sqlite
[2025-09-23 09:01:01] INFO: INI ALAMAT TABLENYA :  D:\Work\Mii\TEMPLATES\ssrtemplates\.angular\prerender-root\2a7b5d3b-ace8-4d2a-a9c9-bf9ec0b34794\data\admdb.sqlite
[2025-09-23 09:01:01] INFO: INI ALAMAT TABLENYA :  D:\Work\Mii\TEMPLATES\ssrtemplates\.angular\prerender-root\a7b4cc40-77a5-4e2f-b5cf-0d6e10e6c891\data\admdb.sqlite
[2025-09-23 09:01:01] INFO: INI ALAMAT TABLENYA :  D:\Work\Mii\TEMPLATES\ssrtemplates\.angular\prerender-root\221d82e1-cc54-43ce-9946-96c8d81d3ff0\data\admdb.sqlite
[2025-09-23 09:01:01] INFO: INI ALAMAT TABLENYA :  D:\Work\Mii\TEMPLATES\ssrtemplates\.angular\prerender-root\ef07a61d-6e32-4624-9b80-b9dc21fc4657\data\admdb.sqlite
[2025-09-23 09:01:17] INFO: INI ALAMAT TABLENYA :  D:\Work\Mii\TEMPLATES\ssrtemplates\dist\ssrtemplates\server\data\admdb.sqlite
[2025-09-23 09:04:12] INFO: INI ALAMAT TABLENYA :  D:\Work\Mii\TEMPLATES\ssrtemplates\.angular\prerender-root\22d5db9f-d064-4256-ae04-c5754b8ccda5\data\admdb.sqlite
[2025-09-23 09:04:18] INFO: INI ALAMAT TABLENYA :  D:\Work\Mii\TEMPLATES\ssrtemplates\.angular\prerender-root\f7ab5ee0-ce9a-4df4-aa5b-997722facce4\data\admdb.sqlite
[2025-09-23 09:04:18] INFO: INI ALAMAT TABLENYA :  D:\Work\Mii\TEMPLATES\ssrtemplates\.angular\prerender-root\56f5a764-8691-497e-b3ea-4d88190b34b0\data\admdb.sqlite
[2025-09-23 09:04:18] INFO: INI ALAMAT TABLENYA :  D:\Work\Mii\TEMPLATES\ssrtemplates\.angular\prerender-root\da482166-a235-45a1-a7cb-75f0599e24ad\data\admdb.sqlite
[2025-09-23 09:04:18] INFO: INI ALAMAT TABLENYA :  D:\Work\Mii\TEMPLATES\ssrtemplates\.angular\prerender-root\ced06ec0-4e7a-4fb4-91dc-680ea9f5550a\data\admdb.sqlite
[2025-09-23 09:04:45] INFO: INI ALAMAT TABLENYA :  D:\Work\Mii\TEMPLATES\ssrtemplates\.angular\prerender-root\f84c8714-79e0-44a2-a094-b4439fcb0d96\data\admdb.sqlite
[2025-09-23 09:04:47] INFO: INI ALAMAT TABLENYA :  D:\Work\Mii\TEMPLATES\ssrtemplates\.angular\prerender-root\643b4e3e-6091-4b12-87ac-21a67bed6cc9\data\admdb.sqlite
[2025-09-23 09:04:47] INFO: INI ALAMAT TABLENYA :  D:\Work\Mii\TEMPLATES\ssrtemplates\.angular\prerender-root\a85a8ba3-9dd0-460d-ae93-18901a55f54d\data\admdb.sqlite
[2025-09-23 09:04:47] INFO: INI ALAMAT TABLENYA :  D:\Work\Mii\TEMPLATES\ssrtemplates\.angular\prerender-root\4c4a5ccc-23e9-45ec-8808-7350bd7fd89c\data\admdb.sqlite
[2025-09-23 09:04:47] INFO: INI ALAMAT TABLENYA :  D:\Work\Mii\TEMPLATES\ssrtemplates\.angular\prerender-root\8293bfdd-66f4-4941-a4bd-d7c5b360bb52\data\admdb.sqlite
[2025-09-23 09:04:56] INFO: INI ALAMAT TABLENYA :  D:\Work\Mii\TEMPLATES\ssrtemplates\dist\ssrtemplates\server\data\admdb.sqlite
[2025-09-23 09:05:30] INFO: INI ALAMAT TABLENYA :  D:\Work\Mii\TEMPLATES\ssrtemplates\.angular\prerender-root\7b74d544-ba28-46cf-8437-35eedafc230f\data\admdb.sqlite
[2025-09-23 09:05:36] INFO: INI ALAMAT TABLENYA :  D:\Work\Mii\TEMPLATES\ssrtemplates\.angular\prerender-root\af699bb3-7917-4a62-bf79-142e4c8c612e\data\admdb.sqlite
[2025-09-23 09:05:36] INFO: INI ALAMAT TABLENYA :  D:\Work\Mii\TEMPLATES\ssrtemplates\.angular\prerender-root\f3cea70c-f747-4004-b542-881deb91ab65\data\admdb.sqlite
[2025-09-23 09:05:36] INFO: INI ALAMAT TABLENYA :  D:\Work\Mii\TEMPLATES\ssrtemplates\.angular\prerender-root\3ea61569-ea94-4368-aa2a-be57ce22e371\data\admdb.sqlite
[2025-09-23 09:05:36] INFO: INI ALAMAT TABLENYA :  D:\Work\Mii\TEMPLATES\ssrtemplates\.angular\prerender-root\147bda2d-c1f0-4c63-a3e4-da74f2d64368\data\admdb.sqlite
[2025-09-23 09:05:59] INFO: INI ALAMAT TABLENYA :  D:\Work\Mii\TEMPLATES\ssrtemplates\dist\ssrtemplates\server\data\admdb.sqlite
[2025-09-23 09:06:47] INFO: INI ALAMAT TABLENYA :  D:\Work\Mii\TEMPLATES\ssrtemplates\.angular\prerender-root\d5a5e91d-513b-4933-8777-75f03a933925\data\admdb.sqlite
[2025-09-23 09:06:53] INFO: INI ALAMAT TABLENYA :  D:\Work\Mii\TEMPLATES\ssrtemplates\.angular\prerender-root\157ef667-fe65-4625-bb9c-9cc6b8428775\data\admdb.sqlite
[2025-09-23 09:06:53] INFO: INI ALAMAT TABLENYA :  D:\Work\Mii\TEMPLATES\ssrtemplates\.angular\prerender-root\4466455d-bbe8-460d-b286-d2ddefe8acbe\data\admdb.sqlite
[2025-09-23 09:06:53] INFO: INI ALAMAT TABLENYA :  D:\Work\Mii\TEMPLATES\ssrtemplates\.angular\prerender-root\4d0ade4e-8401-4ed3-918d-9fb1fbccf7bb\data\admdb.sqlite
[2025-09-23 09:06:53] INFO: INI ALAMAT TABLENYA :  D:\Work\Mii\TEMPLATES\ssrtemplates\.angular\prerender-root\ebc04b4a-948e-4353-b71e-68f6c3ec3d9a\data\admdb.sqlite
[2025-09-23 09:07:20] INFO: INI ALAMAT TABLENYA :  D:\Work\Mii\TEMPLATES\ssrtemplates\dist\ssrtemplates\server\data\admdb.sqlite
[2025-09-23 09:08:54] INFO: INI ALAMAT TABLENYA :  D:\Work\Mii\TEMPLATES\ssrtemplates\.angular\prerender-root\119ed249-1a75-445e-a05d-bb3e782b5c4e\data\admdb.sqlite
[2025-09-23 09:08:56] INFO: INI ALAMAT TABLENYA :  D:\Work\Mii\TEMPLATES\ssrtemplates\.angular\prerender-root\311f90c3-4c96-464e-aed8-1247288517dd\data\admdb.sqlite
[2025-09-23 09:08:56] INFO: INI ALAMAT TABLENYA :  D:\Work\Mii\TEMPLATES\ssrtemplates\.angular\prerender-root\53ca1597-343e-4390-9539-63132d7aaff2\data\admdb.sqlite
[2025-09-23 09:08:56] INFO: INI ALAMAT TABLENYA :  D:\Work\Mii\TEMPLATES\ssrtemplates\.angular\prerender-root\758a047b-fec6-436e-a5b5-27e4576ad25d\data\admdb.sqlite
[2025-09-23 09:08:56] INFO: INI ALAMAT TABLENYA :  D:\Work\Mii\TEMPLATES\ssrtemplates\.angular\prerender-root\5c774637-0cd8-4d21-8fb7-180d4e86b1dc\data\admdb.sqlite
[2025-09-23 09:09:06] INFO: INI ALAMAT TABLENYA :  D:\Work\Mii\TEMPLATES\ssrtemplates\dist\ssrtemplates\server\data\admdb.sqlite
[2025-09-23 09:11:44] INFO: INI ALAMAT TABLENYA :  D:\Work\Mii\TEMPLATES\ssrtemplates\.angular\prerender-root\450e4aa1-a182-4087-ae12-9c9663f26fd8\data\admdb.sqlite
[2025-09-23 09:11:46] INFO: INI ALAMAT TABLENYA :  D:\Work\Mii\TEMPLATES\ssrtemplates\.angular\prerender-root\877d6ad0-7d06-4e22-b59e-2cb215645041\data\admdb.sqlite
[2025-09-23 09:11:46] INFO: INI ALAMAT TABLENYA :  D:\Work\Mii\TEMPLATES\ssrtemplates\.angular\prerender-root\94eb2f37-b2d5-4850-8c60-5b844ffda97a\data\admdb.sqlite
[2025-09-23 09:11:46] INFO: INI ALAMAT TABLENYA :  D:\Work\Mii\TEMPLATES\ssrtemplates\.angular\prerender-root\0bf42a60-bea7-4eb9-bc80-18275f487017\data\admdb.sqlite
[2025-09-23 09:11:46] INFO: INI ALAMAT TABLENYA :  D:\Work\Mii\TEMPLATES\ssrtemplates\.angular\prerender-root\48226aab-f500-43dc-b975-3508fa6442f4\data\admdb.sqlite
[2025-09-23 09:12:12] INFO: INI ALAMAT TABLENYA :  D:\Work\Mii\TEMPLATES\ssrtemplates\dist\ssrtemplates\server\data\admdb.sqlite
[2025-09-23 09:26:08] INFO: INI ALAMAT TABLENYA :  D:\Work\Mii\TEMPLATES\ssrtemplates\.angular\prerender-root\8e813eba-e2aa-4839-8019-db267daea032\data\admdb.sqlite
[2025-09-23 09:26:10] INFO: INI ALAMAT TABLENYA :  D:\Work\Mii\TEMPLATES\ssrtemplates\.angular\prerender-root\7fe3dacf-99e1-46e8-ab6e-0b43591145b8\data\admdb.sqlite
[2025-09-23 09:26:10] INFO: INI ALAMAT TABLENYA :  D:\Work\Mii\TEMPLATES\ssrtemplates\.angular\prerender-root\2f17dec0-e084-4f2e-8146-f2eca348ba77\data\admdb.sqlite
[2025-09-23 09:26:10] INFO: INI ALAMAT TABLENYA :  D:\Work\Mii\TEMPLATES\ssrtemplates\.angular\prerender-root\08147e7d-3be9-463a-8da5-88eef02135c2\data\admdb.sqlite
[2025-09-23 09:26:10] INFO: INI ALAMAT TABLENYA :  D:\Work\Mii\TEMPLATES\ssrtemplates\.angular\prerender-root\4a78aab6-02f7-4acd-ba48-14262ebb2cda\data\admdb.sqlite
[2025-09-23 09:26:18] INFO: INI ALAMAT TABLENYA :  D:\Work\Mii\TEMPLATES\ssrtemplates\dist\ssrtemplates\server\data\admdb.sqlite
[2025-09-23 09:27:29] INFO: INI ALAMAT TABLENYA :  D:\Work\Mii\TEMPLATES\ssrtemplates\.angular\prerender-root\5bbde788-cf25-4ef4-acc8-c2c4204c0e76\data\admdb.sqlite
[2025-09-23 09:27:34] INFO: INI ALAMAT TABLENYA :  D:\Work\Mii\TEMPLATES\ssrtemplates\.angular\prerender-root\e5e97de7-416b-4bae-88c9-5535e50bcf21\data\admdb.sqlite
[2025-09-23 09:27:34] INFO: INI ALAMAT TABLENYA :  D:\Work\Mii\TEMPLATES\ssrtemplates\.angular\prerender-root\bdcfc40c-fd80-444a-b682-38525568ef64\data\admdb.sqlite
[2025-09-23 09:27:34] INFO: INI ALAMAT TABLENYA :  D:\Work\Mii\TEMPLATES\ssrtemplates\.angular\prerender-root\61299908-3441-4863-b4f2-615edfcdea58\data\admdb.sqlite
[2025-09-23 09:27:34] INFO: INI ALAMAT TABLENYA :  D:\Work\Mii\TEMPLATES\ssrtemplates\.angular\prerender-root\f5f38648-972a-473f-b06c-77fc9b4b7f14\data\admdb.sqlite
[2025-09-23 09:27:42] INFO: INI ALAMAT TABLENYA :  D:\Work\Mii\TEMPLATES\ssrtemplates\dist\ssrtemplates\server\data\admdb.sqlite
[2025-09-23 10:55:31] INFO: INI ALAMAT TABLENYA :  D:\Work\Mii\TEMPLATES\ssrtemplates\.angular\prerender-root\04ffa8f1-0e88-4a99-bcf8-9321501b37bd\data\admdb.sqlite
[2025-09-23 10:55:34] INFO: INI ALAMAT TABLENYA :  D:\Work\Mii\TEMPLATES\ssrtemplates\.angular\prerender-root\f6dea32c-e1e0-4efb-a5cb-529619e7fb2c\data\admdb.sqlite
[2025-09-23 10:55:34] INFO: INI ALAMAT TABLENYA :  D:\Work\Mii\TEMPLATES\ssrtemplates\.angular\prerender-root\0fa2dba8-987f-4e18-98ee-cdf3c96d93d2\data\admdb.sqlite
[2025-09-23 10:55:34] INFO: INI ALAMAT TABLENYA :  D:\Work\Mii\TEMPLATES\ssrtemplates\.angular\prerender-root\6977e757-c213-4d13-b243-99639231469c\data\admdb.sqlite
[2025-09-23 10:55:34] INFO: INI ALAMAT TABLENYA :  D:\Work\Mii\TEMPLATES\ssrtemplates\.angular\prerender-root\3a07c4a5-a1f8-4e9b-ad08-70d6f4d38bca\data\admdb.sqlite
[2025-09-23 10:56:40] INFO: INI ALAMAT TABLENYA :  D:\Work\Mii\TEMPLATES\ssrtemplates\.angular\prerender-root\da326e7b-5ae7-46a3-af12-f53b7c13e3b3\data\admdb.sqlite
[2025-09-23 10:56:41] INFO: INI ALAMAT TABLENYA :  D:\Work\Mii\TEMPLATES\ssrtemplates\.angular\prerender-root\074c06d9-349c-4d8b-8576-b0637a5a7e81\data\admdb.sqlite
[2025-09-23 10:56:41] INFO: INI ALAMAT TABLENYA :  D:\Work\Mii\TEMPLATES\ssrtemplates\.angular\prerender-root\eff821c6-6017-47a2-816d-d716d6069b17\data\admdb.sqlite
[2025-09-23 10:56:41] INFO: INI ALAMAT TABLENYA :  D:\Work\Mii\TEMPLATES\ssrtemplates\.angular\prerender-root\70733fd1-cecb-4e37-88c4-0b180ab4d759\data\admdb.sqlite
[2025-09-23 10:56:41] INFO: INI ALAMAT TABLENYA :  D:\Work\Mii\TEMPLATES\ssrtemplates\.angular\prerender-root\642e08b7-5d4d-4430-9c58-44aea45eecdc\data\admdb.sqlite
[2025-09-23 10:56:55] INFO: INI ALAMAT TABLENYA :  D:\Work\Mii\TEMPLATES\ssrtemplates\dist\ssrtemplates\server\data\admdb.sqlite
[2025-09-23 12:47:34] INFO: INI ALAMAT TABLENYA :  D:\Work\Mii\TEMPLATES\ssrtemplates\.angular\prerender-root\e474515d-5eec-4f69-b335-7b49be0771e2\data\admdb.sqlite
[2025-09-23 12:47:36] INFO: INI ALAMAT TABLENYA :  D:\Work\Mii\TEMPLATES\ssrtemplates\.angular\prerender-root\ef163a37-c4ec-4be9-9413-88cdb00bc671\data\admdb.sqlite
[2025-09-23 12:47:36] INFO: INI ALAMAT TABLENYA :  D:\Work\Mii\TEMPLATES\ssrtemplates\.angular\prerender-root\99906b73-f5a1-4922-9331-01426ed5fb64\data\admdb.sqlite
[2025-09-23 12:47:36] INFO: INI ALAMAT TABLENYA :  D:\Work\Mii\TEMPLATES\ssrtemplates\.angular\prerender-root\ddff938a-06a9-42a0-9fce-7813c9b5b0c7\data\admdb.sqlite
[2025-09-23 12:47:36] INFO: INI ALAMAT TABLENYA :  D:\Work\Mii\TEMPLATES\ssrtemplates\.angular\prerender-root\eaa2e9a8-7b3c-467b-9b26-7628a5561539\data\admdb.sqlite
[2025-09-23 12:47:47] INFO: INI ALAMAT TABLENYA :  D:\Work\Mii\TEMPLATES\ssrtemplates\dist\ssrtemplates\server\data\admdb.sqlite
[2025-09-23 13:10:57] INFO: INI ALAMAT TABLENYA :  D:\Work\Mii\TEMPLATES\ssrtemplates\.angular\prerender-root\48acf6a8-8587-4a71-b2c2-2b28fc547524\data\admdb.sqlite
[2025-09-23 13:10:58] INFO: INI ALAMAT TABLENYA :  D:\Work\Mii\TEMPLATES\ssrtemplates\.angular\prerender-root\1c15609f-64f9-4fd6-8240-98af206698bd\data\admdb.sqlite
[2025-09-23 13:10:58] INFO: INI ALAMAT TABLENYA :  D:\Work\Mii\TEMPLATES\ssrtemplates\.angular\prerender-root\7931ebb0-e501-4387-8599-f3c99edc60e2\data\admdb.sqlite
[2025-09-23 13:10:58] INFO: INI ALAMAT TABLENYA :  D:\Work\Mii\TEMPLATES\ssrtemplates\.angular\prerender-root\dbbed053-4022-4485-86cd-f45cd01c2812\data\admdb.sqlite
[2025-09-23 13:10:58] INFO: INI ALAMAT TABLENYA :  D:\Work\Mii\TEMPLATES\ssrtemplates\.angular\prerender-root\14eb70c0-3f7a-4666-a936-2a5d83c88b2b\data\admdb.sqlite
[2025-09-23 13:11:10] INFO: INI ALAMAT TABLENYA :  D:\Work\Mii\TEMPLATES\ssrtemplates\dist\ssrtemplates\server\data\admdb.sqlite
[2025-09-23 13:40:25] INFO: INI ALAMAT TABLENYA :  D:\Work\Mii\TEMPLATES\ssrtemplates\dist\ssrtemplates\server\data\admdb.sqlite
[2025-09-23 13:46:03] INFO: INI ALAMAT TABLENYA :  D:\Work\Mii\TEMPLATES\ssrtemplates\.angular\prerender-root\1d5e6c80-49ac-48b0-8241-9ecc6688bec2\data\admdb.sqlite
[2025-09-23 13:46:04] INFO: INI ALAMAT TABLENYA :  D:\Work\Mii\TEMPLATES\ssrtemplates\.angular\prerender-root\4485665a-c4a4-4e80-8bae-5abe3dc7c960\data\admdb.sqlite
[2025-09-23 13:46:04] INFO: INI ALAMAT TABLENYA :  D:\Work\Mii\TEMPLATES\ssrtemplates\.angular\prerender-root\e3634785-9d1e-49ce-ac11-d7fc2a7858c4\data\admdb.sqlite
[2025-09-23 13:46:04] INFO: INI ALAMAT TABLENYA :  D:\Work\Mii\TEMPLATES\ssrtemplates\.angular\prerender-root\3e9244a3-8540-478b-b67a-a01624167682\data\admdb.sqlite
[2025-09-23 13:46:04] INFO: INI ALAMAT TABLENYA :  D:\Work\Mii\TEMPLATES\ssrtemplates\.angular\prerender-root\d97fc068-eadf-48ab-9953-330b37d17bcb\data\admdb.sqlite
[2025-09-23 13:46:13] INFO: INI ALAMAT TABLENYA :  D:\Work\Mii\TEMPLATES\ssrtemplates\dist\ssrtemplates\server\data\admdb.sqlite
[2025-09-23 13:48:57] INFO: INI ALAMAT TABLENYA :  D:\Work\Mii\TEMPLATES\ssrtemplates\.angular\prerender-root\91e0428c-4efc-4ca6-b07b-4f9852099785\data\admdb.sqlite
[2025-09-23 13:48:58] INFO: INI ALAMAT TABLENYA :  D:\Work\Mii\TEMPLATES\ssrtemplates\.angular\prerender-root\5a7f2598-8901-44cb-9abf-c2a3c5e0a049\data\admdb.sqlite
[2025-09-23 13:48:58] INFO: INI ALAMAT TABLENYA :  D:\Work\Mii\TEMPLATES\ssrtemplates\.angular\prerender-root\1c1339ae-82fb-4abc-a539-89f5263e7c7b\data\admdb.sqlite
[2025-09-23 13:48:58] INFO: INI ALAMAT TABLENYA :  D:\Work\Mii\TEMPLATES\ssrtemplates\.angular\prerender-root\214c81e1-f206-477f-a611-97fdbf75afec\data\admdb.sqlite
[2025-09-23 13:48:58] INFO: INI ALAMAT TABLENYA :  D:\Work\Mii\TEMPLATES\ssrtemplates\.angular\prerender-root\3ee64c6b-a6c6-4cc7-bc4b-63476fe7f3d5\data\admdb.sqlite
[2025-09-23 13:49:05] INFO: INI ALAMAT TABLENYA :  D:\Work\Mii\TEMPLATES\ssrtemplates\dist\ssrtemplates\server\data\admdb.sqlite
[2025-09-23 14:06:37] INFO: INI ALAMAT TABLENYA :  D:\Work\Mii\TEMPLATES\ssrtemplates\.angular\prerender-root\4f65d8c1-41a9-487b-8751-64eaa003350f\data\admdb.sqlite
[2025-09-23 14:06:39] INFO: INI ALAMAT TABLENYA :  D:\Work\Mii\TEMPLATES\ssrtemplates\.angular\prerender-root\3a651f72-814d-48f5-a0ee-d3dc0ce8269f\data\admdb.sqlite
[2025-09-23 14:06:39] INFO: INI ALAMAT TABLENYA :  D:\Work\Mii\TEMPLATES\ssrtemplates\.angular\prerender-root\bbbe00be-591d-4d89-8d38-4ad1b1852c92\data\admdb.sqlite
[2025-09-23 14:06:39] INFO: INI ALAMAT TABLENYA :  D:\Work\Mii\TEMPLATES\ssrtemplates\.angular\prerender-root\9d1ce702-218d-48d2-b060-29f681d6aba5\data\admdb.sqlite
[2025-09-23 14:06:39] INFO: INI ALAMAT TABLENYA :  D:\Work\Mii\TEMPLATES\ssrtemplates\.angular\prerender-root\0b8b8432-8732-4971-843c-fe039d8bc4d3\data\admdb.sqlite
[2025-09-23 14:06:47] INFO: INI ALAMAT TABLENYA :  D:\Work\Mii\TEMPLATES\ssrtemplates\dist\ssrtemplates\server\data\admdb.sqlite
[2025-09-23 14:09:50] INFO: INI ALAMAT TABLENYA :  D:\Work\Mii\TEMPLATES\ssrtemplates\.angular\prerender-root\92f3ae95-1662-49a9-af34-d39ed87be7f6\data\admdb.sqlite
[2025-09-23 14:09:51] INFO: INI ALAMAT TABLENYA :  D:\Work\Mii\TEMPLATES\ssrtemplates\.angular\prerender-root\4fd49e73-3143-477f-a813-ccb70cf7c8bd\data\admdb.sqlite
[2025-09-23 14:09:51] INFO: INI ALAMAT TABLENYA :  D:\Work\Mii\TEMPLATES\ssrtemplates\.angular\prerender-root\4290d83f-72b1-48b7-8465-ad901c450fe1\data\admdb.sqlite
[2025-09-23 14:09:51] INFO: INI ALAMAT TABLENYA :  D:\Work\Mii\TEMPLATES\ssrtemplates\.angular\prerender-root\94b9f565-30cb-4132-929a-3c60a58af3a7\data\admdb.sqlite
[2025-09-23 14:09:51] INFO: INI ALAMAT TABLENYA :  D:\Work\Mii\TEMPLATES\ssrtemplates\.angular\prerender-root\5a1293fd-3638-4fbd-8e15-ee55e5edc075\data\admdb.sqlite
[2025-09-23 14:09:58] INFO: INI ALAMAT TABLENYA :  D:\Work\Mii\TEMPLATES\ssrtemplates\dist\ssrtemplates\server\data\admdb.sqlite
[2025-09-23 15:42:58] INFO: INI ALAMAT TABLENYA :  D:\Work\Mii\TEMPLATES\ssrtemplates\.angular\prerender-root\12e97d5c-ef7d-455d-80d3-8daec8d7a62c\data\admdb.sqlite
[2025-09-23 15:43:00] INFO: INI ALAMAT TABLENYA :  D:\Work\Mii\TEMPLATES\ssrtemplates\.angular\prerender-root\bc4701bb-94be-41ba-9d35-832596bfbd81\data\admdb.sqlite
[2025-09-23 15:43:00] INFO: INI ALAMAT TABLENYA :  D:\Work\Mii\TEMPLATES\ssrtemplates\.angular\prerender-root\ce51a265-0c47-4753-b118-419a06d7f3b2\data\admdb.sqlite
[2025-09-23 15:43:00] INFO: INI ALAMAT TABLENYA :  D:\Work\Mii\TEMPLATES\ssrtemplates\.angular\prerender-root\e9239739-906f-4c2b-b8ee-9ebdd297fd37\data\admdb.sqlite
[2025-09-23 15:43:00] INFO: INI ALAMAT TABLENYA :  D:\Work\Mii\TEMPLATES\ssrtemplates\.angular\prerender-root\b4e52429-8ac9-4520-b7fc-ac5342ec9320\data\admdb.sqlite
[2025-09-23 15:43:06] INFO: INI ALAMAT TABLENYA :  D:\Work\Mii\TEMPLATES\ssrtemplates\dist\ssrtemplates\server\data\admdb.sqlite
[2025-09-23 15:45:48] INFO: INI ALAMAT TABLENYA :  D:\Work\Mii\TEMPLATES\ssrtemplates\.angular\prerender-root\4a90a736-a5c4-4609-b0e1-282d59d783fb\data\admdb.sqlite
[2025-09-23 15:45:49] INFO: INI ALAMAT TABLENYA :  D:\Work\Mii\TEMPLATES\ssrtemplates\.angular\prerender-root\bf598e65-437d-4cb9-b77f-1888d03eb3d0\data\admdb.sqlite
[2025-09-23 15:45:49] INFO: INI ALAMAT TABLENYA :  D:\Work\Mii\TEMPLATES\ssrtemplates\.angular\prerender-root\c6275474-e0ef-488c-b47b-7facde85c1d3\data\admdb.sqlite
[2025-09-23 15:45:49] INFO: INI ALAMAT TABLENYA :  D:\Work\Mii\TEMPLATES\ssrtemplates\.angular\prerender-root\c63b236d-205b-44a7-95ac-36a0e42e216f\data\admdb.sqlite
[2025-09-23 15:45:49] INFO: INI ALAMAT TABLENYA :  D:\Work\Mii\TEMPLATES\ssrtemplates\.angular\prerender-root\b1a5a68a-688f-455e-b98e-aae185641360\data\admdb.sqlite
[2025-09-23 15:45:56] INFO: INI ALAMAT TABLENYA :  D:\Work\Mii\TEMPLATES\ssrtemplates\dist\ssrtemplates\server\data\admdb.sqlite
[2025-09-23 15:46:51] INFO: INI ALAMAT TABLENYA :  D:\Work\Mii\TEMPLATES\ssrtemplates\.angular\prerender-root\8a3ebe15-2cee-4bac-af2b-f0b566e84a10\data\admdb.sqlite
[2025-09-23 15:46:52] INFO: INI ALAMAT TABLENYA :  D:\Work\Mii\TEMPLATES\ssrtemplates\.angular\prerender-root\98948544-1c13-4812-b9be-171747a9240b\data\admdb.sqlite
[2025-09-23 15:46:52] INFO: INI ALAMAT TABLENYA :  D:\Work\Mii\TEMPLATES\ssrtemplates\.angular\prerender-root\94b147f1-8e1b-48d7-9ae9-ed6bfe2ea6b3\data\admdb.sqlite
[2025-09-23 15:46:52] INFO: INI ALAMAT TABLENYA :  D:\Work\Mii\TEMPLATES\ssrtemplates\.angular\prerender-root\12f3a70e-f7b0-4b1f-ac89-8cb17533c2d2\data\admdb.sqlite
[2025-09-23 15:46:52] INFO: INI ALAMAT TABLENYA :  D:\Work\Mii\TEMPLATES\ssrtemplates\.angular\prerender-root\b7d1c280-a38f-4742-af7b-42fa883697d8\data\admdb.sqlite
[2025-09-23 15:46:59] INFO: INI ALAMAT TABLENYA :  D:\Work\Mii\TEMPLATES\ssrtemplates\dist\ssrtemplates\server\data\admdb.sqlite
[2025-09-23 15:49:16] INFO: INI ALAMAT TABLENYA :  D:\Work\Mii\TEMPLATES\ssrtemplates\.angular\prerender-root\1b8296fe-518e-4ff3-8fc1-de518a13941f\data\admdb.sqlite
[2025-09-23 15:49:17] INFO: INI ALAMAT TABLENYA :  D:\Work\Mii\TEMPLATES\ssrtemplates\.angular\prerender-root\a15ade46-bf4c-4c7c-89f4-4d44f4fed214\data\admdb.sqlite
[2025-09-23 15:49:17] INFO: INI ALAMAT TABLENYA :  D:\Work\Mii\TEMPLATES\ssrtemplates\.angular\prerender-root\359c6505-60cc-4399-91a6-c75461de0c26\data\admdb.sqlite
[2025-09-23 15:49:17] INFO: INI ALAMAT TABLENYA :  D:\Work\Mii\TEMPLATES\ssrtemplates\.angular\prerender-root\d0985bec-fd6d-4385-a73f-cdb8186c2af9\data\admdb.sqlite
[2025-09-23 15:49:17] INFO: INI ALAMAT TABLENYA :  D:\Work\Mii\TEMPLATES\ssrtemplates\.angular\prerender-root\414758b8-8199-4e2e-b39d-43d539569316\data\admdb.sqlite
[2025-09-23 15:49:47] INFO: INI ALAMAT TABLENYA :  D:\Work\Mii\TEMPLATES\ssrtemplates\dist\ssrtemplates\server\data\admdb.sqlite
[2025-09-23 15:51:35] INFO: INI ALAMAT TABLENYA :  D:\Work\Mii\TEMPLATES\ssrtemplates\.angular\prerender-root\537108b9-5ef2-4ce2-95b2-8e958924900e\data\admdb.sqlite
[2025-09-23 15:51:36] INFO: INI ALAMAT TABLENYA :  D:\Work\Mii\TEMPLATES\ssrtemplates\.angular\prerender-root\37f76c8a-116e-4553-bc72-8c8aa3aa3e39\data\admdb.sqlite
[2025-09-23 15:51:36] INFO: INI ALAMAT TABLENYA :  D:\Work\Mii\TEMPLATES\ssrtemplates\.angular\prerender-root\bb139e8c-e267-4da9-b8e7-fb1c865fc7ab\data\admdb.sqlite
[2025-09-23 15:51:36] INFO: INI ALAMAT TABLENYA :  D:\Work\Mii\TEMPLATES\ssrtemplates\.angular\prerender-root\3d083c96-f2d9-4d7d-87bb-4a96feb85719\data\admdb.sqlite
[2025-09-23 15:51:36] INFO: INI ALAMAT TABLENYA :  D:\Work\Mii\TEMPLATES\ssrtemplates\.angular\prerender-root\52a80bf1-76da-470d-8ae2-06c787be4cb8\data\admdb.sqlite
[2025-09-23 15:51:44] INFO: INI ALAMAT TABLENYA :  D:\Work\Mii\TEMPLATES\ssrtemplates\dist\ssrtemplates\server\data\admdb.sqlite
[2025-09-23 15:52:37] INFO: INI ALAMAT TABLENYA :  D:\Work\Mii\TEMPLATES\ssrtemplates\.angular\prerender-root\20ec2f3c-fc77-46fd-95c4-90ec7bdb86b2\data\admdb.sqlite
[2025-09-23 15:52:39] INFO: INI ALAMAT TABLENYA :  D:\Work\Mii\TEMPLATES\ssrtemplates\.angular\prerender-root\33e66e38-5ba0-44a8-957f-b22046fd534e\data\admdb.sqlite
[2025-09-23 15:52:39] INFO: INI ALAMAT TABLENYA :  D:\Work\Mii\TEMPLATES\ssrtemplates\.angular\prerender-root\22a93b21-29d5-4991-882b-bd60e0adaebe\data\admdb.sqlite
[2025-09-23 15:52:39] INFO: INI ALAMAT TABLENYA :  D:\Work\Mii\TEMPLATES\ssrtemplates\.angular\prerender-root\4845ea24-be3b-453f-b70c-1fada7728440\data\admdb.sqlite
[2025-09-23 15:52:39] INFO: INI ALAMAT TABLENYA :  D:\Work\Mii\TEMPLATES\ssrtemplates\.angular\prerender-root\e653b192-c275-483f-a7c9-2009c0cec9e7\data\admdb.sqlite
[2025-09-23 15:52:45] INFO: INI ALAMAT TABLENYA :  D:\Work\Mii\TEMPLATES\ssrtemplates\dist\ssrtemplates\server\data\admdb.sqlite
[2025-09-23 16:01:05] INFO: INI ALAMAT TABLENYA :  D:\Work\Mii\TEMPLATES\ssrtemplates\.angular\prerender-root\93ad5940-b1c8-481e-a245-50a609c08629\data\admdb.sqlite
[2025-09-23 16:01:07] INFO: INI ALAMAT TABLENYA :  D:\Work\Mii\TEMPLATES\ssrtemplates\.angular\prerender-root\4bc4ee6e-c3cf-4cae-8b6b-f2379dd65f08\data\admdb.sqlite
[2025-09-23 16:01:07] INFO: INI ALAMAT TABLENYA :  D:\Work\Mii\TEMPLATES\ssrtemplates\.angular\prerender-root\c3395536-ddf7-44b9-817a-81d0f212b835\data\admdb.sqlite
[2025-09-23 16:01:07] INFO: INI ALAMAT TABLENYA :  D:\Work\Mii\TEMPLATES\ssrtemplates\.angular\prerender-root\73f421c2-900a-4a67-ad2f-4c2963278056\data\admdb.sqlite
[2025-09-23 16:01:07] INFO: INI ALAMAT TABLENYA :  D:\Work\Mii\TEMPLATES\ssrtemplates\.angular\prerender-root\81620333-d274-436b-9227-4678198080d3\data\admdb.sqlite
[2025-09-23 16:01:14] INFO: INI ALAMAT TABLENYA :  D:\Work\Mii\TEMPLATES\ssrtemplates\dist\ssrtemplates\server\data\admdb.sqlite
[2025-09-23 16:02:17] INFO: INI ALAMAT TABLENYA :  D:\Work\Mii\TEMPLATES\ssrtemplates\.angular\prerender-root\e50f0ba7-447e-4569-8ea5-b226abc92ba4\data\admdb.sqlite
[2025-09-23 16:02:19] INFO: INI ALAMAT TABLENYA :  D:\Work\Mii\TEMPLATES\ssrtemplates\.angular\prerender-root\8ea3f7f1-a22d-4535-987b-1b7a0592f440\data\admdb.sqlite
[2025-09-23 16:02:19] INFO: INI ALAMAT TABLENYA :  D:\Work\Mii\TEMPLATES\ssrtemplates\.angular\prerender-root\637d4c00-f8c8-4f89-b41a-7a29a6001d3a\data\admdb.sqlite
[2025-09-23 16:02:19] INFO: INI ALAMAT TABLENYA :  D:\Work\Mii\TEMPLATES\ssrtemplates\.angular\prerender-root\6e856895-05a5-431a-b3a1-399492bea4be\data\admdb.sqlite
[2025-09-23 16:02:19] INFO: INI ALAMAT TABLENYA :  D:\Work\Mii\TEMPLATES\ssrtemplates\.angular\prerender-root\76bb02df-6ca6-4b6d-974f-4725da145139\data\admdb.sqlite
[2025-09-23 16:03:32] INFO: INI ALAMAT TABLENYA :  D:\Work\Mii\TEMPLATES\ssrtemplates\dist\ssrtemplates\server\data\admdb.sqlite
[2025-09-23 16:04:52] INFO: INI ALAMAT TABLENYA :  D:\Work\Mii\TEMPLATES\ssrtemplates\.angular\prerender-root\d9295d64-7f53-4a4a-8862-c1f57e573ee9\data\admdb.sqlite
[2025-09-23 16:04:53] INFO: INI ALAMAT TABLENYA :  D:\Work\Mii\TEMPLATES\ssrtemplates\.angular\prerender-root\d9dda196-b930-4962-90c3-d4c352c149b1\data\admdb.sqlite
[2025-09-23 16:04:53] INFO: INI ALAMAT TABLENYA :  D:\Work\Mii\TEMPLATES\ssrtemplates\.angular\prerender-root\32a2b14d-c860-4e4a-bf07-d81e8d78dc69\data\admdb.sqlite
[2025-09-23 16:04:53] INFO: INI ALAMAT TABLENYA :  D:\Work\Mii\TEMPLATES\ssrtemplates\.angular\prerender-root\fddbcbaf-8ec4-4d20-ab54-f1fd4eba5009\data\admdb.sqlite
[2025-09-23 16:04:53] INFO: INI ALAMAT TABLENYA :  D:\Work\Mii\TEMPLATES\ssrtemplates\.angular\prerender-root\44b6a294-a87e-4e5b-87f4-ae8dabf84800\data\admdb.sqlite
[2025-09-23 16:05:00] INFO: INI ALAMAT TABLENYA :  D:\Work\Mii\TEMPLATES\ssrtemplates\dist\ssrtemplates\server\data\admdb.sqlite
[2025-09-23 16:07:02] INFO: INI ALAMAT TABLENYA :  D:\Work\Mii\TEMPLATES\ssrtemplates\dist\ssrtemplates\server\data\admdb.sqlite
[2025-09-23 16:07:13] INFO: INI ALAMAT TABLENYA :  D:\Work\Mii\TEMPLATES\ssrtemplates\.angular\prerender-root\f9390383-6ac9-4006-94db-54b8a003bed8\data\admdb.sqlite
[2025-09-23 16:07:14] INFO: INI ALAMAT TABLENYA :  D:\Work\Mii\TEMPLATES\ssrtemplates\.angular\prerender-root\d124fd58-7985-43f5-8923-cec02347e6ff\data\admdb.sqlite
[2025-09-23 16:07:14] INFO: INI ALAMAT TABLENYA :  D:\Work\Mii\TEMPLATES\ssrtemplates\.angular\prerender-root\f577c8d5-d58a-43fa-b6d0-59987e52f606\data\admdb.sqlite
[2025-09-23 16:07:14] INFO: INI ALAMAT TABLENYA :  D:\Work\Mii\TEMPLATES\ssrtemplates\.angular\prerender-root\bc9bde28-f0a5-4c78-9992-2a36b30bd2ee\data\admdb.sqlite
[2025-09-23 16:07:14] INFO: INI ALAMAT TABLENYA :  D:\Work\Mii\TEMPLATES\ssrtemplates\.angular\prerender-root\83e20e74-3565-44f7-bfb1-d77b4a119794\data\admdb.sqlite
[2025-09-23 16:07:20] INFO: INI ALAMAT TABLENYA :  D:\Work\Mii\TEMPLATES\ssrtemplates\dist\ssrtemplates\server\data\admdb.sqlite
[2025-09-23 16:09:35] INFO: INI ALAMAT TABLENYA :  D:\Work\Mii\TEMPLATES\ssrtemplates\.angular\prerender-root\d4b7d2b5-4081-4d58-8ebd-e4a31208967c\data\admdb.sqlite
[2025-09-23 16:09:36] INFO: INI ALAMAT TABLENYA :  D:\Work\Mii\TEMPLATES\ssrtemplates\.angular\prerender-root\f7a7abb0-a5f4-413d-b19a-dc5287090aa5\data\admdb.sqlite
[2025-09-23 16:09:36] INFO: INI ALAMAT TABLENYA :  D:\Work\Mii\TEMPLATES\ssrtemplates\.angular\prerender-root\3223e7a7-6399-44b9-a42e-a1f1b958cbf9\data\admdb.sqlite
[2025-09-23 16:09:36] INFO: INI ALAMAT TABLENYA :  D:\Work\Mii\TEMPLATES\ssrtemplates\.angular\prerender-root\733f7a3e-a69a-40f8-a218-7f92bdaae01b\data\admdb.sqlite
[2025-09-23 16:09:36] INFO: INI ALAMAT TABLENYA :  D:\Work\Mii\TEMPLATES\ssrtemplates\.angular\prerender-root\d337014f-f3aa-422f-8e6b-b2b3aba10990\data\admdb.sqlite
[2025-09-23 16:09:54] INFO: INI ALAMAT TABLENYA :  D:\Work\Mii\TEMPLATES\ssrtemplates\dist\ssrtemplates\server\data\admdb.sqlite
[2025-09-23 16:12:27] INFO: INI ALAMAT TABLENYA :  D:\Work\Mii\TEMPLATES\ssrtemplates\.angular\prerender-root\24959447-3cae-47ef-a6de-a71d31fe1e5e\data\admdb.sqlite
[2025-09-23 16:12:28] INFO: INI ALAMAT TABLENYA :  D:\Work\Mii\TEMPLATES\ssrtemplates\.angular\prerender-root\6c5f992d-2968-4397-849b-0673d8ed42b9\data\admdb.sqlite
[2025-09-23 16:12:28] INFO: INI ALAMAT TABLENYA :  D:\Work\Mii\TEMPLATES\ssrtemplates\.angular\prerender-root\41bd5e01-a2d3-4d9d-988d-28e4ecc000a7\data\admdb.sqlite
[2025-09-23 16:12:28] INFO: INI ALAMAT TABLENYA :  D:\Work\Mii\TEMPLATES\ssrtemplates\.angular\prerender-root\78c3bb68-3478-41bc-b67a-0fb8d17d1a33\data\admdb.sqlite
[2025-09-23 16:12:28] INFO: INI ALAMAT TABLENYA :  D:\Work\Mii\TEMPLATES\ssrtemplates\.angular\prerender-root\5934fbea-c6fd-4656-9791-371b55b25352\data\admdb.sqlite
[2025-09-23 16:12:37] INFO: INI ALAMAT TABLENYA :  D:\Work\Mii\TEMPLATES\ssrtemplates\dist\ssrtemplates\server\data\admdb.sqlite
[2025-09-23 16:13:45] INFO: INI ALAMAT TABLENYA :  D:\Work\Mii\TEMPLATES\ssrtemplates\.angular\prerender-root\fe1e9f28-2c87-473a-9588-9bd333243d21\data\admdb.sqlite
[2025-09-23 16:13:47] INFO: INI ALAMAT TABLENYA :  D:\Work\Mii\TEMPLATES\ssrtemplates\.angular\prerender-root\9b91c1a2-5ef0-4aa6-9088-b85989b7454a\data\admdb.sqlite
[2025-09-23 16:13:47] INFO: INI ALAMAT TABLENYA :  D:\Work\Mii\TEMPLATES\ssrtemplates\.angular\prerender-root\73aa45b0-07c2-4678-88f3-7385814a3f76\data\admdb.sqlite
[2025-09-23 16:13:47] INFO: INI ALAMAT TABLENYA :  D:\Work\Mii\TEMPLATES\ssrtemplates\.angular\prerender-root\ed2559ff-a1c9-42fd-8e78-6ce64e5a6dd7\data\admdb.sqlite
[2025-09-23 16:13:47] INFO: INI ALAMAT TABLENYA :  D:\Work\Mii\TEMPLATES\ssrtemplates\.angular\prerender-root\ca480a2b-85b1-441a-b52d-5a1fec689ced\data\admdb.sqlite
[2025-09-23 16:13:54] INFO: INI ALAMAT TABLENYA :  D:\Work\Mii\TEMPLATES\ssrtemplates\dist\ssrtemplates\server\data\admdb.sqlite
[2025-09-23 16:15:36] INFO: INI ALAMAT TABLENYA :  D:\Work\Mii\TEMPLATES\ssrtemplates\.angular\prerender-root\b83b515f-e393-49b8-9c74-a4b1e2ba4460\data\admdb.sqlite
[2025-09-23 16:15:37] INFO: INI ALAMAT TABLENYA :  D:\Work\Mii\TEMPLATES\ssrtemplates\.angular\prerender-root\be474dac-cf56-470e-bf11-069cdbb6bb53\data\admdb.sqlite
[2025-09-23 16:15:37] INFO: INI ALAMAT TABLENYA :  D:\Work\Mii\TEMPLATES\ssrtemplates\.angular\prerender-root\af28c93c-bcdd-490c-b3dc-1deaac04367e\data\admdb.sqlite
[2025-09-23 16:15:37] INFO: INI ALAMAT TABLENYA :  D:\Work\Mii\TEMPLATES\ssrtemplates\.angular\prerender-root\3bab64fc-e97d-42ec-a23a-bafbd394da51\data\admdb.sqlite
[2025-09-23 16:15:37] INFO: INI ALAMAT TABLENYA :  D:\Work\Mii\TEMPLATES\ssrtemplates\.angular\prerender-root\2f0e3652-aa98-43c2-a254-def59437ecc9\data\admdb.sqlite
[2025-09-23 16:15:44] INFO: INI ALAMAT TABLENYA :  D:\Work\Mii\TEMPLATES\ssrtemplates\dist\ssrtemplates\server\data\admdb.sqlite
[2025-09-23 16:31:30] INFO: INI ALAMAT TABLENYA :  D:\Work\Mii\TEMPLATES\ssrtemplates\.angular\prerender-root\e094df8b-e776-469a-aa3d-52974350169d\data\admdb.sqlite
[2025-09-23 16:31:32] INFO: INI ALAMAT TABLENYA :  D:\Work\Mii\TEMPLATES\ssrtemplates\.angular\prerender-root\62db3da8-2593-4c96-b012-c9b3a8906952\data\admdb.sqlite
[2025-09-23 16:31:32] INFO: INI ALAMAT TABLENYA :  D:\Work\Mii\TEMPLATES\ssrtemplates\.angular\prerender-root\3a954ecf-11d4-40e2-a005-16b4669735b2\data\admdb.sqlite
[2025-09-23 16:31:32] INFO: INI ALAMAT TABLENYA :  D:\Work\Mii\TEMPLATES\ssrtemplates\.angular\prerender-root\bb755bb4-20b0-49bd-beff-762336ed9c48\data\admdb.sqlite
[2025-09-23 16:31:32] INFO: INI ALAMAT TABLENYA :  D:\Work\Mii\TEMPLATES\ssrtemplates\.angular\prerender-root\b043dbd8-c394-4464-ac88-c828f6212139\data\admdb.sqlite
[2025-09-23 16:31:41] INFO: INI ALAMAT TABLENYA :  D:\Work\Mii\TEMPLATES\ssrtemplates\dist\ssrtemplates\server\data\admdb.sqlite
[2025-09-23 21:54:26] INFO: INI ALAMAT TABLENYA :  D:\Work\Mii\TEMPLATES\ssrtemplates\.angular\prerender-root\00e617d5-25ff-450b-9ecc-f0e7d5a8394a\data\admdb.sqlite
[2025-09-23 21:54:39] INFO: INI ALAMAT TABLENYA :  D:\Work\Mii\TEMPLATES\ssrtemplates\.angular\prerender-root\1f109a09-44dd-4949-8f6b-98dedbbe24d0\data\admdb.sqlite
[2025-09-23 21:54:39] INFO: INI ALAMAT TABLENYA :  D:\Work\Mii\TEMPLATES\ssrtemplates\.angular\prerender-root\5b68dffd-697f-4397-876c-b996adcb2c0e\data\admdb.sqlite
[2025-09-23 21:54:39] INFO: INI ALAMAT TABLENYA :  D:\Work\Mii\TEMPLATES\ssrtemplates\.angular\prerender-root\baa0bec5-3523-432e-919b-1af7dc6711c4\data\admdb.sqlite
[2025-09-23 21:54:39] INFO: INI ALAMAT TABLENYA :  D:\Work\Mii\TEMPLATES\ssrtemplates\.angular\prerender-root\c746302a-8370-40c5-81cd-fa54badacdc7\data\admdb.sqlite
[2025-09-23 21:55:03] INFO: INI ALAMAT TABLENYA :  D:\Work\Mii\TEMPLATES\ssrtemplates\dist\ssrtemplates\server\data\admdb.sqlite
[2025-09-23 21:58:49] INFO: INI ALAMAT TABLENYA :  D:\Work\Mii\TEMPLATES\ssrtemplates\.angular\prerender-root\040bce55-b448-4faa-a48d-510123896c00\data\admdb.sqlite
[2025-09-23 21:58:56] INFO: INI ALAMAT TABLENYA :  D:\Work\Mii\TEMPLATES\ssrtemplates\.angular\prerender-root\2ba0558a-3691-4ac5-9f2d-010b6afa04bc\data\admdb.sqlite
[2025-09-23 21:58:56] INFO: INI ALAMAT TABLENYA :  D:\Work\Mii\TEMPLATES\ssrtemplates\.angular\prerender-root\49ba5e1d-fbaa-4748-919b-b3d7e13ea310\data\admdb.sqlite
[2025-09-23 21:58:56] INFO: INI ALAMAT TABLENYA :  D:\Work\Mii\TEMPLATES\ssrtemplates\.angular\prerender-root\29f1866b-6bcb-43ff-a6b2-b3f3d9f30573\data\admdb.sqlite
[2025-09-23 21:58:56] INFO: INI ALAMAT TABLENYA :  D:\Work\Mii\TEMPLATES\ssrtemplates\.angular\prerender-root\a0baa571-16a3-4b39-826f-d6554d3ea78c\data\admdb.sqlite
[2025-09-23 21:59:32] INFO: INI ALAMAT TABLENYA :  D:\Work\Mii\TEMPLATES\ssrtemplates\dist\ssrtemplates\server\data\admdb.sqlite
[2025-09-23 22:01:09] INFO: INI ALAMAT TABLENYA :  D:\Work\Mii\TEMPLATES\ssrtemplates\.angular\prerender-root\88f7e1fb-d59b-4e45-9f8a-6fb0d2c47477\data\admdb.sqlite
[2025-09-23 22:01:11] INFO: INI ALAMAT TABLENYA :  D:\Work\Mii\TEMPLATES\ssrtemplates\.angular\prerender-root\8dbcd37c-acd5-4804-9bb1-90f98565e171\data\admdb.sqlite
[2025-09-23 22:01:11] INFO: INI ALAMAT TABLENYA :  D:\Work\Mii\TEMPLATES\ssrtemplates\.angular\prerender-root\f0143f7f-eb38-482a-88f2-e691caa7c03b\data\admdb.sqlite
[2025-09-23 22:01:11] INFO: INI ALAMAT TABLENYA :  D:\Work\Mii\TEMPLATES\ssrtemplates\.angular\prerender-root\8d163bbd-05fc-432a-8f13-073c2155aaf4\data\admdb.sqlite
[2025-09-23 22:01:11] INFO: INI ALAMAT TABLENYA :  D:\Work\Mii\TEMPLATES\ssrtemplates\.angular\prerender-root\9e2a45f9-f324-4fe4-992c-047714b2177c\data\admdb.sqlite
[2025-09-23 22:01:34] INFO: INI ALAMAT TABLENYA :  D:\Work\Mii\TEMPLATES\ssrtemplates\dist\ssrtemplates\server\data\admdb.sqlite
[2025-09-23 22:12:35] INFO: INI ALAMAT TABLENYA :  D:\Work\Mii\TEMPLATES\ssrtemplates\.angular\prerender-root\16307ae9-c84c-4ec0-b92f-7b6713f52138\data\admdb.sqlite
[2025-09-23 22:12:37] INFO: INI ALAMAT TABLENYA :  D:\Work\Mii\TEMPLATES\ssrtemplates\.angular\prerender-root\3a943e51-885b-4dee-a798-728545354ef5\data\admdb.sqlite
[2025-09-23 22:12:37] INFO: INI ALAMAT TABLENYA :  D:\Work\Mii\TEMPLATES\ssrtemplates\.angular\prerender-root\6cf315c7-8312-46d2-a1ae-b0b07d0311ea\data\admdb.sqlite
[2025-09-23 22:12:37] INFO: INI ALAMAT TABLENYA :  D:\Work\Mii\TEMPLATES\ssrtemplates\.angular\prerender-root\f7941313-41c6-4052-b559-0d174fcce5c4\data\admdb.sqlite
[2025-09-23 22:12:37] INFO: INI ALAMAT TABLENYA :  D:\Work\Mii\TEMPLATES\ssrtemplates\.angular\prerender-root\4a1e5f17-a3a8-442b-8e73-54d56df99388\data\admdb.sqlite
[2025-09-23 22:12:48] INFO: INI ALAMAT TABLENYA :  D:\Work\Mii\TEMPLATES\ssrtemplates\dist\ssrtemplates\server\data\admdb.sqlite
[2025-09-23 22:15:16] INFO: INI ALAMAT TABLENYA :  D:\Work\Mii\TEMPLATES\ssrtemplates\.angular\prerender-root\7145e657-570a-4976-9f66-56bb07ca326d\data\admdb.sqlite
[2025-09-23 22:15:18] INFO: INI ALAMAT TABLENYA :  D:\Work\Mii\TEMPLATES\ssrtemplates\.angular\prerender-root\d2ca1318-d1fd-4500-beab-019d13787f54\data\admdb.sqlite
[2025-09-23 22:15:18] INFO: INI ALAMAT TABLENYA :  D:\Work\Mii\TEMPLATES\ssrtemplates\.angular\prerender-root\2877ca3a-bdf9-4fbb-bfd7-fa05d3a3108b\data\admdb.sqlite
[2025-09-23 22:15:18] INFO: INI ALAMAT TABLENYA :  D:\Work\Mii\TEMPLATES\ssrtemplates\.angular\prerender-root\23646ff5-2e76-48df-b91d-309e5ec2a3f5\data\admdb.sqlite
[2025-09-23 22:15:18] INFO: INI ALAMAT TABLENYA :  D:\Work\Mii\TEMPLATES\ssrtemplates\.angular\prerender-root\34fe0e70-cee6-4778-8cbf-6dce92dc72fe\data\admdb.sqlite
[2025-09-23 22:15:31] INFO: INI ALAMAT TABLENYA :  D:\Work\Mii\TEMPLATES\ssrtemplates\dist\ssrtemplates\server\data\admdb.sqlite
[2025-09-23 22:44:03] INFO: INI ALAMAT TABLENYA :  D:\Work\Mii\TEMPLATES\ssrtemplates\.angular\prerender-root\72e17ddd-5fa7-4e46-92eb-87ab29a94448\data\admdb.sqlite
[2025-09-23 22:44:05] INFO: INI ALAMAT TABLENYA :  D:\Work\Mii\TEMPLATES\ssrtemplates\.angular\prerender-root\7456be3a-0890-41f2-a715-e6b31e624295\data\admdb.sqlite
[2025-09-23 22:44:05] INFO: INI ALAMAT TABLENYA :  D:\Work\Mii\TEMPLATES\ssrtemplates\.angular\prerender-root\76ff5d83-5612-43fa-aa2c-cdd03607ae92\data\admdb.sqlite
[2025-09-23 22:44:05] INFO: INI ALAMAT TABLENYA :  D:\Work\Mii\TEMPLATES\ssrtemplates\.angular\prerender-root\97bcc8ab-2088-4de5-9747-da8c3d44d069\data\admdb.sqlite
[2025-09-23 22:44:05] INFO: INI ALAMAT TABLENYA :  D:\Work\Mii\TEMPLATES\ssrtemplates\.angular\prerender-root\8aff42d7-b3b7-43db-9ec2-4a2d971c40f2\data\admdb.sqlite
[2025-09-23 22:44:23] INFO: INI ALAMAT TABLENYA :  D:\Work\Mii\TEMPLATES\ssrtemplates\dist\ssrtemplates\server\data\admdb.sqlite
[2025-09-23 22:45:52] INFO: INI ALAMAT TABLENYA :  D:\Work\Mii\TEMPLATES\ssrtemplates\.angular\prerender-root\962723ff-f68a-4b1a-b790-077837020875\data\admdb.sqlite
[2025-09-23 22:45:54] INFO: INI ALAMAT TABLENYA :  D:\Work\Mii\TEMPLATES\ssrtemplates\.angular\prerender-root\ce51a3c0-8123-4cdb-a9b9-0d36d9747834\data\admdb.sqlite
[2025-09-23 22:45:54] INFO: INI ALAMAT TABLENYA :  D:\Work\Mii\TEMPLATES\ssrtemplates\.angular\prerender-root\9733105c-d2f3-46a6-bc4b-c1accc225d66\data\admdb.sqlite
[2025-09-23 22:45:54] INFO: INI ALAMAT TABLENYA :  D:\Work\Mii\TEMPLATES\ssrtemplates\.angular\prerender-root\49c60ac5-bb9b-4ddd-8ef0-40f0ebdbb194\data\admdb.sqlite
[2025-09-23 22:45:54] INFO: INI ALAMAT TABLENYA :  D:\Work\Mii\TEMPLATES\ssrtemplates\.angular\prerender-root\89dc663f-0a03-4c3c-b3e1-a6d248a29fb6\data\admdb.sqlite
[2025-09-23 22:46:04] INFO: INI ALAMAT TABLENYA :  D:\Work\Mii\TEMPLATES\ssrtemplates\dist\ssrtemplates\server\data\admdb.sqlite
[2025-09-23 22:46:12] INFO: Error :  {}
[2025-09-23 22:47:16] INFO: INI ALAMAT TABLENYA :  D:\Work\Mii\TEMPLATES\ssrtemplates\dist\ssrtemplates\server\data\admdb.sqlite
[2025-09-23 22:47:37] INFO: INI ALAMAT TABLENYA :  D:\Work\Mii\TEMPLATES\ssrtemplates\.angular\prerender-root\94c8d9ad-9232-40fd-aa5d-d1d43664ab40\data\admdb.sqlite
[2025-09-23 22:47:39] INFO: INI ALAMAT TABLENYA :  D:\Work\Mii\TEMPLATES\ssrtemplates\.angular\prerender-root\afc0fbbd-dd73-40ef-a0ff-894713a0c955\data\admdb.sqlite
[2025-09-23 22:47:39] INFO: INI ALAMAT TABLENYA :  D:\Work\Mii\TEMPLATES\ssrtemplates\.angular\prerender-root\27b3c240-5afa-43be-9379-cbf634b640d6\data\admdb.sqlite
[2025-09-23 22:47:39] INFO: INI ALAMAT TABLENYA :  D:\Work\Mii\TEMPLATES\ssrtemplates\.angular\prerender-root\553d3a30-d441-4386-841b-671547e71744\data\admdb.sqlite
[2025-09-23 22:47:39] INFO: INI ALAMAT TABLENYA :  D:\Work\Mii\TEMPLATES\ssrtemplates\.angular\prerender-root\5e5fa3dc-81e1-40a8-87db-36fccc9c4376\data\admdb.sqlite
[2025-09-23 22:47:56] INFO: INI ALAMAT TABLENYA :  D:\Work\Mii\TEMPLATES\ssrtemplates\dist\ssrtemplates\server\data\admdb.sqlite
[2025-09-23 22:48:11] INFO: Error :  {}
[2025-09-23 22:49:56] INFO: INI ALAMAT TABLENYA :  D:\Work\Mii\TEMPLATES\ssrtemplates\.angular\prerender-root\3905fd05-fd3a-4f3d-add2-1fd5a201249b\data\admdb.sqlite
[2025-09-23 22:49:58] INFO: INI ALAMAT TABLENYA :  D:\Work\Mii\TEMPLATES\ssrtemplates\.angular\prerender-root\df24a43b-0950-4626-ac3f-0217b8fc7d4f\data\admdb.sqlite
[2025-09-23 22:49:58] INFO: INI ALAMAT TABLENYA :  D:\Work\Mii\TEMPLATES\ssrtemplates\.angular\prerender-root\74ae7aae-f1d5-42bc-abeb-6c825ecc80c5\data\admdb.sqlite
[2025-09-23 22:49:58] INFO: INI ALAMAT TABLENYA :  D:\Work\Mii\TEMPLATES\ssrtemplates\.angular\prerender-root\4fe506c2-1e69-4173-b336-3efc3f4dba70\data\admdb.sqlite
[2025-09-23 22:49:58] INFO: INI ALAMAT TABLENYA :  D:\Work\Mii\TEMPLATES\ssrtemplates\.angular\prerender-root\444b14e0-493a-4037-8c61-d1c38b12c5fe\data\admdb.sqlite
[2025-09-23 22:50:21] INFO: INI ALAMAT TABLENYA :  D:\Work\Mii\TEMPLATES\ssrtemplates\.angular\prerender-root\c836c917-73c7-4371-bc90-fcc52c779d07\data\admdb.sqlite
[2025-09-23 22:50:23] INFO: INI ALAMAT TABLENYA :  D:\Work\Mii\TEMPLATES\ssrtemplates\.angular\prerender-root\b312b967-8d47-4343-ab37-abc912226ab7\data\admdb.sqlite
[2025-09-23 22:50:23] INFO: INI ALAMAT TABLENYA :  D:\Work\Mii\TEMPLATES\ssrtemplates\.angular\prerender-root\151f0cf3-3fe7-4e83-935b-af9849d6370b\data\admdb.sqlite
[2025-09-23 22:50:23] INFO: INI ALAMAT TABLENYA :  D:\Work\Mii\TEMPLATES\ssrtemplates\.angular\prerender-root\ca5df7d7-4b2d-43ac-94df-292ad49625e5\data\admdb.sqlite
[2025-09-23 22:50:23] INFO: INI ALAMAT TABLENYA :  D:\Work\Mii\TEMPLATES\ssrtemplates\.angular\prerender-root\1763ca69-c87d-4f38-8357-0142886ac6dc\data\admdb.sqlite
[2025-09-23 22:50:31] INFO: INI ALAMAT TABLENYA :  D:\Work\Mii\TEMPLATES\ssrtemplates\dist\ssrtemplates\server\data\admdb.sqlite
[2025-09-23 22:50:38] INFO: Error :  {}
[2025-09-23 22:56:16] INFO: Error :  {}
[2025-09-23 22:57:33] INFO: INI ALAMAT TABLENYA :  D:\Work\Mii\TEMPLATES\ssrtemplates\dist\ssrtemplates\server\data\admdb.sqlite
[2025-09-23 23:02:16] INFO: INI ALAMAT TABLENYA :  D:\Work\Mii\TEMPLATES\ssrtemplates\.angular\prerender-root\23fa768b-79bb-44f3-9e67-93813f9b40c1\data\admdb.sqlite
[2025-09-23 23:02:18] INFO: INI ALAMAT TABLENYA :  D:\Work\Mii\TEMPLATES\ssrtemplates\.angular\prerender-root\728e6e67-e2fb-4d3d-a8ed-50ebd7073e89\data\admdb.sqlite
[2025-09-23 23:02:18] INFO: INI ALAMAT TABLENYA :  D:\Work\Mii\TEMPLATES\ssrtemplates\.angular\prerender-root\1f5efa2d-a3da-4e38-aa40-fa5a2e81a568\data\admdb.sqlite
[2025-09-23 23:02:18] INFO: INI ALAMAT TABLENYA :  D:\Work\Mii\TEMPLATES\ssrtemplates\.angular\prerender-root\2eb27a09-b364-4eed-8ea7-68b4eafeaa6d\data\admdb.sqlite
[2025-09-23 23:02:18] INFO: INI ALAMAT TABLENYA :  D:\Work\Mii\TEMPLATES\ssrtemplates\.angular\prerender-root\ac8186a6-e191-4527-a9ca-f9c0f97c5ff2\data\admdb.sqlite
[2025-09-23 23:02:29] INFO: INI ALAMAT TABLENYA :  D:\Work\Mii\TEMPLATES\ssrtemplates\dist\ssrtemplates\server\data\admdb.sqlite
[2025-09-23 23:15:39] INFO: INI ALAMAT TABLENYA :  D:\Work\Mii\TEMPLATES\ssrtemplates\.angular\prerender-root\6cefa331-43db-434f-8359-9758829086a7\data\admdb.sqlite
[2025-09-23 23:15:41] INFO: INI ALAMAT TABLENYA :  D:\Work\Mii\TEMPLATES\ssrtemplates\.angular\prerender-root\da29a05d-65e1-4a60-8a7e-e6360fc70284\data\admdb.sqlite
[2025-09-23 23:15:41] INFO: INI ALAMAT TABLENYA :  D:\Work\Mii\TEMPLATES\ssrtemplates\.angular\prerender-root\261af9b7-23aa-40cb-b090-657a22834d98\data\admdb.sqlite
[2025-09-23 23:15:41] INFO: INI ALAMAT TABLENYA :  D:\Work\Mii\TEMPLATES\ssrtemplates\.angular\prerender-root\2959cb83-5b86-434b-86e8-9192e0480256\data\admdb.sqlite
[2025-09-23 23:15:41] INFO: INI ALAMAT TABLENYA :  D:\Work\Mii\TEMPLATES\ssrtemplates\.angular\prerender-root\5ad02f2c-435e-459d-99c8-41ca6265e48a\data\admdb.sqlite
[2025-09-23 23:15:50] INFO: INI ALAMAT TABLENYA :  D:\Work\Mii\TEMPLATES\ssrtemplates\dist\ssrtemplates\server\data\admdb.sqlite
[2025-09-23 23:22:00] INFO: INI ALAMAT TABLENYA :  D:\Work\Mii\TEMPLATES\ssrtemplates\.angular\prerender-root\9718c9ad-d3a2-42c6-8f2e-e7ad0aedec52\data\admdb.sqlite
[2025-09-23 23:22:02] INFO: INI ALAMAT TABLENYA :  D:\Work\Mii\TEMPLATES\ssrtemplates\.angular\prerender-root\b2174eb8-df9f-4654-a05d-4810d3e1e153\data\admdb.sqlite
[2025-09-23 23:22:02] INFO: INI ALAMAT TABLENYA :  D:\Work\Mii\TEMPLATES\ssrtemplates\.angular\prerender-root\c96f99c6-d07e-454d-86c5-9a563f22712c\data\admdb.sqlite
[2025-09-23 23:22:02] INFO: INI ALAMAT TABLENYA :  D:\Work\Mii\TEMPLATES\ssrtemplates\.angular\prerender-root\316b3fa9-ffa0-4674-aa0f-0e8a314b49fd\data\admdb.sqlite
[2025-09-23 23:22:02] INFO: INI ALAMAT TABLENYA :  D:\Work\Mii\TEMPLATES\ssrtemplates\.angular\prerender-root\66812629-02b1-4e9b-ac2b-fac8abc11fcc\data\admdb.sqlite
[2025-09-23 23:22:10] INFO: INI ALAMAT TABLENYA :  D:\Work\Mii\TEMPLATES\ssrtemplates\dist\ssrtemplates\server\data\admdb.sqlite
[2025-09-23 23:23:25] INFO: INI ALAMAT TABLENYA :  D:\Work\Mii\TEMPLATES\ssrtemplates\.angular\prerender-root\7e929bd1-8bcf-47af-99da-b9d913f4e412\data\admdb.sqlite
[2025-09-23 23:23:26] INFO: INI ALAMAT TABLENYA :  D:\Work\Mii\TEMPLATES\ssrtemplates\.angular\prerender-root\7e891f89-765c-4271-914a-cf1a67fa2167\data\admdb.sqlite
[2025-09-23 23:23:26] INFO: INI ALAMAT TABLENYA :  D:\Work\Mii\TEMPLATES\ssrtemplates\.angular\prerender-root\8b5ab39a-3294-470b-9b47-d7fa3644f258\data\admdb.sqlite
[2025-09-23 23:23:26] INFO: INI ALAMAT TABLENYA :  D:\Work\Mii\TEMPLATES\ssrtemplates\.angular\prerender-root\5f8883f8-7bcb-4b0e-bb03-cfcd78eac4a7\data\admdb.sqlite
[2025-09-23 23:23:26] INFO: INI ALAMAT TABLENYA :  D:\Work\Mii\TEMPLATES\ssrtemplates\.angular\prerender-root\895685b6-ffc0-4902-9199-d242c0a1e5f9\data\admdb.sqlite
[2025-09-23 23:23:33] INFO: INI ALAMAT TABLENYA :  D:\Work\Mii\TEMPLATES\ssrtemplates\dist\ssrtemplates\server\data\admdb.sqlite
[2025-09-23 23:30:33] INFO: INI ALAMAT TABLENYA :  D:\Work\Mii\TEMPLATES\ssrtemplates\.angular\prerender-root\68c1553e-c505-4838-a3c3-3faac0fdded9\data\admdb.sqlite
[2025-09-23 23:30:34] INFO: INI ALAMAT TABLENYA :  D:\Work\Mii\TEMPLATES\ssrtemplates\.angular\prerender-root\9c3fb225-af5a-4ac3-9608-5dfdbe5423a8\data\admdb.sqlite
[2025-09-23 23:30:34] INFO: INI ALAMAT TABLENYA :  D:\Work\Mii\TEMPLATES\ssrtemplates\.angular\prerender-root\8358dc12-367c-47d2-8816-802699707ce2\data\admdb.sqlite
[2025-09-23 23:30:34] INFO: INI ALAMAT TABLENYA :  D:\Work\Mii\TEMPLATES\ssrtemplates\.angular\prerender-root\221ed30d-337b-49cb-89dd-cfd365d8ae5a\data\admdb.sqlite
[2025-09-23 23:30:34] INFO: INI ALAMAT TABLENYA :  D:\Work\Mii\TEMPLATES\ssrtemplates\.angular\prerender-root\192facf4-a773-4181-8f56-254840b39681\data\admdb.sqlite
[2025-09-23 23:30:42] INFO: INI ALAMAT TABLENYA :  D:\Work\Mii\TEMPLATES\ssrtemplates\dist\ssrtemplates\server\data\admdb.sqlite
[2025-09-23 23:32:37] INFO: INI ALAMAT TABLENYA :  D:\Work\Mii\TEMPLATES\ssrtemplates\.angular\prerender-root\fdca3418-f25c-4dde-ba7d-32e163e0312c\data\admdb.sqlite
[2025-09-23 23:32:38] INFO: INI ALAMAT TABLENYA :  D:\Work\Mii\TEMPLATES\ssrtemplates\.angular\prerender-root\338e34ad-9685-4aad-9354-443d95b6dd8b\data\admdb.sqlite
[2025-09-23 23:32:38] INFO: INI ALAMAT TABLENYA :  D:\Work\Mii\TEMPLATES\ssrtemplates\.angular\prerender-root\bd71786a-7332-4a53-a7fd-68e654fe6526\data\admdb.sqlite
[2025-09-23 23:32:38] INFO: INI ALAMAT TABLENYA :  D:\Work\Mii\TEMPLATES\ssrtemplates\.angular\prerender-root\7d0fba08-620a-432c-972e-9a632fda1056\data\admdb.sqlite
[2025-09-23 23:32:38] INFO: INI ALAMAT TABLENYA :  D:\Work\Mii\TEMPLATES\ssrtemplates\.angular\prerender-root\47ed455c-cbb6-47f0-9d67-db7dedf04b21\data\admdb.sqlite
[2025-09-23 23:32:46] INFO: INI ALAMAT TABLENYA :  D:\Work\Mii\TEMPLATES\ssrtemplates\dist\ssrtemplates\server\data\admdb.sqlite
[2025-09-23 23:33:40] INFO: INI ALAMAT TABLENYA :  D:\Work\Mii\TEMPLATES\ssrtemplates\.angular\prerender-root\3f329b95-6365-4b7d-a940-862951de4e82\data\admdb.sqlite
[2025-09-23 23:33:42] INFO: INI ALAMAT TABLENYA :  D:\Work\Mii\TEMPLATES\ssrtemplates\.angular\prerender-root\8fffe143-925d-4ab8-853c-d47c91ad88f8\data\admdb.sqlite
[2025-09-23 23:33:42] INFO: INI ALAMAT TABLENYA :  D:\Work\Mii\TEMPLATES\ssrtemplates\.angular\prerender-root\340d9e75-de86-4b51-b822-f88171675cfc\data\admdb.sqlite
[2025-09-23 23:33:42] INFO: INI ALAMAT TABLENYA :  D:\Work\Mii\TEMPLATES\ssrtemplates\.angular\prerender-root\3890de45-9f5d-4527-b833-dc445e875beb\data\admdb.sqlite
[2025-09-23 23:33:42] INFO: INI ALAMAT TABLENYA :  D:\Work\Mii\TEMPLATES\ssrtemplates\.angular\prerender-root\bbda84db-9435-48af-bc7f-a662be567bf2\data\admdb.sqlite
[2025-09-23 23:34:13] INFO: INI ALAMAT TABLENYA :  D:\Work\Mii\TEMPLATES\ssrtemplates\.angular\prerender-root\8410a5f3-71ec-4cca-af28-5cef22c17656\data\admdb.sqlite
[2025-09-23 23:34:14] INFO: INI ALAMAT TABLENYA :  D:\Work\Mii\TEMPLATES\ssrtemplates\.angular\prerender-root\532b1bb1-8b05-457c-a35e-00fc80101490\data\admdb.sqlite
[2025-09-23 23:34:15] INFO: INI ALAMAT TABLENYA :  D:\Work\Mii\TEMPLATES\ssrtemplates\.angular\prerender-root\0af5ea65-f55a-405b-98c6-d777dc0f2ae2\data\admdb.sqlite
[2025-09-23 23:34:15] INFO: INI ALAMAT TABLENYA :  D:\Work\Mii\TEMPLATES\ssrtemplates\.angular\prerender-root\a714d657-d0c1-4a66-a165-c4ea0b701e16\data\admdb.sqlite
[2025-09-23 23:34:15] INFO: INI ALAMAT TABLENYA :  D:\Work\Mii\TEMPLATES\ssrtemplates\.angular\prerender-root\6b10f732-7845-4a41-b706-3e9a909fc98f\data\admdb.sqlite
[2025-09-23 23:34:21] INFO: INI ALAMAT TABLENYA :  D:\Work\Mii\TEMPLATES\ssrtemplates\dist\ssrtemplates\server\data\admdb.sqlite
[2025-09-23 23:35:36] INFO: INI ALAMAT TABLENYA :  D:\Work\Mii\TEMPLATES\ssrtemplates\.angular\prerender-root\b7ec02d8-543c-4e15-abed-a95376476b6e\data\admdb.sqlite
[2025-09-23 23:35:38] INFO: INI ALAMAT TABLENYA :  D:\Work\Mii\TEMPLATES\ssrtemplates\.angular\prerender-root\5561a5f5-dab9-4911-91c8-7641e1a26df8\data\admdb.sqlite
[2025-09-23 23:35:38] INFO: INI ALAMAT TABLENYA :  D:\Work\Mii\TEMPLATES\ssrtemplates\.angular\prerender-root\3dfb8ae0-0e12-4b7a-bff7-b36615b63490\data\admdb.sqlite
[2025-09-23 23:35:38] INFO: INI ALAMAT TABLENYA :  D:\Work\Mii\TEMPLATES\ssrtemplates\.angular\prerender-root\291fad07-7693-40fb-b380-2e9c7df4845f\data\admdb.sqlite
[2025-09-23 23:35:38] INFO: INI ALAMAT TABLENYA :  D:\Work\Mii\TEMPLATES\ssrtemplates\.angular\prerender-root\3aa69e4d-2cd4-4110-aab8-ea0d7de9d65c\data\admdb.sqlite
[2025-09-23 23:35:44] INFO: INI ALAMAT TABLENYA :  D:\Work\Mii\TEMPLATES\ssrtemplates\dist\ssrtemplates\server\data\admdb.sqlite
[2025-09-23 23:44:52] INFO: INI ALAMAT TABLENYA :  D:\Work\Mii\TEMPLATES\ssrtemplates\.angular\prerender-root\750e02a2-400e-4c2d-8aa9-db9f760c6b66\data\admdb.sqlite
[2025-09-23 23:44:54] INFO: INI ALAMAT TABLENYA :  D:\Work\Mii\TEMPLATES\ssrtemplates\.angular\prerender-root\29f348eb-93de-45bb-af79-73fce239f6e8\data\admdb.sqlite
[2025-09-23 23:44:54] INFO: INI ALAMAT TABLENYA :  D:\Work\Mii\TEMPLATES\ssrtemplates\.angular\prerender-root\255138cd-3d41-40f7-a03a-cc106c5afa3c\data\admdb.sqlite
[2025-09-23 23:44:54] INFO: INI ALAMAT TABLENYA :  D:\Work\Mii\TEMPLATES\ssrtemplates\.angular\prerender-root\03867152-39b9-438f-8dcb-d1a8660b64b2\data\admdb.sqlite
[2025-09-23 23:44:54] INFO: INI ALAMAT TABLENYA :  D:\Work\Mii\TEMPLATES\ssrtemplates\.angular\prerender-root\0bcab43f-4c3f-4b2b-8b5a-7d35b86732bd\data\admdb.sqlite
[2025-09-23 23:45:11] INFO: INI ALAMAT TABLENYA :  D:\Work\Mii\TEMPLATES\ssrtemplates\dist\ssrtemplates\server\data\admdb.sqlite
[2025-09-23 23:49:31] INFO: INI ALAMAT TABLENYA :  D:\Work\Mii\TEMPLATES\ssrtemplates\.angular\prerender-root\e3609fc0-04fc-44a6-836a-19bd8f2f3f87\data\admdb.sqlite
[2025-09-23 23:49:32] INFO: INI ALAMAT TABLENYA :  D:\Work\Mii\TEMPLATES\ssrtemplates\.angular\prerender-root\01bc1e4d-c803-40b5-be64-550449113870\data\admdb.sqlite
[2025-09-23 23:49:32] INFO: INI ALAMAT TABLENYA :  D:\Work\Mii\TEMPLATES\ssrtemplates\.angular\prerender-root\d75722b1-0e3e-423b-be96-3ba3ae512521\data\admdb.sqlite
[2025-09-23 23:49:32] INFO: INI ALAMAT TABLENYA :  D:\Work\Mii\TEMPLATES\ssrtemplates\.angular\prerender-root\455f7db8-441d-4db4-af60-44af45432243\data\admdb.sqlite
[2025-09-23 23:49:32] INFO: INI ALAMAT TABLENYA :  D:\Work\Mii\TEMPLATES\ssrtemplates\.angular\prerender-root\e89337b0-acd8-495a-b3fb-3840eced0994\data\admdb.sqlite
[2025-09-23 23:49:39] INFO: INI ALAMAT TABLENYA :  D:\Work\Mii\TEMPLATES\ssrtemplates\dist\ssrtemplates\server\data\admdb.sqlite
[2025-09-23 23:54:11] INFO: INI ALAMAT TABLENYA :  D:\Work\Mii\TEMPLATES\ssrtemplates\.angular\prerender-root\eaa64e1d-eaa3-4384-8d1b-1d23a66965d9\data\admdb.sqlite
[2025-09-23 23:54:13] INFO: INI ALAMAT TABLENYA :  D:\Work\Mii\TEMPLATES\ssrtemplates\.angular\prerender-root\eed0a3ab-08c8-4e6b-955e-d402534fff4a\data\admdb.sqlite
[2025-09-23 23:54:13] INFO: INI ALAMAT TABLENYA :  D:\Work\Mii\TEMPLATES\ssrtemplates\.angular\prerender-root\27a620d7-c164-474d-b466-92e359c69044\data\admdb.sqlite
[2025-09-23 23:54:13] INFO: INI ALAMAT TABLENYA :  D:\Work\Mii\TEMPLATES\ssrtemplates\.angular\prerender-root\fe98db25-07d0-4811-81ae-be2a1573e9de\data\admdb.sqlite
[2025-09-23 23:54:13] INFO: INI ALAMAT TABLENYA :  D:\Work\Mii\TEMPLATES\ssrtemplates\.angular\prerender-root\67c6e539-5612-4d79-bffe-8a569910aaae\data\admdb.sqlite
[2025-09-23 23:54:20] INFO: INI ALAMAT TABLENYA :  D:\Work\Mii\TEMPLATES\ssrtemplates\dist\ssrtemplates\server\data\admdb.sqlite
[2025-09-23 23:56:53] INFO: INI ALAMAT TABLENYA :  D:\Work\Mii\TEMPLATES\ssrtemplates\.angular\prerender-root\57004384-cab9-4256-aa63-5a7f6fd8cffa\data\admdb.sqlite
[2025-09-23 23:56:54] INFO: INI ALAMAT TABLENYA :  D:\Work\Mii\TEMPLATES\ssrtemplates\.angular\prerender-root\43650e46-5b11-42ed-9b7b-c3370eb5bd89\data\admdb.sqlite
[2025-09-23 23:56:54] INFO: INI ALAMAT TABLENYA :  D:\Work\Mii\TEMPLATES\ssrtemplates\.angular\prerender-root\b8234a07-578b-46b1-a8d5-285019a870ee\data\admdb.sqlite
[2025-09-23 23:56:54] INFO: INI ALAMAT TABLENYA :  D:\Work\Mii\TEMPLATES\ssrtemplates\.angular\prerender-root\f760dcdb-e07e-4730-bafa-a7377a58f58f\data\admdb.sqlite
[2025-09-23 23:56:54] INFO: INI ALAMAT TABLENYA :  D:\Work\Mii\TEMPLATES\ssrtemplates\.angular\prerender-root\2127e3b0-917a-46dc-849c-71a1297a251c\data\admdb.sqlite
[2025-09-23 23:57:31] INFO: INI ALAMAT TABLENYA :  D:\Work\Mii\TEMPLATES\ssrtemplates\.angular\prerender-root\2423887c-8142-4870-9008-bdffe45ab2c2\data\admdb.sqlite
[2025-09-23 23:57:33] INFO: INI ALAMAT TABLENYA :  D:\Work\Mii\TEMPLATES\ssrtemplates\.angular\prerender-root\0402400b-7ad8-4bb9-83ca-d580a3c10e8f\data\admdb.sqlite
[2025-09-23 23:57:33] INFO: INI ALAMAT TABLENYA :  D:\Work\Mii\TEMPLATES\ssrtemplates\.angular\prerender-root\3b0630cb-e2bf-4b3b-92c5-4fbc63808c8c\data\admdb.sqlite
[2025-09-23 23:57:33] INFO: INI ALAMAT TABLENYA :  D:\Work\Mii\TEMPLATES\ssrtemplates\.angular\prerender-root\4fd4cf8c-effd-4e0a-8074-5c2704a38bbc\data\admdb.sqlite
[2025-09-23 23:57:33] INFO: INI ALAMAT TABLENYA :  D:\Work\Mii\TEMPLATES\ssrtemplates\.angular\prerender-root\2c097188-38c2-4e00-8514-204c3713e5f1\data\admdb.sqlite
[2025-09-23 23:57:40] INFO: INI ALAMAT TABLENYA :  D:\Work\Mii\TEMPLATES\ssrtemplates\dist\ssrtemplates\server\data\admdb.sqlite
