[2026-01-12 09:35:28] INFO: *** Embeded database Original :  D:\Work\Mii\TEMPLATES\ssrtemplates\.angular\prerender-root\71f1b8cc-dc66-4c0d-b4a0-08e95d6e608e\data\admdb.sqlite
[2026-01-12 09:35:28] WARN: Could not read param for rate limit, using default. Error: {}
[2026-01-12 09:35:28] INFO: Node Express server listening on http://localhost:4000
[2026-01-12 09:35:31] INFO: *** Embeded database Original :  D:\Work\Mii\TEMPLATES\ssrtemplates\.angular\prerender-root\5d3881b8-f286-4643-8ccb-e4728a293267\data\admdb.sqlite
[2026-01-12 09:35:31] WARN: Could not read param for rate limit, using default. Error: {}
[2026-01-12 09:35:31] INFO: Node Express server listening on http://localhost:4000
[2026-01-12 09:35:31] INFO: *** Embeded database Original :  D:\Work\Mii\TEMPLATES\ssrtemplates\.angular\prerender-root\17b2d649-9711-44ae-89a1-02bad6d38d60\data\admdb.sqlite
[2026-01-12 09:35:31] WARN: Could not read param for rate limit, using default. Error: {}
[2026-01-12 09:35:31] INFO: *** Embeded database Original :  D:\Work\Mii\TEMPLATES\ssrtemplates\.angular\prerender-root\f6a2d975-f273-49fc-a5a4-2a58a0793909\data\admdb.sqlite
[2026-01-12 09:35:31] WARN: Could not read param for rate limit, using default. Error: {}
[2026-01-12 09:35:31] INFO: *** Embeded database Original :  D:\Work\Mii\TEMPLATES\ssrtemplates\.angular\prerender-root\e1f48231-bf66-407e-974c-5e445caa64e0\data\admdb.sqlite
[2026-01-12 09:35:31] WARN: Could not read param for rate limit, using default. Error: {}
[2026-01-12 09:35:42] INFO: *** Embeded database Original :  D:\Work\Mii\TEMPLATES\ssrtemplates\dist\ssrtemplates\server\data\admdb.sqlite
[2026-01-12 09:35:42] INFO: login limiter max set to 3
[2026-01-12 09:35:42] INFO: Node Express server listening on http://localhost:4000
[2026-01-12 09:56:29] INFO: *** Embeded database Original :  D:\Work\Mii\TEMPLATES\ssrtemplates\.angular\prerender-root\1d446806-e293-435c-ae30-ec9caa259337\data\admdb.sqlite
[2026-01-12 09:56:29] WARN: Could not read param for rate limit, using default. Error: {}
[2026-01-12 09:56:29] INFO: Node Express server listening on http://localhost:4000
[2026-01-12 09:56:31] INFO: *** Embeded database Original :  D:\Work\Mii\TEMPLATES\ssrtemplates\.angular\prerender-root\732235cc-50b4-4132-bc07-925b39da6e37\data\admdb.sqlite
[2026-01-12 09:56:31] WARN: Could not read param for rate limit, using default. Error: {}
[2026-01-12 09:56:31] INFO: Node Express server listening on http://localhost:4000
[2026-01-12 09:56:31] INFO: *** Embeded database Original :  D:\Work\Mii\TEMPLATES\ssrtemplates\.angular\prerender-root\4767c5b4-edf6-42b6-911e-b91de6daa8b7\data\admdb.sqlite
[2026-01-12 09:56:31] WARN: Could not read param for rate limit, using default. Error: {}
[2026-01-12 09:56:31] INFO: *** Embeded database Original :  D:\Work\Mii\TEMPLATES\ssrtemplates\.angular\prerender-root\8e5b7264-1b40-4404-9da8-d1abaae45efa\data\admdb.sqlite
[2026-01-12 09:56:31] WARN: Could not read param for rate limit, using default. Error: {}
[2026-01-12 09:56:31] INFO: *** Embeded database Original :  D:\Work\Mii\TEMPLATES\ssrtemplates\.angular\prerender-root\190ede88-6e96-4536-8f57-182aab436593\data\admdb.sqlite
[2026-01-12 09:56:31] WARN: Could not read param for rate limit, using default. Error: {}
[2026-01-12 09:57:15] INFO: *** Embeded database Original :  D:\Work\Mii\TEMPLATES\ssrtemplates\.angular\prerender-root\5faeeb2d-749b-4e2c-8f91-36a6ea88a847\data\admdb.sqlite
[2026-01-12 09:57:15] WARN: Could not read param for rate limit, using default. Error: {}
[2026-01-12 09:57:15] INFO: Node Express server listening on http://localhost:4000
[2026-01-12 09:57:17] INFO: *** Embeded database Original :  D:\Work\Mii\TEMPLATES\ssrtemplates\.angular\prerender-root\676bb839-2acd-4845-8218-029eb8f13ab4\data\admdb.sqlite
[2026-01-12 09:57:17] WARN: Could not read param for rate limit, using default. Error: {}
[2026-01-12 09:57:17] INFO: Node Express server listening on http://localhost:4000
[2026-01-12 09:57:17] INFO: *** Embeded database Original :  D:\Work\Mii\TEMPLATES\ssrtemplates\.angular\prerender-root\cd0c26c2-f4bb-4b23-a61a-02341f19e91e\data\admdb.sqlite
[2026-01-12 09:57:17] WARN: Could not read param for rate limit, using default. Error: {}
[2026-01-12 09:57:17] INFO: *** Embeded database Original :  D:\Work\Mii\TEMPLATES\ssrtemplates\.angular\prerender-root\724e08a5-aa93-4eae-ac23-129e0f4d7a27\data\admdb.sqlite
[2026-01-12 09:57:17] WARN: Could not read param for rate limit, using default. Error: {}
[2026-01-12 09:57:17] INFO: *** Embeded database Original :  D:\Work\Mii\TEMPLATES\ssrtemplates\.angular\prerender-root\53d2c164-f9e4-42d2-92ad-49c9b9dba03c\data\admdb.sqlite
[2026-01-12 09:57:17] WARN: Could not read param for rate limit, using default. Error: {}
