[2025-09-11 15:01:50] INFO: INI ALAMAT TABLENYA :  D:\Work\Mii\TEMPLATES\ssrtemplates\.angular\prerender-root\51d980c0-b9b6-41bc-ac10-242c5a1a9fd5\data\admdb.sqlite
[2025-09-11 15:01:52] INFO: INI ALAMAT TABLENYA :  D:\Work\Mii\TEMPLATES\ssrtemplates\.angular\prerender-root\0d0e7c20-ae59-4032-89f8-61fc99a7d7bd\data\admdb.sqlite
[2025-09-11 15:01:52] INFO: INI ALAMAT TABLENYA :  D:\Work\Mii\TEMPLATES\ssrtemplates\.angular\prerender-root\4c4cd709-2992-46de-83aa-c412114650f2\data\admdb.sqlite
[2025-09-11 15:01:52] INFO: INI ALAMAT TABLENYA :  D:\Work\Mii\TEMPLATES\ssrtemplates\.angular\prerender-root\f6e9431c-7cb5-4596-922f-5d44fa2e68cd\data\admdb.sqlite
[2025-09-11 15:01:52] INFO: INI ALAMAT TABLENYA :  D:\Work\Mii\TEMPLATES\ssrtemplates\.angular\prerender-root\a734101f-2210-4d24-af13-a074e540f9bd\data\admdb.sqlite
[2025-09-11 15:02:17] INFO: INI ALAMAT TABLENYA :  D:\Work\Mii\TEMPLATES\ssrtemplates\dist\ssrtemplates\server\data\admdb.sqlite
[2025-09-11 15:04:57] INFO: INI ALAMAT TABLENYA :  D:\Work\Mii\TEMPLATES\ssrtemplates\.angular\prerender-root\7ae4f0ce-b380-4565-9c56-d4f08a18bc03\data\admdb.sqlite
[2025-09-11 15:04:59] INFO: INI ALAMAT TABLENYA :  D:\Work\Mii\TEMPLATES\ssrtemplates\.angular\prerender-root\35b1e8e3-88ad-4d9b-8b9d-83dcbbd06747\data\admdb.sqlite
[2025-09-11 15:04:59] INFO: INI ALAMAT TABLENYA :  D:\Work\Mii\TEMPLATES\ssrtemplates\.angular\prerender-root\0112e5c3-b604-483d-89fa-889925c4938d\data\admdb.sqlite
[2025-09-11 15:04:59] INFO: INI ALAMAT TABLENYA :  D:\Work\Mii\TEMPLATES\ssrtemplates\.angular\prerender-root\1bdfea97-b90c-4ae7-a7aa-7caee0464916\data\admdb.sqlite
[2025-09-11 15:04:59] INFO: INI ALAMAT TABLENYA :  D:\Work\Mii\TEMPLATES\ssrtemplates\.angular\prerender-root\76101fc5-49f4-41be-bdec-c685b1e225bf\data\admdb.sqlite
[2025-09-11 15:06:20] INFO: INI ALAMAT TABLENYA :  D:\Work\Mii\TEMPLATES\ssrtemplates\dist\ssrtemplates\server\data\admdb.sqlite
[2025-09-11 15:31:15] INFO: INI ALAMAT TABLENYA :  D:\Work\Mii\TEMPLATES\ssrtemplates\.angular\prerender-root\08cc2f52-0726-4435-99b5-2dbd8261b22e\data\admdb.sqlite
[2025-09-11 15:31:23] INFO: INI ALAMAT TABLENYA :  D:\Work\Mii\TEMPLATES\ssrtemplates\.angular\prerender-root\3d8a2724-5122-43d8-b6b0-19fc797b5d2b\data\admdb.sqlite
[2025-09-11 15:31:23] INFO: INI ALAMAT TABLENYA :  D:\Work\Mii\TEMPLATES\ssrtemplates\.angular\prerender-root\2fa95e78-86bd-4a9d-b229-e9f2efa19f3f\data\admdb.sqlite
[2025-09-11 15:31:23] INFO: INI ALAMAT TABLENYA :  D:\Work\Mii\TEMPLATES\ssrtemplates\.angular\prerender-root\76998dd2-2f0a-4f10-9f4a-e1a344e2a5d9\data\admdb.sqlite
[2025-09-11 15:31:23] INFO: INI ALAMAT TABLENYA :  D:\Work\Mii\TEMPLATES\ssrtemplates\.angular\prerender-root\2f56faa8-da36-4d63-8334-402e5ae1e018\data\admdb.sqlite
[2025-09-11 15:34:42] INFO: INI ALAMAT TABLENYA :  D:\Work\Mii\TEMPLATES\ssrtemplates\.angular\prerender-root\f9b17aee-2b5a-4733-929f-d5602121cea6\data\admdb.sqlite
[2025-09-11 15:34:50] INFO: INI ALAMAT TABLENYA :  D:\Work\Mii\TEMPLATES\ssrtemplates\.angular\prerender-root\0445013e-da8e-453f-8c19-7708b3d5acfa\data\admdb.sqlite
[2025-09-11 15:34:50] INFO: INI ALAMAT TABLENYA :  D:\Work\Mii\TEMPLATES\ssrtemplates\.angular\prerender-root\dd7765df-ac62-48f3-adeb-fe6cff42e690\data\admdb.sqlite
[2025-09-11 15:34:50] INFO: INI ALAMAT TABLENYA :  D:\Work\Mii\TEMPLATES\ssrtemplates\.angular\prerender-root\ecd79fa8-bb6a-43bb-8e2c-2ff623e4722a\data\admdb.sqlite
[2025-09-11 15:34:50] INFO: INI ALAMAT TABLENYA :  D:\Work\Mii\TEMPLATES\ssrtemplates\.angular\prerender-root\194dbdf9-409a-4010-9ccc-d83c6b86fdab\data\admdb.sqlite
[2025-09-11 15:36:27] INFO: INI ALAMAT TABLENYA :  D:\Work\Mii\TEMPLATES\ssrtemplates\.angular\prerender-root\d5427da0-6af4-4fb9-a867-d20ca74044c5\data\admdb.sqlite
[2025-09-11 15:36:30] INFO: INI ALAMAT TABLENYA :  D:\Work\Mii\TEMPLATES\ssrtemplates\.angular\prerender-root\fc2149e0-af73-48f7-99b4-fce198223f73\data\admdb.sqlite
[2025-09-11 15:36:30] INFO: INI ALAMAT TABLENYA :  D:\Work\Mii\TEMPLATES\ssrtemplates\.angular\prerender-root\0fb12176-2de2-4297-8d07-b6d3e6a60baa\data\admdb.sqlite
[2025-09-11 15:36:30] INFO: INI ALAMAT TABLENYA :  D:\Work\Mii\TEMPLATES\ssrtemplates\.angular\prerender-root\8cfd5795-dfa4-442d-af07-35ea5d440263\data\admdb.sqlite
[2025-09-11 15:36:30] INFO: INI ALAMAT TABLENYA :  D:\Work\Mii\TEMPLATES\ssrtemplates\.angular\prerender-root\6f163f1e-5a66-4431-be1b-c2ca615ea674\data\admdb.sqlite
[2025-09-11 15:36:50] INFO: INI ALAMAT TABLENYA :  D:\Work\Mii\TEMPLATES\ssrtemplates\dist\ssrtemplates\server\data\admdb.sqlite
[2025-09-11 15:39:22] INFO: INI ALAMAT TABLENYA :  D:\Work\Mii\TEMPLATES\ssrtemplates\.angular\prerender-root\43be8e23-6fbb-49b9-b73f-4a1b6ba8d7ca\data\admdb.sqlite
[2025-09-11 15:39:24] INFO: INI ALAMAT TABLENYA :  D:\Work\Mii\TEMPLATES\ssrtemplates\.angular\prerender-root\9cd1c3de-a877-4bf6-9810-4be382f521ca\data\admdb.sqlite
[2025-09-11 15:39:24] INFO: INI ALAMAT TABLENYA :  D:\Work\Mii\TEMPLATES\ssrtemplates\.angular\prerender-root\f80f77c2-3831-4752-8317-f48160a27950\data\admdb.sqlite
[2025-09-11 15:39:24] INFO: INI ALAMAT TABLENYA :  D:\Work\Mii\TEMPLATES\ssrtemplates\.angular\prerender-root\060d61fe-ad43-46b1-a72a-d4fad58f7d84\data\admdb.sqlite
[2025-09-11 15:39:24] INFO: INI ALAMAT TABLENYA :  D:\Work\Mii\TEMPLATES\ssrtemplates\.angular\prerender-root\46a48ff6-ad8b-4e55-a5ea-09c9bd342507\data\admdb.sqlite
[2025-09-11 15:58:19] INFO: INI ALAMAT TABLENYA :  D:\Work\Mii\TEMPLATES\ssrtemplates\.angular\prerender-root\bec14797-5b73-4ba0-a4cf-9d3bbfd9df26\data\admdb.sqlite
[2025-09-11 15:58:21] INFO: INI ALAMAT TABLENYA :  D:\Work\Mii\TEMPLATES\ssrtemplates\.angular\prerender-root\e8fb176c-5f06-431b-8cc3-bad8f6e50040\data\admdb.sqlite
[2025-09-11 15:58:21] INFO: INI ALAMAT TABLENYA :  D:\Work\Mii\TEMPLATES\ssrtemplates\.angular\prerender-root\d3bba862-f83b-4267-9b8c-8c4837fb9aa3\data\admdb.sqlite
[2025-09-11 15:58:21] INFO: INI ALAMAT TABLENYA :  D:\Work\Mii\TEMPLATES\ssrtemplates\.angular\prerender-root\e85fc5be-db8c-41fc-9e91-7fd527423dfe\data\admdb.sqlite
[2025-09-11 15:58:21] INFO: INI ALAMAT TABLENYA :  D:\Work\Mii\TEMPLATES\ssrtemplates\.angular\prerender-root\fcb01d42-952d-4918-9b0e-82206577aace\data\admdb.sqlite
[2025-09-11 16:00:41] INFO: INI ALAMAT TABLENYA :  D:\Work\Mii\TEMPLATES\ssrtemplates\.angular\prerender-root\09188afc-0fc6-4692-8b50-47107f8f9718\data\admdb.sqlite
[2025-09-11 16:00:43] INFO: INI ALAMAT TABLENYA :  D:\Work\Mii\TEMPLATES\ssrtemplates\.angular\prerender-root\bc70cace-021f-498c-bcf8-801f4a028552\data\admdb.sqlite
[2025-09-11 16:00:43] INFO: INI ALAMAT TABLENYA :  D:\Work\Mii\TEMPLATES\ssrtemplates\.angular\prerender-root\609d3f4b-488f-4a43-a2bc-019f77d3a402\data\admdb.sqlite
[2025-09-11 16:00:43] INFO: INI ALAMAT TABLENYA :  D:\Work\Mii\TEMPLATES\ssrtemplates\.angular\prerender-root\223b6177-ca40-4ea1-adb5-1478e29d4294\data\admdb.sqlite
[2025-09-11 16:00:43] INFO: INI ALAMAT TABLENYA :  D:\Work\Mii\TEMPLATES\ssrtemplates\.angular\prerender-root\edc033a5-4b02-4d3d-8fc2-1f040cd08ec5\data\admdb.sqlite
[2025-09-11 16:59:03] INFO: INI ALAMAT TABLENYA :  D:\Work\Mii\TEMPLATES\ssrtemplates\.angular\prerender-root\54135443-3dbd-4c55-ae22-efe80876300b\data\admdb.sqlite
[2025-09-11 16:59:05] INFO: INI ALAMAT TABLENYA :  D:\Work\Mii\TEMPLATES\ssrtemplates\.angular\prerender-root\ba3ba0f0-016f-4770-865c-59482e77ca0c\data\admdb.sqlite
[2025-09-11 16:59:05] INFO: INI ALAMAT TABLENYA :  D:\Work\Mii\TEMPLATES\ssrtemplates\.angular\prerender-root\c85c0bbf-a5af-4ba8-a100-0e546d5da547\data\admdb.sqlite
[2025-09-11 16:59:05] INFO: INI ALAMAT TABLENYA :  D:\Work\Mii\TEMPLATES\ssrtemplates\.angular\prerender-root\257ba19d-79d8-4452-b889-a8073fa60b07\data\admdb.sqlite
[2025-09-11 16:59:05] INFO: INI ALAMAT TABLENYA :  D:\Work\Mii\TEMPLATES\ssrtemplates\.angular\prerender-root\ccb4b11b-4791-4760-8d3b-5560b959f183\data\admdb.sqlite
[2025-09-11 16:59:36] INFO: INI ALAMAT TABLENYA :  D:\Work\Mii\TEMPLATES\ssrtemplates\dist\ssrtemplates\server\data\admdb.sqlite
[2025-09-11 17:01:29] INFO: INI ALAMAT TABLENYA :  D:\Work\Mii\TEMPLATES\ssrtemplates\.angular\prerender-root\7c96e6d8-4da7-470d-b122-1e7098cf19c8\data\admdb.sqlite
[2025-09-11 17:01:32] INFO: INI ALAMAT TABLENYA :  D:\Work\Mii\TEMPLATES\ssrtemplates\.angular\prerender-root\4bbc1de8-8419-4837-99bf-48b081b3498c\data\admdb.sqlite
[2025-09-11 17:01:32] INFO: INI ALAMAT TABLENYA :  D:\Work\Mii\TEMPLATES\ssrtemplates\.angular\prerender-root\b7e99b60-ee7e-41db-b05f-2c4a5379940a\data\admdb.sqlite
[2025-09-11 17:01:32] INFO: INI ALAMAT TABLENYA :  D:\Work\Mii\TEMPLATES\ssrtemplates\.angular\prerender-root\11dfeb7b-0243-412c-bc95-0120e78c4216\data\admdb.sqlite
[2025-09-11 17:01:32] INFO: INI ALAMAT TABLENYA :  D:\Work\Mii\TEMPLATES\ssrtemplates\.angular\prerender-root\70f6d262-e2bd-47d8-a61f-b89b8b172ccb\data\admdb.sqlite
[2025-09-11 17:01:40] INFO: INI ALAMAT TABLENYA :  D:\Work\Mii\TEMPLATES\ssrtemplates\dist\ssrtemplates\server\data\admdb.sqlite
[2025-09-11 17:06:38] INFO: INI ALAMAT TABLENYA :  D:\Work\Mii\TEMPLATES\ssrtemplates\.angular\prerender-root\3f6b87a9-50df-472a-96f6-7f43802d3e1c\data\admdb.sqlite
[2025-09-11 17:06:40] INFO: INI ALAMAT TABLENYA :  D:\Work\Mii\TEMPLATES\ssrtemplates\.angular\prerender-root\6c2107f5-a02d-4968-90ac-887cc751351d\data\admdb.sqlite
[2025-09-11 17:06:40] INFO: INI ALAMAT TABLENYA :  D:\Work\Mii\TEMPLATES\ssrtemplates\.angular\prerender-root\68c71f11-55b6-450b-9adb-46d788da9ad8\data\admdb.sqlite
[2025-09-11 17:06:40] INFO: INI ALAMAT TABLENYA :  D:\Work\Mii\TEMPLATES\ssrtemplates\.angular\prerender-root\8a40cbac-d79c-4c71-a182-f85d395d6a1c\data\admdb.sqlite
[2025-09-11 17:06:40] INFO: INI ALAMAT TABLENYA :  D:\Work\Mii\TEMPLATES\ssrtemplates\.angular\prerender-root\c79664da-2511-43f8-93d3-372b81418a1c\data\admdb.sqlite
[2025-09-11 17:06:53] INFO: INI ALAMAT TABLENYA :  D:\Work\Mii\TEMPLATES\ssrtemplates\dist\ssrtemplates\server\data\admdb.sqlite
[2025-09-11 17:10:24] INFO: INI ALAMAT TABLENYA :  D:\Work\Mii\TEMPLATES\ssrtemplates\.angular\prerender-root\7891d066-2c70-47bc-9892-0666b9a77908\data\admdb.sqlite
[2025-09-11 17:10:26] INFO: INI ALAMAT TABLENYA :  D:\Work\Mii\TEMPLATES\ssrtemplates\.angular\prerender-root\5cf19b23-62e3-4a30-bc0c-0f0aaa6d836a\data\admdb.sqlite
[2025-09-11 17:10:26] INFO: INI ALAMAT TABLENYA :  D:\Work\Mii\TEMPLATES\ssrtemplates\.angular\prerender-root\3dcd6b62-8bd3-4c76-9494-6777bf70874a\data\admdb.sqlite
[2025-09-11 17:10:26] INFO: INI ALAMAT TABLENYA :  D:\Work\Mii\TEMPLATES\ssrtemplates\.angular\prerender-root\b9554590-bfcf-4049-a0ae-641b965c41c1\data\admdb.sqlite
[2025-09-11 17:10:26] INFO: INI ALAMAT TABLENYA :  D:\Work\Mii\TEMPLATES\ssrtemplates\.angular\prerender-root\52006d97-bade-4794-8317-c3febd6e8192\data\admdb.sqlite
[2025-09-11 17:10:39] INFO: INI ALAMAT TABLENYA :  D:\Work\Mii\TEMPLATES\ssrtemplates\dist\ssrtemplates\server\data\admdb.sqlite
[2025-09-11 17:12:14] INFO: INI ALAMAT TABLENYA :  D:\Work\Mii\TEMPLATES\ssrtemplates\.angular\prerender-root\8517299c-5fe8-4fdc-8180-7f10afd5f697\data\admdb.sqlite
[2025-09-11 17:12:17] INFO: INI ALAMAT TABLENYA :  D:\Work\Mii\TEMPLATES\ssrtemplates\.angular\prerender-root\1e935e6e-f235-4a5e-b131-8ff8726b2bbf\data\admdb.sqlite
[2025-09-11 17:12:17] INFO: INI ALAMAT TABLENYA :  D:\Work\Mii\TEMPLATES\ssrtemplates\.angular\prerender-root\77dc3392-3826-4325-b730-036363396c4d\data\admdb.sqlite
[2025-09-11 17:12:17] INFO: INI ALAMAT TABLENYA :  D:\Work\Mii\TEMPLATES\ssrtemplates\.angular\prerender-root\3cb99d21-17e6-4fb5-83fb-680be11280bf\data\admdb.sqlite
[2025-09-11 17:12:17] INFO: INI ALAMAT TABLENYA :  D:\Work\Mii\TEMPLATES\ssrtemplates\.angular\prerender-root\cbc9bd62-f17d-49b4-aad9-6b2fd97576a7\data\admdb.sqlite
[2025-09-11 17:12:41] INFO: INI ALAMAT TABLENYA :  D:\Work\Mii\TEMPLATES\ssrtemplates\.angular\prerender-root\72e5040c-c483-4d17-837e-82a9e2cba063\data\admdb.sqlite
[2025-09-11 17:12:44] INFO: INI ALAMAT TABLENYA :  D:\Work\Mii\TEMPLATES\ssrtemplates\.angular\prerender-root\62285e57-a391-4674-b319-629bc89ad8cc\data\admdb.sqlite
[2025-09-11 17:12:44] INFO: INI ALAMAT TABLENYA :  D:\Work\Mii\TEMPLATES\ssrtemplates\.angular\prerender-root\70810be9-8628-4678-9903-dee75eb1467a\data\admdb.sqlite
[2025-09-11 17:12:44] INFO: INI ALAMAT TABLENYA :  D:\Work\Mii\TEMPLATES\ssrtemplates\.angular\prerender-root\c51cb903-79ac-40db-b4b6-995fb36c50e9\data\admdb.sqlite
[2025-09-11 17:12:44] INFO: INI ALAMAT TABLENYA :  D:\Work\Mii\TEMPLATES\ssrtemplates\.angular\prerender-root\b090156b-fe7e-4e6c-80d7-745fa15a3519\data\admdb.sqlite
[2025-09-11 17:12:53] INFO: INI ALAMAT TABLENYA :  D:\Work\Mii\TEMPLATES\ssrtemplates\dist\ssrtemplates\server\data\admdb.sqlite
[2025-09-11 17:15:15] INFO: INI ALAMAT TABLENYA :  D:\Work\Mii\TEMPLATES\ssrtemplates\.angular\prerender-root\6a71ab5d-c200-44b0-9f9a-de625ca47d84\data\admdb.sqlite
[2025-09-11 17:15:21] INFO: INI ALAMAT TABLENYA :  D:\Work\Mii\TEMPLATES\ssrtemplates\.angular\prerender-root\4499b6ae-8bac-4b43-8dd4-4786713e001b\data\admdb.sqlite
[2025-09-11 17:15:21] INFO: INI ALAMAT TABLENYA :  D:\Work\Mii\TEMPLATES\ssrtemplates\.angular\prerender-root\fe9e7471-3f30-4714-905a-07d290490d38\data\admdb.sqlite
[2025-09-11 17:15:21] INFO: INI ALAMAT TABLENYA :  D:\Work\Mii\TEMPLATES\ssrtemplates\.angular\prerender-root\861d978c-989e-4c9a-8277-2e8f1a75fb03\data\admdb.sqlite
[2025-09-11 17:15:21] INFO: INI ALAMAT TABLENYA :  D:\Work\Mii\TEMPLATES\ssrtemplates\.angular\prerender-root\5968da66-ea7d-4d8f-bba4-1e342fdd33af\data\admdb.sqlite
[2025-09-11 17:16:21] INFO: INI ALAMAT TABLENYA :  D:\Work\Mii\TEMPLATES\ssrtemplates\.angular\prerender-root\d1bd98b1-2e0f-4911-a199-a7be0b73fdc8\data\admdb.sqlite
[2025-09-11 17:16:23] INFO: INI ALAMAT TABLENYA :  D:\Work\Mii\TEMPLATES\ssrtemplates\.angular\prerender-root\6df08aaf-ba6e-4098-87d2-706641ad59e5\data\admdb.sqlite
[2025-09-11 17:16:23] INFO: INI ALAMAT TABLENYA :  D:\Work\Mii\TEMPLATES\ssrtemplates\.angular\prerender-root\bc5d0542-26e7-4ab3-abdc-9bb2879614db\data\admdb.sqlite
[2025-09-11 17:16:23] INFO: INI ALAMAT TABLENYA :  D:\Work\Mii\TEMPLATES\ssrtemplates\.angular\prerender-root\a986b23b-59ae-4122-8ce9-c904d3c36608\data\admdb.sqlite
[2025-09-11 17:16:23] INFO: INI ALAMAT TABLENYA :  D:\Work\Mii\TEMPLATES\ssrtemplates\.angular\prerender-root\1659bfe7-8cc8-4b9a-848a-9f53180b1ac2\data\admdb.sqlite
[2025-09-11 17:16:33] INFO: INI ALAMAT TABLENYA :  D:\Work\Mii\TEMPLATES\ssrtemplates\dist\ssrtemplates\server\data\admdb.sqlite
[2025-09-11 17:17:34] INFO: INI ALAMAT TABLENYA :  D:\Work\Mii\TEMPLATES\ssrtemplates\.angular\prerender-root\55fb8bfc-56aa-491d-983e-8cd0cafde3e8\data\admdb.sqlite
[2025-09-11 17:17:37] INFO: INI ALAMAT TABLENYA :  D:\Work\Mii\TEMPLATES\ssrtemplates\.angular\prerender-root\6f31fc54-61df-45f8-acd2-9f494a164bc5\data\admdb.sqlite
[2025-09-11 17:17:37] INFO: INI ALAMAT TABLENYA :  D:\Work\Mii\TEMPLATES\ssrtemplates\.angular\prerender-root\6fcbe76e-a1f0-4cf3-8469-86bfe396026b\data\admdb.sqlite
[2025-09-11 17:17:37] INFO: INI ALAMAT TABLENYA :  D:\Work\Mii\TEMPLATES\ssrtemplates\.angular\prerender-root\034edc35-63df-4c6f-9fdc-00e783d4d300\data\admdb.sqlite
[2025-09-11 17:17:37] INFO: INI ALAMAT TABLENYA :  D:\Work\Mii\TEMPLATES\ssrtemplates\.angular\prerender-root\eec82797-d215-4903-b786-1297050583b7\data\admdb.sqlite
[2025-09-11 17:17:46] INFO: INI ALAMAT TABLENYA :  D:\Work\Mii\TEMPLATES\ssrtemplates\dist\ssrtemplates\server\data\admdb.sqlite
[2025-09-11 17:19:43] INFO: INI ALAMAT TABLENYA :  D:\Work\Mii\TEMPLATES\ssrtemplates\.angular\prerender-root\d1e4fd3c-2027-4c5b-9664-7faeedcfeac0\data\admdb.sqlite
[2025-09-11 17:19:48] INFO: INI ALAMAT TABLENYA :  D:\Work\Mii\TEMPLATES\ssrtemplates\.angular\prerender-root\a0460612-69b9-4d85-ba58-5c173c36e04e\data\admdb.sqlite
[2025-09-11 17:19:48] INFO: INI ALAMAT TABLENYA :  D:\Work\Mii\TEMPLATES\ssrtemplates\.angular\prerender-root\7070fd51-2c2a-4a0f-9526-74f9fe9bd02c\data\admdb.sqlite
[2025-09-11 17:19:48] INFO: INI ALAMAT TABLENYA :  D:\Work\Mii\TEMPLATES\ssrtemplates\.angular\prerender-root\87e89b9f-afa1-4368-b841-fefede760288\data\admdb.sqlite
[2025-09-11 17:19:48] INFO: INI ALAMAT TABLENYA :  D:\Work\Mii\TEMPLATES\ssrtemplates\.angular\prerender-root\f4d3e75e-3b55-4cd6-8e5d-ad89a1ffd983\data\admdb.sqlite
[2025-09-11 17:20:01] INFO: INI ALAMAT TABLENYA :  D:\Work\Mii\TEMPLATES\ssrtemplates\dist\ssrtemplates\server\data\admdb.sqlite
[2025-09-11 19:39:22] INFO: INI ALAMAT TABLENYA :  D:\Work\Mii\TEMPLATES\ssrtemplates\.angular\prerender-root\831aadf1-9112-42f0-bd67-630dd447a620\data\admdb.sqlite
[2025-09-11 19:39:23] INFO: INI ALAMAT TABLENYA :  D:\Work\Mii\TEMPLATES\ssrtemplates\.angular\prerender-root\88e7c9e8-db16-40f9-ad40-fff31b5fb130\data\admdb.sqlite
[2025-09-11 19:39:23] INFO: INI ALAMAT TABLENYA :  D:\Work\Mii\TEMPLATES\ssrtemplates\.angular\prerender-root\f5187ead-2ae9-4c11-8620-d6fb0c1675db\data\admdb.sqlite
[2025-09-11 19:39:23] INFO: INI ALAMAT TABLENYA :  D:\Work\Mii\TEMPLATES\ssrtemplates\.angular\prerender-root\a26d0ab4-0028-4eb8-ae19-f198b75fdedb\data\admdb.sqlite
[2025-09-11 19:39:23] INFO: INI ALAMAT TABLENYA :  D:\Work\Mii\TEMPLATES\ssrtemplates\.angular\prerender-root\f66c1375-549f-476b-b262-74d5d4115c80\data\admdb.sqlite
[2025-09-11 19:39:30] INFO: INI ALAMAT TABLENYA :  D:\Work\Mii\TEMPLATES\ssrtemplates\dist\ssrtemplates\server\data\admdb.sqlite
[2025-09-11 19:43:31] INFO: INI ALAMAT TABLENYA :  D:\Work\Mii\TEMPLATES\ssrtemplates\.angular\prerender-root\a98b8b69-e77f-4483-ae54-d12012ef5058\data\admdb.sqlite
[2025-09-11 19:43:32] INFO: INI ALAMAT TABLENYA :  D:\Work\Mii\TEMPLATES\ssrtemplates\.angular\prerender-root\2f3ba59d-6c1d-4125-9264-4c8cc74244d0\data\admdb.sqlite
[2025-09-11 19:43:32] INFO: INI ALAMAT TABLENYA :  D:\Work\Mii\TEMPLATES\ssrtemplates\.angular\prerender-root\a9352b16-b7a8-45c8-b5c7-148544e027d3\data\admdb.sqlite
[2025-09-11 19:43:32] INFO: INI ALAMAT TABLENYA :  D:\Work\Mii\TEMPLATES\ssrtemplates\.angular\prerender-root\dfa63e6c-ec17-4705-9b2a-8b2b611559bc\data\admdb.sqlite
[2025-09-11 19:43:32] INFO: INI ALAMAT TABLENYA :  D:\Work\Mii\TEMPLATES\ssrtemplates\.angular\prerender-root\4f60be05-d868-463e-889a-f8b3a32ee624\data\admdb.sqlite
[2025-09-11 19:43:43] INFO: INI ALAMAT TABLENYA :  D:\Work\Mii\TEMPLATES\ssrtemplates\dist\ssrtemplates\server\data\admdb.sqlite
[2025-09-11 19:51:06] INFO: INI ALAMAT TABLENYA :  D:\Work\Mii\TEMPLATES\ssrtemplates\.angular\prerender-root\2966b6b8-9017-4a67-831d-71bc5f3db852\data\admdb.sqlite
[2025-09-11 19:51:07] INFO: INI ALAMAT TABLENYA :  D:\Work\Mii\TEMPLATES\ssrtemplates\.angular\prerender-root\c801b4e0-4b64-4c5b-b070-dc7a0a60e942\data\admdb.sqlite
[2025-09-11 19:51:07] INFO: INI ALAMAT TABLENYA :  D:\Work\Mii\TEMPLATES\ssrtemplates\.angular\prerender-root\0c8b7c1b-7ba7-4bbf-a7a9-5631275294be\data\admdb.sqlite
[2025-09-11 19:51:07] INFO: INI ALAMAT TABLENYA :  D:\Work\Mii\TEMPLATES\ssrtemplates\.angular\prerender-root\109e3284-f4d3-4b11-bb45-3ff46eec8910\data\admdb.sqlite
[2025-09-11 19:51:07] INFO: INI ALAMAT TABLENYA :  D:\Work\Mii\TEMPLATES\ssrtemplates\.angular\prerender-root\527e8b1e-8989-48ee-a461-54782241a703\data\admdb.sqlite
[2025-09-11 19:51:14] INFO: INI ALAMAT TABLENYA :  D:\Work\Mii\TEMPLATES\ssrtemplates\dist\ssrtemplates\server\data\admdb.sqlite
[2025-09-11 19:53:58] INFO: INI ALAMAT TABLENYA :  D:\Work\Mii\TEMPLATES\ssrtemplates\.angular\prerender-root\028ad350-ecc7-4803-9e7c-5f8fc17c1eca\data\admdb.sqlite
[2025-09-11 19:54:00] INFO: INI ALAMAT TABLENYA :  D:\Work\Mii\TEMPLATES\ssrtemplates\.angular\prerender-root\6f91eb22-ce81-49d9-8663-0fe7d7adb0a7\data\admdb.sqlite
[2025-09-11 19:54:00] INFO: INI ALAMAT TABLENYA :  D:\Work\Mii\TEMPLATES\ssrtemplates\.angular\prerender-root\d3807cc9-83bf-40a5-a55e-7e4c4b658ce4\data\admdb.sqlite
[2025-09-11 19:54:00] INFO: INI ALAMAT TABLENYA :  D:\Work\Mii\TEMPLATES\ssrtemplates\.angular\prerender-root\0644917c-84e5-42e8-a018-73beef2950b6\data\admdb.sqlite
[2025-09-11 19:54:00] INFO: INI ALAMAT TABLENYA :  D:\Work\Mii\TEMPLATES\ssrtemplates\.angular\prerender-root\0d6babd2-555e-4753-a475-f14b73021e35\data\admdb.sqlite
[2025-09-11 19:54:05] INFO: INI ALAMAT TABLENYA :  D:\Work\Mii\TEMPLATES\ssrtemplates\dist\ssrtemplates\server\data\admdb.sqlite
[2025-09-11 19:56:06] INFO: INI ALAMAT TABLENYA :  D:\Work\Mii\TEMPLATES\ssrtemplates\.angular\prerender-root\b63ad6ce-7652-4067-b5ba-bf0457fa70c6\data\admdb.sqlite
[2025-09-11 19:56:07] INFO: INI ALAMAT TABLENYA :  D:\Work\Mii\TEMPLATES\ssrtemplates\.angular\prerender-root\bfd34b31-1bde-4446-a52d-02f585503858\data\admdb.sqlite
[2025-09-11 19:56:07] INFO: INI ALAMAT TABLENYA :  D:\Work\Mii\TEMPLATES\ssrtemplates\.angular\prerender-root\29fd4029-09c6-4e84-96d8-1e36d48a55c6\data\admdb.sqlite
[2025-09-11 19:56:07] INFO: INI ALAMAT TABLENYA :  D:\Work\Mii\TEMPLATES\ssrtemplates\.angular\prerender-root\ce9ea377-d475-4778-9bd6-0dfcf4c1d777\data\admdb.sqlite
[2025-09-11 19:56:07] INFO: INI ALAMAT TABLENYA :  D:\Work\Mii\TEMPLATES\ssrtemplates\.angular\prerender-root\7e3409e9-e953-450a-8a4f-c32621ee8664\data\admdb.sqlite
[2025-09-11 19:57:31] INFO: INI ALAMAT TABLENYA :  D:\Work\Mii\TEMPLATES\ssrtemplates\.angular\prerender-root\fc46a5e2-f42c-4952-9105-7629b088a94f\data\admdb.sqlite
[2025-09-11 19:57:32] INFO: INI ALAMAT TABLENYA :  D:\Work\Mii\TEMPLATES\ssrtemplates\.angular\prerender-root\aed169cf-2909-4c44-9748-70bf14329b96\data\admdb.sqlite
[2025-09-11 19:57:32] INFO: INI ALAMAT TABLENYA :  D:\Work\Mii\TEMPLATES\ssrtemplates\.angular\prerender-root\76b15ed9-a97a-4a84-a2e4-e0287add5d08\data\admdb.sqlite
[2025-09-11 19:57:32] INFO: INI ALAMAT TABLENYA :  D:\Work\Mii\TEMPLATES\ssrtemplates\.angular\prerender-root\e649befa-18dc-4a67-beda-b80e93de6c95\data\admdb.sqlite
[2025-09-11 19:57:32] INFO: INI ALAMAT TABLENYA :  D:\Work\Mii\TEMPLATES\ssrtemplates\.angular\prerender-root\57c3adbb-06ef-4975-a45a-db07d4f9777d\data\admdb.sqlite
[2025-09-11 19:57:41] INFO: INI ALAMAT TABLENYA :  D:\Work\Mii\TEMPLATES\ssrtemplates\dist\ssrtemplates\server\data\admdb.sqlite
[2025-09-11 19:58:03] INFO: INI ALAMAT TABLENYA :  D:\Work\Mii\TEMPLATES\ssrtemplates\.angular\prerender-root\a3ba0a0b-c6b2-4361-a779-ef84f8df3bec\data\admdb.sqlite
[2025-09-11 19:58:04] INFO: INI ALAMAT TABLENYA :  D:\Work\Mii\TEMPLATES\ssrtemplates\.angular\prerender-root\16b40a21-2ca3-4836-844e-0d94df27a707\data\admdb.sqlite
[2025-09-11 19:58:04] INFO: INI ALAMAT TABLENYA :  D:\Work\Mii\TEMPLATES\ssrtemplates\.angular\prerender-root\e876be1e-2b58-4bc9-99df-eae3df03631d\data\admdb.sqlite
[2025-09-11 19:58:04] INFO: INI ALAMAT TABLENYA :  D:\Work\Mii\TEMPLATES\ssrtemplates\.angular\prerender-root\22ff337a-2b73-47ca-b106-c13e2a7a2f7b\data\admdb.sqlite
[2025-09-11 19:58:04] INFO: INI ALAMAT TABLENYA :  D:\Work\Mii\TEMPLATES\ssrtemplates\.angular\prerender-root\1bc7f9fb-a8f8-4f96-b644-93537df65bb7\data\admdb.sqlite
[2025-09-11 19:58:14] INFO: INI ALAMAT TABLENYA :  D:\Work\Mii\TEMPLATES\ssrtemplates\dist\ssrtemplates\server\data\admdb.sqlite
[2025-09-11 19:59:15] INFO: INI ALAMAT TABLENYA :  D:\Work\Mii\TEMPLATES\ssrtemplates\.angular\prerender-root\3372843d-884b-4fe7-90d5-69c639a60d1a\data\admdb.sqlite
[2025-09-11 19:59:17] INFO: INI ALAMAT TABLENYA :  D:\Work\Mii\TEMPLATES\ssrtemplates\.angular\prerender-root\9d968cf9-d286-4b73-b7c4-e9aabb45e714\data\admdb.sqlite
[2025-09-11 19:59:17] INFO: INI ALAMAT TABLENYA :  D:\Work\Mii\TEMPLATES\ssrtemplates\.angular\prerender-root\49f364e4-c3cf-4b7d-9f8b-92e5a31ad829\data\admdb.sqlite
[2025-09-11 19:59:17] INFO: INI ALAMAT TABLENYA :  D:\Work\Mii\TEMPLATES\ssrtemplates\.angular\prerender-root\8fcf69a1-1d92-4296-a347-f4b35e5aeb6c\data\admdb.sqlite
[2025-09-11 19:59:17] INFO: INI ALAMAT TABLENYA :  D:\Work\Mii\TEMPLATES\ssrtemplates\.angular\prerender-root\8558e6d0-e52e-4158-af02-f848a3575fe7\data\admdb.sqlite
[2025-09-11 19:59:23] INFO: INI ALAMAT TABLENYA :  D:\Work\Mii\TEMPLATES\ssrtemplates\dist\ssrtemplates\server\data\admdb.sqlite
[2025-09-11 20:00:06] INFO: INI ALAMAT TABLENYA :  D:\Work\Mii\TEMPLATES\ssrtemplates\.angular\prerender-root\c872bf23-be0a-48b4-85e2-fc50336dc982\data\admdb.sqlite
[2025-09-11 20:00:07] INFO: INI ALAMAT TABLENYA :  D:\Work\Mii\TEMPLATES\ssrtemplates\.angular\prerender-root\194a2904-ef6b-4ea8-b7d5-38b9afd1119b\data\admdb.sqlite
[2025-09-11 20:00:07] INFO: INI ALAMAT TABLENYA :  D:\Work\Mii\TEMPLATES\ssrtemplates\.angular\prerender-root\f2dff72a-57c0-4ea7-b01c-cbad83cfab7d\data\admdb.sqlite
[2025-09-11 20:00:07] INFO: INI ALAMAT TABLENYA :  D:\Work\Mii\TEMPLATES\ssrtemplates\.angular\prerender-root\87c9354f-22a2-4a52-9ee0-eb7b05701705\data\admdb.sqlite
[2025-09-11 20:00:07] INFO: INI ALAMAT TABLENYA :  D:\Work\Mii\TEMPLATES\ssrtemplates\.angular\prerender-root\e55f4b83-4779-484c-9cf1-dea60e28adf4\data\admdb.sqlite
[2025-09-11 20:00:13] INFO: INI ALAMAT TABLENYA :  D:\Work\Mii\TEMPLATES\ssrtemplates\dist\ssrtemplates\server\data\admdb.sqlite
[2025-09-11 20:01:20] INFO: INI ALAMAT TABLENYA :  D:\Work\Mii\TEMPLATES\ssrtemplates\.angular\prerender-root\ed91677a-cc49-498c-a8b1-c38ade5bb6cb\data\admdb.sqlite
[2025-09-11 20:01:21] INFO: INI ALAMAT TABLENYA :  D:\Work\Mii\TEMPLATES\ssrtemplates\.angular\prerender-root\30f321cc-b50e-436c-a245-a5a284f46f1f\data\admdb.sqlite
[2025-09-11 20:01:21] INFO: INI ALAMAT TABLENYA :  D:\Work\Mii\TEMPLATES\ssrtemplates\.angular\prerender-root\3dae8050-2569-43a5-ac63-0e0999ff6706\data\admdb.sqlite
[2025-09-11 20:01:21] INFO: INI ALAMAT TABLENYA :  D:\Work\Mii\TEMPLATES\ssrtemplates\.angular\prerender-root\a080cfc3-953d-48fb-b334-52d916ee4a75\data\admdb.sqlite
[2025-09-11 20:01:21] INFO: INI ALAMAT TABLENYA :  D:\Work\Mii\TEMPLATES\ssrtemplates\.angular\prerender-root\3e8b5aa5-691d-411b-a2a7-826ac2f5544f\data\admdb.sqlite
[2025-09-11 20:01:28] INFO: INI ALAMAT TABLENYA :  D:\Work\Mii\TEMPLATES\ssrtemplates\dist\ssrtemplates\server\data\admdb.sqlite
[2025-09-11 20:08:35] INFO: INI ALAMAT TABLENYA :  D:\Work\Mii\TEMPLATES\ssrtemplates\.angular\prerender-root\e0c58e28-5a12-4b67-952c-71b137720b9f\data\admdb.sqlite
[2025-09-11 20:08:36] INFO: INI ALAMAT TABLENYA :  D:\Work\Mii\TEMPLATES\ssrtemplates\.angular\prerender-root\4af51d04-5bd7-4ee7-9631-86dbec87b027\data\admdb.sqlite
[2025-09-11 20:08:36] INFO: INI ALAMAT TABLENYA :  D:\Work\Mii\TEMPLATES\ssrtemplates\.angular\prerender-root\b715d62c-70c6-45ec-859d-de6e49382635\data\admdb.sqlite
[2025-09-11 20:08:36] INFO: INI ALAMAT TABLENYA :  D:\Work\Mii\TEMPLATES\ssrtemplates\.angular\prerender-root\90cb8b4f-735f-49f8-a99b-1442eedfde8b\data\admdb.sqlite
[2025-09-11 20:08:36] INFO: INI ALAMAT TABLENYA :  D:\Work\Mii\TEMPLATES\ssrtemplates\.angular\prerender-root\a607c569-30eb-48ca-aec4-fce338c0d2ea\data\admdb.sqlite
[2025-09-11 20:08:43] INFO: INI ALAMAT TABLENYA :  D:\Work\Mii\TEMPLATES\ssrtemplates\dist\ssrtemplates\server\data\admdb.sqlite
[2025-09-11 20:11:06] INFO: INI ALAMAT TABLENYA :  D:\Work\Mii\TEMPLATES\ssrtemplates\.angular\prerender-root\9536b3c4-f2ff-4b6e-898c-4efd701eadb7\data\admdb.sqlite
[2025-09-11 20:11:08] INFO: INI ALAMAT TABLENYA :  D:\Work\Mii\TEMPLATES\ssrtemplates\.angular\prerender-root\d829160c-df55-4500-94d7-689ce5691ec8\data\admdb.sqlite
[2025-09-11 20:11:08] INFO: INI ALAMAT TABLENYA :  D:\Work\Mii\TEMPLATES\ssrtemplates\.angular\prerender-root\cb7d86f8-c2b4-47b0-92aa-fa7c7f57f72d\data\admdb.sqlite
[2025-09-11 20:11:08] INFO: INI ALAMAT TABLENYA :  D:\Work\Mii\TEMPLATES\ssrtemplates\.angular\prerender-root\b8f13366-2fbc-41f6-8e8d-2a7518059e21\data\admdb.sqlite
[2025-09-11 20:11:08] INFO: INI ALAMAT TABLENYA :  D:\Work\Mii\TEMPLATES\ssrtemplates\.angular\prerender-root\b6c0d680-aa91-461f-8292-364d32ede80e\data\admdb.sqlite
[2025-09-11 20:11:16] INFO: INI ALAMAT TABLENYA :  D:\Work\Mii\TEMPLATES\ssrtemplates\dist\ssrtemplates\server\data\admdb.sqlite
[2025-09-11 20:20:04] INFO: INI ALAMAT TABLENYA :  D:\Work\Mii\TEMPLATES\ssrtemplates\.angular\prerender-root\c6e38999-ae42-4609-b863-bbdd82dd8469\data\admdb.sqlite
[2025-09-11 20:20:05] INFO: INI ALAMAT TABLENYA :  D:\Work\Mii\TEMPLATES\ssrtemplates\.angular\prerender-root\9c1b1d17-f09a-477e-81a8-998e8ed270ea\data\admdb.sqlite
[2025-09-11 20:20:05] INFO: INI ALAMAT TABLENYA :  D:\Work\Mii\TEMPLATES\ssrtemplates\.angular\prerender-root\96fd09d4-37b3-4b9b-892a-60e1eec725f6\data\admdb.sqlite
[2025-09-11 20:20:05] INFO: INI ALAMAT TABLENYA :  D:\Work\Mii\TEMPLATES\ssrtemplates\.angular\prerender-root\069e06c1-9627-4fd5-ae16-6f77a71dbd94\data\admdb.sqlite
[2025-09-11 20:20:05] INFO: INI ALAMAT TABLENYA :  D:\Work\Mii\TEMPLATES\ssrtemplates\.angular\prerender-root\65467141-e318-4bbf-9bbe-cb8f6078707d\data\admdb.sqlite
[2025-09-11 20:20:12] INFO: INI ALAMAT TABLENYA :  D:\Work\Mii\TEMPLATES\ssrtemplates\dist\ssrtemplates\server\data\admdb.sqlite
[2025-09-11 20:23:32] INFO: INI ALAMAT TABLENYA :  D:\Work\Mii\TEMPLATES\ssrtemplates\.angular\prerender-root\9f0453f3-bbdf-450b-bdd5-e3ccf8a51a45\data\admdb.sqlite
[2025-09-11 20:23:34] INFO: INI ALAMAT TABLENYA :  D:\Work\Mii\TEMPLATES\ssrtemplates\.angular\prerender-root\fa927444-d647-4d47-9287-be49eaffebee\data\admdb.sqlite
[2025-09-11 20:23:34] INFO: INI ALAMAT TABLENYA :  D:\Work\Mii\TEMPLATES\ssrtemplates\.angular\prerender-root\8a195875-dcc7-40f5-85d1-c94b82b6da46\data\admdb.sqlite
[2025-09-11 20:23:34] INFO: INI ALAMAT TABLENYA :  D:\Work\Mii\TEMPLATES\ssrtemplates\.angular\prerender-root\3401d06d-707d-4968-9938-b740252016d4\data\admdb.sqlite
[2025-09-11 20:23:34] INFO: INI ALAMAT TABLENYA :  D:\Work\Mii\TEMPLATES\ssrtemplates\.angular\prerender-root\3090333f-7c3f-48e8-a857-921b9d69d2f9\data\admdb.sqlite
[2025-09-11 20:23:40] INFO: INI ALAMAT TABLENYA :  D:\Work\Mii\TEMPLATES\ssrtemplates\dist\ssrtemplates\server\data\admdb.sqlite
[2025-09-11 20:24:11] INFO: INI ALAMAT TABLENYA :  D:\Work\Mii\TEMPLATES\ssrtemplates\.angular\prerender-root\490969ea-8579-4f82-abe7-4ff8e857d681\data\admdb.sqlite
[2025-09-11 20:24:12] INFO: INI ALAMAT TABLENYA :  D:\Work\Mii\TEMPLATES\ssrtemplates\.angular\prerender-root\6fc78845-4335-4e88-98ac-34da63de79ca\data\admdb.sqlite
[2025-09-11 20:24:12] INFO: INI ALAMAT TABLENYA :  D:\Work\Mii\TEMPLATES\ssrtemplates\.angular\prerender-root\b77a9fa6-056c-4c5c-ba9c-265f954756cc\data\admdb.sqlite
[2025-09-11 20:24:12] INFO: INI ALAMAT TABLENYA :  D:\Work\Mii\TEMPLATES\ssrtemplates\.angular\prerender-root\6c6b1e86-e65a-41df-8720-d6269a8789bc\data\admdb.sqlite
[2025-09-11 20:24:12] INFO: INI ALAMAT TABLENYA :  D:\Work\Mii\TEMPLATES\ssrtemplates\.angular\prerender-root\c3f57ff1-a3c6-48fd-9c9c-8ee59fe7e5e9\data\admdb.sqlite
[2025-09-11 20:24:17] INFO: INI ALAMAT TABLENYA :  D:\Work\Mii\TEMPLATES\ssrtemplates\dist\ssrtemplates\server\data\admdb.sqlite
[2025-09-11 20:26:55] INFO: INI ALAMAT TABLENYA :  D:\Work\Mii\TEMPLATES\ssrtemplates\.angular\prerender-root\aa82f4e8-1209-4c6f-9cef-57e8c89d8a63\data\admdb.sqlite
[2025-09-11 20:26:57] INFO: INI ALAMAT TABLENYA :  D:\Work\Mii\TEMPLATES\ssrtemplates\.angular\prerender-root\1ea734be-2dd8-417a-a255-b584e19c0ff4\data\admdb.sqlite
[2025-09-11 20:26:57] INFO: INI ALAMAT TABLENYA :  D:\Work\Mii\TEMPLATES\ssrtemplates\.angular\prerender-root\3ad54341-f19b-45f2-a0a0-0c22645a51c4\data\admdb.sqlite
[2025-09-11 20:26:57] INFO: INI ALAMAT TABLENYA :  D:\Work\Mii\TEMPLATES\ssrtemplates\.angular\prerender-root\5ea46762-4cc6-4c85-b8eb-ee76871639b4\data\admdb.sqlite
[2025-09-11 20:26:57] INFO: INI ALAMAT TABLENYA :  D:\Work\Mii\TEMPLATES\ssrtemplates\.angular\prerender-root\68116ff1-34ba-4f38-98d0-859d6bc2dc92\data\admdb.sqlite
[2025-09-11 20:27:02] INFO: INI ALAMAT TABLENYA :  D:\Work\Mii\TEMPLATES\ssrtemplates\dist\ssrtemplates\server\data\admdb.sqlite
[2025-09-11 20:30:31] INFO: INI ALAMAT TABLENYA :  D:\Work\Mii\TEMPLATES\ssrtemplates\.angular\prerender-root\40516681-0bb0-4266-a563-ba764990ac04\data\admdb.sqlite
[2025-09-11 20:30:32] INFO: INI ALAMAT TABLENYA :  D:\Work\Mii\TEMPLATES\ssrtemplates\.angular\prerender-root\ba2d0b0d-2c12-489f-95eb-b3ec55d759cc\data\admdb.sqlite
[2025-09-11 20:30:32] INFO: INI ALAMAT TABLENYA :  D:\Work\Mii\TEMPLATES\ssrtemplates\.angular\prerender-root\4e2119a4-95dc-4884-a561-b6b07974a51f\data\admdb.sqlite
[2025-09-11 20:30:32] INFO: INI ALAMAT TABLENYA :  D:\Work\Mii\TEMPLATES\ssrtemplates\.angular\prerender-root\a2717f18-a130-4d1e-86f2-fbb80be8210c\data\admdb.sqlite
[2025-09-11 20:30:32] INFO: INI ALAMAT TABLENYA :  D:\Work\Mii\TEMPLATES\ssrtemplates\.angular\prerender-root\93766484-1101-4984-af07-cc546ff7cb4a\data\admdb.sqlite
[2025-09-11 20:30:38] INFO: INI ALAMAT TABLENYA :  D:\Work\Mii\TEMPLATES\ssrtemplates\dist\ssrtemplates\server\data\admdb.sqlite
[2025-09-11 20:31:50] INFO: INI ALAMAT TABLENYA :  D:\Work\Mii\TEMPLATES\ssrtemplates\.angular\prerender-root\19d8c940-643f-495c-a935-b968223fbdb8\data\admdb.sqlite
[2025-09-11 20:31:52] INFO: INI ALAMAT TABLENYA :  D:\Work\Mii\TEMPLATES\ssrtemplates\.angular\prerender-root\8282c3e0-3a6c-4ab2-ad8f-d30b6542446f\data\admdb.sqlite
[2025-09-11 20:31:52] INFO: INI ALAMAT TABLENYA :  D:\Work\Mii\TEMPLATES\ssrtemplates\.angular\prerender-root\b6b625f2-06ad-4c6a-8d22-effcaf2c9310\data\admdb.sqlite
[2025-09-11 20:31:52] INFO: INI ALAMAT TABLENYA :  D:\Work\Mii\TEMPLATES\ssrtemplates\.angular\prerender-root\744a3c95-3a7a-4bc7-a082-d513c23fefa7\data\admdb.sqlite
[2025-09-11 20:31:52] INFO: INI ALAMAT TABLENYA :  D:\Work\Mii\TEMPLATES\ssrtemplates\.angular\prerender-root\294c486f-a892-44dc-aa36-fa95d3acec2c\data\admdb.sqlite
[2025-09-11 20:31:57] INFO: INI ALAMAT TABLENYA :  D:\Work\Mii\TEMPLATES\ssrtemplates\dist\ssrtemplates\server\data\admdb.sqlite
[2025-09-11 20:33:41] INFO: INI ALAMAT TABLENYA :  D:\Work\Mii\TEMPLATES\ssrtemplates\.angular\prerender-root\ba565a8e-4069-4a6e-8af7-69ee4bf2c825\data\admdb.sqlite
[2025-09-11 20:33:43] INFO: INI ALAMAT TABLENYA :  D:\Work\Mii\TEMPLATES\ssrtemplates\.angular\prerender-root\59c15ec6-b98f-4320-b7c6-e3f946bc6c85\data\admdb.sqlite
[2025-09-11 20:33:43] INFO: INI ALAMAT TABLENYA :  D:\Work\Mii\TEMPLATES\ssrtemplates\.angular\prerender-root\076ac3ad-e44b-4bba-b7f0-012cfb0af25c\data\admdb.sqlite
[2025-09-11 20:33:43] INFO: INI ALAMAT TABLENYA :  D:\Work\Mii\TEMPLATES\ssrtemplates\.angular\prerender-root\9d6b3325-4bfe-481e-bbfd-12caadf81c3b\data\admdb.sqlite
[2025-09-11 20:33:43] INFO: INI ALAMAT TABLENYA :  D:\Work\Mii\TEMPLATES\ssrtemplates\.angular\prerender-root\376fbb5f-4839-4253-8366-eafe76b22e15\data\admdb.sqlite
[2025-09-11 20:33:48] INFO: INI ALAMAT TABLENYA :  D:\Work\Mii\TEMPLATES\ssrtemplates\dist\ssrtemplates\server\data\admdb.sqlite
[2025-09-11 20:35:24] INFO: INI ALAMAT TABLENYA :  D:\Work\Mii\TEMPLATES\ssrtemplates\.angular\prerender-root\19fd786a-9324-44ce-b9e7-a0d3a43d393a\data\admdb.sqlite
[2025-09-11 20:35:26] INFO: INI ALAMAT TABLENYA :  D:\Work\Mii\TEMPLATES\ssrtemplates\.angular\prerender-root\14c5fc25-cedb-4882-8256-65ae02f5ede3\data\admdb.sqlite
[2025-09-11 20:35:26] INFO: INI ALAMAT TABLENYA :  D:\Work\Mii\TEMPLATES\ssrtemplates\.angular\prerender-root\e7fb883e-e388-4960-965d-e2f551e59971\data\admdb.sqlite
[2025-09-11 20:35:26] INFO: INI ALAMAT TABLENYA :  D:\Work\Mii\TEMPLATES\ssrtemplates\.angular\prerender-root\6ef76fb5-99e0-4a8e-aad5-0bca80e54bb5\data\admdb.sqlite
[2025-09-11 20:35:26] INFO: INI ALAMAT TABLENYA :  D:\Work\Mii\TEMPLATES\ssrtemplates\.angular\prerender-root\d707be72-ccf9-45d5-8c61-02be553c9991\data\admdb.sqlite
[2025-09-11 20:35:32] INFO: INI ALAMAT TABLENYA :  D:\Work\Mii\TEMPLATES\ssrtemplates\dist\ssrtemplates\server\data\admdb.sqlite
[2025-09-11 20:36:28] INFO: INI ALAMAT TABLENYA :  D:\Work\Mii\TEMPLATES\ssrtemplates\.angular\prerender-root\bfe5f3f6-2170-4b4d-8589-c075e7134132\data\admdb.sqlite
[2025-09-11 20:36:30] INFO: INI ALAMAT TABLENYA :  D:\Work\Mii\TEMPLATES\ssrtemplates\.angular\prerender-root\2bdfd39b-58c5-431a-9676-9409caa2bdce\data\admdb.sqlite
[2025-09-11 20:36:30] INFO: INI ALAMAT TABLENYA :  D:\Work\Mii\TEMPLATES\ssrtemplates\.angular\prerender-root\a96c3ed4-bfaf-4f87-a1c4-a8b504f70dee\data\admdb.sqlite
[2025-09-11 20:36:30] INFO: INI ALAMAT TABLENYA :  D:\Work\Mii\TEMPLATES\ssrtemplates\.angular\prerender-root\4490f202-360e-4cac-8029-9d57cadf9d22\data\admdb.sqlite
[2025-09-11 20:36:30] INFO: INI ALAMAT TABLENYA :  D:\Work\Mii\TEMPLATES\ssrtemplates\.angular\prerender-root\20fec114-d21b-4b6f-9deb-467e84ba2a32\data\admdb.sqlite
[2025-09-11 20:36:36] INFO: INI ALAMAT TABLENYA :  D:\Work\Mii\TEMPLATES\ssrtemplates\dist\ssrtemplates\server\data\admdb.sqlite
[2025-09-11 20:38:33] INFO: INI ALAMAT TABLENYA :  D:\Work\Mii\TEMPLATES\ssrtemplates\.angular\prerender-root\3d744f66-072d-42b7-9081-2a4762a704ca\data\admdb.sqlite
[2025-09-11 20:38:35] INFO: INI ALAMAT TABLENYA :  D:\Work\Mii\TEMPLATES\ssrtemplates\.angular\prerender-root\00368cd0-091c-4ac5-9e40-1b2dfc99f993\data\admdb.sqlite
[2025-09-11 20:38:35] INFO: INI ALAMAT TABLENYA :  D:\Work\Mii\TEMPLATES\ssrtemplates\.angular\prerender-root\c6d0572f-ba1c-43d4-bb22-56cddcc953b6\data\admdb.sqlite
[2025-09-11 20:38:35] INFO: INI ALAMAT TABLENYA :  D:\Work\Mii\TEMPLATES\ssrtemplates\.angular\prerender-root\4e769b31-70df-444d-a33a-ac046baf6195\data\admdb.sqlite
[2025-09-11 20:38:35] INFO: INI ALAMAT TABLENYA :  D:\Work\Mii\TEMPLATES\ssrtemplates\.angular\prerender-root\ab667b55-ef93-4119-a91a-44f45ec1dc07\data\admdb.sqlite
[2025-09-11 20:38:41] INFO: INI ALAMAT TABLENYA :  D:\Work\Mii\TEMPLATES\ssrtemplates\dist\ssrtemplates\server\data\admdb.sqlite
[2025-09-11 20:39:11] INFO: INI ALAMAT TABLENYA :  D:\Work\Mii\TEMPLATES\ssrtemplates\.angular\prerender-root\0ed7aae5-bce4-45bd-a6d6-b1f7e8d63716\data\admdb.sqlite
[2025-09-11 20:39:13] INFO: INI ALAMAT TABLENYA :  D:\Work\Mii\TEMPLATES\ssrtemplates\.angular\prerender-root\80910eb4-b24f-4c13-b41e-9591d4c139a1\data\admdb.sqlite
[2025-09-11 20:39:13] INFO: INI ALAMAT TABLENYA :  D:\Work\Mii\TEMPLATES\ssrtemplates\.angular\prerender-root\d55b0964-dbdb-49de-9282-bae5d695c649\data\admdb.sqlite
[2025-09-11 20:39:13] INFO: INI ALAMAT TABLENYA :  D:\Work\Mii\TEMPLATES\ssrtemplates\.angular\prerender-root\ea008764-6eda-4d97-af02-a4f607530cbe\data\admdb.sqlite
[2025-09-11 20:39:13] INFO: INI ALAMAT TABLENYA :  D:\Work\Mii\TEMPLATES\ssrtemplates\.angular\prerender-root\7dd2bfea-073d-456f-a59b-2a224a4014ad\data\admdb.sqlite
[2025-09-11 20:39:19] INFO: INI ALAMAT TABLENYA :  D:\Work\Mii\TEMPLATES\ssrtemplates\dist\ssrtemplates\server\data\admdb.sqlite
[2025-09-11 20:40:17] INFO: INI ALAMAT TABLENYA :  D:\Work\Mii\TEMPLATES\ssrtemplates\.angular\prerender-root\0f515e7c-f7ac-40a7-bd03-7b4c40f2f155\data\admdb.sqlite
[2025-09-11 20:40:19] INFO: INI ALAMAT TABLENYA :  D:\Work\Mii\TEMPLATES\ssrtemplates\.angular\prerender-root\d392b206-bfa1-428c-a5bd-8b8fa148e722\data\admdb.sqlite
[2025-09-11 20:40:19] INFO: INI ALAMAT TABLENYA :  D:\Work\Mii\TEMPLATES\ssrtemplates\.angular\prerender-root\b64f80e5-351b-48b4-9c77-a9ab446e4683\data\admdb.sqlite
[2025-09-11 20:40:19] INFO: INI ALAMAT TABLENYA :  D:\Work\Mii\TEMPLATES\ssrtemplates\.angular\prerender-root\6bacbe03-417c-4135-8165-f647f2aa85cd\data\admdb.sqlite
[2025-09-11 20:40:19] INFO: INI ALAMAT TABLENYA :  D:\Work\Mii\TEMPLATES\ssrtemplates\.angular\prerender-root\a5592e99-539e-43bd-a60c-0970c25677af\data\admdb.sqlite
[2025-09-11 20:40:43] INFO: INI ALAMAT TABLENYA :  D:\Work\Mii\TEMPLATES\ssrtemplates\dist\ssrtemplates\server\data\admdb.sqlite
[2025-09-11 20:42:47] INFO: INI ALAMAT TABLENYA :  D:\Work\Mii\TEMPLATES\ssrtemplates\.angular\prerender-root\7e63b082-2427-4ecd-b302-2af5d96ba0b4\data\admdb.sqlite
[2025-09-11 20:42:49] INFO: INI ALAMAT TABLENYA :  D:\Work\Mii\TEMPLATES\ssrtemplates\.angular\prerender-root\694cb15b-7b40-439b-acc2-aa2f1f5eeebb\data\admdb.sqlite
[2025-09-11 20:42:49] INFO: INI ALAMAT TABLENYA :  D:\Work\Mii\TEMPLATES\ssrtemplates\.angular\prerender-root\08571b74-4b96-49bc-9df3-401e9d0ae7c4\data\admdb.sqlite
[2025-09-11 20:42:49] INFO: INI ALAMAT TABLENYA :  D:\Work\Mii\TEMPLATES\ssrtemplates\.angular\prerender-root\8d4d3544-57b4-4523-aff4-128a841efd8f\data\admdb.sqlite
[2025-09-11 20:42:49] INFO: INI ALAMAT TABLENYA :  D:\Work\Mii\TEMPLATES\ssrtemplates\.angular\prerender-root\bb647dff-66ef-43bf-8a1b-0dc3365b89a2\data\admdb.sqlite
[2025-09-11 20:42:54] INFO: INI ALAMAT TABLENYA :  D:\Work\Mii\TEMPLATES\ssrtemplates\dist\ssrtemplates\server\data\admdb.sqlite
[2025-09-11 20:44:54] INFO: INI ALAMAT TABLENYA :  D:\Work\Mii\TEMPLATES\ssrtemplates\.angular\prerender-root\31b6f5c8-edbc-4cd4-bf21-2dff961398b4\data\admdb.sqlite
[2025-09-11 20:44:55] INFO: INI ALAMAT TABLENYA :  D:\Work\Mii\TEMPLATES\ssrtemplates\.angular\prerender-root\c9ed4bc2-5ad6-4dee-886e-7190d949d441\data\admdb.sqlite
[2025-09-11 20:44:55] INFO: INI ALAMAT TABLENYA :  D:\Work\Mii\TEMPLATES\ssrtemplates\.angular\prerender-root\a66db4a7-94a2-4da5-86a9-7a48754223f5\data\admdb.sqlite
[2025-09-11 20:44:55] INFO: INI ALAMAT TABLENYA :  D:\Work\Mii\TEMPLATES\ssrtemplates\.angular\prerender-root\dedd57d9-476e-485e-867b-0f6bb9b9ac4d\data\admdb.sqlite
[2025-09-11 20:44:55] INFO: INI ALAMAT TABLENYA :  D:\Work\Mii\TEMPLATES\ssrtemplates\.angular\prerender-root\1daadbee-f500-45c3-84af-7e40013a8d8d\data\admdb.sqlite
[2025-09-11 20:45:01] INFO: INI ALAMAT TABLENYA :  D:\Work\Mii\TEMPLATES\ssrtemplates\dist\ssrtemplates\server\data\admdb.sqlite
[2025-09-11 20:59:21] INFO: INI ALAMAT TABLENYA :  D:\Work\Mii\TEMPLATES\ssrtemplates\.angular\prerender-root\266f4939-5152-4ef3-b431-43282dd82bb9\data\admdb.sqlite
[2025-09-11 20:59:22] INFO: INI ALAMAT TABLENYA :  D:\Work\Mii\TEMPLATES\ssrtemplates\.angular\prerender-root\e0517423-8b4e-4bac-9286-0f7af89c4e0d\data\admdb.sqlite
[2025-09-11 20:59:22] INFO: INI ALAMAT TABLENYA :  D:\Work\Mii\TEMPLATES\ssrtemplates\.angular\prerender-root\18526e4b-49f7-4cfb-abce-b9d3b6884980\data\admdb.sqlite
[2025-09-11 20:59:22] INFO: INI ALAMAT TABLENYA :  D:\Work\Mii\TEMPLATES\ssrtemplates\.angular\prerender-root\e834d2c6-b3c7-4327-ab7f-9505dd19bbfe\data\admdb.sqlite
[2025-09-11 20:59:22] INFO: INI ALAMAT TABLENYA :  D:\Work\Mii\TEMPLATES\ssrtemplates\.angular\prerender-root\b53b9296-da6d-458e-bba7-b82be1f18a53\data\admdb.sqlite
[2025-09-11 20:59:29] INFO: INI ALAMAT TABLENYA :  D:\Work\Mii\TEMPLATES\ssrtemplates\dist\ssrtemplates\server\data\admdb.sqlite
[2025-09-11 21:03:29] INFO: INI ALAMAT TABLENYA :  D:\Work\Mii\TEMPLATES\ssrtemplates\.angular\prerender-root\39e50160-2aa0-46c6-b73f-a56180580b7d\data\admdb.sqlite
[2025-09-11 21:03:30] INFO: INI ALAMAT TABLENYA :  D:\Work\Mii\TEMPLATES\ssrtemplates\.angular\prerender-root\c8971050-6c66-4730-8399-e2b90f0e5507\data\admdb.sqlite
[2025-09-11 21:03:30] INFO: INI ALAMAT TABLENYA :  D:\Work\Mii\TEMPLATES\ssrtemplates\.angular\prerender-root\82fc06d9-905b-40ba-9977-9f761574a2da\data\admdb.sqlite
[2025-09-11 21:03:30] INFO: INI ALAMAT TABLENYA :  D:\Work\Mii\TEMPLATES\ssrtemplates\.angular\prerender-root\408baa6e-8e59-459b-bfa7-b72671904c27\data\admdb.sqlite
[2025-09-11 21:03:30] INFO: INI ALAMAT TABLENYA :  D:\Work\Mii\TEMPLATES\ssrtemplates\.angular\prerender-root\a050c601-3376-42f1-9d45-fc522b87c2fd\data\admdb.sqlite
[2025-09-11 21:03:46] INFO: INI ALAMAT TABLENYA :  D:\Work\Mii\TEMPLATES\ssrtemplates\dist\ssrtemplates\server\data\admdb.sqlite
[2025-09-11 21:04:37] INFO: INI ALAMAT TABLENYA :  D:\Work\Mii\TEMPLATES\ssrtemplates\.angular\prerender-root\72c69461-e54a-40d8-b24f-8df71c759e5e\data\admdb.sqlite
[2025-09-11 21:04:39] INFO: INI ALAMAT TABLENYA :  D:\Work\Mii\TEMPLATES\ssrtemplates\.angular\prerender-root\1f99156e-b80a-4738-9ee9-928ac321f1f9\data\admdb.sqlite
[2025-09-11 21:04:39] INFO: INI ALAMAT TABLENYA :  D:\Work\Mii\TEMPLATES\ssrtemplates\.angular\prerender-root\1e3fdccb-3326-4f6e-ad98-791f311181c0\data\admdb.sqlite
[2025-09-11 21:04:39] INFO: INI ALAMAT TABLENYA :  D:\Work\Mii\TEMPLATES\ssrtemplates\.angular\prerender-root\0f0d6bde-d0a7-4f13-a64d-ac00763a4510\data\admdb.sqlite
[2025-09-11 21:04:39] INFO: INI ALAMAT TABLENYA :  D:\Work\Mii\TEMPLATES\ssrtemplates\.angular\prerender-root\40428826-d35a-4e54-bc65-7ff37f27b7f0\data\admdb.sqlite
[2025-09-11 21:05:19] INFO: INI ALAMAT TABLENYA :  D:\Work\Mii\TEMPLATES\ssrtemplates\.angular\prerender-root\de05386c-8ba3-43db-a82e-155caf9e5772\data\admdb.sqlite
[2025-09-11 21:05:20] INFO: INI ALAMAT TABLENYA :  D:\Work\Mii\TEMPLATES\ssrtemplates\.angular\prerender-root\f252b3e9-8633-4d84-aa5a-ad2c7673d811\data\admdb.sqlite
[2025-09-11 21:05:20] INFO: INI ALAMAT TABLENYA :  D:\Work\Mii\TEMPLATES\ssrtemplates\.angular\prerender-root\74347454-8cdf-40da-89b1-b2e15e252664\data\admdb.sqlite
[2025-09-11 21:05:20] INFO: INI ALAMAT TABLENYA :  D:\Work\Mii\TEMPLATES\ssrtemplates\.angular\prerender-root\341eb139-a172-4b5a-866a-95f4620323ba\data\admdb.sqlite
[2025-09-11 21:05:20] INFO: INI ALAMAT TABLENYA :  D:\Work\Mii\TEMPLATES\ssrtemplates\.angular\prerender-root\99461541-cb1d-4373-9d2c-80f993c23a6c\data\admdb.sqlite
[2025-09-11 21:05:29] INFO: INI ALAMAT TABLENYA :  D:\Work\Mii\TEMPLATES\ssrtemplates\dist\ssrtemplates\server\data\admdb.sqlite
[2025-09-11 21:06:17] INFO: INI ALAMAT TABLENYA :  D:\Work\Mii\TEMPLATES\ssrtemplates\dist\ssrtemplates\server\data\admdb.sqlite
[2025-09-11 21:07:03] INFO: INI ALAMAT TABLENYA :  D:\Work\Mii\TEMPLATES\ssrtemplates\.angular\prerender-root\82c8adb0-1817-4c6d-8464-553e64bded43\data\admdb.sqlite
[2025-09-11 21:07:04] INFO: INI ALAMAT TABLENYA :  D:\Work\Mii\TEMPLATES\ssrtemplates\.angular\prerender-root\feda17d5-7325-4240-a3ff-34aa3b245873\data\admdb.sqlite
[2025-09-11 21:07:04] INFO: INI ALAMAT TABLENYA :  D:\Work\Mii\TEMPLATES\ssrtemplates\.angular\prerender-root\67d025ea-7ed5-4f64-a044-1c45125142d0\data\admdb.sqlite
[2025-09-11 21:07:04] INFO: INI ALAMAT TABLENYA :  D:\Work\Mii\TEMPLATES\ssrtemplates\.angular\prerender-root\12229d01-5ccc-43ab-a853-1e3ed2aa1f9c\data\admdb.sqlite
[2025-09-11 21:07:04] INFO: INI ALAMAT TABLENYA :  D:\Work\Mii\TEMPLATES\ssrtemplates\.angular\prerender-root\9fb466df-7981-4bed-a886-a3ea888f98e6\data\admdb.sqlite
[2025-09-11 21:07:10] INFO: INI ALAMAT TABLENYA :  D:\Work\Mii\TEMPLATES\ssrtemplates\dist\ssrtemplates\server\data\admdb.sqlite
[2025-09-11 21:10:58] INFO: INI ALAMAT TABLENYA :  D:\Work\Mii\TEMPLATES\ssrtemplates\.angular\prerender-root\1cdc8f0f-c767-4f1a-9f5c-02fda9ad3c2e\data\admdb.sqlite
[2025-09-11 21:10:59] INFO: INI ALAMAT TABLENYA :  D:\Work\Mii\TEMPLATES\ssrtemplates\.angular\prerender-root\547ae8a9-7850-43fe-bbba-af87f9c8310c\data\admdb.sqlite
[2025-09-11 21:10:59] INFO: INI ALAMAT TABLENYA :  D:\Work\Mii\TEMPLATES\ssrtemplates\.angular\prerender-root\afb0301d-4e6a-4bbf-bad8-b93105cd9d66\data\admdb.sqlite
[2025-09-11 21:10:59] INFO: INI ALAMAT TABLENYA :  D:\Work\Mii\TEMPLATES\ssrtemplates\.angular\prerender-root\7d9c9e27-f924-40f8-ab7e-5ebf7864ad52\data\admdb.sqlite
[2025-09-11 21:10:59] INFO: INI ALAMAT TABLENYA :  D:\Work\Mii\TEMPLATES\ssrtemplates\.angular\prerender-root\2a529a08-6931-489b-bddf-43f9681cf2ce\data\admdb.sqlite
[2025-09-11 21:11:05] INFO: INI ALAMAT TABLENYA :  D:\Work\Mii\TEMPLATES\ssrtemplates\dist\ssrtemplates\server\data\admdb.sqlite
[2025-09-11 21:12:43] INFO: INI ALAMAT TABLENYA :  D:\Work\Mii\TEMPLATES\ssrtemplates\.angular\prerender-root\c765de12-7073-417e-ae29-7c73e65a7791\data\admdb.sqlite
[2025-09-11 21:12:44] INFO: INI ALAMAT TABLENYA :  D:\Work\Mii\TEMPLATES\ssrtemplates\.angular\prerender-root\ff3bb8d6-41d6-4831-b6e4-edc7fdddb72c\data\admdb.sqlite
[2025-09-11 21:12:44] INFO: INI ALAMAT TABLENYA :  D:\Work\Mii\TEMPLATES\ssrtemplates\.angular\prerender-root\2b1bbf4c-a647-4a24-92af-11883071c8f4\data\admdb.sqlite
[2025-09-11 21:12:44] INFO: INI ALAMAT TABLENYA :  D:\Work\Mii\TEMPLATES\ssrtemplates\.angular\prerender-root\4cbe3bd9-ad6a-4556-b1e5-1852e8940db1\data\admdb.sqlite
[2025-09-11 21:12:44] INFO: INI ALAMAT TABLENYA :  D:\Work\Mii\TEMPLATES\ssrtemplates\.angular\prerender-root\74e33302-1a29-4833-bdc3-706750666628\data\admdb.sqlite
[2025-09-11 21:12:51] INFO: INI ALAMAT TABLENYA :  D:\Work\Mii\TEMPLATES\ssrtemplates\dist\ssrtemplates\server\data\admdb.sqlite
[2025-09-11 21:31:16] INFO: INI ALAMAT TABLENYA :  D:\Work\Mii\TEMPLATES\ssrtemplates\.angular\prerender-root\7273b39d-1e89-4382-91d1-0588e21d6c75\data\admdb.sqlite
[2025-09-11 21:31:17] INFO: INI ALAMAT TABLENYA :  D:\Work\Mii\TEMPLATES\ssrtemplates\.angular\prerender-root\faab3b59-2e69-41f3-8d95-0df0e72e8c35\data\admdb.sqlite
[2025-09-11 21:31:17] INFO: INI ALAMAT TABLENYA :  D:\Work\Mii\TEMPLATES\ssrtemplates\.angular\prerender-root\26a733dd-6105-44d2-ae0a-26e1d6cd3bd3\data\admdb.sqlite
[2025-09-11 21:31:17] INFO: INI ALAMAT TABLENYA :  D:\Work\Mii\TEMPLATES\ssrtemplates\.angular\prerender-root\085cd31a-e3e3-4319-94b1-753899373e35\data\admdb.sqlite
[2025-09-11 21:31:17] INFO: INI ALAMAT TABLENYA :  D:\Work\Mii\TEMPLATES\ssrtemplates\.angular\prerender-root\cf28b715-a9c6-4f26-9e7b-de11ea59d4b5\data\admdb.sqlite
[2025-09-11 21:31:26] INFO: INI ALAMAT TABLENYA :  D:\Work\Mii\TEMPLATES\ssrtemplates\dist\ssrtemplates\server\data\admdb.sqlite
[2025-09-11 21:32:00] INFO: INI ALAMAT TABLENYA :  D:\Work\Mii\TEMPLATES\ssrtemplates\.angular\prerender-root\2f055eb5-f43b-41a5-9aaa-d7f9a3c7ac8f\data\admdb.sqlite
[2025-09-11 21:32:01] INFO: INI ALAMAT TABLENYA :  D:\Work\Mii\TEMPLATES\ssrtemplates\.angular\prerender-root\eda4bdfb-793a-4078-afd1-61b7eb7e9e1b\data\admdb.sqlite
[2025-09-11 21:32:01] INFO: INI ALAMAT TABLENYA :  D:\Work\Mii\TEMPLATES\ssrtemplates\.angular\prerender-root\718b8a56-e3db-4cc6-8fc9-d893f33a1086\data\admdb.sqlite
[2025-09-11 21:32:01] INFO: INI ALAMAT TABLENYA :  D:\Work\Mii\TEMPLATES\ssrtemplates\.angular\prerender-root\4d9b122b-bd4e-4831-91ef-3380987b66c3\data\admdb.sqlite
[2025-09-11 21:32:01] INFO: INI ALAMAT TABLENYA :  D:\Work\Mii\TEMPLATES\ssrtemplates\.angular\prerender-root\75a82127-54b4-4af3-b726-b112a73b4708\data\admdb.sqlite
[2025-09-11 21:32:07] INFO: INI ALAMAT TABLENYA :  D:\Work\Mii\TEMPLATES\ssrtemplates\dist\ssrtemplates\server\data\admdb.sqlite
[2025-09-11 21:33:09] INFO: INI ALAMAT TABLENYA :  D:\Work\Mii\TEMPLATES\ssrtemplates\.angular\prerender-root\b7658be4-b04e-47ef-a0df-854553f14d52\data\admdb.sqlite
[2025-09-11 21:33:11] INFO: INI ALAMAT TABLENYA :  D:\Work\Mii\TEMPLATES\ssrtemplates\.angular\prerender-root\ac3cd547-e65f-405c-8060-cd6dfa6125e2\data\admdb.sqlite
[2025-09-11 21:33:11] INFO: INI ALAMAT TABLENYA :  D:\Work\Mii\TEMPLATES\ssrtemplates\.angular\prerender-root\6c4c96f5-4638-44b4-b68d-8b655fc45863\data\admdb.sqlite
[2025-09-11 21:33:11] INFO: INI ALAMAT TABLENYA :  D:\Work\Mii\TEMPLATES\ssrtemplates\.angular\prerender-root\dcd1e18a-7e5f-4fc4-89c1-9d5c84bc6432\data\admdb.sqlite
[2025-09-11 21:33:11] INFO: INI ALAMAT TABLENYA :  D:\Work\Mii\TEMPLATES\ssrtemplates\.angular\prerender-root\0cb4daaa-f37c-4d1d-a835-655057ae5618\data\admdb.sqlite
[2025-09-11 21:33:21] INFO: INI ALAMAT TABLENYA :  D:\Work\Mii\TEMPLATES\ssrtemplates\dist\ssrtemplates\server\data\admdb.sqlite
[2025-09-11 21:39:09] INFO: INI ALAMAT TABLENYA :  D:\Work\Mii\TEMPLATES\ssrtemplates\.angular\prerender-root\41099f37-f976-4a5d-93e1-45f9fc6a41e7\data\admdb.sqlite
[2025-09-11 21:39:11] INFO: INI ALAMAT TABLENYA :  D:\Work\Mii\TEMPLATES\ssrtemplates\.angular\prerender-root\91be4c28-1a35-4ba3-b90b-0c7302b9847c\data\admdb.sqlite
[2025-09-11 21:39:11] INFO: INI ALAMAT TABLENYA :  D:\Work\Mii\TEMPLATES\ssrtemplates\.angular\prerender-root\c1f29517-b8b2-43ae-ad91-27a1133f5062\data\admdb.sqlite
[2025-09-11 21:39:11] INFO: INI ALAMAT TABLENYA :  D:\Work\Mii\TEMPLATES\ssrtemplates\.angular\prerender-root\e4c0afe6-0317-42fe-be01-fc78cf64dc54\data\admdb.sqlite
[2025-09-11 21:39:11] INFO: INI ALAMAT TABLENYA :  D:\Work\Mii\TEMPLATES\ssrtemplates\.angular\prerender-root\2862250f-9642-4962-8049-8a9e9209c7f5\data\admdb.sqlite
[2025-09-11 21:57:53] INFO: INI ALAMAT TABLENYA :  D:\Work\Mii\TEMPLATES\ssrtemplates\.angular\prerender-root\7be2cbec-b84f-443f-b2c6-ab98d9c9f4d9\data\admdb.sqlite
[2025-09-11 21:57:55] INFO: INI ALAMAT TABLENYA :  D:\Work\Mii\TEMPLATES\ssrtemplates\.angular\prerender-root\7791bc38-79b4-4b0c-b09c-100451a45e5f\data\admdb.sqlite
[2025-09-11 21:57:55] INFO: INI ALAMAT TABLENYA :  D:\Work\Mii\TEMPLATES\ssrtemplates\.angular\prerender-root\2f598819-81f5-438a-a881-6857afd102e4\data\admdb.sqlite
[2025-09-11 21:57:55] INFO: INI ALAMAT TABLENYA :  D:\Work\Mii\TEMPLATES\ssrtemplates\.angular\prerender-root\63dca6fe-c383-4a52-b9bf-7c2e4147ce76\data\admdb.sqlite
[2025-09-11 21:57:55] INFO: INI ALAMAT TABLENYA :  D:\Work\Mii\TEMPLATES\ssrtemplates\.angular\prerender-root\4006f2d1-2911-4a94-84f9-81c38c106c74\data\admdb.sqlite
[2025-09-11 21:58:05] INFO: INI ALAMAT TABLENYA :  D:\Work\Mii\TEMPLATES\ssrtemplates\dist\ssrtemplates\server\data\admdb.sqlite
[2025-09-11 21:59:04] INFO: INI ALAMAT TABLENYA :  D:\Work\Mii\TEMPLATES\ssrtemplates\.angular\prerender-root\5c7edec8-8bdf-4d46-bb79-b52f77dc4ef2\data\admdb.sqlite
[2025-09-11 21:59:06] INFO: INI ALAMAT TABLENYA :  D:\Work\Mii\TEMPLATES\ssrtemplates\.angular\prerender-root\494a648f-09a8-472e-990c-5abdd3fc7be0\data\admdb.sqlite
[2025-09-11 21:59:06] INFO: INI ALAMAT TABLENYA :  D:\Work\Mii\TEMPLATES\ssrtemplates\.angular\prerender-root\cd060250-9c37-4179-8d84-73eb62ecbc2c\data\admdb.sqlite
[2025-09-11 21:59:06] INFO: INI ALAMAT TABLENYA :  D:\Work\Mii\TEMPLATES\ssrtemplates\.angular\prerender-root\89eb1b83-8f04-4cf0-af50-3c919f9845d1\data\admdb.sqlite
[2025-09-11 21:59:06] INFO: INI ALAMAT TABLENYA :  D:\Work\Mii\TEMPLATES\ssrtemplates\.angular\prerender-root\f8e87938-f298-483f-89b4-ef19ab37ba2a\data\admdb.sqlite
[2025-09-11 21:59:17] INFO: INI ALAMAT TABLENYA :  D:\Work\Mii\TEMPLATES\ssrtemplates\dist\ssrtemplates\server\data\admdb.sqlite
[2025-09-11 22:01:12] INFO: INI ALAMAT TABLENYA :  D:\Work\Mii\TEMPLATES\ssrtemplates\.angular\prerender-root\d6086af8-c070-46c3-96f5-3bea2e412058\data\admdb.sqlite
[2025-09-11 22:01:17] INFO: INI ALAMAT TABLENYA :  D:\Work\Mii\TEMPLATES\ssrtemplates\.angular\prerender-root\ecb9931b-e431-4b47-91d4-3e30fba10d13\data\admdb.sqlite
[2025-09-11 22:01:17] INFO: INI ALAMAT TABLENYA :  D:\Work\Mii\TEMPLATES\ssrtemplates\.angular\prerender-root\b7204fc1-7527-4d42-9fd9-a19900cd1aed\data\admdb.sqlite
[2025-09-11 22:01:17] INFO: INI ALAMAT TABLENYA :  D:\Work\Mii\TEMPLATES\ssrtemplates\.angular\prerender-root\76a2d4be-3303-4ac6-979c-abbc4d1dd689\data\admdb.sqlite
[2025-09-11 22:01:17] INFO: INI ALAMAT TABLENYA :  D:\Work\Mii\TEMPLATES\ssrtemplates\.angular\prerender-root\b4c743b3-3c93-4d06-b978-b699a63f8051\data\admdb.sqlite
[2025-09-11 22:01:26] INFO: INI ALAMAT TABLENYA :  D:\Work\Mii\TEMPLATES\ssrtemplates\dist\ssrtemplates\server\data\admdb.sqlite
