[2025-11-06 13:44:31] INFO: INI ALAMAT TABLENYA :  D:\Work\Mii\TEMPLATES\ssrtemplates\.angular\prerender-root\245e372f-1591-4d92-8615-76e2a1d5a2a8\data\admdb.sqlite
[2025-11-06 13:44:32] WARN: Could not read param for rate limit, using default. Error: {}
[2025-11-06 13:44:32] INFO: Node Express server listening on http://localhost:4000
[2025-11-06 13:44:34] INFO: INI ALAMAT TABLENYA :  D:\Work\Mii\TEMPLATES\ssrtemplates\.angular\prerender-root\030b2e58-b6b1-44c0-99dd-9c19b4669379\data\admdb.sqlite
[2025-11-06 13:44:34] WARN: Could not read param for rate limit, using default. Error: {}
[2025-11-06 13:44:34] INFO: Node Express server listening on http://localhost:4000
[2025-11-06 13:44:34] INFO: INI ALAMAT TABLENYA :  D:\Work\Mii\TEMPLATES\ssrtemplates\.angular\prerender-root\c7a1e755-2c33-4098-89eb-7584855f8efe\data\admdb.sqlite
[2025-11-06 13:44:34] WARN: Could not read param for rate limit, using default. Error: {}
[2025-11-06 13:44:34] INFO: INI ALAMAT TABLENYA :  D:\Work\Mii\TEMPLATES\ssrtemplates\.angular\prerender-root\0fb793f8-2f3f-4379-a3ae-8ad050a252ca\data\admdb.sqlite
[2025-11-06 13:44:34] WARN: Could not read param for rate limit, using default. Error: {}
[2025-11-06 13:44:34] INFO: INI ALAMAT TABLENYA :  D:\Work\Mii\TEMPLATES\ssrtemplates\.angular\prerender-root\34c21a02-0917-401b-a334-83a044619a19\data\admdb.sqlite
[2025-11-06 13:44:34] WARN: Could not read param for rate limit, using default. Error: {}
[2025-11-06 13:44:48] INFO: INI ALAMAT TABLENYA :  D:\Work\Mii\TEMPLATES\ssrtemplates\dist\ssrtemplates\server\data\admdb.sqlite
[2025-11-06 13:44:48] INFO: login limiter max set to 3
[2025-11-06 13:44:48] INFO: Node Express server listening on http://localhost:4000
[2025-11-06 15:35:22] INFO: INI ALAMAT TABLENYA :  D:\Work\Mii\TEMPLATES\ssrtemplates\.angular\prerender-root\5f6f2b69-3716-4367-ad5e-32a919b3a7fa\data\admdb.sqlite
[2025-11-06 15:35:22] WARN: Could not read param for rate limit, using default. Error: {}
[2025-11-06 15:35:22] INFO: Node Express server listening on http://localhost:4000
[2025-11-06 15:35:25] INFO: INI ALAMAT TABLENYA :  D:\Work\Mii\TEMPLATES\ssrtemplates\.angular\prerender-root\e8bada1e-2517-4712-9d62-836f25a81c17\data\admdb.sqlite
[2025-11-06 15:35:25] WARN: Could not read param for rate limit, using default. Error: {}
[2025-11-06 15:35:25] INFO: INI ALAMAT TABLENYA :  D:\Work\Mii\TEMPLATES\ssrtemplates\.angular\prerender-root\8208230b-29a3-4342-a5a1-4950c190cf4c\data\admdb.sqlite
[2025-11-06 15:35:25] WARN: Could not read param for rate limit, using default. Error: {}
[2025-11-06 15:35:25] INFO: Node Express server listening on http://localhost:4000
[2025-11-06 15:35:25] INFO: INI ALAMAT TABLENYA :  D:\Work\Mii\TEMPLATES\ssrtemplates\.angular\prerender-root\09a8bafc-71bb-4e0a-8ad5-c9b598881dc6\data\admdb.sqlite
[2025-11-06 15:35:25] WARN: Could not read param for rate limit, using default. Error: {}
[2025-11-06 15:35:25] INFO: INI ALAMAT TABLENYA :  D:\Work\Mii\TEMPLATES\ssrtemplates\.angular\prerender-root\034bd5e0-ee94-491f-9830-0609a5b55195\data\admdb.sqlite
[2025-11-06 15:35:25] WARN: Could not read param for rate limit, using default. Error: {}
[2025-11-06 15:40:12] INFO: INI ALAMAT TABLENYA :  D:\Work\Mii\TEMPLATES\ssrtemplates\.angular\prerender-root\4e7136f8-b139-47fb-b376-7f81d00f348f\data\admdb.sqlite
[2025-11-06 15:40:12] WARN: Could not read param for rate limit, using default. Error: {}
[2025-11-06 15:40:13] INFO: Node Express server listening on http://localhost:4000
[2025-11-06 15:40:21] INFO: INI ALAMAT TABLENYA :  D:\Work\Mii\TEMPLATES\ssrtemplates\.angular\prerender-root\637665ae-a249-4af3-9d50-948640f382d5\data\admdb.sqlite
[2025-11-06 15:40:21] WARN: Could not read param for rate limit, using default. Error: {}
[2025-11-06 15:40:21] INFO: Node Express server listening on http://localhost:4000
[2025-11-06 15:40:21] INFO: INI ALAMAT TABLENYA :  D:\Work\Mii\TEMPLATES\ssrtemplates\.angular\prerender-root\30c6909c-5b1a-46d1-bee4-4936049ec179\data\admdb.sqlite
[2025-11-06 15:40:21] WARN: Could not read param for rate limit, using default. Error: {}
[2025-11-06 15:40:21] INFO: INI ALAMAT TABLENYA :  D:\Work\Mii\TEMPLATES\ssrtemplates\.angular\prerender-root\6863a15b-5630-4c00-8083-5ab0b3795a8b\data\admdb.sqlite
[2025-11-06 15:40:21] WARN: Could not read param for rate limit, using default. Error: {}
[2025-11-06 15:40:21] INFO: INI ALAMAT TABLENYA :  D:\Work\Mii\TEMPLATES\ssrtemplates\.angular\prerender-root\57b8bd04-8bd5-4388-a0c2-5e63f83a59fe\data\admdb.sqlite
[2025-11-06 15:40:21] WARN: Could not read param for rate limit, using default. Error: {}
[2025-11-06 15:40:47] INFO: INI ALAMAT TABLENYA :  D:\Work\Mii\TEMPLATES\ssrtemplates\dist\ssrtemplates\server\data\admdb.sqlite
[2025-11-06 15:40:47] INFO: login limiter max set to 3
[2025-11-06 15:40:47] INFO: Node Express server listening on http://localhost:4000
[2025-11-06 15:41:16] INFO: INI ALAMAT TABLENYA :  D:\Work\Mii\TEMPLATES\ssrtemplates\dist\ssrtemplates\server\data\admdb.sqlite
[2025-11-06 15:41:16] INFO: login limiter max set to 3
[2025-11-06 15:41:16] INFO: Node Express server listening on http://localhost:4000
[2025-11-06 15:56:57] INFO: INI ALAMAT TABLENYA :  D:\Work\Mii\TEMPLATES\ssrtemplates\.angular\prerender-root\de03bf2e-6794-47fa-b4f4-5d2d9b5fa982\data\admdb.sqlite
[2025-11-06 15:56:57] WARN: Could not read param for rate limit, using default. Error: {}
[2025-11-06 15:56:57] INFO: Node Express server listening on http://localhost:4000
[2025-11-06 15:56:59] INFO: INI ALAMAT TABLENYA :  D:\Work\Mii\TEMPLATES\ssrtemplates\.angular\prerender-root\acd64f83-66e4-4b88-8fbc-857481c21f8c\data\admdb.sqlite
[2025-11-06 15:56:59] WARN: Could not read param for rate limit, using default. Error: {}
[2025-11-06 15:56:59] INFO: INI ALAMAT TABLENYA :  D:\Work\Mii\TEMPLATES\ssrtemplates\.angular\prerender-root\8d5a0914-b999-4574-b89e-0834485fd4db\data\admdb.sqlite
[2025-11-06 15:56:59] WARN: Could not read param for rate limit, using default. Error: {}
[2025-11-06 15:56:59] INFO: INI ALAMAT TABLENYA :  D:\Work\Mii\TEMPLATES\ssrtemplates\.angular\prerender-root\9484a70c-cf74-47b7-8ac4-dcd79838373a\data\admdb.sqlite
[2025-11-06 15:56:59] INFO: INI ALAMAT TABLENYA :  D:\Work\Mii\TEMPLATES\ssrtemplates\.angular\prerender-root\bb76d7f0-501c-4297-b76c-641d6d2285b8\data\admdb.sqlite
[2025-11-06 15:56:59] WARN: Could not read param for rate limit, using default. Error: {}
[2025-11-06 15:56:59] WARN: Could not read param for rate limit, using default. Error: {}
[2025-11-06 15:56:59] INFO: Node Express server listening on http://localhost:4000
[2025-11-06 15:57:09] INFO: INI ALAMAT TABLENYA :  D:\Work\Mii\TEMPLATES\ssrtemplates\dist\ssrtemplates\server\data\admdb.sqlite
[2025-11-06 15:57:09] INFO: login limiter max set to 3
[2025-11-06 15:57:09] INFO: Node Express server listening on http://localhost:4000
[2025-11-06 15:59:17] INFO: INI ALAMAT TABLENYA :  D:\Work\Mii\TEMPLATES\ssrtemplates\.angular\prerender-root\d4e706b8-0c4f-41c4-af18-094bedd1532f\data\admdb.sqlite
[2025-11-06 15:59:17] WARN: Could not read param for rate limit, using default. Error: {}
[2025-11-06 15:59:17] INFO: Node Express server listening on http://localhost:4000
[2025-11-06 15:59:19] INFO: INI ALAMAT TABLENYA :  D:\Work\Mii\TEMPLATES\ssrtemplates\.angular\prerender-root\552b682f-d36e-4fc8-a5af-68ee908b1675\data\admdb.sqlite
[2025-11-06 15:59:19] WARN: Could not read param for rate limit, using default. Error: {}
[2025-11-06 15:59:19] INFO: INI ALAMAT TABLENYA :  D:\Work\Mii\TEMPLATES\ssrtemplates\.angular\prerender-root\bdb01b8e-b038-43b3-9ad5-038b984b156b\data\admdb.sqlite
[2025-11-06 15:59:19] WARN: Could not read param for rate limit, using default. Error: {}
[2025-11-06 15:59:19] INFO: Node Express server listening on http://localhost:4000
[2025-11-06 15:59:19] INFO: INI ALAMAT TABLENYA :  D:\Work\Mii\TEMPLATES\ssrtemplates\.angular\prerender-root\9f4123f1-6440-4416-8e06-6ea5120ed38b\data\admdb.sqlite
[2025-11-06 15:59:19] WARN: Could not read param for rate limit, using default. Error: {}
[2025-11-06 15:59:19] INFO: INI ALAMAT TABLENYA :  D:\Work\Mii\TEMPLATES\ssrtemplates\.angular\prerender-root\e06fd765-5faf-4728-a007-ab25d244ec51\data\admdb.sqlite
[2025-11-06 15:59:19] WARN: Could not read param for rate limit, using default. Error: {}
[2025-11-06 15:59:29] INFO: INI ALAMAT TABLENYA :  D:\Work\Mii\TEMPLATES\ssrtemplates\dist\ssrtemplates\server\data\admdb.sqlite
[2025-11-06 15:59:29] INFO: login limiter max set to 3
[2025-11-06 15:59:29] INFO: Node Express server listening on http://localhost:4000
[2025-11-06 16:07:43] INFO: INI ALAMAT TABLENYA :  D:\Work\Mii\TEMPLATES\ssrtemplates\.angular\prerender-root\f52a29e7-69c0-4201-8800-b875793dec45\data\admdb.sqlite
[2025-11-06 16:07:43] WARN: Could not read param for rate limit, using default. Error: {}
[2025-11-06 16:07:43] INFO: Node Express server listening on http://localhost:4000
[2025-11-06 16:07:45] INFO: INI ALAMAT TABLENYA :  D:\Work\Mii\TEMPLATES\ssrtemplates\.angular\prerender-root\94e1744a-0156-472e-b5a0-878d889462a7\data\admdb.sqlite
[2025-11-06 16:07:46] WARN: Could not read param for rate limit, using default. Error: {}
[2025-11-06 16:07:46] INFO: Node Express server listening on http://localhost:4000
[2025-11-06 16:07:45] INFO: INI ALAMAT TABLENYA :  D:\Work\Mii\TEMPLATES\ssrtemplates\.angular\prerender-root\5583cfbe-9013-4c6e-953c-8abec1e23e72\data\admdb.sqlite
[2025-11-06 16:07:46] WARN: Could not read param for rate limit, using default. Error: {}
[2025-11-06 16:07:45] INFO: INI ALAMAT TABLENYA :  D:\Work\Mii\TEMPLATES\ssrtemplates\.angular\prerender-root\c3cc6d00-c62f-4973-8ec3-8836a2f4d6ec\data\admdb.sqlite
[2025-11-06 16:07:46] WARN: Could not read param for rate limit, using default. Error: {}
[2025-11-06 16:07:45] INFO: INI ALAMAT TABLENYA :  D:\Work\Mii\TEMPLATES\ssrtemplates\.angular\prerender-root\778c679b-3407-4c89-9072-b3ad6a8508cd\data\admdb.sqlite
[2025-11-06 16:07:46] WARN: Could not read param for rate limit, using default. Error: {}
[2025-11-06 16:07:56] INFO: INI ALAMAT TABLENYA :  D:\Work\Mii\TEMPLATES\ssrtemplates\dist\ssrtemplates\server\data\admdb.sqlite
[2025-11-06 16:07:56] INFO: login limiter max set to 3
[2025-11-06 16:07:56] INFO: Node Express server listening on http://localhost:4000
[2025-11-06 16:39:17] INFO: INI ALAMAT TABLENYA :  D:\Work\Mii\TEMPLATES\ssrtemplates\.angular\prerender-root\fa40a7bd-bde5-4f4b-953f-f2947f76ba95\data\admdb.sqlite
[2025-11-06 16:39:17] WARN: Could not read param for rate limit, using default. Error: {}
[2025-11-06 16:39:17] INFO: Node Express server listening on http://localhost:4000
[2025-11-06 16:39:20] INFO: INI ALAMAT TABLENYA :  D:\Work\Mii\TEMPLATES\ssrtemplates\.angular\prerender-root\d758c6a0-9507-40f5-b1b2-8873ab212461\data\admdb.sqlite
[2025-11-06 16:39:20] WARN: Could not read param for rate limit, using default. Error: {}
[2025-11-06 16:39:20] INFO: Node Express server listening on http://localhost:4000
[2025-11-06 16:39:20] INFO: INI ALAMAT TABLENYA :  D:\Work\Mii\TEMPLATES\ssrtemplates\.angular\prerender-root\1ede2dc4-fca7-4d19-a4b6-64ddea7bd0f7\data\admdb.sqlite
[2025-11-06 16:39:20] WARN: Could not read param for rate limit, using default. Error: {}
[2025-11-06 16:39:20] INFO: INI ALAMAT TABLENYA :  D:\Work\Mii\TEMPLATES\ssrtemplates\.angular\prerender-root\99a04fa7-cc36-40d9-bc64-ba08ba6f9e7e\data\admdb.sqlite
[2025-11-06 16:39:20] WARN: Could not read param for rate limit, using default. Error: {}
[2025-11-06 16:39:20] INFO: INI ALAMAT TABLENYA :  D:\Work\Mii\TEMPLATES\ssrtemplates\.angular\prerender-root\ffe63259-27f9-45f4-a4bd-f0785468ce01\data\admdb.sqlite
[2025-11-06 16:39:20] WARN: Could not read param for rate limit, using default. Error: {}
[2025-11-06 16:39:38] INFO: INI ALAMAT TABLENYA :  D:\Work\Mii\TEMPLATES\ssrtemplates\dist\ssrtemplates\server\data\admdb.sqlite
[2025-11-06 16:39:38] INFO: login limiter max set to 3
[2025-11-06 16:39:38] INFO: Node Express server listening on http://localhost:4000
[2025-11-06 16:46:06] INFO: INI ALAMAT TABLENYA :  D:\Work\Mii\TEMPLATES\ssrtemplates\.angular\prerender-root\89a9fcdf-982a-4e1f-9f99-3249aabc4751\data\admdb.sqlite
[2025-11-06 16:46:06] WARN: Could not read param for rate limit, using default. Error: {}
[2025-11-06 16:46:06] INFO: Node Express server listening on http://localhost:4000
[2025-11-06 16:46:08] INFO: INI ALAMAT TABLENYA :  D:\Work\Mii\TEMPLATES\ssrtemplates\.angular\prerender-root\fa5d7842-b66f-4c8f-9497-0c233a3f35a2\data\admdb.sqlite
[2025-11-06 16:46:08] WARN: Could not read param for rate limit, using default. Error: {}
[2025-11-06 16:46:08] INFO: INI ALAMAT TABLENYA :  D:\Work\Mii\TEMPLATES\ssrtemplates\.angular\prerender-root\2d575a35-2e1d-4b6f-8492-bb2edd1b02dd\data\admdb.sqlite
[2025-11-06 16:46:08] WARN: Could not read param for rate limit, using default. Error: {}
[2025-11-06 16:46:08] INFO: INI ALAMAT TABLENYA :  D:\Work\Mii\TEMPLATES\ssrtemplates\.angular\prerender-root\f60e1b23-e1d7-4e87-9046-3d9dc8204a88\data\admdb.sqlite
[2025-11-06 16:46:08] WARN: Could not read param for rate limit, using default. Error: {}
[2025-11-06 16:46:08] INFO: Node Express server listening on http://localhost:4000
[2025-11-06 16:46:08] INFO: INI ALAMAT TABLENYA :  D:\Work\Mii\TEMPLATES\ssrtemplates\.angular\prerender-root\4790562d-829a-4b33-a021-8b3cee30b756\data\admdb.sqlite
[2025-11-06 16:46:08] WARN: Could not read param for rate limit, using default. Error: {}
[2025-11-06 16:46:59] INFO: INI ALAMAT TABLENYA :  D:\Work\Mii\TEMPLATES\ssrtemplates\.angular\prerender-root\8764657a-d2e3-4f7b-b0e5-c7f24faff348\data\admdb.sqlite
[2025-11-06 16:46:59] WARN: Could not read param for rate limit, using default. Error: {}
[2025-11-06 16:46:59] INFO: Node Express server listening on http://localhost:4000
[2025-11-06 16:47:03] INFO: INI ALAMAT TABLENYA :  D:\Work\Mii\TEMPLATES\ssrtemplates\.angular\prerender-root\c1933b30-103c-4a31-88cc-8148a069a88e\data\admdb.sqlite
[2025-11-06 16:47:03] WARN: Could not read param for rate limit, using default. Error: {}
[2025-11-06 16:47:03] INFO: Node Express server listening on http://localhost:4000
[2025-11-06 16:47:03] INFO: INI ALAMAT TABLENYA :  D:\Work\Mii\TEMPLATES\ssrtemplates\.angular\prerender-root\3158cd8b-b5cd-45bb-b685-80c49c019ce3\data\admdb.sqlite
[2025-11-06 16:47:03] WARN: Could not read param for rate limit, using default. Error: {}
[2025-11-06 16:47:03] INFO: INI ALAMAT TABLENYA :  D:\Work\Mii\TEMPLATES\ssrtemplates\.angular\prerender-root\b1ee4281-95e7-4bd5-a650-743327c483f5\data\admdb.sqlite
[2025-11-06 16:47:03] WARN: Could not read param for rate limit, using default. Error: {}
[2025-11-06 16:47:03] INFO: INI ALAMAT TABLENYA :  D:\Work\Mii\TEMPLATES\ssrtemplates\.angular\prerender-root\d8387b66-fa3b-45f9-b8ed-8d498ef56f2e\data\admdb.sqlite
[2025-11-06 16:47:03] WARN: Could not read param for rate limit, using default. Error: {}
[2025-11-06 16:47:25] INFO: INI ALAMAT TABLENYA :  D:\Work\Mii\TEMPLATES\ssrtemplates\dist\ssrtemplates\server\data\admdb.sqlite
[2025-11-06 16:47:25] INFO: login limiter max set to 3
[2025-11-06 16:47:25] INFO: Node Express server listening on http://localhost:4000
[2025-11-06 17:02:49] INFO: INI ALAMAT TABLENYA :  D:\Work\Mii\TEMPLATES\ssrtemplates\.angular\prerender-root\6b37fb48-4b42-4a22-9080-b7d935ef990f\data\admdb.sqlite
[2025-11-06 17:02:50] WARN: Could not read param for rate limit, using default. Error: {}
[2025-11-06 17:02:50] INFO: Node Express server listening on http://localhost:4000
[2025-11-06 17:02:54] INFO: INI ALAMAT TABLENYA :  D:\Work\Mii\TEMPLATES\ssrtemplates\.angular\prerender-root\eb843ce2-86c4-440a-9004-094dd29bc494\data\admdb.sqlite
[2025-11-06 17:02:54] WARN: Could not read param for rate limit, using default. Error: {}
[2025-11-06 17:02:54] INFO: Node Express server listening on http://localhost:4000
[2025-11-06 17:02:54] INFO: INI ALAMAT TABLENYA :  D:\Work\Mii\TEMPLATES\ssrtemplates\.angular\prerender-root\56d47d51-c139-41b9-86ad-7919cea2af2d\data\admdb.sqlite
[2025-11-06 17:02:54] WARN: Could not read param for rate limit, using default. Error: {}
[2025-11-06 17:02:54] INFO: INI ALAMAT TABLENYA :  D:\Work\Mii\TEMPLATES\ssrtemplates\.angular\prerender-root\1dbafeb5-6f04-44e7-b5ee-83a254979460\data\admdb.sqlite
[2025-11-06 17:02:54] WARN: Could not read param for rate limit, using default. Error: {}
[2025-11-06 17:02:54] INFO: INI ALAMAT TABLENYA :  D:\Work\Mii\TEMPLATES\ssrtemplates\.angular\prerender-root\3c0efdc4-30bd-4bc1-86cf-80bc339d6af3\data\admdb.sqlite
[2025-11-06 17:02:54] WARN: Could not read param for rate limit, using default. Error: {}
[2025-11-06 17:04:11] INFO: INI ALAMAT TABLENYA :  D:\Work\Mii\TEMPLATES\ssrtemplates\.angular\prerender-root\4c9ebfce-31c8-4b5c-a67b-7358284bbe46\data\admdb.sqlite
[2025-11-06 17:04:11] WARN: Could not read param for rate limit, using default. Error: {}
[2025-11-06 17:04:11] INFO: Node Express server listening on http://localhost:4000
[2025-11-06 17:04:13] INFO: INI ALAMAT TABLENYA :  D:\Work\Mii\TEMPLATES\ssrtemplates\.angular\prerender-root\ffad0ba5-7aaf-41b0-a767-4a1f3e17513c\data\admdb.sqlite
[2025-11-06 17:04:13] WARN: Could not read param for rate limit, using default. Error: {}
[2025-11-06 17:04:13] INFO: INI ALAMAT TABLENYA :  D:\Work\Mii\TEMPLATES\ssrtemplates\.angular\prerender-root\96e9f3df-d9ce-456e-8b26-2e47fdad4355\data\admdb.sqlite
[2025-11-06 17:04:13] WARN: Could not read param for rate limit, using default. Error: {}
[2025-11-06 17:04:13] INFO: Node Express server listening on http://localhost:4000
[2025-11-06 17:04:13] INFO: INI ALAMAT TABLENYA :  D:\Work\Mii\TEMPLATES\ssrtemplates\.angular\prerender-root\c0285218-963f-47a1-87f6-986977bc4463\data\admdb.sqlite
[2025-11-06 17:04:13] WARN: Could not read param for rate limit, using default. Error: {}
[2025-11-06 17:04:13] INFO: INI ALAMAT TABLENYA :  D:\Work\Mii\TEMPLATES\ssrtemplates\.angular\prerender-root\d9e14e5a-66c5-4c9f-9d49-a7f4812f4572\data\admdb.sqlite
[2025-11-06 17:04:13] WARN: Could not read param for rate limit, using default. Error: {}
[2025-11-06 17:04:21] INFO: INI ALAMAT TABLENYA :  D:\Work\Mii\TEMPLATES\ssrtemplates\dist\ssrtemplates\server\data\admdb.sqlite
[2025-11-06 17:04:22] INFO: login limiter max set to 3
[2025-11-06 17:04:22] INFO: Node Express server listening on http://localhost:4000
[2025-11-06 17:05:47] INFO: INI ALAMAT TABLENYA :  D:\Work\Mii\TEMPLATES\ssrtemplates\dist\ssrtemplates\server\data\admdb.sqlite
[2025-11-06 17:05:47] INFO: login limiter max set to 3
[2025-11-06 17:05:47] INFO: Node Express server listening on http://localhost:4000
[2025-11-06 17:09:06] INFO: INI ALAMAT TABLENYA :  D:\Work\Mii\TEMPLATES\ssrtemplates\.angular\prerender-root\97ae52de-c112-4ca1-a11f-c678682e75b4\data\admdb.sqlite
[2025-11-06 17:09:06] WARN: Could not read param for rate limit, using default. Error: {}
[2025-11-06 17:09:06] INFO: Node Express server listening on http://localhost:4000
[2025-11-06 17:09:07] INFO: INI ALAMAT TABLENYA :  D:\Work\Mii\TEMPLATES\ssrtemplates\.angular\prerender-root\3c2b2682-f144-4323-aa51-a41fb1e1d03b\data\admdb.sqlite
[2025-11-06 17:09:07] WARN: Could not read param for rate limit, using default. Error: {}
[2025-11-06 17:09:07] INFO: Node Express server listening on http://localhost:4000
[2025-11-06 17:09:07] INFO: INI ALAMAT TABLENYA :  D:\Work\Mii\TEMPLATES\ssrtemplates\.angular\prerender-root\dbf590ae-4ede-4cc6-996d-e0ef9475a8c7\data\admdb.sqlite
[2025-11-06 17:09:07] WARN: Could not read param for rate limit, using default. Error: {}
[2025-11-06 17:09:07] INFO: INI ALAMAT TABLENYA :  D:\Work\Mii\TEMPLATES\ssrtemplates\.angular\prerender-root\a55e3ab2-3541-41a4-ba81-1559adcccce2\data\admdb.sqlite
[2025-11-06 17:09:07] WARN: Could not read param for rate limit, using default. Error: {}
[2025-11-06 17:09:07] INFO: INI ALAMAT TABLENYA :  D:\Work\Mii\TEMPLATES\ssrtemplates\.angular\prerender-root\2c36cc7f-ad4f-46bc-9d1e-d1d71ab00553\data\admdb.sqlite
[2025-11-06 17:09:07] WARN: Could not read param for rate limit, using default. Error: {}
[2025-11-06 17:09:17] INFO: INI ALAMAT TABLENYA :  D:\Work\Mii\TEMPLATES\ssrtemplates\dist\ssrtemplates\server\data\admdb.sqlite
[2025-11-06 17:09:17] INFO: login limiter max set to 3
[2025-11-06 17:09:17] INFO: Node Express server listening on http://localhost:4000
[2025-11-06 17:09:56] INFO: INI ALAMAT TABLENYA :  D:\Work\Mii\TEMPLATES\ssrtemplates\.angular\prerender-root\5730410e-bfa5-4a6e-962a-65630f9b6f7d\data\admdb.sqlite
[2025-11-06 17:09:56] WARN: Could not read param for rate limit, using default. Error: {}
[2025-11-06 17:09:56] INFO: Node Express server listening on http://localhost:4000
[2025-11-06 17:09:58] INFO: INI ALAMAT TABLENYA :  D:\Work\Mii\TEMPLATES\ssrtemplates\.angular\prerender-root\e8f3b467-49e8-435e-a9cf-857f5694646a\data\admdb.sqlite
[2025-11-06 17:09:58] INFO: INI ALAMAT TABLENYA :  D:\Work\Mii\TEMPLATES\ssrtemplates\.angular\prerender-root\79841244-2873-42fe-be7f-033968b79255\data\admdb.sqlite
[2025-11-06 17:09:58] WARN: Could not read param for rate limit, using default. Error: {}
[2025-11-06 17:09:58] WARN: Could not read param for rate limit, using default. Error: {}
[2025-11-06 17:09:58] INFO: INI ALAMAT TABLENYA :  D:\Work\Mii\TEMPLATES\ssrtemplates\.angular\prerender-root\39907e47-ec0f-465f-a61e-64ed11dc36e4\data\admdb.sqlite
[2025-11-06 17:09:58] WARN: Could not read param for rate limit, using default. Error: {}
[2025-11-06 17:09:58] INFO: INI ALAMAT TABLENYA :  D:\Work\Mii\TEMPLATES\ssrtemplates\.angular\prerender-root\926244d1-a2e8-45d4-b401-9a46159f0d8b\data\admdb.sqlite
[2025-11-06 17:09:58] WARN: Could not read param for rate limit, using default. Error: {}
[2025-11-06 17:09:58] INFO: Node Express server listening on http://localhost:4000
[2025-11-06 17:10:11] INFO: INI ALAMAT TABLENYA :  D:\Work\Mii\TEMPLATES\ssrtemplates\dist\ssrtemplates\server\data\admdb.sqlite
[2025-11-06 17:10:11] INFO: login limiter max set to 3
[2025-11-06 17:10:11] INFO: Node Express server listening on http://localhost:4000
[2025-11-06 17:10:46] INFO: INI ALAMAT TABLENYA :  D:\Work\Mii\TEMPLATES\ssrtemplates\.angular\prerender-root\88a81a76-0eea-4714-b121-8e6d2edb99a3\data\admdb.sqlite
[2025-11-06 17:10:46] WARN: Could not read param for rate limit, using default. Error: {}
[2025-11-06 17:10:46] INFO: Node Express server listening on http://localhost:4000
[2025-11-06 17:10:47] INFO: INI ALAMAT TABLENYA :  D:\Work\Mii\TEMPLATES\ssrtemplates\.angular\prerender-root\a83a6f6a-022b-459d-9a54-8d094b13c9b3\data\admdb.sqlite
[2025-11-06 17:10:47] WARN: Could not read param for rate limit, using default. Error: {}
[2025-11-06 17:10:47] INFO: Node Express server listening on http://localhost:4000
[2025-11-06 17:10:47] INFO: INI ALAMAT TABLENYA :  D:\Work\Mii\TEMPLATES\ssrtemplates\.angular\prerender-root\f05f997a-2a59-4677-9e3a-9d138b912b15\data\admdb.sqlite
[2025-11-06 17:10:47] WARN: Could not read param for rate limit, using default. Error: {}
[2025-11-06 17:10:47] INFO: INI ALAMAT TABLENYA :  D:\Work\Mii\TEMPLATES\ssrtemplates\.angular\prerender-root\fe91df37-af12-444a-af63-bfabb3ed15b7\data\admdb.sqlite
[2025-11-06 17:10:47] WARN: Could not read param for rate limit, using default. Error: {}
[2025-11-06 17:10:47] INFO: INI ALAMAT TABLENYA :  D:\Work\Mii\TEMPLATES\ssrtemplates\.angular\prerender-root\0be5bcbd-065b-44a2-b7a3-a9263b903c9e\data\admdb.sqlite
[2025-11-06 17:10:47] WARN: Could not read param for rate limit, using default. Error: {}
[2025-11-06 17:11:03] INFO: INI ALAMAT TABLENYA :  D:\Work\Mii\TEMPLATES\ssrtemplates\dist\ssrtemplates\server\data\admdb.sqlite
[2025-11-06 17:11:03] INFO: login limiter max set to 3
[2025-11-06 17:11:03] INFO: Node Express server listening on http://localhost:4000
[2025-11-06 17:11:52] INFO: INI ALAMAT TABLENYA :  D:\Work\Mii\TEMPLATES\ssrtemplates\.angular\prerender-root\175efc94-ac78-4dd3-9d85-f51418197af7\data\admdb.sqlite
[2025-11-06 17:11:52] WARN: Could not read param for rate limit, using default. Error: {}
[2025-11-06 17:11:52] INFO: Node Express server listening on http://localhost:4000
[2025-11-06 17:11:54] INFO: INI ALAMAT TABLENYA :  D:\Work\Mii\TEMPLATES\ssrtemplates\.angular\prerender-root\3e06953c-a142-4ca1-951e-951f23cb3970\data\admdb.sqlite
[2025-11-06 17:11:54] WARN: Could not read param for rate limit, using default. Error: {}
[2025-11-06 17:11:54] INFO: Node Express server listening on http://localhost:4000
[2025-11-06 17:11:54] INFO: INI ALAMAT TABLENYA :  D:\Work\Mii\TEMPLATES\ssrtemplates\.angular\prerender-root\74b14504-642a-45f6-b5f3-0e35ca259ba0\data\admdb.sqlite
[2025-11-06 17:11:54] WARN: Could not read param for rate limit, using default. Error: {}
[2025-11-06 17:11:54] INFO: INI ALAMAT TABLENYA :  D:\Work\Mii\TEMPLATES\ssrtemplates\.angular\prerender-root\6f7a3918-895b-40f7-bc5a-725e0eaf192c\data\admdb.sqlite
[2025-11-06 17:11:54] WARN: Could not read param for rate limit, using default. Error: {}
[2025-11-06 17:11:54] INFO: INI ALAMAT TABLENYA :  D:\Work\Mii\TEMPLATES\ssrtemplates\.angular\prerender-root\4ffdc276-ef3e-4673-95cf-90215c8eaa40\data\admdb.sqlite
[2025-11-06 17:11:54] WARN: Could not read param for rate limit, using default. Error: {}
[2025-11-06 17:12:01] INFO: INI ALAMAT TABLENYA :  D:\Work\Mii\TEMPLATES\ssrtemplates\dist\ssrtemplates\server\data\admdb.sqlite
[2025-11-06 17:12:01] INFO: login limiter max set to 3
[2025-11-06 17:12:01] INFO: Node Express server listening on http://localhost:4000
[2025-11-06 17:19:21] INFO: INI ALAMAT TABLENYA :  D:\Work\Mii\TEMPLATES\ssrtemplates\.angular\prerender-root\fb7d6734-5b94-43ce-b398-99b39ba8fb16\data\admdb.sqlite
[2025-11-06 17:19:21] WARN: Could not read param for rate limit, using default. Error: {}
[2025-11-06 17:19:21] INFO: Node Express server listening on http://localhost:4000
[2025-11-06 17:19:26] INFO: INI ALAMAT TABLENYA :  D:\Work\Mii\TEMPLATES\ssrtemplates\.angular\prerender-root\b4171fe9-763d-4d16-bb17-67162ac80430\data\admdb.sqlite
[2025-11-06 17:19:26] WARN: Could not read param for rate limit, using default. Error: {}
[2025-11-06 17:19:26] INFO: INI ALAMAT TABLENYA :  D:\Work\Mii\TEMPLATES\ssrtemplates\.angular\prerender-root\c2069527-fd59-45e4-82a2-549dfcf2f49a\data\admdb.sqlite
[2025-11-06 17:19:26] INFO: INI ALAMAT TABLENYA :  D:\Work\Mii\TEMPLATES\ssrtemplates\.angular\prerender-root\944ad51a-599f-48fa-bb8b-a233c0d69c84\data\admdb.sqlite
[2025-11-06 17:19:26] WARN: Could not read param for rate limit, using default. Error: {}
[2025-11-06 17:19:26] INFO: Node Express server listening on http://localhost:4000
[2025-11-06 17:19:26] WARN: Could not read param for rate limit, using default. Error: {}
[2025-11-06 17:19:26] INFO: INI ALAMAT TABLENYA :  D:\Work\Mii\TEMPLATES\ssrtemplates\.angular\prerender-root\aaa54578-1beb-4521-96a9-c99d0a3007a0\data\admdb.sqlite
[2025-11-06 17:19:26] WARN: Could not read param for rate limit, using default. Error: {}
[2025-11-06 17:19:44] INFO: INI ALAMAT TABLENYA :  D:\Work\Mii\TEMPLATES\ssrtemplates\dist\ssrtemplates\server\data\admdb.sqlite
[2025-11-06 17:19:44] INFO: login limiter max set to 3
[2025-11-06 17:19:44] INFO: Node Express server listening on http://localhost:4000
[2025-11-06 17:25:08] INFO: INI ALAMAT TABLENYA :  D:\Work\Mii\TEMPLATES\ssrtemplates\.angular\prerender-root\38721f60-fbaf-4c0f-81ee-f363fffecda7\data\admdb.sqlite
[2025-11-06 17:25:08] WARN: Could not read param for rate limit, using default. Error: {}
[2025-11-06 17:25:08] INFO: Node Express server listening on http://localhost:4000
[2025-11-06 17:25:10] INFO: INI ALAMAT TABLENYA :  D:\Work\Mii\TEMPLATES\ssrtemplates\.angular\prerender-root\0f877aff-02c1-48f7-8452-0723fc5cf72d\data\admdb.sqlite
[2025-11-06 17:25:10] WARN: Could not read param for rate limit, using default. Error: {}
[2025-11-06 17:25:10] INFO: Node Express server listening on http://localhost:4000
[2025-11-06 17:25:10] INFO: INI ALAMAT TABLENYA :  D:\Work\Mii\TEMPLATES\ssrtemplates\.angular\prerender-root\315140c5-6a4c-4d01-8d38-2240823d0a39\data\admdb.sqlite
[2025-11-06 17:25:10] WARN: Could not read param for rate limit, using default. Error: {}
[2025-11-06 17:25:10] INFO: INI ALAMAT TABLENYA :  D:\Work\Mii\TEMPLATES\ssrtemplates\.angular\prerender-root\cf2c9b88-d94f-4592-92df-d96cef330680\data\admdb.sqlite
[2025-11-06 17:25:10] WARN: Could not read param for rate limit, using default. Error: {}
[2025-11-06 17:25:10] INFO: INI ALAMAT TABLENYA :  D:\Work\Mii\TEMPLATES\ssrtemplates\.angular\prerender-root\a8927af0-972d-4250-b617-af24cc465337\data\admdb.sqlite
[2025-11-06 17:25:10] WARN: Could not read param for rate limit, using default. Error: {}
[2025-11-06 17:25:30] INFO: INI ALAMAT TABLENYA :  D:\Work\Mii\TEMPLATES\ssrtemplates\dist\ssrtemplates\server\data\admdb.sqlite
[2025-11-06 17:25:30] INFO: login limiter max set to 3
[2025-11-06 17:25:30] INFO: Node Express server listening on http://localhost:4000
[2025-11-06 19:40:05] INFO: INI ALAMAT TABLENYA :  D:\Work\Mii\TEMPLATES\ssrtemplates\.angular\prerender-root\10def109-d7d1-431c-b1d1-3acc3a18959f\data\admdb.sqlite
[2025-11-06 19:40:05] WARN: Could not read param for rate limit, using default. Error: {}
[2025-11-06 19:40:05] INFO: Node Express server listening on http://localhost:4000
[2025-11-06 19:40:06] INFO: INI ALAMAT TABLENYA :  D:\Work\Mii\TEMPLATES\ssrtemplates\.angular\prerender-root\7c0170fc-9df9-45fc-93be-16f619fcd0e2\data\admdb.sqlite
[2025-11-06 19:40:06] WARN: Could not read param for rate limit, using default. Error: {}
[2025-11-06 19:40:06] INFO: INI ALAMAT TABLENYA :  D:\Work\Mii\TEMPLATES\ssrtemplates\.angular\prerender-root\4ff1a6d4-e837-4473-90ff-836e023a9206\data\admdb.sqlite
[2025-11-06 19:40:06] WARN: Could not read param for rate limit, using default. Error: {}
[2025-11-06 19:40:06] INFO: INI ALAMAT TABLENYA :  D:\Work\Mii\TEMPLATES\ssrtemplates\.angular\prerender-root\864dd72a-bbcc-46f2-86fa-8b42c61f6599\data\admdb.sqlite
[2025-11-06 19:40:06] WARN: Could not read param for rate limit, using default. Error: {}
[2025-11-06 19:40:06] INFO: Node Express server listening on http://localhost:4000
[2025-11-06 19:40:06] INFO: INI ALAMAT TABLENYA :  D:\Work\Mii\TEMPLATES\ssrtemplates\.angular\prerender-root\9e4cf415-990e-4dde-baad-7684e47fc84d\data\admdb.sqlite
[2025-11-06 19:40:06] WARN: Could not read param for rate limit, using default. Error: {}
[2025-11-06 19:40:19] INFO: INI ALAMAT TABLENYA :  D:\Work\Mii\TEMPLATES\ssrtemplates\dist\ssrtemplates\server\data\admdb.sqlite
[2025-11-06 19:40:19] INFO: login limiter max set to 3
[2025-11-06 19:40:19] INFO: Node Express server listening on http://localhost:4000
[2025-11-06 19:54:10] INFO: INI ALAMAT TABLENYA :  D:\Work\Mii\TEMPLATES\ssrtemplates\.angular\prerender-root\b20037f1-7ec8-41ab-a9b9-05f6080d77e3\data\admdb.sqlite
[2025-11-06 19:54:10] WARN: Could not read param for rate limit, using default. Error: {}
[2025-11-06 19:54:10] INFO: Node Express server listening on http://localhost:4000
[2025-11-06 19:54:11] INFO: INI ALAMAT TABLENYA :  D:\Work\Mii\TEMPLATES\ssrtemplates\.angular\prerender-root\1ef27cd9-5b93-4773-8868-10cef8cfdf87\data\admdb.sqlite
[2025-11-06 19:54:11] WARN: Could not read param for rate limit, using default. Error: {}
[2025-11-06 19:54:11] INFO: INI ALAMAT TABLENYA :  D:\Work\Mii\TEMPLATES\ssrtemplates\.angular\prerender-root\be0674ce-b23d-4451-a9dd-f14025f530d8\data\admdb.sqlite
[2025-11-06 19:54:11] WARN: Could not read param for rate limit, using default. Error: {}
[2025-11-06 19:54:11] INFO: INI ALAMAT TABLENYA :  D:\Work\Mii\TEMPLATES\ssrtemplates\.angular\prerender-root\4e3f0690-723f-47e1-942c-5f9e6a2ffdcb\data\admdb.sqlite
[2025-11-06 19:54:11] WARN: Could not read param for rate limit, using default. Error: {}
[2025-11-06 19:54:11] INFO: Node Express server listening on http://localhost:4000
[2025-11-06 19:54:11] INFO: INI ALAMAT TABLENYA :  D:\Work\Mii\TEMPLATES\ssrtemplates\.angular\prerender-root\86f86953-3e84-48a5-9fc7-ed6fd88b28e7\data\admdb.sqlite
[2025-11-06 19:54:11] WARN: Could not read param for rate limit, using default. Error: {}
[2025-11-06 19:54:31] INFO: INI ALAMAT TABLENYA :  D:\Work\Mii\TEMPLATES\ssrtemplates\dist\ssrtemplates\server\data\admdb.sqlite
[2025-11-06 19:54:31] INFO: login limiter max set to 3
[2025-11-06 19:54:31] INFO: Node Express server listening on http://localhost:4000
[2025-11-06 20:03:52] INFO: INI ALAMAT TABLENYA :  D:\Work\Mii\TEMPLATES\ssrtemplates\dist\ssrtemplates\server\data\admdb.sqlite
[2025-11-06 20:03:52] INFO: login limiter max set to 3
[2025-11-06 20:03:52] INFO: Node Express server listening on http://localhost:4000
[2025-11-06 20:09:54] INFO: INI ALAMAT TABLENYA :  D:\Work\Mii\TEMPLATES\ssrtemplates\.angular\prerender-root\6490d3fa-7152-40b4-961a-b51bc41f376d\data\admdb.sqlite
[2025-11-06 20:09:54] WARN: Could not read param for rate limit, using default. Error: {}
[2025-11-06 20:09:54] INFO: Node Express server listening on http://localhost:4000
[2025-11-06 20:09:56] INFO: INI ALAMAT TABLENYA :  D:\Work\Mii\TEMPLATES\ssrtemplates\.angular\prerender-root\6b43cf50-2bef-49ad-b618-696ff1e847ca\data\admdb.sqlite
[2025-11-06 20:09:56] WARN: Could not read param for rate limit, using default. Error: {}
[2025-11-06 20:09:56] INFO: INI ALAMAT TABLENYA :  D:\Work\Mii\TEMPLATES\ssrtemplates\.angular\prerender-root\be0b8f03-f604-4186-87ae-bc72da4607df\data\admdb.sqlite
[2025-11-06 20:09:56] WARN: Could not read param for rate limit, using default. Error: {}
[2025-11-06 20:09:56] INFO: Node Express server listening on http://localhost:4000
[2025-11-06 20:09:56] INFO: INI ALAMAT TABLENYA :  D:\Work\Mii\TEMPLATES\ssrtemplates\.angular\prerender-root\c6ecd11f-5dce-4005-bcf1-c72bdc547ba2\data\admdb.sqlite
[2025-11-06 20:09:56] WARN: Could not read param for rate limit, using default. Error: {}
[2025-11-06 20:09:56] INFO: INI ALAMAT TABLENYA :  D:\Work\Mii\TEMPLATES\ssrtemplates\.angular\prerender-root\7c15ee92-b7af-41dc-ba57-70bbe823f096\data\admdb.sqlite
[2025-11-06 20:09:56] WARN: Could not read param for rate limit, using default. Error: {}
[2025-11-06 20:10:04] INFO: INI ALAMAT TABLENYA :  D:\Work\Mii\TEMPLATES\ssrtemplates\dist\ssrtemplates\server\data\admdb.sqlite
[2025-11-06 20:10:04] INFO: login limiter max set to 3
[2025-11-06 20:10:04] INFO: Node Express server listening on http://localhost:4000
[2025-11-06 20:13:28] INFO: INI ALAMAT TABLENYA :  D:\Work\Mii\TEMPLATES\ssrtemplates\.angular\prerender-root\65d6573a-b669-4e6d-8459-531c86d5504f\data\admdb.sqlite
[2025-11-06 20:13:28] WARN: Could not read param for rate limit, using default. Error: {}
[2025-11-06 20:13:28] INFO: Node Express server listening on http://localhost:4000
[2025-11-06 20:13:30] INFO: INI ALAMAT TABLENYA :  D:\Work\Mii\TEMPLATES\ssrtemplates\.angular\prerender-root\92774ead-bdce-4a7a-b35a-3356c002b6b0\data\admdb.sqlite
[2025-11-06 20:13:30] WARN: Could not read param for rate limit, using default. Error: {}
[2025-11-06 20:13:30] INFO: Node Express server listening on http://localhost:4000
[2025-11-06 20:13:30] INFO: INI ALAMAT TABLENYA :  D:\Work\Mii\TEMPLATES\ssrtemplates\.angular\prerender-root\7bc02531-6f7e-446e-8dca-e7f7102fafaf\data\admdb.sqlite
[2025-11-06 20:13:30] WARN: Could not read param for rate limit, using default. Error: {}
[2025-11-06 20:13:30] INFO: INI ALAMAT TABLENYA :  D:\Work\Mii\TEMPLATES\ssrtemplates\.angular\prerender-root\b7a65585-76c7-4cff-bc47-619257edfe09\data\admdb.sqlite
[2025-11-06 20:13:30] WARN: Could not read param for rate limit, using default. Error: {}
[2025-11-06 20:13:30] INFO: INI ALAMAT TABLENYA :  D:\Work\Mii\TEMPLATES\ssrtemplates\.angular\prerender-root\f2415d34-a3ec-4f53-8d67-cbe38b62d5a9\data\admdb.sqlite
[2025-11-06 20:13:30] WARN: Could not read param for rate limit, using default. Error: {}
[2025-11-06 20:13:37] INFO: INI ALAMAT TABLENYA :  D:\Work\Mii\TEMPLATES\ssrtemplates\dist\ssrtemplates\server\data\admdb.sqlite
[2025-11-06 20:13:37] INFO: login limiter max set to 3
[2025-11-06 20:13:37] INFO: Node Express server listening on http://localhost:4000
[2025-11-06 20:19:09] INFO: INI ALAMAT TABLENYA :  D:\Work\Mii\TEMPLATES\ssrtemplates\.angular\prerender-root\95265545-321d-4941-bf58-ffa8e2ecbd7a\data\admdb.sqlite
[2025-11-06 20:19:09] WARN: Could not read param for rate limit, using default. Error: {}
[2025-11-06 20:19:09] INFO: Node Express server listening on http://localhost:4000
[2025-11-06 20:19:10] INFO: INI ALAMAT TABLENYA :  D:\Work\Mii\TEMPLATES\ssrtemplates\.angular\prerender-root\691ff19a-ad68-423b-a684-1043c52a16d8\data\admdb.sqlite
[2025-11-06 20:19:10] INFO: INI ALAMAT TABLENYA :  D:\Work\Mii\TEMPLATES\ssrtemplates\.angular\prerender-root\7234af70-acab-45b1-82fa-a804c3324483\data\admdb.sqlite
[2025-11-06 20:19:10] WARN: Could not read param for rate limit, using default. Error: {}
[2025-11-06 20:19:10] WARN: Could not read param for rate limit, using default. Error: {}
[2025-11-06 20:19:10] INFO: Node Express server listening on http://localhost:4000
[2025-11-06 20:19:10] INFO: INI ALAMAT TABLENYA :  D:\Work\Mii\TEMPLATES\ssrtemplates\.angular\prerender-root\b50ef20c-154d-45ce-adf4-46d5d8e978bd\data\admdb.sqlite
[2025-11-06 20:19:10] WARN: Could not read param for rate limit, using default. Error: {}
[2025-11-06 20:19:10] INFO: INI ALAMAT TABLENYA :  D:\Work\Mii\TEMPLATES\ssrtemplates\.angular\prerender-root\d5cf725f-f1b4-42b7-b9b9-348feeeb9c96\data\admdb.sqlite
[2025-11-06 20:19:10] WARN: Could not read param for rate limit, using default. Error: {}
[2025-11-06 20:19:18] INFO: INI ALAMAT TABLENYA :  D:\Work\Mii\TEMPLATES\ssrtemplates\dist\ssrtemplates\server\data\admdb.sqlite
[2025-11-06 20:19:18] INFO: login limiter max set to 3
[2025-11-06 20:19:18] INFO: Node Express server listening on http://localhost:4000
[2025-11-06 20:20:21] INFO: INI ALAMAT TABLENYA :  D:\Work\Mii\TEMPLATES\ssrtemplates\.angular\prerender-root\004ef0ab-657b-4246-8d77-52eb59a4ed83\data\admdb.sqlite
[2025-11-06 20:20:21] WARN: Could not read param for rate limit, using default. Error: {}
[2025-11-06 20:20:21] INFO: Node Express server listening on http://localhost:4000
[2025-11-06 20:20:23] INFO: INI ALAMAT TABLENYA :  D:\Work\Mii\TEMPLATES\ssrtemplates\.angular\prerender-root\c5666030-9f69-465f-87c5-742366200815\data\admdb.sqlite
[2025-11-06 20:20:23] WARN: Could not read param for rate limit, using default. Error: {}
[2025-11-06 20:20:23] INFO: INI ALAMAT TABLENYA :  D:\Work\Mii\TEMPLATES\ssrtemplates\.angular\prerender-root\6fcedb3f-7f74-4364-b796-83352097058e\data\admdb.sqlite
[2025-11-06 20:20:23] WARN: Could not read param for rate limit, using default. Error: {}
[2025-11-06 20:20:23] INFO: Node Express server listening on http://localhost:4000
[2025-11-06 20:20:23] INFO: INI ALAMAT TABLENYA :  D:\Work\Mii\TEMPLATES\ssrtemplates\.angular\prerender-root\568c673f-7cbc-44e3-87c6-c36162dbd263\data\admdb.sqlite
[2025-11-06 20:20:23] WARN: Could not read param for rate limit, using default. Error: {}
[2025-11-06 20:20:23] INFO: INI ALAMAT TABLENYA :  D:\Work\Mii\TEMPLATES\ssrtemplates\.angular\prerender-root\710cb189-2f2f-4fe7-a550-88458250574d\data\admdb.sqlite
[2025-11-06 20:20:23] WARN: Could not read param for rate limit, using default. Error: {}
[2025-11-06 20:20:55] INFO: INI ALAMAT TABLENYA :  D:\Work\Mii\TEMPLATES\ssrtemplates\dist\ssrtemplates\server\data\admdb.sqlite
[2025-11-06 20:20:55] INFO: login limiter max set to 3
[2025-11-06 20:20:55] INFO: Node Express server listening on http://localhost:4000
[2025-11-06 20:25:22] INFO: INI ALAMAT TABLENYA :  D:\Work\Mii\TEMPLATES\ssrtemplates\.angular\prerender-root\7fe1443e-d218-4492-8b34-5ffbf902b9bb\data\admdb.sqlite
[2025-11-06 20:25:22] WARN: Could not read param for rate limit, using default. Error: {}
[2025-11-06 20:25:22] INFO: Node Express server listening on http://localhost:4000
[2025-11-06 20:25:26] INFO: INI ALAMAT TABLENYA :  D:\Work\Mii\TEMPLATES\ssrtemplates\.angular\prerender-root\dff72e6d-4c3a-4abf-baaf-9e4d7581622d\data\admdb.sqlite
[2025-11-06 20:25:26] WARN: Could not read param for rate limit, using default. Error: {}
[2025-11-06 20:25:26] INFO: Node Express server listening on http://localhost:4000
[2025-11-06 20:25:26] INFO: INI ALAMAT TABLENYA :  D:\Work\Mii\TEMPLATES\ssrtemplates\.angular\prerender-root\44d4c294-d375-4d83-a7ec-daf0384ef13f\data\admdb.sqlite
[2025-11-06 20:25:26] WARN: Could not read param for rate limit, using default. Error: {}
[2025-11-06 20:25:26] INFO: INI ALAMAT TABLENYA :  D:\Work\Mii\TEMPLATES\ssrtemplates\.angular\prerender-root\1ef6c359-0304-4a06-be13-e5e0b1a686ba\data\admdb.sqlite
[2025-11-06 20:25:26] WARN: Could not read param for rate limit, using default. Error: {}
[2025-11-06 20:25:26] INFO: INI ALAMAT TABLENYA :  D:\Work\Mii\TEMPLATES\ssrtemplates\.angular\prerender-root\6ce5adc1-73b7-470e-b0ce-364ee5d41dcd\data\admdb.sqlite
[2025-11-06 20:25:26] WARN: Could not read param for rate limit, using default. Error: {}
[2025-11-06 20:25:36] INFO: INI ALAMAT TABLENYA :  D:\Work\Mii\TEMPLATES\ssrtemplates\dist\ssrtemplates\server\data\admdb.sqlite
[2025-11-06 20:25:36] INFO: login limiter max set to 3
[2025-11-06 20:25:36] INFO: Node Express server listening on http://localhost:4000
[2025-11-06 20:33:14] INFO: INI ALAMAT TABLENYA :  D:\Work\Mii\TEMPLATES\ssrtemplates\.angular\prerender-root\8c18fe62-543b-4b79-9577-1d150b4c9dff\data\admdb.sqlite
[2025-11-06 20:33:14] WARN: Could not read param for rate limit, using default. Error: {}
[2025-11-06 20:33:14] INFO: Node Express server listening on http://localhost:4000
[2025-11-06 20:33:15] INFO: INI ALAMAT TABLENYA :  D:\Work\Mii\TEMPLATES\ssrtemplates\.angular\prerender-root\7f8a79ce-6be0-410e-8f7b-2529b6b63376\data\admdb.sqlite
[2025-11-06 20:33:15] WARN: Could not read param for rate limit, using default. Error: {}
[2025-11-06 20:33:15] INFO: INI ALAMAT TABLENYA :  D:\Work\Mii\TEMPLATES\ssrtemplates\.angular\prerender-root\b1869ddf-e254-4a89-8afa-745ed0653803\data\admdb.sqlite
[2025-11-06 20:33:15] WARN: Could not read param for rate limit, using default. Error: {}
[2025-11-06 20:33:15] INFO: Node Express server listening on http://localhost:4000
[2025-11-06 20:33:15] INFO: INI ALAMAT TABLENYA :  D:\Work\Mii\TEMPLATES\ssrtemplates\.angular\prerender-root\d18cb149-ade6-4c80-a3bb-4e09689461c6\data\admdb.sqlite
[2025-11-06 20:33:15] WARN: Could not read param for rate limit, using default. Error: {}
[2025-11-06 20:33:15] INFO: INI ALAMAT TABLENYA :  D:\Work\Mii\TEMPLATES\ssrtemplates\.angular\prerender-root\d60c5fe1-30d0-4ca8-9a4a-60575eb6ff15\data\admdb.sqlite
[2025-11-06 20:33:15] WARN: Could not read param for rate limit, using default. Error: {}
[2025-11-06 20:33:39] INFO: INI ALAMAT TABLENYA :  D:\Work\Mii\TEMPLATES\ssrtemplates\.angular\prerender-root\346451af-70d2-4675-a789-5a49bddaf2bc\data\admdb.sqlite
[2025-11-06 20:33:39] WARN: Could not read param for rate limit, using default. Error: {}
[2025-11-06 20:33:39] INFO: Node Express server listening on http://localhost:4000
[2025-11-06 20:33:41] INFO: INI ALAMAT TABLENYA :  D:\Work\Mii\TEMPLATES\ssrtemplates\.angular\prerender-root\082bb857-faec-464d-a3a0-990cf42e0835\data\admdb.sqlite
[2025-11-06 20:33:41] WARN: Could not read param for rate limit, using default. Error: {}
[2025-11-06 20:33:41] INFO: Node Express server listening on http://localhost:4000
[2025-11-06 20:33:41] INFO: INI ALAMAT TABLENYA :  D:\Work\Mii\TEMPLATES\ssrtemplates\.angular\prerender-root\beca958b-f9e1-4440-a230-d38f57e4d4a4\data\admdb.sqlite
[2025-11-06 20:33:41] WARN: Could not read param for rate limit, using default. Error: {}
[2025-11-06 20:33:41] INFO: INI ALAMAT TABLENYA :  D:\Work\Mii\TEMPLATES\ssrtemplates\.angular\prerender-root\7b4057db-7aa2-437b-8533-2ffec6131693\data\admdb.sqlite
[2025-11-06 20:33:41] WARN: Could not read param for rate limit, using default. Error: {}
[2025-11-06 20:33:41] INFO: INI ALAMAT TABLENYA :  D:\Work\Mii\TEMPLATES\ssrtemplates\.angular\prerender-root\ec483f13-5a49-47a8-9a39-07ff4841abc0\data\admdb.sqlite
[2025-11-06 20:33:41] WARN: Could not read param for rate limit, using default. Error: {}
[2025-11-06 20:33:51] INFO: INI ALAMAT TABLENYA :  D:\Work\Mii\TEMPLATES\ssrtemplates\dist\ssrtemplates\server\data\admdb.sqlite
[2025-11-06 20:33:51] INFO: login limiter max set to 3
[2025-11-06 20:33:51] INFO: Node Express server listening on http://localhost:4000
[2025-11-06 20:39:07] INFO: INI ALAMAT TABLENYA :  D:\Work\Mii\TEMPLATES\ssrtemplates\dist\ssrtemplates\server\data\admdb.sqlite
[2025-11-06 20:39:07] INFO: login limiter max set to 3
[2025-11-06 20:39:07] INFO: Node Express server listening on http://localhost:4000
[2025-11-06 20:42:31] INFO: INI ALAMAT TABLENYA :  D:\Work\Mii\TEMPLATES\ssrtemplates\.angular\prerender-root\6ef1f2f7-4c71-4444-a9c8-5244ebbc5a71\data\admdb.sqlite
[2025-11-06 20:42:32] WARN: Could not read param for rate limit, using default. Error: {}
[2025-11-06 20:42:32] INFO: Node Express server listening on http://localhost:4000
[2025-11-06 20:42:36] INFO: INI ALAMAT TABLENYA :  D:\Work\Mii\TEMPLATES\ssrtemplates\.angular\prerender-root\88db978c-a9d1-46b2-ab1d-5f6700a08d4e\data\admdb.sqlite
[2025-11-06 20:42:36] WARN: Could not read param for rate limit, using default. Error: {}
[2025-11-06 20:42:36] INFO: Node Express server listening on http://localhost:4000
[2025-11-06 20:42:36] INFO: INI ALAMAT TABLENYA :  D:\Work\Mii\TEMPLATES\ssrtemplates\.angular\prerender-root\e77c83fd-a68b-4a06-ae91-d519bcddde67\data\admdb.sqlite
[2025-11-06 20:42:36] WARN: Could not read param for rate limit, using default. Error: {}
[2025-11-06 20:42:36] INFO: INI ALAMAT TABLENYA :  D:\Work\Mii\TEMPLATES\ssrtemplates\.angular\prerender-root\09a01ac8-1061-403b-960c-20f213d4bafe\data\admdb.sqlite
[2025-11-06 20:42:36] WARN: Could not read param for rate limit, using default. Error: {}
[2025-11-06 20:42:36] INFO: INI ALAMAT TABLENYA :  D:\Work\Mii\TEMPLATES\ssrtemplates\.angular\prerender-root\c01843a5-1e8a-4890-97fb-51dae62b4838\data\admdb.sqlite
[2025-11-06 20:42:36] WARN: Could not read param for rate limit, using default. Error: {}
[2025-11-06 20:42:45] INFO: INI ALAMAT TABLENYA :  D:\Work\Mii\TEMPLATES\ssrtemplates\dist\ssrtemplates\server\data\admdb.sqlite
[2025-11-06 20:42:45] INFO: login limiter max set to 3
[2025-11-06 20:42:45] INFO: Node Express server listening on http://localhost:4000
[2025-11-06 20:44:34] INFO: INI ALAMAT TABLENYA :  D:\Work\Mii\TEMPLATES\ssrtemplates\.angular\prerender-root\2bfd8963-8847-40c8-95d0-3df87184646a\data\admdb.sqlite
[2025-11-06 20:44:34] WARN: Could not read param for rate limit, using default. Error: {}
[2025-11-06 20:44:34] INFO: Node Express server listening on http://localhost:4000
[2025-11-06 20:44:36] INFO: INI ALAMAT TABLENYA :  D:\Work\Mii\TEMPLATES\ssrtemplates\.angular\prerender-root\df916405-6a78-487d-bf55-3667f8ea3b23\data\admdb.sqlite
[2025-11-06 20:44:36] WARN: Could not read param for rate limit, using default. Error: {}
[2025-11-06 20:44:36] INFO: Node Express server listening on http://localhost:4000
[2025-11-06 20:44:36] INFO: INI ALAMAT TABLENYA :  D:\Work\Mii\TEMPLATES\ssrtemplates\.angular\prerender-root\4ebdfb06-edb6-44ae-aad4-d813827af544\data\admdb.sqlite
[2025-11-06 20:44:36] WARN: Could not read param for rate limit, using default. Error: {}
[2025-11-06 20:44:36] INFO: INI ALAMAT TABLENYA :  D:\Work\Mii\TEMPLATES\ssrtemplates\.angular\prerender-root\e5a246da-e54d-4212-ba66-4e8947b85e65\data\admdb.sqlite
[2025-11-06 20:44:36] WARN: Could not read param for rate limit, using default. Error: {}
[2025-11-06 20:44:36] INFO: INI ALAMAT TABLENYA :  D:\Work\Mii\TEMPLATES\ssrtemplates\.angular\prerender-root\b9ac67ce-fbc5-425e-ba65-ead362875467\data\admdb.sqlite
[2025-11-06 20:44:36] WARN: Could not read param for rate limit, using default. Error: {}
[2025-11-06 20:44:45] INFO: INI ALAMAT TABLENYA :  D:\Work\Mii\TEMPLATES\ssrtemplates\dist\ssrtemplates\server\data\admdb.sqlite
[2025-11-06 20:44:45] INFO: login limiter max set to 3
[2025-11-06 20:44:45] INFO: Node Express server listening on http://localhost:4000
[2025-11-06 20:45:15] INFO: INI ALAMAT TABLENYA :  D:\Work\Mii\TEMPLATES\ssrtemplates\.angular\prerender-root\418445bd-efcb-45b6-9527-4b5b224c45f7\data\admdb.sqlite
[2025-11-06 20:45:15] WARN: Could not read param for rate limit, using default. Error: {}
[2025-11-06 20:45:15] INFO: Node Express server listening on http://localhost:4000
[2025-11-06 20:45:17] INFO: INI ALAMAT TABLENYA :  D:\Work\Mii\TEMPLATES\ssrtemplates\.angular\prerender-root\a5794a02-fa7c-4600-9a0f-f2941193c2dc\data\admdb.sqlite
[2025-11-06 20:45:17] WARN: Could not read param for rate limit, using default. Error: {}
[2025-11-06 20:45:17] INFO: INI ALAMAT TABLENYA :  D:\Work\Mii\TEMPLATES\ssrtemplates\.angular\prerender-root\8a352904-41d6-405a-89e6-722fea21cfe3\data\admdb.sqlite
[2025-11-06 20:45:17] WARN: Could not read param for rate limit, using default. Error: {}
[2025-11-06 20:45:17] INFO: INI ALAMAT TABLENYA :  D:\Work\Mii\TEMPLATES\ssrtemplates\.angular\prerender-root\3ff3ff37-8eb1-408d-8ef6-177d4a1d102f\data\admdb.sqlite
[2025-11-06 20:45:17] WARN: Could not read param for rate limit, using default. Error: {}
[2025-11-06 20:45:17] INFO: Node Express server listening on http://localhost:4000
[2025-11-06 20:45:17] INFO: INI ALAMAT TABLENYA :  D:\Work\Mii\TEMPLATES\ssrtemplates\.angular\prerender-root\e065338f-12c7-4a7a-aa47-e843fd9d5820\data\admdb.sqlite
[2025-11-06 20:45:17] WARN: Could not read param for rate limit, using default. Error: {}
[2025-11-06 20:45:25] INFO: INI ALAMAT TABLENYA :  D:\Work\Mii\TEMPLATES\ssrtemplates\dist\ssrtemplates\server\data\admdb.sqlite
[2025-11-06 20:45:25] INFO: login limiter max set to 3
[2025-11-06 20:45:25] INFO: Node Express server listening on http://localhost:4000
[2025-11-06 20:48:47] INFO: INI ALAMAT TABLENYA :  D:\Work\Mii\TEMPLATES\ssrtemplates\.angular\prerender-root\67a048d4-c482-43bc-84da-6f71e723cf28\data\admdb.sqlite
[2025-11-06 20:48:47] WARN: Could not read param for rate limit, using default. Error: {}
[2025-11-06 20:48:47] INFO: Node Express server listening on http://localhost:4000
[2025-11-06 20:48:49] INFO: INI ALAMAT TABLENYA :  D:\Work\Mii\TEMPLATES\ssrtemplates\.angular\prerender-root\a7a2db95-286f-4398-a6e6-aff73d760498\data\admdb.sqlite
[2025-11-06 20:48:49] WARN: Could not read param for rate limit, using default. Error: {}
[2025-11-06 20:48:49] INFO: Node Express server listening on http://localhost:4000
[2025-11-06 20:48:49] INFO: INI ALAMAT TABLENYA :  D:\Work\Mii\TEMPLATES\ssrtemplates\.angular\prerender-root\20b7e696-dc37-4ce3-9fed-ae88838911bd\data\admdb.sqlite
[2025-11-06 20:48:49] WARN: Could not read param for rate limit, using default. Error: {}
[2025-11-06 20:48:49] INFO: INI ALAMAT TABLENYA :  D:\Work\Mii\TEMPLATES\ssrtemplates\.angular\prerender-root\6f06d069-5397-45c5-8aaa-d57c5be8696f\data\admdb.sqlite
[2025-11-06 20:48:49] WARN: Could not read param for rate limit, using default. Error: {}
[2025-11-06 20:48:49] INFO: INI ALAMAT TABLENYA :  D:\Work\Mii\TEMPLATES\ssrtemplates\.angular\prerender-root\5e131194-9452-4160-90e5-593360b940f7\data\admdb.sqlite
[2025-11-06 20:48:49] WARN: Could not read param for rate limit, using default. Error: {}
[2025-11-06 20:48:58] INFO: INI ALAMAT TABLENYA :  D:\Work\Mii\TEMPLATES\ssrtemplates\dist\ssrtemplates\server\data\admdb.sqlite
[2025-11-06 20:48:58] INFO: login limiter max set to 3
[2025-11-06 20:48:58] INFO: Node Express server listening on http://localhost:4000
[2025-11-06 20:50:05] INFO: INI ALAMAT TABLENYA :  D:\Work\Mii\TEMPLATES\ssrtemplates\.angular\prerender-root\ea903200-69a2-400b-8e88-de3d7f12d14f\data\admdb.sqlite
[2025-11-06 20:50:05] WARN: Could not read param for rate limit, using default. Error: {}
[2025-11-06 20:50:05] INFO: Node Express server listening on http://localhost:4000
[2025-11-06 20:50:07] INFO: INI ALAMAT TABLENYA :  D:\Work\Mii\TEMPLATES\ssrtemplates\.angular\prerender-root\874e0033-c7ec-4d9f-9455-7c303ef669db\data\admdb.sqlite
[2025-11-06 20:50:07] WARN: Could not read param for rate limit, using default. Error: {}
[2025-11-06 20:50:07] INFO: Node Express server listening on http://localhost:4000
[2025-11-06 20:50:07] INFO: INI ALAMAT TABLENYA :  D:\Work\Mii\TEMPLATES\ssrtemplates\.angular\prerender-root\7baca4c3-c3a6-422f-92bb-6ed9d823b50c\data\admdb.sqlite
[2025-11-06 20:50:07] WARN: Could not read param for rate limit, using default. Error: {}
[2025-11-06 20:50:07] INFO: INI ALAMAT TABLENYA :  D:\Work\Mii\TEMPLATES\ssrtemplates\.angular\prerender-root\23766b0d-2a4b-42e9-b58b-b255f04a5f9f\data\admdb.sqlite
[2025-11-06 20:50:07] WARN: Could not read param for rate limit, using default. Error: {}
[2025-11-06 20:50:07] INFO: INI ALAMAT TABLENYA :  D:\Work\Mii\TEMPLATES\ssrtemplates\.angular\prerender-root\f57ab2cb-5a39-4827-8ef5-e376b2fd0940\data\admdb.sqlite
[2025-11-06 20:50:07] WARN: Could not read param for rate limit, using default. Error: {}
[2025-11-06 20:50:14] INFO: INI ALAMAT TABLENYA :  D:\Work\Mii\TEMPLATES\ssrtemplates\dist\ssrtemplates\server\data\admdb.sqlite
[2025-11-06 20:50:14] INFO: login limiter max set to 3
[2025-11-06 20:50:14] INFO: Node Express server listening on http://localhost:4000
[2025-11-06 20:53:00] INFO: INI ALAMAT TABLENYA :  D:\Work\Mii\TEMPLATES\ssrtemplates\.angular\prerender-root\727b377e-cd4e-46b5-b0ac-d1cc475cb774\data\admdb.sqlite
[2025-11-06 20:53:00] WARN: Could not read param for rate limit, using default. Error: {}
[2025-11-06 20:53:00] INFO: Node Express server listening on http://localhost:4000
[2025-11-06 20:53:01] INFO: INI ALAMAT TABLENYA :  D:\Work\Mii\TEMPLATES\ssrtemplates\.angular\prerender-root\3f7c5e7c-546d-41e7-8950-527bed0fb9e3\data\admdb.sqlite
[2025-11-06 20:53:01] WARN: Could not read param for rate limit, using default. Error: {}
[2025-11-06 20:53:01] INFO: Node Express server listening on http://localhost:4000
[2025-11-06 20:53:01] INFO: INI ALAMAT TABLENYA :  D:\Work\Mii\TEMPLATES\ssrtemplates\.angular\prerender-root\397c750b-e065-4812-a7e2-3cffc26dd96d\data\admdb.sqlite
[2025-11-06 20:53:01] WARN: Could not read param for rate limit, using default. Error: {}
[2025-11-06 20:53:01] INFO: INI ALAMAT TABLENYA :  D:\Work\Mii\TEMPLATES\ssrtemplates\.angular\prerender-root\6f78584e-35e4-4954-b8eb-b32c4ceb9222\data\admdb.sqlite
[2025-11-06 20:53:01] WARN: Could not read param for rate limit, using default. Error: {}
[2025-11-06 20:53:01] INFO: INI ALAMAT TABLENYA :  D:\Work\Mii\TEMPLATES\ssrtemplates\.angular\prerender-root\8936794c-0ce4-4f13-b0f0-535f261b87d1\data\admdb.sqlite
[2025-11-06 20:53:01] WARN: Could not read param for rate limit, using default. Error: {}
[2025-11-06 20:53:09] INFO: INI ALAMAT TABLENYA :  D:\Work\Mii\TEMPLATES\ssrtemplates\dist\ssrtemplates\server\data\admdb.sqlite
[2025-11-06 20:53:09] INFO: login limiter max set to 3
[2025-11-06 20:53:09] INFO: Node Express server listening on http://localhost:4000
[2025-11-06 21:28:09] INFO: INI ALAMAT TABLENYA :  D:\Work\Mii\TEMPLATES\ssrtemplates\.angular\prerender-root\440ea575-2c3e-40d2-bc75-9892c409db0c\data\admdb.sqlite
[2025-11-06 21:28:09] WARN: Could not read param for rate limit, using default. Error: {}
[2025-11-06 21:28:09] INFO: Node Express server listening on http://localhost:4000
[2025-11-06 21:28:11] INFO: INI ALAMAT TABLENYA :  D:\Work\Mii\TEMPLATES\ssrtemplates\.angular\prerender-root\7e24351b-e0bd-4bfa-9425-d28f43873db1\data\admdb.sqlite
[2025-11-06 21:28:11] WARN: Could not read param for rate limit, using default. Error: {}
[2025-11-06 21:28:11] INFO: Node Express server listening on http://localhost:4000
[2025-11-06 21:28:11] INFO: INI ALAMAT TABLENYA :  D:\Work\Mii\TEMPLATES\ssrtemplates\.angular\prerender-root\428dd15c-667c-47a0-93ea-1e606c690ba3\data\admdb.sqlite
[2025-11-06 21:28:11] WARN: Could not read param for rate limit, using default. Error: {}
[2025-11-06 21:28:11] INFO: INI ALAMAT TABLENYA :  D:\Work\Mii\TEMPLATES\ssrtemplates\.angular\prerender-root\1d539bfa-2875-421d-abe4-c961bc37e4fc\data\admdb.sqlite
[2025-11-06 21:28:11] WARN: Could not read param for rate limit, using default. Error: {}
[2025-11-06 21:28:11] INFO: INI ALAMAT TABLENYA :  D:\Work\Mii\TEMPLATES\ssrtemplates\.angular\prerender-root\9243b3c8-d5fc-4c78-b289-a591ca749a9d\data\admdb.sqlite
[2025-11-06 21:28:11] WARN: Could not read param for rate limit, using default. Error: {}
[2025-11-06 21:28:19] INFO: INI ALAMAT TABLENYA :  D:\Work\Mii\TEMPLATES\ssrtemplates\dist\ssrtemplates\server\data\admdb.sqlite
[2025-11-06 21:28:19] INFO: login limiter max set to 3
[2025-11-06 21:28:19] INFO: Node Express server listening on http://localhost:4000
