[2025-10-03 15:57:11] INFO: INI ALAMAT TABLENYA :  D:\Work\Mii\TEMPLATES\ssrtemplates\dist\ssrtemplates\server\data\admdb.sqlite
[2025-10-03 15:58:20] INFO: Hasil dari param di cookie  {"id":13,"paramgroup":"GENERAL","paramkey":"cookietime","paramvalue":"15m"}
[2025-10-03 15:58:20] INFO: Hasil dari param di cookie  {"id":13,"paramgroup":"GENERAL","paramkey":"cookietime","paramvalue":"15m"}
[2025-10-03 16:00:58] INFO: INI ALAMAT TABLENYA :  D:\Work\Mii\TEMPLATES\ssrtemplates\dist\ssrtemplates\server\data\admdb.sqlite
[2025-10-03 16:32:08] INFO: INI ALAMAT TABLENYA :  D:\Work\Mii\TEMPLATES\ssrtemplates\.angular\prerender-root\07f4a20d-c757-4fe9-adda-ac210e69490e\data\admdb.sqlite
[2025-10-03 16:32:12] INFO: INI ALAMAT TABLENYA :  D:\Work\Mii\TEMPLATES\ssrtemplates\.angular\prerender-root\22de0f23-152d-48f6-bca7-00dbdc1d294d\data\admdb.sqlite
[2025-10-03 16:32:12] INFO: INI ALAMAT TABLENYA :  D:\Work\Mii\TEMPLATES\ssrtemplates\.angular\prerender-root\8dbe1da7-b2a6-486e-a58a-c43cdc718f69\data\admdb.sqlite
[2025-10-03 16:32:12] INFO: INI ALAMAT TABLENYA :  D:\Work\Mii\TEMPLATES\ssrtemplates\.angular\prerender-root\b6fa7fce-fe33-4077-8294-f78ebd040e38\data\admdb.sqlite
[2025-10-03 16:32:12] INFO: INI ALAMAT TABLENYA :  D:\Work\Mii\TEMPLATES\ssrtemplates\.angular\prerender-root\25b415c2-9369-47a7-9d57-969bbad8056b\data\admdb.sqlite
[2025-10-03 16:32:40] INFO: INI ALAMAT TABLENYA :  D:\Work\Mii\TEMPLATES\ssrtemplates\dist\ssrtemplates\server\data\admdb.sqlite
[2025-10-03 16:34:05] INFO: INI ALAMAT TABLENYA :  D:\Work\Mii\TEMPLATES\ssrtemplates\.angular\prerender-root\d94fbecb-0132-4444-99c8-b23ebcb6343e\data\admdb.sqlite
[2025-10-03 16:34:07] INFO: INI ALAMAT TABLENYA :  D:\Work\Mii\TEMPLATES\ssrtemplates\.angular\prerender-root\70973a5e-de23-4820-af0d-ce33363098a5\data\admdb.sqlite
[2025-10-03 16:34:07] INFO: INI ALAMAT TABLENYA :  D:\Work\Mii\TEMPLATES\ssrtemplates\.angular\prerender-root\8891aa94-0e47-4222-aad9-04419e4c30c1\data\admdb.sqlite
[2025-10-03 16:34:07] INFO: INI ALAMAT TABLENYA :  D:\Work\Mii\TEMPLATES\ssrtemplates\.angular\prerender-root\9ee3cd1e-4253-477c-adde-cdeb0720efd0\data\admdb.sqlite
[2025-10-03 16:34:07] INFO: INI ALAMAT TABLENYA :  D:\Work\Mii\TEMPLATES\ssrtemplates\.angular\prerender-root\ee50f220-8adb-40a0-b2b4-7edab8ab17d2\data\admdb.sqlite
[2025-10-03 16:34:17] INFO: INI ALAMAT TABLENYA :  D:\Work\Mii\TEMPLATES\ssrtemplates\dist\ssrtemplates\server\data\admdb.sqlite
[2025-10-03 16:34:22] INFO: Hasil dari param di cookie  {"id":13,"paramgroup":"GENERAL","paramkey":"cookietime","paramvalue":"15m"}
[2025-10-03 16:34:22] INFO: Hasil dari param di cookie  {"id":13,"paramgroup":"GENERAL","paramkey":"cookietime","paramvalue":"15m"}
[2025-10-03 16:35:08] INFO: INI ALAMAT TABLENYA :  D:\Work\Mii\TEMPLATES\ssrtemplates\.angular\prerender-root\9832bd64-dd8f-4e83-b1a1-ad485e89b62e\data\admdb.sqlite
[2025-10-03 16:35:10] INFO: INI ALAMAT TABLENYA :  D:\Work\Mii\TEMPLATES\ssrtemplates\.angular\prerender-root\889d365c-4c3b-41c4-a89e-bf8d1b4ea560\data\admdb.sqlite
[2025-10-03 16:35:10] INFO: INI ALAMAT TABLENYA :  D:\Work\Mii\TEMPLATES\ssrtemplates\.angular\prerender-root\a1d5b585-527c-47c7-b9ff-fbf5804d4569\data\admdb.sqlite
[2025-10-03 16:35:10] INFO: INI ALAMAT TABLENYA :  D:\Work\Mii\TEMPLATES\ssrtemplates\.angular\prerender-root\c09b65c7-9cae-4fbd-bb0c-9ff79ec249d6\data\admdb.sqlite
[2025-10-03 16:35:10] INFO: INI ALAMAT TABLENYA :  D:\Work\Mii\TEMPLATES\ssrtemplates\.angular\prerender-root\8ce68405-0471-4395-a55e-4468717ba392\data\admdb.sqlite
[2025-10-03 16:35:26] INFO: INI ALAMAT TABLENYA :  D:\Work\Mii\TEMPLATES\ssrtemplates\dist\ssrtemplates\server\data\admdb.sqlite
[2025-10-03 16:38:50] INFO: INI ALAMAT TABLENYA :  D:\Work\Mii\TEMPLATES\ssrtemplates\.angular\prerender-root\e205bfd1-7d78-4d02-95a7-e05055496a79\data\admdb.sqlite
[2025-10-03 16:38:52] INFO: INI ALAMAT TABLENYA :  D:\Work\Mii\TEMPLATES\ssrtemplates\.angular\prerender-root\0476083f-f5e5-4966-8a18-d3d1edbebcad\data\admdb.sqlite
[2025-10-03 16:38:52] INFO: INI ALAMAT TABLENYA :  D:\Work\Mii\TEMPLATES\ssrtemplates\.angular\prerender-root\e163b386-3570-4d99-bbc5-6bbd741ebdda\data\admdb.sqlite
[2025-10-03 16:38:52] INFO: INI ALAMAT TABLENYA :  D:\Work\Mii\TEMPLATES\ssrtemplates\.angular\prerender-root\24c3b9dd-d6f7-4da1-8fbb-dfcd32db02a4\data\admdb.sqlite
[2025-10-03 16:38:52] INFO: INI ALAMAT TABLENYA :  D:\Work\Mii\TEMPLATES\ssrtemplates\.angular\prerender-root\51886c11-698d-4073-8845-030942b6b416\data\admdb.sqlite
[2025-10-03 16:39:01] INFO: INI ALAMAT TABLENYA :  D:\Work\Mii\TEMPLATES\ssrtemplates\dist\ssrtemplates\server\data\admdb.sqlite
[2025-10-03 16:39:14] INFO: Hasil dari param di cookie  {"id":13,"paramgroup":"GENERAL","paramkey":"cookietime","paramvalue":"15m"}
[2025-10-03 16:39:14] INFO: Hasil dari param di cookie  {"id":13,"paramgroup":"GENERAL","paramkey":"cookietime","paramvalue":"15m"}
[2025-10-03 16:46:07] INFO: INI ALAMAT TABLENYA :  D:\Work\Mii\TEMPLATES\ssrtemplates\.angular\prerender-root\66eb0cd5-4f85-486e-b5cc-9827fafa6943\data\admdb.sqlite
[2025-10-03 16:46:10] INFO: INI ALAMAT TABLENYA :  D:\Work\Mii\TEMPLATES\ssrtemplates\.angular\prerender-root\59fc31da-b9e3-491e-99bc-a8ec9156f12d\data\admdb.sqlite
[2025-10-03 16:46:10] INFO: INI ALAMAT TABLENYA :  D:\Work\Mii\TEMPLATES\ssrtemplates\.angular\prerender-root\c532b37f-3a3d-4898-b5ed-3101546c1a6d\data\admdb.sqlite
[2025-10-03 16:46:10] INFO: INI ALAMAT TABLENYA :  D:\Work\Mii\TEMPLATES\ssrtemplates\.angular\prerender-root\859b4608-ab27-4c58-8ba4-a9b4e94854f9\data\admdb.sqlite
[2025-10-03 16:46:10] INFO: INI ALAMAT TABLENYA :  D:\Work\Mii\TEMPLATES\ssrtemplates\.angular\prerender-root\bedcdcdf-558b-41c9-a692-599acd49dbf5\data\admdb.sqlite
[2025-10-03 16:46:20] INFO: INI ALAMAT TABLENYA :  D:\Work\Mii\TEMPLATES\ssrtemplates\dist\ssrtemplates\server\data\admdb.sqlite
[2025-10-03 16:46:28] INFO: Login response  {"code":20400,"message":"Incorrect Username and Password!","data":null}
[2025-10-03 16:48:14] INFO: Login response  {"code":20400,"message":"Incorrect Username and Password!","data":null}
[2025-10-03 16:49:12] INFO: INI ALAMAT TABLENYA :  D:\Work\Mii\TEMPLATES\ssrtemplates\.angular\prerender-root\242c6912-3557-4e6d-95fd-6478237326e3\data\admdb.sqlite
[2025-10-03 16:49:15] INFO: INI ALAMAT TABLENYA :  D:\Work\Mii\TEMPLATES\ssrtemplates\.angular\prerender-root\41d04bc4-0886-426e-900d-1f38829eed4c\data\admdb.sqlite
[2025-10-03 16:49:15] INFO: INI ALAMAT TABLENYA :  D:\Work\Mii\TEMPLATES\ssrtemplates\.angular\prerender-root\61f458a2-2726-470b-893a-9c1514b5236f\data\admdb.sqlite
[2025-10-03 16:49:15] INFO: INI ALAMAT TABLENYA :  D:\Work\Mii\TEMPLATES\ssrtemplates\.angular\prerender-root\25772299-f28a-43bb-96bb-e31ef9e57ce9\data\admdb.sqlite
[2025-10-03 16:49:15] INFO: INI ALAMAT TABLENYA :  D:\Work\Mii\TEMPLATES\ssrtemplates\.angular\prerender-root\e4e0dd14-3696-4e90-ad35-bfa876b11ba7\data\admdb.sqlite
[2025-10-03 16:49:27] INFO: INI ALAMAT TABLENYA :  D:\Work\Mii\TEMPLATES\ssrtemplates\dist\ssrtemplates\server\data\admdb.sqlite
[2025-10-03 16:50:17] INFO: Login response  {"code":20400,"message":"Incorrect Username and Password!","data":null}
[2025-10-03 16:50:23] INFO: Login response  {"code":20400,"message":"Incorrect Username and Password!","data":null}
[2025-10-03 16:54:41] INFO: INI ALAMAT TABLENYA :  D:\Work\Mii\TEMPLATES\ssrtemplates\.angular\prerender-root\8bba5939-c639-4411-81cf-3b6f2c393d4a\data\admdb.sqlite
[2025-10-03 16:54:43] INFO: INI ALAMAT TABLENYA :  D:\Work\Mii\TEMPLATES\ssrtemplates\.angular\prerender-root\1e09a147-cf5b-4106-a282-9099b69dc0d0\data\admdb.sqlite
[2025-10-03 16:54:43] INFO: INI ALAMAT TABLENYA :  D:\Work\Mii\TEMPLATES\ssrtemplates\.angular\prerender-root\ef53a459-98e2-44f7-82cb-c2fdea44de4a\data\admdb.sqlite
[2025-10-03 16:54:43] INFO: INI ALAMAT TABLENYA :  D:\Work\Mii\TEMPLATES\ssrtemplates\.angular\prerender-root\d18f4e38-5d1a-4499-ac31-c150c457fe61\data\admdb.sqlite
[2025-10-03 16:54:43] INFO: INI ALAMAT TABLENYA :  D:\Work\Mii\TEMPLATES\ssrtemplates\.angular\prerender-root\c547245c-16f5-4d31-81ea-8cd94ea8e05f\data\admdb.sqlite
[2025-10-03 16:55:14] INFO: INI ALAMAT TABLENYA :  D:\Work\Mii\TEMPLATES\ssrtemplates\dist\ssrtemplates\server\data\admdb.sqlite
[2025-10-03 16:57:15] INFO: INI ALAMAT TABLENYA :  D:\Work\Mii\TEMPLATES\ssrtemplates\.angular\prerender-root\8307227f-67e4-4d29-9837-c76d7b2e91ff\data\admdb.sqlite
[2025-10-03 16:57:17] INFO: INI ALAMAT TABLENYA :  D:\Work\Mii\TEMPLATES\ssrtemplates\.angular\prerender-root\e22896e6-2c75-41bf-b39d-b805ce961b64\data\admdb.sqlite
[2025-10-03 16:57:17] INFO: INI ALAMAT TABLENYA :  D:\Work\Mii\TEMPLATES\ssrtemplates\.angular\prerender-root\bbcb7ff2-c27c-42a9-be8d-d19457a72866\data\admdb.sqlite
[2025-10-03 16:57:17] INFO: INI ALAMAT TABLENYA :  D:\Work\Mii\TEMPLATES\ssrtemplates\.angular\prerender-root\bb0c04ad-f913-4085-9860-518629af2a2d\data\admdb.sqlite
[2025-10-03 16:57:17] INFO: INI ALAMAT TABLENYA :  D:\Work\Mii\TEMPLATES\ssrtemplates\.angular\prerender-root\da27f958-715f-40dc-b629-335ed0077089\data\admdb.sqlite
[2025-10-03 16:57:28] INFO: INI ALAMAT TABLENYA :  D:\Work\Mii\TEMPLATES\ssrtemplates\dist\ssrtemplates\server\data\admdb.sqlite
[2025-10-03 16:59:50] INFO: INI ALAMAT TABLENYA :  D:\Work\Mii\TEMPLATES\ssrtemplates\.angular\prerender-root\26be2e51-0d14-4419-8cab-1a3dd4e97bc0\data\admdb.sqlite
[2025-10-03 16:59:52] INFO: INI ALAMAT TABLENYA :  D:\Work\Mii\TEMPLATES\ssrtemplates\.angular\prerender-root\70840225-9946-40aa-ab7f-88fb340c5738\data\admdb.sqlite
[2025-10-03 16:59:52] INFO: INI ALAMAT TABLENYA :  D:\Work\Mii\TEMPLATES\ssrtemplates\.angular\prerender-root\22c91388-a0e8-4731-8b49-f3a022dbad53\data\admdb.sqlite
[2025-10-03 16:59:52] INFO: INI ALAMAT TABLENYA :  D:\Work\Mii\TEMPLATES\ssrtemplates\.angular\prerender-root\179f3698-0963-456f-9b85-c9fd181713d1\data\admdb.sqlite
[2025-10-03 16:59:52] INFO: INI ALAMAT TABLENYA :  D:\Work\Mii\TEMPLATES\ssrtemplates\.angular\prerender-root\f4a2f343-caaf-41b4-8e15-98da9f60e54b\data\admdb.sqlite
[2025-10-03 17:00:03] INFO: INI ALAMAT TABLENYA :  D:\Work\Mii\TEMPLATES\ssrtemplates\dist\ssrtemplates\server\data\admdb.sqlite
[2025-10-03 17:03:00] INFO: INI ALAMAT TABLENYA :  D:\Work\Mii\TEMPLATES\ssrtemplates\.angular\prerender-root\478ac52f-0b88-4aaa-9d80-c499540ae565\data\admdb.sqlite
[2025-10-03 17:03:02] INFO: INI ALAMAT TABLENYA :  D:\Work\Mii\TEMPLATES\ssrtemplates\.angular\prerender-root\f3c33f08-b141-4b08-89f8-e48957b33f8c\data\admdb.sqlite
[2025-10-03 17:03:02] INFO: INI ALAMAT TABLENYA :  D:\Work\Mii\TEMPLATES\ssrtemplates\.angular\prerender-root\a2d67557-b335-4f69-b1a5-40901bfdec03\data\admdb.sqlite
[2025-10-03 17:03:02] INFO: INI ALAMAT TABLENYA :  D:\Work\Mii\TEMPLATES\ssrtemplates\.angular\prerender-root\1a921345-deac-4e71-a5eb-374305be90e8\data\admdb.sqlite
[2025-10-03 17:03:02] INFO: INI ALAMAT TABLENYA :  D:\Work\Mii\TEMPLATES\ssrtemplates\.angular\prerender-root\d871f92e-cc00-4ba9-b2a5-770032d75411\data\admdb.sqlite
[2025-10-03 17:03:17] INFO: INI ALAMAT TABLENYA :  D:\Work\Mii\TEMPLATES\ssrtemplates\dist\ssrtemplates\server\data\admdb.sqlite
[2025-10-03 17:05:58] INFO: INI ALAMAT TABLENYA :  D:\Work\Mii\TEMPLATES\ssrtemplates\.angular\prerender-root\e4760ad2-3341-4ea1-921a-6394e189b2ab\data\admdb.sqlite
[2025-10-03 17:06:03] INFO: INI ALAMAT TABLENYA :  D:\Work\Mii\TEMPLATES\ssrtemplates\.angular\prerender-root\4adcb4b6-787a-4b97-8089-47583974a6da\data\admdb.sqlite
[2025-10-03 17:06:03] INFO: INI ALAMAT TABLENYA :  D:\Work\Mii\TEMPLATES\ssrtemplates\.angular\prerender-root\be3095a0-4ef5-456d-85e2-a775835f1de9\data\admdb.sqlite
[2025-10-03 17:06:03] INFO: INI ALAMAT TABLENYA :  D:\Work\Mii\TEMPLATES\ssrtemplates\.angular\prerender-root\e4e0ad9a-cb43-4f82-8377-533b13de80a8\data\admdb.sqlite
[2025-10-03 17:06:03] INFO: INI ALAMAT TABLENYA :  D:\Work\Mii\TEMPLATES\ssrtemplates\.angular\prerender-root\40781ab6-3478-4dfd-9fd6-7aec11d987b8\data\admdb.sqlite
[2025-10-03 17:08:28] INFO: INI ALAMAT TABLENYA :  D:\Work\Mii\TEMPLATES\ssrtemplates\.angular\prerender-root\8399964c-0e5f-4d25-a4fa-4dc94c2da072\data\admdb.sqlite
[2025-10-03 17:08:33] INFO: INI ALAMAT TABLENYA :  D:\Work\Mii\TEMPLATES\ssrtemplates\.angular\prerender-root\3fd525f2-5bda-4a9c-849d-9d7f69116d89\data\admdb.sqlite
[2025-10-03 17:08:33] INFO: INI ALAMAT TABLENYA :  D:\Work\Mii\TEMPLATES\ssrtemplates\.angular\prerender-root\2dc668a0-5d9b-49bc-9f1d-9aaedc7acf5a\data\admdb.sqlite
[2025-10-03 17:08:33] INFO: INI ALAMAT TABLENYA :  D:\Work\Mii\TEMPLATES\ssrtemplates\.angular\prerender-root\4997a07f-7188-44c1-84c9-c3c846b58660\data\admdb.sqlite
[2025-10-03 17:08:33] INFO: INI ALAMAT TABLENYA :  D:\Work\Mii\TEMPLATES\ssrtemplates\.angular\prerender-root\6266b930-fbde-456e-807f-1efb7b12b38a\data\admdb.sqlite
[2025-10-03 17:09:12] INFO: INI ALAMAT TABLENYA :  D:\Work\Mii\TEMPLATES\ssrtemplates\dist\ssrtemplates\server\data\admdb.sqlite
[2025-10-03 17:09:19] INFO: Hasil dari param di cookie  {"id":13,"paramgroup":"GENERAL","paramkey":"cookietime","paramvalue":"15m"}
[2025-10-03 17:09:19] INFO: Hasil dari param di cookie  {"id":13,"paramgroup":"GENERAL","paramkey":"cookietime","paramvalue":"15m"}
[2025-10-03 17:11:17] INFO: INI ALAMAT TABLENYA :  D:\Work\Mii\TEMPLATES\ssrtemplates\.angular\prerender-root\5cc31e43-1d73-4986-8ff7-12430fb8b240\data\admdb.sqlite
[2025-10-03 17:11:19] INFO: INI ALAMAT TABLENYA :  D:\Work\Mii\TEMPLATES\ssrtemplates\.angular\prerender-root\683f8c18-53e0-4d3d-a1dd-d64da8eed29f\data\admdb.sqlite
[2025-10-03 17:11:19] INFO: INI ALAMAT TABLENYA :  D:\Work\Mii\TEMPLATES\ssrtemplates\.angular\prerender-root\6cf62f36-5560-4997-a9ae-893bee9244d9\data\admdb.sqlite
[2025-10-03 17:11:19] INFO: INI ALAMAT TABLENYA :  D:\Work\Mii\TEMPLATES\ssrtemplates\.angular\prerender-root\1a7f67d1-6608-4cfb-8aab-e6ac2eb33601\data\admdb.sqlite
[2025-10-03 17:11:19] INFO: INI ALAMAT TABLENYA :  D:\Work\Mii\TEMPLATES\ssrtemplates\.angular\prerender-root\f0dcc8a8-28b2-4f74-980b-44dc3e75243a\data\admdb.sqlite
[2025-10-03 17:11:29] INFO: INI ALAMAT TABLENYA :  D:\Work\Mii\TEMPLATES\ssrtemplates\dist\ssrtemplates\server\data\admdb.sqlite
[2025-10-03 17:12:56] INFO: INI ALAMAT TABLENYA :  D:\Work\Mii\TEMPLATES\ssrtemplates\.angular\prerender-root\b26c3246-1c50-46f1-b731-a873320c99ba\data\admdb.sqlite
[2025-10-03 17:13:00] INFO: INI ALAMAT TABLENYA :  D:\Work\Mii\TEMPLATES\ssrtemplates\.angular\prerender-root\65adeba8-0403-4c1a-9468-6d558787a39f\data\admdb.sqlite
[2025-10-03 17:13:00] INFO: INI ALAMAT TABLENYA :  D:\Work\Mii\TEMPLATES\ssrtemplates\.angular\prerender-root\761e3933-c6e9-4f94-93b0-3c74d9974b2c\data\admdb.sqlite
[2025-10-03 17:13:00] INFO: INI ALAMAT TABLENYA :  D:\Work\Mii\TEMPLATES\ssrtemplates\.angular\prerender-root\fcf417c0-8fbe-46f4-a18a-3e5563879d8d\data\admdb.sqlite
[2025-10-03 17:13:00] INFO: INI ALAMAT TABLENYA :  D:\Work\Mii\TEMPLATES\ssrtemplates\.angular\prerender-root\504ac923-ff54-485c-8ec7-cbf52fd155f3\data\admdb.sqlite
[2025-10-03 17:13:16] INFO: INI ALAMAT TABLENYA :  D:\Work\Mii\TEMPLATES\ssrtemplates\dist\ssrtemplates\server\data\admdb.sqlite
[2025-10-03 17:13:26] INFO: Hasil dari param di cookie  {"id":13,"paramgroup":"GENERAL","paramkey":"cookietime","paramvalue":"15m"}
[2025-10-03 17:13:26] INFO: Hasil dari param di cookie  {"id":13,"paramgroup":"GENERAL","paramkey":"cookietime","paramvalue":"15m"}
[2025-10-03 17:14:37] INFO: Hasil dari param di cookie  {"id":13,"paramgroup":"GENERAL","paramkey":"cookietime","paramvalue":"15m"}
[2025-10-03 17:14:37] INFO: Hasil dari param di cookie  {"id":13,"paramgroup":"GENERAL","paramkey":"cookietime","paramvalue":"15m"}
[2025-10-03 17:26:27] INFO: INI ALAMAT TABLENYA :  D:\Work\Mii\TEMPLATES\ssrtemplates\.angular\prerender-root\43953946-3e69-49d7-91f2-9e1741f863cf\data\admdb.sqlite
[2025-10-03 17:26:29] INFO: INI ALAMAT TABLENYA :  D:\Work\Mii\TEMPLATES\ssrtemplates\.angular\prerender-root\cfa5d58f-2676-4362-9415-d39140909595\data\admdb.sqlite
[2025-10-03 17:26:29] INFO: INI ALAMAT TABLENYA :  D:\Work\Mii\TEMPLATES\ssrtemplates\.angular\prerender-root\32cba7c7-5a38-46a1-97b9-3e36ebd63de4\data\admdb.sqlite
[2025-10-03 17:26:29] INFO: INI ALAMAT TABLENYA :  D:\Work\Mii\TEMPLATES\ssrtemplates\.angular\prerender-root\7bd51398-1490-4851-825d-5ae30006680a\data\admdb.sqlite
[2025-10-03 17:26:29] INFO: INI ALAMAT TABLENYA :  D:\Work\Mii\TEMPLATES\ssrtemplates\.angular\prerender-root\92b2ed9d-c4b5-4215-a025-1f3e48c90f5a\data\admdb.sqlite
[2025-10-03 17:26:45] INFO: INI ALAMAT TABLENYA :  D:\Work\Mii\TEMPLATES\ssrtemplates\dist\ssrtemplates\server\data\admdb.sqlite
[2025-10-03 17:28:25] INFO: INI ALAMAT TABLENYA :  D:\Work\Mii\TEMPLATES\ssrtemplates\.angular\prerender-root\c0ed154c-5fae-4732-939b-d3b3adae5acf\data\admdb.sqlite
[2025-10-03 17:28:27] INFO: INI ALAMAT TABLENYA :  D:\Work\Mii\TEMPLATES\ssrtemplates\.angular\prerender-root\6a4cb8ca-5f45-4cc5-ac26-b9e9f59f2715\data\admdb.sqlite
[2025-10-03 17:28:27] INFO: INI ALAMAT TABLENYA :  D:\Work\Mii\TEMPLATES\ssrtemplates\.angular\prerender-root\7339caef-36c0-4951-9b61-14134ca4257a\data\admdb.sqlite
[2025-10-03 17:28:27] INFO: INI ALAMAT TABLENYA :  D:\Work\Mii\TEMPLATES\ssrtemplates\.angular\prerender-root\053acc88-01bd-4690-bd35-3f4f118ea8b9\data\admdb.sqlite
[2025-10-03 17:28:27] INFO: INI ALAMAT TABLENYA :  D:\Work\Mii\TEMPLATES\ssrtemplates\.angular\prerender-root\d041ab01-d37f-4f93-a6e8-e271adc0f023\data\admdb.sqlite
[2025-10-03 17:28:38] INFO: INI ALAMAT TABLENYA :  D:\Work\Mii\TEMPLATES\ssrtemplates\dist\ssrtemplates\server\data\admdb.sqlite
[2025-10-03 17:29:56] INFO: INI ALAMAT TABLENYA :  D:\Work\Mii\TEMPLATES\ssrtemplates\dist\ssrtemplates\server\data\admdb.sqlite
[2025-10-03 17:30:13] INFO: Hasil dari param di cookie  {"id":13,"paramgroup":"GENERAL","paramkey":"cookietime","paramvalue":"15m"}
[2025-10-03 17:30:13] INFO: Hasil dari param di cookie  {"id":13,"paramgroup":"GENERAL","paramkey":"cookietime","paramvalue":"15m"}
[2025-10-03 17:32:06] INFO: INI ALAMAT TABLENYA :  D:\Work\Mii\TEMPLATES\ssrtemplates\dist\ssrtemplates\server\data\admdb.sqlite
[2025-10-03 17:38:27] INFO: INI ALAMAT TABLENYA :  D:\Work\Mii\TEMPLATES\ssrtemplates\.angular\prerender-root\899e1a5f-d54f-4e18-87b1-e1dd47ab32a6\data\admdb.sqlite
[2025-10-03 17:38:28] INFO: INI ALAMAT TABLENYA :  D:\Work\Mii\TEMPLATES\ssrtemplates\.angular\prerender-root\79f6e794-b15e-4f79-8b1a-fff7ccdd98cd\data\admdb.sqlite
[2025-10-03 17:38:28] INFO: INI ALAMAT TABLENYA :  D:\Work\Mii\TEMPLATES\ssrtemplates\.angular\prerender-root\277b8333-3c63-40ee-96e4-07b139418a08\data\admdb.sqlite
[2025-10-03 17:38:28] INFO: INI ALAMAT TABLENYA :  D:\Work\Mii\TEMPLATES\ssrtemplates\.angular\prerender-root\122d017d-ca1b-4426-8d90-038f6545bbe6\data\admdb.sqlite
[2025-10-03 17:38:28] INFO: INI ALAMAT TABLENYA :  D:\Work\Mii\TEMPLATES\ssrtemplates\.angular\prerender-root\825318b1-2615-4eaa-8d34-2f507e3f9cda\data\admdb.sqlite
[2025-10-03 17:39:01] INFO: INI ALAMAT TABLENYA :  D:\Work\Mii\TEMPLATES\ssrtemplates\dist\ssrtemplates\server\data\admdb.sqlite
[2025-10-03 17:40:50] INFO: INI ALAMAT TABLENYA :  D:\Work\Mii\TEMPLATES\ssrtemplates\.angular\prerender-root\c53f9e99-5405-4901-93fd-3314a70b0462\data\admdb.sqlite
[2025-10-03 17:40:51] INFO: INI ALAMAT TABLENYA :  D:\Work\Mii\TEMPLATES\ssrtemplates\.angular\prerender-root\e4482d3d-b086-489d-835a-110f3afd4789\data\admdb.sqlite
[2025-10-03 17:40:51] INFO: INI ALAMAT TABLENYA :  D:\Work\Mii\TEMPLATES\ssrtemplates\.angular\prerender-root\250f6384-5f4e-4c29-ac9e-985727de0f8f\data\admdb.sqlite
[2025-10-03 17:40:51] INFO: INI ALAMAT TABLENYA :  D:\Work\Mii\TEMPLATES\ssrtemplates\.angular\prerender-root\d84161c1-12a6-41bc-a406-f8da71c31892\data\admdb.sqlite
[2025-10-03 17:40:51] INFO: INI ALAMAT TABLENYA :  D:\Work\Mii\TEMPLATES\ssrtemplates\.angular\prerender-root\d818a34f-635f-4008-9957-0a04154b72ae\data\admdb.sqlite
[2025-10-03 17:42:08] INFO: INI ALAMAT TABLENYA :  D:\Work\Mii\TEMPLATES\ssrtemplates\.angular\prerender-root\44dea699-8d57-4770-a2ed-d9eb5f303c54\data\admdb.sqlite
[2025-10-03 17:42:08] WARN: Could not read param for rate limit, using default. Error: {}
[2025-10-03 17:42:09] INFO: INI ALAMAT TABLENYA :  D:\Work\Mii\TEMPLATES\ssrtemplates\.angular\prerender-root\1066e28e-679e-4ad7-b0dd-fead7c36edd3\data\admdb.sqlite
[2025-10-03 17:42:10] WARN: Could not read param for rate limit, using default. Error: {}
[2025-10-03 17:42:09] INFO: INI ALAMAT TABLENYA :  D:\Work\Mii\TEMPLATES\ssrtemplates\.angular\prerender-root\e971f4e2-1e25-43d4-826e-696946753692\data\admdb.sqlite
[2025-10-03 17:42:10] WARN: Could not read param for rate limit, using default. Error: {}
[2025-10-03 17:42:10] INFO: INI ALAMAT TABLENYA :  D:\Work\Mii\TEMPLATES\ssrtemplates\.angular\prerender-root\c1492a45-6a25-4f2f-9dab-931138f753e3\data\admdb.sqlite
[2025-10-03 17:42:10] WARN: Could not read param for rate limit, using default. Error: {}
[2025-10-03 17:42:10] INFO: INI ALAMAT TABLENYA :  D:\Work\Mii\TEMPLATES\ssrtemplates\.angular\prerender-root\fec4036e-9929-4af9-812a-87eb859c7a9f\data\admdb.sqlite
[2025-10-03 17:42:10] WARN: Could not read param for rate limit, using default. Error: {}
