[2025-10-06 11:16:33] INFO: INI ALAMAT TABLENYA :  D:\Work\Mii\TEMPLATES\ssrtemplates\.angular\prerender-root\1c98642f-a164-4809-ba75-c065c57ee94a\data\admdb.sqlite
[2025-10-06 11:16:34] WARN: Could not read param for rate limit, using default. Error: {}
[2025-10-06 11:16:41] INFO: INI ALAMAT TABLENYA :  D:\Work\Mii\TEMPLATES\ssrtemplates\.angular\prerender-root\c89b8eae-2e19-422d-b98e-f9fc5c3616ea\data\admdb.sqlite
[2025-10-06 11:16:41] WARN: Could not read param for rate limit, using default. Error: {}
[2025-10-06 11:16:41] INFO: INI ALAMAT TABLENYA :  D:\Work\Mii\TEMPLATES\ssrtemplates\.angular\prerender-root\003c3de6-1569-436e-9398-a44eacc56b8f\data\admdb.sqlite
[2025-10-06 11:16:41] WARN: Could not read param for rate limit, using default. Error: {}
[2025-10-06 11:16:41] INFO: INI ALAMAT TABLENYA :  D:\Work\Mii\TEMPLATES\ssrtemplates\.angular\prerender-root\ee248868-e6da-43b3-9f18-6b8df071303f\data\admdb.sqlite
[2025-10-06 11:16:41] WARN: Could not read param for rate limit, using default. Error: {}
[2025-10-06 11:16:41] INFO: INI ALAMAT TABLENYA :  D:\Work\Mii\TEMPLATES\ssrtemplates\.angular\prerender-root\21f4209c-75ad-43eb-9e84-3698ed91ad54\data\admdb.sqlite
[2025-10-06 11:16:41] WARN: Could not read param for rate limit, using default. Error: {}
[2025-10-06 11:16:58] INFO: INI ALAMAT TABLENYA :  D:\Work\Mii\TEMPLATES\ssrtemplates\dist\ssrtemplates\server\data\admdb.sqlite
[2025-10-06 11:16:58] INFO: login limiter max set to 3
[2025-10-06 11:17:22] INFO: INI ALAMAT TABLENYA :  D:\Work\Mii\TEMPLATES\ssrtemplates\dist\ssrtemplates\server\data\admdb.sqlite
[2025-10-06 11:17:22] INFO: login limiter max set to 3
[2025-10-06 11:31:54] INFO: INI ALAMAT TABLENYA :  D:\Work\Mii\TEMPLATES\ssrtemplates\.angular\prerender-root\85eff9b7-7dfb-49a7-98e1-2006c44da0e1\data\admdb.sqlite
[2025-10-06 11:31:54] WARN: Could not read param for rate limit, using default. Error: {}
[2025-10-06 11:31:55] INFO: INI ALAMAT TABLENYA :  D:\Work\Mii\TEMPLATES\ssrtemplates\.angular\prerender-root\881e3a60-6bf8-4c1a-88c2-040216377b68\data\admdb.sqlite
[2025-10-06 11:31:55] WARN: Could not read param for rate limit, using default. Error: {}
[2025-10-06 11:31:55] INFO: INI ALAMAT TABLENYA :  D:\Work\Mii\TEMPLATES\ssrtemplates\.angular\prerender-root\27d92b5f-cfd3-4041-8ac3-833c2f023584\data\admdb.sqlite
[2025-10-06 11:31:55] WARN: Could not read param for rate limit, using default. Error: {}
[2025-10-06 11:31:55] INFO: INI ALAMAT TABLENYA :  D:\Work\Mii\TEMPLATES\ssrtemplates\.angular\prerender-root\d2c01f74-657f-45ee-802d-46ff7dfc9acd\data\admdb.sqlite
[2025-10-06 11:31:55] WARN: Could not read param for rate limit, using default. Error: {}
[2025-10-06 11:31:55] INFO: INI ALAMAT TABLENYA :  D:\Work\Mii\TEMPLATES\ssrtemplates\.angular\prerender-root\f731b560-c6f9-4a1f-8ce2-0d55d0bfb5ab\data\admdb.sqlite
[2025-10-06 11:31:55] WARN: Could not read param for rate limit, using default. Error: {}
[2025-10-06 11:32:18] INFO: INI ALAMAT TABLENYA :  D:\Work\Mii\TEMPLATES\ssrtemplates\.angular\prerender-root\cfe47c0e-b851-4c1b-b55e-ee5444f03ea2\data\admdb.sqlite
[2025-10-06 11:32:18] WARN: Could not read param for rate limit, using default. Error: {}
[2025-10-06 11:32:19] INFO: INI ALAMAT TABLENYA :  D:\Work\Mii\TEMPLATES\ssrtemplates\.angular\prerender-root\c3d696cd-e504-4168-9f68-40d3e8d3c23c\data\admdb.sqlite
[2025-10-06 11:32:19] WARN: Could not read param for rate limit, using default. Error: {}
[2025-10-06 11:32:19] INFO: INI ALAMAT TABLENYA :  D:\Work\Mii\TEMPLATES\ssrtemplates\.angular\prerender-root\fe54c5b4-bbaf-49d7-8a9a-6e763b2d0fb3\data\admdb.sqlite
[2025-10-06 11:32:19] WARN: Could not read param for rate limit, using default. Error: {}
[2025-10-06 11:32:19] INFO: INI ALAMAT TABLENYA :  D:\Work\Mii\TEMPLATES\ssrtemplates\.angular\prerender-root\d191974e-0643-4153-8893-faac19277c77\data\admdb.sqlite
[2025-10-06 11:32:19] WARN: Could not read param for rate limit, using default. Error: {}
[2025-10-06 11:32:19] INFO: INI ALAMAT TABLENYA :  D:\Work\Mii\TEMPLATES\ssrtemplates\.angular\prerender-root\cd232fc0-8e79-499e-946b-aa495aa1316c\data\admdb.sqlite
[2025-10-06 11:32:19] WARN: Could not read param for rate limit, using default. Error: {}
[2025-10-06 11:32:28] INFO: INI ALAMAT TABLENYA :  D:\Work\Mii\TEMPLATES\ssrtemplates\dist\ssrtemplates\server\data\admdb.sqlite
[2025-10-06 11:32:28] INFO: login limiter max set to 3
[2025-10-06 12:31:40] INFO: INI ALAMAT TABLENYA :  D:\Work\Mii\TEMPLATES\ssrtemplates\.angular\prerender-root\e008f1b6-1e61-430d-abd9-6f339e41deb6\data\admdb.sqlite
[2025-10-06 12:31:40] WARN: Could not read param for rate limit, using default. Error: {}
[2025-10-06 12:31:42] INFO: INI ALAMAT TABLENYA :  D:\Work\Mii\TEMPLATES\ssrtemplates\.angular\prerender-root\7a82b73f-fa3f-4789-9fd5-7438b7121c5a\data\admdb.sqlite
[2025-10-06 12:31:42] WARN: Could not read param for rate limit, using default. Error: {}
[2025-10-06 12:31:42] INFO: INI ALAMAT TABLENYA :  D:\Work\Mii\TEMPLATES\ssrtemplates\.angular\prerender-root\402365f5-951b-4b72-9598-d54bf16549de\data\admdb.sqlite
[2025-10-06 12:31:42] WARN: Could not read param for rate limit, using default. Error: {}
[2025-10-06 12:31:42] INFO: INI ALAMAT TABLENYA :  D:\Work\Mii\TEMPLATES\ssrtemplates\.angular\prerender-root\b8208bc9-c742-4659-8632-3f6d8f08c6f6\data\admdb.sqlite
[2025-10-06 12:31:42] WARN: Could not read param for rate limit, using default. Error: {}
[2025-10-06 12:31:42] INFO: INI ALAMAT TABLENYA :  D:\Work\Mii\TEMPLATES\ssrtemplates\.angular\prerender-root\0454461d-fc51-4b97-86be-ecc976312888\data\admdb.sqlite
[2025-10-06 12:31:42] WARN: Could not read param for rate limit, using default. Error: {}
[2025-10-06 12:31:52] INFO: INI ALAMAT TABLENYA :  D:\Work\Mii\TEMPLATES\ssrtemplates\dist\ssrtemplates\server\data\admdb.sqlite
[2025-10-06 12:31:52] INFO: login limiter max set to 3
[2025-10-06 12:32:59] INFO: INI ALAMAT TABLENYA :  D:\Work\Mii\TEMPLATES\ssrtemplates\.angular\prerender-root\04f3aa48-aa22-423f-87ae-d5ff1759f2a6\data\admdb.sqlite
[2025-10-06 12:32:59] WARN: Could not read param for rate limit, using default. Error: {}
[2025-10-06 12:33:00] INFO: INI ALAMAT TABLENYA :  D:\Work\Mii\TEMPLATES\ssrtemplates\.angular\prerender-root\1e073672-bd79-49ab-bb45-32b4cf1b816f\data\admdb.sqlite
[2025-10-06 12:33:01] WARN: Could not read param for rate limit, using default. Error: {}
[2025-10-06 12:33:00] INFO: INI ALAMAT TABLENYA :  D:\Work\Mii\TEMPLATES\ssrtemplates\.angular\prerender-root\ddf9e69d-1520-4b6c-b0a1-6fd3d32271f9\data\admdb.sqlite
[2025-10-06 12:33:01] WARN: Could not read param for rate limit, using default. Error: {}
[2025-10-06 12:33:00] INFO: INI ALAMAT TABLENYA :  D:\Work\Mii\TEMPLATES\ssrtemplates\.angular\prerender-root\389429d9-08af-4b6d-9f1e-e13722850d4a\data\admdb.sqlite
[2025-10-06 12:33:01] WARN: Could not read param for rate limit, using default. Error: {}
[2025-10-06 12:33:00] INFO: INI ALAMAT TABLENYA :  D:\Work\Mii\TEMPLATES\ssrtemplates\.angular\prerender-root\71801940-dea2-4ba4-a3d7-112ee778b5f5\data\admdb.sqlite
[2025-10-06 12:33:01] WARN: Could not read param for rate limit, using default. Error: {}
[2025-10-06 12:34:12] INFO: INI ALAMAT TABLENYA :  D:\Work\Mii\TEMPLATES\ssrtemplates\.angular\prerender-root\966b494a-62af-483e-a6c5-56e5f8cf948b\data\admdb.sqlite
[2025-10-06 12:34:12] WARN: Could not read param for rate limit, using default. Error: {}
[2025-10-06 12:34:13] INFO: INI ALAMAT TABLENYA :  D:\Work\Mii\TEMPLATES\ssrtemplates\.angular\prerender-root\e2d9b915-d680-4397-8ed5-e39ef1763731\data\admdb.sqlite
[2025-10-06 12:34:13] WARN: Could not read param for rate limit, using default. Error: {}
[2025-10-06 12:34:13] INFO: INI ALAMAT TABLENYA :  D:\Work\Mii\TEMPLATES\ssrtemplates\.angular\prerender-root\ecbd38ef-5bb0-4196-bb12-28880f950032\data\admdb.sqlite
[2025-10-06 12:34:13] WARN: Could not read param for rate limit, using default. Error: {}
[2025-10-06 12:34:13] INFO: INI ALAMAT TABLENYA :  D:\Work\Mii\TEMPLATES\ssrtemplates\.angular\prerender-root\a09fb0d2-7c53-461a-b2cc-f12044e1e9a4\data\admdb.sqlite
[2025-10-06 12:34:13] WARN: Could not read param for rate limit, using default. Error: {}
[2025-10-06 12:34:13] INFO: INI ALAMAT TABLENYA :  D:\Work\Mii\TEMPLATES\ssrtemplates\.angular\prerender-root\16eff051-af84-4f35-a246-13de7527da3c\data\admdb.sqlite
[2025-10-06 12:34:13] WARN: Could not read param for rate limit, using default. Error: {}
[2025-10-06 12:34:21] INFO: INI ALAMAT TABLENYA :  D:\Work\Mii\TEMPLATES\ssrtemplates\dist\ssrtemplates\server\data\admdb.sqlite
[2025-10-06 12:34:21] INFO: login limiter max set to 3
[2025-10-06 12:35:18] INFO: INI ALAMAT TABLENYA :  D:\Work\Mii\TEMPLATES\ssrtemplates\.angular\prerender-root\f0274fe3-b9b4-4576-9442-22fcf60d085f\data\admdb.sqlite
[2025-10-06 12:35:18] WARN: Could not read param for rate limit, using default. Error: {}
[2025-10-06 12:35:19] INFO: INI ALAMAT TABLENYA :  D:\Work\Mii\TEMPLATES\ssrtemplates\.angular\prerender-root\c4af223a-41b4-4f9b-89dc-77587f42e688\data\admdb.sqlite
[2025-10-06 12:35:19] WARN: Could not read param for rate limit, using default. Error: {}
[2025-10-06 12:35:19] INFO: INI ALAMAT TABLENYA :  D:\Work\Mii\TEMPLATES\ssrtemplates\.angular\prerender-root\4d75bcb1-d623-44ac-b8ab-0a0e44f77258\data\admdb.sqlite
[2025-10-06 12:35:19] WARN: Could not read param for rate limit, using default. Error: {}
[2025-10-06 12:35:19] INFO: INI ALAMAT TABLENYA :  D:\Work\Mii\TEMPLATES\ssrtemplates\.angular\prerender-root\784829a9-b805-43b6-84dd-430289cc9b2d\data\admdb.sqlite
[2025-10-06 12:35:19] WARN: Could not read param for rate limit, using default. Error: {}
[2025-10-06 12:35:19] INFO: INI ALAMAT TABLENYA :  D:\Work\Mii\TEMPLATES\ssrtemplates\.angular\prerender-root\3a826221-0943-4174-8ab7-bf5a6f835afc\data\admdb.sqlite
[2025-10-06 12:35:19] WARN: Could not read param for rate limit, using default. Error: {}
[2025-10-06 12:35:28] INFO: INI ALAMAT TABLENYA :  D:\Work\Mii\TEMPLATES\ssrtemplates\dist\ssrtemplates\server\data\admdb.sqlite
[2025-10-06 12:35:28] INFO: login limiter max set to 3
[2025-10-06 16:50:17] INFO: INI ALAMAT TABLENYA :  D:\Work\Mii\TEMPLATES\ssrtemplates\.angular\prerender-root\edd6e8b4-8331-4fc7-a0a9-a8becd9ebda6\data\admdb.sqlite
[2025-10-06 16:50:17] WARN: Could not read param for rate limit, using default. Error: {}
[2025-10-06 16:50:18] INFO: INI ALAMAT TABLENYA :  D:\Work\Mii\TEMPLATES\ssrtemplates\.angular\prerender-root\beb3bd89-80e4-43b1-afa7-16eaeec546d5\data\admdb.sqlite
[2025-10-06 16:50:18] WARN: Could not read param for rate limit, using default. Error: {}
[2025-10-06 16:50:18] INFO: INI ALAMAT TABLENYA :  D:\Work\Mii\TEMPLATES\ssrtemplates\.angular\prerender-root\8e241e2b-f284-4e36-8ff4-9a49dc940492\data\admdb.sqlite
[2025-10-06 16:50:18] WARN: Could not read param for rate limit, using default. Error: {}
[2025-10-06 16:50:18] INFO: INI ALAMAT TABLENYA :  D:\Work\Mii\TEMPLATES\ssrtemplates\.angular\prerender-root\f75c4803-5fc3-4040-99e5-8c79cf626fac\data\admdb.sqlite
[2025-10-06 16:50:18] WARN: Could not read param for rate limit, using default. Error: {}
[2025-10-06 16:50:18] INFO: INI ALAMAT TABLENYA :  D:\Work\Mii\TEMPLATES\ssrtemplates\.angular\prerender-root\c4a38fed-a448-4acd-ba94-fd80cbc43a5e\data\admdb.sqlite
[2025-10-06 16:50:18] WARN: Could not read param for rate limit, using default. Error: {}
[2025-10-06 16:50:26] INFO: INI ALAMAT TABLENYA :  D:\Work\Mii\TEMPLATES\ssrtemplates\dist\ssrtemplates\server\data\admdb.sqlite
[2025-10-06 16:50:26] INFO: login limiter max set to 3
[2025-10-06 17:02:14] INFO: INI ALAMAT TABLENYA :  D:\Work\Mii\TEMPLATES\ssrtemplates\dist\ssrtemplates\server\data\admdb.sqlite
[2025-10-06 17:02:14] INFO: login limiter max set to 3
[2025-10-06 17:02:55] INFO: DATABASE CONFIG :  {"config":{"client":"pg","clientObj":{"key":"pg","label":"Postgres"},"condatabase":"ndb_proxy","conhost":"localhost","conport":5432,"conuser":"ndb_proxy","conpassword":"ndb_proxy","conoption":{}}}
[2025-10-06 17:03:04] INFO: DATABASE MIGRATE CONFIG :  {"config":{"client":"pg","clientObj":{"key":"pg","label":"Postgres"},"condatabase":"ndb_proxy","conhost":"localhost","conport":5432,"conuser":"ndb_proxy","conpassword":"ndb_proxy","conoption":{}}}
[2025-10-06 17:03:04] INFO: Inserting Users...
[2025-10-06 17:03:04] INFO: Inserting Roles...
[2025-10-06 17:03:04] INFO: Inserting Params...
[2025-10-06 17:03:04] INFO: Inserting Menus...
[2025-10-06 17:03:04] INFO: Inserting Icons...
[2025-10-06 17:03:04] INFO: Inserting Groups...
[2025-10-06 17:06:08] INFO: Koneksi ke PostgreSQL berhasil
[2025-10-06 17:06:08] INFO: login limiter max set to 3
[2025-10-06 17:06:09] INFO: Koneksi ke PostgreSQL berhasil
[2025-10-06 17:06:09] INFO: Koneksi ke PostgreSQL berhasil
[2025-10-06 17:06:09] INFO: Koneksi ke PostgreSQL berhasil
[2025-10-06 17:06:09] INFO: Koneksi ke PostgreSQL berhasil
[2025-10-06 17:06:09] INFO: login limiter max set to 3
[2025-10-06 17:06:09] INFO: login limiter max set to 3
[2025-10-06 17:06:09] INFO: login limiter max set to 3
[2025-10-06 17:06:09] INFO: login limiter max set to 3
[2025-10-06 17:06:19] INFO: Koneksi ke PostgreSQL berhasil
[2025-10-06 17:06:19] INFO: login limiter max set to 3
