[2025-09-15 12:03:21] INFO: INI ALAMAT TABLENYA :  D:\Work\Mii\TEMPLATES\ssrtemplates\dist\ssrtemplates\server\data\admdb.sqlite
[2025-09-15 13:10:58] INFO: INI ALAMAT TABLENYA :  D:\Work\Mii\TEMPLATES\ssrtemplates\.angular\prerender-root\2bc38680-067a-41e0-9594-e2c9c2dc08f2\data\admdb.sqlite
[2025-09-15 13:11:05] INFO: INI ALAMAT TABLENYA :  D:\Work\Mii\TEMPLATES\ssrtemplates\.angular\prerender-root\9bbf4c32-829d-45cf-83da-a4ef844d5a48\data\admdb.sqlite
[2025-09-15 13:11:05] INFO: INI ALAMAT TABLENYA :  D:\Work\Mii\TEMPLATES\ssrtemplates\.angular\prerender-root\ca09666e-2774-439e-ae24-650e2d73ab4d\data\admdb.sqlite
[2025-09-15 13:11:05] INFO: INI ALAMAT TABLENYA :  D:\Work\Mii\TEMPLATES\ssrtemplates\.angular\prerender-root\5038dbcb-f57a-4fbc-b181-1fb6793c3156\data\admdb.sqlite
[2025-09-15 13:11:05] INFO: INI ALAMAT TABLENYA :  D:\Work\Mii\TEMPLATES\ssrtemplates\.angular\prerender-root\a023d15a-8800-4ca5-a5a4-159dc3ff0a13\data\admdb.sqlite
[2025-09-15 13:11:35] INFO: INI ALAMAT TABLENYA :  D:\Work\Mii\TEMPLATES\ssrtemplates\dist\ssrtemplates\server\data\admdb.sqlite
[2025-09-15 13:15:32] INFO: INI ALAMAT TABLENYA :  D:\Work\Mii\TEMPLATES\ssrtemplates\.angular\prerender-root\950ca8b0-5ee8-49be-9958-db98ff5384b2\data\admdb.sqlite
[2025-09-15 13:15:34] INFO: INI ALAMAT TABLENYA :  D:\Work\Mii\TEMPLATES\ssrtemplates\.angular\prerender-root\d2132f2e-39b5-4d34-9c34-fcb7b1eabaa6\data\admdb.sqlite
[2025-09-15 13:15:34] INFO: INI ALAMAT TABLENYA :  D:\Work\Mii\TEMPLATES\ssrtemplates\.angular\prerender-root\e88693e0-2b6c-42c9-b0c9-49ad55a50cec\data\admdb.sqlite
[2025-09-15 13:15:34] INFO: INI ALAMAT TABLENYA :  D:\Work\Mii\TEMPLATES\ssrtemplates\.angular\prerender-root\758ae810-29c7-4510-b9ca-f77f65e98f50\data\admdb.sqlite
[2025-09-15 13:15:34] INFO: INI ALAMAT TABLENYA :  D:\Work\Mii\TEMPLATES\ssrtemplates\.angular\prerender-root\1cf3f608-0a43-4210-a5b4-484aada2ae19\data\admdb.sqlite
[2025-09-15 13:15:43] INFO: INI ALAMAT TABLENYA :  D:\Work\Mii\TEMPLATES\ssrtemplates\dist\ssrtemplates\server\data\admdb.sqlite
[2025-09-15 13:16:36] INFO: INI ALAMAT TABLENYA :  D:\Work\Mii\TEMPLATES\ssrtemplates\.angular\prerender-root\ce91cbd4-5c4e-4df6-9b6e-6ccdde6ace3e\data\admdb.sqlite
[2025-09-15 13:16:39] INFO: INI ALAMAT TABLENYA :  D:\Work\Mii\TEMPLATES\ssrtemplates\.angular\prerender-root\5b34175f-5e54-4c9a-90b7-a92e0f838eee\data\admdb.sqlite
[2025-09-15 13:16:39] INFO: INI ALAMAT TABLENYA :  D:\Work\Mii\TEMPLATES\ssrtemplates\.angular\prerender-root\f791af85-0e06-405d-ae8f-85ca723035a4\data\admdb.sqlite
[2025-09-15 13:16:39] INFO: INI ALAMAT TABLENYA :  D:\Work\Mii\TEMPLATES\ssrtemplates\.angular\prerender-root\0bbc1270-b9ef-49b0-b1dd-1eb6573e71fa\data\admdb.sqlite
[2025-09-15 13:16:39] INFO: INI ALAMAT TABLENYA :  D:\Work\Mii\TEMPLATES\ssrtemplates\.angular\prerender-root\57342ac5-57aa-4834-b0fd-34ae644adba3\data\admdb.sqlite
[2025-09-15 13:18:01] INFO: INI ALAMAT TABLENYA :  D:\Work\Mii\TEMPLATES\ssrtemplates\.angular\prerender-root\a1136992-75c5-4e55-9c42-c509c2ab585d\data\admdb.sqlite
[2025-09-15 13:18:03] INFO: INI ALAMAT TABLENYA :  D:\Work\Mii\TEMPLATES\ssrtemplates\.angular\prerender-root\4ef50509-2e13-4ce0-aa1a-7af52d855b25\data\admdb.sqlite
[2025-09-15 13:18:03] INFO: INI ALAMAT TABLENYA :  D:\Work\Mii\TEMPLATES\ssrtemplates\.angular\prerender-root\c82469ff-0e32-45f4-aa09-da9ffe46d36f\data\admdb.sqlite
[2025-09-15 13:18:03] INFO: INI ALAMAT TABLENYA :  D:\Work\Mii\TEMPLATES\ssrtemplates\.angular\prerender-root\1e54659c-95d1-4f90-9cd2-8c0e3e1142a3\data\admdb.sqlite
[2025-09-15 13:18:03] INFO: INI ALAMAT TABLENYA :  D:\Work\Mii\TEMPLATES\ssrtemplates\.angular\prerender-root\2c51b4ac-1150-4e0d-af25-9ab1ae3ed2b0\data\admdb.sqlite
[2025-09-15 13:18:14] INFO: INI ALAMAT TABLENYA :  D:\Work\Mii\TEMPLATES\ssrtemplates\dist\ssrtemplates\server\data\admdb.sqlite
[2025-09-15 13:20:31] INFO: INI ALAMAT TABLENYA :  D:\Work\Mii\TEMPLATES\ssrtemplates\.angular\prerender-root\2625dfff-8edf-43b2-b85a-a8a889f4e81c\data\admdb.sqlite
[2025-09-15 13:20:33] INFO: INI ALAMAT TABLENYA :  D:\Work\Mii\TEMPLATES\ssrtemplates\.angular\prerender-root\b844bfa7-fd16-435d-841f-4488745b9ddd\data\admdb.sqlite
[2025-09-15 13:20:33] INFO: INI ALAMAT TABLENYA :  D:\Work\Mii\TEMPLATES\ssrtemplates\.angular\prerender-root\d6ad4cde-3f95-4a4a-90fa-fd666abbb8fb\data\admdb.sqlite
[2025-09-15 13:20:33] INFO: INI ALAMAT TABLENYA :  D:\Work\Mii\TEMPLATES\ssrtemplates\.angular\prerender-root\3af461b9-a0fd-4758-aec6-cbd636a54067\data\admdb.sqlite
[2025-09-15 13:20:33] INFO: INI ALAMAT TABLENYA :  D:\Work\Mii\TEMPLATES\ssrtemplates\.angular\prerender-root\1e178a7e-9b56-4d3b-a0ae-c26bd5b810e5\data\admdb.sqlite
[2025-09-15 13:23:10] INFO: INI ALAMAT TABLENYA :  D:\Work\Mii\TEMPLATES\ssrtemplates\.angular\prerender-root\7ff2165f-8382-4128-a055-f761f0736b37\data\admdb.sqlite
[2025-09-15 13:23:12] INFO: INI ALAMAT TABLENYA :  D:\Work\Mii\TEMPLATES\ssrtemplates\.angular\prerender-root\db3ade9c-d1d9-4bd8-87d3-7fd906ca5ccf\data\admdb.sqlite
[2025-09-15 13:23:12] INFO: INI ALAMAT TABLENYA :  D:\Work\Mii\TEMPLATES\ssrtemplates\.angular\prerender-root\971082d2-fc16-4646-acc5-82dd8e43d2c9\data\admdb.sqlite
[2025-09-15 13:23:12] INFO: INI ALAMAT TABLENYA :  D:\Work\Mii\TEMPLATES\ssrtemplates\.angular\prerender-root\68d7020c-33ec-4252-a655-49287506cc4f\data\admdb.sqlite
[2025-09-15 13:23:12] INFO: INI ALAMAT TABLENYA :  D:\Work\Mii\TEMPLATES\ssrtemplates\.angular\prerender-root\fa9c9a34-8a04-42ea-b6cc-f3503dfe250a\data\admdb.sqlite
[2025-09-15 13:23:21] INFO: INI ALAMAT TABLENYA :  D:\Work\Mii\TEMPLATES\ssrtemplates\dist\ssrtemplates\server\data\admdb.sqlite
[2025-09-15 13:24:02] INFO: INI ALAMAT TABLENYA :  D:\Work\Mii\TEMPLATES\ssrtemplates\.angular\prerender-root\da383525-74a9-4de6-8ccd-69ddc62e7fbf\data\admdb.sqlite
[2025-09-15 13:24:05] INFO: INI ALAMAT TABLENYA :  D:\Work\Mii\TEMPLATES\ssrtemplates\.angular\prerender-root\1bfa6bb6-9cb3-4ab9-a4cd-feeb3ffe8bdc\data\admdb.sqlite
[2025-09-15 13:24:05] INFO: INI ALAMAT TABLENYA :  D:\Work\Mii\TEMPLATES\ssrtemplates\.angular\prerender-root\9c513759-6188-4991-9e0b-c66099c9da11\data\admdb.sqlite
[2025-09-15 13:24:05] INFO: INI ALAMAT TABLENYA :  D:\Work\Mii\TEMPLATES\ssrtemplates\.angular\prerender-root\18e3b470-0497-42bd-8578-efde8e315d7f\data\admdb.sqlite
[2025-09-15 13:24:05] INFO: INI ALAMAT TABLENYA :  D:\Work\Mii\TEMPLATES\ssrtemplates\.angular\prerender-root\bb6cf381-6d9f-4959-9d0b-956956508b19\data\admdb.sqlite
[2025-09-15 13:24:56] INFO: INI ALAMAT TABLENYA :  D:\Work\Mii\TEMPLATES\ssrtemplates\.angular\prerender-root\362cb77a-8f9b-468f-94fb-d942b6dd1b41\data\admdb.sqlite
[2025-09-15 13:24:58] INFO: INI ALAMAT TABLENYA :  D:\Work\Mii\TEMPLATES\ssrtemplates\.angular\prerender-root\43d51448-906f-4d50-8773-0151293329ca\data\admdb.sqlite
[2025-09-15 13:24:58] INFO: INI ALAMAT TABLENYA :  D:\Work\Mii\TEMPLATES\ssrtemplates\.angular\prerender-root\e19047ab-16a6-40b3-bacd-6389c4e4ab03\data\admdb.sqlite
[2025-09-15 13:24:58] INFO: INI ALAMAT TABLENYA :  D:\Work\Mii\TEMPLATES\ssrtemplates\.angular\prerender-root\a2b02e1e-7d41-424b-831c-33154eba4365\data\admdb.sqlite
[2025-09-15 13:24:58] INFO: INI ALAMAT TABLENYA :  D:\Work\Mii\TEMPLATES\ssrtemplates\.angular\prerender-root\b5f8dfd0-2b63-4642-ad83-e624d628f33d\data\admdb.sqlite
[2025-09-15 13:25:40] INFO: INI ALAMAT TABLENYA :  D:\Work\Mii\TEMPLATES\ssrtemplates\.angular\prerender-root\73b344dd-5915-4a16-96f3-8b4271a3eea7\data\admdb.sqlite
[2025-09-15 13:25:42] INFO: INI ALAMAT TABLENYA :  D:\Work\Mii\TEMPLATES\ssrtemplates\.angular\prerender-root\9525ff42-654b-45c3-87f4-9ac26a5ad5e3\data\admdb.sqlite
[2025-09-15 13:25:42] INFO: INI ALAMAT TABLENYA :  D:\Work\Mii\TEMPLATES\ssrtemplates\.angular\prerender-root\0c2b34cd-90ef-4371-98ab-126e5fc27212\data\admdb.sqlite
[2025-09-15 13:25:42] INFO: INI ALAMAT TABLENYA :  D:\Work\Mii\TEMPLATES\ssrtemplates\.angular\prerender-root\20219d50-b968-4012-bb52-03c0db4a4e3b\data\admdb.sqlite
[2025-09-15 13:25:42] INFO: INI ALAMAT TABLENYA :  D:\Work\Mii\TEMPLATES\ssrtemplates\.angular\prerender-root\74197ffe-c708-49a5-b924-a52ac8b68dc9\data\admdb.sqlite
[2025-09-15 13:26:21] INFO: INI ALAMAT TABLENYA :  D:\Work\Mii\TEMPLATES\ssrtemplates\.angular\prerender-root\15adc43b-7665-4464-bdbf-81bc73114f6d\data\admdb.sqlite
[2025-09-15 13:26:24] INFO: INI ALAMAT TABLENYA :  D:\Work\Mii\TEMPLATES\ssrtemplates\.angular\prerender-root\508c1bcf-315c-4875-b64f-10ae5ec73581\data\admdb.sqlite
[2025-09-15 13:26:24] INFO: INI ALAMAT TABLENYA :  D:\Work\Mii\TEMPLATES\ssrtemplates\.angular\prerender-root\0e089197-0568-4412-b297-f8c5b3abadb7\data\admdb.sqlite
[2025-09-15 13:26:24] INFO: INI ALAMAT TABLENYA :  D:\Work\Mii\TEMPLATES\ssrtemplates\.angular\prerender-root\689e6878-a23e-4bc4-9171-4f45afe668a9\data\admdb.sqlite
[2025-09-15 13:26:24] INFO: INI ALAMAT TABLENYA :  D:\Work\Mii\TEMPLATES\ssrtemplates\.angular\prerender-root\01b70b34-525b-44b5-b2d6-c706bbaac2e8\data\admdb.sqlite
[2025-09-15 13:28:44] INFO: INI ALAMAT TABLENYA :  D:\Work\Mii\TEMPLATES\ssrtemplates\.angular\prerender-root\cecde09a-6c9a-48f6-a47a-f7282bb72a9d\data\admdb.sqlite
[2025-09-15 13:28:46] INFO: INI ALAMAT TABLENYA :  D:\Work\Mii\TEMPLATES\ssrtemplates\.angular\prerender-root\382a00b5-21d4-4879-b4a1-2bac1611cbfa\data\admdb.sqlite
[2025-09-15 13:28:46] INFO: INI ALAMAT TABLENYA :  D:\Work\Mii\TEMPLATES\ssrtemplates\.angular\prerender-root\d9e02332-34b9-4e05-bdb5-cf9768b791ee\data\admdb.sqlite
[2025-09-15 13:28:46] INFO: INI ALAMAT TABLENYA :  D:\Work\Mii\TEMPLATES\ssrtemplates\.angular\prerender-root\51d7ba88-e5d9-492d-a14c-9213911f0176\data\admdb.sqlite
[2025-09-15 13:28:47] INFO: INI ALAMAT TABLENYA :  D:\Work\Mii\TEMPLATES\ssrtemplates\.angular\prerender-root\f9534f32-694c-4bff-812e-7d55d237d956\data\admdb.sqlite
[2025-09-15 13:29:25] INFO: INI ALAMAT TABLENYA :  D:\Work\Mii\TEMPLATES\ssrtemplates\dist\ssrtemplates\server\data\admdb.sqlite
[2025-09-15 13:30:15] INFO: INI ALAMAT TABLENYA :  D:\Work\Mii\TEMPLATES\ssrtemplates\.angular\prerender-root\4db88422-dfe2-4bf6-a072-5101f485bf21\data\admdb.sqlite
[2025-09-15 13:30:17] INFO: INI ALAMAT TABLENYA :  D:\Work\Mii\TEMPLATES\ssrtemplates\.angular\prerender-root\9a4a406a-fafb-4dbf-b2fe-76515d582787\data\admdb.sqlite
[2025-09-15 13:30:17] INFO: INI ALAMAT TABLENYA :  D:\Work\Mii\TEMPLATES\ssrtemplates\.angular\prerender-root\bdfe5378-afe8-4aae-8a4a-b439e374ed2d\data\admdb.sqlite
[2025-09-15 13:30:17] INFO: INI ALAMAT TABLENYA :  D:\Work\Mii\TEMPLATES\ssrtemplates\.angular\prerender-root\b79db7ce-a52c-465e-8640-411e84f40646\data\admdb.sqlite
[2025-09-15 13:30:17] INFO: INI ALAMAT TABLENYA :  D:\Work\Mii\TEMPLATES\ssrtemplates\.angular\prerender-root\cd3d9f4b-e7c7-4b70-9543-c15919c8be33\data\admdb.sqlite
[2025-09-15 13:30:26] INFO: INI ALAMAT TABLENYA :  D:\Work\Mii\TEMPLATES\ssrtemplates\dist\ssrtemplates\server\data\admdb.sqlite
[2025-09-15 13:33:17] INFO: INI ALAMAT TABLENYA :  D:\Work\Mii\TEMPLATES\ssrtemplates\.angular\prerender-root\ec5bc851-d8c7-4406-978a-153398007cc1\data\admdb.sqlite
[2025-09-15 13:33:19] INFO: INI ALAMAT TABLENYA :  D:\Work\Mii\TEMPLATES\ssrtemplates\.angular\prerender-root\d619225a-f2fb-4884-a17f-93425db570aa\data\admdb.sqlite
[2025-09-15 13:33:19] INFO: INI ALAMAT TABLENYA :  D:\Work\Mii\TEMPLATES\ssrtemplates\.angular\prerender-root\d6fb3010-123a-466b-9361-cfcbc179fb37\data\admdb.sqlite
[2025-09-15 13:33:19] INFO: INI ALAMAT TABLENYA :  D:\Work\Mii\TEMPLATES\ssrtemplates\.angular\prerender-root\3c6b6141-aca8-49c8-bd21-239a443b5513\data\admdb.sqlite
[2025-09-15 13:33:19] INFO: INI ALAMAT TABLENYA :  D:\Work\Mii\TEMPLATES\ssrtemplates\.angular\prerender-root\b794da2e-3e72-44ed-9bd9-382645ba446a\data\admdb.sqlite
[2025-09-15 13:33:28] INFO: INI ALAMAT TABLENYA :  D:\Work\Mii\TEMPLATES\ssrtemplates\dist\ssrtemplates\server\data\admdb.sqlite
[2025-09-15 20:03:37] INFO: INI ALAMAT TABLENYA :  D:\Work\Mii\TEMPLATES\ssrtemplates\.angular\prerender-root\3e0282ef-019d-4b00-acf3-1855a1e9c84b\data\admdb.sqlite
[2025-09-15 20:03:42] INFO: INI ALAMAT TABLENYA :  D:\Work\Mii\TEMPLATES\ssrtemplates\.angular\prerender-root\c66dcaa6-ae62-4716-af88-3a8931330992\data\admdb.sqlite
[2025-09-15 20:03:42] INFO: INI ALAMAT TABLENYA :  D:\Work\Mii\TEMPLATES\ssrtemplates\.angular\prerender-root\efe4d67e-6118-417b-9409-53c24905314b\data\admdb.sqlite
[2025-09-15 20:03:42] INFO: INI ALAMAT TABLENYA :  D:\Work\Mii\TEMPLATES\ssrtemplates\.angular\prerender-root\d4ee246d-2116-4289-be20-4b344e4d3b68\data\admdb.sqlite
[2025-09-15 20:03:42] INFO: INI ALAMAT TABLENYA :  D:\Work\Mii\TEMPLATES\ssrtemplates\.angular\prerender-root\1921ec71-c0ab-411b-b4f0-706a1dc11593\data\admdb.sqlite
[2025-09-15 20:04:50] INFO: INI ALAMAT TABLENYA :  D:\Work\Mii\TEMPLATES\ssrtemplates\dist\ssrtemplates\server\data\admdb.sqlite
[2025-09-15 20:05:22] WARN: Invalid or unavailable token
[2025-09-15 20:07:15] INFO: INI ALAMAT TABLENYA :  D:\Work\Mii\TEMPLATES\ssrtemplates\.angular\prerender-root\5f20b972-1b11-4e6c-ae2c-2c0c6beada3e\data\admdb.sqlite
[2025-09-15 20:07:16] INFO: INI ALAMAT TABLENYA :  D:\Work\Mii\TEMPLATES\ssrtemplates\.angular\prerender-root\d17932f2-14ed-4f70-aa19-eb242e09d170\data\admdb.sqlite
[2025-09-15 20:07:16] INFO: INI ALAMAT TABLENYA :  D:\Work\Mii\TEMPLATES\ssrtemplates\.angular\prerender-root\aa59e763-2f8d-4d38-9e99-c7b220e29158\data\admdb.sqlite
[2025-09-15 20:07:16] INFO: INI ALAMAT TABLENYA :  D:\Work\Mii\TEMPLATES\ssrtemplates\.angular\prerender-root\2ab9260c-76cb-4879-9c02-73ea0b4e160f\data\admdb.sqlite
[2025-09-15 20:07:16] INFO: INI ALAMAT TABLENYA :  D:\Work\Mii\TEMPLATES\ssrtemplates\.angular\prerender-root\d3636936-92e7-42b4-9811-53dfd1ae284d\data\admdb.sqlite
[2025-09-15 20:07:24] INFO: INI ALAMAT TABLENYA :  D:\Work\Mii\TEMPLATES\ssrtemplates\dist\ssrtemplates\server\data\admdb.sqlite
[2025-09-15 20:07:36] ERROR: Error api.controller :  {"code":"SQLITE_ERROR"}
[2025-09-15 20:07:58] ERROR: Error api.controller :  {"code":"SQLITE_ERROR"}
[2025-09-15 20:08:48] INFO: INI ALAMAT TABLENYA :  D:\Work\Mii\TEMPLATES\ssrtemplates\.angular\prerender-root\5be21eff-a115-43fb-a193-64741e21721f\data\admdb.sqlite
[2025-09-15 20:08:50] INFO: INI ALAMAT TABLENYA :  D:\Work\Mii\TEMPLATES\ssrtemplates\.angular\prerender-root\65bec23f-1f0c-4d4a-8ea7-01b1e20d5a0b\data\admdb.sqlite
[2025-09-15 20:08:50] INFO: INI ALAMAT TABLENYA :  D:\Work\Mii\TEMPLATES\ssrtemplates\.angular\prerender-root\4e5c3afb-2080-426a-b0b3-9d6c6a9682a4\data\admdb.sqlite
[2025-09-15 20:08:50] INFO: INI ALAMAT TABLENYA :  D:\Work\Mii\TEMPLATES\ssrtemplates\.angular\prerender-root\e25a55be-a528-4836-b507-8a439c8b796a\data\admdb.sqlite
[2025-09-15 20:08:50] INFO: INI ALAMAT TABLENYA :  D:\Work\Mii\TEMPLATES\ssrtemplates\.angular\prerender-root\ee278a11-c827-4b3d-b5a9-53b0b9f34b8c\data\admdb.sqlite
[2025-09-15 20:09:08] INFO: INI ALAMAT TABLENYA :  D:\Work\Mii\TEMPLATES\ssrtemplates\dist\ssrtemplates\server\data\admdb.sqlite
[2025-09-15 20:11:37] INFO: INI ALAMAT TABLENYA :  D:\Work\Mii\TEMPLATES\ssrtemplates\.angular\prerender-root\07431c2d-efd0-452a-8a9a-5fe30e55804e\data\admdb.sqlite
[2025-09-15 20:11:45] INFO: INI ALAMAT TABLENYA :  D:\Work\Mii\TEMPLATES\ssrtemplates\.angular\prerender-root\17530be4-3806-4be7-9d30-7935a6fbca41\data\admdb.sqlite
[2025-09-15 20:11:45] INFO: INI ALAMAT TABLENYA :  D:\Work\Mii\TEMPLATES\ssrtemplates\.angular\prerender-root\908445e2-cfc8-4323-936e-b912149aaad8\data\admdb.sqlite
[2025-09-15 20:11:45] INFO: INI ALAMAT TABLENYA :  D:\Work\Mii\TEMPLATES\ssrtemplates\.angular\prerender-root\f11f6bdc-c2df-4979-96e7-e645f488a29a\data\admdb.sqlite
[2025-09-15 20:11:45] INFO: INI ALAMAT TABLENYA :  D:\Work\Mii\TEMPLATES\ssrtemplates\.angular\prerender-root\52e1f0f7-5188-4a07-ad9a-53d0711edd8c\data\admdb.sqlite
[2025-09-15 20:12:03] INFO: INI ALAMAT TABLENYA :  D:\Work\Mii\TEMPLATES\ssrtemplates\dist\ssrtemplates\server\data\admdb.sqlite
[2025-09-15 20:48:01] INFO: INI ALAMAT TABLENYA :  D:\Work\Mii\TEMPLATES\ssrtemplates\.angular\prerender-root\ac2b71b2-cf30-4064-8792-22a4bbad8c25\data\admdb.sqlite
[2025-09-15 20:48:02] INFO: INI ALAMAT TABLENYA :  D:\Work\Mii\TEMPLATES\ssrtemplates\.angular\prerender-root\e3f7f4bd-d799-4f27-93bb-6f2e291a81f9\data\admdb.sqlite
[2025-09-15 20:48:02] INFO: INI ALAMAT TABLENYA :  D:\Work\Mii\TEMPLATES\ssrtemplates\.angular\prerender-root\c587a374-d3ed-4070-b220-a5b366c79909\data\admdb.sqlite
[2025-09-15 20:48:02] INFO: INI ALAMAT TABLENYA :  D:\Work\Mii\TEMPLATES\ssrtemplates\.angular\prerender-root\e02e33d7-d24f-435b-a1c7-6276cb071737\data\admdb.sqlite
[2025-09-15 20:48:02] INFO: INI ALAMAT TABLENYA :  D:\Work\Mii\TEMPLATES\ssrtemplates\.angular\prerender-root\8bfba1d6-7d05-4773-904a-a6efb48cff9c\data\admdb.sqlite
[2025-09-15 20:48:09] INFO: INI ALAMAT TABLENYA :  D:\Work\Mii\TEMPLATES\ssrtemplates\dist\ssrtemplates\server\data\admdb.sqlite
[2025-09-15 20:50:37] INFO: INI ALAMAT TABLENYA :  D:\Work\Mii\TEMPLATES\ssrtemplates\.angular\prerender-root\23265692-9ffe-4dfe-a412-ebd92244f023\data\admdb.sqlite
[2025-09-15 20:50:38] INFO: INI ALAMAT TABLENYA :  D:\Work\Mii\TEMPLATES\ssrtemplates\.angular\prerender-root\ad0ec6ca-e122-4bb7-87c0-d7c99b7a882f\data\admdb.sqlite
[2025-09-15 20:50:38] INFO: INI ALAMAT TABLENYA :  D:\Work\Mii\TEMPLATES\ssrtemplates\.angular\prerender-root\e2daf7de-db9f-4045-a904-44506f0ba883\data\admdb.sqlite
[2025-09-15 20:50:38] INFO: INI ALAMAT TABLENYA :  D:\Work\Mii\TEMPLATES\ssrtemplates\.angular\prerender-root\ccb52b31-ae1f-4d07-9105-66c2ae799ca5\data\admdb.sqlite
[2025-09-15 20:50:38] INFO: INI ALAMAT TABLENYA :  D:\Work\Mii\TEMPLATES\ssrtemplates\.angular\prerender-root\668812b3-68c8-4c88-974d-2cce65bcf9cc\data\admdb.sqlite
[2025-09-15 20:50:45] INFO: INI ALAMAT TABLENYA :  D:\Work\Mii\TEMPLATES\ssrtemplates\dist\ssrtemplates\server\data\admdb.sqlite
[2025-09-15 20:51:09] ERROR: Error api.controller :  {"code":"SQLITE_ERROR"}
[2025-09-15 20:51:52] ERROR: Error api.controller :  {"code":"SQLITE_ERROR"}
[2025-09-15 20:55:23] INFO: INI ALAMAT TABLENYA :  D:\Work\Mii\TEMPLATES\ssrtemplates\.angular\prerender-root\46270fbd-bbb7-450c-9dc3-a0dab5fbc698\data\admdb.sqlite
[2025-09-15 20:55:24] INFO: INI ALAMAT TABLENYA :  D:\Work\Mii\TEMPLATES\ssrtemplates\.angular\prerender-root\cc4cef8b-7fd8-4308-aff9-10cef1cfa7c1\data\admdb.sqlite
[2025-09-15 20:55:24] INFO: INI ALAMAT TABLENYA :  D:\Work\Mii\TEMPLATES\ssrtemplates\.angular\prerender-root\6a5d5f9c-af78-47ba-961f-5346586d07aa\data\admdb.sqlite
[2025-09-15 20:55:24] INFO: INI ALAMAT TABLENYA :  D:\Work\Mii\TEMPLATES\ssrtemplates\.angular\prerender-root\0cfc4f27-0233-475a-a776-0fe4edf7e07e\data\admdb.sqlite
[2025-09-15 20:55:24] INFO: INI ALAMAT TABLENYA :  D:\Work\Mii\TEMPLATES\ssrtemplates\.angular\prerender-root\b3d5558e-ad03-4356-aba3-e370c40d873a\data\admdb.sqlite
[2025-09-15 21:01:27] INFO: INI ALAMAT TABLENYA :  D:\Work\Mii\TEMPLATES\ssrtemplates\.angular\prerender-root\9d5f32cd-18e7-4f04-852e-ee6a5ab8d7b4\data\admdb.sqlite
[2025-09-15 21:01:28] INFO: INI ALAMAT TABLENYA :  D:\Work\Mii\TEMPLATES\ssrtemplates\.angular\prerender-root\1b752e90-2e02-49c8-8f0f-90857978680b\data\admdb.sqlite
[2025-09-15 21:01:28] INFO: INI ALAMAT TABLENYA :  D:\Work\Mii\TEMPLATES\ssrtemplates\.angular\prerender-root\abeed1ab-9d36-4310-a70b-6f8a1385df0e\data\admdb.sqlite
[2025-09-15 21:01:28] INFO: INI ALAMAT TABLENYA :  D:\Work\Mii\TEMPLATES\ssrtemplates\.angular\prerender-root\67c2a6f3-296f-45c8-aa0c-0eb06fd632fe\data\admdb.sqlite
[2025-09-15 21:01:28] INFO: INI ALAMAT TABLENYA :  D:\Work\Mii\TEMPLATES\ssrtemplates\.angular\prerender-root\22f73569-047f-4820-bfed-daa34bbdac3f\data\admdb.sqlite
[2025-09-15 21:01:35] INFO: INI ALAMAT TABLENYA :  D:\Work\Mii\TEMPLATES\ssrtemplates\dist\ssrtemplates\server\data\admdb.sqlite
[2025-09-15 21:14:28] INFO: INI ALAMAT TABLENYA :  D:\Work\Mii\TEMPLATES\ssrtemplates\.angular\prerender-root\c3a475ae-c8bb-4b96-85ca-38384c3661d4\data\admdb.sqlite
[2025-09-15 21:14:30] INFO: INI ALAMAT TABLENYA :  D:\Work\Mii\TEMPLATES\ssrtemplates\.angular\prerender-root\db11352f-c5f7-4f2d-b985-c9a115baa548\data\admdb.sqlite
[2025-09-15 21:14:30] INFO: INI ALAMAT TABLENYA :  D:\Work\Mii\TEMPLATES\ssrtemplates\.angular\prerender-root\6d390332-173e-4356-b3ed-201d31bba620\data\admdb.sqlite
[2025-09-15 21:14:30] INFO: INI ALAMAT TABLENYA :  D:\Work\Mii\TEMPLATES\ssrtemplates\.angular\prerender-root\728fe24e-2817-46ed-9089-4df2373e2bc6\data\admdb.sqlite
[2025-09-15 21:14:30] INFO: INI ALAMAT TABLENYA :  D:\Work\Mii\TEMPLATES\ssrtemplates\.angular\prerender-root\0cdab668-1ed5-467a-978f-24e39e8f960a\data\admdb.sqlite
[2025-09-15 21:14:37] INFO: INI ALAMAT TABLENYA :  D:\Work\Mii\TEMPLATES\ssrtemplates\dist\ssrtemplates\server\data\admdb.sqlite
[2025-09-15 21:16:38] INFO: INI ALAMAT TABLENYA :  D:\Work\Mii\TEMPLATES\ssrtemplates\.angular\prerender-root\e20ac16a-58a9-4965-b699-fc42d15a4c1d\data\admdb.sqlite
[2025-09-15 21:16:39] INFO: INI ALAMAT TABLENYA :  D:\Work\Mii\TEMPLATES\ssrtemplates\.angular\prerender-root\b89658d8-bbba-4dcc-9a96-4752192f369c\data\admdb.sqlite
[2025-09-15 21:16:39] INFO: INI ALAMAT TABLENYA :  D:\Work\Mii\TEMPLATES\ssrtemplates\.angular\prerender-root\9c66cbeb-d9c2-4afc-a9d9-1c540f1da4cf\data\admdb.sqlite
[2025-09-15 21:16:39] INFO: INI ALAMAT TABLENYA :  D:\Work\Mii\TEMPLATES\ssrtemplates\.angular\prerender-root\80a4eb2a-795b-4d2f-9cde-adad4b2d8b67\data\admdb.sqlite
[2025-09-15 21:16:39] INFO: INI ALAMAT TABLENYA :  D:\Work\Mii\TEMPLATES\ssrtemplates\.angular\prerender-root\f40b5001-cd31-4774-88a5-3b49ad987ea5\data\admdb.sqlite
[2025-09-15 21:16:46] INFO: INI ALAMAT TABLENYA :  D:\Work\Mii\TEMPLATES\ssrtemplates\dist\ssrtemplates\server\data\admdb.sqlite
[2025-09-15 21:17:44] INFO: INI ALAMAT TABLENYA :  D:\Work\Mii\TEMPLATES\ssrtemplates\.angular\prerender-root\12a36fa3-1929-46c6-af08-bbbb2edebbcd\data\admdb.sqlite
[2025-09-15 21:17:45] INFO: INI ALAMAT TABLENYA :  D:\Work\Mii\TEMPLATES\ssrtemplates\.angular\prerender-root\6f2fe8f2-be1d-4825-bc8b-a4682f91c06b\data\admdb.sqlite
[2025-09-15 21:17:45] INFO: INI ALAMAT TABLENYA :  D:\Work\Mii\TEMPLATES\ssrtemplates\.angular\prerender-root\2d3cbf5f-3af2-4431-8aa2-89958ae24b2e\data\admdb.sqlite
[2025-09-15 21:17:45] INFO: INI ALAMAT TABLENYA :  D:\Work\Mii\TEMPLATES\ssrtemplates\.angular\prerender-root\2aad37fc-b7cc-4934-adb3-66a1290ed68d\data\admdb.sqlite
[2025-09-15 21:17:45] INFO: INI ALAMAT TABLENYA :  D:\Work\Mii\TEMPLATES\ssrtemplates\.angular\prerender-root\40e0918e-2ad5-4ad7-ba82-faac6e55a97e\data\admdb.sqlite
[2025-09-15 21:17:52] INFO: INI ALAMAT TABLENYA :  D:\Work\Mii\TEMPLATES\ssrtemplates\dist\ssrtemplates\server\data\admdb.sqlite
[2025-09-15 21:19:55] INFO: INI ALAMAT TABLENYA :  D:\Work\Mii\TEMPLATES\ssrtemplates\.angular\prerender-root\abae07aa-9dc6-4374-b1ad-6786b790b9f0\data\admdb.sqlite
[2025-09-15 21:19:57] INFO: INI ALAMAT TABLENYA :  D:\Work\Mii\TEMPLATES\ssrtemplates\.angular\prerender-root\04f08923-5c07-4b64-89df-5c89a91e1a29\data\admdb.sqlite
[2025-09-15 21:19:57] INFO: INI ALAMAT TABLENYA :  D:\Work\Mii\TEMPLATES\ssrtemplates\.angular\prerender-root\f748e1f2-d965-4914-abf0-0753553e0051\data\admdb.sqlite
[2025-09-15 21:19:57] INFO: INI ALAMAT TABLENYA :  D:\Work\Mii\TEMPLATES\ssrtemplates\.angular\prerender-root\c7e88b41-fcfc-48b7-856c-eaa21ebf04d4\data\admdb.sqlite
[2025-09-15 21:19:57] INFO: INI ALAMAT TABLENYA :  D:\Work\Mii\TEMPLATES\ssrtemplates\.angular\prerender-root\eb5e6f89-df16-45ac-916e-6c6601cba984\data\admdb.sqlite
[2025-09-15 21:20:16] INFO: INI ALAMAT TABLENYA :  D:\Work\Mii\TEMPLATES\ssrtemplates\.angular\prerender-root\7a454c64-4c76-42b0-8496-a35b21ca0b6e\data\admdb.sqlite
[2025-09-15 21:20:17] INFO: INI ALAMAT TABLENYA :  D:\Work\Mii\TEMPLATES\ssrtemplates\.angular\prerender-root\2864426b-d688-4c0e-8d83-0ba7feebd0a2\data\admdb.sqlite
[2025-09-15 21:20:17] INFO: INI ALAMAT TABLENYA :  D:\Work\Mii\TEMPLATES\ssrtemplates\.angular\prerender-root\49843cf9-a473-4010-ac11-6642f6830438\data\admdb.sqlite
[2025-09-15 21:20:17] INFO: INI ALAMAT TABLENYA :  D:\Work\Mii\TEMPLATES\ssrtemplates\.angular\prerender-root\2ef2cb5e-8dc8-485d-80cf-68b1de037222\data\admdb.sqlite
[2025-09-15 21:20:17] INFO: INI ALAMAT TABLENYA :  D:\Work\Mii\TEMPLATES\ssrtemplates\.angular\prerender-root\cad3d164-bb2b-4d58-88dc-5fafdd67e4b0\data\admdb.sqlite
[2025-09-15 21:20:47] INFO: INI ALAMAT TABLENYA :  D:\Work\Mii\TEMPLATES\ssrtemplates\dist\ssrtemplates\server\data\admdb.sqlite
[2025-09-15 21:23:19] INFO: INI ALAMAT TABLENYA :  D:\Work\Mii\TEMPLATES\ssrtemplates\.angular\prerender-root\a3f8ef3f-92dc-44a3-a2cb-0310bbd16676\data\admdb.sqlite
[2025-09-15 21:23:20] INFO: INI ALAMAT TABLENYA :  D:\Work\Mii\TEMPLATES\ssrtemplates\.angular\prerender-root\6f2745e6-4005-4168-9146-06ba087e116d\data\admdb.sqlite
[2025-09-15 21:23:20] INFO: INI ALAMAT TABLENYA :  D:\Work\Mii\TEMPLATES\ssrtemplates\.angular\prerender-root\01703e44-2bea-47b4-8495-47eb2e2f8902\data\admdb.sqlite
[2025-09-15 21:23:20] INFO: INI ALAMAT TABLENYA :  D:\Work\Mii\TEMPLATES\ssrtemplates\.angular\prerender-root\d1910322-6492-45f1-9021-46c202b94593\data\admdb.sqlite
[2025-09-15 21:23:20] INFO: INI ALAMAT TABLENYA :  D:\Work\Mii\TEMPLATES\ssrtemplates\.angular\prerender-root\13337d19-d437-41e3-b8ec-6f92df855330\data\admdb.sqlite
[2025-09-15 21:23:30] INFO: INI ALAMAT TABLENYA :  D:\Work\Mii\TEMPLATES\ssrtemplates\dist\ssrtemplates\server\data\admdb.sqlite
[2025-09-15 21:24:41] INFO: INI ALAMAT TABLENYA :  D:\Work\Mii\TEMPLATES\ssrtemplates\.angular\prerender-root\c53bcc4c-4f3b-4035-b4f3-b987de23b954\data\admdb.sqlite
[2025-09-15 21:24:42] INFO: INI ALAMAT TABLENYA :  D:\Work\Mii\TEMPLATES\ssrtemplates\.angular\prerender-root\d188368f-a924-4a99-965b-03c7f7b5e38d\data\admdb.sqlite
[2025-09-15 21:24:42] INFO: INI ALAMAT TABLENYA :  D:\Work\Mii\TEMPLATES\ssrtemplates\.angular\prerender-root\c83131c7-5ebe-4f6c-a93e-0d25d7f3cff2\data\admdb.sqlite
[2025-09-15 21:24:42] INFO: INI ALAMAT TABLENYA :  D:\Work\Mii\TEMPLATES\ssrtemplates\.angular\prerender-root\60cc7e9c-6229-4a71-98cf-3b13c18ef9df\data\admdb.sqlite
[2025-09-15 21:24:42] INFO: INI ALAMAT TABLENYA :  D:\Work\Mii\TEMPLATES\ssrtemplates\.angular\prerender-root\77b0773f-d476-49fc-ad19-5ddfc6d941b0\data\admdb.sqlite
[2025-09-15 21:24:49] INFO: INI ALAMAT TABLENYA :  D:\Work\Mii\TEMPLATES\ssrtemplates\dist\ssrtemplates\server\data\admdb.sqlite
[2025-09-15 21:26:36] INFO: INI ALAMAT TABLENYA :  D:\Work\Mii\TEMPLATES\ssrtemplates\.angular\prerender-root\24dd2753-8430-4f17-9fe2-a2b0cfd469e6\data\admdb.sqlite
[2025-09-15 21:26:37] INFO: INI ALAMAT TABLENYA :  D:\Work\Mii\TEMPLATES\ssrtemplates\.angular\prerender-root\d633b228-36ad-47f3-a394-f8731478e933\data\admdb.sqlite
[2025-09-15 21:26:37] INFO: INI ALAMAT TABLENYA :  D:\Work\Mii\TEMPLATES\ssrtemplates\.angular\prerender-root\a8c5dee4-8fa3-4775-a34d-55ebe75cb4ab\data\admdb.sqlite
[2025-09-15 21:26:37] INFO: INI ALAMAT TABLENYA :  D:\Work\Mii\TEMPLATES\ssrtemplates\.angular\prerender-root\91d15650-ffe6-424e-bfab-26bca8e64cf5\data\admdb.sqlite
[2025-09-15 21:26:37] INFO: INI ALAMAT TABLENYA :  D:\Work\Mii\TEMPLATES\ssrtemplates\.angular\prerender-root\21291a75-a064-4cdc-817e-fc38d72e288b\data\admdb.sqlite
[2025-09-15 21:26:44] INFO: INI ALAMAT TABLENYA :  D:\Work\Mii\TEMPLATES\ssrtemplates\dist\ssrtemplates\server\data\admdb.sqlite
[2025-09-15 21:27:46] INFO: INI ALAMAT TABLENYA :  D:\Work\Mii\TEMPLATES\ssrtemplates\.angular\prerender-root\6bc84c5a-fec2-415d-af06-afffcd8c36ca\data\admdb.sqlite
[2025-09-15 21:27:48] INFO: INI ALAMAT TABLENYA :  D:\Work\Mii\TEMPLATES\ssrtemplates\.angular\prerender-root\db307a9d-a7ce-4c18-83ce-3e9453751646\data\admdb.sqlite
[2025-09-15 21:27:48] INFO: INI ALAMAT TABLENYA :  D:\Work\Mii\TEMPLATES\ssrtemplates\.angular\prerender-root\4cbc00d2-4495-4782-ab20-44b766d189da\data\admdb.sqlite
[2025-09-15 21:27:48] INFO: INI ALAMAT TABLENYA :  D:\Work\Mii\TEMPLATES\ssrtemplates\.angular\prerender-root\6fa96317-2453-4fe6-8050-8d26ad05a51d\data\admdb.sqlite
[2025-09-15 21:27:48] INFO: INI ALAMAT TABLENYA :  D:\Work\Mii\TEMPLATES\ssrtemplates\.angular\prerender-root\140bf6c4-43dc-41ca-9db1-b84ede6bca81\data\admdb.sqlite
[2025-09-15 21:27:54] INFO: INI ALAMAT TABLENYA :  D:\Work\Mii\TEMPLATES\ssrtemplates\dist\ssrtemplates\server\data\admdb.sqlite
[2025-09-15 21:30:58] INFO: INI ALAMAT TABLENYA :  D:\Work\Mii\TEMPLATES\ssrtemplates\.angular\prerender-root\6c9b6723-e799-4add-ba48-1252e1ea8481\data\admdb.sqlite
[2025-09-15 21:31:00] INFO: INI ALAMAT TABLENYA :  D:\Work\Mii\TEMPLATES\ssrtemplates\.angular\prerender-root\19e74d9b-451b-4534-9bd4-2652c209c01f\data\admdb.sqlite
[2025-09-15 21:31:00] INFO: INI ALAMAT TABLENYA :  D:\Work\Mii\TEMPLATES\ssrtemplates\.angular\prerender-root\d5c13455-d306-48ee-9ca2-7f212c6d326c\data\admdb.sqlite
[2025-09-15 21:31:00] INFO: INI ALAMAT TABLENYA :  D:\Work\Mii\TEMPLATES\ssrtemplates\.angular\prerender-root\bf7a9373-53d3-4bdb-9bb0-6162148c6f4a\data\admdb.sqlite
[2025-09-15 21:31:00] INFO: INI ALAMAT TABLENYA :  D:\Work\Mii\TEMPLATES\ssrtemplates\.angular\prerender-root\c64837bf-e09a-4cab-a140-fb098aed7238\data\admdb.sqlite
[2025-09-15 21:31:06] INFO: INI ALAMAT TABLENYA :  D:\Work\Mii\TEMPLATES\ssrtemplates\dist\ssrtemplates\server\data\admdb.sqlite
[2025-09-15 21:33:06] INFO: INI ALAMAT TABLENYA :  D:\Work\Mii\TEMPLATES\ssrtemplates\.angular\prerender-root\e1a34d9f-7aae-484f-ae9d-54b6b7dc4c96\data\admdb.sqlite
[2025-09-15 21:33:08] INFO: INI ALAMAT TABLENYA :  D:\Work\Mii\TEMPLATES\ssrtemplates\.angular\prerender-root\bac3ac41-efbd-4768-9810-7b259a10d970\data\admdb.sqlite
[2025-09-15 21:33:08] INFO: INI ALAMAT TABLENYA :  D:\Work\Mii\TEMPLATES\ssrtemplates\.angular\prerender-root\b67f6680-5f07-4c4c-961e-fdaabe70dd50\data\admdb.sqlite
[2025-09-15 21:33:08] INFO: INI ALAMAT TABLENYA :  D:\Work\Mii\TEMPLATES\ssrtemplates\.angular\prerender-root\a3f3cd76-242d-47a1-8f7c-94bcddd271c3\data\admdb.sqlite
[2025-09-15 21:33:08] INFO: INI ALAMAT TABLENYA :  D:\Work\Mii\TEMPLATES\ssrtemplates\.angular\prerender-root\eacc4a41-ea2f-4692-b06c-65feef203590\data\admdb.sqlite
[2025-09-15 21:33:14] INFO: INI ALAMAT TABLENYA :  D:\Work\Mii\TEMPLATES\ssrtemplates\dist\ssrtemplates\server\data\admdb.sqlite
[2025-09-15 21:34:56] INFO: INI ALAMAT TABLENYA :  D:\Work\Mii\TEMPLATES\ssrtemplates\.angular\prerender-root\7d60f6b6-534d-4225-bfda-a9e6713915ae\data\admdb.sqlite
[2025-09-15 21:34:57] INFO: INI ALAMAT TABLENYA :  D:\Work\Mii\TEMPLATES\ssrtemplates\.angular\prerender-root\9dc6d80a-5315-495d-b08b-5264088aaaea\data\admdb.sqlite
[2025-09-15 21:34:57] INFO: INI ALAMAT TABLENYA :  D:\Work\Mii\TEMPLATES\ssrtemplates\.angular\prerender-root\3b2c9ecc-0166-4cfa-ba47-82786a6e327b\data\admdb.sqlite
[2025-09-15 21:34:57] INFO: INI ALAMAT TABLENYA :  D:\Work\Mii\TEMPLATES\ssrtemplates\.angular\prerender-root\1f080d7c-8f4d-4820-bfa0-83569dcba30d\data\admdb.sqlite
[2025-09-15 21:34:57] INFO: INI ALAMAT TABLENYA :  D:\Work\Mii\TEMPLATES\ssrtemplates\.angular\prerender-root\48a281fb-ea33-40a6-9734-1ceacad9ca59\data\admdb.sqlite
[2025-09-15 21:35:40] INFO: INI ALAMAT TABLENYA :  D:\Work\Mii\TEMPLATES\ssrtemplates\.angular\prerender-root\4e54b34e-f56c-49d4-baf8-29a889c37549\data\admdb.sqlite
[2025-09-15 21:35:41] INFO: INI ALAMAT TABLENYA :  D:\Work\Mii\TEMPLATES\ssrtemplates\.angular\prerender-root\aa22513d-a74e-4215-b7e7-64dd26a25989\data\admdb.sqlite
[2025-09-15 21:35:41] INFO: INI ALAMAT TABLENYA :  D:\Work\Mii\TEMPLATES\ssrtemplates\.angular\prerender-root\d2feab14-52bd-4b1b-95ba-55ee3e8cd7f3\data\admdb.sqlite
[2025-09-15 21:35:41] INFO: INI ALAMAT TABLENYA :  D:\Work\Mii\TEMPLATES\ssrtemplates\.angular\prerender-root\d9fdcb24-daa1-491b-afc0-d9a2a012d246\data\admdb.sqlite
[2025-09-15 21:35:41] INFO: INI ALAMAT TABLENYA :  D:\Work\Mii\TEMPLATES\ssrtemplates\.angular\prerender-root\a3f9fa6f-44e1-4a63-9a4e-3193c0aa8cb8\data\admdb.sqlite
[2025-09-15 21:36:01] INFO: INI ALAMAT TABLENYA :  D:\Work\Mii\TEMPLATES\ssrtemplates\dist\ssrtemplates\server\data\admdb.sqlite
[2025-09-15 21:36:11] INFO: INI ALAMAT TABLENYA :  D:\Work\Mii\TEMPLATES\ssrtemplates\.angular\prerender-root\418ef2cc-2893-4dd7-86e5-ee953ad58312\data\admdb.sqlite
[2025-09-15 21:36:12] INFO: INI ALAMAT TABLENYA :  D:\Work\Mii\TEMPLATES\ssrtemplates\.angular\prerender-root\5782fa02-1e81-4b16-aedf-ddcde7e57b19\data\admdb.sqlite
[2025-09-15 21:36:12] INFO: INI ALAMAT TABLENYA :  D:\Work\Mii\TEMPLATES\ssrtemplates\.angular\prerender-root\d15cfb3b-153a-4e53-895b-151906840136\data\admdb.sqlite
[2025-09-15 21:36:12] INFO: INI ALAMAT TABLENYA :  D:\Work\Mii\TEMPLATES\ssrtemplates\.angular\prerender-root\6c59c737-2092-4be4-8ec3-10840faa445a\data\admdb.sqlite
[2025-09-15 21:36:12] INFO: INI ALAMAT TABLENYA :  D:\Work\Mii\TEMPLATES\ssrtemplates\.angular\prerender-root\a8cda0ef-50b7-43f3-994c-588e9e75db49\data\admdb.sqlite
[2025-09-15 21:36:39] INFO: INI ALAMAT TABLENYA :  D:\Work\Mii\TEMPLATES\ssrtemplates\.angular\prerender-root\3c4ebaf3-df0f-491e-9d52-daaca1f4ca10\data\admdb.sqlite
[2025-09-15 21:36:40] INFO: INI ALAMAT TABLENYA :  D:\Work\Mii\TEMPLATES\ssrtemplates\.angular\prerender-root\f6066919-4d5d-4817-8155-a0dfd47a607f\data\admdb.sqlite
[2025-09-15 21:36:40] INFO: INI ALAMAT TABLENYA :  D:\Work\Mii\TEMPLATES\ssrtemplates\.angular\prerender-root\be2d1258-f340-4a32-bd35-d9dc4125d2c0\data\admdb.sqlite
[2025-09-15 21:36:40] INFO: INI ALAMAT TABLENYA :  D:\Work\Mii\TEMPLATES\ssrtemplates\.angular\prerender-root\f08d1ce2-c548-4950-a9aa-ae12cda6740a\data\admdb.sqlite
[2025-09-15 21:36:40] INFO: INI ALAMAT TABLENYA :  D:\Work\Mii\TEMPLATES\ssrtemplates\.angular\prerender-root\b42127eb-5b83-4112-b43c-17542da4e685\data\admdb.sqlite
[2025-09-15 21:37:01] INFO: INI ALAMAT TABLENYA :  D:\Work\Mii\TEMPLATES\ssrtemplates\.angular\prerender-root\947fd041-4466-4da2-9e8c-1a7cd37cf9cf\data\admdb.sqlite
[2025-09-15 21:37:03] INFO: INI ALAMAT TABLENYA :  D:\Work\Mii\TEMPLATES\ssrtemplates\.angular\prerender-root\c7d1e1e5-e271-42d8-ad3a-73f06b2a8d12\data\admdb.sqlite
[2025-09-15 21:37:03] INFO: INI ALAMAT TABLENYA :  D:\Work\Mii\TEMPLATES\ssrtemplates\.angular\prerender-root\47d26814-8c65-494a-91bd-ad10dc5cfc21\data\admdb.sqlite
[2025-09-15 21:37:03] INFO: INI ALAMAT TABLENYA :  D:\Work\Mii\TEMPLATES\ssrtemplates\.angular\prerender-root\535712fc-cf19-4751-aa2c-60ee62cebf94\data\admdb.sqlite
[2025-09-15 21:37:03] INFO: INI ALAMAT TABLENYA :  D:\Work\Mii\TEMPLATES\ssrtemplates\.angular\prerender-root\c41a3757-4ad4-47e9-9fbb-4f25784c8480\data\admdb.sqlite
[2025-09-15 21:37:09] INFO: INI ALAMAT TABLENYA :  D:\Work\Mii\TEMPLATES\ssrtemplates\dist\ssrtemplates\server\data\admdb.sqlite
[2025-09-15 21:42:04] INFO: INI ALAMAT TABLENYA :  D:\Work\Mii\TEMPLATES\ssrtemplates\.angular\prerender-root\fc0361ab-3697-46b7-9178-e9ad3b9b89fa\data\admdb.sqlite
[2025-09-15 21:42:05] INFO: INI ALAMAT TABLENYA :  D:\Work\Mii\TEMPLATES\ssrtemplates\.angular\prerender-root\a4fd2060-417a-496b-a49a-2c1c5c046575\data\admdb.sqlite
[2025-09-15 21:42:05] INFO: INI ALAMAT TABLENYA :  D:\Work\Mii\TEMPLATES\ssrtemplates\.angular\prerender-root\82de9204-7cea-44f3-91b4-e94e5ff0c2ac\data\admdb.sqlite
[2025-09-15 21:42:05] INFO: INI ALAMAT TABLENYA :  D:\Work\Mii\TEMPLATES\ssrtemplates\.angular\prerender-root\2ee890ab-9177-489b-b1f9-6471070b28bf\data\admdb.sqlite
[2025-09-15 21:42:05] INFO: INI ALAMAT TABLENYA :  D:\Work\Mii\TEMPLATES\ssrtemplates\.angular\prerender-root\528cf1de-5634-45c0-8533-9499479ccaab\data\admdb.sqlite
[2025-09-15 21:42:15] INFO: INI ALAMAT TABLENYA :  D:\Work\Mii\TEMPLATES\ssrtemplates\dist\ssrtemplates\server\data\admdb.sqlite
[2025-09-15 21:44:46] INFO: INI ALAMAT TABLENYA :  D:\Work\Mii\TEMPLATES\ssrtemplates\.angular\prerender-root\26850322-402e-48f8-9068-178276092062\data\admdb.sqlite
[2025-09-15 21:44:47] INFO: INI ALAMAT TABLENYA :  D:\Work\Mii\TEMPLATES\ssrtemplates\.angular\prerender-root\6e32a749-86c6-487f-8110-fea350dfb836\data\admdb.sqlite
[2025-09-15 21:44:47] INFO: INI ALAMAT TABLENYA :  D:\Work\Mii\TEMPLATES\ssrtemplates\.angular\prerender-root\5ca7f3d9-d1c8-494f-9775-2fd5ce8ce883\data\admdb.sqlite
[2025-09-15 21:44:47] INFO: INI ALAMAT TABLENYA :  D:\Work\Mii\TEMPLATES\ssrtemplates\.angular\prerender-root\16cb89c5-69cf-47ec-89cc-3ff260819293\data\admdb.sqlite
[2025-09-15 21:44:47] INFO: INI ALAMAT TABLENYA :  D:\Work\Mii\TEMPLATES\ssrtemplates\.angular\prerender-root\01d5b013-8a1c-4999-8ac1-e942962b2d90\data\admdb.sqlite
[2025-09-15 21:44:54] INFO: INI ALAMAT TABLENYA :  D:\Work\Mii\TEMPLATES\ssrtemplates\dist\ssrtemplates\server\data\admdb.sqlite
[2025-09-15 21:45:19] INFO: INI ALAMAT TABLENYA :  D:\Work\Mii\TEMPLATES\ssrtemplates\.angular\prerender-root\e495ab01-d21e-407d-b5ef-99a879c3b192\data\admdb.sqlite
[2025-09-15 21:45:21] INFO: INI ALAMAT TABLENYA :  D:\Work\Mii\TEMPLATES\ssrtemplates\.angular\prerender-root\c5a83ec9-1f1c-4c95-ab39-2ed5ae2ac424\data\admdb.sqlite
[2025-09-15 21:45:21] INFO: INI ALAMAT TABLENYA :  D:\Work\Mii\TEMPLATES\ssrtemplates\.angular\prerender-root\40f5aaaa-d893-42ad-9e32-2dda61a251fb\data\admdb.sqlite
[2025-09-15 21:45:21] INFO: INI ALAMAT TABLENYA :  D:\Work\Mii\TEMPLATES\ssrtemplates\.angular\prerender-root\f570415b-5ef3-41be-9f71-3816681fad83\data\admdb.sqlite
[2025-09-15 21:45:21] INFO: INI ALAMAT TABLENYA :  D:\Work\Mii\TEMPLATES\ssrtemplates\.angular\prerender-root\04e3a740-3a8b-4cde-ad38-16f018e9a22a\data\admdb.sqlite
[2025-09-15 21:45:27] INFO: INI ALAMAT TABLENYA :  D:\Work\Mii\TEMPLATES\ssrtemplates\dist\ssrtemplates\server\data\admdb.sqlite
[2025-09-15 21:47:50] INFO: INI ALAMAT TABLENYA :  D:\Work\Mii\TEMPLATES\ssrtemplates\.angular\prerender-root\dba5cdf1-f45d-4bee-83b6-6a7ed79b3f19\data\admdb.sqlite
[2025-09-15 21:47:51] INFO: INI ALAMAT TABLENYA :  D:\Work\Mii\TEMPLATES\ssrtemplates\.angular\prerender-root\0524f86b-be51-4c45-b4a9-0283e1cad1a1\data\admdb.sqlite
[2025-09-15 21:47:51] INFO: INI ALAMAT TABLENYA :  D:\Work\Mii\TEMPLATES\ssrtemplates\.angular\prerender-root\d0310c0d-55d0-4c0c-81b5-46965929232c\data\admdb.sqlite
[2025-09-15 21:47:51] INFO: INI ALAMAT TABLENYA :  D:\Work\Mii\TEMPLATES\ssrtemplates\.angular\prerender-root\6ccb94e0-819a-4e32-9db5-dc0426a03eed\data\admdb.sqlite
[2025-09-15 21:47:51] INFO: INI ALAMAT TABLENYA :  D:\Work\Mii\TEMPLATES\ssrtemplates\.angular\prerender-root\fffbe135-d3e1-4a76-8c6c-84da8f56eb86\data\admdb.sqlite
[2025-09-15 21:48:03] INFO: INI ALAMAT TABLENYA :  D:\Work\Mii\TEMPLATES\ssrtemplates\dist\ssrtemplates\server\data\admdb.sqlite
[2025-09-15 21:51:58] INFO: INI ALAMAT TABLENYA :  D:\Work\Mii\TEMPLATES\ssrtemplates\dist\ssrtemplates\server\data\admdb.sqlite
[2025-09-15 22:19:06] INFO: INI ALAMAT TABLENYA :  D:\Work\Mii\TEMPLATES\ssrtemplates\.angular\prerender-root\39141b7d-c775-4dcf-b7a4-afc36de97984\data\admdb.sqlite
[2025-09-15 22:19:08] INFO: INI ALAMAT TABLENYA :  D:\Work\Mii\TEMPLATES\ssrtemplates\.angular\prerender-root\c4096452-fc97-4d49-be2d-cecffbf71c9b\data\admdb.sqlite
[2025-09-15 22:19:08] INFO: INI ALAMAT TABLENYA :  D:\Work\Mii\TEMPLATES\ssrtemplates\.angular\prerender-root\60ffccf4-ec57-4eae-9ba9-a00fb4c6ff26\data\admdb.sqlite
[2025-09-15 22:19:08] INFO: INI ALAMAT TABLENYA :  D:\Work\Mii\TEMPLATES\ssrtemplates\.angular\prerender-root\4ef7baac-afcf-4a26-ae1a-b3b87083b666\data\admdb.sqlite
[2025-09-15 22:19:08] INFO: INI ALAMAT TABLENYA :  D:\Work\Mii\TEMPLATES\ssrtemplates\.angular\prerender-root\dd3ab299-b18e-4579-94a8-8f4615554f2d\data\admdb.sqlite
[2025-09-15 22:22:27] INFO: INI ALAMAT TABLENYA :  D:\Work\Mii\TEMPLATES\ssrtemplates\dist\ssrtemplates\server\data\admdb.sqlite
[2025-09-15 22:23:04] INFO: INI ALAMAT TABLENYA :  D:\Work\Mii\TEMPLATES\ssrtemplates\.angular\prerender-root\b689f89b-43ea-48d1-8767-4cc10b1036f6\data\admdb.sqlite
[2025-09-15 22:23:06] INFO: INI ALAMAT TABLENYA :  D:\Work\Mii\TEMPLATES\ssrtemplates\.angular\prerender-root\86effa27-b798-41af-92e9-c062c81dca15\data\admdb.sqlite
[2025-09-15 22:23:06] INFO: INI ALAMAT TABLENYA :  D:\Work\Mii\TEMPLATES\ssrtemplates\.angular\prerender-root\ef3ee804-0725-4e3e-9366-3b6d3f2cb0c4\data\admdb.sqlite
[2025-09-15 22:23:06] INFO: INI ALAMAT TABLENYA :  D:\Work\Mii\TEMPLATES\ssrtemplates\.angular\prerender-root\4580603e-3367-4a00-abe6-84f937ba322b\data\admdb.sqlite
[2025-09-15 22:23:06] INFO: INI ALAMAT TABLENYA :  D:\Work\Mii\TEMPLATES\ssrtemplates\.angular\prerender-root\e72af121-b6be-4222-99a2-036b684d4f8a\data\admdb.sqlite
[2025-09-15 22:25:49] INFO: INI ALAMAT TABLENYA :  D:\Work\Mii\TEMPLATES\ssrtemplates\.angular\prerender-root\6fcbaa9e-87cc-4b35-a6b5-33d95dc4a3a1\data\admdb.sqlite
[2025-09-15 22:25:50] INFO: INI ALAMAT TABLENYA :  D:\Work\Mii\TEMPLATES\ssrtemplates\.angular\prerender-root\0ff33a01-44f4-4e6c-a331-81cda105e9d7\data\admdb.sqlite
[2025-09-15 22:25:50] INFO: INI ALAMAT TABLENYA :  D:\Work\Mii\TEMPLATES\ssrtemplates\.angular\prerender-root\4dd5e522-47ad-42a7-b7e9-c87b3181ae7b\data\admdb.sqlite
[2025-09-15 22:25:50] INFO: INI ALAMAT TABLENYA :  D:\Work\Mii\TEMPLATES\ssrtemplates\.angular\prerender-root\e8dd0c88-6d3a-440f-adca-ce21158ebbf4\data\admdb.sqlite
[2025-09-15 22:25:50] INFO: INI ALAMAT TABLENYA :  D:\Work\Mii\TEMPLATES\ssrtemplates\.angular\prerender-root\8fba549c-9c60-4f00-90e6-85fed1124af5\data\admdb.sqlite
[2025-09-15 22:26:06] INFO: INI ALAMAT TABLENYA :  D:\Work\Mii\TEMPLATES\ssrtemplates\dist\ssrtemplates\server\data\admdb.sqlite
[2025-09-15 22:37:56] INFO: INI ALAMAT TABLENYA :  D:\Work\Mii\TEMPLATES\ssrtemplates\.angular\prerender-root\1b934902-146f-4933-9c06-2f551cc08a25\data\admdb.sqlite
[2025-09-15 22:37:57] INFO: INI ALAMAT TABLENYA :  D:\Work\Mii\TEMPLATES\ssrtemplates\.angular\prerender-root\96736dc8-1160-4a51-beed-5cc2d7a1a285\data\admdb.sqlite
[2025-09-15 22:37:57] INFO: INI ALAMAT TABLENYA :  D:\Work\Mii\TEMPLATES\ssrtemplates\.angular\prerender-root\a02e53e3-b6f2-4bb5-aa2c-a9ecdc5db43c\data\admdb.sqlite
[2025-09-15 22:37:57] INFO: INI ALAMAT TABLENYA :  D:\Work\Mii\TEMPLATES\ssrtemplates\.angular\prerender-root\3a07ee2b-063b-4c9c-99f3-643742043a5e\data\admdb.sqlite
[2025-09-15 22:37:57] INFO: INI ALAMAT TABLENYA :  D:\Work\Mii\TEMPLATES\ssrtemplates\.angular\prerender-root\edd07913-b5d8-4fb5-8b2d-bd6c59760262\data\admdb.sqlite
[2025-09-15 22:38:04] INFO: INI ALAMAT TABLENYA :  D:\Work\Mii\TEMPLATES\ssrtemplates\dist\ssrtemplates\server\data\admdb.sqlite
[2025-09-15 22:38:45] INFO: INI ALAMAT TABLENYA :  D:\Work\Mii\TEMPLATES\ssrtemplates\.angular\prerender-root\310c94e9-9d26-4350-a64f-09c68dd8ff13\data\admdb.sqlite
[2025-09-15 22:38:46] INFO: INI ALAMAT TABLENYA :  D:\Work\Mii\TEMPLATES\ssrtemplates\.angular\prerender-root\fc45cecf-3cfc-44af-91f7-60b4a812e40b\data\admdb.sqlite
[2025-09-15 22:38:46] INFO: INI ALAMAT TABLENYA :  D:\Work\Mii\TEMPLATES\ssrtemplates\.angular\prerender-root\55a7d84f-0ca2-4f44-9660-3b11e22cd847\data\admdb.sqlite
[2025-09-15 22:38:46] INFO: INI ALAMAT TABLENYA :  D:\Work\Mii\TEMPLATES\ssrtemplates\.angular\prerender-root\6663abc9-21ab-419a-a0cb-fc94c6097bd5\data\admdb.sqlite
[2025-09-15 22:38:46] INFO: INI ALAMAT TABLENYA :  D:\Work\Mii\TEMPLATES\ssrtemplates\.angular\prerender-root\60acef08-6875-42c0-bbf4-877f9f4db771\data\admdb.sqlite
[2025-09-15 22:38:53] INFO: INI ALAMAT TABLENYA :  D:\Work\Mii\TEMPLATES\ssrtemplates\dist\ssrtemplates\server\data\admdb.sqlite
[2025-09-15 22:50:31] INFO: INI ALAMAT TABLENYA :  D:\Work\Mii\TEMPLATES\ssrtemplates\.angular\prerender-root\6fc88800-ff8b-4e9f-8221-93f4c2f881da\data\admdb.sqlite
[2025-09-15 22:50:32] INFO: INI ALAMAT TABLENYA :  D:\Work\Mii\TEMPLATES\ssrtemplates\.angular\prerender-root\bb48037d-aee7-4d9d-9de0-9369e5051d4d\data\admdb.sqlite
[2025-09-15 22:50:32] INFO: INI ALAMAT TABLENYA :  D:\Work\Mii\TEMPLATES\ssrtemplates\.angular\prerender-root\12769a8c-0a0a-47e8-b54a-ca5e07708de2\data\admdb.sqlite
[2025-09-15 22:50:32] INFO: INI ALAMAT TABLENYA :  D:\Work\Mii\TEMPLATES\ssrtemplates\.angular\prerender-root\7e19580b-7b30-43aa-b52b-c7e6f09ab7fe\data\admdb.sqlite
[2025-09-15 22:50:32] INFO: INI ALAMAT TABLENYA :  D:\Work\Mii\TEMPLATES\ssrtemplates\.angular\prerender-root\4ac52c44-c665-4fe5-a7a2-485e33e4a298\data\admdb.sqlite
[2025-09-15 22:52:46] INFO: INI ALAMAT TABLENYA :  D:\Work\Mii\TEMPLATES\ssrtemplates\dist\ssrtemplates\server\data\admdb.sqlite
