[2026-01-10 14:25:15] INFO: INI ALAMAT TABLENYA :  D:\Work\Mii\TEMPLATES\ssrtemplates\.angular\prerender-root\65e0fb19-d801-4537-bc8d-cd5ed97c0b00\data\admdb.sqlite
[2026-01-10 14:25:15] WARN: Could not read param for rate limit, using default. Error: {}
[2026-01-10 14:25:15] INFO: Node Express server listening on http://localhost:4000
[2026-01-10 14:25:21] INFO: INI ALAMAT TABLENYA :  D:\Work\Mii\TEMPLATES\ssrtemplates\.angular\prerender-root\2494580c-3401-4ac2-bc81-e4c404451ae8\data\admdb.sqlite
[2026-01-10 14:25:21] INFO: INI ALAMAT TABLENYA :  D:\Work\Mii\TEMPLATES\ssrtemplates\.angular\prerender-root\05d1005e-2783-4519-92ec-976f81c281b4\data\admdb.sqlite
[2026-01-10 14:25:21] WARN: Could not read param for rate limit, using default. Error: {}
[2026-01-10 14:25:21] WARN: Could not read param for rate limit, using default. Error: {}
[2026-01-10 14:25:21] INFO: Node Express server listening on http://localhost:4000
[2026-01-10 14:25:21] INFO: INI ALAMAT TABLENYA :  D:\Work\Mii\TEMPLATES\ssrtemplates\.angular\prerender-root\1b41c339-b752-49a9-b179-4e1e4157a43a\data\admdb.sqlite
[2026-01-10 14:25:21] WARN: Could not read param for rate limit, using default. Error: {}
[2026-01-10 14:25:21] INFO: INI ALAMAT TABLENYA :  D:\Work\Mii\TEMPLATES\ssrtemplates\.angular\prerender-root\08983a41-7c6a-4793-9db0-7e0bb07c5de4\data\admdb.sqlite
[2026-01-10 14:25:21] WARN: Could not read param for rate limit, using default. Error: {}
[2026-01-10 15:19:02] INFO: INI ALAMAT TABLENYA :  D:\Work\Mii\TEMPLATES\ssrtemplates\dist\ssrtemplates\server\data\admdb.sqlite
[2026-01-10 15:19:02] INFO: login limiter max set to 3
[2026-01-10 15:19:02] INFO: Node Express server listening on http://localhost:4000
[2026-01-10 15:37:47] INFO: *** Embeded database Original :  D:\Work\Mii\TEMPLATES\ssrtemplates\.angular\prerender-root\ed5f9c94-34ba-40b6-91f1-d04c04a63145\data\admdb.sqlite
[2026-01-10 15:37:48] WARN: Could not read param for rate limit, using default. Error: {}
[2026-01-10 15:37:48] INFO: Node Express server listening on http://localhost:4000
[2026-01-10 15:37:53] INFO: *** Embeded database Original :  D:\Work\Mii\TEMPLATES\ssrtemplates\.angular\prerender-root\a83864fe-2bc5-40d3-8b6f-28f6b35f4c4e\data\admdb.sqlite
[2026-01-10 15:37:53] WARN: Could not read param for rate limit, using default. Error: {}
[2026-01-10 15:37:53] INFO: Node Express server listening on http://localhost:4000
[2026-01-10 15:37:53] INFO: *** Embeded database Original :  D:\Work\Mii\TEMPLATES\ssrtemplates\.angular\prerender-root\3ad5f149-7dee-43cc-a089-519cd1652e47\data\admdb.sqlite
[2026-01-10 15:37:53] WARN: Could not read param for rate limit, using default. Error: {}
[2026-01-10 15:37:53] INFO: *** Embeded database Original :  D:\Work\Mii\TEMPLATES\ssrtemplates\.angular\prerender-root\9a272a7e-700c-4a8e-8adb-6ae79b2c310e\data\admdb.sqlite
[2026-01-10 15:37:53] WARN: Could not read param for rate limit, using default. Error: {}
[2026-01-10 15:37:53] INFO: *** Embeded database Original :  D:\Work\Mii\TEMPLATES\ssrtemplates\.angular\prerender-root\c02d1390-0bcd-417d-a946-9fdfb7f16f0c\data\admdb.sqlite
[2026-01-10 15:37:53] WARN: Could not read param for rate limit, using default. Error: {}
[2026-01-10 15:40:51] INFO: *** Embeded database Original :  D:\Work\Mii\TEMPLATES\ssrtemplates\dist\ssrtemplates\server\data\admdb.sqlite
[2026-01-10 15:40:51] INFO: login limiter max set to 3
[2026-01-10 15:40:51] INFO: Node Express server listening on http://localhost:4000
[2026-01-10 15:47:28] INFO: *** Embeded database Original :  D:\Work\Mii\TEMPLATES\ssrtemplates\.angular\prerender-root\3ff2e3e2-5f80-4d36-acea-6af6e109a4f1\data\admdb.sqlite
[2026-01-10 15:47:28] WARN: Could not read param for rate limit, using default. Error: {}
[2026-01-10 15:47:28] INFO: Node Express server listening on http://localhost:4000
[2026-01-10 15:47:30] INFO: *** Embeded database Original :  D:\Work\Mii\TEMPLATES\ssrtemplates\.angular\prerender-root\f58acd96-069c-4c40-a347-36f30a2107b3\data\admdb.sqlite
[2026-01-10 15:47:30] WARN: Could not read param for rate limit, using default. Error: {}
[2026-01-10 15:47:30] INFO: Node Express server listening on http://localhost:4000
[2026-01-10 15:47:30] INFO: *** Embeded database Original :  D:\Work\Mii\TEMPLATES\ssrtemplates\.angular\prerender-root\e17f0cdf-7bbb-4254-9f58-94c94206985f\data\admdb.sqlite
[2026-01-10 15:47:30] WARN: Could not read param for rate limit, using default. Error: {}
[2026-01-10 15:47:30] INFO: *** Embeded database Original :  D:\Work\Mii\TEMPLATES\ssrtemplates\.angular\prerender-root\77910d49-494e-4f7d-af48-0a46ead9585d\data\admdb.sqlite
[2026-01-10 15:47:30] WARN: Could not read param for rate limit, using default. Error: {}
[2026-01-10 15:47:30] INFO: *** Embeded database Original :  D:\Work\Mii\TEMPLATES\ssrtemplates\.angular\prerender-root\927f6f9a-4048-4451-b85e-ad8ff49539de\data\admdb.sqlite
[2026-01-10 15:47:30] WARN: Could not read param for rate limit, using default. Error: {}
[2026-01-10 15:48:04] INFO: *** Embeded database Original :  D:\Work\Mii\TEMPLATES\ssrtemplates\dist\ssrtemplates\server\data\admdb.sqlite
[2026-01-10 15:48:04] INFO: login limiter max set to 3
[2026-01-10 15:48:04] INFO: Node Express server listening on http://localhost:4000
[2026-01-10 15:49:22] INFO: *** Embeded database Original :  D:\Work\Mii\TEMPLATES\ssrtemplates\.angular\prerender-root\e41b6b4a-84af-4490-86aa-fcacccdfb1d1\data\admdb.sqlite
[2026-01-10 15:49:22] WARN: Could not read param for rate limit, using default. Error: {}
[2026-01-10 15:49:22] INFO: Node Express server listening on http://localhost:4000
[2026-01-10 15:49:24] INFO: *** Embeded database Original :  D:\Work\Mii\TEMPLATES\ssrtemplates\.angular\prerender-root\e35b95f4-479a-4107-bbab-b039d6f3eabe\data\admdb.sqlite
[2026-01-10 15:49:24] WARN: Could not read param for rate limit, using default. Error: {}
[2026-01-10 15:49:24] INFO: Node Express server listening on http://localhost:4000
[2026-01-10 15:49:24] INFO: *** Embeded database Original :  D:\Work\Mii\TEMPLATES\ssrtemplates\.angular\prerender-root\306a7206-b35e-420b-8436-3291a64b37aa\data\admdb.sqlite
[2026-01-10 15:49:24] WARN: Could not read param for rate limit, using default. Error: {}
[2026-01-10 15:49:24] INFO: *** Embeded database Original :  D:\Work\Mii\TEMPLATES\ssrtemplates\.angular\prerender-root\01e0758f-12aa-4d4a-b783-910372872eff\data\admdb.sqlite
[2026-01-10 15:49:24] WARN: Could not read param for rate limit, using default. Error: {}
[2026-01-10 15:49:24] INFO: *** Embeded database Original :  D:\Work\Mii\TEMPLATES\ssrtemplates\.angular\prerender-root\1e6f5437-29e3-47b3-8953-040a5f3370fa\data\admdb.sqlite
[2026-01-10 15:49:24] WARN: Could not read param for rate limit, using default. Error: {}
[2026-01-10 15:49:34] INFO: *** Embeded database Original :  D:\Work\Mii\TEMPLATES\ssrtemplates\dist\ssrtemplates\server\data\admdb.sqlite
[2026-01-10 15:49:34] INFO: login limiter max set to 3
[2026-01-10 15:49:34] INFO: Node Express server listening on http://localhost:4000
[2026-01-10 15:52:42] INFO: *** Embeded database Original :  D:\Work\Mii\TEMPLATES\ssrtemplates\.angular\prerender-root\f11c82da-770e-4ebf-bc81-0825ed39c0ae\data\admdb.sqlite
[2026-01-10 15:52:42] WARN: Could not read param for rate limit, using default. Error: {}
[2026-01-10 15:52:42] INFO: Node Express server listening on http://localhost:4000
[2026-01-10 15:52:48] INFO: *** Embeded database Original :  D:\Work\Mii\TEMPLATES\ssrtemplates\.angular\prerender-root\0dd6b529-683e-4a16-bb6a-f44ca6a42b8f\data\admdb.sqlite
[2026-01-10 15:52:48] WARN: Could not read param for rate limit, using default. Error: {}
[2026-01-10 15:52:48] INFO: Node Express server listening on http://localhost:4000
[2026-01-10 15:52:48] INFO: *** Embeded database Original :  D:\Work\Mii\TEMPLATES\ssrtemplates\.angular\prerender-root\512a2de0-071d-47ff-b5e4-1b5348ccf39b\data\admdb.sqlite
[2026-01-10 15:52:48] WARN: Could not read param for rate limit, using default. Error: {}
[2026-01-10 15:52:48] INFO: *** Embeded database Original :  D:\Work\Mii\TEMPLATES\ssrtemplates\.angular\prerender-root\b19ccc41-de9d-4172-a556-319169d92ade\data\admdb.sqlite
[2026-01-10 15:52:48] WARN: Could not read param for rate limit, using default. Error: {}
[2026-01-10 15:52:48] INFO: *** Embeded database Original :  D:\Work\Mii\TEMPLATES\ssrtemplates\.angular\prerender-root\03649c8f-18c3-4bb6-8c0e-12e565b6e561\data\admdb.sqlite
[2026-01-10 15:52:48] WARN: Could not read param for rate limit, using default. Error: {}
[2026-01-10 15:54:48] INFO: *** Embeded database Original :  D:\Work\Mii\TEMPLATES\ssrtemplates\dist\ssrtemplates\server\data\admdb.sqlite
[2026-01-10 15:54:48] INFO: login limiter max set to 3
[2026-01-10 15:54:48] INFO: Node Express server listening on http://localhost:4000
