[2025-09-24 00:03:54] INFO: INI ALAMAT TABLENYA :  D:\Work\Mii\TEMPLATES\ssrtemplates\.angular\prerender-root\d71d4640-818c-4eaa-b9ce-96925775e0e7\data\admdb.sqlite
[2025-09-24 00:03:56] INFO: INI ALAMAT TABLENYA :  D:\Work\Mii\TEMPLATES\ssrtemplates\.angular\prerender-root\43905ab9-8028-4f99-b8be-a98577ae51bd\data\admdb.sqlite
[2025-09-24 00:03:56] INFO: INI ALAMAT TABLENYA :  D:\Work\Mii\TEMPLATES\ssrtemplates\.angular\prerender-root\ebd6f21f-640f-4922-b51b-26675e6bfd70\data\admdb.sqlite
[2025-09-24 00:03:56] INFO: INI ALAMAT TABLENYA :  D:\Work\Mii\TEMPLATES\ssrtemplates\.angular\prerender-root\a1ad8ef7-4eee-4d70-b09a-74f9977a744a\data\admdb.sqlite
[2025-09-24 00:03:56] INFO: INI ALAMAT TABLENYA :  D:\Work\Mii\TEMPLATES\ssrtemplates\.angular\prerender-root\663b0dcf-09ee-4676-b1b2-53080118c6ec\data\admdb.sqlite
[2025-09-24 00:04:03] INFO: INI ALAMAT TABLENYA :  D:\Work\Mii\TEMPLATES\ssrtemplates\dist\ssrtemplates\server\data\admdb.sqlite
[2025-09-24 00:04:50] INFO: INI ALAMAT TABLENYA :  D:\Work\Mii\TEMPLATES\ssrtemplates\.angular\prerender-root\2c723dac-5d41-40c2-9312-7bf29ce07251\data\admdb.sqlite
[2025-09-24 00:04:51] INFO: INI ALAMAT TABLENYA :  D:\Work\Mii\TEMPLATES\ssrtemplates\.angular\prerender-root\1c677b65-ef53-466f-b568-88286bb60bd8\data\admdb.sqlite
[2025-09-24 00:04:51] INFO: INI ALAMAT TABLENYA :  D:\Work\Mii\TEMPLATES\ssrtemplates\.angular\prerender-root\fea12040-b747-4f13-a5e6-eb3d478af7f7\data\admdb.sqlite
[2025-09-24 00:04:51] INFO: INI ALAMAT TABLENYA :  D:\Work\Mii\TEMPLATES\ssrtemplates\.angular\prerender-root\eda71c0f-5440-43f7-8d40-32c64327414c\data\admdb.sqlite
[2025-09-24 00:04:51] INFO: INI ALAMAT TABLENYA :  D:\Work\Mii\TEMPLATES\ssrtemplates\.angular\prerender-root\1aeb422e-9e23-4c25-b746-233cf008d617\data\admdb.sqlite
[2025-09-24 00:04:58] INFO: INI ALAMAT TABLENYA :  D:\Work\Mii\TEMPLATES\ssrtemplates\dist\ssrtemplates\server\data\admdb.sqlite
[2025-09-24 00:18:02] INFO: INI ALAMAT TABLENYA :  D:\Work\Mii\TEMPLATES\ssrtemplates\.angular\prerender-root\56d20c54-fa59-498a-9351-34768a9a88cf\data\admdb.sqlite
[2025-09-24 00:18:04] INFO: INI ALAMAT TABLENYA :  D:\Work\Mii\TEMPLATES\ssrtemplates\.angular\prerender-root\eae24213-c056-4aa7-813c-a1e7a337f240\data\admdb.sqlite
[2025-09-24 00:18:04] INFO: INI ALAMAT TABLENYA :  D:\Work\Mii\TEMPLATES\ssrtemplates\.angular\prerender-root\f112f555-f244-460f-870b-6a4c196c8478\data\admdb.sqlite
[2025-09-24 00:18:04] INFO: INI ALAMAT TABLENYA :  D:\Work\Mii\TEMPLATES\ssrtemplates\.angular\prerender-root\406b73f4-d996-4ef7-b307-eb8d7c5ab80a\data\admdb.sqlite
[2025-09-24 00:18:04] INFO: INI ALAMAT TABLENYA :  D:\Work\Mii\TEMPLATES\ssrtemplates\.angular\prerender-root\071d5999-8f0e-41e5-b2e0-f021d5474b6b\data\admdb.sqlite
[2025-09-24 00:18:10] INFO: INI ALAMAT TABLENYA :  D:\Work\Mii\TEMPLATES\ssrtemplates\dist\ssrtemplates\server\data\admdb.sqlite
[2025-09-24 00:19:35] INFO: INI ALAMAT TABLENYA :  D:\Work\Mii\TEMPLATES\ssrtemplates\.angular\prerender-root\daf3fe70-10c6-414f-8b88-ff15938439ea\data\admdb.sqlite
[2025-09-24 00:19:36] INFO: INI ALAMAT TABLENYA :  D:\Work\Mii\TEMPLATES\ssrtemplates\.angular\prerender-root\8618d1df-de8e-4482-aa3f-37e455a8dd65\data\admdb.sqlite
[2025-09-24 00:19:36] INFO: INI ALAMAT TABLENYA :  D:\Work\Mii\TEMPLATES\ssrtemplates\.angular\prerender-root\724394fb-5e20-4727-8ce5-2a1eef6e8725\data\admdb.sqlite
[2025-09-24 00:19:36] INFO: INI ALAMAT TABLENYA :  D:\Work\Mii\TEMPLATES\ssrtemplates\.angular\prerender-root\3609ae2d-e21b-49b5-8043-f43ff5f1bed1\data\admdb.sqlite
[2025-09-24 00:19:37] INFO: INI ALAMAT TABLENYA :  D:\Work\Mii\TEMPLATES\ssrtemplates\.angular\prerender-root\ea687360-de56-459a-b1af-bbdc964ff828\data\admdb.sqlite
[2025-09-24 00:19:46] INFO: INI ALAMAT TABLENYA :  D:\Work\Mii\TEMPLATES\ssrtemplates\dist\ssrtemplates\server\data\admdb.sqlite
[2025-09-24 00:25:50] INFO: INI ALAMAT TABLENYA :  D:\Work\Mii\TEMPLATES\ssrtemplates\.angular\prerender-root\5d991245-55c6-4c12-b4e3-8f975316e49a\data\admdb.sqlite
[2025-09-24 00:25:52] INFO: INI ALAMAT TABLENYA :  D:\Work\Mii\TEMPLATES\ssrtemplates\.angular\prerender-root\77653622-cbd6-4a76-9439-0a03cb5dbed7\data\admdb.sqlite
[2025-09-24 00:25:52] INFO: INI ALAMAT TABLENYA :  D:\Work\Mii\TEMPLATES\ssrtemplates\.angular\prerender-root\e3eede33-470d-44b9-a4d8-33e867ee1327\data\admdb.sqlite
[2025-09-24 00:25:52] INFO: INI ALAMAT TABLENYA :  D:\Work\Mii\TEMPLATES\ssrtemplates\.angular\prerender-root\c627de11-8c1d-498e-8a6a-da64e1c91d35\data\admdb.sqlite
[2025-09-24 00:25:52] INFO: INI ALAMAT TABLENYA :  D:\Work\Mii\TEMPLATES\ssrtemplates\.angular\prerender-root\7c77d7e5-8c4e-4803-b014-2e65ac01786f\data\admdb.sqlite
[2025-09-24 00:26:00] INFO: INI ALAMAT TABLENYA :  D:\Work\Mii\TEMPLATES\ssrtemplates\dist\ssrtemplates\server\data\admdb.sqlite
[2025-09-24 00:28:57] INFO: INI ALAMAT TABLENYA :  D:\Work\Mii\TEMPLATES\ssrtemplates\.angular\prerender-root\ea65b554-c62d-4896-baaa-409bf8c2daed\data\admdb.sqlite
[2025-09-24 00:28:58] INFO: INI ALAMAT TABLENYA :  D:\Work\Mii\TEMPLATES\ssrtemplates\.angular\prerender-root\56b34a01-b7e0-4be2-a9c0-a033b347d4a0\data\admdb.sqlite
[2025-09-24 00:28:58] INFO: INI ALAMAT TABLENYA :  D:\Work\Mii\TEMPLATES\ssrtemplates\.angular\prerender-root\551867e7-3bd7-470e-92a6-9f05710be38d\data\admdb.sqlite
[2025-09-24 00:28:58] INFO: INI ALAMAT TABLENYA :  D:\Work\Mii\TEMPLATES\ssrtemplates\.angular\prerender-root\a9d79a04-bdf6-49af-a06e-23f56bfed3e5\data\admdb.sqlite
[2025-09-24 00:28:58] INFO: INI ALAMAT TABLENYA :  D:\Work\Mii\TEMPLATES\ssrtemplates\.angular\prerender-root\3311213c-9324-47bf-8765-232495aa00ca\data\admdb.sqlite
[2025-09-24 00:29:14] INFO: INI ALAMAT TABLENYA :  D:\Work\Mii\TEMPLATES\ssrtemplates\dist\ssrtemplates\server\data\admdb.sqlite
[2025-09-24 00:42:56] INFO: INI ALAMAT TABLENYA :  D:\Work\Mii\TEMPLATES\ssrtemplates\.angular\prerender-root\315e3a5a-23a5-440e-960c-0bf49a657873\data\admdb.sqlite
[2025-09-24 00:42:57] INFO: INI ALAMAT TABLENYA :  D:\Work\Mii\TEMPLATES\ssrtemplates\.angular\prerender-root\63126d4d-0078-40bb-afad-a6c6c3f483b7\data\admdb.sqlite
[2025-09-24 00:42:57] INFO: INI ALAMAT TABLENYA :  D:\Work\Mii\TEMPLATES\ssrtemplates\.angular\prerender-root\efb48dd9-3567-4c73-b0f2-85571a3938ab\data\admdb.sqlite
[2025-09-24 00:42:57] INFO: INI ALAMAT TABLENYA :  D:\Work\Mii\TEMPLATES\ssrtemplates\.angular\prerender-root\b11300ee-0370-4b6a-806a-79cba9b6cbec\data\admdb.sqlite
[2025-09-24 00:42:57] INFO: INI ALAMAT TABLENYA :  D:\Work\Mii\TEMPLATES\ssrtemplates\.angular\prerender-root\acdd987f-a557-453d-b467-53b64daa5432\data\admdb.sqlite
[2025-09-24 00:43:06] INFO: INI ALAMAT TABLENYA :  D:\Work\Mii\TEMPLATES\ssrtemplates\dist\ssrtemplates\server\data\admdb.sqlite
[2025-09-24 00:46:18] INFO: INI ALAMAT TABLENYA :  D:\Work\Mii\TEMPLATES\ssrtemplates\.angular\prerender-root\1d018b5d-9ab0-416e-8d4a-531f2a7264ee\data\admdb.sqlite
[2025-09-24 00:46:20] INFO: INI ALAMAT TABLENYA :  D:\Work\Mii\TEMPLATES\ssrtemplates\.angular\prerender-root\7e841ad0-6729-467d-be94-1c57b08ef129\data\admdb.sqlite
[2025-09-24 00:46:20] INFO: INI ALAMAT TABLENYA :  D:\Work\Mii\TEMPLATES\ssrtemplates\.angular\prerender-root\67127ae1-b345-423a-908e-a4b440b1c052\data\admdb.sqlite
[2025-09-24 00:46:20] INFO: INI ALAMAT TABLENYA :  D:\Work\Mii\TEMPLATES\ssrtemplates\.angular\prerender-root\1f20e1d4-4116-4c5c-8ce1-d7223e6beeac\data\admdb.sqlite
[2025-09-24 00:46:20] INFO: INI ALAMAT TABLENYA :  D:\Work\Mii\TEMPLATES\ssrtemplates\.angular\prerender-root\4ba3690b-c086-41fa-bc77-b8dfe083003c\data\admdb.sqlite
[2025-09-24 00:46:30] INFO: INI ALAMAT TABLENYA :  D:\Work\Mii\TEMPLATES\ssrtemplates\dist\ssrtemplates\server\data\admdb.sqlite
[2025-09-24 00:48:23] INFO: INI ALAMAT TABLENYA :  D:\Work\Mii\TEMPLATES\ssrtemplates\.angular\prerender-root\fe31edd3-5193-4be5-9ce5-f92964697b36\data\admdb.sqlite
[2025-09-24 00:48:24] INFO: INI ALAMAT TABLENYA :  D:\Work\Mii\TEMPLATES\ssrtemplates\.angular\prerender-root\3288e912-7bc5-4801-9f87-df69987e87a4\data\admdb.sqlite
[2025-09-24 00:48:24] INFO: INI ALAMAT TABLENYA :  D:\Work\Mii\TEMPLATES\ssrtemplates\.angular\prerender-root\9d4e14f7-de56-4c2d-a93f-491c59379e05\data\admdb.sqlite
[2025-09-24 00:48:24] INFO: INI ALAMAT TABLENYA :  D:\Work\Mii\TEMPLATES\ssrtemplates\.angular\prerender-root\d92f6e86-8195-458b-bdf6-964941259b6b\data\admdb.sqlite
[2025-09-24 00:48:24] INFO: INI ALAMAT TABLENYA :  D:\Work\Mii\TEMPLATES\ssrtemplates\.angular\prerender-root\497cc1f4-c96b-4a2a-9b72-c449321f9761\data\admdb.sqlite
[2025-09-24 00:48:31] INFO: INI ALAMAT TABLENYA :  D:\Work\Mii\TEMPLATES\ssrtemplates\dist\ssrtemplates\server\data\admdb.sqlite
[2025-09-24 00:54:49] INFO: INI ALAMAT TABLENYA :  D:\Work\Mii\TEMPLATES\ssrtemplates\.angular\prerender-root\527497c9-eed1-4ea1-9ed6-671b4a359fcf\data\admdb.sqlite
[2025-09-24 00:54:50] INFO: INI ALAMAT TABLENYA :  D:\Work\Mii\TEMPLATES\ssrtemplates\.angular\prerender-root\6d2fb1a2-8825-45d1-8ceb-a49bb1e194cc\data\admdb.sqlite
[2025-09-24 00:54:50] INFO: INI ALAMAT TABLENYA :  D:\Work\Mii\TEMPLATES\ssrtemplates\.angular\prerender-root\fda819b4-5517-4649-a20c-eb3295211cdd\data\admdb.sqlite
[2025-09-24 00:54:50] INFO: INI ALAMAT TABLENYA :  D:\Work\Mii\TEMPLATES\ssrtemplates\.angular\prerender-root\3d78457a-20a4-4666-b76a-c199d281b5f6\data\admdb.sqlite
[2025-09-24 00:54:50] INFO: INI ALAMAT TABLENYA :  D:\Work\Mii\TEMPLATES\ssrtemplates\.angular\prerender-root\4a04dfc7-afcd-49aa-9deb-1dd8091cdb9a\data\admdb.sqlite
[2025-09-24 00:55:03] INFO: INI ALAMAT TABLENYA :  D:\Work\Mii\TEMPLATES\ssrtemplates\dist\ssrtemplates\server\data\admdb.sqlite
[2025-09-24 00:55:49] INFO: INI ALAMAT TABLENYA :  D:\Work\Mii\TEMPLATES\ssrtemplates\.angular\prerender-root\4aa581cd-fce7-4026-91ca-75e4dd49b4bb\data\admdb.sqlite
[2025-09-24 00:55:50] INFO: INI ALAMAT TABLENYA :  D:\Work\Mii\TEMPLATES\ssrtemplates\.angular\prerender-root\107e562c-ac26-433c-a317-47beea73a6b3\data\admdb.sqlite
[2025-09-24 00:55:50] INFO: INI ALAMAT TABLENYA :  D:\Work\Mii\TEMPLATES\ssrtemplates\.angular\prerender-root\c01e3f87-775d-4fa2-a49c-b5a682d89825\data\admdb.sqlite
[2025-09-24 00:55:50] INFO: INI ALAMAT TABLENYA :  D:\Work\Mii\TEMPLATES\ssrtemplates\.angular\prerender-root\8002ed67-49a2-44fd-8da6-8a309f369b52\data\admdb.sqlite
[2025-09-24 00:55:50] INFO: INI ALAMAT TABLENYA :  D:\Work\Mii\TEMPLATES\ssrtemplates\.angular\prerender-root\cdd5b9f4-697f-4103-b664-63977e9b8104\data\admdb.sqlite
[2025-09-24 00:56:04] INFO: INI ALAMAT TABLENYA :  D:\Work\Mii\TEMPLATES\ssrtemplates\dist\ssrtemplates\server\data\admdb.sqlite
[2025-09-24 01:01:05] INFO: INI ALAMAT TABLENYA :  D:\Work\Mii\TEMPLATES\ssrtemplates\.angular\prerender-root\db975da9-90b8-4519-98da-4515f4ccab78\data\admdb.sqlite
[2025-09-24 01:01:07] INFO: INI ALAMAT TABLENYA :  D:\Work\Mii\TEMPLATES\ssrtemplates\.angular\prerender-root\9e830197-d387-4ccf-b59b-855225c83524\data\admdb.sqlite
[2025-09-24 01:01:07] INFO: INI ALAMAT TABLENYA :  D:\Work\Mii\TEMPLATES\ssrtemplates\.angular\prerender-root\dee30593-7845-4d8b-88df-725c4c40d3b8\data\admdb.sqlite
[2025-09-24 01:01:07] INFO: INI ALAMAT TABLENYA :  D:\Work\Mii\TEMPLATES\ssrtemplates\.angular\prerender-root\475369cc-8cef-4fb1-b63b-259bd7a13b04\data\admdb.sqlite
[2025-09-24 01:01:07] INFO: INI ALAMAT TABLENYA :  D:\Work\Mii\TEMPLATES\ssrtemplates\.angular\prerender-root\31de4b03-5cb4-4275-84bf-6bd5ff96798f\data\admdb.sqlite
[2025-09-24 01:01:14] INFO: INI ALAMAT TABLENYA :  D:\Work\Mii\TEMPLATES\ssrtemplates\dist\ssrtemplates\server\data\admdb.sqlite
[2025-09-24 01:03:43] INFO: INI ALAMAT TABLENYA :  D:\Work\Mii\TEMPLATES\ssrtemplates\.angular\prerender-root\ff522b4e-1a94-41b7-a07d-a5b3e45b41ff\data\admdb.sqlite
[2025-09-24 01:03:45] INFO: INI ALAMAT TABLENYA :  D:\Work\Mii\TEMPLATES\ssrtemplates\.angular\prerender-root\ebf298f0-36d4-4ac1-bf51-5e1dc5c79038\data\admdb.sqlite
[2025-09-24 01:03:45] INFO: INI ALAMAT TABLENYA :  D:\Work\Mii\TEMPLATES\ssrtemplates\.angular\prerender-root\ad326683-de52-40cf-889a-e4ed4bc079f0\data\admdb.sqlite
[2025-09-24 01:03:45] INFO: INI ALAMAT TABLENYA :  D:\Work\Mii\TEMPLATES\ssrtemplates\.angular\prerender-root\67851bfc-2466-453e-9457-7765a08efdf7\data\admdb.sqlite
[2025-09-24 01:03:45] INFO: INI ALAMAT TABLENYA :  D:\Work\Mii\TEMPLATES\ssrtemplates\.angular\prerender-root\f7be9e69-7a0e-4c71-88d5-7abfbf1d2b0a\data\admdb.sqlite
[2025-09-24 01:03:57] INFO: INI ALAMAT TABLENYA :  D:\Work\Mii\TEMPLATES\ssrtemplates\dist\ssrtemplates\server\data\admdb.sqlite
[2025-09-24 01:08:20] INFO: INI ALAMAT TABLENYA :  D:\Work\Mii\TEMPLATES\ssrtemplates\.angular\prerender-root\2faee18e-734d-4807-b476-469bba5391d3\data\admdb.sqlite
[2025-09-24 01:08:21] INFO: INI ALAMAT TABLENYA :  D:\Work\Mii\TEMPLATES\ssrtemplates\.angular\prerender-root\4ed5be5f-89bd-4210-a0d5-c6d1d357a5bb\data\admdb.sqlite
[2025-09-24 01:08:21] INFO: INI ALAMAT TABLENYA :  D:\Work\Mii\TEMPLATES\ssrtemplates\.angular\prerender-root\22f51ada-608c-44fe-bbbc-e237114e21b8\data\admdb.sqlite
[2025-09-24 01:08:21] INFO: INI ALAMAT TABLENYA :  D:\Work\Mii\TEMPLATES\ssrtemplates\.angular\prerender-root\db060b42-8988-4858-9552-91dfc734602f\data\admdb.sqlite
[2025-09-24 01:08:21] INFO: INI ALAMAT TABLENYA :  D:\Work\Mii\TEMPLATES\ssrtemplates\.angular\prerender-root\e4123176-e703-4614-85cd-47e53069d70c\data\admdb.sqlite
[2025-09-24 01:08:36] INFO: INI ALAMAT TABLENYA :  D:\Work\Mii\TEMPLATES\ssrtemplates\dist\ssrtemplates\server\data\admdb.sqlite
[2025-09-24 01:09:44] INFO: INI ALAMAT TABLENYA :  D:\Work\Mii\TEMPLATES\ssrtemplates\.angular\prerender-root\d5ec43d0-6ee6-4472-a89d-132958427e9b\data\admdb.sqlite
[2025-09-24 01:09:46] INFO: INI ALAMAT TABLENYA :  D:\Work\Mii\TEMPLATES\ssrtemplates\.angular\prerender-root\4f9eb08c-b79e-476e-baf1-138203881a98\data\admdb.sqlite
[2025-09-24 01:09:46] INFO: INI ALAMAT TABLENYA :  D:\Work\Mii\TEMPLATES\ssrtemplates\.angular\prerender-root\3bc616b6-aeee-4216-bb0f-c0c262510672\data\admdb.sqlite
[2025-09-24 01:09:46] INFO: INI ALAMAT TABLENYA :  D:\Work\Mii\TEMPLATES\ssrtemplates\.angular\prerender-root\be159c0c-ba5e-4cc8-a400-fff8d83512d6\data\admdb.sqlite
[2025-09-24 01:09:46] INFO: INI ALAMAT TABLENYA :  D:\Work\Mii\TEMPLATES\ssrtemplates\.angular\prerender-root\a7158be1-d4cd-42ce-9bef-6598fcfae801\data\admdb.sqlite
[2025-09-24 01:09:53] INFO: INI ALAMAT TABLENYA :  D:\Work\Mii\TEMPLATES\ssrtemplates\dist\ssrtemplates\server\data\admdb.sqlite
[2025-09-24 01:12:37] INFO: INI ALAMAT TABLENYA :  D:\Work\Mii\TEMPLATES\ssrtemplates\.angular\prerender-root\a0372467-c05d-41f1-9643-c6a25b2157e4\data\admdb.sqlite
[2025-09-24 01:12:39] INFO: INI ALAMAT TABLENYA :  D:\Work\Mii\TEMPLATES\ssrtemplates\.angular\prerender-root\2b2e7940-76e4-40cb-80d2-dc66d82dcbdc\data\admdb.sqlite
[2025-09-24 01:12:39] INFO: INI ALAMAT TABLENYA :  D:\Work\Mii\TEMPLATES\ssrtemplates\.angular\prerender-root\beb77af2-1354-4f0d-8f9d-12fbf73db5e3\data\admdb.sqlite
[2025-09-24 01:12:39] INFO: INI ALAMAT TABLENYA :  D:\Work\Mii\TEMPLATES\ssrtemplates\.angular\prerender-root\2f01d093-5c2b-42ff-92a4-af2e82bcd34f\data\admdb.sqlite
[2025-09-24 01:12:39] INFO: INI ALAMAT TABLENYA :  D:\Work\Mii\TEMPLATES\ssrtemplates\.angular\prerender-root\ea0d6b2e-af81-4843-b0a6-bcaebd3ba180\data\admdb.sqlite
[2025-09-24 01:12:47] INFO: INI ALAMAT TABLENYA :  D:\Work\Mii\TEMPLATES\ssrtemplates\dist\ssrtemplates\server\data\admdb.sqlite
[2025-09-24 01:18:41] INFO: INI ALAMAT TABLENYA :  D:\Work\Mii\TEMPLATES\ssrtemplates\.angular\prerender-root\cce96bef-613d-4c87-9562-e5105bbae352\data\admdb.sqlite
[2025-09-24 01:18:42] INFO: INI ALAMAT TABLENYA :  D:\Work\Mii\TEMPLATES\ssrtemplates\.angular\prerender-root\29c4256b-f9fd-43bc-a58a-2064e46bc07a\data\admdb.sqlite
[2025-09-24 01:18:42] INFO: INI ALAMAT TABLENYA :  D:\Work\Mii\TEMPLATES\ssrtemplates\.angular\prerender-root\67c2c3b4-cffe-4bc0-ad00-bae13ba28b0d\data\admdb.sqlite
[2025-09-24 01:18:42] INFO: INI ALAMAT TABLENYA :  D:\Work\Mii\TEMPLATES\ssrtemplates\.angular\prerender-root\77a55bc7-1532-4f99-b7f5-dbab92b2e5b5\data\admdb.sqlite
[2025-09-24 01:18:42] INFO: INI ALAMAT TABLENYA :  D:\Work\Mii\TEMPLATES\ssrtemplates\.angular\prerender-root\7aa069f5-e53f-4783-8847-ecb172e722f2\data\admdb.sqlite
[2025-09-24 01:18:49] INFO: INI ALAMAT TABLENYA :  D:\Work\Mii\TEMPLATES\ssrtemplates\dist\ssrtemplates\server\data\admdb.sqlite
[2025-09-24 01:19:10] INFO: INI ALAMAT TABLENYA :  D:\Work\Mii\TEMPLATES\ssrtemplates\.angular\prerender-root\2806d7a0-df1d-43e5-b486-f23d22f9c2ff\data\admdb.sqlite
[2025-09-24 01:19:12] INFO: INI ALAMAT TABLENYA :  D:\Work\Mii\TEMPLATES\ssrtemplates\.angular\prerender-root\49cf57cb-2e6e-4780-8b11-c88c8cc063dd\data\admdb.sqlite
[2025-09-24 01:19:12] INFO: INI ALAMAT TABLENYA :  D:\Work\Mii\TEMPLATES\ssrtemplates\.angular\prerender-root\c845067f-8213-45ca-a61f-9a2441cda14b\data\admdb.sqlite
[2025-09-24 01:19:12] INFO: INI ALAMAT TABLENYA :  D:\Work\Mii\TEMPLATES\ssrtemplates\.angular\prerender-root\3b09856c-f633-422c-a4ed-e06bb76a1a03\data\admdb.sqlite
[2025-09-24 01:19:12] INFO: INI ALAMAT TABLENYA :  D:\Work\Mii\TEMPLATES\ssrtemplates\.angular\prerender-root\c19250fb-aacb-4ab1-b36b-27337e00ccac\data\admdb.sqlite
[2025-09-24 01:19:43] INFO: INI ALAMAT TABLENYA :  D:\Work\Mii\TEMPLATES\ssrtemplates\.angular\prerender-root\c13c5282-059d-40d9-b199-69bc1b27bfdf\data\admdb.sqlite
[2025-09-24 01:19:44] INFO: INI ALAMAT TABLENYA :  D:\Work\Mii\TEMPLATES\ssrtemplates\.angular\prerender-root\d61ee6e5-462c-4aa1-92b1-65f99a103d97\data\admdb.sqlite
[2025-09-24 01:19:44] INFO: INI ALAMAT TABLENYA :  D:\Work\Mii\TEMPLATES\ssrtemplates\.angular\prerender-root\2fa89a61-1bb5-4e67-89ed-7b81a65ace0a\data\admdb.sqlite
[2025-09-24 01:19:44] INFO: INI ALAMAT TABLENYA :  D:\Work\Mii\TEMPLATES\ssrtemplates\.angular\prerender-root\96c5bcb1-06e4-4136-9051-19f3145f11c1\data\admdb.sqlite
[2025-09-24 01:19:44] INFO: INI ALAMAT TABLENYA :  D:\Work\Mii\TEMPLATES\ssrtemplates\.angular\prerender-root\1de70703-6fa2-4588-9597-a0588df8c628\data\admdb.sqlite
[2025-09-24 01:19:50] INFO: INI ALAMAT TABLENYA :  D:\Work\Mii\TEMPLATES\ssrtemplates\dist\ssrtemplates\server\data\admdb.sqlite
[2025-09-24 01:21:47] INFO: INI ALAMAT TABLENYA :  D:\Work\Mii\TEMPLATES\ssrtemplates\.angular\prerender-root\1f6079df-efe2-4747-8e75-a7b4060842ac\data\admdb.sqlite
[2025-09-24 01:21:49] INFO: INI ALAMAT TABLENYA :  D:\Work\Mii\TEMPLATES\ssrtemplates\.angular\prerender-root\afe158d1-3bc4-4689-abf6-e0f0a55486a2\data\admdb.sqlite
[2025-09-24 01:21:49] INFO: INI ALAMAT TABLENYA :  D:\Work\Mii\TEMPLATES\ssrtemplates\.angular\prerender-root\a6630f99-e948-4c3e-8ae7-6d26c8438367\data\admdb.sqlite
[2025-09-24 01:21:49] INFO: INI ALAMAT TABLENYA :  D:\Work\Mii\TEMPLATES\ssrtemplates\.angular\prerender-root\64ce8781-e576-45e8-9c1b-e2b69994e9b4\data\admdb.sqlite
[2025-09-24 01:21:49] INFO: INI ALAMAT TABLENYA :  D:\Work\Mii\TEMPLATES\ssrtemplates\.angular\prerender-root\b7a23e2a-2074-4fe4-9ffa-ea34cd7e746d\data\admdb.sqlite
[2025-09-24 01:21:56] INFO: INI ALAMAT TABLENYA :  D:\Work\Mii\TEMPLATES\ssrtemplates\dist\ssrtemplates\server\data\admdb.sqlite
[2025-09-24 01:23:09] INFO: INI ALAMAT TABLENYA :  D:\Work\Mii\TEMPLATES\ssrtemplates\.angular\prerender-root\83998a31-4cc5-44d3-b639-8e4698a17c93\data\admdb.sqlite
[2025-09-24 01:23:11] INFO: INI ALAMAT TABLENYA :  D:\Work\Mii\TEMPLATES\ssrtemplates\.angular\prerender-root\669d7e3d-6c13-48f2-a131-8751b520215b\data\admdb.sqlite
[2025-09-24 01:23:11] INFO: INI ALAMAT TABLENYA :  D:\Work\Mii\TEMPLATES\ssrtemplates\.angular\prerender-root\11168e86-ff28-4627-ac7f-8eeb4871f994\data\admdb.sqlite
[2025-09-24 01:23:11] INFO: INI ALAMAT TABLENYA :  D:\Work\Mii\TEMPLATES\ssrtemplates\.angular\prerender-root\0dfd0e90-a3e6-4e77-8ead-02801b0482fe\data\admdb.sqlite
[2025-09-24 01:23:11] INFO: INI ALAMAT TABLENYA :  D:\Work\Mii\TEMPLATES\ssrtemplates\.angular\prerender-root\c9b57e4c-ae1e-4e63-bacf-34888fa4b9cc\data\admdb.sqlite
[2025-09-24 01:23:22] INFO: INI ALAMAT TABLENYA :  D:\Work\Mii\TEMPLATES\ssrtemplates\dist\ssrtemplates\server\data\admdb.sqlite
