[2025-10-31 13:56:10] INFO: INI ALAMAT TABLENYA :  D:\Work\Mii\TEMPLATES\ssrtemplates\dist\ssrtemplates\server\data\admdb.sqlite
[2025-10-31 13:56:12] INFO: login limiter max set to 3
[2025-10-31 14:00:19] INFO: INI ALAMAT TABLENYA :  D:\Work\Mii\TEMPLATES\ssrtemplates\.angular\prerender-root\a3bb1ca5-aad6-4727-9394-920248da9268\data\admdb.sqlite
[2025-10-31 14:00:19] WARN: Could not read param for rate limit, using default. Error: {}
[2025-10-31 14:00:37] INFO: INI ALAMAT TABLENYA :  D:\Work\Mii\TEMPLATES\ssrtemplates\.angular\prerender-root\db06d9cc-b618-4a92-b084-b1d553a3fac7\data\admdb.sqlite
[2025-10-31 14:00:37] WARN: Could not read param for rate limit, using default. Error: {}
[2025-10-31 14:00:37] INFO: INI ALAMAT TABLENYA :  D:\Work\Mii\TEMPLATES\ssrtemplates\.angular\prerender-root\b8f6f446-0fca-49b6-bac3-5eb1324b3c7f\data\admdb.sqlite
[2025-10-31 14:00:37] INFO: INI ALAMAT TABLENYA :  D:\Work\Mii\TEMPLATES\ssrtemplates\.angular\prerender-root\f836a4f2-5a8e-41ff-9537-4fc883780d2e\data\admdb.sqlite
[2025-10-31 14:00:37] WARN: Could not read param for rate limit, using default. Error: {}
[2025-10-31 14:00:37] WARN: Could not read param for rate limit, using default. Error: {}
[2025-10-31 14:00:37] INFO: INI ALAMAT TABLENYA :  D:\Work\Mii\TEMPLATES\ssrtemplates\.angular\prerender-root\dde02308-a328-40f4-9518-cb8f1091b774\data\admdb.sqlite
[2025-10-31 14:00:37] WARN: Could not read param for rate limit, using default. Error: {}
[2025-10-31 14:04:00] INFO: INI ALAMAT TABLENYA :  D:\Work\Mii\TEMPLATES\ssrtemplates\dist\ssrtemplates\server\data\admdb.sqlite
[2025-10-31 14:04:00] INFO: login limiter max set to 3
[2025-10-31 14:05:13] INFO: INI ALAMAT TABLENYA :  D:\Work\Mii\TEMPLATES\ssrtemplates\.angular\prerender-root\e079daeb-65cc-4f36-8b52-601d168e1c15\data\admdb.sqlite
[2025-10-31 14:05:13] WARN: Could not read param for rate limit, using default. Error: {}
[2025-10-31 14:05:18] INFO: INI ALAMAT TABLENYA :  D:\Work\Mii\TEMPLATES\ssrtemplates\.angular\prerender-root\4cd51ec2-4fef-4798-8c57-8cf73cffdb8f\data\admdb.sqlite
[2025-10-31 14:05:18] WARN: Could not read param for rate limit, using default. Error: {}
[2025-10-31 14:05:18] INFO: INI ALAMAT TABLENYA :  D:\Work\Mii\TEMPLATES\ssrtemplates\.angular\prerender-root\901100fe-0f20-4d98-8f1c-f9e6da721139\data\admdb.sqlite
[2025-10-31 14:05:18] WARN: Could not read param for rate limit, using default. Error: {}
[2025-10-31 14:05:18] INFO: INI ALAMAT TABLENYA :  D:\Work\Mii\TEMPLATES\ssrtemplates\.angular\prerender-root\68bdd55c-4c7d-4498-93aa-481b0e1099c3\data\admdb.sqlite
[2025-10-31 14:05:18] WARN: Could not read param for rate limit, using default. Error: {}
[2025-10-31 14:05:18] INFO: INI ALAMAT TABLENYA :  D:\Work\Mii\TEMPLATES\ssrtemplates\.angular\prerender-root\3cb298d5-9e3e-4b03-8008-4eeb784b8c76\data\admdb.sqlite
[2025-10-31 14:05:19] WARN: Could not read param for rate limit, using default. Error: {}
[2025-10-31 14:05:31] INFO: INI ALAMAT TABLENYA :  D:\Work\Mii\TEMPLATES\ssrtemplates\dist\ssrtemplates\server\data\admdb.sqlite
[2025-10-31 14:05:31] INFO: login limiter max set to 3
[2025-10-31 14:07:07] INFO: INI ALAMAT TABLENYA :  D:\Work\Mii\TEMPLATES\ssrtemplates\.angular\prerender-root\c2b33fac-e92f-4433-b370-12574857170c\data\admdb.sqlite
[2025-10-31 14:07:07] WARN: Could not read param for rate limit, using default. Error: {}
[2025-10-31 14:07:09] INFO: INI ALAMAT TABLENYA :  D:\Work\Mii\TEMPLATES\ssrtemplates\.angular\prerender-root\2797e93a-9ca7-49bb-a3d6-a44db4633aa3\data\admdb.sqlite
[2025-10-31 14:07:09] WARN: Could not read param for rate limit, using default. Error: {}
[2025-10-31 14:07:09] INFO: INI ALAMAT TABLENYA :  D:\Work\Mii\TEMPLATES\ssrtemplates\.angular\prerender-root\2b8eac1c-dc13-49c9-ae33-1c1b81df441d\data\admdb.sqlite
[2025-10-31 14:07:09] WARN: Could not read param for rate limit, using default. Error: {}
[2025-10-31 14:07:09] INFO: INI ALAMAT TABLENYA :  D:\Work\Mii\TEMPLATES\ssrtemplates\.angular\prerender-root\2dedcc14-9f62-43a5-b877-02d2904fa423\data\admdb.sqlite
[2025-10-31 14:07:09] WARN: Could not read param for rate limit, using default. Error: {}
[2025-10-31 14:07:09] INFO: INI ALAMAT TABLENYA :  D:\Work\Mii\TEMPLATES\ssrtemplates\.angular\prerender-root\ee4384dd-96aa-49f4-9e4b-f03cb8fe4975\data\admdb.sqlite
[2025-10-31 14:07:09] WARN: Could not read param for rate limit, using default. Error: {}
[2025-10-31 14:07:21] INFO: INI ALAMAT TABLENYA :  D:\Work\Mii\TEMPLATES\ssrtemplates\dist\ssrtemplates\server\data\admdb.sqlite
[2025-10-31 14:07:21] INFO: login limiter max set to 3
[2025-10-31 14:15:17] INFO: INI ALAMAT TABLENYA :  D:\Work\Mii\TEMPLATES\ssrtemplates\.angular\prerender-root\c82913bd-d8ae-4e6d-b3ba-8e910feb4d30\data\admdb.sqlite
[2025-10-31 14:15:18] WARN: Could not read param for rate limit, using default. Error: {}
[2025-10-31 14:15:31] INFO: INI ALAMAT TABLENYA :  D:\Work\Mii\TEMPLATES\ssrtemplates\.angular\prerender-root\d16bf3b1-032d-475f-93d4-edc9472ab7d3\data\admdb.sqlite
[2025-10-31 14:15:31] INFO: INI ALAMAT TABLENYA :  D:\Work\Mii\TEMPLATES\ssrtemplates\.angular\prerender-root\266a4c6d-c262-4b97-a5e7-e0351dfed935\data\admdb.sqlite
[2025-10-31 14:15:32] WARN: Could not read param for rate limit, using default. Error: {}
[2025-10-31 14:15:32] WARN: Could not read param for rate limit, using default. Error: {}
[2025-10-31 14:15:31] INFO: INI ALAMAT TABLENYA :  D:\Work\Mii\TEMPLATES\ssrtemplates\.angular\prerender-root\7fcb5d58-d43f-42eb-9aee-bec354682c94\data\admdb.sqlite
[2025-10-31 14:15:32] WARN: Could not read param for rate limit, using default. Error: {}
[2025-10-31 14:15:31] INFO: INI ALAMAT TABLENYA :  D:\Work\Mii\TEMPLATES\ssrtemplates\.angular\prerender-root\0556d4d0-3b5f-4270-8075-8dfeb8a89514\data\admdb.sqlite
[2025-10-31 14:15:32] WARN: Could not read param for rate limit, using default. Error: {}
[2025-10-31 14:16:00] INFO: INI ALAMAT TABLENYA :  D:\Work\Mii\TEMPLATES\ssrtemplates\dist\ssrtemplates\server\data\admdb.sqlite
[2025-10-31 14:16:00] INFO: login limiter max set to 3
[2025-10-31 14:28:02] INFO: INI ALAMAT TABLENYA :  D:\Work\Mii\TEMPLATES\ssrtemplates\.angular\prerender-root\babb2970-37d0-4011-8716-f4d3baf69d21\data\admdb.sqlite
[2025-10-31 14:28:02] WARN: Could not read param for rate limit, using default. Error: {}
[2025-10-31 14:28:04] INFO: INI ALAMAT TABLENYA :  D:\Work\Mii\TEMPLATES\ssrtemplates\.angular\prerender-root\e6a6bdca-4ae0-4be1-92cf-f9b35f78a8a9\data\admdb.sqlite
[2025-10-31 14:28:04] WARN: Could not read param for rate limit, using default. Error: {}
[2025-10-31 14:28:04] INFO: INI ALAMAT TABLENYA :  D:\Work\Mii\TEMPLATES\ssrtemplates\.angular\prerender-root\bdaff7ab-eaa4-4383-8507-bfc3fa3d245c\data\admdb.sqlite
[2025-10-31 14:28:04] WARN: Could not read param for rate limit, using default. Error: {}
[2025-10-31 14:28:04] INFO: INI ALAMAT TABLENYA :  D:\Work\Mii\TEMPLATES\ssrtemplates\.angular\prerender-root\55c1329a-6391-453e-a871-6df4b012a1ef\data\admdb.sqlite
[2025-10-31 14:28:04] WARN: Could not read param for rate limit, using default. Error: {}
[2025-10-31 14:28:04] INFO: INI ALAMAT TABLENYA :  D:\Work\Mii\TEMPLATES\ssrtemplates\.angular\prerender-root\12ae25a9-4aab-48c0-ab2b-c2a896e715d7\data\admdb.sqlite
[2025-10-31 14:28:04] WARN: Could not read param for rate limit, using default. Error: {}
[2025-10-31 14:28:16] INFO: INI ALAMAT TABLENYA :  D:\Work\Mii\TEMPLATES\ssrtemplates\dist\ssrtemplates\server\data\admdb.sqlite
[2025-10-31 14:28:16] INFO: login limiter max set to 3
[2025-10-31 14:35:27] INFO: INI ALAMAT TABLENYA :  D:\Work\Mii\TEMPLATES\ssrtemplates\.angular\prerender-root\1a228283-38d3-4557-a667-65515a1eef42\data\admdb.sqlite
[2025-10-31 14:35:27] WARN: Could not read param for rate limit, using default. Error: {}
[2025-10-31 14:35:30] INFO: INI ALAMAT TABLENYA :  D:\Work\Mii\TEMPLATES\ssrtemplates\.angular\prerender-root\d99cd269-2253-4ac5-b186-06dd81a0c143\data\admdb.sqlite
[2025-10-31 14:35:30] WARN: Could not read param for rate limit, using default. Error: {}
[2025-10-31 14:35:30] INFO: INI ALAMAT TABLENYA :  D:\Work\Mii\TEMPLATES\ssrtemplates\.angular\prerender-root\9aa31409-953d-4740-8efa-eabb71ed347e\data\admdb.sqlite
[2025-10-31 14:35:30] WARN: Could not read param for rate limit, using default. Error: {}
[2025-10-31 14:35:30] INFO: INI ALAMAT TABLENYA :  D:\Work\Mii\TEMPLATES\ssrtemplates\.angular\prerender-root\ec230bfe-ecdc-40d6-9922-928fc2326856\data\admdb.sqlite
[2025-10-31 14:35:30] WARN: Could not read param for rate limit, using default. Error: {}
[2025-10-31 14:35:30] INFO: INI ALAMAT TABLENYA :  D:\Work\Mii\TEMPLATES\ssrtemplates\.angular\prerender-root\da896ea0-bcd8-4430-946d-2c1d03e21272\data\admdb.sqlite
[2025-10-31 14:35:30] WARN: Could not read param for rate limit, using default. Error: {}
[2025-10-31 14:35:40] INFO: INI ALAMAT TABLENYA :  D:\Work\Mii\TEMPLATES\ssrtemplates\dist\ssrtemplates\server\data\admdb.sqlite
[2025-10-31 14:35:40] INFO: login limiter max set to 3
[2025-10-31 14:36:42] INFO: INI ALAMAT TABLENYA :  D:\Work\Mii\TEMPLATES\ssrtemplates\.angular\prerender-root\182b3459-7439-4917-ad5e-6bea76f498a2\data\admdb.sqlite
[2025-10-31 14:36:42] WARN: Could not read param for rate limit, using default. Error: {}
[2025-10-31 14:36:48] INFO: INI ALAMAT TABLENYA :  D:\Work\Mii\TEMPLATES\ssrtemplates\.angular\prerender-root\3144a9bd-10d8-4209-a6ee-ad56a23656fc\data\admdb.sqlite
[2025-10-31 14:36:48] WARN: Could not read param for rate limit, using default. Error: {}
[2025-10-31 14:36:48] INFO: INI ALAMAT TABLENYA :  D:\Work\Mii\TEMPLATES\ssrtemplates\.angular\prerender-root\400861b9-6412-44d0-bf39-25a3451ba043\data\admdb.sqlite
[2025-10-31 14:36:48] WARN: Could not read param for rate limit, using default. Error: {}
[2025-10-31 14:36:48] INFO: INI ALAMAT TABLENYA :  D:\Work\Mii\TEMPLATES\ssrtemplates\.angular\prerender-root\2e30dab0-ecf4-4561-9078-6a64edfa612d\data\admdb.sqlite
[2025-10-31 14:36:48] WARN: Could not read param for rate limit, using default. Error: {}
[2025-10-31 14:36:48] INFO: INI ALAMAT TABLENYA :  D:\Work\Mii\TEMPLATES\ssrtemplates\.angular\prerender-root\1770f2a4-64f2-4454-825d-e3f383cb1d98\data\admdb.sqlite
[2025-10-31 14:36:48] WARN: Could not read param for rate limit, using default. Error: {}
[2025-10-31 14:37:10] INFO: INI ALAMAT TABLENYA :  D:\Work\Mii\TEMPLATES\ssrtemplates\dist\ssrtemplates\server\data\admdb.sqlite
[2025-10-31 14:37:10] INFO: login limiter max set to 3
[2025-10-31 14:38:13] INFO: INI ALAMAT TABLENYA :  D:\Work\Mii\TEMPLATES\ssrtemplates\.angular\prerender-root\c233a3f5-61f0-4703-a538-6b5a7bef72d5\data\admdb.sqlite
[2025-10-31 14:38:13] WARN: Could not read param for rate limit, using default. Error: {}
[2025-10-31 14:38:19] INFO: INI ALAMAT TABLENYA :  D:\Work\Mii\TEMPLATES\ssrtemplates\.angular\prerender-root\194ebd83-3530-431a-87f1-8265170b13e1\data\admdb.sqlite
[2025-10-31 14:38:19] WARN: Could not read param for rate limit, using default. Error: {}
[2025-10-31 14:38:19] INFO: INI ALAMAT TABLENYA :  D:\Work\Mii\TEMPLATES\ssrtemplates\.angular\prerender-root\35c79612-cb60-4e43-8677-57266e464782\data\admdb.sqlite
[2025-10-31 14:38:19] WARN: Could not read param for rate limit, using default. Error: {}
[2025-10-31 14:38:19] INFO: INI ALAMAT TABLENYA :  D:\Work\Mii\TEMPLATES\ssrtemplates\.angular\prerender-root\f6efe0a7-a028-4ce5-9eef-b407564bdb2c\data\admdb.sqlite
[2025-10-31 14:38:19] WARN: Could not read param for rate limit, using default. Error: {}
[2025-10-31 14:38:19] INFO: INI ALAMAT TABLENYA :  D:\Work\Mii\TEMPLATES\ssrtemplates\.angular\prerender-root\d797039e-80af-4526-a006-c7c71bd15f75\data\admdb.sqlite
[2025-10-31 14:38:20] WARN: Could not read param for rate limit, using default. Error: {}
[2025-10-31 14:38:57] INFO: INI ALAMAT TABLENYA :  D:\Work\Mii\TEMPLATES\ssrtemplates\dist\ssrtemplates\server\data\admdb.sqlite
[2025-10-31 14:38:57] INFO: login limiter max set to 3
