[2025-11-07 00:04:26] INFO: INI ALAMAT TABLENYA :  D:\Work\Mii\TEMPLATES\ssrtemplates\.angular\prerender-root\558ab4bc-b754-4b2f-8ed2-acf2eab1c8b7\data\admdb.sqlite
[2025-11-07 00:04:26] WARN: Could not read param for rate limit, using default. Error: {}
[2025-11-07 00:04:26] INFO: Node Express server listening on http://localhost:4000
[2025-11-07 00:04:28] INFO: INI ALAMAT TABLENYA :  D:\Work\Mii\TEMPLATES\ssrtemplates\.angular\prerender-root\af608177-a334-47aa-8213-dd7f45bb9555\data\admdb.sqlite
[2025-11-07 00:04:28] WARN: Could not read param for rate limit, using default. Error: {}
[2025-11-07 00:04:28] INFO: INI ALAMAT TABLENYA :  D:\Work\Mii\TEMPLATES\ssrtemplates\.angular\prerender-root\f83f50f2-fb43-41d5-8d73-66f9cf3b60e2\data\admdb.sqlite
[2025-11-07 00:04:28] INFO: INI ALAMAT TABLENYA :  D:\Work\Mii\TEMPLATES\ssrtemplates\.angular\prerender-root\4fe55080-8517-4b44-93b1-e469de4ce2cf\data\admdb.sqlite
[2025-11-07 00:04:28] WARN: Could not read param for rate limit, using default. Error: {}
[2025-11-07 00:04:28] INFO: INI ALAMAT TABLENYA :  D:\Work\Mii\TEMPLATES\ssrtemplates\.angular\prerender-root\2bdf8194-5a16-4202-945d-54171650fc83\data\admdb.sqlite
[2025-11-07 00:04:28] WARN: Could not read param for rate limit, using default. Error: {}
[2025-11-07 00:04:28] INFO: Node Express server listening on http://localhost:4000
[2025-11-07 00:04:28] WARN: Could not read param for rate limit, using default. Error: {}
[2025-11-07 00:04:35] INFO: INI ALAMAT TABLENYA :  D:\Work\Mii\TEMPLATES\ssrtemplates\dist\ssrtemplates\server\data\admdb.sqlite
[2025-11-07 00:04:35] INFO: login limiter max set to 3
[2025-11-07 00:04:35] INFO: Node Express server listening on http://localhost:4000
[2025-11-07 08:37:48] INFO: INI ALAMAT TABLENYA :  D:\Work\Mii\TEMPLATES\ssrtemplates\.angular\prerender-root\0cb886c2-4697-45f1-9455-6697fa9d1ef2\data\admdb.sqlite
[2025-11-07 08:37:50] WARN: Could not read param for rate limit, using default. Error: {}
[2025-11-07 08:37:50] INFO: Node Express server listening on http://localhost:4000
[2025-11-07 08:38:01] INFO: INI ALAMAT TABLENYA :  D:\Work\Mii\TEMPLATES\ssrtemplates\.angular\prerender-root\aa5e1441-6308-43d2-95d7-a7a370d79f0a\data\admdb.sqlite
[2025-11-07 08:38:01] WARN: Could not read param for rate limit, using default. Error: {}
[2025-11-07 08:38:01] INFO: Node Express server listening on http://localhost:4000
[2025-11-07 08:38:01] INFO: INI ALAMAT TABLENYA :  D:\Work\Mii\TEMPLATES\ssrtemplates\.angular\prerender-root\e4bfee9d-c08f-4947-81f2-43b9565a932f\data\admdb.sqlite
[2025-11-07 08:38:01] WARN: Could not read param for rate limit, using default. Error: {}
[2025-11-07 08:38:01] INFO: INI ALAMAT TABLENYA :  D:\Work\Mii\TEMPLATES\ssrtemplates\.angular\prerender-root\3c50636a-3114-4108-8ff2-42b46bb30413\data\admdb.sqlite
[2025-11-07 08:38:01] WARN: Could not read param for rate limit, using default. Error: {}
[2025-11-07 08:38:01] INFO: INI ALAMAT TABLENYA :  D:\Work\Mii\TEMPLATES\ssrtemplates\.angular\prerender-root\0c91b068-d291-4c54-b3de-d88bf2a5d2b3\data\admdb.sqlite
[2025-11-07 08:38:01] WARN: Could not read param for rate limit, using default. Error: {}
[2025-11-07 08:38:47] INFO: INI ALAMAT TABLENYA :  D:\Work\Mii\TEMPLATES\ssrtemplates\dist\ssrtemplates\server\data\admdb.sqlite
[2025-11-07 08:38:47] INFO: login limiter max set to 3
[2025-11-07 08:38:47] INFO: Node Express server listening on http://localhost:4000
[2025-11-07 08:41:27] INFO: INI ALAMAT TABLENYA :  D:\Work\Mii\TEMPLATES\ssrtemplates\.angular\prerender-root\305564f4-2776-449a-9ab9-a3cc13cd96f6\data\admdb.sqlite
[2025-11-07 08:41:27] WARN: Could not read param for rate limit, using default. Error: {}
[2025-11-07 08:41:27] INFO: Node Express server listening on http://localhost:4000
[2025-11-07 08:41:30] INFO: INI ALAMAT TABLENYA :  D:\Work\Mii\TEMPLATES\ssrtemplates\.angular\prerender-root\01dd619c-ef13-4ae4-a1f5-f3818d5501e8\data\admdb.sqlite
[2025-11-07 08:41:30] WARN: Could not read param for rate limit, using default. Error: {}
[2025-11-07 08:41:30] INFO: Node Express server listening on http://localhost:4000
[2025-11-07 08:41:30] INFO: INI ALAMAT TABLENYA :  D:\Work\Mii\TEMPLATES\ssrtemplates\.angular\prerender-root\65195b07-2bcc-49f7-9de6-9c7e232a0d22\data\admdb.sqlite
[2025-11-07 08:41:30] WARN: Could not read param for rate limit, using default. Error: {}
[2025-11-07 08:41:30] INFO: INI ALAMAT TABLENYA :  D:\Work\Mii\TEMPLATES\ssrtemplates\.angular\prerender-root\b6cf971d-ac3d-4995-a68c-06df506d149c\data\admdb.sqlite
[2025-11-07 08:41:30] WARN: Could not read param for rate limit, using default. Error: {}
[2025-11-07 08:41:30] INFO: INI ALAMAT TABLENYA :  D:\Work\Mii\TEMPLATES\ssrtemplates\.angular\prerender-root\2de337c4-2f11-4f83-bec8-871f9ede7685\data\admdb.sqlite
[2025-11-07 08:41:30] WARN: Could not read param for rate limit, using default. Error: {}
[2025-11-07 08:46:19] INFO: INI ALAMAT TABLENYA :  D:\Work\Mii\TEMPLATES\ssrtemplates\dist\ssrtemplates\server\data\admdb.sqlite
[2025-11-07 08:46:22] INFO: login limiter max set to 3
[2025-11-07 08:46:22] INFO: Node Express server listening on http://localhost:4000
