[2025-09-25 09:12:02] INFO: INI ALAMAT TABLENYA :  D:\Work\Mii\TEMPLATES\ssrtemplates\.angular\prerender-root\05de6885-b864-42d8-863a-948e0d12454a\data\admdb.sqlite
[2025-09-25 09:12:17] INFO: INI ALAMAT TABLENYA :  D:\Work\Mii\TEMPLATES\ssrtemplates\.angular\prerender-root\0bedb196-1750-45f7-9910-1cbb4b4e51ea\data\admdb.sqlite
[2025-09-25 09:12:17] INFO: INI ALAMAT TABLENYA :  D:\Work\Mii\TEMPLATES\ssrtemplates\.angular\prerender-root\fa90f7f4-1c6b-457f-845d-276c2c14b67c\data\admdb.sqlite
[2025-09-25 09:12:17] INFO: INI ALAMAT TABLENYA :  D:\Work\Mii\TEMPLATES\ssrtemplates\.angular\prerender-root\d11ca219-ec2e-49bd-8512-1903535df27b\data\admdb.sqlite
[2025-09-25 09:12:17] INFO: INI ALAMAT TABLENYA :  D:\Work\Mii\TEMPLATES\ssrtemplates\.angular\prerender-root\d6ed4458-b956-45eb-8135-138dd023c906\data\admdb.sqlite
[2025-09-25 09:14:51] INFO: INI ALAMAT TABLENYA :  D:\Work\Mii\TEMPLATES\ssrtemplates\.angular\prerender-root\571ac9ca-9773-4088-a7e7-3d3d4ff3d273\data\admdb.sqlite
[2025-09-25 09:14:54] INFO: INI ALAMAT TABLENYA :  D:\Work\Mii\TEMPLATES\ssrtemplates\.angular\prerender-root\fe868d68-393d-45ac-9f0b-5d48f6bf2859\data\admdb.sqlite
[2025-09-25 09:14:54] INFO: INI ALAMAT TABLENYA :  D:\Work\Mii\TEMPLATES\ssrtemplates\.angular\prerender-root\d2c012eb-bde3-44a2-9c38-2e62cdeb8d81\data\admdb.sqlite
[2025-09-25 09:14:54] INFO: INI ALAMAT TABLENYA :  D:\Work\Mii\TEMPLATES\ssrtemplates\.angular\prerender-root\668f1379-3698-486e-9ae3-9cb1280f8ba8\data\admdb.sqlite
[2025-09-25 09:14:54] INFO: INI ALAMAT TABLENYA :  D:\Work\Mii\TEMPLATES\ssrtemplates\.angular\prerender-root\ad7b308c-a6e4-4132-8442-2a8b514f20ab\data\admdb.sqlite
[2025-09-25 09:15:04] INFO: INI ALAMAT TABLENYA :  D:\Work\Mii\TEMPLATES\ssrtemplates\dist\ssrtemplates\server\data\admdb.sqlite
[2025-09-25 13:17:03] INFO: INI ALAMAT TABLENYA :  D:\Work\Mii\TEMPLATES\ssrtemplates\.angular\prerender-root\aa6068aa-8e76-4f40-85e5-7509c69869b7\data\admdb.sqlite
[2025-09-25 13:17:05] INFO: INI ALAMAT TABLENYA :  D:\Work\Mii\TEMPLATES\ssrtemplates\.angular\prerender-root\bc9b2d52-ced8-4c70-9f39-2f93c1d7b93a\data\admdb.sqlite
[2025-09-25 13:17:05] INFO: INI ALAMAT TABLENYA :  D:\Work\Mii\TEMPLATES\ssrtemplates\.angular\prerender-root\d4c89bbc-bb05-4257-842e-0d8de6615499\data\admdb.sqlite
[2025-09-25 13:17:05] INFO: INI ALAMAT TABLENYA :  D:\Work\Mii\TEMPLATES\ssrtemplates\.angular\prerender-root\2e2241a6-5c9c-4318-b416-7ed26f324afb\data\admdb.sqlite
[2025-09-25 13:17:05] INFO: INI ALAMAT TABLENYA :  D:\Work\Mii\TEMPLATES\ssrtemplates\.angular\prerender-root\de9bb903-dab1-4ab0-821a-004ce7f71a04\data\admdb.sqlite
[2025-09-25 13:17:30] INFO: INI ALAMAT TABLENYA :  D:\Work\Mii\TEMPLATES\ssrtemplates\.angular\prerender-root\41299d9e-e0c7-4542-8ebf-b4d98dd5cdf2\data\admdb.sqlite
[2025-09-25 13:17:32] INFO: INI ALAMAT TABLENYA :  D:\Work\Mii\TEMPLATES\ssrtemplates\.angular\prerender-root\d2b6a3e6-c885-4a7a-8b08-e9dff1c7142d\data\admdb.sqlite
[2025-09-25 13:17:32] INFO: INI ALAMAT TABLENYA :  D:\Work\Mii\TEMPLATES\ssrtemplates\.angular\prerender-root\80632af4-c581-40b3-987e-1eb32c2d1c65\data\admdb.sqlite
[2025-09-25 13:17:32] INFO: INI ALAMAT TABLENYA :  D:\Work\Mii\TEMPLATES\ssrtemplates\.angular\prerender-root\a79976a3-1b29-4593-9491-6141eab0800c\data\admdb.sqlite
[2025-09-25 13:17:32] INFO: INI ALAMAT TABLENYA :  D:\Work\Mii\TEMPLATES\ssrtemplates\.angular\prerender-root\1ba29765-9da4-47fd-b3fa-817994f0a796\data\admdb.sqlite
[2025-09-25 13:19:28] INFO: INI ALAMAT TABLENYA :  D:\Work\Mii\TEMPLATES\ssrtemplates\dist\ssrtemplates\server\data\admdb.sqlite
[2025-09-25 13:30:41] INFO: INI ALAMAT TABLENYA :  D:\Work\Mii\TEMPLATES\ssrtemplates\.angular\prerender-root\2c22d66b-bdeb-4663-9019-d3fc5b13e404\data\admdb.sqlite
[2025-09-25 13:30:55] INFO: INI ALAMAT TABLENYA :  D:\Work\Mii\TEMPLATES\ssrtemplates\.angular\prerender-root\358bf141-90a9-4690-b05e-3cbc1dccb4a9\data\admdb.sqlite
[2025-09-25 13:30:55] INFO: INI ALAMAT TABLENYA :  D:\Work\Mii\TEMPLATES\ssrtemplates\.angular\prerender-root\d86e560f-03d0-402d-bf18-e5c9a0b7805a\data\admdb.sqlite
[2025-09-25 13:30:55] INFO: INI ALAMAT TABLENYA :  D:\Work\Mii\TEMPLATES\ssrtemplates\.angular\prerender-root\4d665a71-c56b-4597-bd5d-b0d526030f7f\data\admdb.sqlite
[2025-09-25 13:30:55] INFO: INI ALAMAT TABLENYA :  D:\Work\Mii\TEMPLATES\ssrtemplates\.angular\prerender-root\b64e7bfb-9988-47a5-8a8f-a0d398218b44\data\admdb.sqlite
[2025-09-25 13:38:04] INFO: INI ALAMAT TABLENYA :  D:\Work\Mii\TEMPLATES\ssrtemplates\dist\ssrtemplates\server\data\admdb.sqlite
[2025-09-25 17:57:12] INFO: INI ALAMAT TABLENYA :  D:\Work\Mii\TEMPLATES\ssrtemplates\.angular\prerender-root\b4cb9893-1321-4cce-b7bb-983acd90fb5c\data\admdb.sqlite
[2025-09-25 17:57:23] INFO: INI ALAMAT TABLENYA :  D:\Work\Mii\TEMPLATES\ssrtemplates\.angular\prerender-root\466ae1ce-d363-4fd5-9eda-9a36a31415c8\data\admdb.sqlite
[2025-09-25 17:57:23] INFO: INI ALAMAT TABLENYA :  D:\Work\Mii\TEMPLATES\ssrtemplates\.angular\prerender-root\5036ab86-e42e-4ff1-a799-e98c49364bfb\data\admdb.sqlite
[2025-09-25 17:57:23] INFO: INI ALAMAT TABLENYA :  D:\Work\Mii\TEMPLATES\ssrtemplates\.angular\prerender-root\da1ea421-455f-4afe-9dcd-b06521ae6796\data\admdb.sqlite
[2025-09-25 17:57:23] INFO: INI ALAMAT TABLENYA :  D:\Work\Mii\TEMPLATES\ssrtemplates\.angular\prerender-root\776ba594-4a5b-4912-9a0a-c85a03ef7e48\data\admdb.sqlite
[2025-09-25 17:57:42] INFO: INI ALAMAT TABLENYA :  D:\Work\Mii\TEMPLATES\ssrtemplates\dist\ssrtemplates\server\data\admdb.sqlite
[2025-09-25 19:57:01] INFO: INI ALAMAT TABLENYA :  D:\Work\Mii\TEMPLATES\ssrtemplates\.angular\prerender-root\1ba04be8-0532-4fde-a96b-48c34008859b\data\admdb.sqlite
[2025-09-25 19:57:03] INFO: INI ALAMAT TABLENYA :  D:\Work\Mii\TEMPLATES\ssrtemplates\.angular\prerender-root\fcd8703e-27e8-486e-828a-2df0138ff09b\data\admdb.sqlite
[2025-09-25 19:57:03] INFO: INI ALAMAT TABLENYA :  D:\Work\Mii\TEMPLATES\ssrtemplates\.angular\prerender-root\28930061-f3d1-495b-aa33-84b37960454b\data\admdb.sqlite
[2025-09-25 19:57:03] INFO: INI ALAMAT TABLENYA :  D:\Work\Mii\TEMPLATES\ssrtemplates\.angular\prerender-root\9a170c26-cf7a-42ba-82a6-308bec1dff19\data\admdb.sqlite
[2025-09-25 19:57:03] INFO: INI ALAMAT TABLENYA :  D:\Work\Mii\TEMPLATES\ssrtemplates\.angular\prerender-root\d9ddb6ee-3edc-49f2-9ebf-021190396226\data\admdb.sqlite
[2025-09-25 19:57:13] INFO: INI ALAMAT TABLENYA :  D:\Work\Mii\TEMPLATES\ssrtemplates\dist\ssrtemplates\server\data\admdb.sqlite
[2025-09-25 20:09:32] INFO: INI ALAMAT TABLENYA :  D:\Work\Mii\TEMPLATES\ssrtemplates\.angular\prerender-root\f209ad93-699f-40ae-b33b-a1261695fd90\data\admdb.sqlite
[2025-09-25 20:09:37] INFO: INI ALAMAT TABLENYA :  D:\Work\Mii\TEMPLATES\ssrtemplates\.angular\prerender-root\eec38190-ef97-4c5c-b68b-d9e16c795429\data\admdb.sqlite
[2025-09-25 20:09:37] INFO: INI ALAMAT TABLENYA :  D:\Work\Mii\TEMPLATES\ssrtemplates\.angular\prerender-root\6ce098c0-14b6-4779-8684-49e63321cc08\data\admdb.sqlite
[2025-09-25 20:09:37] INFO: INI ALAMAT TABLENYA :  D:\Work\Mii\TEMPLATES\ssrtemplates\.angular\prerender-root\9e4f36bf-93d7-4449-aecf-eb179f6d2a51\data\admdb.sqlite
[2025-09-25 20:09:37] INFO: INI ALAMAT TABLENYA :  D:\Work\Mii\TEMPLATES\ssrtemplates\.angular\prerender-root\02f2a5a0-ab00-44db-aa6c-a8dddd98bca7\data\admdb.sqlite
[2025-09-25 20:09:46] INFO: INI ALAMAT TABLENYA :  D:\Work\Mii\TEMPLATES\ssrtemplates\dist\ssrtemplates\server\data\admdb.sqlite
[2025-09-25 20:15:14] INFO: INI ALAMAT TABLENYA :  D:\Work\Mii\TEMPLATES\ssrtemplates\.angular\prerender-root\1a7f05c8-1057-4d12-9151-db994342e8c2\data\admdb.sqlite
[2025-09-25 20:15:16] INFO: INI ALAMAT TABLENYA :  D:\Work\Mii\TEMPLATES\ssrtemplates\.angular\prerender-root\cc9fbbc0-1ec3-4df8-8403-3bba717a7f20\data\admdb.sqlite
[2025-09-25 20:15:16] INFO: INI ALAMAT TABLENYA :  D:\Work\Mii\TEMPLATES\ssrtemplates\.angular\prerender-root\fe6f91bd-495a-48db-839f-552edb2320d2\data\admdb.sqlite
[2025-09-25 20:15:16] INFO: INI ALAMAT TABLENYA :  D:\Work\Mii\TEMPLATES\ssrtemplates\.angular\prerender-root\a855a478-3750-44c4-b37f-7891c7c861ba\data\admdb.sqlite
[2025-09-25 20:15:16] INFO: INI ALAMAT TABLENYA :  D:\Work\Mii\TEMPLATES\ssrtemplates\.angular\prerender-root\c92a64ce-1cf7-44d2-b955-88716124f847\data\admdb.sqlite
[2025-09-25 20:16:55] INFO: INI ALAMAT TABLENYA :  D:\Work\Mii\TEMPLATES\ssrtemplates\.angular\prerender-root\105b7d53-1e87-4311-b350-c96c251fe582\data\admdb.sqlite
[2025-09-25 20:16:57] INFO: INI ALAMAT TABLENYA :  D:\Work\Mii\TEMPLATES\ssrtemplates\.angular\prerender-root\16e61dea-8225-4b54-a553-c5ec0c02aa3f\data\admdb.sqlite
[2025-09-25 20:16:57] INFO: INI ALAMAT TABLENYA :  D:\Work\Mii\TEMPLATES\ssrtemplates\.angular\prerender-root\dba762be-0458-43c4-9a4e-09d61834e19a\data\admdb.sqlite
[2025-09-25 20:16:57] INFO: INI ALAMAT TABLENYA :  D:\Work\Mii\TEMPLATES\ssrtemplates\.angular\prerender-root\8070176a-25a1-4ef1-9529-3fcaf09be6e2\data\admdb.sqlite
[2025-09-25 20:16:57] INFO: INI ALAMAT TABLENYA :  D:\Work\Mii\TEMPLATES\ssrtemplates\.angular\prerender-root\4296142a-9196-419b-bf06-a3d92a7b8c56\data\admdb.sqlite
[2025-09-25 20:17:07] INFO: INI ALAMAT TABLENYA :  D:\Work\Mii\TEMPLATES\ssrtemplates\dist\ssrtemplates\server\data\admdb.sqlite
[2025-09-25 20:19:02] INFO: INI ALAMAT TABLENYA :  D:\Work\Mii\TEMPLATES\ssrtemplates\.angular\prerender-root\e6a22853-381a-478c-a3e7-a020b94cb1a9\data\admdb.sqlite
[2025-09-25 20:19:07] INFO: INI ALAMAT TABLENYA :  D:\Work\Mii\TEMPLATES\ssrtemplates\.angular\prerender-root\bdb26c02-cd2a-4dca-9aa9-579d14ae41ff\data\admdb.sqlite
[2025-09-25 20:19:07] INFO: INI ALAMAT TABLENYA :  D:\Work\Mii\TEMPLATES\ssrtemplates\.angular\prerender-root\edac5970-5929-455e-b0f4-26a0083f17a2\data\admdb.sqlite
[2025-09-25 20:19:07] INFO: INI ALAMAT TABLENYA :  D:\Work\Mii\TEMPLATES\ssrtemplates\.angular\prerender-root\c705718c-93e3-4f0b-b0c1-f14b168882c9\data\admdb.sqlite
[2025-09-25 20:19:07] INFO: INI ALAMAT TABLENYA :  D:\Work\Mii\TEMPLATES\ssrtemplates\.angular\prerender-root\63d4b213-73ec-4ff5-a819-b8ad4c575253\data\admdb.sqlite
[2025-09-25 20:21:01] INFO: INI ALAMAT TABLENYA :  D:\Work\Mii\TEMPLATES\ssrtemplates\.angular\prerender-root\69766e2e-794a-4542-8214-a3f64e94d129\data\admdb.sqlite
[2025-09-25 20:21:03] INFO: INI ALAMAT TABLENYA :  D:\Work\Mii\TEMPLATES\ssrtemplates\.angular\prerender-root\309c93ab-b9b8-4287-97bb-190041a7d921\data\admdb.sqlite
[2025-09-25 20:21:03] INFO: INI ALAMAT TABLENYA :  D:\Work\Mii\TEMPLATES\ssrtemplates\.angular\prerender-root\5587b5b2-4c56-4370-ad53-76a13a3b865e\data\admdb.sqlite
[2025-09-25 20:21:03] INFO: INI ALAMAT TABLENYA :  D:\Work\Mii\TEMPLATES\ssrtemplates\.angular\prerender-root\fd7208ee-4567-48b2-abd7-ab92707b89c8\data\admdb.sqlite
[2025-09-25 20:21:03] INFO: INI ALAMAT TABLENYA :  D:\Work\Mii\TEMPLATES\ssrtemplates\.angular\prerender-root\87defa0a-4b4e-44af-beb4-f57b9e8b0dd3\data\admdb.sqlite
[2025-09-25 20:21:12] INFO: INI ALAMAT TABLENYA :  D:\Work\Mii\TEMPLATES\ssrtemplates\dist\ssrtemplates\server\data\admdb.sqlite
[2025-09-25 20:24:32] INFO: INI ALAMAT TABLENYA :  D:\Work\Mii\TEMPLATES\ssrtemplates\.angular\prerender-root\a205ee3f-2b9e-4e04-9531-53a43a0eae48\data\admdb.sqlite
[2025-09-25 20:24:38] INFO: INI ALAMAT TABLENYA :  D:\Work\Mii\TEMPLATES\ssrtemplates\.angular\prerender-root\6067c2a0-c5db-4afa-b6e6-d7cab18e7bf6\data\admdb.sqlite
[2025-09-25 20:24:38] INFO: INI ALAMAT TABLENYA :  D:\Work\Mii\TEMPLATES\ssrtemplates\.angular\prerender-root\fd9bb3a5-aef4-409d-b3b1-ada9befb5056\data\admdb.sqlite
[2025-09-25 20:24:38] INFO: INI ALAMAT TABLENYA :  D:\Work\Mii\TEMPLATES\ssrtemplates\.angular\prerender-root\40e52f31-7bd5-4f76-91a0-5652b6bebe05\data\admdb.sqlite
[2025-09-25 20:24:38] INFO: INI ALAMAT TABLENYA :  D:\Work\Mii\TEMPLATES\ssrtemplates\.angular\prerender-root\5941a0a0-6eb3-4c4a-8dde-b0a12aa5c2f9\data\admdb.sqlite
[2025-09-25 20:42:16] INFO: INI ALAMAT TABLENYA :  D:\Work\Mii\TEMPLATES\ssrtemplates\.angular\prerender-root\57b3bc3a-a29c-458a-baa0-7209f4477fb3\data\admdb.sqlite
[2025-09-25 20:42:19] INFO: INI ALAMAT TABLENYA :  D:\Work\Mii\TEMPLATES\ssrtemplates\.angular\prerender-root\f702df99-c5da-439c-84cb-79c6ff51571d\data\admdb.sqlite
[2025-09-25 20:42:19] INFO: INI ALAMAT TABLENYA :  D:\Work\Mii\TEMPLATES\ssrtemplates\.angular\prerender-root\dd9a2616-d1d1-4af0-9b5b-1a0d60b2298d\data\admdb.sqlite
[2025-09-25 20:42:19] INFO: INI ALAMAT TABLENYA :  D:\Work\Mii\TEMPLATES\ssrtemplates\.angular\prerender-root\a6c083a9-8309-40de-9169-c60b77c70676\data\admdb.sqlite
[2025-09-25 20:42:19] INFO: INI ALAMAT TABLENYA :  D:\Work\Mii\TEMPLATES\ssrtemplates\.angular\prerender-root\d9f540d0-3e84-4d5a-b1af-62e77ef27bf5\data\admdb.sqlite
[2025-09-25 20:42:30] INFO: INI ALAMAT TABLENYA :  D:\Work\Mii\TEMPLATES\ssrtemplates\dist\ssrtemplates\server\data\admdb.sqlite
[2025-09-25 21:04:50] INFO: INI ALAMAT TABLENYA :  D:\Work\Mii\TEMPLATES\ssrtemplates\.angular\prerender-root\3edf10c2-2b9f-4e13-bc84-51d836e356f4\data\admdb.sqlite
[2025-09-25 21:04:52] INFO: INI ALAMAT TABLENYA :  D:\Work\Mii\TEMPLATES\ssrtemplates\.angular\prerender-root\73311515-6299-466c-ae47-76b1e5fd7758\data\admdb.sqlite
[2025-09-25 21:04:52] INFO: INI ALAMAT TABLENYA :  D:\Work\Mii\TEMPLATES\ssrtemplates\.angular\prerender-root\04282e2a-61bb-4d4a-80ca-ce0e55e02031\data\admdb.sqlite
[2025-09-25 21:04:52] INFO: INI ALAMAT TABLENYA :  D:\Work\Mii\TEMPLATES\ssrtemplates\.angular\prerender-root\cba3be5a-77b3-4340-b3fe-7bc83b5e10bb\data\admdb.sqlite
[2025-09-25 21:04:52] INFO: INI ALAMAT TABLENYA :  D:\Work\Mii\TEMPLATES\ssrtemplates\.angular\prerender-root\a7c9118a-e798-41e0-9f48-3b761f60c4c3\data\admdb.sqlite
[2025-09-25 21:05:03] INFO: INI ALAMAT TABLENYA :  D:\Work\Mii\TEMPLATES\ssrtemplates\dist\ssrtemplates\server\data\admdb.sqlite
[2025-09-25 21:05:59] INFO: INI ALAMAT TABLENYA :  D:\Work\Mii\TEMPLATES\ssrtemplates\.angular\prerender-root\0e416570-063d-4ee6-b7f5-659b4ee84586\data\admdb.sqlite
[2025-09-25 21:06:01] INFO: INI ALAMAT TABLENYA :  D:\Work\Mii\TEMPLATES\ssrtemplates\.angular\prerender-root\3a10107f-bccc-44f6-8faf-a5ac82562b81\data\admdb.sqlite
[2025-09-25 21:06:01] INFO: INI ALAMAT TABLENYA :  D:\Work\Mii\TEMPLATES\ssrtemplates\.angular\prerender-root\4cfd9ff1-09a2-46de-a97d-4127a3e3a366\data\admdb.sqlite
[2025-09-25 21:06:01] INFO: INI ALAMAT TABLENYA :  D:\Work\Mii\TEMPLATES\ssrtemplates\.angular\prerender-root\ba334630-ca4e-4c70-8e7a-dce31bcfb74f\data\admdb.sqlite
[2025-09-25 21:06:01] INFO: INI ALAMAT TABLENYA :  D:\Work\Mii\TEMPLATES\ssrtemplates\.angular\prerender-root\34fbfea0-299d-4551-aa0c-a9f4bb76f136\data\admdb.sqlite
[2025-09-25 21:06:14] INFO: INI ALAMAT TABLENYA :  D:\Work\Mii\TEMPLATES\ssrtemplates\dist\ssrtemplates\server\data\admdb.sqlite
[2025-09-25 21:18:54] INFO: INI ALAMAT TABLENYA :  D:\Work\Mii\TEMPLATES\ssrtemplates\.angular\prerender-root\fb02f95b-6f6e-4ace-979e-200e9a56e1cd\data\admdb.sqlite
[2025-09-25 21:18:55] INFO: INI ALAMAT TABLENYA :  D:\Work\Mii\TEMPLATES\ssrtemplates\.angular\prerender-root\0841a90e-8e3b-4428-bf1a-5640d897e219\data\admdb.sqlite
[2025-09-25 21:18:55] INFO: INI ALAMAT TABLENYA :  D:\Work\Mii\TEMPLATES\ssrtemplates\.angular\prerender-root\d89e10d3-9f09-41e1-9a76-38c5dfbe8850\data\admdb.sqlite
[2025-09-25 21:18:55] INFO: INI ALAMAT TABLENYA :  D:\Work\Mii\TEMPLATES\ssrtemplates\.angular\prerender-root\a48acb60-1cf1-4147-8af0-b7142482bc2a\data\admdb.sqlite
[2025-09-25 21:18:55] INFO: INI ALAMAT TABLENYA :  D:\Work\Mii\TEMPLATES\ssrtemplates\.angular\prerender-root\caf2cba8-14d4-495d-a939-f3186d2f37aa\data\admdb.sqlite
[2025-09-25 21:20:10] INFO: INI ALAMAT TABLENYA :  D:\Work\Mii\TEMPLATES\ssrtemplates\.angular\prerender-root\149be531-91a5-4ce9-a04a-2bcb7e020fea\data\admdb.sqlite
[2025-09-25 21:20:11] INFO: INI ALAMAT TABLENYA :  D:\Work\Mii\TEMPLATES\ssrtemplates\.angular\prerender-root\3d4ce07e-a27c-49ac-a498-766da3c8a52c\data\admdb.sqlite
[2025-09-25 21:20:11] INFO: INI ALAMAT TABLENYA :  D:\Work\Mii\TEMPLATES\ssrtemplates\.angular\prerender-root\0fae5022-2b2b-45bf-aa15-b5f12c4479ff\data\admdb.sqlite
[2025-09-25 21:20:11] INFO: INI ALAMAT TABLENYA :  D:\Work\Mii\TEMPLATES\ssrtemplates\.angular\prerender-root\3d24bd04-4806-4a6b-b506-fac653ed896b\data\admdb.sqlite
[2025-09-25 21:20:11] INFO: INI ALAMAT TABLENYA :  D:\Work\Mii\TEMPLATES\ssrtemplates\.angular\prerender-root\f2169cf1-1e60-44a8-97bf-49dc4995ff62\data\admdb.sqlite
[2025-09-25 21:20:48] INFO: INI ALAMAT TABLENYA :  D:\Work\Mii\TEMPLATES\ssrtemplates\dist\ssrtemplates\server\data\admdb.sqlite
[2025-09-25 21:27:25] INFO: INI ALAMAT TABLENYA :  D:\Work\Mii\TEMPLATES\ssrtemplates\.angular\prerender-root\799e3646-3f32-4854-a10d-0d4faaf6650e\data\admdb.sqlite
[2025-09-25 21:27:26] INFO: INI ALAMAT TABLENYA :  D:\Work\Mii\TEMPLATES\ssrtemplates\.angular\prerender-root\65139d16-390e-4acf-9839-ebf1ec50d8eb\data\admdb.sqlite
[2025-09-25 21:27:26] INFO: INI ALAMAT TABLENYA :  D:\Work\Mii\TEMPLATES\ssrtemplates\.angular\prerender-root\87531ffd-3974-4801-bb8e-6d9b1104ca0c\data\admdb.sqlite
[2025-09-25 21:27:26] INFO: INI ALAMAT TABLENYA :  D:\Work\Mii\TEMPLATES\ssrtemplates\.angular\prerender-root\78d85dbf-876c-439c-8875-45513db5b8de\data\admdb.sqlite
[2025-09-25 21:27:26] INFO: INI ALAMAT TABLENYA :  D:\Work\Mii\TEMPLATES\ssrtemplates\.angular\prerender-root\e6d8a89c-6298-4a0d-b0ad-0dc3933c6e40\data\admdb.sqlite
[2025-09-25 21:27:36] INFO: INI ALAMAT TABLENYA :  D:\Work\Mii\TEMPLATES\ssrtemplates\dist\ssrtemplates\server\data\admdb.sqlite
[2025-09-25 21:28:29] INFO: INI ALAMAT TABLENYA :  D:\Work\Mii\TEMPLATES\ssrtemplates\.angular\prerender-root\c3c3f32d-768d-4435-99b8-1db1f0c1aada\data\admdb.sqlite
[2025-09-25 21:28:31] INFO: INI ALAMAT TABLENYA :  D:\Work\Mii\TEMPLATES\ssrtemplates\.angular\prerender-root\bf170c57-75f0-4938-8b6d-0d7aa9003026\data\admdb.sqlite
[2025-09-25 21:28:31] INFO: INI ALAMAT TABLENYA :  D:\Work\Mii\TEMPLATES\ssrtemplates\.angular\prerender-root\642a67d8-d4d5-47db-b9fd-e2ae0813cc5b\data\admdb.sqlite
[2025-09-25 21:28:31] INFO: INI ALAMAT TABLENYA :  D:\Work\Mii\TEMPLATES\ssrtemplates\.angular\prerender-root\ce1481ae-e4f7-4b39-9418-516d41ff905d\data\admdb.sqlite
[2025-09-25 21:28:31] INFO: INI ALAMAT TABLENYA :  D:\Work\Mii\TEMPLATES\ssrtemplates\.angular\prerender-root\03ff15ba-0199-41eb-8993-e7fbf8ee25a5\data\admdb.sqlite
[2025-09-25 21:28:40] INFO: INI ALAMAT TABLENYA :  D:\Work\Mii\TEMPLATES\ssrtemplates\dist\ssrtemplates\server\data\admdb.sqlite
[2025-09-25 21:37:05] INFO: INI ALAMAT TABLENYA :  D:\Work\Mii\TEMPLATES\ssrtemplates\.angular\prerender-root\f41e536b-0ac8-4080-bed7-7b7416d7df0f\data\admdb.sqlite
[2025-09-25 21:37:07] INFO: INI ALAMAT TABLENYA :  D:\Work\Mii\TEMPLATES\ssrtemplates\.angular\prerender-root\aad83189-9f98-4867-85fa-c212dff41373\data\admdb.sqlite
[2025-09-25 21:37:07] INFO: INI ALAMAT TABLENYA :  D:\Work\Mii\TEMPLATES\ssrtemplates\.angular\prerender-root\e80f3b5c-f944-4022-b39b-44439080dfc3\data\admdb.sqlite
[2025-09-25 21:37:07] INFO: INI ALAMAT TABLENYA :  D:\Work\Mii\TEMPLATES\ssrtemplates\.angular\prerender-root\65cd6e34-7efa-49ed-bfbc-9db52dadfbce\data\admdb.sqlite
[2025-09-25 21:37:07] INFO: INI ALAMAT TABLENYA :  D:\Work\Mii\TEMPLATES\ssrtemplates\.angular\prerender-root\fded91bb-8e7b-4a09-90a4-e3e0fd69e935\data\admdb.sqlite
[2025-09-25 21:37:13] INFO: INI ALAMAT TABLENYA :  D:\Work\Mii\TEMPLATES\ssrtemplates\dist\ssrtemplates\server\data\admdb.sqlite
[2025-09-25 21:38:13] INFO: INI ALAMAT TABLENYA :  D:\Work\Mii\TEMPLATES\ssrtemplates\.angular\prerender-root\c455c8bf-698f-4c00-a5d2-83909fa0e502\data\admdb.sqlite
[2025-09-25 21:38:15] INFO: INI ALAMAT TABLENYA :  D:\Work\Mii\TEMPLATES\ssrtemplates\.angular\prerender-root\dd359a93-a0e1-4868-ae02-ba90bec2d075\data\admdb.sqlite
[2025-09-25 21:38:15] INFO: INI ALAMAT TABLENYA :  D:\Work\Mii\TEMPLATES\ssrtemplates\.angular\prerender-root\9521dbc9-9e86-482d-9021-b99db807e267\data\admdb.sqlite
[2025-09-25 21:38:15] INFO: INI ALAMAT TABLENYA :  D:\Work\Mii\TEMPLATES\ssrtemplates\.angular\prerender-root\e863b76a-7bf6-43d1-b962-3e2d2e3e5d89\data\admdb.sqlite
[2025-09-25 21:38:15] INFO: INI ALAMAT TABLENYA :  D:\Work\Mii\TEMPLATES\ssrtemplates\.angular\prerender-root\b8e6975f-e9fa-44c6-8c59-9338ee0538c8\data\admdb.sqlite
[2025-09-25 21:38:24] INFO: INI ALAMAT TABLENYA :  D:\Work\Mii\TEMPLATES\ssrtemplates\dist\ssrtemplates\server\data\admdb.sqlite
[2025-09-25 21:39:40] INFO: INI ALAMAT TABLENYA :  D:\Work\Mii\TEMPLATES\ssrtemplates\.angular\prerender-root\64fba4b5-0aa7-4eeb-ab8a-eadaf1071908\data\admdb.sqlite
[2025-09-25 21:39:41] INFO: INI ALAMAT TABLENYA :  D:\Work\Mii\TEMPLATES\ssrtemplates\.angular\prerender-root\6f07cfbe-8381-40fb-8637-605ecd535c3c\data\admdb.sqlite
[2025-09-25 21:39:41] INFO: INI ALAMAT TABLENYA :  D:\Work\Mii\TEMPLATES\ssrtemplates\.angular\prerender-root\fc956fe2-42d6-42b2-9fe1-9bf2f65c2354\data\admdb.sqlite
[2025-09-25 21:39:41] INFO: INI ALAMAT TABLENYA :  D:\Work\Mii\TEMPLATES\ssrtemplates\.angular\prerender-root\37691ee6-b965-480a-aa4d-2b925368392a\data\admdb.sqlite
[2025-09-25 21:39:41] INFO: INI ALAMAT TABLENYA :  D:\Work\Mii\TEMPLATES\ssrtemplates\.angular\prerender-root\5a2ed1f0-d9a3-4a2d-a263-6aa7b22379e1\data\admdb.sqlite
[2025-09-25 21:39:51] INFO: INI ALAMAT TABLENYA :  D:\Work\Mii\TEMPLATES\ssrtemplates\dist\ssrtemplates\server\data\admdb.sqlite
[2025-09-25 21:42:35] INFO: INI ALAMAT TABLENYA :  D:\Work\Mii\TEMPLATES\ssrtemplates\.angular\prerender-root\544547e6-bf20-4cff-a187-12e846579333\data\admdb.sqlite
[2025-09-25 21:42:36] INFO: INI ALAMAT TABLENYA :  D:\Work\Mii\TEMPLATES\ssrtemplates\.angular\prerender-root\d803afbf-156b-4652-9fbe-65cb51e0412c\data\admdb.sqlite
[2025-09-25 21:42:36] INFO: INI ALAMAT TABLENYA :  D:\Work\Mii\TEMPLATES\ssrtemplates\.angular\prerender-root\b7518783-f498-432b-ab3d-9b4c84a54100\data\admdb.sqlite
[2025-09-25 21:42:36] INFO: INI ALAMAT TABLENYA :  D:\Work\Mii\TEMPLATES\ssrtemplates\.angular\prerender-root\c840b42a-3121-485f-a84c-df64e58a1654\data\admdb.sqlite
[2025-09-25 21:42:36] INFO: INI ALAMAT TABLENYA :  D:\Work\Mii\TEMPLATES\ssrtemplates\.angular\prerender-root\2675895f-ca47-43d7-81f5-bf879070bcbc\data\admdb.sqlite
[2025-09-25 21:42:44] INFO: INI ALAMAT TABLENYA :  D:\Work\Mii\TEMPLATES\ssrtemplates\dist\ssrtemplates\server\data\admdb.sqlite
[2025-09-25 21:43:29] INFO: INI ALAMAT TABLENYA :  D:\Work\Mii\TEMPLATES\ssrtemplates\.angular\prerender-root\5405e730-318b-46a1-b4e2-402374e4f755\data\admdb.sqlite
[2025-09-25 21:43:31] INFO: INI ALAMAT TABLENYA :  D:\Work\Mii\TEMPLATES\ssrtemplates\.angular\prerender-root\c1f5f77f-85e6-4191-82ff-f069e35d6ef5\data\admdb.sqlite
[2025-09-25 21:43:31] INFO: INI ALAMAT TABLENYA :  D:\Work\Mii\TEMPLATES\ssrtemplates\.angular\prerender-root\088aead0-51ef-4403-8062-0d1eee141da8\data\admdb.sqlite
[2025-09-25 21:43:31] INFO: INI ALAMAT TABLENYA :  D:\Work\Mii\TEMPLATES\ssrtemplates\.angular\prerender-root\7afccc98-de34-4bf0-8b82-93a0e84f1425\data\admdb.sqlite
[2025-09-25 21:43:31] INFO: INI ALAMAT TABLENYA :  D:\Work\Mii\TEMPLATES\ssrtemplates\.angular\prerender-root\df3f1de0-a5e6-47a2-b7cd-c1337bab4689\data\admdb.sqlite
[2025-09-25 21:45:05] INFO: INI ALAMAT TABLENYA :  D:\Work\Mii\TEMPLATES\ssrtemplates\.angular\prerender-root\bee2a0fd-d23f-414d-bf21-abf29ad17de2\data\admdb.sqlite
[2025-09-25 21:45:15] INFO: INI ALAMAT TABLENYA :  D:\Work\Mii\TEMPLATES\ssrtemplates\.angular\prerender-root\21ec8f2c-2abb-4661-acc0-01e8f3907935\data\admdb.sqlite
[2025-09-25 21:45:15] INFO: INI ALAMAT TABLENYA :  D:\Work\Mii\TEMPLATES\ssrtemplates\.angular\prerender-root\d1ca8a2e-e14d-4848-bb61-f00971db8b8e\data\admdb.sqlite
[2025-09-25 21:45:15] INFO: INI ALAMAT TABLENYA :  D:\Work\Mii\TEMPLATES\ssrtemplates\.angular\prerender-root\5c81c6af-f015-4533-b2e9-ce3cfb51dd46\data\admdb.sqlite
[2025-09-25 21:45:15] INFO: INI ALAMAT TABLENYA :  D:\Work\Mii\TEMPLATES\ssrtemplates\.angular\prerender-root\cb1a1dae-e86e-4d07-9e82-0734898fef7e\data\admdb.sqlite
[2025-09-25 21:46:45] INFO: INI ALAMAT TABLENYA :  D:\Work\Mii\TEMPLATES\ssrtemplates\.angular\prerender-root\bdddd895-d359-44d5-89cb-b0cdc5903706\data\admdb.sqlite
[2025-09-25 21:46:47] INFO: INI ALAMAT TABLENYA :  D:\Work\Mii\TEMPLATES\ssrtemplates\.angular\prerender-root\6d0f37ee-e741-4edc-b3b6-ebf0abcfbad3\data\admdb.sqlite
[2025-09-25 21:46:47] INFO: INI ALAMAT TABLENYA :  D:\Work\Mii\TEMPLATES\ssrtemplates\.angular\prerender-root\6e6e8ed0-4092-426b-8e87-f2be654f12c4\data\admdb.sqlite
[2025-09-25 21:46:47] INFO: INI ALAMAT TABLENYA :  D:\Work\Mii\TEMPLATES\ssrtemplates\.angular\prerender-root\c6411705-8af7-4da9-b4ad-94da42181eca\data\admdb.sqlite
[2025-09-25 21:46:47] INFO: INI ALAMAT TABLENYA :  D:\Work\Mii\TEMPLATES\ssrtemplates\.angular\prerender-root\47f9b697-b19d-48ff-b7a5-553d8d4d4d01\data\admdb.sqlite
[2025-09-25 21:47:00] INFO: INI ALAMAT TABLENYA :  D:\Work\Mii\TEMPLATES\ssrtemplates\dist\ssrtemplates\server\data\admdb.sqlite
[2025-09-25 21:48:30] INFO: INI ALAMAT TABLENYA :  D:\Work\Mii\TEMPLATES\ssrtemplates\.angular\prerender-root\bc351458-ea42-4f3f-b590-05b62e6196d0\data\admdb.sqlite
[2025-09-25 21:48:32] INFO: INI ALAMAT TABLENYA :  D:\Work\Mii\TEMPLATES\ssrtemplates\.angular\prerender-root\5d953b3e-735a-43a5-a714-dd4a6b6e73fc\data\admdb.sqlite
[2025-09-25 21:48:32] INFO: INI ALAMAT TABLENYA :  D:\Work\Mii\TEMPLATES\ssrtemplates\.angular\prerender-root\9b654072-326d-45bb-9846-dc0e73168fc1\data\admdb.sqlite
[2025-09-25 21:48:32] INFO: INI ALAMAT TABLENYA :  D:\Work\Mii\TEMPLATES\ssrtemplates\.angular\prerender-root\87219fc7-4352-4336-a7e5-6ef1b8633787\data\admdb.sqlite
[2025-09-25 21:48:32] INFO: INI ALAMAT TABLENYA :  D:\Work\Mii\TEMPLATES\ssrtemplates\.angular\prerender-root\4444e9f7-848e-44c3-8e0b-d07f0dec6a1a\data\admdb.sqlite
[2025-09-25 21:48:39] INFO: INI ALAMAT TABLENYA :  D:\Work\Mii\TEMPLATES\ssrtemplates\dist\ssrtemplates\server\data\admdb.sqlite
[2025-09-25 21:49:22] INFO: INI ALAMAT TABLENYA :  D:\Work\Mii\TEMPLATES\ssrtemplates\.angular\prerender-root\dfc7996c-1753-4cc0-b63b-c976ec0a4c4c\data\admdb.sqlite
[2025-09-25 21:49:24] INFO: INI ALAMAT TABLENYA :  D:\Work\Mii\TEMPLATES\ssrtemplates\.angular\prerender-root\bc7615f2-e4a9-4335-a8ec-506513b504c1\data\admdb.sqlite
[2025-09-25 21:49:24] INFO: INI ALAMAT TABLENYA :  D:\Work\Mii\TEMPLATES\ssrtemplates\.angular\prerender-root\368d9731-42f8-47e7-a9e2-891cc8b42a7f\data\admdb.sqlite
[2025-09-25 21:49:24] INFO: INI ALAMAT TABLENYA :  D:\Work\Mii\TEMPLATES\ssrtemplates\.angular\prerender-root\95871823-70e0-462a-9502-b03593c15323\data\admdb.sqlite
[2025-09-25 21:49:24] INFO: INI ALAMAT TABLENYA :  D:\Work\Mii\TEMPLATES\ssrtemplates\.angular\prerender-root\67115ee8-72d0-49d8-91c9-52bf7b79092f\data\admdb.sqlite
[2025-09-25 21:49:44] INFO: INI ALAMAT TABLENYA :  D:\Work\Mii\TEMPLATES\ssrtemplates\dist\ssrtemplates\server\data\admdb.sqlite
[2025-09-25 21:54:35] INFO: INI ALAMAT TABLENYA :  D:\Work\Mii\TEMPLATES\ssrtemplates\.angular\prerender-root\774cf2d8-4443-42c5-af88-5d51e9ef5d13\data\admdb.sqlite
[2025-09-25 21:54:36] INFO: INI ALAMAT TABLENYA :  D:\Work\Mii\TEMPLATES\ssrtemplates\.angular\prerender-root\ab58b1cd-789f-4150-9ad3-c8e571276c1a\data\admdb.sqlite
[2025-09-25 21:54:36] INFO: INI ALAMAT TABLENYA :  D:\Work\Mii\TEMPLATES\ssrtemplates\.angular\prerender-root\03f34083-53bb-4728-a7f1-4f0d5e592d3f\data\admdb.sqlite
[2025-09-25 21:54:36] INFO: INI ALAMAT TABLENYA :  D:\Work\Mii\TEMPLATES\ssrtemplates\.angular\prerender-root\d86a3e29-290a-4c17-b759-7a3baac02fbc\data\admdb.sqlite
[2025-09-25 21:54:36] INFO: INI ALAMAT TABLENYA :  D:\Work\Mii\TEMPLATES\ssrtemplates\.angular\prerender-root\7aa8b904-27f1-45e6-9f19-89ce136fdc47\data\admdb.sqlite
[2025-09-25 21:54:45] INFO: INI ALAMAT TABLENYA :  D:\Work\Mii\TEMPLATES\ssrtemplates\dist\ssrtemplates\server\data\admdb.sqlite
