[2026-01-08 08:47:49] INFO: INI ALAMAT TABLENYA :  D:\Work\Mii\TEMPLATES\ssrtemplates\.angular\prerender-root\81978ba4-d458-4afa-ac89-c0f7bae788f4\data\admdb.sqlite
[2026-01-08 08:47:49] WARN: Could not read param for rate limit, using default. Error: {}
[2026-01-08 08:47:49] INFO: Node Express server listening on http://localhost:4000
[2026-01-08 08:47:52] INFO: INI ALAMAT TABLENYA :  D:\Work\Mii\TEMPLATES\ssrtemplates\.angular\prerender-root\a4005373-ed33-47e2-9bd3-1f24b3974455\data\admdb.sqlite
[2026-01-08 08:47:52] WARN: Could not read param for rate limit, using default. Error: {}
[2026-01-08 08:47:52] INFO: Node Express server listening on http://localhost:4000
[2026-01-08 08:47:52] INFO: INI ALAMAT TABLENYA :  D:\Work\Mii\TEMPLATES\ssrtemplates\.angular\prerender-root\346c2bc2-55b0-4f35-acb3-e41fe3890b98\data\admdb.sqlite
[2026-01-08 08:47:52] INFO: INI ALAMAT TABLENYA :  D:\Work\Mii\TEMPLATES\ssrtemplates\.angular\prerender-root\641bd992-ab01-47e0-9751-7448ac894614\data\admdb.sqlite
[2026-01-08 08:47:52] WARN: Could not read param for rate limit, using default. Error: {}
[2026-01-08 08:47:52] INFO: INI ALAMAT TABLENYA :  D:\Work\Mii\TEMPLATES\ssrtemplates\.angular\prerender-root\205e45d1-7af3-463f-9232-f51dd8ab0d98\data\admdb.sqlite
[2026-01-08 08:47:52] WARN: Could not read param for rate limit, using default. Error: {}
[2026-01-08 08:47:52] WARN: Could not read param for rate limit, using default. Error: {}
[2026-01-08 08:48:12] INFO: INI ALAMAT TABLENYA :  D:\Work\Mii\TEMPLATES\ssrtemplates\dist\ssrtemplates\server\data\admdb.sqlite
[2026-01-08 08:48:12] INFO: login limiter max set to 3
[2026-01-08 08:48:12] INFO: Node Express server listening on http://localhost:4000
[2026-01-08 08:56:47] INFO: INI ALAMAT TABLENYA :  D:\Work\Mii\TEMPLATES\ssrtemplates\dist\ssrtemplates\server\data\admdb.sqlite
[2026-01-08 08:56:47] INFO: login limiter max set to 3
[2026-01-08 08:56:47] INFO: Node Express server listening on http://localhost:4000
[2026-01-08 09:00:31] INFO: INI ALAMAT TABLENYA :  D:\Work\Mii\TEMPLATES\ssrtemplates\.angular\prerender-root\bef03f0d-e880-421b-9460-4f05768a54e9\data\admdb.sqlite
[2026-01-08 09:00:31] WARN: Could not read param for rate limit, using default. Error: {}
[2026-01-08 09:00:31] INFO: Node Express server listening on http://localhost:4000
[2026-01-08 09:00:33] INFO: INI ALAMAT TABLENYA :  D:\Work\Mii\TEMPLATES\ssrtemplates\.angular\prerender-root\b28c0b3f-8312-4206-80e4-8dcb46e20195\data\admdb.sqlite
[2026-01-08 09:00:34] WARN: Could not read param for rate limit, using default. Error: {}
[2026-01-08 09:00:33] INFO: INI ALAMAT TABLENYA :  D:\Work\Mii\TEMPLATES\ssrtemplates\.angular\prerender-root\ff91c824-9811-4167-862b-4e8e939aa6cc\data\admdb.sqlite
[2026-01-08 09:00:34] WARN: Could not read param for rate limit, using default. Error: {}
[2026-01-08 09:00:34] INFO: Node Express server listening on http://localhost:4000
[2026-01-08 09:00:33] INFO: INI ALAMAT TABLENYA :  D:\Work\Mii\TEMPLATES\ssrtemplates\.angular\prerender-root\f6f6cd22-d31e-4cca-8031-1973c9cef75c\data\admdb.sqlite
[2026-01-08 09:00:34] WARN: Could not read param for rate limit, using default. Error: {}
[2026-01-08 09:00:33] INFO: INI ALAMAT TABLENYA :  D:\Work\Mii\TEMPLATES\ssrtemplates\.angular\prerender-root\15251fa7-a1a5-49ce-b813-b24a6c2ac546\data\admdb.sqlite
[2026-01-08 09:00:34] WARN: Could not read param for rate limit, using default. Error: {}
[2026-01-08 09:00:45] INFO: INI ALAMAT TABLENYA :  D:\Work\Mii\TEMPLATES\ssrtemplates\dist\ssrtemplates\server\data\admdb.sqlite
[2026-01-08 09:00:45] INFO: login limiter max set to 3
[2026-01-08 09:00:45] INFO: Node Express server listening on http://localhost:4000
[2026-01-08 09:02:50] INFO: INI ALAMAT TABLENYA :  D:\Work\Mii\TEMPLATES\ssrtemplates\.angular\prerender-root\7e871891-88fb-408f-928b-6a224b40c95b\data\admdb.sqlite
[2026-01-08 09:02:50] WARN: Could not read param for rate limit, using default. Error: {}
[2026-01-08 09:02:50] INFO: Node Express server listening on http://localhost:4000
[2026-01-08 09:02:55] INFO: INI ALAMAT TABLENYA :  D:\Work\Mii\TEMPLATES\ssrtemplates\.angular\prerender-root\7ba52bdf-41e2-4a46-98f2-85f08325f943\data\admdb.sqlite
[2026-01-08 09:02:56] WARN: Could not read param for rate limit, using default. Error: {}
[2026-01-08 09:02:56] INFO: Node Express server listening on http://localhost:4000
[2026-01-08 09:02:55] INFO: INI ALAMAT TABLENYA :  D:\Work\Mii\TEMPLATES\ssrtemplates\.angular\prerender-root\aac0b21f-825b-4323-af88-ab6ca010047c\data\admdb.sqlite
[2026-01-08 09:02:56] WARN: Could not read param for rate limit, using default. Error: {}
[2026-01-08 09:02:55] INFO: INI ALAMAT TABLENYA :  D:\Work\Mii\TEMPLATES\ssrtemplates\.angular\prerender-root\3986ea1a-f5a1-431a-8531-80a5118880ba\data\admdb.sqlite
[2026-01-08 09:02:56] WARN: Could not read param for rate limit, using default. Error: {}
[2026-01-08 09:02:55] INFO: INI ALAMAT TABLENYA :  D:\Work\Mii\TEMPLATES\ssrtemplates\.angular\prerender-root\9ff7277a-948b-4d1a-a61b-a8f74ef404ff\data\admdb.sqlite
[2026-01-08 09:02:56] WARN: Could not read param for rate limit, using default. Error: {}
[2026-01-08 09:03:30] INFO: INI ALAMAT TABLENYA :  D:\Work\Mii\TEMPLATES\ssrtemplates\.angular\prerender-root\985c13e6-7134-4d85-a550-7dc7b17e577f\data\admdb.sqlite
[2026-01-08 09:03:30] WARN: Could not read param for rate limit, using default. Error: {}
[2026-01-08 09:03:30] INFO: Node Express server listening on http://localhost:4000
[2026-01-08 09:03:32] INFO: INI ALAMAT TABLENYA :  D:\Work\Mii\TEMPLATES\ssrtemplates\.angular\prerender-root\2152576d-108a-413b-a7ef-851180df5dd1\data\admdb.sqlite
[2026-01-08 09:03:32] WARN: Could not read param for rate limit, using default. Error: {}
[2026-01-08 09:03:32] INFO: INI ALAMAT TABLENYA :  D:\Work\Mii\TEMPLATES\ssrtemplates\.angular\prerender-root\30cb0879-291c-460f-b4b2-33f6a392964b\data\admdb.sqlite
[2026-01-08 09:03:32] WARN: Could not read param for rate limit, using default. Error: {}
[2026-01-08 09:03:33] INFO: Node Express server listening on http://localhost:4000
[2026-01-08 09:03:32] INFO: INI ALAMAT TABLENYA :  D:\Work\Mii\TEMPLATES\ssrtemplates\.angular\prerender-root\82c7637f-4c0f-4591-a12d-101ddc8f037c\data\admdb.sqlite
[2026-01-08 09:03:33] WARN: Could not read param for rate limit, using default. Error: {}
[2026-01-08 09:03:32] INFO: INI ALAMAT TABLENYA :  D:\Work\Mii\TEMPLATES\ssrtemplates\.angular\prerender-root\8ae93e3c-d802-41ec-a902-72d463a2639a\data\admdb.sqlite
[2026-01-08 09:03:33] WARN: Could not read param for rate limit, using default. Error: {}
[2026-01-08 09:03:45] INFO: INI ALAMAT TABLENYA :  D:\Work\Mii\TEMPLATES\ssrtemplates\dist\ssrtemplates\server\data\admdb.sqlite
[2026-01-08 09:03:45] INFO: login limiter max set to 3
[2026-01-08 09:03:45] INFO: Node Express server listening on http://localhost:4000
[2026-01-08 09:04:55] INFO: INI ALAMAT TABLENYA :  D:\Work\Mii\TEMPLATES\ssrtemplates\.angular\prerender-root\362ac27d-40aa-49d6-9b12-e74794546e4d\data\admdb.sqlite
[2026-01-08 09:04:55] WARN: Could not read param for rate limit, using default. Error: {}
[2026-01-08 09:04:55] INFO: Node Express server listening on http://localhost:4000
[2026-01-08 09:04:58] INFO: INI ALAMAT TABLENYA :  D:\Work\Mii\TEMPLATES\ssrtemplates\.angular\prerender-root\e6996b7f-51cc-43aa-b00f-d1f93e78388e\data\admdb.sqlite
[2026-01-08 09:04:58] WARN: Could not read param for rate limit, using default. Error: {}
[2026-01-08 09:04:58] INFO: Node Express server listening on http://localhost:4000
[2026-01-08 09:04:58] INFO: INI ALAMAT TABLENYA :  D:\Work\Mii\TEMPLATES\ssrtemplates\.angular\prerender-root\a50af1fc-76ca-4660-8687-73ac5f9a7d6b\data\admdb.sqlite
[2026-01-08 09:04:58] WARN: Could not read param for rate limit, using default. Error: {}
[2026-01-08 09:04:58] INFO: INI ALAMAT TABLENYA :  D:\Work\Mii\TEMPLATES\ssrtemplates\.angular\prerender-root\f4b7804c-6a80-43cc-a5f3-62d3d93ff5e5\data\admdb.sqlite
[2026-01-08 09:04:58] WARN: Could not read param for rate limit, using default. Error: {}
[2026-01-08 09:04:58] INFO: INI ALAMAT TABLENYA :  D:\Work\Mii\TEMPLATES\ssrtemplates\.angular\prerender-root\a89ae023-2173-4bf5-b13c-25ee8a0130d8\data\admdb.sqlite
[2026-01-08 09:04:58] WARN: Could not read param for rate limit, using default. Error: {}
[2026-01-08 09:05:15] INFO: INI ALAMAT TABLENYA :  D:\Work\Mii\TEMPLATES\ssrtemplates\dist\ssrtemplates\server\data\admdb.sqlite
[2026-01-08 09:05:15] INFO: login limiter max set to 3
[2026-01-08 09:05:15] INFO: Node Express server listening on http://localhost:4000
[2026-01-08 09:12:23] INFO: INI ALAMAT TABLENYA :  D:\Work\Mii\TEMPLATES\ssrtemplates\.angular\prerender-root\9e6f3433-d943-4ba6-8af9-88675ee142c3\data\admdb.sqlite
[2026-01-08 09:12:23] WARN: Could not read param for rate limit, using default. Error: {}
[2026-01-08 09:12:23] INFO: Node Express server listening on http://localhost:4000
[2026-01-08 09:12:29] INFO: INI ALAMAT TABLENYA :  D:\Work\Mii\TEMPLATES\ssrtemplates\.angular\prerender-root\981923db-7498-4821-87bb-3fd16d137600\data\admdb.sqlite
[2026-01-08 09:12:29] WARN: Could not read param for rate limit, using default. Error: {}
[2026-01-08 09:12:29] INFO: Node Express server listening on http://localhost:4000
[2026-01-08 09:12:29] INFO: INI ALAMAT TABLENYA :  D:\Work\Mii\TEMPLATES\ssrtemplates\.angular\prerender-root\e9f65efb-5dd5-4ef8-81ae-a76b07b8e3e7\data\admdb.sqlite
[2026-01-08 09:12:29] WARN: Could not read param for rate limit, using default. Error: {}
[2026-01-08 09:12:29] INFO: INI ALAMAT TABLENYA :  D:\Work\Mii\TEMPLATES\ssrtemplates\.angular\prerender-root\ccffcaaa-cb69-4e8f-bd7c-705b85cadc6a\data\admdb.sqlite
[2026-01-08 09:12:29] WARN: Could not read param for rate limit, using default. Error: {}
[2026-01-08 09:12:29] INFO: INI ALAMAT TABLENYA :  D:\Work\Mii\TEMPLATES\ssrtemplates\.angular\prerender-root\0ffbb2b3-bf2d-4c4b-b14a-893ab5e9d6c1\data\admdb.sqlite
[2026-01-08 09:12:29] WARN: Could not read param for rate limit, using default. Error: {}
[2026-01-08 09:13:14] INFO: INI ALAMAT TABLENYA :  D:\Work\Mii\TEMPLATES\ssrtemplates\.angular\prerender-root\4e9cf68c-3885-4168-a387-7c82cebd52f7\data\admdb.sqlite
[2026-01-08 09:13:14] WARN: Could not read param for rate limit, using default. Error: {}
[2026-01-08 09:13:14] INFO: Node Express server listening on http://localhost:4000
[2026-01-08 09:13:16] INFO: INI ALAMAT TABLENYA :  D:\Work\Mii\TEMPLATES\ssrtemplates\.angular\prerender-root\96e6f93b-bab2-4a9a-a1ee-3e2c94bac4cf\data\admdb.sqlite
[2026-01-08 09:13:16] WARN: Could not read param for rate limit, using default. Error: {}
[2026-01-08 09:13:16] INFO: Node Express server listening on http://localhost:4000
[2026-01-08 09:13:16] INFO: INI ALAMAT TABLENYA :  D:\Work\Mii\TEMPLATES\ssrtemplates\.angular\prerender-root\d8a261d9-ce0e-4df6-90dc-c96d8c6a3a67\data\admdb.sqlite
[2026-01-08 09:13:16] WARN: Could not read param for rate limit, using default. Error: {}
[2026-01-08 09:13:16] INFO: INI ALAMAT TABLENYA :  D:\Work\Mii\TEMPLATES\ssrtemplates\.angular\prerender-root\f5e36889-6ab8-4de9-b243-a9e140cc93c0\data\admdb.sqlite
[2026-01-08 09:13:16] WARN: Could not read param for rate limit, using default. Error: {}
[2026-01-08 09:13:16] INFO: INI ALAMAT TABLENYA :  D:\Work\Mii\TEMPLATES\ssrtemplates\.angular\prerender-root\949c1f49-48dd-40b0-96df-48ac64e1e8be\data\admdb.sqlite
[2026-01-08 09:13:16] WARN: Could not read param for rate limit, using default. Error: {}
[2026-01-08 09:13:26] INFO: INI ALAMAT TABLENYA :  D:\Work\Mii\TEMPLATES\ssrtemplates\dist\ssrtemplates\server\data\admdb.sqlite
[2026-01-08 09:13:26] INFO: login limiter max set to 3
[2026-01-08 09:13:26] INFO: Node Express server listening on http://localhost:4000
[2026-01-08 09:28:10] INFO: INI ALAMAT TABLENYA :  D:\Work\Mii\TEMPLATES\ssrtemplates\.angular\prerender-root\c601dbe5-09ed-4f9c-b01b-2e287d9c68bd\data\admdb.sqlite
[2026-01-08 09:28:10] WARN: Could not read param for rate limit, using default. Error: {}
[2026-01-08 09:28:10] INFO: Node Express server listening on http://localhost:4000
[2026-01-08 09:28:14] INFO: INI ALAMAT TABLENYA :  D:\Work\Mii\TEMPLATES\ssrtemplates\.angular\prerender-root\4e4f16dc-08b3-4f82-a26b-e9c71b5eb2bd\data\admdb.sqlite
[2026-01-08 09:28:14] INFO: INI ALAMAT TABLENYA :  D:\Work\Mii\TEMPLATES\ssrtemplates\.angular\prerender-root\fc6b88b8-4bcb-46bf-8b98-45c26262e6e4\data\admdb.sqlite
[2026-01-08 09:28:14] WARN: Could not read param for rate limit, using default. Error: {}
[2026-01-08 09:28:14] WARN: Could not read param for rate limit, using default. Error: {}
[2026-01-08 09:28:14] INFO: Node Express server listening on http://localhost:4000
[2026-01-08 09:28:14] INFO: INI ALAMAT TABLENYA :  D:\Work\Mii\TEMPLATES\ssrtemplates\.angular\prerender-root\0a4e9350-0585-44b1-a046-b92ff29b5e56\data\admdb.sqlite
[2026-01-08 09:28:14] WARN: Could not read param for rate limit, using default. Error: {}
[2026-01-08 09:28:14] INFO: INI ALAMAT TABLENYA :  D:\Work\Mii\TEMPLATES\ssrtemplates\.angular\prerender-root\e043e11c-38d5-49e0-99c2-b7ffb0e3ce15\data\admdb.sqlite
[2026-01-08 09:28:14] WARN: Could not read param for rate limit, using default. Error: {}
[2026-01-08 09:28:26] INFO: INI ALAMAT TABLENYA :  D:\Work\Mii\TEMPLATES\ssrtemplates\dist\ssrtemplates\server\data\admdb.sqlite
[2026-01-08 09:28:26] INFO: login limiter max set to 3
[2026-01-08 09:28:26] INFO: Node Express server listening on http://localhost:4000
[2026-01-08 09:34:12] INFO: INI ALAMAT TABLENYA :  D:\Work\Mii\TEMPLATES\ssrtemplates\.angular\prerender-root\89e43c3d-c5fa-4d54-84bb-6477b781fd7b\data\admdb.sqlite
[2026-01-08 09:34:12] WARN: Could not read param for rate limit, using default. Error: {}
[2026-01-08 09:34:12] INFO: Node Express server listening on http://localhost:4000
[2026-01-08 09:34:14] INFO: INI ALAMAT TABLENYA :  D:\Work\Mii\TEMPLATES\ssrtemplates\.angular\prerender-root\00a4013e-87b9-45f8-9272-5caa5e656d5e\data\admdb.sqlite
[2026-01-08 09:34:14] WARN: Could not read param for rate limit, using default. Error: {}
[2026-01-08 09:34:14] INFO: Node Express server listening on http://localhost:4000
[2026-01-08 09:34:14] INFO: INI ALAMAT TABLENYA :  D:\Work\Mii\TEMPLATES\ssrtemplates\.angular\prerender-root\f6e09037-f709-41d7-b582-8bcd33aafc4e\data\admdb.sqlite
[2026-01-08 09:34:14] WARN: Could not read param for rate limit, using default. Error: {}
[2026-01-08 09:34:14] INFO: INI ALAMAT TABLENYA :  D:\Work\Mii\TEMPLATES\ssrtemplates\.angular\prerender-root\17371c74-112d-4521-9d8f-ee407342835c\data\admdb.sqlite
[2026-01-08 09:34:14] WARN: Could not read param for rate limit, using default. Error: {}
[2026-01-08 09:34:14] INFO: INI ALAMAT TABLENYA :  D:\Work\Mii\TEMPLATES\ssrtemplates\.angular\prerender-root\ded33b8f-55cc-4e92-9d59-72dec033967d\data\admdb.sqlite
[2026-01-08 09:34:14] WARN: Could not read param for rate limit, using default. Error: {}
[2026-01-08 09:34:37] INFO: INI ALAMAT TABLENYA :  D:\Work\Mii\TEMPLATES\ssrtemplates\dist\ssrtemplates\server\data\admdb.sqlite
[2026-01-08 09:34:37] INFO: login limiter max set to 3
[2026-01-08 09:34:37] INFO: Node Express server listening on http://localhost:4000
[2026-01-08 09:40:38] INFO: INI ALAMAT TABLENYA :  D:\Work\Mii\TEMPLATES\ssrtemplates\.angular\prerender-root\e3092149-43ca-4c14-8cf2-733f3293dc57\data\admdb.sqlite
[2026-01-08 09:40:38] WARN: Could not read param for rate limit, using default. Error: {}
[2026-01-08 09:40:38] INFO: Node Express server listening on http://localhost:4000
[2026-01-08 09:40:44] INFO: INI ALAMAT TABLENYA :  D:\Work\Mii\TEMPLATES\ssrtemplates\.angular\prerender-root\1364e707-620b-44ff-87d4-2ec3f214eb3e\data\admdb.sqlite
[2026-01-08 09:40:44] WARN: Could not read param for rate limit, using default. Error: {}
[2026-01-08 09:40:44] INFO: Node Express server listening on http://localhost:4000
[2026-01-08 09:40:44] INFO: INI ALAMAT TABLENYA :  D:\Work\Mii\TEMPLATES\ssrtemplates\.angular\prerender-root\4169f92f-575f-4106-9417-307dc0b0d922\data\admdb.sqlite
[2026-01-08 09:40:44] WARN: Could not read param for rate limit, using default. Error: {}
[2026-01-08 09:40:44] INFO: INI ALAMAT TABLENYA :  D:\Work\Mii\TEMPLATES\ssrtemplates\.angular\prerender-root\48026956-cd12-499d-97c4-4dab8f5533f0\data\admdb.sqlite
[2026-01-08 09:40:44] WARN: Could not read param for rate limit, using default. Error: {}
[2026-01-08 09:40:44] INFO: INI ALAMAT TABLENYA :  D:\Work\Mii\TEMPLATES\ssrtemplates\.angular\prerender-root\71da5073-c544-436c-bbf6-883c47f149cf\data\admdb.sqlite
[2026-01-08 09:40:44] WARN: Could not read param for rate limit, using default. Error: {}
[2026-01-08 09:41:01] INFO: INI ALAMAT TABLENYA :  D:\Work\Mii\TEMPLATES\ssrtemplates\dist\ssrtemplates\server\data\admdb.sqlite
[2026-01-08 09:41:01] INFO: login limiter max set to 3
[2026-01-08 09:41:01] INFO: Node Express server listening on http://localhost:4000
[2026-01-08 09:41:43] INFO: INI ALAMAT TABLENYA :  D:\Work\Mii\TEMPLATES\ssrtemplates\.angular\prerender-root\dffb48e6-2b2c-47bf-b738-e16ce330d15f\data\admdb.sqlite
[2026-01-08 09:41:43] WARN: Could not read param for rate limit, using default. Error: {}
[2026-01-08 09:41:43] INFO: Node Express server listening on http://localhost:4000
[2026-01-08 09:41:49] INFO: INI ALAMAT TABLENYA :  D:\Work\Mii\TEMPLATES\ssrtemplates\.angular\prerender-root\dc75ae13-6a89-4d54-a072-816c5e9ebe8e\data\admdb.sqlite
[2026-01-08 09:41:49] WARN: Could not read param for rate limit, using default. Error: {}
[2026-01-08 09:41:49] INFO: Node Express server listening on http://localhost:4000
[2026-01-08 09:41:49] INFO: INI ALAMAT TABLENYA :  D:\Work\Mii\TEMPLATES\ssrtemplates\.angular\prerender-root\2fd08c77-a4f0-4f9e-bc18-765cf8742ed9\data\admdb.sqlite
[2026-01-08 09:41:49] WARN: Could not read param for rate limit, using default. Error: {}
[2026-01-08 09:41:49] INFO: INI ALAMAT TABLENYA :  D:\Work\Mii\TEMPLATES\ssrtemplates\.angular\prerender-root\2a65ca62-8168-410a-aec9-a072e18f64ef\data\admdb.sqlite
[2026-01-08 09:41:49] WARN: Could not read param for rate limit, using default. Error: {}
[2026-01-08 09:41:49] INFO: INI ALAMAT TABLENYA :  D:\Work\Mii\TEMPLATES\ssrtemplates\.angular\prerender-root\da43c55b-4bde-44cb-9fb5-4f51b3577c79\data\admdb.sqlite
[2026-01-08 09:41:49] WARN: Could not read param for rate limit, using default. Error: {}
[2026-01-08 09:42:22] INFO: INI ALAMAT TABLENYA :  D:\Work\Mii\TEMPLATES\ssrtemplates\dist\ssrtemplates\server\data\admdb.sqlite
[2026-01-08 09:42:22] INFO: login limiter max set to 3
[2026-01-08 09:42:22] INFO: Node Express server listening on http://localhost:4000
[2026-01-08 09:43:00] INFO: INI ALAMAT TABLENYA :  D:\Work\Mii\TEMPLATES\ssrtemplates\.angular\prerender-root\615f750a-b6d2-4ffd-92f4-1d8d41d4ca83\data\admdb.sqlite
[2026-01-08 09:43:00] WARN: Could not read param for rate limit, using default. Error: {}
[2026-01-08 09:43:00] INFO: Node Express server listening on http://localhost:4000
[2026-01-08 09:43:04] INFO: INI ALAMAT TABLENYA :  D:\Work\Mii\TEMPLATES\ssrtemplates\.angular\prerender-root\22095d3e-0501-40cb-8e53-e11c6194eae9\data\admdb.sqlite
[2026-01-08 09:43:04] WARN: Could not read param for rate limit, using default. Error: {}
[2026-01-08 09:43:04] INFO: Node Express server listening on http://localhost:4000
[2026-01-08 09:43:04] INFO: INI ALAMAT TABLENYA :  D:\Work\Mii\TEMPLATES\ssrtemplates\.angular\prerender-root\5e9b4e81-6873-4def-bfca-d862dbd95223\data\admdb.sqlite
[2026-01-08 09:43:04] WARN: Could not read param for rate limit, using default. Error: {}
[2026-01-08 09:43:04] INFO: INI ALAMAT TABLENYA :  D:\Work\Mii\TEMPLATES\ssrtemplates\.angular\prerender-root\8a03401d-d8ae-4a6a-a831-3da51f3ec404\data\admdb.sqlite
[2026-01-08 09:43:04] WARN: Could not read param for rate limit, using default. Error: {}
[2026-01-08 09:43:04] INFO: INI ALAMAT TABLENYA :  D:\Work\Mii\TEMPLATES\ssrtemplates\.angular\prerender-root\4e4f3ef0-a24d-4e74-b185-a6b262c5e4d9\data\admdb.sqlite
[2026-01-08 09:43:04] WARN: Could not read param for rate limit, using default. Error: {}
[2026-01-08 09:43:25] INFO: INI ALAMAT TABLENYA :  D:\Work\Mii\TEMPLATES\ssrtemplates\dist\ssrtemplates\server\data\admdb.sqlite
[2026-01-08 09:43:25] INFO: login limiter max set to 3
[2026-01-08 09:43:25] INFO: Node Express server listening on http://localhost:4000
[2026-01-08 09:47:09] INFO: INI ALAMAT TABLENYA :  D:\Work\Mii\TEMPLATES\ssrtemplates\.angular\prerender-root\20ad959f-fd1d-4923-b107-a96d54e0ec58\data\admdb.sqlite
[2026-01-08 09:47:09] WARN: Could not read param for rate limit, using default. Error: {}
[2026-01-08 09:47:09] INFO: Node Express server listening on http://localhost:4000
[2026-01-08 09:47:12] INFO: INI ALAMAT TABLENYA :  D:\Work\Mii\TEMPLATES\ssrtemplates\.angular\prerender-root\f49c3f38-1b68-4374-a30b-6e0835c9ee40\data\admdb.sqlite
[2026-01-08 09:47:12] WARN: Could not read param for rate limit, using default. Error: {}
[2026-01-08 09:47:12] INFO: INI ALAMAT TABLENYA :  D:\Work\Mii\TEMPLATES\ssrtemplates\.angular\prerender-root\465ddcf4-14ba-4e49-a173-08c1b532320e\data\admdb.sqlite
[2026-01-08 09:47:12] WARN: Could not read param for rate limit, using default. Error: {}
[2026-01-08 09:47:12] INFO: Node Express server listening on http://localhost:4000
[2026-01-08 09:47:12] INFO: INI ALAMAT TABLENYA :  D:\Work\Mii\TEMPLATES\ssrtemplates\.angular\prerender-root\a892ac07-436d-4b48-a438-628a8a0c9063\data\admdb.sqlite
[2026-01-08 09:47:12] WARN: Could not read param for rate limit, using default. Error: {}
[2026-01-08 09:47:12] INFO: INI ALAMAT TABLENYA :  D:\Work\Mii\TEMPLATES\ssrtemplates\.angular\prerender-root\1635e695-241f-41d5-ab59-32dd7aa48a5d\data\admdb.sqlite
[2026-01-08 09:47:12] WARN: Could not read param for rate limit, using default. Error: {}
[2026-01-08 09:47:21] INFO: INI ALAMAT TABLENYA :  D:\Work\Mii\TEMPLATES\ssrtemplates\dist\ssrtemplates\server\data\admdb.sqlite
[2026-01-08 09:47:21] INFO: login limiter max set to 3
[2026-01-08 09:47:21] INFO: Node Express server listening on http://localhost:4000
[2026-01-08 09:49:41] INFO: INI ALAMAT TABLENYA :  D:\Work\Mii\TEMPLATES\ssrtemplates\.angular\prerender-root\76b1455f-00db-4127-b74a-afd513741a6c\data\admdb.sqlite
[2026-01-08 09:49:41] WARN: Could not read param for rate limit, using default. Error: {}
[2026-01-08 09:49:41] INFO: Node Express server listening on http://localhost:4000
[2026-01-08 09:49:44] INFO: INI ALAMAT TABLENYA :  D:\Work\Mii\TEMPLATES\ssrtemplates\.angular\prerender-root\42975579-460f-4d89-a26f-51b0295c2bd5\data\admdb.sqlite
[2026-01-08 09:49:44] WARN: Could not read param for rate limit, using default. Error: {}
[2026-01-08 09:49:44] INFO: INI ALAMAT TABLENYA :  D:\Work\Mii\TEMPLATES\ssrtemplates\.angular\prerender-root\7217ba50-1089-4d62-a0d9-73804b69fdbd\data\admdb.sqlite
[2026-01-08 09:49:44] WARN: Could not read param for rate limit, using default. Error: {}
[2026-01-08 09:49:44] INFO: Node Express server listening on http://localhost:4000
[2026-01-08 09:49:44] INFO: INI ALAMAT TABLENYA :  D:\Work\Mii\TEMPLATES\ssrtemplates\.angular\prerender-root\953d996c-f0b2-41b1-b1e2-01113c96def9\data\admdb.sqlite
[2026-01-08 09:49:44] WARN: Could not read param for rate limit, using default. Error: {}
[2026-01-08 09:49:44] INFO: INI ALAMAT TABLENYA :  D:\Work\Mii\TEMPLATES\ssrtemplates\.angular\prerender-root\65b6d8b7-f105-4258-9471-9a4d2c2dcdaf\data\admdb.sqlite
[2026-01-08 09:49:44] WARN: Could not read param for rate limit, using default. Error: {}
[2026-01-08 09:49:57] INFO: INI ALAMAT TABLENYA :  D:\Work\Mii\TEMPLATES\ssrtemplates\dist\ssrtemplates\server\data\admdb.sqlite
[2026-01-08 09:49:57] INFO: login limiter max set to 3
[2026-01-08 09:49:57] INFO: Node Express server listening on http://localhost:4000
[2026-01-08 09:51:33] INFO: INI ALAMAT TABLENYA :  D:\Work\Mii\TEMPLATES\ssrtemplates\.angular\prerender-root\15a4bf57-a0db-43ce-a550-79eb3c284d63\data\admdb.sqlite
[2026-01-08 09:51:33] WARN: Could not read param for rate limit, using default. Error: {}
[2026-01-08 09:51:33] INFO: Node Express server listening on http://localhost:4000
[2026-01-08 09:51:36] INFO: INI ALAMAT TABLENYA :  D:\Work\Mii\TEMPLATES\ssrtemplates\.angular\prerender-root\5602f665-bf61-46ae-b3d3-97129cf814ef\data\admdb.sqlite
[2026-01-08 09:51:36] WARN: Could not read param for rate limit, using default. Error: {}
[2026-01-08 09:51:36] INFO: Node Express server listening on http://localhost:4000
[2026-01-08 09:51:36] INFO: INI ALAMAT TABLENYA :  D:\Work\Mii\TEMPLATES\ssrtemplates\.angular\prerender-root\e1e997af-0c0f-4aac-9c3c-30b04383a7c4\data\admdb.sqlite
[2026-01-08 09:51:36] WARN: Could not read param for rate limit, using default. Error: {}
[2026-01-08 09:51:36] INFO: INI ALAMAT TABLENYA :  D:\Work\Mii\TEMPLATES\ssrtemplates\.angular\prerender-root\43c2c551-e7a1-462b-8d44-c600da911f8b\data\admdb.sqlite
[2026-01-08 09:51:36] WARN: Could not read param for rate limit, using default. Error: {}
[2026-01-08 09:51:36] INFO: INI ALAMAT TABLENYA :  D:\Work\Mii\TEMPLATES\ssrtemplates\.angular\prerender-root\aafeb228-f8e6-44b4-9771-1ed2b7c67eb0\data\admdb.sqlite
[2026-01-08 09:51:36] WARN: Could not read param for rate limit, using default. Error: {}
[2026-01-08 09:51:48] INFO: INI ALAMAT TABLENYA :  D:\Work\Mii\TEMPLATES\ssrtemplates\dist\ssrtemplates\server\data\admdb.sqlite
[2026-01-08 09:51:48] INFO: login limiter max set to 3
[2026-01-08 09:51:48] INFO: Node Express server listening on http://localhost:4000
[2026-01-08 09:59:29] INFO: INI ALAMAT TABLENYA :  D:\Work\Mii\TEMPLATES\ssrtemplates\.angular\prerender-root\961d6614-d968-4307-94d7-79987e9cb8a9\data\admdb.sqlite
[2026-01-08 09:59:29] WARN: Could not read param for rate limit, using default. Error: {}
[2026-01-08 09:59:29] INFO: Node Express server listening on http://localhost:4000
[2026-01-08 09:59:35] INFO: INI ALAMAT TABLENYA :  D:\Work\Mii\TEMPLATES\ssrtemplates\.angular\prerender-root\354c1b2b-6da1-47b8-bad4-260c8df66fae\data\admdb.sqlite
[2026-01-08 09:59:35] WARN: Could not read param for rate limit, using default. Error: {}
[2026-01-08 09:59:35] INFO: Node Express server listening on http://localhost:4000
[2026-01-08 09:59:35] INFO: INI ALAMAT TABLENYA :  D:\Work\Mii\TEMPLATES\ssrtemplates\.angular\prerender-root\1257fe7f-2778-434b-9b46-9f971fef1736\data\admdb.sqlite
[2026-01-08 09:59:35] WARN: Could not read param for rate limit, using default. Error: {}
[2026-01-08 09:59:35] INFO: INI ALAMAT TABLENYA :  D:\Work\Mii\TEMPLATES\ssrtemplates\.angular\prerender-root\8c6c4cc0-cb89-412f-b9a0-5b29be75fd88\data\admdb.sqlite
[2026-01-08 09:59:35] WARN: Could not read param for rate limit, using default. Error: {}
[2026-01-08 09:59:35] INFO: INI ALAMAT TABLENYA :  D:\Work\Mii\TEMPLATES\ssrtemplates\.angular\prerender-root\58e64920-8c8b-46ac-8a2e-aecdc835515b\data\admdb.sqlite
[2026-01-08 09:59:35] WARN: Could not read param for rate limit, using default. Error: {}
[2026-01-08 09:59:53] INFO: INI ALAMAT TABLENYA :  D:\Work\Mii\TEMPLATES\ssrtemplates\dist\ssrtemplates\server\data\admdb.sqlite
[2026-01-08 09:59:54] INFO: login limiter max set to 3
[2026-01-08 09:59:54] INFO: Node Express server listening on http://localhost:4000
[2026-01-08 10:01:50] INFO: INI ALAMAT TABLENYA :  D:\Work\Mii\TEMPLATES\ssrtemplates\.angular\prerender-root\466e71d4-be68-4fa3-a1b3-6f2759cd7985\data\admdb.sqlite
[2026-01-08 10:01:50] WARN: Could not read param for rate limit, using default. Error: {}
[2026-01-08 10:01:50] INFO: Node Express server listening on http://localhost:4000
[2026-01-08 10:01:53] INFO: INI ALAMAT TABLENYA :  D:\Work\Mii\TEMPLATES\ssrtemplates\.angular\prerender-root\a058f2a4-384a-4cac-a119-342bb62292e6\data\admdb.sqlite
[2026-01-08 10:01:53] WARN: Could not read param for rate limit, using default. Error: {}
[2026-01-08 10:01:53] INFO: Node Express server listening on http://localhost:4000
[2026-01-08 10:01:53] INFO: INI ALAMAT TABLENYA :  D:\Work\Mii\TEMPLATES\ssrtemplates\.angular\prerender-root\246452ac-0ca4-40bb-9193-99e4798bf3ce\data\admdb.sqlite
[2026-01-08 10:01:53] WARN: Could not read param for rate limit, using default. Error: {}
[2026-01-08 10:01:53] INFO: INI ALAMAT TABLENYA :  D:\Work\Mii\TEMPLATES\ssrtemplates\.angular\prerender-root\f8786d03-5fdb-4ac9-9ef3-879f6261c74b\data\admdb.sqlite
[2026-01-08 10:01:53] WARN: Could not read param for rate limit, using default. Error: {}
[2026-01-08 10:01:53] INFO: INI ALAMAT TABLENYA :  D:\Work\Mii\TEMPLATES\ssrtemplates\.angular\prerender-root\e44e9533-cf1a-4a3a-8a37-d46e1fb211d2\data\admdb.sqlite
[2026-01-08 10:01:53] WARN: Could not read param for rate limit, using default. Error: {}
[2026-01-08 10:02:13] INFO: INI ALAMAT TABLENYA :  D:\Work\Mii\TEMPLATES\ssrtemplates\dist\ssrtemplates\server\data\admdb.sqlite
[2026-01-08 10:02:13] INFO: login limiter max set to 3
[2026-01-08 10:02:13] INFO: Node Express server listening on http://localhost:4000
[2026-01-08 10:03:42] INFO: INI ALAMAT TABLENYA :  D:\Work\Mii\TEMPLATES\ssrtemplates\.angular\prerender-root\4c1a8ccc-9537-456d-bfac-f11e59b17599\data\admdb.sqlite
[2026-01-08 10:03:42] WARN: Could not read param for rate limit, using default. Error: {}
[2026-01-08 10:03:42] INFO: Node Express server listening on http://localhost:4000
[2026-01-08 10:03:44] INFO: INI ALAMAT TABLENYA :  D:\Work\Mii\TEMPLATES\ssrtemplates\.angular\prerender-root\700269ee-a5c5-495f-a739-c2d1444d3868\data\admdb.sqlite
[2026-01-08 10:03:44] WARN: Could not read param for rate limit, using default. Error: {}
[2026-01-08 10:03:44] INFO: Node Express server listening on http://localhost:4000
[2026-01-08 10:03:44] INFO: INI ALAMAT TABLENYA :  D:\Work\Mii\TEMPLATES\ssrtemplates\.angular\prerender-root\365a473f-b39a-4d04-839c-28084a7308bd\data\admdb.sqlite
[2026-01-08 10:03:44] WARN: Could not read param for rate limit, using default. Error: {}
[2026-01-08 10:03:44] INFO: INI ALAMAT TABLENYA :  D:\Work\Mii\TEMPLATES\ssrtemplates\.angular\prerender-root\11a9a026-b5be-4113-9706-4329e21b2e0d\data\admdb.sqlite
[2026-01-08 10:03:44] WARN: Could not read param for rate limit, using default. Error: {}
[2026-01-08 10:03:44] INFO: INI ALAMAT TABLENYA :  D:\Work\Mii\TEMPLATES\ssrtemplates\.angular\prerender-root\fea5a8b0-7462-4dfb-aa93-0e9ab9028ec2\data\admdb.sqlite
[2026-01-08 10:03:44] WARN: Could not read param for rate limit, using default. Error: {}
[2026-01-08 10:03:55] INFO: INI ALAMAT TABLENYA :  D:\Work\Mii\TEMPLATES\ssrtemplates\dist\ssrtemplates\server\data\admdb.sqlite
[2026-01-08 10:03:55] INFO: login limiter max set to 3
[2026-01-08 10:03:55] INFO: Node Express server listening on http://localhost:4000
[2026-01-08 10:06:06] INFO: INI ALAMAT TABLENYA :  D:\Work\Mii\TEMPLATES\ssrtemplates\.angular\prerender-root\902872a9-43a3-4c67-95a0-d7328e13d41d\data\admdb.sqlite
[2026-01-08 10:06:06] WARN: Could not read param for rate limit, using default. Error: {}
[2026-01-08 10:06:06] INFO: Node Express server listening on http://localhost:4000
[2026-01-08 10:06:09] INFO: INI ALAMAT TABLENYA :  D:\Work\Mii\TEMPLATES\ssrtemplates\.angular\prerender-root\04f9d877-620e-4f54-84b7-9cfef4befde2\data\admdb.sqlite
[2026-01-08 10:06:09] WARN: Could not read param for rate limit, using default. Error: {}
[2026-01-08 10:06:09] INFO: Node Express server listening on http://localhost:4000
[2026-01-08 10:06:09] INFO: INI ALAMAT TABLENYA :  D:\Work\Mii\TEMPLATES\ssrtemplates\.angular\prerender-root\8f806c75-b6a3-400c-8db2-c74b712dad6d\data\admdb.sqlite
[2026-01-08 10:06:09] WARN: Could not read param for rate limit, using default. Error: {}
[2026-01-08 10:06:09] INFO: INI ALAMAT TABLENYA :  D:\Work\Mii\TEMPLATES\ssrtemplates\.angular\prerender-root\b9fb7c58-2ae1-454e-bd09-292f8f26d939\data\admdb.sqlite
[2026-01-08 10:06:09] WARN: Could not read param for rate limit, using default. Error: {}
[2026-01-08 10:06:09] INFO: INI ALAMAT TABLENYA :  D:\Work\Mii\TEMPLATES\ssrtemplates\.angular\prerender-root\215b0738-7c0e-4596-9911-7709b7deb5d4\data\admdb.sqlite
[2026-01-08 10:06:09] WARN: Could not read param for rate limit, using default. Error: {}
[2026-01-08 10:58:34] INFO: INI ALAMAT TABLENYA :  D:\Work\Mii\TEMPLATES\ssrtemplates\dist\ssrtemplates\server\data\admdb.sqlite
[2026-01-08 10:58:34] INFO: login limiter max set to 3
[2026-01-08 10:58:34] INFO: Node Express server listening on http://localhost:4000
[2026-01-08 11:49:50] INFO: INI ALAMAT TABLENYA :  D:\Work\Mii\TEMPLATES\ssrtemplates\.angular\prerender-root\b2b3dffc-4b06-47bf-8e7b-c82d697b7a4b\data\admdb.sqlite
[2026-01-08 11:49:50] WARN: Could not read param for rate limit, using default. Error: {}
[2026-01-08 11:49:50] INFO: Node Express server listening on http://localhost:4000
[2026-01-08 11:49:55] INFO: INI ALAMAT TABLENYA :  D:\Work\Mii\TEMPLATES\ssrtemplates\.angular\prerender-root\6bca77f1-c127-4519-8036-0ca7871dbce5\data\admdb.sqlite
[2026-01-08 11:49:55] WARN: Could not read param for rate limit, using default. Error: {}
[2026-01-08 11:49:55] INFO: Node Express server listening on http://localhost:4000
[2026-01-08 11:49:55] INFO: INI ALAMAT TABLENYA :  D:\Work\Mii\TEMPLATES\ssrtemplates\.angular\prerender-root\e02fce9e-2228-4d17-b7ef-617eef831413\data\admdb.sqlite
[2026-01-08 11:49:55] WARN: Could not read param for rate limit, using default. Error: {}
[2026-01-08 11:49:55] INFO: INI ALAMAT TABLENYA :  D:\Work\Mii\TEMPLATES\ssrtemplates\.angular\prerender-root\1da116ed-ba45-4796-8292-e81f1e4651f0\data\admdb.sqlite
[2026-01-08 11:49:55] WARN: Could not read param for rate limit, using default. Error: {}
[2026-01-08 11:49:55] INFO: INI ALAMAT TABLENYA :  D:\Work\Mii\TEMPLATES\ssrtemplates\.angular\prerender-root\f188e71f-0f6d-46d9-a4b1-889df3487f98\data\admdb.sqlite
[2026-01-08 11:49:55] WARN: Could not read param for rate limit, using default. Error: {}
[2026-01-08 12:09:28] INFO: INI ALAMAT TABLENYA :  D:\Work\Mii\TEMPLATES\ssrtemplates\dist\ssrtemplates\server\data\admdb.sqlite
[2026-01-08 12:09:28] INFO: login limiter max set to 3
[2026-01-08 12:09:28] INFO: Node Express server listening on http://localhost:4000
[2026-01-08 12:10:56] INFO: INI ALAMAT TABLENYA :  D:\Work\Mii\TEMPLATES\ssrtemplates\.angular\prerender-root\172de7d5-5050-4531-b159-0258b017c908\data\admdb.sqlite
[2026-01-08 12:10:56] WARN: Could not read param for rate limit, using default. Error: {}
[2026-01-08 12:10:56] INFO: Node Express server listening on http://localhost:4000
[2026-01-08 12:10:57] INFO: INI ALAMAT TABLENYA :  D:\Work\Mii\TEMPLATES\ssrtemplates\.angular\prerender-root\abc83ac5-ed85-4562-91ec-14edb3e97c87\data\admdb.sqlite
[2026-01-08 12:10:57] WARN: Could not read param for rate limit, using default. Error: {}
[2026-01-08 12:10:57] INFO: INI ALAMAT TABLENYA :  D:\Work\Mii\TEMPLATES\ssrtemplates\.angular\prerender-root\28ecfcc8-bb3f-44a9-a59f-9af53ba3002b\data\admdb.sqlite
[2026-01-08 12:10:57] WARN: Could not read param for rate limit, using default. Error: {}
[2026-01-08 12:10:57] INFO: Node Express server listening on http://localhost:4000
[2026-01-08 12:10:57] INFO: INI ALAMAT TABLENYA :  D:\Work\Mii\TEMPLATES\ssrtemplates\.angular\prerender-root\c807fa59-61e9-4730-84db-d1bf2f67110f\data\admdb.sqlite
[2026-01-08 12:10:57] WARN: Could not read param for rate limit, using default. Error: {}
[2026-01-08 12:10:57] INFO: INI ALAMAT TABLENYA :  D:\Work\Mii\TEMPLATES\ssrtemplates\.angular\prerender-root\aabd78d0-e176-44ef-b0b6-13b32239a4ab\data\admdb.sqlite
[2026-01-08 12:10:57] WARN: Could not read param for rate limit, using default. Error: {}
[2026-01-08 12:11:09] INFO: INI ALAMAT TABLENYA :  D:\Work\Mii\TEMPLATES\ssrtemplates\dist\ssrtemplates\server\data\admdb.sqlite
[2026-01-08 12:11:09] INFO: login limiter max set to 3
[2026-01-08 12:11:09] INFO: Node Express server listening on http://localhost:4000
[2026-01-08 12:36:42] INFO: INI ALAMAT TABLENYA :  D:\Work\Mii\TEMPLATES\ssrtemplates\.angular\prerender-root\dd64173c-1e25-4ad1-b0d7-d4fc2229ac19\data\admdb.sqlite
[2026-01-08 12:36:43] WARN: Could not read param for rate limit, using default. Error: {}
[2026-01-08 12:36:43] INFO: Node Express server listening on http://localhost:4000
[2026-01-08 12:36:44] INFO: INI ALAMAT TABLENYA :  D:\Work\Mii\TEMPLATES\ssrtemplates\.angular\prerender-root\226a38b4-ca0f-4358-b256-85afab3664b5\data\admdb.sqlite
[2026-01-08 12:36:44] WARN: Could not read param for rate limit, using default. Error: {}
[2026-01-08 12:36:44] INFO: Node Express server listening on http://localhost:4000
[2026-01-08 12:36:44] INFO: INI ALAMAT TABLENYA :  D:\Work\Mii\TEMPLATES\ssrtemplates\.angular\prerender-root\c1498efb-eb6d-463f-a6db-8d91cb584240\data\admdb.sqlite
[2026-01-08 12:36:44] WARN: Could not read param for rate limit, using default. Error: {}
[2026-01-08 12:36:44] INFO: INI ALAMAT TABLENYA :  D:\Work\Mii\TEMPLATES\ssrtemplates\.angular\prerender-root\025f06ae-82ff-43ed-a056-6d107af2966b\data\admdb.sqlite
[2026-01-08 12:36:44] WARN: Could not read param for rate limit, using default. Error: {}
[2026-01-08 12:36:44] INFO: INI ALAMAT TABLENYA :  D:\Work\Mii\TEMPLATES\ssrtemplates\.angular\prerender-root\4dc429da-6627-4c19-b492-b0876b5e90ca\data\admdb.sqlite
[2026-01-08 12:36:44] WARN: Could not read param for rate limit, using default. Error: {}
[2026-01-08 12:38:23] INFO: INI ALAMAT TABLENYA :  D:\Work\Mii\TEMPLATES\ssrtemplates\.angular\prerender-root\1f609ecc-bf87-40e6-9544-4630204eefa0\data\admdb.sqlite
[2026-01-08 12:38:23] WARN: Could not read param for rate limit, using default. Error: {}
[2026-01-08 12:38:23] INFO: Node Express server listening on http://localhost:4000
[2026-01-08 12:38:25] INFO: INI ALAMAT TABLENYA :  D:\Work\Mii\TEMPLATES\ssrtemplates\.angular\prerender-root\bb3ee566-8731-4639-ba2b-0e71ab403423\data\admdb.sqlite
[2026-01-08 12:38:25] WARN: Could not read param for rate limit, using default. Error: {}
[2026-01-08 12:38:25] INFO: Node Express server listening on http://localhost:4000
[2026-01-08 12:38:25] INFO: INI ALAMAT TABLENYA :  D:\Work\Mii\TEMPLATES\ssrtemplates\.angular\prerender-root\03feb76c-6bb2-4dc4-a292-1e452880fc23\data\admdb.sqlite
[2026-01-08 12:38:25] WARN: Could not read param for rate limit, using default. Error: {}
[2026-01-08 12:38:25] INFO: INI ALAMAT TABLENYA :  D:\Work\Mii\TEMPLATES\ssrtemplates\.angular\prerender-root\7e5dfca6-262f-4020-b737-5f2d7b0c3a57\data\admdb.sqlite
[2026-01-08 12:38:25] WARN: Could not read param for rate limit, using default. Error: {}
[2026-01-08 12:38:25] INFO: INI ALAMAT TABLENYA :  D:\Work\Mii\TEMPLATES\ssrtemplates\.angular\prerender-root\632befab-15ec-492e-8cf9-6f4cc15386fb\data\admdb.sqlite
[2026-01-08 12:38:25] WARN: Could not read param for rate limit, using default. Error: {}
[2026-01-08 12:39:11] INFO: INI ALAMAT TABLENYA :  D:\Work\Mii\TEMPLATES\ssrtemplates\dist\ssrtemplates\server\data\admdb.sqlite
[2026-01-08 12:39:11] INFO: login limiter max set to 3
[2026-01-08 12:39:11] INFO: Node Express server listening on http://localhost:4000
[2026-01-08 12:45:04] INFO: INI ALAMAT TABLENYA :  D:\Work\Mii\TEMPLATES\ssrtemplates\.angular\prerender-root\4ba210fd-71a5-49b5-8449-2165e6120f3b\data\admdb.sqlite
[2026-01-08 12:45:04] WARN: Could not read param for rate limit, using default. Error: {}
[2026-01-08 12:45:04] INFO: Node Express server listening on http://localhost:4000
[2026-01-08 12:45:08] INFO: INI ALAMAT TABLENYA :  D:\Work\Mii\TEMPLATES\ssrtemplates\.angular\prerender-root\3df007ab-a9bf-4ec0-b075-e44469f39159\data\admdb.sqlite
[2026-01-08 12:45:09] WARN: Could not read param for rate limit, using default. Error: {}
[2026-01-08 12:45:09] INFO: Node Express server listening on http://localhost:4000
[2026-01-08 12:45:08] INFO: INI ALAMAT TABLENYA :  D:\Work\Mii\TEMPLATES\ssrtemplates\.angular\prerender-root\8782fac5-b7e5-4921-8de3-595e5f208428\data\admdb.sqlite
[2026-01-08 12:45:09] WARN: Could not read param for rate limit, using default. Error: {}
[2026-01-08 12:45:08] INFO: INI ALAMAT TABLENYA :  D:\Work\Mii\TEMPLATES\ssrtemplates\.angular\prerender-root\bb5897b0-5ff4-4c24-a2ca-44479314f915\data\admdb.sqlite
[2026-01-08 12:45:09] WARN: Could not read param for rate limit, using default. Error: {}
[2026-01-08 12:45:08] INFO: INI ALAMAT TABLENYA :  D:\Work\Mii\TEMPLATES\ssrtemplates\.angular\prerender-root\ab62e65e-6dac-4962-ac89-00226e5f6f0c\data\admdb.sqlite
[2026-01-08 12:45:09] WARN: Could not read param for rate limit, using default. Error: {}
[2026-01-08 12:45:20] INFO: INI ALAMAT TABLENYA :  D:\Work\Mii\TEMPLATES\ssrtemplates\dist\ssrtemplates\server\data\admdb.sqlite
[2026-01-08 12:45:20] INFO: login limiter max set to 3
[2026-01-08 12:45:20] INFO: Node Express server listening on http://localhost:4000
[2026-01-08 12:46:32] INFO: INI ALAMAT TABLENYA :  D:\Work\Mii\TEMPLATES\ssrtemplates\.angular\prerender-root\8f4ea0c7-e0c7-4d86-8b6f-ffdc60e7dfe2\data\admdb.sqlite
[2026-01-08 12:46:32] WARN: Could not read param for rate limit, using default. Error: {}
[2026-01-08 12:46:32] INFO: Node Express server listening on http://localhost:4000
[2026-01-08 12:46:33] INFO: INI ALAMAT TABLENYA :  D:\Work\Mii\TEMPLATES\ssrtemplates\.angular\prerender-root\0d8cc59b-13ab-4770-a6b4-64e1791251d2\data\admdb.sqlite
[2026-01-08 12:46:33] WARN: Could not read param for rate limit, using default. Error: {}
[2026-01-08 12:46:33] INFO: Node Express server listening on http://localhost:4000
[2026-01-08 12:46:33] INFO: INI ALAMAT TABLENYA :  D:\Work\Mii\TEMPLATES\ssrtemplates\.angular\prerender-root\a190ea38-5f41-4fae-96a8-6a7d793f7e2e\data\admdb.sqlite
[2026-01-08 12:46:33] WARN: Could not read param for rate limit, using default. Error: {}
[2026-01-08 12:46:33] INFO: INI ALAMAT TABLENYA :  D:\Work\Mii\TEMPLATES\ssrtemplates\.angular\prerender-root\e5c08c7e-d32d-4cc1-b612-226ce4610e5a\data\admdb.sqlite
[2026-01-08 12:46:33] WARN: Could not read param for rate limit, using default. Error: {}
[2026-01-08 12:46:33] INFO: INI ALAMAT TABLENYA :  D:\Work\Mii\TEMPLATES\ssrtemplates\.angular\prerender-root\cbfaf9ae-a09a-45d5-a861-5ae5ca78c28c\data\admdb.sqlite
[2026-01-08 12:46:33] WARN: Could not read param for rate limit, using default. Error: {}
[2026-01-08 12:46:40] INFO: INI ALAMAT TABLENYA :  D:\Work\Mii\TEMPLATES\ssrtemplates\dist\ssrtemplates\server\data\admdb.sqlite
[2026-01-08 12:46:40] INFO: login limiter max set to 3
[2026-01-08 12:46:40] INFO: Node Express server listening on http://localhost:4000
[2026-01-08 12:51:45] INFO: INI ALAMAT TABLENYA :  D:\Work\Mii\TEMPLATES\ssrtemplates\.angular\prerender-root\5338960f-4dd8-48f8-bc62-2c9a4bc0ec8d\data\admdb.sqlite
[2026-01-08 12:51:45] WARN: Could not read param for rate limit, using default. Error: {}
[2026-01-08 12:51:45] INFO: Node Express server listening on http://localhost:4000
[2026-01-08 12:51:47] INFO: INI ALAMAT TABLENYA :  D:\Work\Mii\TEMPLATES\ssrtemplates\.angular\prerender-root\8bb6fd69-5c5a-4ff7-9aa2-3746ef5d9471\data\admdb.sqlite
[2026-01-08 12:51:47] WARN: Could not read param for rate limit, using default. Error: {}
[2026-01-08 12:51:47] INFO: INI ALAMAT TABLENYA :  D:\Work\Mii\TEMPLATES\ssrtemplates\.angular\prerender-root\ce3d3c20-8357-4d03-a8df-84cb46870fd3\data\admdb.sqlite
[2026-01-08 12:51:47] WARN: Could not read param for rate limit, using default. Error: {}
[2026-01-08 12:51:47] INFO: INI ALAMAT TABLENYA :  D:\Work\Mii\TEMPLATES\ssrtemplates\.angular\prerender-root\360ab7a1-e43c-4b07-b904-6b70c4848661\data\admdb.sqlite
[2026-01-08 12:51:47] WARN: Could not read param for rate limit, using default. Error: {}
[2026-01-08 12:51:47] INFO: Node Express server listening on http://localhost:4000
[2026-01-08 12:51:47] INFO: INI ALAMAT TABLENYA :  D:\Work\Mii\TEMPLATES\ssrtemplates\.angular\prerender-root\794b6457-6116-42fd-b742-0bc01fab1a78\data\admdb.sqlite
[2026-01-08 12:51:47] WARN: Could not read param for rate limit, using default. Error: {}
[2026-01-08 12:51:54] INFO: INI ALAMAT TABLENYA :  D:\Work\Mii\TEMPLATES\ssrtemplates\dist\ssrtemplates\server\data\admdb.sqlite
[2026-01-08 12:51:54] INFO: login limiter max set to 3
[2026-01-08 12:51:54] INFO: Node Express server listening on http://localhost:4000
[2026-01-08 12:53:37] INFO: INI ALAMAT TABLENYA :  D:\Work\Mii\TEMPLATES\ssrtemplates\.angular\prerender-root\2e142984-870b-482d-a9df-17137f99fa51\data\admdb.sqlite
[2026-01-08 12:53:37] WARN: Could not read param for rate limit, using default. Error: {}
[2026-01-08 12:53:37] INFO: Node Express server listening on http://localhost:4000
[2026-01-08 12:53:38] INFO: INI ALAMAT TABLENYA :  D:\Work\Mii\TEMPLATES\ssrtemplates\.angular\prerender-root\4b8a6c35-6ac5-41ff-9b6e-5539e2a65633\data\admdb.sqlite
[2026-01-08 12:53:38] WARN: Could not read param for rate limit, using default. Error: {}
[2026-01-08 12:53:38] INFO: INI ALAMAT TABLENYA :  D:\Work\Mii\TEMPLATES\ssrtemplates\.angular\prerender-root\8ce885b9-579b-4b2f-aa5b-f26e3021b895\data\admdb.sqlite
[2026-01-08 12:53:38] WARN: Could not read param for rate limit, using default. Error: {}
[2026-01-08 12:53:39] INFO: Node Express server listening on http://localhost:4000
[2026-01-08 12:53:38] INFO: INI ALAMAT TABLENYA :  D:\Work\Mii\TEMPLATES\ssrtemplates\.angular\prerender-root\f6566c20-b662-4291-bdd8-426863334ba2\data\admdb.sqlite
[2026-01-08 12:53:39] WARN: Could not read param for rate limit, using default. Error: {}
[2026-01-08 12:53:38] INFO: INI ALAMAT TABLENYA :  D:\Work\Mii\TEMPLATES\ssrtemplates\.angular\prerender-root\a58d715d-bf28-4b7d-ae85-5c991f3a29eb\data\admdb.sqlite
[2026-01-08 12:53:39] WARN: Could not read param for rate limit, using default. Error: {}
[2026-01-08 12:53:45] INFO: INI ALAMAT TABLENYA :  D:\Work\Mii\TEMPLATES\ssrtemplates\dist\ssrtemplates\server\data\admdb.sqlite
[2026-01-08 12:53:45] INFO: login limiter max set to 3
[2026-01-08 12:53:45] INFO: Node Express server listening on http://localhost:4000
[2026-01-08 13:03:41] INFO: INI ALAMAT TABLENYA :  D:\Work\Mii\TEMPLATES\ssrtemplates\.angular\prerender-root\01242fb4-3624-4fdb-9210-82b61fa8c038\data\admdb.sqlite
[2026-01-08 13:03:41] WARN: Could not read param for rate limit, using default. Error: {}
[2026-01-08 13:03:41] INFO: Node Express server listening on http://localhost:4000
[2026-01-08 13:03:43] INFO: INI ALAMAT TABLENYA :  D:\Work\Mii\TEMPLATES\ssrtemplates\.angular\prerender-root\aaf690fd-2e40-4e0f-8ac3-12248a42aad9\data\admdb.sqlite
[2026-01-08 13:03:43] WARN: Could not read param for rate limit, using default. Error: {}
[2026-01-08 13:03:43] INFO: Node Express server listening on http://localhost:4000
[2026-01-08 13:03:43] INFO: INI ALAMAT TABLENYA :  D:\Work\Mii\TEMPLATES\ssrtemplates\.angular\prerender-root\caa279f9-8489-4af8-9b8c-fd4c34ddc2df\data\admdb.sqlite
[2026-01-08 13:03:43] WARN: Could not read param for rate limit, using default. Error: {}
[2026-01-08 13:03:43] INFO: INI ALAMAT TABLENYA :  D:\Work\Mii\TEMPLATES\ssrtemplates\.angular\prerender-root\009eed5b-bc89-4586-8d3e-e8475d8884ea\data\admdb.sqlite
[2026-01-08 13:03:43] WARN: Could not read param for rate limit, using default. Error: {}
[2026-01-08 13:03:43] INFO: INI ALAMAT TABLENYA :  D:\Work\Mii\TEMPLATES\ssrtemplates\.angular\prerender-root\9d258f5d-0e47-436e-b690-843d8dd5836a\data\admdb.sqlite
[2026-01-08 13:03:43] WARN: Could not read param for rate limit, using default. Error: {}
[2026-01-08 13:12:42] INFO: INI ALAMAT TABLENYA :  D:\Work\Mii\TEMPLATES\ssrtemplates\.angular\prerender-root\02d9291d-4a34-4317-9fa9-e37d98827cb2\data\admdb.sqlite
[2026-01-08 13:12:42] WARN: Could not read param for rate limit, using default. Error: {}
[2026-01-08 13:12:42] INFO: Node Express server listening on http://localhost:4000
[2026-01-08 13:12:44] INFO: INI ALAMAT TABLENYA :  D:\Work\Mii\TEMPLATES\ssrtemplates\.angular\prerender-root\52e9a854-2b17-40c6-9ecd-aedc8476df0d\data\admdb.sqlite
[2026-01-08 13:12:44] WARN: Could not read param for rate limit, using default. Error: {}
[2026-01-08 13:12:44] INFO: INI ALAMAT TABLENYA :  D:\Work\Mii\TEMPLATES\ssrtemplates\.angular\prerender-root\008403d2-780f-4538-ab33-9eb24d669a0e\data\admdb.sqlite
[2026-01-08 13:12:44] WARN: Could not read param for rate limit, using default. Error: {}
[2026-01-08 13:12:44] INFO: Node Express server listening on http://localhost:4000
[2026-01-08 13:12:44] INFO: INI ALAMAT TABLENYA :  D:\Work\Mii\TEMPLATES\ssrtemplates\.angular\prerender-root\5e4cc200-0346-4629-ac32-0caa93248d25\data\admdb.sqlite
[2026-01-08 13:12:44] WARN: Could not read param for rate limit, using default. Error: {}
[2026-01-08 13:12:44] INFO: INI ALAMAT TABLENYA :  D:\Work\Mii\TEMPLATES\ssrtemplates\.angular\prerender-root\68c9908a-b837-48ec-89ce-d5d13e02fa16\data\admdb.sqlite
[2026-01-08 13:12:44] WARN: Could not read param for rate limit, using default. Error: {}
[2026-01-08 13:12:52] INFO: INI ALAMAT TABLENYA :  D:\Work\Mii\TEMPLATES\ssrtemplates\dist\ssrtemplates\server\data\admdb.sqlite
[2026-01-08 13:12:52] INFO: login limiter max set to 3
[2026-01-08 13:12:52] INFO: Node Express server listening on http://localhost:4000
[2026-01-08 13:15:47] INFO: INI ALAMAT TABLENYA :  D:\Work\Mii\TEMPLATES\ssrtemplates\.angular\prerender-root\8cdf857b-d35b-4130-90ff-f00c680908de\data\admdb.sqlite
[2026-01-08 13:15:47] WARN: Could not read param for rate limit, using default. Error: {}
[2026-01-08 13:15:47] INFO: Node Express server listening on http://localhost:4000
[2026-01-08 13:15:49] INFO: INI ALAMAT TABLENYA :  D:\Work\Mii\TEMPLATES\ssrtemplates\.angular\prerender-root\8fd41efd-5497-488b-9514-ada15f36f121\data\admdb.sqlite
[2026-01-08 13:15:49] WARN: Could not read param for rate limit, using default. Error: {}
[2026-01-08 13:15:49] INFO: Node Express server listening on http://localhost:4000
[2026-01-08 13:15:49] INFO: INI ALAMAT TABLENYA :  D:\Work\Mii\TEMPLATES\ssrtemplates\.angular\prerender-root\d9f91c2f-4c1f-4273-9e7c-cee3c40485fa\data\admdb.sqlite
[2026-01-08 13:15:49] WARN: Could not read param for rate limit, using default. Error: {}
[2026-01-08 13:15:49] INFO: INI ALAMAT TABLENYA :  D:\Work\Mii\TEMPLATES\ssrtemplates\.angular\prerender-root\d1d5b582-d3ad-418c-a682-f916de27f91e\data\admdb.sqlite
[2026-01-08 13:15:49] WARN: Could not read param for rate limit, using default. Error: {}
[2026-01-08 13:15:49] INFO: INI ALAMAT TABLENYA :  D:\Work\Mii\TEMPLATES\ssrtemplates\.angular\prerender-root\c28e024a-12fd-4e1f-8c40-f6abd9cbfd47\data\admdb.sqlite
[2026-01-08 13:15:49] WARN: Could not read param for rate limit, using default. Error: {}
[2026-01-08 13:15:57] INFO: INI ALAMAT TABLENYA :  D:\Work\Mii\TEMPLATES\ssrtemplates\dist\ssrtemplates\server\data\admdb.sqlite
[2026-01-08 13:15:57] INFO: login limiter max set to 3
[2026-01-08 13:15:57] INFO: Node Express server listening on http://localhost:4000
[2026-01-08 13:17:16] INFO: INI ALAMAT TABLENYA :  D:\Work\Mii\TEMPLATES\ssrtemplates\.angular\prerender-root\90f414df-3023-48ae-a40d-1d8a13a1c7b6\data\admdb.sqlite
[2026-01-08 13:17:16] WARN: Could not read param for rate limit, using default. Error: {}
[2026-01-08 13:17:16] INFO: Node Express server listening on http://localhost:4000
[2026-01-08 13:17:17] ERROR: Error api.controller :  {}
[2026-01-08 13:17:18] INFO: INI ALAMAT TABLENYA :  D:\Work\Mii\TEMPLATES\ssrtemplates\.angular\prerender-root\5f08c9bf-1aa0-4549-ba96-af78f4517832\data\admdb.sqlite
[2026-01-08 13:17:18] WARN: Could not read param for rate limit, using default. Error: {}
[2026-01-08 13:17:18] INFO: Node Express server listening on http://localhost:4000
[2026-01-08 13:17:18] INFO: INI ALAMAT TABLENYA :  D:\Work\Mii\TEMPLATES\ssrtemplates\.angular\prerender-root\13c54d40-8d3e-4db9-bf09-5ec11db6d4d3\data\admdb.sqlite
[2026-01-08 13:17:18] WARN: Could not read param for rate limit, using default. Error: {}
[2026-01-08 13:17:18] INFO: INI ALAMAT TABLENYA :  D:\Work\Mii\TEMPLATES\ssrtemplates\.angular\prerender-root\67768cfa-0b68-410c-bdbf-241e82f117c8\data\admdb.sqlite
[2026-01-08 13:17:18] WARN: Could not read param for rate limit, using default. Error: {}
[2026-01-08 13:17:18] INFO: INI ALAMAT TABLENYA :  D:\Work\Mii\TEMPLATES\ssrtemplates\.angular\prerender-root\aed72af3-6c8f-43c6-99f0-f2b092ad684d\data\admdb.sqlite
[2026-01-08 13:17:18] WARN: Could not read param for rate limit, using default. Error: {}
[2026-01-08 13:20:17] INFO: INI ALAMAT TABLENYA :  D:\Work\Mii\TEMPLATES\ssrtemplates\.angular\prerender-root\227801e8-9da9-4063-83e5-719073344fea\data\admdb.sqlite
[2026-01-08 13:20:17] WARN: Could not read param for rate limit, using default. Error: {}
[2026-01-08 13:20:17] INFO: Node Express server listening on http://localhost:4000
[2026-01-08 13:20:19] INFO: INI ALAMAT TABLENYA :  D:\Work\Mii\TEMPLATES\ssrtemplates\.angular\prerender-root\022e2568-6a37-420b-a79e-2ef94f5acbf7\data\admdb.sqlite
[2026-01-08 13:20:19] WARN: Could not read param for rate limit, using default. Error: {}
[2026-01-08 13:20:19] INFO: Node Express server listening on http://localhost:4000
[2026-01-08 13:20:19] INFO: INI ALAMAT TABLENYA :  D:\Work\Mii\TEMPLATES\ssrtemplates\.angular\prerender-root\4198e646-e5e7-4955-b113-a8c4a1db3724\data\admdb.sqlite
[2026-01-08 13:20:19] WARN: Could not read param for rate limit, using default. Error: {}
[2026-01-08 13:20:19] INFO: INI ALAMAT TABLENYA :  D:\Work\Mii\TEMPLATES\ssrtemplates\.angular\prerender-root\ffdb6b85-d52c-423b-946c-67fce3106a8a\data\admdb.sqlite
[2026-01-08 13:20:19] WARN: Could not read param for rate limit, using default. Error: {}
[2026-01-08 13:20:19] INFO: INI ALAMAT TABLENYA :  D:\Work\Mii\TEMPLATES\ssrtemplates\.angular\prerender-root\07612099-4e9f-4f2b-9436-ead1af5af53f\data\admdb.sqlite
[2026-01-08 13:20:19] WARN: Could not read param for rate limit, using default. Error: {}
[2026-01-08 13:20:27] INFO: INI ALAMAT TABLENYA :  D:\Work\Mii\TEMPLATES\ssrtemplates\dist\ssrtemplates\server\data\admdb.sqlite
[2026-01-08 13:20:27] INFO: login limiter max set to 3
[2026-01-08 13:20:27] INFO: Node Express server listening on http://localhost:4000
[2026-01-08 13:21:53] INFO: INI ALAMAT TABLENYA :  D:\Work\Mii\TEMPLATES\ssrtemplates\.angular\prerender-root\6d596e39-0c3b-42ab-907f-87e91eec724e\data\admdb.sqlite
[2026-01-08 13:21:53] WARN: Could not read param for rate limit, using default. Error: {}
[2026-01-08 13:21:53] INFO: Node Express server listening on http://localhost:4000
[2026-01-08 13:21:54] INFO: INI ALAMAT TABLENYA :  D:\Work\Mii\TEMPLATES\ssrtemplates\.angular\prerender-root\048fddd6-a46f-4951-9307-f598dc030578\data\admdb.sqlite
[2026-01-08 13:21:54] WARN: Could not read param for rate limit, using default. Error: {}
[2026-01-08 13:21:55] INFO: Node Express server listening on http://localhost:4000
[2026-01-08 13:21:54] INFO: INI ALAMAT TABLENYA :  D:\Work\Mii\TEMPLATES\ssrtemplates\.angular\prerender-root\e1e6b229-09b7-4fa3-bc83-e3198befdc79\data\admdb.sqlite
[2026-01-08 13:21:55] WARN: Could not read param for rate limit, using default. Error: {}
[2026-01-08 13:21:54] INFO: INI ALAMAT TABLENYA :  D:\Work\Mii\TEMPLATES\ssrtemplates\.angular\prerender-root\08514bb2-1e6d-47e3-a50d-7c1652749fcc\data\admdb.sqlite
[2026-01-08 13:21:55] WARN: Could not read param for rate limit, using default. Error: {}
[2026-01-08 13:21:54] INFO: INI ALAMAT TABLENYA :  D:\Work\Mii\TEMPLATES\ssrtemplates\.angular\prerender-root\cdc89bf9-cfd4-4d1d-89ec-95b266eeb129\data\admdb.sqlite
[2026-01-08 13:21:55] WARN: Could not read param for rate limit, using default. Error: {}
[2026-01-08 13:22:03] INFO: INI ALAMAT TABLENYA :  D:\Work\Mii\TEMPLATES\ssrtemplates\dist\ssrtemplates\server\data\admdb.sqlite
[2026-01-08 13:22:03] INFO: login limiter max set to 3
[2026-01-08 13:22:03] INFO: Node Express server listening on http://localhost:4000
[2026-01-08 13:22:40] INFO: INI ALAMAT TABLENYA :  D:\Work\Mii\TEMPLATES\ssrtemplates\.angular\prerender-root\5becf938-ef3b-46ab-8148-65a41f4dd747\data\admdb.sqlite
[2026-01-08 13:22:40] WARN: Could not read param for rate limit, using default. Error: {}
[2026-01-08 13:22:40] INFO: Node Express server listening on http://localhost:4000
[2026-01-08 13:22:42] INFO: INI ALAMAT TABLENYA :  D:\Work\Mii\TEMPLATES\ssrtemplates\.angular\prerender-root\7d356a6d-d0e1-401b-a508-bef82ff72019\data\admdb.sqlite
[2026-01-08 13:22:42] WARN: Could not read param for rate limit, using default. Error: {}
[2026-01-08 13:22:42] INFO: Node Express server listening on http://localhost:4000
[2026-01-08 13:22:42] INFO: INI ALAMAT TABLENYA :  D:\Work\Mii\TEMPLATES\ssrtemplates\.angular\prerender-root\3682bd46-367d-4fa8-b3ef-7cbb4570df5c\data\admdb.sqlite
[2026-01-08 13:22:42] WARN: Could not read param for rate limit, using default. Error: {}
[2026-01-08 13:22:42] INFO: INI ALAMAT TABLENYA :  D:\Work\Mii\TEMPLATES\ssrtemplates\.angular\prerender-root\4ded620a-a98f-4157-af7b-33a02990dda2\data\admdb.sqlite
[2026-01-08 13:22:42] WARN: Could not read param for rate limit, using default. Error: {}
[2026-01-08 13:22:42] INFO: INI ALAMAT TABLENYA :  D:\Work\Mii\TEMPLATES\ssrtemplates\.angular\prerender-root\b1f3f5ce-a19d-482f-8326-4833d23ab93a\data\admdb.sqlite
[2026-01-08 13:22:42] WARN: Could not read param for rate limit, using default. Error: {}
[2026-01-08 13:22:55] INFO: INI ALAMAT TABLENYA :  D:\Work\Mii\TEMPLATES\ssrtemplates\dist\ssrtemplates\server\data\admdb.sqlite
[2026-01-08 13:22:55] INFO: login limiter max set to 3
[2026-01-08 13:22:55] INFO: Node Express server listening on http://localhost:4000
[2026-01-08 16:01:45] INFO: INI ALAMAT TABLENYA :  D:\Work\Mii\TEMPLATES\ssrtemplates\.angular\prerender-root\c3fe4136-9282-46f5-a7de-ba68bb0fbc1a\data\admdb.sqlite
[2026-01-08 16:01:45] WARN: Could not read param for rate limit, using default. Error: {}
[2026-01-08 16:01:45] INFO: Node Express server listening on http://localhost:4000
[2026-01-08 16:01:47] INFO: INI ALAMAT TABLENYA :  D:\Work\Mii\TEMPLATES\ssrtemplates\.angular\prerender-root\5fd8a98f-acbb-438a-ac47-efd8d0af5998\data\admdb.sqlite
[2026-01-08 16:01:47] WARN: Could not read param for rate limit, using default. Error: {}
[2026-01-08 16:01:47] INFO: Node Express server listening on http://localhost:4000
[2026-01-08 16:01:47] INFO: INI ALAMAT TABLENYA :  D:\Work\Mii\TEMPLATES\ssrtemplates\.angular\prerender-root\e2055575-a57f-4e0c-8487-caa7d5b6b30b\data\admdb.sqlite
[2026-01-08 16:01:47] WARN: Could not read param for rate limit, using default. Error: {}
[2026-01-08 16:01:47] INFO: INI ALAMAT TABLENYA :  D:\Work\Mii\TEMPLATES\ssrtemplates\.angular\prerender-root\2db4f549-896c-48c3-a416-5bd20f5277b7\data\admdb.sqlite
[2026-01-08 16:01:47] WARN: Could not read param for rate limit, using default. Error: {}
[2026-01-08 16:01:47] INFO: INI ALAMAT TABLENYA :  D:\Work\Mii\TEMPLATES\ssrtemplates\.angular\prerender-root\c8e26ce5-e062-43fb-910b-97794bb8c3f2\data\admdb.sqlite
[2026-01-08 16:01:47] WARN: Could not read param for rate limit, using default. Error: {}
[2026-01-08 16:02:01] INFO: INI ALAMAT TABLENYA :  D:\Work\Mii\TEMPLATES\ssrtemplates\dist\ssrtemplates\server\data\admdb.sqlite
[2026-01-08 16:02:01] INFO: login limiter max set to 3
[2026-01-08 16:02:01] INFO: Node Express server listening on http://localhost:4000
[2026-01-08 16:08:35] INFO: INI ALAMAT TABLENYA :  D:\Work\Mii\TEMPLATES\ssrtemplates\.angular\prerender-root\291e7165-dc15-4ac2-a56d-455e7da0b3e5\data\admdb.sqlite
[2026-01-08 16:08:35] WARN: Could not read param for rate limit, using default. Error: {}
[2026-01-08 16:08:35] INFO: Node Express server listening on http://localhost:4000
[2026-01-08 16:08:38] INFO: INI ALAMAT TABLENYA :  D:\Work\Mii\TEMPLATES\ssrtemplates\.angular\prerender-root\202ff60e-4aec-459e-bb83-8dafa7a8783d\data\admdb.sqlite
[2026-01-08 16:08:38] WARN: Could not read param for rate limit, using default. Error: {}
[2026-01-08 16:08:38] INFO: Node Express server listening on http://localhost:4000
[2026-01-08 16:08:38] INFO: INI ALAMAT TABLENYA :  D:\Work\Mii\TEMPLATES\ssrtemplates\.angular\prerender-root\5ffdeadd-12d9-4051-9f33-01f7bf00f50d\data\admdb.sqlite
[2026-01-08 16:08:38] WARN: Could not read param for rate limit, using default. Error: {}
[2026-01-08 16:08:38] INFO: INI ALAMAT TABLENYA :  D:\Work\Mii\TEMPLATES\ssrtemplates\.angular\prerender-root\e674178c-290a-44fd-9b6e-668f1abd243f\data\admdb.sqlite
[2026-01-08 16:08:38] WARN: Could not read param for rate limit, using default. Error: {}
[2026-01-08 16:08:38] INFO: INI ALAMAT TABLENYA :  D:\Work\Mii\TEMPLATES\ssrtemplates\.angular\prerender-root\f2c4f3fd-421f-4dbf-9e10-9e54ba6fb83a\data\admdb.sqlite
[2026-01-08 16:08:38] WARN: Could not read param for rate limit, using default. Error: {}
[2026-01-08 16:10:26] INFO: INI ALAMAT TABLENYA :  D:\Work\Mii\TEMPLATES\ssrtemplates\.angular\prerender-root\923790a0-00d6-4841-99bc-4c97e688838d\data\admdb.sqlite
[2026-01-08 16:10:26] WARN: Could not read param for rate limit, using default. Error: {}
[2026-01-08 16:10:26] INFO: Node Express server listening on http://localhost:4000
[2026-01-08 16:10:29] INFO: INI ALAMAT TABLENYA :  D:\Work\Mii\TEMPLATES\ssrtemplates\.angular\prerender-root\eedf4754-1eaf-4312-b2ac-664a65106078\data\admdb.sqlite
[2026-01-08 16:10:29] WARN: Could not read param for rate limit, using default. Error: {}
[2026-01-08 16:10:29] INFO: Node Express server listening on http://localhost:4000
[2026-01-08 16:10:29] INFO: INI ALAMAT TABLENYA :  D:\Work\Mii\TEMPLATES\ssrtemplates\.angular\prerender-root\282b4297-0969-4e8a-8d3f-3e016552287a\data\admdb.sqlite
[2026-01-08 16:10:29] WARN: Could not read param for rate limit, using default. Error: {}
[2026-01-08 16:10:29] INFO: INI ALAMAT TABLENYA :  D:\Work\Mii\TEMPLATES\ssrtemplates\.angular\prerender-root\1cff572b-f786-43f3-be62-7071c41bfe97\data\admdb.sqlite
[2026-01-08 16:10:29] WARN: Could not read param for rate limit, using default. Error: {}
[2026-01-08 16:10:29] INFO: INI ALAMAT TABLENYA :  D:\Work\Mii\TEMPLATES\ssrtemplates\.angular\prerender-root\6d0f54f0-2720-445d-bfca-0fddc6eff9f7\data\admdb.sqlite
[2026-01-08 16:10:29] WARN: Could not read param for rate limit, using default. Error: {}
[2026-01-08 16:10:42] INFO: INI ALAMAT TABLENYA :  D:\Work\Mii\TEMPLATES\ssrtemplates\dist\ssrtemplates\server\data\admdb.sqlite
[2026-01-08 16:10:42] INFO: login limiter max set to 3
[2026-01-08 16:10:42] INFO: Node Express server listening on http://localhost:4000
[2026-01-08 16:16:48] INFO: INI ALAMAT TABLENYA :  D:\Work\Mii\TEMPLATES\ssrtemplates\.angular\prerender-root\a6131dc0-c83a-44cb-8666-5b2ad8b1a22a\data\admdb.sqlite
[2026-01-08 16:16:48] WARN: Could not read param for rate limit, using default. Error: {}
[2026-01-08 16:16:48] INFO: Node Express server listening on http://localhost:4000
[2026-01-08 16:16:54] INFO: INI ALAMAT TABLENYA :  D:\Work\Mii\TEMPLATES\ssrtemplates\.angular\prerender-root\56c26ace-7ca9-4032-a435-74309603994a\data\admdb.sqlite
[2026-01-08 16:16:54] WARN: Could not read param for rate limit, using default. Error: {}
[2026-01-08 16:16:54] INFO: Node Express server listening on http://localhost:4000
[2026-01-08 16:16:54] INFO: INI ALAMAT TABLENYA :  D:\Work\Mii\TEMPLATES\ssrtemplates\.angular\prerender-root\bf61d2c1-75a7-438f-99f2-6e403f50c2c0\data\admdb.sqlite
[2026-01-08 16:16:54] WARN: Could not read param for rate limit, using default. Error: {}
[2026-01-08 16:16:54] INFO: INI ALAMAT TABLENYA :  D:\Work\Mii\TEMPLATES\ssrtemplates\.angular\prerender-root\c800e841-4c81-4459-ad48-909fbe8fa80a\data\admdb.sqlite
[2026-01-08 16:16:54] WARN: Could not read param for rate limit, using default. Error: {}
[2026-01-08 16:16:54] INFO: INI ALAMAT TABLENYA :  D:\Work\Mii\TEMPLATES\ssrtemplates\.angular\prerender-root\4120ce4d-514c-400b-a5c1-89b9d05f3421\data\admdb.sqlite
[2026-01-08 16:16:54] WARN: Could not read param for rate limit, using default. Error: {}
[2026-01-08 16:17:25] INFO: INI ALAMAT TABLENYA :  D:\Work\Mii\TEMPLATES\ssrtemplates\dist\ssrtemplates\server\data\admdb.sqlite
[2026-01-08 16:17:25] INFO: login limiter max set to 3
[2026-01-08 16:17:25] INFO: Node Express server listening on http://localhost:4000
