[2025-10-04 14:55:20] INFO: INI ALAMAT TABLENYA :  D:\Work\Mii\TEMPLATES\ssrtemplates\.angular\prerender-root\017fbc8c-15c9-407a-b692-15570a7bfb51\data\admdb.sqlite
[2025-10-04 14:55:21] WARN: Could not read param for rate limit, using default. Error: {}
[2025-10-04 14:55:30] INFO: INI ALAMAT TABLENYA :  D:\Work\Mii\TEMPLATES\ssrtemplates\.angular\prerender-root\65f89952-e3b0-490d-adda-5ade9ac5545e\data\admdb.sqlite
[2025-10-04 14:55:31] WARN: Could not read param for rate limit, using default. Error: {}
[2025-10-04 14:55:30] INFO: INI ALAMAT TABLENYA :  D:\Work\Mii\TEMPLATES\ssrtemplates\.angular\prerender-root\bfc123c0-6271-4c42-b85e-3fb490338a00\data\admdb.sqlite
[2025-10-04 14:55:31] WARN: Could not read param for rate limit, using default. Error: {}
[2025-10-04 14:55:30] INFO: INI ALAMAT TABLENYA :  D:\Work\Mii\TEMPLATES\ssrtemplates\.angular\prerender-root\5e05e6b8-e83a-47fd-9498-ad1a512601b3\data\admdb.sqlite
[2025-10-04 14:55:31] WARN: Could not read param for rate limit, using default. Error: {}
[2025-10-04 14:55:30] INFO: INI ALAMAT TABLENYA :  D:\Work\Mii\TEMPLATES\ssrtemplates\.angular\prerender-root\839c55b7-6520-436f-80bb-da410ff11915\data\admdb.sqlite
[2025-10-04 14:55:31] WARN: Could not read param for rate limit, using default. Error: {}
[2025-10-04 15:05:57] INFO: INI ALAMAT TABLENYA :  D:\Work\Mii\TEMPLATES\ssrtemplates\.angular\prerender-root\3437bc3c-b25f-42bd-86af-6fa22c8cb622\data\admdb.sqlite
[2025-10-04 15:05:57] WARN: Could not read param for rate limit, using default. Error: {}
[2025-10-04 15:05:59] INFO: INI ALAMAT TABLENYA :  D:\Work\Mii\TEMPLATES\ssrtemplates\.angular\prerender-root\554e5827-a7fb-4ef5-8128-ae7e17e62819\data\admdb.sqlite
[2025-10-04 15:05:59] WARN: Could not read param for rate limit, using default. Error: {}
[2025-10-04 15:05:59] INFO: INI ALAMAT TABLENYA :  D:\Work\Mii\TEMPLATES\ssrtemplates\.angular\prerender-root\c413434f-9dfc-4bbe-917d-48d33e8661c3\data\admdb.sqlite
[2025-10-04 15:05:59] WARN: Could not read param for rate limit, using default. Error: {}
[2025-10-04 15:05:59] INFO: INI ALAMAT TABLENYA :  D:\Work\Mii\TEMPLATES\ssrtemplates\.angular\prerender-root\b50efca8-b3be-4cd6-9773-688cc40deb77\data\admdb.sqlite
[2025-10-04 15:05:59] WARN: Could not read param for rate limit, using default. Error: {}
[2025-10-04 15:05:59] INFO: INI ALAMAT TABLENYA :  D:\Work\Mii\TEMPLATES\ssrtemplates\.angular\prerender-root\95a710f2-db34-4683-b5b5-da7b8f65b20c\data\admdb.sqlite
[2025-10-04 15:05:59] WARN: Could not read param for rate limit, using default. Error: {}
[2025-10-04 15:06:13] INFO: INI ALAMAT TABLENYA :  D:\Work\Mii\TEMPLATES\ssrtemplates\dist\ssrtemplates\server\data\admdb.sqlite
[2025-10-04 15:06:13] INFO: login limiter max set to 3
[2025-10-04 15:09:03] INFO: INI ALAMAT TABLENYA :  D:\Work\Mii\TEMPLATES\ssrtemplates\dist\ssrtemplates\server\data\admdb.sqlite
[2025-10-04 15:09:03] INFO: login limiter max set to 3
[2025-10-04 15:29:47] INFO: INI ALAMAT TABLENYA :  D:\Work\Mii\TEMPLATES\ssrtemplates\.angular\prerender-root\52cd0077-f6ec-4aae-98bc-bedfa8ddd091\data\admdb.sqlite
[2025-10-04 15:29:47] WARN: Could not read param for rate limit, using default. Error: {}
[2025-10-04 15:29:49] INFO: INI ALAMAT TABLENYA :  D:\Work\Mii\TEMPLATES\ssrtemplates\.angular\prerender-root\abb2778b-622d-479f-9d9c-f6437c3eab77\data\admdb.sqlite
[2025-10-04 15:29:49] WARN: Could not read param for rate limit, using default. Error: {}
[2025-10-04 15:29:49] INFO: INI ALAMAT TABLENYA :  D:\Work\Mii\TEMPLATES\ssrtemplates\.angular\prerender-root\9b71fdeb-cc35-492f-b3a9-92e0c4817f0e\data\admdb.sqlite
[2025-10-04 15:29:49] WARN: Could not read param for rate limit, using default. Error: {}
[2025-10-04 15:29:49] INFO: INI ALAMAT TABLENYA :  D:\Work\Mii\TEMPLATES\ssrtemplates\.angular\prerender-root\a6b2e6a6-b5c3-4ebc-967b-4072376b08c0\data\admdb.sqlite
[2025-10-04 15:29:49] WARN: Could not read param for rate limit, using default. Error: {}
[2025-10-04 15:29:49] INFO: INI ALAMAT TABLENYA :  D:\Work\Mii\TEMPLATES\ssrtemplates\.angular\prerender-root\b1bb17d2-67ce-47b2-829c-323648c35608\data\admdb.sqlite
[2025-10-04 15:29:49] WARN: Could not read param for rate limit, using default. Error: {}
[2025-10-04 15:30:05] INFO: INI ALAMAT TABLENYA :  D:\Work\Mii\TEMPLATES\ssrtemplates\dist\ssrtemplates\server\data\admdb.sqlite
[2025-10-04 15:30:05] INFO: login limiter max set to 10
[2025-10-04 15:30:34] INFO: Hasil dari param di cookie  {"id":13,"paramgroup":"GENERAL","paramkey":"cookietime","paramvalue":"15m"}
[2025-10-04 15:30:34] INFO: Hasil dari param di cookie  {"id":13,"paramgroup":"GENERAL","paramkey":"cookietime","paramvalue":"15m"}
[2025-10-04 15:31:22] INFO: Hasil dari param di cookie  {"id":13,"paramgroup":"GENERAL","paramkey":"cookietime","paramvalue":"15m"}
[2025-10-04 15:31:22] INFO: Hasil dari param di cookie  {"id":13,"paramgroup":"GENERAL","paramkey":"cookietime","paramvalue":"15m"}
[2025-10-04 15:35:28] INFO: INI ALAMAT TABLENYA :  D:\Work\Mii\TEMPLATES\ssrtemplates\.angular\prerender-root\94676d8e-358f-410e-9471-1256526d4026\data\admdb.sqlite
[2025-10-04 15:35:28] WARN: Could not read param for rate limit, using default. Error: {}
[2025-10-04 15:35:30] INFO: INI ALAMAT TABLENYA :  D:\Work\Mii\TEMPLATES\ssrtemplates\.angular\prerender-root\32ef6d71-be9d-4522-8bb8-84c18b7d6285\data\admdb.sqlite
[2025-10-04 15:35:30] INFO: INI ALAMAT TABLENYA :  D:\Work\Mii\TEMPLATES\ssrtemplates\.angular\prerender-root\1fd8b3ed-4682-4e26-abd4-6ea684588881\data\admdb.sqlite
[2025-10-04 15:35:30] WARN: Could not read param for rate limit, using default. Error: {}
[2025-10-04 15:35:30] WARN: Could not read param for rate limit, using default. Error: {}
[2025-10-04 15:35:30] INFO: INI ALAMAT TABLENYA :  D:\Work\Mii\TEMPLATES\ssrtemplates\.angular\prerender-root\0c84a342-6da8-445f-9150-d7d7b030a462\data\admdb.sqlite
[2025-10-04 15:35:30] WARN: Could not read param for rate limit, using default. Error: {}
[2025-10-04 15:35:30] INFO: INI ALAMAT TABLENYA :  D:\Work\Mii\TEMPLATES\ssrtemplates\.angular\prerender-root\59500079-22c6-4a3a-824e-8933223e56b6\data\admdb.sqlite
[2025-10-04 15:35:30] WARN: Could not read param for rate limit, using default. Error: {}
[2025-10-04 15:35:41] INFO: INI ALAMAT TABLENYA :  D:\Work\Mii\TEMPLATES\ssrtemplates\dist\ssrtemplates\server\data\admdb.sqlite
[2025-10-04 15:35:41] INFO: login limiter max set to 10
[2025-10-04 15:35:51] INFO: Hasil dari param di cookie  {"id":13,"paramgroup":"GENERAL","paramkey":"cookietime","paramvalue":"15m"}
[2025-10-04 15:35:51] INFO: Hasil dari param di cookie  {"id":13,"paramgroup":"GENERAL","paramkey":"cookietime","paramvalue":"15m"}
[2025-10-04 15:37:45] INFO: INI ALAMAT TABLENYA :  D:\Work\Mii\TEMPLATES\ssrtemplates\.angular\prerender-root\88e36814-a108-4828-98d3-39871e443e38\data\admdb.sqlite
[2025-10-04 15:37:45] WARN: Could not read param for rate limit, using default. Error: {}
[2025-10-04 15:37:47] INFO: INI ALAMAT TABLENYA :  D:\Work\Mii\TEMPLATES\ssrtemplates\.angular\prerender-root\54c76134-23e4-4228-8117-45ede1d0907a\data\admdb.sqlite
[2025-10-04 15:37:48] WARN: Could not read param for rate limit, using default. Error: {}
[2025-10-04 15:37:47] INFO: INI ALAMAT TABLENYA :  D:\Work\Mii\TEMPLATES\ssrtemplates\.angular\prerender-root\3b1cf13f-6540-4cd7-bd9e-ec6736ef5bfa\data\admdb.sqlite
[2025-10-04 15:37:48] WARN: Could not read param for rate limit, using default. Error: {}
[2025-10-04 15:37:47] INFO: INI ALAMAT TABLENYA :  D:\Work\Mii\TEMPLATES\ssrtemplates\.angular\prerender-root\c6517a9b-1038-4925-b72a-ba2e47a6a844\data\admdb.sqlite
[2025-10-04 15:37:48] WARN: Could not read param for rate limit, using default. Error: {}
[2025-10-04 15:37:47] INFO: INI ALAMAT TABLENYA :  D:\Work\Mii\TEMPLATES\ssrtemplates\.angular\prerender-root\1841737f-5136-42d7-bd84-fb49a5ebbcef\data\admdb.sqlite
[2025-10-04 15:37:48] WARN: Could not read param for rate limit, using default. Error: {}
