[2025-11-11 16:35:41] INFO: INI ALAMAT TABLENYA :  D:\Work\Mii\TEMPLATES\ssrtemplates\.angular\prerender-root\c5f9db1a-a32a-41a2-9081-9a53957b7fb9\data\admdb.sqlite
[2025-11-11 16:35:42] WARN: Could not read param for rate limit, using default. Error: {}
[2025-11-11 16:35:42] INFO: Node Express server listening on http://localhost:4000
[2025-11-11 16:35:58] INFO: INI ALAMAT TABLENYA :  D:\Work\Mii\TEMPLATES\ssrtemplates\.angular\prerender-root\03e53977-cad0-45cf-a5b6-307053c566c0\data\admdb.sqlite
[2025-11-11 16:35:58] WARN: Could not read param for rate limit, using default. Error: {}
[2025-11-11 16:35:58] INFO: Node Express server listening on http://localhost:4000
[2025-11-11 16:35:58] INFO: INI ALAMAT TABLENYA :  D:\Work\Mii\TEMPLATES\ssrtemplates\.angular\prerender-root\268e8b79-a17d-4f06-9331-bd2b627c5424\data\admdb.sqlite
[2025-11-11 16:35:58] INFO: INI ALAMAT TABLENYA :  D:\Work\Mii\TEMPLATES\ssrtemplates\.angular\prerender-root\c563aa87-c777-4b7d-9b5f-6be4f5ee12d2\data\admdb.sqlite
[2025-11-11 16:35:58] WARN: Could not read param for rate limit, using default. Error: {}
[2025-11-11 16:35:58] WARN: Could not read param for rate limit, using default. Error: {}
[2025-11-11 16:35:58] INFO: INI ALAMAT TABLENYA :  D:\Work\Mii\TEMPLATES\ssrtemplates\.angular\prerender-root\0435ecbe-4f31-418c-992d-a91e6f75048a\data\admdb.sqlite
[2025-11-11 16:35:58] WARN: Could not read param for rate limit, using default. Error: {}
[2025-11-11 16:38:27] INFO: INI ALAMAT TABLENYA :  D:\Work\Mii\TEMPLATES\ssrtemplates\.angular\prerender-root\a7b90fa5-471c-4e92-8c06-26380b38f096\data\admdb.sqlite
[2025-11-11 16:38:27] WARN: Could not read param for rate limit, using default. Error: {}
[2025-11-11 16:38:27] INFO: Node Express server listening on http://localhost:4000
[2025-11-11 16:38:31] INFO: INI ALAMAT TABLENYA :  D:\Work\Mii\TEMPLATES\ssrtemplates\.angular\prerender-root\a385e51d-fe47-4780-975d-34802fc3ef78\data\admdb.sqlite
[2025-11-11 16:38:32] WARN: Could not read param for rate limit, using default. Error: {}
[2025-11-11 16:38:32] INFO: Node Express server listening on http://localhost:4000
[2025-11-11 16:38:31] INFO: INI ALAMAT TABLENYA :  D:\Work\Mii\TEMPLATES\ssrtemplates\.angular\prerender-root\f63d30a8-4955-46a7-b917-058e92fc03a1\data\admdb.sqlite
[2025-11-11 16:38:32] WARN: Could not read param for rate limit, using default. Error: {}
[2025-11-11 16:38:31] INFO: INI ALAMAT TABLENYA :  D:\Work\Mii\TEMPLATES\ssrtemplates\.angular\prerender-root\67a19ab8-4fa6-4338-8a64-76a2c31d4244\data\admdb.sqlite
[2025-11-11 16:38:32] WARN: Could not read param for rate limit, using default. Error: {}
[2025-11-11 16:38:31] INFO: INI ALAMAT TABLENYA :  D:\Work\Mii\TEMPLATES\ssrtemplates\.angular\prerender-root\7b3b2bb5-a815-4860-a973-81a0632ad96b\data\admdb.sqlite
[2025-11-11 16:38:32] WARN: Could not read param for rate limit, using default. Error: {}
[2025-11-11 16:41:09] INFO: INI ALAMAT TABLENYA :  D:\Work\Mii\TEMPLATES\ssrtemplates\.angular\prerender-root\6a2b59ff-bb0f-4465-8f78-52d0f5e9423f\data\admdb.sqlite
[2025-11-11 16:41:09] WARN: Could not read param for rate limit, using default. Error: {}
[2025-11-11 16:41:09] INFO: Node Express server listening on http://localhost:4000
[2025-11-11 16:41:11] INFO: INI ALAMAT TABLENYA :  D:\Work\Mii\TEMPLATES\ssrtemplates\.angular\prerender-root\c39e5f24-708d-4c09-a867-f23b079bce0d\data\admdb.sqlite
[2025-11-11 16:41:11] WARN: Could not read param for rate limit, using default. Error: {}
[2025-11-11 16:41:11] INFO: Node Express server listening on http://localhost:4000
[2025-11-11 16:41:11] INFO: INI ALAMAT TABLENYA :  D:\Work\Mii\TEMPLATES\ssrtemplates\.angular\prerender-root\48910842-c772-4900-9f71-cfb9e89e73a5\data\admdb.sqlite
[2025-11-11 16:41:11] WARN: Could not read param for rate limit, using default. Error: {}
[2025-11-11 16:41:11] INFO: INI ALAMAT TABLENYA :  D:\Work\Mii\TEMPLATES\ssrtemplates\.angular\prerender-root\8ebe950b-75eb-4490-a027-24a5642ee614\data\admdb.sqlite
[2025-11-11 16:41:11] WARN: Could not read param for rate limit, using default. Error: {}
[2025-11-11 16:41:11] INFO: INI ALAMAT TABLENYA :  D:\Work\Mii\TEMPLATES\ssrtemplates\.angular\prerender-root\56ddd40a-e19b-4c95-81d6-c9393c683d05\data\admdb.sqlite
[2025-11-11 16:41:11] WARN: Could not read param for rate limit, using default. Error: {}
[2025-11-11 16:41:22] INFO: INI ALAMAT TABLENYA :  D:\Work\Mii\TEMPLATES\ssrtemplates\dist\ssrtemplates\server\data\admdb.sqlite
[2025-11-11 16:41:22] INFO: login limiter max set to 3
[2025-11-11 16:41:22] INFO: Node Express server listening on http://localhost:4000
[2025-11-11 16:43:09] INFO: INI ALAMAT TABLENYA :  D:\Work\Mii\TEMPLATES\ssrtemplates\.angular\prerender-root\925a9377-4080-4b2d-878b-b182a4d38096\data\admdb.sqlite
[2025-11-11 16:43:09] WARN: Could not read param for rate limit, using default. Error: {}
[2025-11-11 16:43:09] INFO: Node Express server listening on http://localhost:4000
[2025-11-11 16:43:11] INFO: INI ALAMAT TABLENYA :  D:\Work\Mii\TEMPLATES\ssrtemplates\.angular\prerender-root\175579aa-ae2f-4493-bc0c-dbed668cc231\data\admdb.sqlite
[2025-11-11 16:43:12] WARN: Could not read param for rate limit, using default. Error: {}
[2025-11-11 16:43:12] INFO: Node Express server listening on http://localhost:4000
[2025-11-11 16:43:11] INFO: INI ALAMAT TABLENYA :  D:\Work\Mii\TEMPLATES\ssrtemplates\.angular\prerender-root\48c4c7c9-3b5b-4803-b92c-0674059f9642\data\admdb.sqlite
[2025-11-11 16:43:12] WARN: Could not read param for rate limit, using default. Error: {}
[2025-11-11 16:43:11] INFO: INI ALAMAT TABLENYA :  D:\Work\Mii\TEMPLATES\ssrtemplates\.angular\prerender-root\9e61c572-3c20-43a3-9b20-25f722e05c9d\data\admdb.sqlite
[2025-11-11 16:43:12] WARN: Could not read param for rate limit, using default. Error: {}
[2025-11-11 16:43:11] INFO: INI ALAMAT TABLENYA :  D:\Work\Mii\TEMPLATES\ssrtemplates\.angular\prerender-root\5d181f69-6b2f-4111-b628-2e28d75ed5f5\data\admdb.sqlite
[2025-11-11 16:43:12] WARN: Could not read param for rate limit, using default. Error: {}
[2025-11-11 16:43:22] INFO: INI ALAMAT TABLENYA :  D:\Work\Mii\TEMPLATES\ssrtemplates\dist\ssrtemplates\server\data\admdb.sqlite
[2025-11-11 16:43:22] INFO: login limiter max set to 3
[2025-11-11 16:43:22] INFO: Node Express server listening on http://localhost:4000
[2025-11-11 16:46:07] INFO: INI ALAMAT TABLENYA :  D:\Work\Mii\TEMPLATES\ssrtemplates\.angular\prerender-root\86c2d1b9-5238-439f-b9e0-e04295f21af0\data\admdb.sqlite
[2025-11-11 16:46:08] WARN: Could not read param for rate limit, using default. Error: {}
[2025-11-11 16:46:08] INFO: Node Express server listening on http://localhost:4000
[2025-11-11 16:46:19] INFO: INI ALAMAT TABLENYA :  D:\Work\Mii\TEMPLATES\ssrtemplates\.angular\prerender-root\587c563e-8ee3-4bbc-8240-0d28c46fae82\data\admdb.sqlite
[2025-11-11 16:46:19] WARN: Could not read param for rate limit, using default. Error: {}
[2025-11-11 16:46:19] INFO: Node Express server listening on http://localhost:4000
[2025-11-11 16:46:19] INFO: INI ALAMAT TABLENYA :  D:\Work\Mii\TEMPLATES\ssrtemplates\.angular\prerender-root\03b3680c-0491-42f7-baa5-fab0769e3746\data\admdb.sqlite
[2025-11-11 16:46:19] WARN: Could not read param for rate limit, using default. Error: {}
[2025-11-11 16:46:19] INFO: INI ALAMAT TABLENYA :  D:\Work\Mii\TEMPLATES\ssrtemplates\.angular\prerender-root\d6b1b2a3-d95e-42a8-a911-f1e8242a4faf\data\admdb.sqlite
[2025-11-11 16:46:19] WARN: Could not read param for rate limit, using default. Error: {}
[2025-11-11 16:46:19] INFO: INI ALAMAT TABLENYA :  D:\Work\Mii\TEMPLATES\ssrtemplates\.angular\prerender-root\41796131-7adf-430c-a926-fd2f0db6b8e8\data\admdb.sqlite
[2025-11-11 16:46:19] WARN: Could not read param for rate limit, using default. Error: {}
[2025-11-11 16:46:44] INFO: INI ALAMAT TABLENYA :  D:\Work\Mii\TEMPLATES\ssrtemplates\dist\ssrtemplates\server\data\admdb.sqlite
[2025-11-11 16:46:44] INFO: login limiter max set to 3
[2025-11-11 16:46:44] INFO: Node Express server listening on http://localhost:4000
[2025-11-11 16:49:00] INFO: INI ALAMAT TABLENYA :  D:\Work\Mii\TEMPLATES\ssrtemplates\dist\ssrtemplates\server\data\admdb.sqlite
[2025-11-11 16:49:00] INFO: login limiter max set to 3
[2025-11-11 16:49:00] INFO: Node Express server listening on http://localhost:4000
[2025-11-11 16:50:42] INFO: INI ALAMAT TABLENYA :  D:\Work\Mii\TEMPLATES\ssrtemplates\.angular\prerender-root\53ca1603-d6f7-433f-81f9-a623fd8c71a2\data\admdb.sqlite
[2025-11-11 16:50:42] WARN: Could not read param for rate limit, using default. Error: {}
[2025-11-11 16:50:42] INFO: Node Express server listening on http://localhost:4000
[2025-11-11 16:50:44] INFO: INI ALAMAT TABLENYA :  D:\Work\Mii\TEMPLATES\ssrtemplates\.angular\prerender-root\f69fac57-db7e-4ec7-b3cb-d48d10fd435a\data\admdb.sqlite
[2025-11-11 16:50:44] WARN: Could not read param for rate limit, using default. Error: {}
[2025-11-11 16:50:44] INFO: Node Express server listening on http://localhost:4000
[2025-11-11 16:50:44] INFO: INI ALAMAT TABLENYA :  D:\Work\Mii\TEMPLATES\ssrtemplates\.angular\prerender-root\ca6671e2-af5d-4451-ad6b-466d6eb9ce05\data\admdb.sqlite
[2025-11-11 16:50:44] WARN: Could not read param for rate limit, using default. Error: {}
[2025-11-11 16:50:44] INFO: INI ALAMAT TABLENYA :  D:\Work\Mii\TEMPLATES\ssrtemplates\.angular\prerender-root\08fd1b2a-5618-4170-aa72-4b6bd9e449d9\data\admdb.sqlite
[2025-11-11 16:50:44] WARN: Could not read param for rate limit, using default. Error: {}
[2025-11-11 16:50:44] INFO: INI ALAMAT TABLENYA :  D:\Work\Mii\TEMPLATES\ssrtemplates\.angular\prerender-root\2654712b-be92-47e5-9efa-3cdaec2b20a4\data\admdb.sqlite
[2025-11-11 16:50:44] WARN: Could not read param for rate limit, using default. Error: {}
[2025-11-11 16:50:56] INFO: INI ALAMAT TABLENYA :  D:\Work\Mii\TEMPLATES\ssrtemplates\dist\ssrtemplates\server\data\admdb.sqlite
[2025-11-11 16:50:56] INFO: login limiter max set to 3
[2025-11-11 16:50:56] INFO: Node Express server listening on http://localhost:4000
[2025-11-11 16:54:44] INFO: INI ALAMAT TABLENYA :  D:\Work\Mii\TEMPLATES\ssrtemplates\.angular\prerender-root\259ab797-7cf1-4e53-993b-f166276fbc60\data\admdb.sqlite
[2025-11-11 16:54:44] WARN: Could not read param for rate limit, using default. Error: {}
[2025-11-11 16:54:44] INFO: Node Express server listening on http://localhost:4000
[2025-11-11 16:54:46] INFO: INI ALAMAT TABLENYA :  D:\Work\Mii\TEMPLATES\ssrtemplates\.angular\prerender-root\d94f0e34-15fd-411d-ac7b-e928fc851a03\data\admdb.sqlite
[2025-11-11 16:54:46] WARN: Could not read param for rate limit, using default. Error: {}
[2025-11-11 16:54:46] INFO: Node Express server listening on http://localhost:4000
[2025-11-11 16:54:46] INFO: INI ALAMAT TABLENYA :  D:\Work\Mii\TEMPLATES\ssrtemplates\.angular\prerender-root\15e07a1e-d8d7-4a67-a029-23c0e6608415\data\admdb.sqlite
[2025-11-11 16:54:46] WARN: Could not read param for rate limit, using default. Error: {}
[2025-11-11 16:54:46] INFO: INI ALAMAT TABLENYA :  D:\Work\Mii\TEMPLATES\ssrtemplates\.angular\prerender-root\f6d80b6c-54aa-4e27-99cc-7b4d211a7d0c\data\admdb.sqlite
[2025-11-11 16:54:46] WARN: Could not read param for rate limit, using default. Error: {}
[2025-11-11 16:54:46] INFO: INI ALAMAT TABLENYA :  D:\Work\Mii\TEMPLATES\ssrtemplates\.angular\prerender-root\f58a8df5-38f0-4469-9cb6-4581905bc192\data\admdb.sqlite
[2025-11-11 16:54:46] WARN: Could not read param for rate limit, using default. Error: {}
[2025-11-11 16:55:26] INFO: INI ALAMAT TABLENYA :  D:\Work\Mii\TEMPLATES\ssrtemplates\.angular\prerender-root\0a0c8b2e-6f25-4c58-8555-6de774e3077f\data\admdb.sqlite
[2025-11-11 16:55:26] WARN: Could not read param for rate limit, using default. Error: {}
[2025-11-11 16:55:26] INFO: Node Express server listening on http://localhost:4000
[2025-11-11 16:55:28] INFO: INI ALAMAT TABLENYA :  D:\Work\Mii\TEMPLATES\ssrtemplates\.angular\prerender-root\f38c5a4b-aaee-494e-b9ca-678c4ec06c56\data\admdb.sqlite
[2025-11-11 16:55:28] WARN: Could not read param for rate limit, using default. Error: {}
[2025-11-11 16:55:28] INFO: Node Express server listening on http://localhost:4000
[2025-11-11 16:55:28] INFO: INI ALAMAT TABLENYA :  D:\Work\Mii\TEMPLATES\ssrtemplates\.angular\prerender-root\35641bc4-3ffc-4473-9365-f71eeec41881\data\admdb.sqlite
[2025-11-11 16:55:28] WARN: Could not read param for rate limit, using default. Error: {}
[2025-11-11 16:55:28] INFO: INI ALAMAT TABLENYA :  D:\Work\Mii\TEMPLATES\ssrtemplates\.angular\prerender-root\bcd9c8d3-a08b-4477-a4c8-3f0947710486\data\admdb.sqlite
[2025-11-11 16:55:28] WARN: Could not read param for rate limit, using default. Error: {}
[2025-11-11 16:55:28] INFO: INI ALAMAT TABLENYA :  D:\Work\Mii\TEMPLATES\ssrtemplates\.angular\prerender-root\b71e5808-9ad2-42bb-ac81-f54fec5d9e2f\data\admdb.sqlite
[2025-11-11 16:55:28] WARN: Could not read param for rate limit, using default. Error: {}
[2025-11-11 16:55:38] INFO: INI ALAMAT TABLENYA :  D:\Work\Mii\TEMPLATES\ssrtemplates\dist\ssrtemplates\server\data\admdb.sqlite
[2025-11-11 16:55:38] INFO: login limiter max set to 3
[2025-11-11 16:55:38] INFO: Node Express server listening on http://localhost:4000
[2025-11-11 16:57:38] INFO: INI ALAMAT TABLENYA :  D:\Work\Mii\TEMPLATES\ssrtemplates\.angular\prerender-root\e9da62c7-1e49-4a08-bf6f-c2ebd10aaf45\data\admdb.sqlite
[2025-11-11 16:57:38] WARN: Could not read param for rate limit, using default. Error: {}
[2025-11-11 16:57:38] INFO: Node Express server listening on http://localhost:4000
[2025-11-11 16:57:40] INFO: INI ALAMAT TABLENYA :  D:\Work\Mii\TEMPLATES\ssrtemplates\.angular\prerender-root\2b392971-47d5-487e-a00a-33255038d355\data\admdb.sqlite
[2025-11-11 16:57:40] WARN: Could not read param for rate limit, using default. Error: {}
[2025-11-11 16:57:40] INFO: Node Express server listening on http://localhost:4000
[2025-11-11 16:57:40] INFO: INI ALAMAT TABLENYA :  D:\Work\Mii\TEMPLATES\ssrtemplates\.angular\prerender-root\07888830-f90a-41ed-a4e9-38861975ef2c\data\admdb.sqlite
[2025-11-11 16:57:40] WARN: Could not read param for rate limit, using default. Error: {}
[2025-11-11 16:57:40] INFO: INI ALAMAT TABLENYA :  D:\Work\Mii\TEMPLATES\ssrtemplates\.angular\prerender-root\61a402d5-4fd2-46a4-aa14-06b9d9db13b5\data\admdb.sqlite
[2025-11-11 16:57:40] WARN: Could not read param for rate limit, using default. Error: {}
[2025-11-11 16:57:40] INFO: INI ALAMAT TABLENYA :  D:\Work\Mii\TEMPLATES\ssrtemplates\.angular\prerender-root\5dbf91fb-e384-43b2-b47f-3d69cdbd2668\data\admdb.sqlite
[2025-11-11 16:57:40] WARN: Could not read param for rate limit, using default. Error: {}
[2025-11-11 16:57:59] INFO: INI ALAMAT TABLENYA :  D:\Work\Mii\TEMPLATES\ssrtemplates\dist\ssrtemplates\server\data\admdb.sqlite
[2025-11-11 16:57:59] INFO: login limiter max set to 3
[2025-11-11 16:57:59] INFO: Node Express server listening on http://localhost:4000
[2025-11-11 17:03:29] INFO: INI ALAMAT TABLENYA :  D:\Work\Mii\TEMPLATES\ssrtemplates\.angular\prerender-root\72bc8533-542b-4da2-81ce-ceb37dc14b43\data\admdb.sqlite
[2025-11-11 17:03:29] WARN: Could not read param for rate limit, using default. Error: {}
[2025-11-11 17:03:29] INFO: Node Express server listening on http://localhost:4000
[2025-11-11 17:03:35] INFO: INI ALAMAT TABLENYA :  D:\Work\Mii\TEMPLATES\ssrtemplates\.angular\prerender-root\79b707a3-a43a-4220-87e8-b304688de9a4\data\admdb.sqlite
[2025-11-11 17:03:35] WARN: Could not read param for rate limit, using default. Error: {}
[2025-11-11 17:03:35] INFO: Node Express server listening on http://localhost:4000
[2025-11-11 17:03:35] INFO: INI ALAMAT TABLENYA :  D:\Work\Mii\TEMPLATES\ssrtemplates\.angular\prerender-root\bb85abc6-70f5-4afc-82ab-c06d7215f68b\data\admdb.sqlite
[2025-11-11 17:03:35] WARN: Could not read param for rate limit, using default. Error: {}
[2025-11-11 17:03:35] INFO: INI ALAMAT TABLENYA :  D:\Work\Mii\TEMPLATES\ssrtemplates\.angular\prerender-root\b063e91a-273e-4b90-b9a1-4a2790433a8f\data\admdb.sqlite
[2025-11-11 17:03:35] WARN: Could not read param for rate limit, using default. Error: {}
[2025-11-11 17:03:35] INFO: INI ALAMAT TABLENYA :  D:\Work\Mii\TEMPLATES\ssrtemplates\.angular\prerender-root\c97bca4e-6bf7-479c-b785-9787db8e6898\data\admdb.sqlite
[2025-11-11 17:03:35] WARN: Could not read param for rate limit, using default. Error: {}
[2025-11-11 17:03:55] INFO: INI ALAMAT TABLENYA :  D:\Work\Mii\TEMPLATES\ssrtemplates\dist\ssrtemplates\server\data\admdb.sqlite
[2025-11-11 17:03:55] INFO: login limiter max set to 3
[2025-11-11 17:03:55] INFO: Node Express server listening on http://localhost:4000
[2025-11-11 17:06:14] INFO: INI ALAMAT TABLENYA :  D:\Work\Mii\TEMPLATES\ssrtemplates\.angular\prerender-root\639ccc8d-f9cc-4111-96b7-c75f2cdb76cd\data\admdb.sqlite
[2025-11-11 17:06:14] WARN: Could not read param for rate limit, using default. Error: {}
[2025-11-11 17:06:14] INFO: Node Express server listening on http://localhost:4000
[2025-11-11 17:06:16] INFO: INI ALAMAT TABLENYA :  D:\Work\Mii\TEMPLATES\ssrtemplates\.angular\prerender-root\890c0f6e-4fe1-4699-917b-92349fede2d2\data\admdb.sqlite
[2025-11-11 17:06:16] WARN: Could not read param for rate limit, using default. Error: {}
[2025-11-11 17:06:16] INFO: Node Express server listening on http://localhost:4000
[2025-11-11 17:06:16] INFO: INI ALAMAT TABLENYA :  D:\Work\Mii\TEMPLATES\ssrtemplates\.angular\prerender-root\b4354244-a229-48fe-8aa1-9c5d92f09194\data\admdb.sqlite
[2025-11-11 17:06:16] WARN: Could not read param for rate limit, using default. Error: {}
[2025-11-11 17:06:16] INFO: INI ALAMAT TABLENYA :  D:\Work\Mii\TEMPLATES\ssrtemplates\.angular\prerender-root\427e97d3-6a39-45ac-b53e-fcd1cdcaf6c3\data\admdb.sqlite
[2025-11-11 17:06:16] WARN: Could not read param for rate limit, using default. Error: {}
[2025-11-11 17:06:16] INFO: INI ALAMAT TABLENYA :  D:\Work\Mii\TEMPLATES\ssrtemplates\.angular\prerender-root\f7c7cad5-0867-4d17-8e0b-23db93a23ad3\data\admdb.sqlite
[2025-11-11 17:06:16] WARN: Could not read param for rate limit, using default. Error: {}
[2025-11-11 17:06:26] INFO: INI ALAMAT TABLENYA :  D:\Work\Mii\TEMPLATES\ssrtemplates\dist\ssrtemplates\server\data\admdb.sqlite
[2025-11-11 17:06:26] INFO: login limiter max set to 3
[2025-11-11 17:06:26] INFO: Node Express server listening on http://localhost:4000
[2025-11-11 17:08:29] INFO: INI ALAMAT TABLENYA :  D:\Work\Mii\TEMPLATES\ssrtemplates\.angular\prerender-root\cdcdf1e7-351d-4834-b6fc-d3ae09db3639\data\admdb.sqlite
[2025-11-11 17:08:29] WARN: Could not read param for rate limit, using default. Error: {}
[2025-11-11 17:08:29] INFO: Node Express server listening on http://localhost:4000
[2025-11-11 17:08:31] INFO: INI ALAMAT TABLENYA :  D:\Work\Mii\TEMPLATES\ssrtemplates\.angular\prerender-root\3e13586d-7dfc-434e-a6ea-91af199d4172\data\admdb.sqlite
[2025-11-11 17:08:31] WARN: Could not read param for rate limit, using default. Error: {}
[2025-11-11 17:08:31] INFO: Node Express server listening on http://localhost:4000
[2025-11-11 17:08:31] INFO: INI ALAMAT TABLENYA :  D:\Work\Mii\TEMPLATES\ssrtemplates\.angular\prerender-root\d0c6d57d-6a9e-453a-b1a6-c542e31134ef\data\admdb.sqlite
[2025-11-11 17:08:31] WARN: Could not read param for rate limit, using default. Error: {}
[2025-11-11 17:08:31] INFO: INI ALAMAT TABLENYA :  D:\Work\Mii\TEMPLATES\ssrtemplates\.angular\prerender-root\79b6be04-ffa8-4a34-a70f-7ee1ae0a5ced\data\admdb.sqlite
[2025-11-11 17:08:31] WARN: Could not read param for rate limit, using default. Error: {}
[2025-11-11 17:08:31] INFO: INI ALAMAT TABLENYA :  D:\Work\Mii\TEMPLATES\ssrtemplates\.angular\prerender-root\e5eb3e5a-3fa5-4734-b35f-3ebf833cc4ba\data\admdb.sqlite
[2025-11-11 17:08:31] WARN: Could not read param for rate limit, using default. Error: {}
[2025-11-11 17:08:41] INFO: INI ALAMAT TABLENYA :  D:\Work\Mii\TEMPLATES\ssrtemplates\dist\ssrtemplates\server\data\admdb.sqlite
[2025-11-11 17:08:41] INFO: login limiter max set to 3
[2025-11-11 17:08:41] INFO: Node Express server listening on http://localhost:4000
[2025-11-11 17:09:22] INFO: INI ALAMAT TABLENYA :  D:\Work\Mii\TEMPLATES\ssrtemplates\.angular\prerender-root\7fbd3ca4-e981-49bf-9a5b-7a98136af23a\data\admdb.sqlite
[2025-11-11 17:09:22] WARN: Could not read param for rate limit, using default. Error: {}
[2025-11-11 17:09:22] INFO: Node Express server listening on http://localhost:4000
[2025-11-11 17:09:24] INFO: INI ALAMAT TABLENYA :  D:\Work\Mii\TEMPLATES\ssrtemplates\.angular\prerender-root\59ac0a7a-f1b6-44f5-a415-150ac3c589eb\data\admdb.sqlite
[2025-11-11 17:09:25] WARN: Could not read param for rate limit, using default. Error: {}
[2025-11-11 17:09:24] INFO: INI ALAMAT TABLENYA :  D:\Work\Mii\TEMPLATES\ssrtemplates\.angular\prerender-root\91296992-0b68-415e-9846-647cb0211bd3\data\admdb.sqlite
[2025-11-11 17:09:25] WARN: Could not read param for rate limit, using default. Error: {}
[2025-11-11 17:09:25] INFO: Node Express server listening on http://localhost:4000
[2025-11-11 17:09:24] INFO: INI ALAMAT TABLENYA :  D:\Work\Mii\TEMPLATES\ssrtemplates\.angular\prerender-root\e19594e5-8467-4bf1-a30c-8ad24c4d51cf\data\admdb.sqlite
[2025-11-11 17:09:25] WARN: Could not read param for rate limit, using default. Error: {}
[2025-11-11 17:09:24] INFO: INI ALAMAT TABLENYA :  D:\Work\Mii\TEMPLATES\ssrtemplates\.angular\prerender-root\297e3ad3-3fe4-4a26-a2df-310ea5ad4ea7\data\admdb.sqlite
[2025-11-11 17:09:25] WARN: Could not read param for rate limit, using default. Error: {}
[2025-11-11 17:09:37] INFO: INI ALAMAT TABLENYA :  D:\Work\Mii\TEMPLATES\ssrtemplates\dist\ssrtemplates\server\data\admdb.sqlite
[2025-11-11 17:09:37] INFO: login limiter max set to 3
[2025-11-11 17:09:37] INFO: Node Express server listening on http://localhost:4000
[2025-11-11 17:12:17] INFO: INI ALAMAT TABLENYA :  D:\Work\Mii\TEMPLATES\ssrtemplates\.angular\prerender-root\35482552-39cd-437d-8886-c0594f6a32c1\data\admdb.sqlite
[2025-11-11 17:12:17] WARN: Could not read param for rate limit, using default. Error: {}
[2025-11-11 17:12:17] INFO: Node Express server listening on http://localhost:4000
[2025-11-11 17:12:19] INFO: INI ALAMAT TABLENYA :  D:\Work\Mii\TEMPLATES\ssrtemplates\.angular\prerender-root\9a5d78ba-c08b-4952-819e-afdc0040c5c6\data\admdb.sqlite
[2025-11-11 17:12:19] WARN: Could not read param for rate limit, using default. Error: {}
[2025-11-11 17:12:19] INFO: INI ALAMAT TABLENYA :  D:\Work\Mii\TEMPLATES\ssrtemplates\.angular\prerender-root\11e05a47-c2ac-4437-b7d3-4bb8facba6fc\data\admdb.sqlite
[2025-11-11 17:12:19] WARN: Could not read param for rate limit, using default. Error: {}
[2025-11-11 17:12:19] INFO: INI ALAMAT TABLENYA :  D:\Work\Mii\TEMPLATES\ssrtemplates\.angular\prerender-root\c2d2dc8f-8cc2-4648-bc41-66dfb7f53343\data\admdb.sqlite
[2025-11-11 17:12:19] WARN: Could not read param for rate limit, using default. Error: {}
[2025-11-11 17:12:19] INFO: Node Express server listening on http://localhost:4000
[2025-11-11 17:12:19] INFO: INI ALAMAT TABLENYA :  D:\Work\Mii\TEMPLATES\ssrtemplates\.angular\prerender-root\15882264-c52f-478a-8109-fa933f95613d\data\admdb.sqlite
[2025-11-11 17:12:19] WARN: Could not read param for rate limit, using default. Error: {}
[2025-11-11 17:12:40] INFO: INI ALAMAT TABLENYA :  D:\Work\Mii\TEMPLATES\ssrtemplates\dist\ssrtemplates\server\data\admdb.sqlite
[2025-11-11 17:12:40] INFO: login limiter max set to 3
[2025-11-11 17:12:40] INFO: Node Express server listening on http://localhost:4000
[2025-11-11 17:14:24] INFO: INI ALAMAT TABLENYA :  D:\Work\Mii\TEMPLATES\ssrtemplates\.angular\prerender-root\4172a15e-e20d-4a4b-8bbc-0efe723c7440\data\admdb.sqlite
[2025-11-11 17:14:24] WARN: Could not read param for rate limit, using default. Error: {}
[2025-11-11 17:14:24] INFO: Node Express server listening on http://localhost:4000
[2025-11-11 17:14:26] INFO: INI ALAMAT TABLENYA :  D:\Work\Mii\TEMPLATES\ssrtemplates\.angular\prerender-root\77148615-d089-41d6-af70-f4e6e01372fd\data\admdb.sqlite
[2025-11-11 17:14:26] WARN: Could not read param for rate limit, using default. Error: {}
[2025-11-11 17:14:26] INFO: Node Express server listening on http://localhost:4000
[2025-11-11 17:14:26] INFO: INI ALAMAT TABLENYA :  D:\Work\Mii\TEMPLATES\ssrtemplates\.angular\prerender-root\7abc9a32-f76a-40ff-9343-b307a3656d8f\data\admdb.sqlite
[2025-11-11 17:14:26] WARN: Could not read param for rate limit, using default. Error: {}
[2025-11-11 17:14:26] INFO: INI ALAMAT TABLENYA :  D:\Work\Mii\TEMPLATES\ssrtemplates\.angular\prerender-root\64504d60-929f-471f-8724-29fc0063e2c3\data\admdb.sqlite
[2025-11-11 17:14:26] WARN: Could not read param for rate limit, using default. Error: {}
[2025-11-11 17:14:26] INFO: INI ALAMAT TABLENYA :  D:\Work\Mii\TEMPLATES\ssrtemplates\.angular\prerender-root\15a0aa41-81d5-4c87-911e-0e52ed967e3f\data\admdb.sqlite
[2025-11-11 17:14:26] WARN: Could not read param for rate limit, using default. Error: {}
[2025-11-11 17:15:37] INFO: INI ALAMAT TABLENYA :  D:\Work\Mii\TEMPLATES\ssrtemplates\.angular\prerender-root\f2dc98fa-905d-4c06-a34d-225177e8ca5f\data\admdb.sqlite
[2025-11-11 17:15:38] WARN: Could not read param for rate limit, using default. Error: {}
[2025-11-11 17:15:38] INFO: Node Express server listening on http://localhost:4000
[2025-11-11 17:15:44] INFO: INI ALAMAT TABLENYA :  D:\Work\Mii\TEMPLATES\ssrtemplates\.angular\prerender-root\49a20c65-0ccd-489f-9496-3cd8074cec73\data\admdb.sqlite
[2025-11-11 17:15:44] WARN: Could not read param for rate limit, using default. Error: {}
[2025-11-11 17:15:44] INFO: Node Express server listening on http://localhost:4000
[2025-11-11 17:15:44] INFO: INI ALAMAT TABLENYA :  D:\Work\Mii\TEMPLATES\ssrtemplates\.angular\prerender-root\4688163a-9fec-438f-950e-f1469b60bcb3\data\admdb.sqlite
[2025-11-11 17:15:44] WARN: Could not read param for rate limit, using default. Error: {}
[2025-11-11 17:15:44] INFO: INI ALAMAT TABLENYA :  D:\Work\Mii\TEMPLATES\ssrtemplates\.angular\prerender-root\f5f25486-b783-48fb-8c2f-64c52df29fca\data\admdb.sqlite
[2025-11-11 17:15:44] WARN: Could not read param for rate limit, using default. Error: {}
[2025-11-11 17:15:44] INFO: INI ALAMAT TABLENYA :  D:\Work\Mii\TEMPLATES\ssrtemplates\.angular\prerender-root\f159e16b-b934-4599-a0bb-859a19a2d1d3\data\admdb.sqlite
[2025-11-11 17:15:44] WARN: Could not read param for rate limit, using default. Error: {}
[2025-11-11 17:16:05] INFO: INI ALAMAT TABLENYA :  D:\Work\Mii\TEMPLATES\ssrtemplates\dist\ssrtemplates\server\data\admdb.sqlite
[2025-11-11 17:16:05] INFO: login limiter max set to 3
[2025-11-11 17:16:05] INFO: Node Express server listening on http://localhost:4000
[2025-11-11 17:17:19] INFO: INI ALAMAT TABLENYA :  D:\Work\Mii\TEMPLATES\ssrtemplates\.angular\prerender-root\18dc0ee3-a3a4-446a-a70b-11d04718387e\data\admdb.sqlite
[2025-11-11 17:17:19] WARN: Could not read param for rate limit, using default. Error: {}
[2025-11-11 17:17:19] INFO: Node Express server listening on http://localhost:4000
[2025-11-11 17:17:25] INFO: INI ALAMAT TABLENYA :  D:\Work\Mii\TEMPLATES\ssrtemplates\.angular\prerender-root\7531c2e6-dc74-47b3-b7f1-08afdfd55873\data\admdb.sqlite
[2025-11-11 17:17:25] WARN: Could not read param for rate limit, using default. Error: {}
[2025-11-11 17:17:25] INFO: Node Express server listening on http://localhost:4000
[2025-11-11 17:17:25] INFO: INI ALAMAT TABLENYA :  D:\Work\Mii\TEMPLATES\ssrtemplates\.angular\prerender-root\c706d175-4803-48d3-8133-8b8070b4fe36\data\admdb.sqlite
[2025-11-11 17:17:25] WARN: Could not read param for rate limit, using default. Error: {}
[2025-11-11 17:17:25] INFO: INI ALAMAT TABLENYA :  D:\Work\Mii\TEMPLATES\ssrtemplates\.angular\prerender-root\67044c0f-e0b4-4595-93d3-70ebdb6b2c1c\data\admdb.sqlite
[2025-11-11 17:17:25] WARN: Could not read param for rate limit, using default. Error: {}
[2025-11-11 17:17:25] INFO: INI ALAMAT TABLENYA :  D:\Work\Mii\TEMPLATES\ssrtemplates\.angular\prerender-root\3486b52e-d34f-47a2-88e1-07bffa8a547c\data\admdb.sqlite
[2025-11-11 17:17:25] WARN: Could not read param for rate limit, using default. Error: {}
[2025-11-11 17:17:43] INFO: INI ALAMAT TABLENYA :  D:\Work\Mii\TEMPLATES\ssrtemplates\dist\ssrtemplates\server\data\admdb.sqlite
[2025-11-11 17:17:43] INFO: login limiter max set to 3
[2025-11-11 17:17:43] INFO: Node Express server listening on http://localhost:4000
[2025-11-11 17:22:24] INFO: INI ALAMAT TABLENYA :  D:\Work\Mii\TEMPLATES\ssrtemplates\.angular\prerender-root\73845b54-4a81-4f24-a1b6-c32029e0d3f3\data\admdb.sqlite
[2025-11-11 17:22:24] WARN: Could not read param for rate limit, using default. Error: {}
[2025-11-11 17:22:24] INFO: Node Express server listening on http://localhost:4000
[2025-11-11 17:22:26] INFO: INI ALAMAT TABLENYA :  D:\Work\Mii\TEMPLATES\ssrtemplates\.angular\prerender-root\c8510783-7e9e-4c23-bd84-d1404be2d902\data\admdb.sqlite
[2025-11-11 17:22:26] WARN: Could not read param for rate limit, using default. Error: {}
[2025-11-11 17:22:26] INFO: Node Express server listening on http://localhost:4000
[2025-11-11 17:22:26] INFO: INI ALAMAT TABLENYA :  D:\Work\Mii\TEMPLATES\ssrtemplates\.angular\prerender-root\a5a675f5-726d-45c6-867f-d19f01d5bf3f\data\admdb.sqlite
[2025-11-11 17:22:26] WARN: Could not read param for rate limit, using default. Error: {}
[2025-11-11 17:22:26] INFO: INI ALAMAT TABLENYA :  D:\Work\Mii\TEMPLATES\ssrtemplates\.angular\prerender-root\5d2a30e4-2c3d-4f5c-99bf-5e949ecd082e\data\admdb.sqlite
[2025-11-11 17:22:26] WARN: Could not read param for rate limit, using default. Error: {}
[2025-11-11 17:22:26] INFO: INI ALAMAT TABLENYA :  D:\Work\Mii\TEMPLATES\ssrtemplates\.angular\prerender-root\db59a404-214f-4e30-8b99-8db54f7d6e97\data\admdb.sqlite
[2025-11-11 17:22:26] WARN: Could not read param for rate limit, using default. Error: {}
[2025-11-11 17:22:43] INFO: INI ALAMAT TABLENYA :  D:\Work\Mii\TEMPLATES\ssrtemplates\dist\ssrtemplates\server\data\admdb.sqlite
[2025-11-11 17:22:43] INFO: login limiter max set to 3
[2025-11-11 17:22:43] INFO: Node Express server listening on http://localhost:4000
[2025-11-11 17:26:13] INFO: INI ALAMAT TABLENYA :  D:\Work\Mii\TEMPLATES\ssrtemplates\dist\ssrtemplates\server\data\admdb.sqlite
[2025-11-11 17:26:13] INFO: login limiter max set to 3
[2025-11-11 17:26:13] INFO: Node Express server listening on http://localhost:4000
[2025-11-11 17:26:43] INFO: INI ALAMAT TABLENYA :  D:\Work\Mii\TEMPLATES\ssrtemplates\.angular\prerender-root\55367a2c-e24c-408a-8093-9601d99b91d0\data\admdb.sqlite
[2025-11-11 17:26:43] WARN: Could not read param for rate limit, using default. Error: {}
[2025-11-11 17:26:43] INFO: Node Express server listening on http://localhost:4000
[2025-11-11 17:26:50] INFO: INI ALAMAT TABLENYA :  D:\Work\Mii\TEMPLATES\ssrtemplates\.angular\prerender-root\fe590de7-a64d-41fb-ba5d-da9dc9ebb705\data\admdb.sqlite
[2025-11-11 17:26:50] WARN: Could not read param for rate limit, using default. Error: {}
[2025-11-11 17:26:50] INFO: Node Express server listening on http://localhost:4000
[2025-11-11 17:26:50] INFO: INI ALAMAT TABLENYA :  D:\Work\Mii\TEMPLATES\ssrtemplates\.angular\prerender-root\5b8a31bf-b14f-4978-b22c-ed36e14824a0\data\admdb.sqlite
[2025-11-11 17:26:50] WARN: Could not read param for rate limit, using default. Error: {}
[2025-11-11 17:26:50] INFO: INI ALAMAT TABLENYA :  D:\Work\Mii\TEMPLATES\ssrtemplates\.angular\prerender-root\beeb6afd-7290-4e3c-8d2b-ced93c75303d\data\admdb.sqlite
[2025-11-11 17:26:50] WARN: Could not read param for rate limit, using default. Error: {}
[2025-11-11 17:26:50] INFO: INI ALAMAT TABLENYA :  D:\Work\Mii\TEMPLATES\ssrtemplates\.angular\prerender-root\89f3da43-240f-41b0-bd2f-4d065dbcdd76\data\admdb.sqlite
[2025-11-11 17:26:50] WARN: Could not read param for rate limit, using default. Error: {}
[2025-11-11 17:27:19] INFO: INI ALAMAT TABLENYA :  D:\Work\Mii\TEMPLATES\ssrtemplates\dist\ssrtemplates\server\data\admdb.sqlite
[2025-11-11 17:27:19] INFO: login limiter max set to 3
[2025-11-11 17:27:19] INFO: Node Express server listening on http://localhost:4000
[2025-11-11 17:32:21] INFO: INI ALAMAT TABLENYA :  D:\Work\Mii\TEMPLATES\ssrtemplates\.angular\prerender-root\554bbe45-4563-4855-a935-50a0e516e579\data\admdb.sqlite
[2025-11-11 17:32:22] WARN: Could not read param for rate limit, using default. Error: {}
[2025-11-11 17:32:22] INFO: Node Express server listening on http://localhost:4000
[2025-11-11 17:32:24] INFO: INI ALAMAT TABLENYA :  D:\Work\Mii\TEMPLATES\ssrtemplates\.angular\prerender-root\de2a9b4b-f66d-4f6b-b964-63fb7009c0c3\data\admdb.sqlite
[2025-11-11 17:32:24] WARN: Could not read param for rate limit, using default. Error: {}
[2025-11-11 17:32:24] INFO: INI ALAMAT TABLENYA :  D:\Work\Mii\TEMPLATES\ssrtemplates\.angular\prerender-root\4a6f2c34-5f58-4d61-8885-648d54998d4b\data\admdb.sqlite
[2025-11-11 17:32:24] WARN: Could not read param for rate limit, using default. Error: {}
[2025-11-11 17:32:24] INFO: Node Express server listening on http://localhost:4000
[2025-11-11 17:32:24] INFO: INI ALAMAT TABLENYA :  D:\Work\Mii\TEMPLATES\ssrtemplates\.angular\prerender-root\7c8079dd-b3c0-4d7b-abef-46fb25bd91fc\data\admdb.sqlite
[2025-11-11 17:32:24] WARN: Could not read param for rate limit, using default. Error: {}
[2025-11-11 17:32:24] INFO: INI ALAMAT TABLENYA :  D:\Work\Mii\TEMPLATES\ssrtemplates\.angular\prerender-root\d14f7ad2-6f47-473f-9640-56f2fda4fae6\data\admdb.sqlite
[2025-11-11 17:32:24] WARN: Could not read param for rate limit, using default. Error: {}
[2025-11-11 17:32:33] INFO: INI ALAMAT TABLENYA :  D:\Work\Mii\TEMPLATES\ssrtemplates\dist\ssrtemplates\server\data\admdb.sqlite
[2025-11-11 17:32:34] INFO: login limiter max set to 3
[2025-11-11 17:32:34] INFO: Node Express server listening on http://localhost:4000
[2025-11-11 17:34:25] INFO: INI ALAMAT TABLENYA :  D:\Work\Mii\TEMPLATES\ssrtemplates\.angular\prerender-root\926a5cb4-d6bb-4adb-8316-209441c2d730\data\admdb.sqlite
[2025-11-11 17:34:25] WARN: Could not read param for rate limit, using default. Error: {}
[2025-11-11 17:34:25] INFO: Node Express server listening on http://localhost:4000
[2025-11-11 17:34:28] INFO: INI ALAMAT TABLENYA :  D:\Work\Mii\TEMPLATES\ssrtemplates\.angular\prerender-root\731f8fcf-dacf-4265-933f-a0923f09bfc8\data\admdb.sqlite
[2025-11-11 17:34:28] WARN: Could not read param for rate limit, using default. Error: {}
[2025-11-11 17:34:28] INFO: INI ALAMAT TABLENYA :  D:\Work\Mii\TEMPLATES\ssrtemplates\.angular\prerender-root\18602481-7057-4376-a3e8-cadc440bf94a\data\admdb.sqlite
[2025-11-11 17:34:28] WARN: Could not read param for rate limit, using default. Error: {}
[2025-11-11 17:34:28] INFO: Node Express server listening on http://localhost:4000
[2025-11-11 17:34:28] INFO: INI ALAMAT TABLENYA :  D:\Work\Mii\TEMPLATES\ssrtemplates\.angular\prerender-root\4ee7eeb2-ba32-4a80-9166-185a1ffa771d\data\admdb.sqlite
[2025-11-11 17:34:28] WARN: Could not read param for rate limit, using default. Error: {}
[2025-11-11 17:34:28] INFO: INI ALAMAT TABLENYA :  D:\Work\Mii\TEMPLATES\ssrtemplates\.angular\prerender-root\73b98605-8791-419e-87a2-2c3869dc1bd0\data\admdb.sqlite
[2025-11-11 17:34:28] WARN: Could not read param for rate limit, using default. Error: {}
[2025-11-11 17:34:38] INFO: INI ALAMAT TABLENYA :  D:\Work\Mii\TEMPLATES\ssrtemplates\dist\ssrtemplates\server\data\admdb.sqlite
[2025-11-11 17:34:38] INFO: login limiter max set to 3
[2025-11-11 17:34:38] INFO: Node Express server listening on http://localhost:4000
[2025-11-11 17:39:13] INFO: INI ALAMAT TABLENYA :  D:\Work\Mii\TEMPLATES\ssrtemplates\.angular\prerender-root\0dca118c-75d6-427c-a60f-bc7fd65b41bd\data\admdb.sqlite
[2025-11-11 17:39:13] WARN: Could not read param for rate limit, using default. Error: {}
[2025-11-11 17:39:13] INFO: Node Express server listening on http://localhost:4000
[2025-11-11 17:39:15] INFO: INI ALAMAT TABLENYA :  D:\Work\Mii\TEMPLATES\ssrtemplates\.angular\prerender-root\ea369ebc-17bb-4b72-9771-c7dddd44e703\data\admdb.sqlite
[2025-11-11 17:39:15] WARN: Could not read param for rate limit, using default. Error: {}
[2025-11-11 17:39:15] INFO: Node Express server listening on http://localhost:4000
[2025-11-11 17:39:15] INFO: INI ALAMAT TABLENYA :  D:\Work\Mii\TEMPLATES\ssrtemplates\.angular\prerender-root\6763e416-e891-46ed-b683-d66ae685bc4e\data\admdb.sqlite
[2025-11-11 17:39:15] WARN: Could not read param for rate limit, using default. Error: {}
[2025-11-11 17:39:15] INFO: INI ALAMAT TABLENYA :  D:\Work\Mii\TEMPLATES\ssrtemplates\.angular\prerender-root\bdfcec90-8316-4fae-99e2-9c198ee24d80\data\admdb.sqlite
[2025-11-11 17:39:15] WARN: Could not read param for rate limit, using default. Error: {}
[2025-11-11 17:39:15] INFO: INI ALAMAT TABLENYA :  D:\Work\Mii\TEMPLATES\ssrtemplates\.angular\prerender-root\a134ef2d-589f-4801-a72a-44386950f2d9\data\admdb.sqlite
[2025-11-11 17:39:15] WARN: Could not read param for rate limit, using default. Error: {}
[2025-11-11 17:39:25] INFO: INI ALAMAT TABLENYA :  D:\Work\Mii\TEMPLATES\ssrtemplates\dist\ssrtemplates\server\data\admdb.sqlite
[2025-11-11 17:39:25] INFO: login limiter max set to 3
[2025-11-11 17:39:25] INFO: Node Express server listening on http://localhost:4000
