[2025-11-19 14:40:14] INFO: INI ALAMAT TABLENYA :  D:\Work\Mii\TEMPLATES\ssrtemplates\.angular\prerender-root\bcba9c9d-214a-4ff4-a3da-e81f072d1f91\data\admdb.sqlite
[2025-11-19 14:40:15] WARN: Could not read param for rate limit, using default. Error: {}
[2025-11-19 14:40:15] INFO: Node Express server listening on http://localhost:4000
[2025-11-19 14:40:22] INFO: INI ALAMAT TABLENYA :  D:\Work\Mii\TEMPLATES\ssrtemplates\.angular\prerender-root\79f55858-c6aa-406b-84e9-f998d88e77eb\data\admdb.sqlite
[2025-11-19 14:40:22] WARN: Could not read param for rate limit, using default. Error: {}
[2025-11-19 14:40:22] INFO: Node Express server listening on http://localhost:4000
[2025-11-19 14:40:22] INFO: INI ALAMAT TABLENYA :  D:\Work\Mii\TEMPLATES\ssrtemplates\.angular\prerender-root\3e52550b-263f-41e6-98cc-85754b37a584\data\admdb.sqlite
[2025-11-19 14:40:22] WARN: Could not read param for rate limit, using default. Error: {}
[2025-11-19 14:40:22] INFO: INI ALAMAT TABLENYA :  D:\Work\Mii\TEMPLATES\ssrtemplates\.angular\prerender-root\6c143c4d-ef8b-40ad-8125-7ad27630002f\data\admdb.sqlite
[2025-11-19 14:40:22] WARN: Could not read param for rate limit, using default. Error: {}
[2025-11-19 14:40:22] INFO: INI ALAMAT TABLENYA :  D:\Work\Mii\TEMPLATES\ssrtemplates\.angular\prerender-root\20118a4d-2ead-4b07-930f-013de97502fe\data\admdb.sqlite
[2025-11-19 14:40:22] WARN: Could not read param for rate limit, using default. Error: {}
[2025-11-19 14:40:41] INFO: INI ALAMAT TABLENYA :  D:\Work\Mii\TEMPLATES\ssrtemplates\dist\ssrtemplates\server\data\admdb.sqlite
[2025-11-19 14:40:41] INFO: login limiter max set to 3
[2025-11-19 14:40:41] INFO: Node Express server listening on http://localhost:4000
[2025-11-19 14:40:53] INFO: INI ALAMAT TABLENYA :  D:\Work\Mii\TEMPLATES\ssrtemplates\.angular\prerender-root\96b66d67-46bf-4691-9fb5-fad3cb7e5fe4\data\admdb.sqlite
[2025-11-19 14:40:53] WARN: Could not read param for rate limit, using default. Error: {}
[2025-11-19 14:40:53] INFO: Node Express server listening on http://localhost:4000
[2025-11-19 14:40:54] INFO: INI ALAMAT TABLENYA :  D:\Work\Mii\TEMPLATES\ssrtemplates\.angular\prerender-root\dea7870e-6a58-4680-ba89-5cf4fb3726a6\data\admdb.sqlite
[2025-11-19 14:40:55] WARN: Could not read param for rate limit, using default. Error: {}
[2025-11-19 14:40:55] INFO: Node Express server listening on http://localhost:4000
[2025-11-19 14:40:54] INFO: INI ALAMAT TABLENYA :  D:\Work\Mii\TEMPLATES\ssrtemplates\.angular\prerender-root\e069c2fc-c3c3-413f-86ba-c84f6c08df28\data\admdb.sqlite
[2025-11-19 14:40:55] WARN: Could not read param for rate limit, using default. Error: {}
[2025-11-19 14:40:54] INFO: INI ALAMAT TABLENYA :  D:\Work\Mii\TEMPLATES\ssrtemplates\.angular\prerender-root\673aa109-3d42-4a13-b665-6a1dd07738e3\data\admdb.sqlite
[2025-11-19 14:40:55] WARN: Could not read param for rate limit, using default. Error: {}
[2025-11-19 14:40:55] INFO: INI ALAMAT TABLENYA :  D:\Work\Mii\TEMPLATES\ssrtemplates\.angular\prerender-root\d75dfb94-84dd-4cf6-832a-aab48031507a\data\admdb.sqlite
[2025-11-19 14:40:55] WARN: Could not read param for rate limit, using default. Error: {}
[2025-11-19 14:41:01] INFO: INI ALAMAT TABLENYA :  D:\Work\Mii\TEMPLATES\ssrtemplates\dist\ssrtemplates\server\data\admdb.sqlite
[2025-11-19 14:41:01] INFO: login limiter max set to 3
[2025-11-19 14:41:01] INFO: Node Express server listening on http://localhost:4000
[2025-11-19 14:42:05] INFO: INI ALAMAT TABLENYA :  D:\Work\Mii\TEMPLATES\ssrtemplates\.angular\prerender-root\c01ff03d-d4e2-4ab6-891e-fc8f22abb396\data\admdb.sqlite
[2025-11-19 14:42:05] WARN: Could not read param for rate limit, using default. Error: {}
[2025-11-19 14:42:05] INFO: Node Express server listening on http://localhost:4000
[2025-11-19 14:42:07] INFO: INI ALAMAT TABLENYA :  D:\Work\Mii\TEMPLATES\ssrtemplates\.angular\prerender-root\9712b18d-7661-46a0-b294-df765c7cb64c\data\admdb.sqlite
[2025-11-19 14:42:07] WARN: Could not read param for rate limit, using default. Error: {}
[2025-11-19 14:42:07] INFO: Node Express server listening on http://localhost:4000
[2025-11-19 14:42:07] INFO: INI ALAMAT TABLENYA :  D:\Work\Mii\TEMPLATES\ssrtemplates\.angular\prerender-root\e1486bd0-db15-4143-8228-19bbb9f8ed45\data\admdb.sqlite
[2025-11-19 14:42:07] WARN: Could not read param for rate limit, using default. Error: {}
[2025-11-19 14:42:07] INFO: INI ALAMAT TABLENYA :  D:\Work\Mii\TEMPLATES\ssrtemplates\.angular\prerender-root\7bb09086-e66c-47b4-9db7-53d1ff45cb8f\data\admdb.sqlite
[2025-11-19 14:42:07] WARN: Could not read param for rate limit, using default. Error: {}
[2025-11-19 14:42:07] INFO: INI ALAMAT TABLENYA :  D:\Work\Mii\TEMPLATES\ssrtemplates\.angular\prerender-root\1dd35311-5676-4312-96b3-570d586a19bc\data\admdb.sqlite
[2025-11-19 14:42:07] WARN: Could not read param for rate limit, using default. Error: {}
[2025-11-19 14:42:14] INFO: INI ALAMAT TABLENYA :  D:\Work\Mii\TEMPLATES\ssrtemplates\dist\ssrtemplates\server\data\admdb.sqlite
[2025-11-19 14:42:14] INFO: login limiter max set to 3
[2025-11-19 14:42:14] INFO: Node Express server listening on http://localhost:4000
[2025-11-19 14:45:38] INFO: INI ALAMAT TABLENYA :  D:\Work\Mii\TEMPLATES\ssrtemplates\.angular\prerender-root\c1d09215-001d-455d-b7fa-90b3c4345924\data\admdb.sqlite
[2025-11-19 14:45:38] WARN: Could not read param for rate limit, using default. Error: {}
[2025-11-19 14:45:38] INFO: Node Express server listening on http://localhost:4000
[2025-11-19 14:45:42] INFO: INI ALAMAT TABLENYA :  D:\Work\Mii\TEMPLATES\ssrtemplates\.angular\prerender-root\b586afa8-4cd1-483d-b840-8068cc424870\data\admdb.sqlite
[2025-11-19 14:45:43] WARN: Could not read param for rate limit, using default. Error: {}
[2025-11-19 14:45:43] INFO: Node Express server listening on http://localhost:4000
[2025-11-19 14:45:42] INFO: INI ALAMAT TABLENYA :  D:\Work\Mii\TEMPLATES\ssrtemplates\.angular\prerender-root\ebf96a11-0741-4a7b-9d23-e306d6883504\data\admdb.sqlite
[2025-11-19 14:45:43] WARN: Could not read param for rate limit, using default. Error: {}
[2025-11-19 14:45:42] INFO: INI ALAMAT TABLENYA :  D:\Work\Mii\TEMPLATES\ssrtemplates\.angular\prerender-root\32c15cfe-3bc1-4b15-8a44-c05b5d44e53e\data\admdb.sqlite
[2025-11-19 14:45:43] WARN: Could not read param for rate limit, using default. Error: {}
[2025-11-19 14:45:42] INFO: INI ALAMAT TABLENYA :  D:\Work\Mii\TEMPLATES\ssrtemplates\.angular\prerender-root\63e280e6-71d4-4d22-9960-38fa468ebc51\data\admdb.sqlite
[2025-11-19 14:45:43] WARN: Could not read param for rate limit, using default. Error: {}
[2025-11-19 14:47:04] INFO: INI ALAMAT TABLENYA :  D:\Work\Mii\TEMPLATES\ssrtemplates\.angular\prerender-root\12b61a52-3215-4f92-9d00-51b93f036159\data\admdb.sqlite
[2025-11-19 14:47:04] WARN: Could not read param for rate limit, using default. Error: {}
[2025-11-19 14:47:04] INFO: Node Express server listening on http://localhost:4000
[2025-11-19 14:47:05] INFO: INI ALAMAT TABLENYA :  D:\Work\Mii\TEMPLATES\ssrtemplates\.angular\prerender-root\0d3655ef-1f46-4358-8197-2d5450a60e4f\data\admdb.sqlite
[2025-11-19 14:47:05] WARN: Could not read param for rate limit, using default. Error: {}
[2025-11-19 14:47:05] INFO: Node Express server listening on http://localhost:4000
[2025-11-19 14:47:05] INFO: INI ALAMAT TABLENYA :  D:\Work\Mii\TEMPLATES\ssrtemplates\.angular\prerender-root\3cc9278d-c3a5-41b8-9731-325572aefbc9\data\admdb.sqlite
[2025-11-19 14:47:05] WARN: Could not read param for rate limit, using default. Error: {}
[2025-11-19 14:47:05] INFO: INI ALAMAT TABLENYA :  D:\Work\Mii\TEMPLATES\ssrtemplates\.angular\prerender-root\af5a74a3-6c06-4129-b8a4-46a27a72e592\data\admdb.sqlite
[2025-11-19 14:47:05] WARN: Could not read param for rate limit, using default. Error: {}
[2025-11-19 14:47:05] INFO: INI ALAMAT TABLENYA :  D:\Work\Mii\TEMPLATES\ssrtemplates\.angular\prerender-root\4099cd29-761e-496d-9754-35b6778dd8e8\data\admdb.sqlite
[2025-11-19 14:47:05] WARN: Could not read param for rate limit, using default. Error: {}
[2025-11-19 14:47:16] INFO: INI ALAMAT TABLENYA :  D:\Work\Mii\TEMPLATES\ssrtemplates\dist\ssrtemplates\server\data\admdb.sqlite
[2025-11-19 14:47:16] INFO: login limiter max set to 3
[2025-11-19 14:47:16] INFO: Node Express server listening on http://localhost:4000
[2025-11-19 14:49:08] INFO: INI ALAMAT TABLENYA :  D:\Work\Mii\TEMPLATES\ssrtemplates\.angular\prerender-root\6fcd8063-3c54-46e8-b4df-147fc9abeda6\data\admdb.sqlite
[2025-11-19 14:49:08] WARN: Could not read param for rate limit, using default. Error: {}
[2025-11-19 14:49:08] INFO: Node Express server listening on http://localhost:4000
[2025-11-19 14:49:10] INFO: INI ALAMAT TABLENYA :  D:\Work\Mii\TEMPLATES\ssrtemplates\.angular\prerender-root\47d6c3e3-6a4e-4425-810b-f95ad9f5694c\data\admdb.sqlite
[2025-11-19 14:49:10] WARN: Could not read param for rate limit, using default. Error: {}
[2025-11-19 14:49:10] INFO: Node Express server listening on http://localhost:4000
[2025-11-19 14:49:10] INFO: INI ALAMAT TABLENYA :  D:\Work\Mii\TEMPLATES\ssrtemplates\.angular\prerender-root\2dd592c2-b1b9-4d3c-995f-f53c8257fe04\data\admdb.sqlite
[2025-11-19 14:49:10] WARN: Could not read param for rate limit, using default. Error: {}
[2025-11-19 14:49:10] INFO: INI ALAMAT TABLENYA :  D:\Work\Mii\TEMPLATES\ssrtemplates\.angular\prerender-root\9645e77b-3157-4c9c-be6d-0bfe2948f5ef\data\admdb.sqlite
[2025-11-19 14:49:10] WARN: Could not read param for rate limit, using default. Error: {}
[2025-11-19 14:49:10] INFO: INI ALAMAT TABLENYA :  D:\Work\Mii\TEMPLATES\ssrtemplates\.angular\prerender-root\8d3a94e3-c23c-4062-8444-13b60faa5463\data\admdb.sqlite
[2025-11-19 14:49:10] WARN: Could not read param for rate limit, using default. Error: {}
[2025-11-19 14:49:20] INFO: INI ALAMAT TABLENYA :  D:\Work\Mii\TEMPLATES\ssrtemplates\dist\ssrtemplates\server\data\admdb.sqlite
[2025-11-19 14:49:20] INFO: login limiter max set to 3
[2025-11-19 14:49:20] INFO: Node Express server listening on http://localhost:4000
[2025-11-19 14:59:23] INFO: INI ALAMAT TABLENYA :  D:\Work\Mii\TEMPLATES\ssrtemplates\.angular\prerender-root\042ae458-4230-40a9-a79f-3cd3a511c61d\data\admdb.sqlite
[2025-11-19 14:59:24] WARN: Could not read param for rate limit, using default. Error: {}
[2025-11-19 14:59:24] INFO: Node Express server listening on http://localhost:4000
[2025-11-19 14:59:34] INFO: INI ALAMAT TABLENYA :  D:\Work\Mii\TEMPLATES\ssrtemplates\.angular\prerender-root\6f1f4ef3-d2a6-430c-aabd-e33025e3f262\data\admdb.sqlite
[2025-11-19 14:59:34] WARN: Could not read param for rate limit, using default. Error: {}
[2025-11-19 14:59:34] INFO: Node Express server listening on http://localhost:4000
[2025-11-19 14:59:34] INFO: INI ALAMAT TABLENYA :  D:\Work\Mii\TEMPLATES\ssrtemplates\.angular\prerender-root\c0a33a66-c6dd-46fa-a1ad-b7235de0d22a\data\admdb.sqlite
[2025-11-19 14:59:34] WARN: Could not read param for rate limit, using default. Error: {}
[2025-11-19 14:59:34] INFO: INI ALAMAT TABLENYA :  D:\Work\Mii\TEMPLATES\ssrtemplates\.angular\prerender-root\f32f6d66-c56d-4477-b71d-07fe5255fb8d\data\admdb.sqlite
[2025-11-19 14:59:34] WARN: Could not read param for rate limit, using default. Error: {}
[2025-11-19 14:59:34] INFO: INI ALAMAT TABLENYA :  D:\Work\Mii\TEMPLATES\ssrtemplates\.angular\prerender-root\ffdb276b-9dcd-4319-be32-69604e728e50\data\admdb.sqlite
[2025-11-19 14:59:34] WARN: Could not read param for rate limit, using default. Error: {}
[2025-11-19 15:00:31] INFO: INI ALAMAT TABLENYA :  D:\Work\Mii\TEMPLATES\ssrtemplates\.angular\prerender-root\6f807b11-27e0-48cb-a693-34dd97b2f3e0\data\admdb.sqlite
[2025-11-19 15:00:31] WARN: Could not read param for rate limit, using default. Error: {}
[2025-11-19 15:00:31] INFO: Node Express server listening on http://localhost:4000
[2025-11-19 15:00:32] INFO: INI ALAMAT TABLENYA :  D:\Work\Mii\TEMPLATES\ssrtemplates\.angular\prerender-root\b1d5cc70-abc4-4003-8caf-814f8fd3f6fc\data\admdb.sqlite
[2025-11-19 15:00:32] WARN: Could not read param for rate limit, using default. Error: {}
[2025-11-19 15:00:32] INFO: Node Express server listening on http://localhost:4000
[2025-11-19 15:00:32] INFO: INI ALAMAT TABLENYA :  D:\Work\Mii\TEMPLATES\ssrtemplates\.angular\prerender-root\d94d8bbf-956f-4e4e-953c-c95b7d9bf2d7\data\admdb.sqlite
[2025-11-19 15:00:32] WARN: Could not read param for rate limit, using default. Error: {}
[2025-11-19 15:00:32] INFO: INI ALAMAT TABLENYA :  D:\Work\Mii\TEMPLATES\ssrtemplates\.angular\prerender-root\1eb8ca2b-68c6-428d-96ce-7bf9f716b547\data\admdb.sqlite
[2025-11-19 15:00:32] WARN: Could not read param for rate limit, using default. Error: {}
[2025-11-19 15:00:32] INFO: INI ALAMAT TABLENYA :  D:\Work\Mii\TEMPLATES\ssrtemplates\.angular\prerender-root\fe245292-da8a-4f3a-adf6-468404afd425\data\admdb.sqlite
[2025-11-19 15:00:32] WARN: Could not read param for rate limit, using default. Error: {}
[2025-11-19 15:00:50] INFO: INI ALAMAT TABLENYA :  D:\Work\Mii\TEMPLATES\ssrtemplates\.angular\prerender-root\cf563546-4cf0-414e-a43a-c3b852abd7ee\data\admdb.sqlite
[2025-11-19 15:00:50] WARN: Could not read param for rate limit, using default. Error: {}
[2025-11-19 15:00:50] INFO: Node Express server listening on http://localhost:4000
[2025-11-19 15:00:52] INFO: INI ALAMAT TABLENYA :  D:\Work\Mii\TEMPLATES\ssrtemplates\.angular\prerender-root\f2a36063-21c9-4cca-bcc3-a8d5d6aff5ca\data\admdb.sqlite
[2025-11-19 15:00:52] WARN: Could not read param for rate limit, using default. Error: {}
[2025-11-19 15:00:52] INFO: Node Express server listening on http://localhost:4000
[2025-11-19 15:00:52] INFO: INI ALAMAT TABLENYA :  D:\Work\Mii\TEMPLATES\ssrtemplates\.angular\prerender-root\f94ca2cd-dc44-487d-b80b-9b75c8af0d99\data\admdb.sqlite
[2025-11-19 15:00:52] WARN: Could not read param for rate limit, using default. Error: {}
[2025-11-19 15:00:52] INFO: INI ALAMAT TABLENYA :  D:\Work\Mii\TEMPLATES\ssrtemplates\.angular\prerender-root\ee1aa43e-0035-4f21-abfe-7f542a317240\data\admdb.sqlite
[2025-11-19 15:00:52] WARN: Could not read param for rate limit, using default. Error: {}
[2025-11-19 15:00:52] INFO: INI ALAMAT TABLENYA :  D:\Work\Mii\TEMPLATES\ssrtemplates\.angular\prerender-root\e6c26933-1190-42d2-b579-0035dbe72671\data\admdb.sqlite
[2025-11-19 15:00:52] WARN: Could not read param for rate limit, using default. Error: {}
[2025-11-19 15:00:59] INFO: INI ALAMAT TABLENYA :  D:\Work\Mii\TEMPLATES\ssrtemplates\dist\ssrtemplates\server\data\admdb.sqlite
[2025-11-19 15:00:59] INFO: login limiter max set to 3
[2025-11-19 15:00:59] INFO: Node Express server listening on http://localhost:4000
[2025-11-19 15:03:33] INFO: INI ALAMAT TABLENYA :  D:\Work\Mii\TEMPLATES\ssrtemplates\.angular\prerender-root\22cbc410-c41a-4a20-901b-c2c762a35301\data\admdb.sqlite
[2025-11-19 15:03:33] WARN: Could not read param for rate limit, using default. Error: {}
[2025-11-19 15:03:33] INFO: Node Express server listening on http://localhost:4000
[2025-11-19 15:03:37] INFO: INI ALAMAT TABLENYA :  D:\Work\Mii\TEMPLATES\ssrtemplates\.angular\prerender-root\8cec5fd1-0455-4739-a112-dc67e1649d94\data\admdb.sqlite
[2025-11-19 15:03:37] WARN: Could not read param for rate limit, using default. Error: {}
[2025-11-19 15:03:37] INFO: Node Express server listening on http://localhost:4000
[2025-11-19 15:03:37] INFO: INI ALAMAT TABLENYA :  D:\Work\Mii\TEMPLATES\ssrtemplates\.angular\prerender-root\6329c381-5edd-419d-9b60-93242ce676d3\data\admdb.sqlite
[2025-11-19 15:03:37] WARN: Could not read param for rate limit, using default. Error: {}
[2025-11-19 15:03:37] INFO: INI ALAMAT TABLENYA :  D:\Work\Mii\TEMPLATES\ssrtemplates\.angular\prerender-root\806e8171-ad5f-458d-9889-65f904dc7b9d\data\admdb.sqlite
[2025-11-19 15:03:37] WARN: Could not read param for rate limit, using default. Error: {}
[2025-11-19 15:03:37] INFO: INI ALAMAT TABLENYA :  D:\Work\Mii\TEMPLATES\ssrtemplates\.angular\prerender-root\6bc28b12-e522-402c-8fe7-b7838ecacb9f\data\admdb.sqlite
[2025-11-19 15:03:37] WARN: Could not read param for rate limit, using default. Error: {}
[2025-11-19 15:03:41] ERROR: Error api.controller :  {}
[2025-11-19 15:03:49] INFO: INI ALAMAT TABLENYA :  D:\Work\Mii\TEMPLATES\ssrtemplates\dist\ssrtemplates\server\data\admdb.sqlite
[2025-11-19 15:03:49] INFO: login limiter max set to 3
[2025-11-19 15:03:49] INFO: Node Express server listening on http://localhost:4000
[2025-11-19 15:05:24] INFO: INI ALAMAT TABLENYA :  D:\Work\Mii\TEMPLATES\ssrtemplates\.angular\prerender-root\68818126-0e23-463b-afdb-05c19cf4cbae\data\admdb.sqlite
[2025-11-19 15:05:24] WARN: Could not read param for rate limit, using default. Error: {}
[2025-11-19 15:05:24] INFO: Node Express server listening on http://localhost:4000
[2025-11-19 15:05:26] INFO: INI ALAMAT TABLENYA :  D:\Work\Mii\TEMPLATES\ssrtemplates\.angular\prerender-root\81f5e408-4c61-4fa0-9068-83a189b426e9\data\admdb.sqlite
[2025-11-19 15:05:26] WARN: Could not read param for rate limit, using default. Error: {}
[2025-11-19 15:05:26] INFO: Node Express server listening on http://localhost:4000
[2025-11-19 15:05:26] INFO: INI ALAMAT TABLENYA :  D:\Work\Mii\TEMPLATES\ssrtemplates\.angular\prerender-root\bdcf82f7-ef24-49b2-bf02-66a22ba31ca9\data\admdb.sqlite
[2025-11-19 15:05:26] WARN: Could not read param for rate limit, using default. Error: {}
[2025-11-19 15:05:26] INFO: INI ALAMAT TABLENYA :  D:\Work\Mii\TEMPLATES\ssrtemplates\.angular\prerender-root\07718623-b079-4c29-abd4-1d15056c6f3e\data\admdb.sqlite
[2025-11-19 15:05:26] INFO: INI ALAMAT TABLENYA :  D:\Work\Mii\TEMPLATES\ssrtemplates\.angular\prerender-root\f40a362d-a5cd-4b59-97d8-b765a304ddf2\data\admdb.sqlite
[2025-11-19 15:05:26] WARN: Could not read param for rate limit, using default. Error: {}
[2025-11-19 15:05:26] WARN: Could not read param for rate limit, using default. Error: {}
[2025-11-19 15:06:12] INFO: INI ALAMAT TABLENYA :  D:\Work\Mii\TEMPLATES\ssrtemplates\.angular\prerender-root\8d0cae7e-f3ea-499a-9e38-0e22d661cafa\data\admdb.sqlite
[2025-11-19 15:06:12] WARN: Could not read param for rate limit, using default. Error: {}
[2025-11-19 15:06:12] INFO: Node Express server listening on http://localhost:4000
[2025-11-19 15:06:13] INFO: INI ALAMAT TABLENYA :  D:\Work\Mii\TEMPLATES\ssrtemplates\.angular\prerender-root\1a62a0aa-2f9c-410a-87b6-023717357f8c\data\admdb.sqlite
[2025-11-19 15:06:13] WARN: Could not read param for rate limit, using default. Error: {}
[2025-11-19 15:06:13] INFO: Node Express server listening on http://localhost:4000
[2025-11-19 15:06:13] INFO: INI ALAMAT TABLENYA :  D:\Work\Mii\TEMPLATES\ssrtemplates\.angular\prerender-root\8b451d7f-3476-43e3-b6b5-0b8923d6a9e9\data\admdb.sqlite
[2025-11-19 15:06:13] WARN: Could not read param for rate limit, using default. Error: {}
[2025-11-19 15:06:13] INFO: INI ALAMAT TABLENYA :  D:\Work\Mii\TEMPLATES\ssrtemplates\.angular\prerender-root\2980564b-dc39-4cd3-98c8-b1311d85e1cc\data\admdb.sqlite
[2025-11-19 15:06:13] WARN: Could not read param for rate limit, using default. Error: {}
[2025-11-19 15:06:13] INFO: INI ALAMAT TABLENYA :  D:\Work\Mii\TEMPLATES\ssrtemplates\.angular\prerender-root\76eac2ce-3263-4d3b-bf16-efe4cbfe0ba3\data\admdb.sqlite
[2025-11-19 15:06:13] WARN: Could not read param for rate limit, using default. Error: {}
[2025-11-19 15:06:40] INFO: INI ALAMAT TABLENYA :  D:\Work\Mii\TEMPLATES\ssrtemplates\.angular\prerender-root\f15f3ad6-5611-428a-bc7b-5011e9448d3c\data\admdb.sqlite
[2025-11-19 15:06:40] WARN: Could not read param for rate limit, using default. Error: {}
[2025-11-19 15:06:40] INFO: Node Express server listening on http://localhost:4000
[2025-11-19 15:06:41] INFO: INI ALAMAT TABLENYA :  D:\Work\Mii\TEMPLATES\ssrtemplates\.angular\prerender-root\9c81c5aa-14f0-42eb-8aba-8e1dfa848889\data\admdb.sqlite
[2025-11-19 15:06:41] WARN: Could not read param for rate limit, using default. Error: {}
[2025-11-19 15:06:42] INFO: Node Express server listening on http://localhost:4000
[2025-11-19 15:06:41] INFO: INI ALAMAT TABLENYA :  D:\Work\Mii\TEMPLATES\ssrtemplates\.angular\prerender-root\13993351-5bd0-4512-b411-1c6150c828f3\data\admdb.sqlite
[2025-11-19 15:06:41] WARN: Could not read param for rate limit, using default. Error: {}
[2025-11-19 15:06:41] INFO: INI ALAMAT TABLENYA :  D:\Work\Mii\TEMPLATES\ssrtemplates\.angular\prerender-root\1259b9d1-4020-4bf3-a1c7-a4f5162b6d91\data\admdb.sqlite
[2025-11-19 15:06:42] WARN: Could not read param for rate limit, using default. Error: {}
[2025-11-19 15:06:41] INFO: INI ALAMAT TABLENYA :  D:\Work\Mii\TEMPLATES\ssrtemplates\.angular\prerender-root\26c79a69-c099-4bd5-86ea-e20af41282ab\data\admdb.sqlite
[2025-11-19 15:06:41] WARN: Could not read param for rate limit, using default. Error: {}
[2025-11-19 15:06:49] INFO: INI ALAMAT TABLENYA :  D:\Work\Mii\TEMPLATES\ssrtemplates\dist\ssrtemplates\server\data\admdb.sqlite
[2025-11-19 15:06:49] INFO: login limiter max set to 3
[2025-11-19 15:06:49] INFO: Node Express server listening on http://localhost:4000
[2025-11-19 15:07:28] INFO: INI ALAMAT TABLENYA :  D:\Work\Mii\TEMPLATES\ssrtemplates\.angular\prerender-root\11138653-dd8f-4bee-9e77-088f6bc09d71\data\admdb.sqlite
[2025-11-19 15:07:28] WARN: Could not read param for rate limit, using default. Error: {}
[2025-11-19 15:07:28] INFO: Node Express server listening on http://localhost:4000
[2025-11-19 15:07:29] INFO: INI ALAMAT TABLENYA :  D:\Work\Mii\TEMPLATES\ssrtemplates\.angular\prerender-root\ba41d96a-a480-4511-a871-c9abc34959e9\data\admdb.sqlite
[2025-11-19 15:07:29] WARN: Could not read param for rate limit, using default. Error: {}
[2025-11-19 15:07:29] INFO: Node Express server listening on http://localhost:4000
[2025-11-19 15:07:29] INFO: INI ALAMAT TABLENYA :  D:\Work\Mii\TEMPLATES\ssrtemplates\.angular\prerender-root\69a429b0-9059-4fa0-be73-be6c25502bec\data\admdb.sqlite
[2025-11-19 15:07:29] WARN: Could not read param for rate limit, using default. Error: {}
[2025-11-19 15:07:29] INFO: INI ALAMAT TABLENYA :  D:\Work\Mii\TEMPLATES\ssrtemplates\.angular\prerender-root\f4825b39-dedd-4bc1-9e31-3ef952244fac\data\admdb.sqlite
[2025-11-19 15:07:29] WARN: Could not read param for rate limit, using default. Error: {}
[2025-11-19 15:07:29] INFO: INI ALAMAT TABLENYA :  D:\Work\Mii\TEMPLATES\ssrtemplates\.angular\prerender-root\3e674c13-5d2f-4378-8f66-5c01220dc4c2\data\admdb.sqlite
[2025-11-19 15:07:29] WARN: Could not read param for rate limit, using default. Error: {}
[2025-11-19 15:07:46] INFO: INI ALAMAT TABLENYA :  D:\Work\Mii\TEMPLATES\ssrtemplates\dist\ssrtemplates\server\data\admdb.sqlite
[2025-11-19 15:07:46] INFO: login limiter max set to 3
[2025-11-19 15:07:46] INFO: Node Express server listening on http://localhost:4000
[2025-11-19 15:10:27] INFO: INI ALAMAT TABLENYA :  D:\Work\Mii\TEMPLATES\ssrtemplates\.angular\prerender-root\b38b15e8-7a58-40ce-bed8-6438838e3509\data\admdb.sqlite
[2025-11-19 15:10:27] WARN: Could not read param for rate limit, using default. Error: {}
[2025-11-19 15:10:27] INFO: Node Express server listening on http://localhost:4000
[2025-11-19 15:10:28] INFO: INI ALAMAT TABLENYA :  D:\Work\Mii\TEMPLATES\ssrtemplates\.angular\prerender-root\f3169d97-fd05-42d7-a5a6-fe3d6cead9aa\data\admdb.sqlite
[2025-11-19 15:10:29] WARN: Could not read param for rate limit, using default. Error: {}
[2025-11-19 15:10:29] INFO: Node Express server listening on http://localhost:4000
[2025-11-19 15:10:28] INFO: INI ALAMAT TABLENYA :  D:\Work\Mii\TEMPLATES\ssrtemplates\.angular\prerender-root\e5526871-5584-4ea2-9299-39b386fa05c0\data\admdb.sqlite
[2025-11-19 15:10:29] WARN: Could not read param for rate limit, using default. Error: {}
[2025-11-19 15:10:28] INFO: INI ALAMAT TABLENYA :  D:\Work\Mii\TEMPLATES\ssrtemplates\.angular\prerender-root\287c5534-dabb-4a50-9e2d-5aa5bb40c8dc\data\admdb.sqlite
[2025-11-19 15:10:29] WARN: Could not read param for rate limit, using default. Error: {}
[2025-11-19 15:10:28] INFO: INI ALAMAT TABLENYA :  D:\Work\Mii\TEMPLATES\ssrtemplates\.angular\prerender-root\6d06b35e-69db-430f-b778-301be043f0b7\data\admdb.sqlite
[2025-11-19 15:10:29] WARN: Could not read param for rate limit, using default. Error: {}
[2025-11-19 15:10:51] INFO: INI ALAMAT TABLENYA :  D:\Work\Mii\TEMPLATES\ssrtemplates\.angular\prerender-root\407e6a9f-5cbb-4682-acd1-f00b9780648c\data\admdb.sqlite
[2025-11-19 15:10:51] WARN: Could not read param for rate limit, using default. Error: {}
[2025-11-19 15:10:51] INFO: Node Express server listening on http://localhost:4000
[2025-11-19 15:10:55] INFO: INI ALAMAT TABLENYA :  D:\Work\Mii\TEMPLATES\ssrtemplates\.angular\prerender-root\b18db64d-fdec-499b-a3a7-e31f2dad3f0c\data\admdb.sqlite
[2025-11-19 15:10:55] WARN: Could not read param for rate limit, using default. Error: {}
[2025-11-19 15:10:55] INFO: INI ALAMAT TABLENYA :  D:\Work\Mii\TEMPLATES\ssrtemplates\.angular\prerender-root\28a38671-5e07-44b9-a5b0-a558a30525d6\data\admdb.sqlite
[2025-11-19 15:10:55] WARN: Could not read param for rate limit, using default. Error: {}
[2025-11-19 15:10:55] INFO: INI ALAMAT TABLENYA :  D:\Work\Mii\TEMPLATES\ssrtemplates\.angular\prerender-root\d0041973-1c31-45a8-a70a-462a8bedb8f3\data\admdb.sqlite
[2025-11-19 15:10:55] WARN: Could not read param for rate limit, using default. Error: {}
[2025-11-19 15:10:55] INFO: Node Express server listening on http://localhost:4000
[2025-11-19 15:10:55] INFO: INI ALAMAT TABLENYA :  D:\Work\Mii\TEMPLATES\ssrtemplates\.angular\prerender-root\fe540409-5256-487a-b3a1-c0bbfc5b9dc5\data\admdb.sqlite
[2025-11-19 15:10:55] WARN: Could not read param for rate limit, using default. Error: {}
[2025-11-19 15:11:03] INFO: INI ALAMAT TABLENYA :  D:\Work\Mii\TEMPLATES\ssrtemplates\dist\ssrtemplates\server\data\admdb.sqlite
[2025-11-19 15:11:03] INFO: login limiter max set to 3
[2025-11-19 15:11:03] INFO: Node Express server listening on http://localhost:4000
[2025-11-19 15:12:59] INFO: INI ALAMAT TABLENYA :  D:\Work\Mii\TEMPLATES\ssrtemplates\.angular\prerender-root\e5a6d679-1b7c-4b0a-9eac-3dc632ce7985\data\admdb.sqlite
[2025-11-19 15:12:59] WARN: Could not read param for rate limit, using default. Error: {}
[2025-11-19 15:12:59] INFO: Node Express server listening on http://localhost:4000
[2025-11-19 15:13:00] INFO: INI ALAMAT TABLENYA :  D:\Work\Mii\TEMPLATES\ssrtemplates\.angular\prerender-root\4f442de3-f0a7-4748-9867-d8c7bec4385c\data\admdb.sqlite
[2025-11-19 15:13:00] WARN: Could not read param for rate limit, using default. Error: {}
[2025-11-19 15:13:00] INFO: Node Express server listening on http://localhost:4000
[2025-11-19 15:13:00] INFO: INI ALAMAT TABLENYA :  D:\Work\Mii\TEMPLATES\ssrtemplates\.angular\prerender-root\f5b374c6-964b-4727-ba24-fc3af352f8cf\data\admdb.sqlite
[2025-11-19 15:13:00] WARN: Could not read param for rate limit, using default. Error: {}
[2025-11-19 15:13:00] INFO: INI ALAMAT TABLENYA :  D:\Work\Mii\TEMPLATES\ssrtemplates\.angular\prerender-root\b051c400-76f6-4f2e-b729-36c15270782e\data\admdb.sqlite
[2025-11-19 15:13:00] WARN: Could not read param for rate limit, using default. Error: {}
[2025-11-19 15:13:00] INFO: INI ALAMAT TABLENYA :  D:\Work\Mii\TEMPLATES\ssrtemplates\.angular\prerender-root\24c90d95-2b9e-4451-b0f0-f250aaeac502\data\admdb.sqlite
[2025-11-19 15:13:00] WARN: Could not read param for rate limit, using default. Error: {}
[2025-11-19 15:13:09] INFO: INI ALAMAT TABLENYA :  D:\Work\Mii\TEMPLATES\ssrtemplates\dist\ssrtemplates\server\data\admdb.sqlite
[2025-11-19 15:13:09] INFO: login limiter max set to 3
[2025-11-19 15:13:09] INFO: Node Express server listening on http://localhost:4000
[2025-11-19 15:26:48] INFO: INI ALAMAT TABLENYA :  D:\Work\Mii\TEMPLATES\ssrtemplates\.angular\prerender-root\8980bf39-74cf-4e38-85de-378693f819c1\data\admdb.sqlite
[2025-11-19 15:26:48] WARN: Could not read param for rate limit, using default. Error: {}
[2025-11-19 15:26:48] INFO: Node Express server listening on http://localhost:4000
[2025-11-19 15:26:49] INFO: INI ALAMAT TABLENYA :  D:\Work\Mii\TEMPLATES\ssrtemplates\.angular\prerender-root\8439eb23-bbae-426c-8a87-aecfd8252ce1\data\admdb.sqlite
[2025-11-19 15:26:49] WARN: Could not read param for rate limit, using default. Error: {}
[2025-11-19 15:26:49] INFO: Node Express server listening on http://localhost:4000
[2025-11-19 15:26:49] INFO: INI ALAMAT TABLENYA :  D:\Work\Mii\TEMPLATES\ssrtemplates\.angular\prerender-root\12d60c2f-2820-4dc9-b6d3-09db34ada585\data\admdb.sqlite
[2025-11-19 15:26:49] WARN: Could not read param for rate limit, using default. Error: {}
[2025-11-19 15:26:49] INFO: INI ALAMAT TABLENYA :  D:\Work\Mii\TEMPLATES\ssrtemplates\.angular\prerender-root\47bc5da1-78ab-4d70-824b-9781fc147694\data\admdb.sqlite
[2025-11-19 15:26:49] WARN: Could not read param for rate limit, using default. Error: {}
[2025-11-19 15:26:49] INFO: INI ALAMAT TABLENYA :  D:\Work\Mii\TEMPLATES\ssrtemplates\.angular\prerender-root\285698ca-c0a4-4a77-938a-84dba50eb52f\data\admdb.sqlite
[2025-11-19 15:26:49] WARN: Could not read param for rate limit, using default. Error: {}
[2025-11-19 15:27:00] INFO: INI ALAMAT TABLENYA :  D:\Work\Mii\TEMPLATES\ssrtemplates\dist\ssrtemplates\server\data\admdb.sqlite
[2025-11-19 15:27:00] INFO: login limiter max set to 3
[2025-11-19 15:27:00] INFO: Node Express server listening on http://localhost:4000
[2025-11-19 15:35:59] INFO: INI ALAMAT TABLENYA :  D:\Work\Mii\TEMPLATES\ssrtemplates\.angular\prerender-root\f0b49bd8-e98e-4707-94d1-d5f159a65e22\data\admdb.sqlite
[2025-11-19 15:35:59] WARN: Could not read param for rate limit, using default. Error: {}
[2025-11-19 15:35:59] INFO: Node Express server listening on http://localhost:4000
[2025-11-19 15:36:00] INFO: INI ALAMAT TABLENYA :  D:\Work\Mii\TEMPLATES\ssrtemplates\.angular\prerender-root\5c6a4f28-64dc-4dab-9f98-619000b2d782\data\admdb.sqlite
[2025-11-19 15:36:00] WARN: Could not read param for rate limit, using default. Error: {}
[2025-11-19 15:36:00] INFO: INI ALAMAT TABLENYA :  D:\Work\Mii\TEMPLATES\ssrtemplates\.angular\prerender-root\37bcdb78-a7b7-4509-b69b-9c4e93d46d83\data\admdb.sqlite
[2025-11-19 15:36:00] WARN: Could not read param for rate limit, using default. Error: {}
[2025-11-19 15:36:00] INFO: Node Express server listening on http://localhost:4000
[2025-11-19 15:36:00] INFO: INI ALAMAT TABLENYA :  D:\Work\Mii\TEMPLATES\ssrtemplates\.angular\prerender-root\03aa27a4-8559-44b0-89c4-ac2c66282c74\data\admdb.sqlite
[2025-11-19 15:36:00] WARN: Could not read param for rate limit, using default. Error: {}
[2025-11-19 15:36:00] INFO: INI ALAMAT TABLENYA :  D:\Work\Mii\TEMPLATES\ssrtemplates\.angular\prerender-root\08dcb19e-19ba-477e-8d62-dc9ffa3092fa\data\admdb.sqlite
[2025-11-19 15:36:00] WARN: Could not read param for rate limit, using default. Error: {}
[2025-11-19 15:36:08] INFO: INI ALAMAT TABLENYA :  D:\Work\Mii\TEMPLATES\ssrtemplates\dist\ssrtemplates\server\data\admdb.sqlite
[2025-11-19 15:36:08] INFO: login limiter max set to 3
[2025-11-19 15:36:08] INFO: Node Express server listening on http://localhost:4000
[2025-11-19 15:37:25] INFO: INI ALAMAT TABLENYA :  D:\Work\Mii\TEMPLATES\ssrtemplates\.angular\prerender-root\b71ac5ca-9dfc-40da-8119-d5f9b8654523\data\admdb.sqlite
[2025-11-19 15:37:25] WARN: Could not read param for rate limit, using default. Error: {}
[2025-11-19 15:37:25] INFO: Node Express server listening on http://localhost:4000
[2025-11-19 15:37:29] INFO: INI ALAMAT TABLENYA :  D:\Work\Mii\TEMPLATES\ssrtemplates\.angular\prerender-root\764537fb-8697-41d9-a2b1-f5698b59d8f3\data\admdb.sqlite
[2025-11-19 15:37:29] WARN: Could not read param for rate limit, using default. Error: {}
[2025-11-19 15:37:29] INFO: INI ALAMAT TABLENYA :  D:\Work\Mii\TEMPLATES\ssrtemplates\.angular\prerender-root\64b9b33a-e1bd-482a-969e-ea392a763d53\data\admdb.sqlite
[2025-11-19 15:37:29] WARN: Could not read param for rate limit, using default. Error: {}
[2025-11-19 15:37:29] INFO: Node Express server listening on http://localhost:4000
[2025-11-19 15:37:29] INFO: INI ALAMAT TABLENYA :  D:\Work\Mii\TEMPLATES\ssrtemplates\.angular\prerender-root\1a1bc39f-e0a9-42cf-85c6-9ad7c57c9bd2\data\admdb.sqlite
[2025-11-19 15:37:29] WARN: Could not read param for rate limit, using default. Error: {}
[2025-11-19 15:37:29] INFO: INI ALAMAT TABLENYA :  D:\Work\Mii\TEMPLATES\ssrtemplates\.angular\prerender-root\06f6b84b-6cee-49fd-bfe2-5be1cb44763b\data\admdb.sqlite
[2025-11-19 15:37:29] WARN: Could not read param for rate limit, using default. Error: {}
[2025-11-19 15:39:15] INFO: INI ALAMAT TABLENYA :  D:\Work\Mii\TEMPLATES\ssrtemplates\.angular\prerender-root\9fc284a7-5cc4-4e5e-a6bc-09d173cd2645\data\admdb.sqlite
[2025-11-19 15:39:15] WARN: Could not read param for rate limit, using default. Error: {}
[2025-11-19 15:39:15] INFO: Node Express server listening on http://localhost:4000
[2025-11-19 15:39:16] INFO: INI ALAMAT TABLENYA :  D:\Work\Mii\TEMPLATES\ssrtemplates\.angular\prerender-root\5019b97c-e570-4c36-bd24-943e4579524e\data\admdb.sqlite
[2025-11-19 15:39:16] WARN: Could not read param for rate limit, using default. Error: {}
[2025-11-19 15:39:16] INFO: Node Express server listening on http://localhost:4000
[2025-11-19 15:39:16] INFO: INI ALAMAT TABLENYA :  D:\Work\Mii\TEMPLATES\ssrtemplates\.angular\prerender-root\6bcb05f0-af6f-41c5-8705-b65380dd664c\data\admdb.sqlite
[2025-11-19 15:39:16] WARN: Could not read param for rate limit, using default. Error: {}
[2025-11-19 15:39:16] INFO: INI ALAMAT TABLENYA :  D:\Work\Mii\TEMPLATES\ssrtemplates\.angular\prerender-root\f09fe0f5-ec67-4cfc-9463-62208c05000e\data\admdb.sqlite
[2025-11-19 15:39:16] WARN: Could not read param for rate limit, using default. Error: {}
[2025-11-19 15:39:16] INFO: INI ALAMAT TABLENYA :  D:\Work\Mii\TEMPLATES\ssrtemplates\.angular\prerender-root\5a51fcda-a83b-4b0c-9fec-62f3e93fb873\data\admdb.sqlite
[2025-11-19 15:39:16] WARN: Could not read param for rate limit, using default. Error: {}
[2025-11-19 15:39:23] INFO: INI ALAMAT TABLENYA :  D:\Work\Mii\TEMPLATES\ssrtemplates\dist\ssrtemplates\server\data\admdb.sqlite
[2025-11-19 15:39:23] INFO: login limiter max set to 3
[2025-11-19 15:39:23] INFO: Node Express server listening on http://localhost:4000
[2025-11-19 15:42:50] INFO: INI ALAMAT TABLENYA :  D:\Work\Mii\TEMPLATES\ssrtemplates\.angular\prerender-root\8c5bfd97-cef0-4d10-986f-788f874683e9\data\admdb.sqlite
[2025-11-19 15:42:50] WARN: Could not read param for rate limit, using default. Error: {}
[2025-11-19 15:42:50] INFO: Node Express server listening on http://localhost:4000
[2025-11-19 15:42:51] INFO: INI ALAMAT TABLENYA :  D:\Work\Mii\TEMPLATES\ssrtemplates\.angular\prerender-root\681c4521-f624-4a99-a8d0-d895a1be50a6\data\admdb.sqlite
[2025-11-19 15:42:51] WARN: Could not read param for rate limit, using default. Error: {}
[2025-11-19 15:42:51] INFO: INI ALAMAT TABLENYA :  D:\Work\Mii\TEMPLATES\ssrtemplates\.angular\prerender-root\a5f90287-297f-40c2-9571-d81865553ad5\data\admdb.sqlite
[2025-11-19 15:42:51] INFO: Node Express server listening on http://localhost:4000
[2025-11-19 15:42:51] WARN: Could not read param for rate limit, using default. Error: {}
[2025-11-19 15:42:51] INFO: INI ALAMAT TABLENYA :  D:\Work\Mii\TEMPLATES\ssrtemplates\.angular\prerender-root\5a32dea0-8563-4718-a0f2-00b94494cc30\data\admdb.sqlite
[2025-11-19 15:42:51] WARN: Could not read param for rate limit, using default. Error: {}
[2025-11-19 15:42:51] INFO: INI ALAMAT TABLENYA :  D:\Work\Mii\TEMPLATES\ssrtemplates\.angular\prerender-root\4387434e-c4c3-4196-98c0-f92b2bc535f0\data\admdb.sqlite
[2025-11-19 15:42:51] WARN: Could not read param for rate limit, using default. Error: {}
[2025-11-19 15:43:01] INFO: INI ALAMAT TABLENYA :  D:\Work\Mii\TEMPLATES\ssrtemplates\dist\ssrtemplates\server\data\admdb.sqlite
[2025-11-19 15:43:01] INFO: login limiter max set to 3
[2025-11-19 15:43:01] INFO: Node Express server listening on http://localhost:4000
[2025-11-19 15:44:13] INFO: INI ALAMAT TABLENYA :  D:\Work\Mii\TEMPLATES\ssrtemplates\.angular\prerender-root\6b021c01-f3fd-4d22-a3b7-81ad3ba27505\data\admdb.sqlite
[2025-11-19 15:44:13] WARN: Could not read param for rate limit, using default. Error: {}
[2025-11-19 15:44:13] INFO: Node Express server listening on http://localhost:4000
[2025-11-19 15:44:14] INFO: INI ALAMAT TABLENYA :  D:\Work\Mii\TEMPLATES\ssrtemplates\.angular\prerender-root\74ffde56-4502-4a89-b603-59c027a3417e\data\admdb.sqlite
[2025-11-19 15:44:14] WARN: Could not read param for rate limit, using default. Error: {}
[2025-11-19 15:44:14] INFO: INI ALAMAT TABLENYA :  D:\Work\Mii\TEMPLATES\ssrtemplates\.angular\prerender-root\2465c64a-04e6-486b-a0f5-5c570beaeb1f\data\admdb.sqlite
[2025-11-19 15:44:14] WARN: Could not read param for rate limit, using default. Error: {}
[2025-11-19 15:44:14] INFO: Node Express server listening on http://localhost:4000
[2025-11-19 15:44:14] INFO: INI ALAMAT TABLENYA :  D:\Work\Mii\TEMPLATES\ssrtemplates\.angular\prerender-root\6430c1a4-5cf2-4695-8d0e-10ac72ae4a30\data\admdb.sqlite
[2025-11-19 15:44:14] WARN: Could not read param for rate limit, using default. Error: {}
[2025-11-19 15:44:14] INFO: INI ALAMAT TABLENYA :  D:\Work\Mii\TEMPLATES\ssrtemplates\.angular\prerender-root\93d664a5-5f2b-4567-b8b7-b321abd621ee\data\admdb.sqlite
[2025-11-19 15:44:14] WARN: Could not read param for rate limit, using default. Error: {}
[2025-11-19 15:46:08] INFO: INI ALAMAT TABLENYA :  D:\Work\Mii\TEMPLATES\ssrtemplates\.angular\prerender-root\9e6ed32c-1c9a-4789-b81c-02749a0bfbfb\data\admdb.sqlite
[2025-11-19 15:46:08] WARN: Could not read param for rate limit, using default. Error: {}
[2025-11-19 15:46:08] INFO: Node Express server listening on http://localhost:4000
[2025-11-19 15:46:09] INFO: INI ALAMAT TABLENYA :  D:\Work\Mii\TEMPLATES\ssrtemplates\.angular\prerender-root\fd36708b-62e2-4767-aa11-4f72acd956e7\data\admdb.sqlite
[2025-11-19 15:46:09] WARN: Could not read param for rate limit, using default. Error: {}
[2025-11-19 15:46:09] INFO: INI ALAMAT TABLENYA :  D:\Work\Mii\TEMPLATES\ssrtemplates\.angular\prerender-root\77d8518b-3cbb-492d-b0f2-bb2bc61af32d\data\admdb.sqlite
[2025-11-19 15:46:09] WARN: Could not read param for rate limit, using default. Error: {}
[2025-11-19 15:46:09] INFO: Node Express server listening on http://localhost:4000
[2025-11-19 15:46:09] INFO: INI ALAMAT TABLENYA :  D:\Work\Mii\TEMPLATES\ssrtemplates\.angular\prerender-root\fc47ff89-d493-48aa-a7f0-e7bd6cdec31f\data\admdb.sqlite
[2025-11-19 15:46:09] WARN: Could not read param for rate limit, using default. Error: {}
[2025-11-19 15:46:09] INFO: INI ALAMAT TABLENYA :  D:\Work\Mii\TEMPLATES\ssrtemplates\.angular\prerender-root\85e660f1-1bfa-4c8a-a115-a42ecd3f7b01\data\admdb.sqlite
[2025-11-19 15:46:09] WARN: Could not read param for rate limit, using default. Error: {}
[2025-11-19 15:46:16] INFO: INI ALAMAT TABLENYA :  D:\Work\Mii\TEMPLATES\ssrtemplates\dist\ssrtemplates\server\data\admdb.sqlite
[2025-11-19 15:46:16] INFO: login limiter max set to 3
[2025-11-19 15:46:16] INFO: Node Express server listening on http://localhost:4000
[2025-11-19 15:47:08] INFO: INI ALAMAT TABLENYA :  D:\Work\Mii\TEMPLATES\ssrtemplates\.angular\prerender-root\9a99f69b-edc6-411d-abc6-13c482b93cdd\data\admdb.sqlite
[2025-11-19 15:47:08] WARN: Could not read param for rate limit, using default. Error: {}
[2025-11-19 15:47:08] INFO: Node Express server listening on http://localhost:4000
[2025-11-19 15:47:09] INFO: INI ALAMAT TABLENYA :  D:\Work\Mii\TEMPLATES\ssrtemplates\.angular\prerender-root\bebb719c-6b57-4db0-8862-a1988be83fc0\data\admdb.sqlite
[2025-11-19 15:47:09] WARN: Could not read param for rate limit, using default. Error: {}
[2025-11-19 15:47:09] INFO: Node Express server listening on http://localhost:4000
[2025-11-19 15:47:09] INFO: INI ALAMAT TABLENYA :  D:\Work\Mii\TEMPLATES\ssrtemplates\.angular\prerender-root\57dfe2e2-f736-41df-8376-3e4eca5b8bda\data\admdb.sqlite
[2025-11-19 15:47:09] WARN: Could not read param for rate limit, using default. Error: {}
[2025-11-19 15:47:09] INFO: INI ALAMAT TABLENYA :  D:\Work\Mii\TEMPLATES\ssrtemplates\.angular\prerender-root\de7bff86-0b05-4600-a1a1-62d2da456f24\data\admdb.sqlite
[2025-11-19 15:47:09] WARN: Could not read param for rate limit, using default. Error: {}
[2025-11-19 15:47:09] INFO: INI ALAMAT TABLENYA :  D:\Work\Mii\TEMPLATES\ssrtemplates\.angular\prerender-root\49328fd8-9eed-40d1-97f9-6592a793b7e4\data\admdb.sqlite
[2025-11-19 15:47:09] WARN: Could not read param for rate limit, using default. Error: {}
[2025-11-19 15:47:18] INFO: INI ALAMAT TABLENYA :  D:\Work\Mii\TEMPLATES\ssrtemplates\dist\ssrtemplates\server\data\admdb.sqlite
[2025-11-19 15:47:18] INFO: login limiter max set to 3
[2025-11-19 15:47:18] INFO: Node Express server listening on http://localhost:4000
[2025-11-19 15:49:11] INFO: INI ALAMAT TABLENYA :  D:\Work\Mii\TEMPLATES\ssrtemplates\.angular\prerender-root\e9a42854-af43-474c-8959-bd366d1d0675\data\admdb.sqlite
[2025-11-19 15:49:11] WARN: Could not read param for rate limit, using default. Error: {}
[2025-11-19 15:49:11] INFO: Node Express server listening on http://localhost:4000
[2025-11-19 15:49:12] INFO: INI ALAMAT TABLENYA :  D:\Work\Mii\TEMPLATES\ssrtemplates\.angular\prerender-root\4bef274f-4948-4e1c-aa40-bc572977adbd\data\admdb.sqlite
[2025-11-19 15:49:12] INFO: INI ALAMAT TABLENYA :  D:\Work\Mii\TEMPLATES\ssrtemplates\.angular\prerender-root\a57ceb48-585f-4ae6-9417-ac70d261fd9f\data\admdb.sqlite
[2025-11-19 15:49:12] WARN: Could not read param for rate limit, using default. Error: {}
[2025-11-19 15:49:12] WARN: Could not read param for rate limit, using default. Error: {}
[2025-11-19 15:49:12] INFO: Node Express server listening on http://localhost:4000
[2025-11-19 15:49:12] INFO: INI ALAMAT TABLENYA :  D:\Work\Mii\TEMPLATES\ssrtemplates\.angular\prerender-root\08b9f680-29af-462a-98fe-fa89cfb70210\data\admdb.sqlite
[2025-11-19 15:49:12] WARN: Could not read param for rate limit, using default. Error: {}
[2025-11-19 15:49:12] INFO: INI ALAMAT TABLENYA :  D:\Work\Mii\TEMPLATES\ssrtemplates\.angular\prerender-root\786667a9-9492-42c2-a191-3937e07902d6\data\admdb.sqlite
[2025-11-19 15:49:12] WARN: Could not read param for rate limit, using default. Error: {}
[2025-11-19 15:51:44] INFO: INI ALAMAT TABLENYA :  D:\Work\Mii\TEMPLATES\ssrtemplates\.angular\prerender-root\223afc2c-0920-4cfd-bced-12976f50a168\data\admdb.sqlite
[2025-11-19 15:51:44] WARN: Could not read param for rate limit, using default. Error: {}
[2025-11-19 15:51:44] INFO: Node Express server listening on http://localhost:4000
[2025-11-19 15:51:46] INFO: INI ALAMAT TABLENYA :  D:\Work\Mii\TEMPLATES\ssrtemplates\.angular\prerender-root\06c86e9f-91ac-4574-b026-99dbb939c47f\data\admdb.sqlite
[2025-11-19 15:51:46] WARN: Could not read param for rate limit, using default. Error: {}
[2025-11-19 15:51:46] INFO: INI ALAMAT TABLENYA :  D:\Work\Mii\TEMPLATES\ssrtemplates\.angular\prerender-root\4297e657-05cf-4aae-a64a-b2a60e926def\data\admdb.sqlite
[2025-11-19 15:51:46] WARN: Could not read param for rate limit, using default. Error: {}
[2025-11-19 15:51:46] INFO: Node Express server listening on http://localhost:4000
[2025-11-19 15:51:46] INFO: INI ALAMAT TABLENYA :  D:\Work\Mii\TEMPLATES\ssrtemplates\.angular\prerender-root\2019604c-6939-4c0f-80be-1c65912e24e1\data\admdb.sqlite
[2025-11-19 15:51:46] WARN: Could not read param for rate limit, using default. Error: {}
[2025-11-19 15:51:46] INFO: INI ALAMAT TABLENYA :  D:\Work\Mii\TEMPLATES\ssrtemplates\.angular\prerender-root\7781fdcf-1ced-4e71-80d7-1bd82ea2c6cf\data\admdb.sqlite
[2025-11-19 15:51:46] WARN: Could not read param for rate limit, using default. Error: {}
[2025-11-19 15:51:54] INFO: INI ALAMAT TABLENYA :  D:\Work\Mii\TEMPLATES\ssrtemplates\dist\ssrtemplates\server\data\admdb.sqlite
[2025-11-19 15:51:54] INFO: login limiter max set to 3
[2025-11-19 15:51:54] INFO: Node Express server listening on http://localhost:4000
[2025-11-19 15:52:53] INFO: INI ALAMAT TABLENYA :  D:\Work\Mii\TEMPLATES\ssrtemplates\.angular\prerender-root\88697e00-a6d8-461a-beb4-e1e2a096819d\data\admdb.sqlite
[2025-11-19 15:52:53] WARN: Could not read param for rate limit, using default. Error: {}
[2025-11-19 15:52:53] INFO: Node Express server listening on http://localhost:4000
[2025-11-19 15:52:54] INFO: INI ALAMAT TABLENYA :  D:\Work\Mii\TEMPLATES\ssrtemplates\.angular\prerender-root\b1395550-a398-4adc-a5e9-7c3ae76ed988\data\admdb.sqlite
[2025-11-19 15:52:54] WARN: Could not read param for rate limit, using default. Error: {}
[2025-11-19 15:52:54] INFO: Node Express server listening on http://localhost:4000
[2025-11-19 15:52:54] INFO: INI ALAMAT TABLENYA :  D:\Work\Mii\TEMPLATES\ssrtemplates\.angular\prerender-root\6570a475-5f77-42c2-8522-c4ec746a7640\data\admdb.sqlite
[2025-11-19 15:52:54] WARN: Could not read param for rate limit, using default. Error: {}
[2025-11-19 15:52:54] INFO: INI ALAMAT TABLENYA :  D:\Work\Mii\TEMPLATES\ssrtemplates\.angular\prerender-root\ff0b84c5-73c6-462e-a48e-098ee27d0edd\data\admdb.sqlite
[2025-11-19 15:52:54] WARN: Could not read param for rate limit, using default. Error: {}
[2025-11-19 15:52:54] INFO: INI ALAMAT TABLENYA :  D:\Work\Mii\TEMPLATES\ssrtemplates\.angular\prerender-root\9416a469-7c44-4b6f-9ca5-02999137590c\data\admdb.sqlite
[2025-11-19 15:52:54] WARN: Could not read param for rate limit, using default. Error: {}
[2025-11-19 15:53:01] INFO: INI ALAMAT TABLENYA :  D:\Work\Mii\TEMPLATES\ssrtemplates\dist\ssrtemplates\server\data\admdb.sqlite
[2025-11-19 15:53:01] INFO: login limiter max set to 3
[2025-11-19 15:53:01] INFO: Node Express server listening on http://localhost:4000
[2025-11-19 15:56:07] INFO: INI ALAMAT TABLENYA :  D:\Work\Mii\TEMPLATES\ssrtemplates\.angular\prerender-root\e40079da-35ba-406e-b5d3-f0e9d1febf3e\data\admdb.sqlite
[2025-11-19 15:56:07] WARN: Could not read param for rate limit, using default. Error: {}
[2025-11-19 15:56:07] INFO: Node Express server listening on http://localhost:4000
[2025-11-19 15:56:09] INFO: INI ALAMAT TABLENYA :  D:\Work\Mii\TEMPLATES\ssrtemplates\.angular\prerender-root\2a1afa81-620e-41ae-bedb-e8abf8b2281c\data\admdb.sqlite
[2025-11-19 15:56:09] WARN: Could not read param for rate limit, using default. Error: {}
[2025-11-19 15:56:09] INFO: Node Express server listening on http://localhost:4000
[2025-11-19 15:56:09] INFO: INI ALAMAT TABLENYA :  D:\Work\Mii\TEMPLATES\ssrtemplates\.angular\prerender-root\f7410747-d6b5-4705-8da4-8d1df26a1652\data\admdb.sqlite
[2025-11-19 15:56:09] WARN: Could not read param for rate limit, using default. Error: {}
[2025-11-19 15:56:09] INFO: INI ALAMAT TABLENYA :  D:\Work\Mii\TEMPLATES\ssrtemplates\.angular\prerender-root\f4921cbb-ee5d-403a-a68d-9e202591d02f\data\admdb.sqlite
[2025-11-19 15:56:09] WARN: Could not read param for rate limit, using default. Error: {}
[2025-11-19 15:56:09] INFO: INI ALAMAT TABLENYA :  D:\Work\Mii\TEMPLATES\ssrtemplates\.angular\prerender-root\6dce9047-c0a0-4ed0-b2f0-297ef1bb1f90\data\admdb.sqlite
[2025-11-19 15:56:09] WARN: Could not read param for rate limit, using default. Error: {}
[2025-11-19 15:56:16] INFO: INI ALAMAT TABLENYA :  D:\Work\Mii\TEMPLATES\ssrtemplates\dist\ssrtemplates\server\data\admdb.sqlite
[2025-11-19 15:56:16] INFO: login limiter max set to 3
[2025-11-19 15:56:16] INFO: Node Express server listening on http://localhost:4000
[2025-11-19 16:03:48] INFO: INI ALAMAT TABLENYA :  D:\Work\Mii\TEMPLATES\ssrtemplates\.angular\prerender-root\a4158f69-2a9b-48f8-8940-2595de384154\data\admdb.sqlite
[2025-11-19 16:03:48] WARN: Could not read param for rate limit, using default. Error: {}
[2025-11-19 16:03:48] INFO: Node Express server listening on http://localhost:4000
[2025-11-19 16:03:49] INFO: INI ALAMAT TABLENYA :  D:\Work\Mii\TEMPLATES\ssrtemplates\.angular\prerender-root\4faf8164-6391-4316-8c98-bf8570ee6cde\data\admdb.sqlite
[2025-11-19 16:03:49] WARN: Could not read param for rate limit, using default. Error: {}
[2025-11-19 16:03:49] INFO: Node Express server listening on http://localhost:4000
[2025-11-19 16:03:49] INFO: INI ALAMAT TABLENYA :  D:\Work\Mii\TEMPLATES\ssrtemplates\.angular\prerender-root\81a40df2-a287-4bc8-aec0-657174573994\data\admdb.sqlite
[2025-11-19 16:03:49] WARN: Could not read param for rate limit, using default. Error: {}
[2025-11-19 16:03:49] INFO: INI ALAMAT TABLENYA :  D:\Work\Mii\TEMPLATES\ssrtemplates\.angular\prerender-root\447a2486-b988-43f7-b28c-1baafe79926e\data\admdb.sqlite
[2025-11-19 16:03:49] WARN: Could not read param for rate limit, using default. Error: {}
[2025-11-19 16:03:49] INFO: INI ALAMAT TABLENYA :  D:\Work\Mii\TEMPLATES\ssrtemplates\.angular\prerender-root\aad9de18-140f-4afe-a77a-9f7ee85fe243\data\admdb.sqlite
[2025-11-19 16:03:49] WARN: Could not read param for rate limit, using default. Error: {}
[2025-11-19 16:03:57] INFO: INI ALAMAT TABLENYA :  D:\Work\Mii\TEMPLATES\ssrtemplates\dist\ssrtemplates\server\data\admdb.sqlite
[2025-11-19 16:03:57] INFO: login limiter max set to 3
[2025-11-19 16:03:57] INFO: Node Express server listening on http://localhost:4000
[2025-11-19 16:06:12] INFO: INI ALAMAT TABLENYA :  D:\Work\Mii\TEMPLATES\ssrtemplates\.angular\prerender-root\d124b78e-e9ee-4593-919a-989c4883fe9e\data\admdb.sqlite
[2025-11-19 16:06:12] WARN: Could not read param for rate limit, using default. Error: {}
[2025-11-19 16:06:12] INFO: Node Express server listening on http://localhost:4000
[2025-11-19 16:06:13] INFO: INI ALAMAT TABLENYA :  D:\Work\Mii\TEMPLATES\ssrtemplates\.angular\prerender-root\d53ad0e0-d4f7-475f-b484-b12ba7cce7ca\data\admdb.sqlite
[2025-11-19 16:06:13] WARN: Could not read param for rate limit, using default. Error: {}
[2025-11-19 16:06:13] INFO: Node Express server listening on http://localhost:4000
[2025-11-19 16:06:13] INFO: INI ALAMAT TABLENYA :  D:\Work\Mii\TEMPLATES\ssrtemplates\.angular\prerender-root\2f220018-00aa-40b3-a604-1d18632b61a1\data\admdb.sqlite
[2025-11-19 16:06:13] WARN: Could not read param for rate limit, using default. Error: {}
[2025-11-19 16:06:13] INFO: INI ALAMAT TABLENYA :  D:\Work\Mii\TEMPLATES\ssrtemplates\.angular\prerender-root\223ac11d-f68b-47da-a063-e41f49bde66d\data\admdb.sqlite
[2025-11-19 16:06:13] WARN: Could not read param for rate limit, using default. Error: {}
[2025-11-19 16:06:13] INFO: INI ALAMAT TABLENYA :  D:\Work\Mii\TEMPLATES\ssrtemplates\.angular\prerender-root\677d8b4e-54aa-4852-967e-87a463d44990\data\admdb.sqlite
[2025-11-19 16:06:13] WARN: Could not read param for rate limit, using default. Error: {}
[2025-11-19 16:06:21] INFO: INI ALAMAT TABLENYA :  D:\Work\Mii\TEMPLATES\ssrtemplates\dist\ssrtemplates\server\data\admdb.sqlite
[2025-11-19 16:06:21] INFO: login limiter max set to 3
[2025-11-19 16:06:21] INFO: Node Express server listening on http://localhost:4000
[2025-11-19 16:08:10] INFO: INI ALAMAT TABLENYA :  D:\Work\Mii\TEMPLATES\ssrtemplates\.angular\prerender-root\4c3242ad-a839-495d-b9f5-9c3f2a6f5757\data\admdb.sqlite
[2025-11-19 16:08:10] WARN: Could not read param for rate limit, using default. Error: {}
[2025-11-19 16:08:10] INFO: Node Express server listening on http://localhost:4000
[2025-11-19 16:08:11] INFO: INI ALAMAT TABLENYA :  D:\Work\Mii\TEMPLATES\ssrtemplates\.angular\prerender-root\bb7348ca-99b5-413b-9fae-15b9b052d56e\data\admdb.sqlite
[2025-11-19 16:08:11] WARN: Could not read param for rate limit, using default. Error: {}
[2025-11-19 16:08:11] INFO: INI ALAMAT TABLENYA :  D:\Work\Mii\TEMPLATES\ssrtemplates\.angular\prerender-root\270ca6ae-ecff-414f-b614-d0ff6bbc6d90\data\admdb.sqlite
[2025-11-19 16:08:11] WARN: Could not read param for rate limit, using default. Error: {}
[2025-11-19 16:08:11] INFO: Node Express server listening on http://localhost:4000
[2025-11-19 16:08:11] INFO: INI ALAMAT TABLENYA :  D:\Work\Mii\TEMPLATES\ssrtemplates\.angular\prerender-root\9d9a0b57-9f26-44b4-99ed-4d3266743621\data\admdb.sqlite
[2025-11-19 16:08:11] WARN: Could not read param for rate limit, using default. Error: {}
[2025-11-19 16:08:11] INFO: INI ALAMAT TABLENYA :  D:\Work\Mii\TEMPLATES\ssrtemplates\.angular\prerender-root\d65b573f-3cda-45a8-86c8-ce4d6af7111c\data\admdb.sqlite
[2025-11-19 16:08:11] WARN: Could not read param for rate limit, using default. Error: {}
[2025-11-19 16:08:23] INFO: INI ALAMAT TABLENYA :  D:\Work\Mii\TEMPLATES\ssrtemplates\dist\ssrtemplates\server\data\admdb.sqlite
[2025-11-19 16:08:23] INFO: login limiter max set to 3
[2025-11-19 16:08:23] INFO: Node Express server listening on http://localhost:4000
[2025-11-19 16:09:05] INFO: INI ALAMAT TABLENYA :  D:\Work\Mii\TEMPLATES\ssrtemplates\.angular\prerender-root\9705118c-e620-4c30-8c3f-f237aeb3b5a5\data\admdb.sqlite
[2025-11-19 16:09:05] WARN: Could not read param for rate limit, using default. Error: {}
[2025-11-19 16:09:05] INFO: Node Express server listening on http://localhost:4000
[2025-11-19 16:09:06] INFO: INI ALAMAT TABLENYA :  D:\Work\Mii\TEMPLATES\ssrtemplates\.angular\prerender-root\cbae515b-c979-4ff3-9c5c-f0e5ddac1db4\data\admdb.sqlite
[2025-11-19 16:09:06] WARN: Could not read param for rate limit, using default. Error: {}
[2025-11-19 16:09:06] INFO: Node Express server listening on http://localhost:4000
[2025-11-19 16:09:06] INFO: INI ALAMAT TABLENYA :  D:\Work\Mii\TEMPLATES\ssrtemplates\.angular\prerender-root\66a0f975-9311-4201-87e1-d5c70a03664d\data\admdb.sqlite
[2025-11-19 16:09:06] WARN: Could not read param for rate limit, using default. Error: {}
[2025-11-19 16:09:06] INFO: INI ALAMAT TABLENYA :  D:\Work\Mii\TEMPLATES\ssrtemplates\.angular\prerender-root\799718a8-1ca0-4071-a5f7-860dfda5f9f1\data\admdb.sqlite
[2025-11-19 16:09:06] WARN: Could not read param for rate limit, using default. Error: {}
[2025-11-19 16:09:06] INFO: INI ALAMAT TABLENYA :  D:\Work\Mii\TEMPLATES\ssrtemplates\.angular\prerender-root\805ec601-25f8-460e-ad71-f1767b37f967\data\admdb.sqlite
[2025-11-19 16:09:06] WARN: Could not read param for rate limit, using default. Error: {}
[2025-11-19 16:09:13] INFO: INI ALAMAT TABLENYA :  D:\Work\Mii\TEMPLATES\ssrtemplates\dist\ssrtemplates\server\data\admdb.sqlite
[2025-11-19 16:09:13] INFO: login limiter max set to 3
[2025-11-19 16:09:13] INFO: Node Express server listening on http://localhost:4000
[2025-11-19 16:10:47] INFO: INI ALAMAT TABLENYA :  D:\Work\Mii\TEMPLATES\ssrtemplates\.angular\prerender-root\8ba8928a-7488-447a-adfe-73e074645038\data\admdb.sqlite
[2025-11-19 16:10:47] WARN: Could not read param for rate limit, using default. Error: {}
[2025-11-19 16:10:47] INFO: Node Express server listening on http://localhost:4000
[2025-11-19 16:10:50] INFO: INI ALAMAT TABLENYA :  D:\Work\Mii\TEMPLATES\ssrtemplates\.angular\prerender-root\66582091-e374-43b6-8a7d-74bb04a08286\data\admdb.sqlite
[2025-11-19 16:10:50] WARN: Could not read param for rate limit, using default. Error: {}
[2025-11-19 16:10:50] INFO: Node Express server listening on http://localhost:4000
[2025-11-19 16:10:50] INFO: INI ALAMAT TABLENYA :  D:\Work\Mii\TEMPLATES\ssrtemplates\.angular\prerender-root\9b2c3f05-36c9-4fcf-9b55-1788119151f8\data\admdb.sqlite
[2025-11-19 16:10:50] WARN: Could not read param for rate limit, using default. Error: {}
[2025-11-19 16:10:50] INFO: INI ALAMAT TABLENYA :  D:\Work\Mii\TEMPLATES\ssrtemplates\.angular\prerender-root\9c91f8c7-7583-44d7-91c1-9370181900f5\data\admdb.sqlite
[2025-11-19 16:10:50] WARN: Could not read param for rate limit, using default. Error: {}
[2025-11-19 16:10:50] INFO: INI ALAMAT TABLENYA :  D:\Work\Mii\TEMPLATES\ssrtemplates\.angular\prerender-root\36565ef5-fbf8-4c35-83c6-1b19938ca76e\data\admdb.sqlite
[2025-11-19 16:10:50] WARN: Could not read param for rate limit, using default. Error: {}
[2025-11-19 16:11:39] INFO: INI ALAMAT TABLENYA :  D:\Work\Mii\TEMPLATES\ssrtemplates\dist\ssrtemplates\server\data\admdb.sqlite
[2025-11-19 16:11:39] INFO: login limiter max set to 3
[2025-11-19 16:11:39] INFO: Node Express server listening on http://localhost:4000
[2025-11-19 16:12:33] INFO: INI ALAMAT TABLENYA :  D:\Work\Mii\TEMPLATES\ssrtemplates\.angular\prerender-root\109c4d8c-94c8-4ff1-a9f5-0e038ff90127\data\admdb.sqlite
[2025-11-19 16:12:33] WARN: Could not read param for rate limit, using default. Error: {}
[2025-11-19 16:12:33] INFO: Node Express server listening on http://localhost:4000
[2025-11-19 16:12:34] INFO: INI ALAMAT TABLENYA :  D:\Work\Mii\TEMPLATES\ssrtemplates\.angular\prerender-root\4a0360fb-0651-4b0b-9a62-dbd8a02ba930\data\admdb.sqlite
[2025-11-19 16:12:34] INFO: INI ALAMAT TABLENYA :  D:\Work\Mii\TEMPLATES\ssrtemplates\.angular\prerender-root\962f60d5-a336-47b7-bf80-32bde171a446\data\admdb.sqlite
[2025-11-19 16:12:34] WARN: Could not read param for rate limit, using default. Error: {}
[2025-11-19 16:12:34] WARN: Could not read param for rate limit, using default. Error: {}
[2025-11-19 16:12:34] INFO: Node Express server listening on http://localhost:4000
[2025-11-19 16:12:34] INFO: INI ALAMAT TABLENYA :  D:\Work\Mii\TEMPLATES\ssrtemplates\.angular\prerender-root\e9f87d6d-9144-48c2-9629-0f089e4002a8\data\admdb.sqlite
[2025-11-19 16:12:34] WARN: Could not read param for rate limit, using default. Error: {}
[2025-11-19 16:12:34] INFO: INI ALAMAT TABLENYA :  D:\Work\Mii\TEMPLATES\ssrtemplates\.angular\prerender-root\a8126697-bf4f-42ef-b6f8-5eb88109e987\data\admdb.sqlite
[2025-11-19 16:12:34] WARN: Could not read param for rate limit, using default. Error: {}
[2025-11-19 16:12:52] INFO: INI ALAMAT TABLENYA :  D:\Work\Mii\TEMPLATES\ssrtemplates\dist\ssrtemplates\server\data\admdb.sqlite
[2025-11-19 16:12:52] INFO: login limiter max set to 3
[2025-11-19 16:12:52] INFO: Node Express server listening on http://localhost:4000
[2025-11-19 16:16:00] INFO: INI ALAMAT TABLENYA :  D:\Work\Mii\TEMPLATES\ssrtemplates\.angular\prerender-root\85174e88-3ce0-4edd-a1a1-aa8aa07689b3\data\admdb.sqlite
[2025-11-19 16:16:00] WARN: Could not read param for rate limit, using default. Error: {}
[2025-11-19 16:16:00] INFO: Node Express server listening on http://localhost:4000
[2025-11-19 16:16:02] INFO: INI ALAMAT TABLENYA :  D:\Work\Mii\TEMPLATES\ssrtemplates\.angular\prerender-root\c923bf4c-326c-444a-82e2-0927f18f0347\data\admdb.sqlite
[2025-11-19 16:16:02] WARN: Could not read param for rate limit, using default. Error: {}
[2025-11-19 16:16:02] INFO: Node Express server listening on http://localhost:4000
[2025-11-19 16:16:02] INFO: INI ALAMAT TABLENYA :  D:\Work\Mii\TEMPLATES\ssrtemplates\.angular\prerender-root\206294f1-30ab-477e-9df9-7b9627c9fec1\data\admdb.sqlite
[2025-11-19 16:16:02] WARN: Could not read param for rate limit, using default. Error: {}
[2025-11-19 16:16:02] INFO: INI ALAMAT TABLENYA :  D:\Work\Mii\TEMPLATES\ssrtemplates\.angular\prerender-root\14d630bc-9be5-48e8-953e-8783989f2744\data\admdb.sqlite
[2025-11-19 16:16:02] WARN: Could not read param for rate limit, using default. Error: {}
[2025-11-19 16:16:02] INFO: INI ALAMAT TABLENYA :  D:\Work\Mii\TEMPLATES\ssrtemplates\.angular\prerender-root\0e9442b8-940a-4a91-b860-3053082fc0f0\data\admdb.sqlite
[2025-11-19 16:16:02] WARN: Could not read param for rate limit, using default. Error: {}
[2025-11-19 16:24:23] INFO: INI ALAMAT TABLENYA :  D:\Work\Mii\TEMPLATES\ssrtemplates\.angular\prerender-root\48a55df1-c27a-4ab5-ae17-f2a9b0137fd1\data\admdb.sqlite
[2025-11-19 16:24:23] WARN: Could not read param for rate limit, using default. Error: {}
[2025-11-19 16:24:23] INFO: Node Express server listening on http://localhost:4000
[2025-11-19 16:24:24] INFO: INI ALAMAT TABLENYA :  D:\Work\Mii\TEMPLATES\ssrtemplates\.angular\prerender-root\ca2a0afa-75f7-4e60-bc37-c2e87d5563c1\data\admdb.sqlite
[2025-11-19 16:24:24] WARN: Could not read param for rate limit, using default. Error: {}
[2025-11-19 16:24:24] INFO: INI ALAMAT TABLENYA :  D:\Work\Mii\TEMPLATES\ssrtemplates\.angular\prerender-root\a4ecb48c-e1db-4496-9947-c1eed6f54a05\data\admdb.sqlite
[2025-11-19 16:24:24] WARN: Could not read param for rate limit, using default. Error: {}
[2025-11-19 16:24:24] INFO: Node Express server listening on http://localhost:4000
[2025-11-19 16:24:24] INFO: INI ALAMAT TABLENYA :  D:\Work\Mii\TEMPLATES\ssrtemplates\.angular\prerender-root\666d5dcf-41cf-4ab5-a828-64b9cc17a576\data\admdb.sqlite
[2025-11-19 16:24:24] WARN: Could not read param for rate limit, using default. Error: {}
[2025-11-19 16:24:24] INFO: INI ALAMAT TABLENYA :  D:\Work\Mii\TEMPLATES\ssrtemplates\.angular\prerender-root\31044d2d-d0aa-4f9a-8b19-ab6ab5cc7c79\data\admdb.sqlite
[2025-11-19 16:24:24] WARN: Could not read param for rate limit, using default. Error: {}
[2025-11-19 16:24:41] INFO: INI ALAMAT TABLENYA :  D:\Work\Mii\TEMPLATES\ssrtemplates\dist\ssrtemplates\server\data\admdb.sqlite
[2025-11-19 16:24:41] INFO: login limiter max set to 3
[2025-11-19 16:24:41] INFO: Node Express server listening on http://localhost:4000
[2025-11-19 16:36:38] INFO: INI ALAMAT TABLENYA :  D:\Work\Mii\TEMPLATES\ssrtemplates\.angular\prerender-root\8b9f7f7d-0cb5-41bd-93d5-e0cb0b97c552\data\admdb.sqlite
[2025-11-19 16:36:38] WARN: Could not read param for rate limit, using default. Error: {}
[2025-11-19 16:36:38] INFO: Node Express server listening on http://localhost:4000
[2025-11-19 16:36:40] INFO: INI ALAMAT TABLENYA :  D:\Work\Mii\TEMPLATES\ssrtemplates\.angular\prerender-root\81897b6a-d56e-4ea7-b114-1430011c480c\data\admdb.sqlite
[2025-11-19 16:36:40] WARN: Could not read param for rate limit, using default. Error: {}
[2025-11-19 16:36:40] INFO: INI ALAMAT TABLENYA :  D:\Work\Mii\TEMPLATES\ssrtemplates\.angular\prerender-root\acb636ed-187a-419a-8c72-6af5a6bde856\data\admdb.sqlite
[2025-11-19 16:36:40] WARN: Could not read param for rate limit, using default. Error: {}
[2025-11-19 16:36:40] INFO: Node Express server listening on http://localhost:4000
[2025-11-19 16:36:40] INFO: INI ALAMAT TABLENYA :  D:\Work\Mii\TEMPLATES\ssrtemplates\.angular\prerender-root\5ce06552-39a3-4e95-9853-46578b45fb25\data\admdb.sqlite
[2025-11-19 16:36:40] WARN: Could not read param for rate limit, using default. Error: {}
[2025-11-19 16:36:40] INFO: INI ALAMAT TABLENYA :  D:\Work\Mii\TEMPLATES\ssrtemplates\.angular\prerender-root\6a0fcef4-1cd7-40ee-912a-aed675703ea3\data\admdb.sqlite
[2025-11-19 16:36:40] WARN: Could not read param for rate limit, using default. Error: {}
[2025-11-19 16:36:47] INFO: INI ALAMAT TABLENYA :  D:\Work\Mii\TEMPLATES\ssrtemplates\dist\ssrtemplates\server\data\admdb.sqlite
[2025-11-19 16:36:47] INFO: login limiter max set to 3
[2025-11-19 16:36:47] INFO: Node Express server listening on http://localhost:4000
[2025-11-19 16:38:00] INFO: INI ALAMAT TABLENYA :  D:\Work\Mii\TEMPLATES\ssrtemplates\.angular\prerender-root\3b443ed9-e78b-4ad5-8d26-90a88b6d8991\data\admdb.sqlite
[2025-11-19 16:38:00] WARN: Could not read param for rate limit, using default. Error: {}
[2025-11-19 16:38:00] INFO: Node Express server listening on http://localhost:4000
[2025-11-19 16:38:02] INFO: INI ALAMAT TABLENYA :  D:\Work\Mii\TEMPLATES\ssrtemplates\.angular\prerender-root\da3d39ae-a7b4-463c-83ff-5a1b83a6d147\data\admdb.sqlite
[2025-11-19 16:38:02] WARN: Could not read param for rate limit, using default. Error: {}
[2025-11-19 16:38:02] INFO: Node Express server listening on http://localhost:4000
[2025-11-19 16:38:02] INFO: INI ALAMAT TABLENYA :  D:\Work\Mii\TEMPLATES\ssrtemplates\.angular\prerender-root\3ef789be-f789-42ce-83de-f34952df30ec\data\admdb.sqlite
[2025-11-19 16:38:02] WARN: Could not read param for rate limit, using default. Error: {}
[2025-11-19 16:38:02] INFO: INI ALAMAT TABLENYA :  D:\Work\Mii\TEMPLATES\ssrtemplates\.angular\prerender-root\5eb14c71-90ac-42e9-b869-f5e003b54885\data\admdb.sqlite
[2025-11-19 16:38:02] WARN: Could not read param for rate limit, using default. Error: {}
[2025-11-19 16:38:02] INFO: INI ALAMAT TABLENYA :  D:\Work\Mii\TEMPLATES\ssrtemplates\.angular\prerender-root\5f894db5-b809-46c0-b26c-66a3f0e0db69\data\admdb.sqlite
[2025-11-19 16:38:02] WARN: Could not read param for rate limit, using default. Error: {}
[2025-11-19 16:38:10] INFO: INI ALAMAT TABLENYA :  D:\Work\Mii\TEMPLATES\ssrtemplates\dist\ssrtemplates\server\data\admdb.sqlite
[2025-11-19 16:38:10] INFO: login limiter max set to 3
[2025-11-19 16:38:10] INFO: Node Express server listening on http://localhost:4000
[2025-11-19 16:38:53] INFO: INI ALAMAT TABLENYA :  D:\Work\Mii\TEMPLATES\ssrtemplates\.angular\prerender-root\6b0486c6-99b3-4e08-82ef-e3a32969167c\data\admdb.sqlite
[2025-11-19 16:38:53] WARN: Could not read param for rate limit, using default. Error: {}
[2025-11-19 16:38:53] INFO: Node Express server listening on http://localhost:4000
[2025-11-19 16:38:55] INFO: INI ALAMAT TABLENYA :  D:\Work\Mii\TEMPLATES\ssrtemplates\.angular\prerender-root\a9411969-1137-4f8c-b994-ccc95df27e6f\data\admdb.sqlite
[2025-11-19 16:38:55] WARN: Could not read param for rate limit, using default. Error: {}
[2025-11-19 16:38:55] INFO: Node Express server listening on http://localhost:4000
[2025-11-19 16:38:55] INFO: INI ALAMAT TABLENYA :  D:\Work\Mii\TEMPLATES\ssrtemplates\.angular\prerender-root\653f2abc-751f-4067-94d7-a26045fa0efc\data\admdb.sqlite
[2025-11-19 16:38:55] WARN: Could not read param for rate limit, using default. Error: {}
[2025-11-19 16:38:55] INFO: INI ALAMAT TABLENYA :  D:\Work\Mii\TEMPLATES\ssrtemplates\.angular\prerender-root\62b6ffff-255f-410f-8840-a9bc4d9d305d\data\admdb.sqlite
[2025-11-19 16:38:55] WARN: Could not read param for rate limit, using default. Error: {}
[2025-11-19 16:38:55] INFO: INI ALAMAT TABLENYA :  D:\Work\Mii\TEMPLATES\ssrtemplates\.angular\prerender-root\d10f02be-6729-4709-b7d8-550f4f754dc3\data\admdb.sqlite
[2025-11-19 16:38:55] WARN: Could not read param for rate limit, using default. Error: {}
[2025-11-19 16:39:03] INFO: INI ALAMAT TABLENYA :  D:\Work\Mii\TEMPLATES\ssrtemplates\dist\ssrtemplates\server\data\admdb.sqlite
[2025-11-19 16:39:03] INFO: login limiter max set to 3
[2025-11-19 16:39:03] INFO: Node Express server listening on http://localhost:4000
[2025-11-19 16:42:52] INFO: INI ALAMAT TABLENYA :  D:\Work\Mii\TEMPLATES\ssrtemplates\.angular\prerender-root\bdd93eff-bbd9-4b54-bc37-ddab8a254605\data\admdb.sqlite
[2025-11-19 16:42:52] WARN: Could not read param for rate limit, using default. Error: {}
[2025-11-19 16:42:52] INFO: Node Express server listening on http://localhost:4000
[2025-11-19 16:42:54] INFO: INI ALAMAT TABLENYA :  D:\Work\Mii\TEMPLATES\ssrtemplates\.angular\prerender-root\2a79d7b4-3227-46ea-adaf-e53467dbfe49\data\admdb.sqlite
[2025-11-19 16:42:54] WARN: Could not read param for rate limit, using default. Error: {}
[2025-11-19 16:42:54] INFO: INI ALAMAT TABLENYA :  D:\Work\Mii\TEMPLATES\ssrtemplates\.angular\prerender-root\6c509814-6be7-4605-9a6e-7473ed6182be\data\admdb.sqlite
[2025-11-19 16:42:54] WARN: Could not read param for rate limit, using default. Error: {}
[2025-11-19 16:42:54] INFO: Node Express server listening on http://localhost:4000
[2025-11-19 16:42:54] INFO: INI ALAMAT TABLENYA :  D:\Work\Mii\TEMPLATES\ssrtemplates\.angular\prerender-root\2fc3a35c-50f5-4672-8bfb-c8b1b917f248\data\admdb.sqlite
[2025-11-19 16:42:54] WARN: Could not read param for rate limit, using default. Error: {}
[2025-11-19 16:42:54] INFO: INI ALAMAT TABLENYA :  D:\Work\Mii\TEMPLATES\ssrtemplates\.angular\prerender-root\80811ffb-c4cd-4f67-bcac-36aee95d7799\data\admdb.sqlite
[2025-11-19 16:42:54] WARN: Could not read param for rate limit, using default. Error: {}
[2025-11-19 16:43:02] INFO: INI ALAMAT TABLENYA :  D:\Work\Mii\TEMPLATES\ssrtemplates\dist\ssrtemplates\server\data\admdb.sqlite
[2025-11-19 16:43:02] INFO: login limiter max set to 3
[2025-11-19 16:43:02] INFO: Node Express server listening on http://localhost:4000
[2025-11-19 16:43:56] INFO: INI ALAMAT TABLENYA :  D:\Work\Mii\TEMPLATES\ssrtemplates\.angular\prerender-root\1d80aee8-9989-47c7-a9dc-606240c66cef\data\admdb.sqlite
[2025-11-19 16:43:56] WARN: Could not read param for rate limit, using default. Error: {}
[2025-11-19 16:43:56] INFO: Node Express server listening on http://localhost:4000
[2025-11-19 16:43:58] INFO: INI ALAMAT TABLENYA :  D:\Work\Mii\TEMPLATES\ssrtemplates\.angular\prerender-root\eb6da155-dbfd-4e72-9a5a-855399d78829\data\admdb.sqlite
[2025-11-19 16:43:58] WARN: Could not read param for rate limit, using default. Error: {}
[2025-11-19 16:43:58] INFO: INI ALAMAT TABLENYA :  D:\Work\Mii\TEMPLATES\ssrtemplates\.angular\prerender-root\277d3e05-e8c1-40cd-b56b-9a10487960ab\data\admdb.sqlite
[2025-11-19 16:43:58] WARN: Could not read param for rate limit, using default. Error: {}
[2025-11-19 16:43:58] INFO: INI ALAMAT TABLENYA :  D:\Work\Mii\TEMPLATES\ssrtemplates\.angular\prerender-root\13e48732-3535-4070-909d-b1705b72cb28\data\admdb.sqlite
[2025-11-19 16:43:58] WARN: Could not read param for rate limit, using default. Error: {}
[2025-11-19 16:43:58] INFO: Node Express server listening on http://localhost:4000
[2025-11-19 16:43:58] INFO: INI ALAMAT TABLENYA :  D:\Work\Mii\TEMPLATES\ssrtemplates\.angular\prerender-root\2b1d6f1e-30a1-4671-9c63-bcf55e77e322\data\admdb.sqlite
[2025-11-19 16:43:58] WARN: Could not read param for rate limit, using default. Error: {}
[2025-11-19 16:44:28] INFO: INI ALAMAT TABLENYA :  D:\Work\Mii\TEMPLATES\ssrtemplates\.angular\prerender-root\fe75cac9-c5f3-4889-bed7-3c8ff141d191\data\admdb.sqlite
[2025-11-19 16:44:28] WARN: Could not read param for rate limit, using default. Error: {}
[2025-11-19 16:44:29] INFO: Node Express server listening on http://localhost:4000
[2025-11-19 16:44:33] INFO: INI ALAMAT TABLENYA :  D:\Work\Mii\TEMPLATES\ssrtemplates\.angular\prerender-root\4e8b8f7f-99b2-48be-984b-f2dc8ae8dfb9\data\admdb.sqlite
[2025-11-19 16:44:33] WARN: Could not read param for rate limit, using default. Error: {}
[2025-11-19 16:44:33] INFO: Node Express server listening on http://localhost:4000
[2025-11-19 16:44:33] INFO: INI ALAMAT TABLENYA :  D:\Work\Mii\TEMPLATES\ssrtemplates\.angular\prerender-root\44c07679-f86c-4416-9688-043c078c1c04\data\admdb.sqlite
[2025-11-19 16:44:33] WARN: Could not read param for rate limit, using default. Error: {}
[2025-11-19 16:44:33] INFO: INI ALAMAT TABLENYA :  D:\Work\Mii\TEMPLATES\ssrtemplates\.angular\prerender-root\f20dac21-0d83-4c48-838c-4723f0f7519e\data\admdb.sqlite
[2025-11-19 16:44:33] WARN: Could not read param for rate limit, using default. Error: {}
[2025-11-19 16:44:33] INFO: INI ALAMAT TABLENYA :  D:\Work\Mii\TEMPLATES\ssrtemplates\.angular\prerender-root\7deb9c44-e9a7-418b-a780-a73a134f46e8\data\admdb.sqlite
[2025-11-19 16:44:33] WARN: Could not read param for rate limit, using default. Error: {}
[2025-11-19 16:44:42] INFO: INI ALAMAT TABLENYA :  D:\Work\Mii\TEMPLATES\ssrtemplates\dist\ssrtemplates\server\data\admdb.sqlite
[2025-11-19 16:44:42] INFO: login limiter max set to 3
[2025-11-19 16:44:42] INFO: Node Express server listening on http://localhost:4000
[2025-11-19 16:45:22] INFO: INI ALAMAT TABLENYA :  D:\Work\Mii\TEMPLATES\ssrtemplates\.angular\prerender-root\fa9250e9-b627-47ee-99d3-4dd941c5d206\data\admdb.sqlite
[2025-11-19 16:45:22] WARN: Could not read param for rate limit, using default. Error: {}
[2025-11-19 16:45:22] INFO: Node Express server listening on http://localhost:4000
[2025-11-19 16:45:23] INFO: INI ALAMAT TABLENYA :  D:\Work\Mii\TEMPLATES\ssrtemplates\.angular\prerender-root\1a463d40-2dca-493b-a637-aa56f7b667f2\data\admdb.sqlite
[2025-11-19 16:45:23] WARN: Could not read param for rate limit, using default. Error: {}
[2025-11-19 16:45:23] INFO: Node Express server listening on http://localhost:4000
[2025-11-19 16:45:23] INFO: INI ALAMAT TABLENYA :  D:\Work\Mii\TEMPLATES\ssrtemplates\.angular\prerender-root\95ace398-a778-4019-b753-f74fb624f3fa\data\admdb.sqlite
[2025-11-19 16:45:23] WARN: Could not read param for rate limit, using default. Error: {}
[2025-11-19 16:45:23] INFO: INI ALAMAT TABLENYA :  D:\Work\Mii\TEMPLATES\ssrtemplates\.angular\prerender-root\1bc5a5a4-32a2-4547-b7f4-1ceabf13b02a\data\admdb.sqlite
[2025-11-19 16:45:23] WARN: Could not read param for rate limit, using default. Error: {}
[2025-11-19 16:45:23] INFO: INI ALAMAT TABLENYA :  D:\Work\Mii\TEMPLATES\ssrtemplates\.angular\prerender-root\7ede11a6-1376-4b21-9f3c-72b75e69fe59\data\admdb.sqlite
[2025-11-19 16:45:23] WARN: Could not read param for rate limit, using default. Error: {}
[2025-11-19 16:45:38] INFO: INI ALAMAT TABLENYA :  D:\Work\Mii\TEMPLATES\ssrtemplates\dist\ssrtemplates\server\data\admdb.sqlite
[2025-11-19 16:45:38] INFO: login limiter max set to 3
[2025-11-19 16:45:38] INFO: Node Express server listening on http://localhost:4000
[2025-11-19 16:46:36] INFO: INI ALAMAT TABLENYA :  D:\Work\Mii\TEMPLATES\ssrtemplates\.angular\prerender-root\4579e150-843e-47a3-bb02-5707edf6499e\data\admdb.sqlite
[2025-11-19 16:46:36] WARN: Could not read param for rate limit, using default. Error: {}
[2025-11-19 16:46:36] INFO: Node Express server listening on http://localhost:4000
[2025-11-19 16:46:37] INFO: INI ALAMAT TABLENYA :  D:\Work\Mii\TEMPLATES\ssrtemplates\.angular\prerender-root\73adb787-9a93-4535-9a94-7fed7958ea8e\data\admdb.sqlite
[2025-11-19 16:46:37] WARN: Could not read param for rate limit, using default. Error: {}
[2025-11-19 16:46:38] INFO: Node Express server listening on http://localhost:4000
[2025-11-19 16:46:37] INFO: INI ALAMAT TABLENYA :  D:\Work\Mii\TEMPLATES\ssrtemplates\.angular\prerender-root\c88fa5cc-a404-4637-a0b9-84c68f8820ff\data\admdb.sqlite
[2025-11-19 16:46:37] WARN: Could not read param for rate limit, using default. Error: {}
[2025-11-19 16:46:37] INFO: INI ALAMAT TABLENYA :  D:\Work\Mii\TEMPLATES\ssrtemplates\.angular\prerender-root\6941b6a3-431d-4f13-8deb-81e7abced25b\data\admdb.sqlite
[2025-11-19 16:46:37] WARN: Could not read param for rate limit, using default. Error: {}
[2025-11-19 16:46:37] INFO: INI ALAMAT TABLENYA :  D:\Work\Mii\TEMPLATES\ssrtemplates\.angular\prerender-root\d46b9cad-76ea-40dd-8a58-f9bb2f2267a8\data\admdb.sqlite
[2025-11-19 16:46:37] WARN: Could not read param for rate limit, using default. Error: {}
[2025-11-19 16:47:04] INFO: INI ALAMAT TABLENYA :  D:\Work\Mii\TEMPLATES\ssrtemplates\dist\ssrtemplates\server\data\admdb.sqlite
[2025-11-19 16:47:04] INFO: login limiter max set to 3
[2025-11-19 16:47:04] INFO: Node Express server listening on http://localhost:4000
[2025-11-19 16:47:29] INFO: INI ALAMAT TABLENYA :  D:\Work\Mii\TEMPLATES\ssrtemplates\.angular\prerender-root\a9ed759b-850b-45a4-a103-f017d339fc4d\data\admdb.sqlite
[2025-11-19 16:47:29] WARN: Could not read param for rate limit, using default. Error: {}
[2025-11-19 16:47:29] INFO: Node Express server listening on http://localhost:4000
[2025-11-19 16:47:30] INFO: INI ALAMAT TABLENYA :  D:\Work\Mii\TEMPLATES\ssrtemplates\.angular\prerender-root\795c7186-2521-4797-b34f-a62be9ac3d47\data\admdb.sqlite
[2025-11-19 16:47:30] WARN: Could not read param for rate limit, using default. Error: {}
[2025-11-19 16:47:30] INFO: INI ALAMAT TABLENYA :  D:\Work\Mii\TEMPLATES\ssrtemplates\.angular\prerender-root\8b2a70fb-2fe3-4d4a-8f6f-1abcf58c2cd1\data\admdb.sqlite
[2025-11-19 16:47:30] WARN: Could not read param for rate limit, using default. Error: {}
[2025-11-19 16:47:30] INFO: Node Express server listening on http://localhost:4000
[2025-11-19 16:47:30] INFO: INI ALAMAT TABLENYA :  D:\Work\Mii\TEMPLATES\ssrtemplates\.angular\prerender-root\2c808fa3-446a-4eff-9e84-3ec689c33992\data\admdb.sqlite
[2025-11-19 16:47:30] WARN: Could not read param for rate limit, using default. Error: {}
[2025-11-19 16:47:30] INFO: INI ALAMAT TABLENYA :  D:\Work\Mii\TEMPLATES\ssrtemplates\.angular\prerender-root\88ee6ee5-b478-419f-8b31-b938710b9eb0\data\admdb.sqlite
[2025-11-19 16:47:30] WARN: Could not read param for rate limit, using default. Error: {}
[2025-11-19 16:47:38] INFO: INI ALAMAT TABLENYA :  D:\Work\Mii\TEMPLATES\ssrtemplates\dist\ssrtemplates\server\data\admdb.sqlite
[2025-11-19 16:47:38] INFO: login limiter max set to 3
[2025-11-19 16:47:38] INFO: Node Express server listening on http://localhost:4000
[2025-11-19 16:48:34] INFO: INI ALAMAT TABLENYA :  D:\Work\Mii\TEMPLATES\ssrtemplates\.angular\prerender-root\7c571015-03e6-4125-a026-fd0e0c7a76ad\data\admdb.sqlite
[2025-11-19 16:48:34] WARN: Could not read param for rate limit, using default. Error: {}
[2025-11-19 16:48:34] INFO: Node Express server listening on http://localhost:4000
[2025-11-19 16:48:38] INFO: INI ALAMAT TABLENYA :  D:\Work\Mii\TEMPLATES\ssrtemplates\.angular\prerender-root\8f8b9fcc-fa2c-40ef-b334-c0cf45a6012a\data\admdb.sqlite
[2025-11-19 16:48:38] WARN: Could not read param for rate limit, using default. Error: {}
[2025-11-19 16:48:38] INFO: Node Express server listening on http://localhost:4000
[2025-11-19 16:48:38] INFO: INI ALAMAT TABLENYA :  D:\Work\Mii\TEMPLATES\ssrtemplates\.angular\prerender-root\e089556e-8e95-42c3-8287-71d8ad7ef3e0\data\admdb.sqlite
[2025-11-19 16:48:38] WARN: Could not read param for rate limit, using default. Error: {}
[2025-11-19 16:48:38] INFO: INI ALAMAT TABLENYA :  D:\Work\Mii\TEMPLATES\ssrtemplates\.angular\prerender-root\250338bf-1162-4a0e-a874-f9a5e34a8901\data\admdb.sqlite
[2025-11-19 16:48:38] WARN: Could not read param for rate limit, using default. Error: {}
[2025-11-19 16:48:38] INFO: INI ALAMAT TABLENYA :  D:\Work\Mii\TEMPLATES\ssrtemplates\.angular\prerender-root\c22d0d07-5a74-4305-b134-411c0d1e0c3d\data\admdb.sqlite
[2025-11-19 16:48:38] WARN: Could not read param for rate limit, using default. Error: {}
[2025-11-19 16:49:23] INFO: INI ALAMAT TABLENYA :  D:\Work\Mii\TEMPLATES\ssrtemplates\dist\ssrtemplates\server\data\admdb.sqlite
[2025-11-19 16:49:23] INFO: login limiter max set to 3
[2025-11-19 16:49:23] INFO: Node Express server listening on http://localhost:4000
[2025-11-19 16:52:15] INFO: INI ALAMAT TABLENYA :  D:\Work\Mii\TEMPLATES\ssrtemplates\.angular\prerender-root\5e0f5006-bc22-4e8b-83bd-2a835ca6b494\data\admdb.sqlite
[2025-11-19 16:52:15] WARN: Could not read param for rate limit, using default. Error: {}
[2025-11-19 16:52:15] INFO: Node Express server listening on http://localhost:4000
[2025-11-19 16:52:16] INFO: INI ALAMAT TABLENYA :  D:\Work\Mii\TEMPLATES\ssrtemplates\.angular\prerender-root\063c4a5e-60bd-4ee8-ab67-bbe9ca6f5656\data\admdb.sqlite
[2025-11-19 16:52:16] WARN: Could not read param for rate limit, using default. Error: {}
[2025-11-19 16:52:16] INFO: Node Express server listening on http://localhost:4000
[2025-11-19 16:52:16] INFO: INI ALAMAT TABLENYA :  D:\Work\Mii\TEMPLATES\ssrtemplates\.angular\prerender-root\0a96de81-1b4e-4615-83db-94c8528e61f0\data\admdb.sqlite
[2025-11-19 16:52:16] WARN: Could not read param for rate limit, using default. Error: {}
[2025-11-19 16:52:16] INFO: INI ALAMAT TABLENYA :  D:\Work\Mii\TEMPLATES\ssrtemplates\.angular\prerender-root\703b3da6-9659-4ac3-8951-060f1c8e7275\data\admdb.sqlite
[2025-11-19 16:52:16] WARN: Could not read param for rate limit, using default. Error: {}
[2025-11-19 16:52:16] INFO: INI ALAMAT TABLENYA :  D:\Work\Mii\TEMPLATES\ssrtemplates\.angular\prerender-root\1191bf77-7a45-4b7d-ab26-5ed567da66d6\data\admdb.sqlite
[2025-11-19 16:52:16] WARN: Could not read param for rate limit, using default. Error: {}
[2025-11-19 16:52:25] INFO: INI ALAMAT TABLENYA :  D:\Work\Mii\TEMPLATES\ssrtemplates\dist\ssrtemplates\server\data\admdb.sqlite
[2025-11-19 16:52:25] INFO: login limiter max set to 3
[2025-11-19 16:52:25] INFO: Node Express server listening on http://localhost:4000
