[2025-11-17 12:30:25] INFO: INI ALAMAT TABLENYA :  D:\Work\Mii\TEMPLATES\ssrtemplates\.angular\prerender-root\dc5f043b-39bf-4e33-823c-b3e88f77d5c4\data\admdb.sqlite
[2025-11-17 12:30:27] WARN: Could not read param for rate limit, using default. Error: {}
[2025-11-17 12:30:27] INFO: Node Express server listening on http://localhost:4000
[2025-11-17 12:30:42] INFO: INI ALAMAT TABLENYA :  D:\Work\Mii\TEMPLATES\ssrtemplates\.angular\prerender-root\74c46659-eb84-4585-8b09-ed272e391d43\data\admdb.sqlite
[2025-11-17 12:30:42] WARN: Could not read param for rate limit, using default. Error: {}
[2025-11-17 12:30:42] INFO: Node Express server listening on http://localhost:4000
[2025-11-17 12:30:42] INFO: INI ALAMAT TABLENYA :  D:\Work\Mii\TEMPLATES\ssrtemplates\.angular\prerender-root\3ffb9208-c049-42f3-8251-7c4f7acf67f9\data\admdb.sqlite
[2025-11-17 12:30:42] WARN: Could not read param for rate limit, using default. Error: {}
[2025-11-17 12:30:42] INFO: INI ALAMAT TABLENYA :  D:\Work\Mii\TEMPLATES\ssrtemplates\.angular\prerender-root\d0f76cb6-f3fe-47d6-b4e2-b4f4ae21fd03\data\admdb.sqlite
[2025-11-17 12:30:42] WARN: Could not read param for rate limit, using default. Error: {}
[2025-11-17 12:30:42] INFO: INI ALAMAT TABLENYA :  D:\Work\Mii\TEMPLATES\ssrtemplates\.angular\prerender-root\386fca05-0dc2-4897-84eb-7e1eda45d597\data\admdb.sqlite
[2025-11-17 12:30:42] WARN: Could not read param for rate limit, using default. Error: {}
[2025-11-17 12:32:18] INFO: INI ALAMAT TABLENYA :  D:\Work\Mii\TEMPLATES\ssrtemplates\dist\ssrtemplates\server\data\admdb.sqlite
[2025-11-17 12:32:18] INFO: login limiter max set to 3
[2025-11-17 12:32:18] INFO: Node Express server listening on http://localhost:4000
[2025-11-17 12:37:44] INFO: INI ALAMAT TABLENYA :  D:\Work\Mii\TEMPLATES\ssrtemplates\.angular\prerender-root\32bd75c6-501c-43af-b72f-51e97ecdec08\data\admdb.sqlite
[2025-11-17 12:37:45] WARN: Could not read param for rate limit, using default. Error: {}
[2025-11-17 12:37:45] INFO: Node Express server listening on http://localhost:4000
[2025-11-17 12:37:57] INFO: INI ALAMAT TABLENYA :  D:\Work\Mii\TEMPLATES\ssrtemplates\.angular\prerender-root\96efa94f-9bec-414b-9f65-89d9fb0aea64\data\admdb.sqlite
[2025-11-17 12:37:57] WARN: Could not read param for rate limit, using default. Error: {}
[2025-11-17 12:37:57] INFO: Node Express server listening on http://localhost:4000
[2025-11-17 12:37:57] INFO: INI ALAMAT TABLENYA :  D:\Work\Mii\TEMPLATES\ssrtemplates\.angular\prerender-root\cd88bd1d-4af5-46ab-927e-17e87c345623\data\admdb.sqlite
[2025-11-17 12:37:57] WARN: Could not read param for rate limit, using default. Error: {}
[2025-11-17 12:37:57] INFO: INI ALAMAT TABLENYA :  D:\Work\Mii\TEMPLATES\ssrtemplates\.angular\prerender-root\7bd6b20e-3a7b-4da0-a67d-f9603d663f4c\data\admdb.sqlite
[2025-11-17 12:37:57] WARN: Could not read param for rate limit, using default. Error: {}
[2025-11-17 12:37:57] INFO: INI ALAMAT TABLENYA :  D:\Work\Mii\TEMPLATES\ssrtemplates\.angular\prerender-root\74949b68-82c2-489c-bd8e-06bef57b0e38\data\admdb.sqlite
[2025-11-17 12:37:57] WARN: Could not read param for rate limit, using default. Error: {}
