[2025-11-10 10:36:07] INFO: INI ALAMAT TABLENYA :  D:\Work\Mii\TEMPLATES\ssrtemplates\.angular\prerender-root\3407907d-fd9a-44dd-a9ab-5194c5c9acf4\data\admdb.sqlite
[2025-11-10 10:36:08] WARN: Could not read param for rate limit, using default. Error: {}
[2025-11-10 10:36:08] INFO: Node Express server listening on http://localhost:4000
[2025-11-10 10:36:14] INFO: INI ALAMAT TABLENYA :  D:\Work\Mii\TEMPLATES\ssrtemplates\.angular\prerender-root\d314aa85-049e-4c2b-b461-dc727e03d943\data\admdb.sqlite
[2025-11-10 10:36:14] INFO: INI ALAMAT TABLENYA :  D:\Work\Mii\TEMPLATES\ssrtemplates\.angular\prerender-root\80069b05-6260-415f-a052-8784e73a6eb2\data\admdb.sqlite
[2025-11-10 10:36:14] WARN: Could not read param for rate limit, using default. Error: {}
[2025-11-10 10:36:14] INFO: INI ALAMAT TABLENYA :  D:\Work\Mii\TEMPLATES\ssrtemplates\.angular\prerender-root\d998f78c-e7dd-4ba4-9d06-d2bc958e3055\data\admdb.sqlite
[2025-11-10 10:36:14] WARN: Could not read param for rate limit, using default. Error: {}
[2025-11-10 10:36:14] WARN: Could not read param for rate limit, using default. Error: {}
[2025-11-10 10:36:14] INFO: Node Express server listening on http://localhost:4000
[2025-11-10 10:36:14] INFO: INI ALAMAT TABLENYA :  D:\Work\Mii\TEMPLATES\ssrtemplates\.angular\prerender-root\1145830a-e3a6-4686-a518-d83715969857\data\admdb.sqlite
[2025-11-10 10:36:14] WARN: Could not read param for rate limit, using default. Error: {}
[2025-11-10 10:36:32] INFO: INI ALAMAT TABLENYA :  D:\Work\Mii\TEMPLATES\ssrtemplates\dist\ssrtemplates\server\data\admdb.sqlite
[2025-11-10 10:36:32] INFO: login limiter max set to 3
[2025-11-10 10:36:32] INFO: Node Express server listening on http://localhost:4000
[2025-11-10 10:43:24] INFO: INI ALAMAT TABLENYA :  D:\Work\Mii\TEMPLATES\ssrtemplates\.angular\prerender-root\e170f8a2-6777-46b0-95fc-0e73fd7b3ae5\data\admdb.sqlite
[2025-11-10 10:43:24] WARN: Could not read param for rate limit, using default. Error: {}
[2025-11-10 10:43:24] INFO: Node Express server listening on http://localhost:4000
[2025-11-10 10:43:25] INFO: INI ALAMAT TABLENYA :  D:\Work\Mii\TEMPLATES\ssrtemplates\.angular\prerender-root\7d2fca6f-1410-4fe4-907d-8f4209436a65\data\admdb.sqlite
[2025-11-10 10:43:25] WARN: Could not read param for rate limit, using default. Error: {}
[2025-11-10 10:43:25] INFO: Node Express server listening on http://localhost:4000
[2025-11-10 10:43:25] INFO: INI ALAMAT TABLENYA :  D:\Work\Mii\TEMPLATES\ssrtemplates\.angular\prerender-root\634aa93e-8f64-4b85-9d3a-c839f93f750d\data\admdb.sqlite
[2025-11-10 10:43:25] WARN: Could not read param for rate limit, using default. Error: {}
[2025-11-10 10:43:25] INFO: INI ALAMAT TABLENYA :  D:\Work\Mii\TEMPLATES\ssrtemplates\.angular\prerender-root\e03389c8-e316-445f-ae50-c3e7986e1b16\data\admdb.sqlite
[2025-11-10 10:43:25] WARN: Could not read param for rate limit, using default. Error: {}
[2025-11-10 10:43:25] INFO: INI ALAMAT TABLENYA :  D:\Work\Mii\TEMPLATES\ssrtemplates\.angular\prerender-root\447eeaab-5b26-446a-9ef6-9f54d2a0c83e\data\admdb.sqlite
[2025-11-10 10:43:25] WARN: Could not read param for rate limit, using default. Error: {}
[2025-11-10 10:44:12] INFO: INI ALAMAT TABLENYA :  D:\Work\Mii\TEMPLATES\ssrtemplates\dist\ssrtemplates\server\data\admdb.sqlite
[2025-11-10 10:44:12] INFO: login limiter max set to 3
[2025-11-10 10:44:12] INFO: Node Express server listening on http://localhost:4000
[2025-11-10 10:46:48] INFO: INI ALAMAT TABLENYA :  D:\Work\Mii\TEMPLATES\ssrtemplates\.angular\prerender-root\1e17b1fa-0a66-4805-a49d-cd2b67467c35\data\admdb.sqlite
[2025-11-10 10:46:48] WARN: Could not read param for rate limit, using default. Error: {}
[2025-11-10 10:46:48] INFO: Node Express server listening on http://localhost:4000
[2025-11-10 10:46:53] INFO: INI ALAMAT TABLENYA :  D:\Work\Mii\TEMPLATES\ssrtemplates\.angular\prerender-root\5396ff04-fccf-46f7-bdbd-d2d7b4c8a3b1\data\admdb.sqlite
[2025-11-10 10:46:53] WARN: Could not read param for rate limit, using default. Error: {}
[2025-11-10 10:46:53] INFO: Node Express server listening on http://localhost:4000
[2025-11-10 10:46:53] INFO: INI ALAMAT TABLENYA :  D:\Work\Mii\TEMPLATES\ssrtemplates\.angular\prerender-root\fe38bdb9-4db2-4427-9896-3282dc5cccce\data\admdb.sqlite
[2025-11-10 10:46:53] WARN: Could not read param for rate limit, using default. Error: {}
[2025-11-10 10:46:53] INFO: INI ALAMAT TABLENYA :  D:\Work\Mii\TEMPLATES\ssrtemplates\.angular\prerender-root\6e379e9c-8a4a-4022-8bc6-c109124248cd\data\admdb.sqlite
[2025-11-10 10:46:53] WARN: Could not read param for rate limit, using default. Error: {}
[2025-11-10 10:46:53] INFO: INI ALAMAT TABLENYA :  D:\Work\Mii\TEMPLATES\ssrtemplates\.angular\prerender-root\b13307bc-0a22-428d-9405-ad5ee0f4da5b\data\admdb.sqlite
[2025-11-10 10:46:53] WARN: Could not read param for rate limit, using default. Error: {}
[2025-11-10 10:47:20] INFO: INI ALAMAT TABLENYA :  D:\Work\Mii\TEMPLATES\ssrtemplates\dist\ssrtemplates\server\data\admdb.sqlite
[2025-11-10 10:47:20] INFO: login limiter max set to 3
[2025-11-10 10:47:20] INFO: Node Express server listening on http://localhost:4000
[2025-11-10 11:02:10] INFO: INI ALAMAT TABLENYA :  D:\Work\Mii\TEMPLATES\ssrtemplates\.angular\prerender-root\1b44dfbd-5272-4508-9325-248437b24274\data\admdb.sqlite
[2025-11-10 11:02:10] WARN: Could not read param for rate limit, using default. Error: {}
[2025-11-10 11:02:10] INFO: Node Express server listening on http://localhost:4000
[2025-11-10 11:02:12] INFO: INI ALAMAT TABLENYA :  D:\Work\Mii\TEMPLATES\ssrtemplates\.angular\prerender-root\9c2e78ab-b278-480f-ab54-f8f38e8e17a2\data\admdb.sqlite
[2025-11-10 11:02:12] WARN: Could not read param for rate limit, using default. Error: {}
[2025-11-10 11:02:12] INFO: Node Express server listening on http://localhost:4000
[2025-11-10 11:02:12] INFO: INI ALAMAT TABLENYA :  D:\Work\Mii\TEMPLATES\ssrtemplates\.angular\prerender-root\758e0397-0352-4984-b06b-24af61cbd112\data\admdb.sqlite
[2025-11-10 11:02:12] WARN: Could not read param for rate limit, using default. Error: {}
[2025-11-10 11:02:12] INFO: INI ALAMAT TABLENYA :  D:\Work\Mii\TEMPLATES\ssrtemplates\.angular\prerender-root\07322a29-35ed-49fc-aaed-dc4cf36b6609\data\admdb.sqlite
[2025-11-10 11:02:12] WARN: Could not read param for rate limit, using default. Error: {}
[2025-11-10 11:02:12] INFO: INI ALAMAT TABLENYA :  D:\Work\Mii\TEMPLATES\ssrtemplates\.angular\prerender-root\9b9b6a4f-5179-4103-b84e-274f9302d6b9\data\admdb.sqlite
[2025-11-10 11:02:12] WARN: Could not read param for rate limit, using default. Error: {}
[2025-11-10 11:02:46] INFO: INI ALAMAT TABLENYA :  D:\Work\Mii\TEMPLATES\ssrtemplates\.angular\prerender-root\48300dd6-c188-41e6-b6af-5355b0ffca09\data\admdb.sqlite
[2025-11-10 11:02:46] WARN: Could not read param for rate limit, using default. Error: {}
[2025-11-10 11:02:46] INFO: Node Express server listening on http://localhost:4000
[2025-11-10 11:02:48] INFO: INI ALAMAT TABLENYA :  D:\Work\Mii\TEMPLATES\ssrtemplates\.angular\prerender-root\6392d35b-f4a8-4f3b-9c0c-426d4049f6fd\data\admdb.sqlite
[2025-11-10 11:02:48] WARN: Could not read param for rate limit, using default. Error: {}
[2025-11-10 11:02:48] INFO: INI ALAMAT TABLENYA :  D:\Work\Mii\TEMPLATES\ssrtemplates\.angular\prerender-root\268f81ee-db36-4cf8-91a5-50fb92db1b3b\data\admdb.sqlite
[2025-11-10 11:02:48] WARN: Could not read param for rate limit, using default. Error: {}
[2025-11-10 11:02:48] INFO: Node Express server listening on http://localhost:4000
[2025-11-10 11:02:48] INFO: INI ALAMAT TABLENYA :  D:\Work\Mii\TEMPLATES\ssrtemplates\.angular\prerender-root\0b7545ac-4bcb-4fb7-9b82-526ef77629ee\data\admdb.sqlite
[2025-11-10 11:02:48] WARN: Could not read param for rate limit, using default. Error: {}
[2025-11-10 11:02:48] INFO: INI ALAMAT TABLENYA :  D:\Work\Mii\TEMPLATES\ssrtemplates\.angular\prerender-root\47d9ab44-d842-449b-9a27-4e993a201271\data\admdb.sqlite
[2025-11-10 11:02:48] WARN: Could not read param for rate limit, using default. Error: {}
[2025-11-10 11:02:57] INFO: INI ALAMAT TABLENYA :  D:\Work\Mii\TEMPLATES\ssrtemplates\dist\ssrtemplates\server\data\admdb.sqlite
[2025-11-10 11:02:57] INFO: login limiter max set to 3
[2025-11-10 11:02:57] INFO: Node Express server listening on http://localhost:4000
[2025-11-10 11:23:43] INFO: INI ALAMAT TABLENYA :  D:\Work\Mii\TEMPLATES\ssrtemplates\.angular\prerender-root\e51d4188-f27c-4478-a7e0-67088901d86c\data\admdb.sqlite
[2025-11-10 11:23:43] WARN: Could not read param for rate limit, using default. Error: {}
[2025-11-10 11:23:43] INFO: Node Express server listening on http://localhost:4000
[2025-11-10 11:23:45] INFO: INI ALAMAT TABLENYA :  D:\Work\Mii\TEMPLATES\ssrtemplates\.angular\prerender-root\d57a6d33-433b-46c7-a279-c456eb941ca1\data\admdb.sqlite
[2025-11-10 11:23:45] WARN: Could not read param for rate limit, using default. Error: {}
[2025-11-10 11:23:45] INFO: INI ALAMAT TABLENYA :  D:\Work\Mii\TEMPLATES\ssrtemplates\.angular\prerender-root\4fe55f78-5151-4b76-ba27-e62f99b75b45\data\admdb.sqlite
[2025-11-10 11:23:45] WARN: Could not read param for rate limit, using default. Error: {}
[2025-11-10 11:23:45] INFO: Node Express server listening on http://localhost:4000
[2025-11-10 11:23:45] INFO: INI ALAMAT TABLENYA :  D:\Work\Mii\TEMPLATES\ssrtemplates\.angular\prerender-root\994d28e7-e6a8-4301-8f0d-1655491386f1\data\admdb.sqlite
[2025-11-10 11:23:45] WARN: Could not read param for rate limit, using default. Error: {}
[2025-11-10 11:23:45] INFO: INI ALAMAT TABLENYA :  D:\Work\Mii\TEMPLATES\ssrtemplates\.angular\prerender-root\cd324a00-d043-462e-979b-6efb68bf2972\data\admdb.sqlite
[2025-11-10 11:23:45] WARN: Could not read param for rate limit, using default. Error: {}
[2025-11-10 11:23:52] INFO: INI ALAMAT TABLENYA :  D:\Work\Mii\TEMPLATES\ssrtemplates\dist\ssrtemplates\server\data\admdb.sqlite
[2025-11-10 11:23:52] INFO: login limiter max set to 3
[2025-11-10 11:23:52] INFO: Node Express server listening on http://localhost:4000
[2025-11-10 11:25:28] INFO: INI ALAMAT TABLENYA :  D:\Work\Mii\TEMPLATES\ssrtemplates\.angular\prerender-root\b39cb08a-d117-43dd-9d96-7ea2fc99baf0\data\admdb.sqlite
[2025-11-10 11:25:28] WARN: Could not read param for rate limit, using default. Error: {}
[2025-11-10 11:25:28] INFO: Node Express server listening on http://localhost:4000
[2025-11-10 11:25:30] INFO: INI ALAMAT TABLENYA :  D:\Work\Mii\TEMPLATES\ssrtemplates\.angular\prerender-root\75ec0346-ca72-49c1-8d29-5825dcf0c6b4\data\admdb.sqlite
[2025-11-10 11:25:30] WARN: Could not read param for rate limit, using default. Error: {}
[2025-11-10 11:25:30] INFO: Node Express server listening on http://localhost:4000
[2025-11-10 11:25:30] INFO: INI ALAMAT TABLENYA :  D:\Work\Mii\TEMPLATES\ssrtemplates\.angular\prerender-root\143dc03e-b60d-41de-b2ec-ee6f984c840e\data\admdb.sqlite
[2025-11-10 11:25:30] WARN: Could not read param for rate limit, using default. Error: {}
[2025-11-10 11:25:30] INFO: INI ALAMAT TABLENYA :  D:\Work\Mii\TEMPLATES\ssrtemplates\.angular\prerender-root\624c995b-49f4-4feb-be63-f0e9550f3b5e\data\admdb.sqlite
[2025-11-10 11:25:30] WARN: Could not read param for rate limit, using default. Error: {}
[2025-11-10 11:25:30] INFO: INI ALAMAT TABLENYA :  D:\Work\Mii\TEMPLATES\ssrtemplates\.angular\prerender-root\ea3cb261-6b4a-45d3-a8d4-61ec83b8dd60\data\admdb.sqlite
[2025-11-10 11:25:30] WARN: Could not read param for rate limit, using default. Error: {}
[2025-11-10 11:34:11] INFO: INI ALAMAT TABLENYA :  D:\Work\Mii\TEMPLATES\ssrtemplates\.angular\prerender-root\853143e5-5e8d-4f3c-9472-2eed3efe6c2d\data\admdb.sqlite
[2025-11-10 11:34:11] WARN: Could not read param for rate limit, using default. Error: {}
[2025-11-10 11:34:11] INFO: Node Express server listening on http://localhost:4000
[2025-11-10 11:34:13] INFO: INI ALAMAT TABLENYA :  D:\Work\Mii\TEMPLATES\ssrtemplates\.angular\prerender-root\50d5158b-9b4b-4416-87b4-d9461ad285af\data\admdb.sqlite
[2025-11-10 11:34:13] WARN: Could not read param for rate limit, using default. Error: {}
[2025-11-10 11:34:13] INFO: Node Express server listening on http://localhost:4000
[2025-11-10 11:34:13] INFO: INI ALAMAT TABLENYA :  D:\Work\Mii\TEMPLATES\ssrtemplates\.angular\prerender-root\c940a7ab-0ae0-41c1-b79e-3dc615e7f2fb\data\admdb.sqlite
[2025-11-10 11:34:13] WARN: Could not read param for rate limit, using default. Error: {}
[2025-11-10 11:34:13] INFO: INI ALAMAT TABLENYA :  D:\Work\Mii\TEMPLATES\ssrtemplates\.angular\prerender-root\8f4dcbb8-053b-4347-85db-de9d5dc5bf2a\data\admdb.sqlite
[2025-11-10 11:34:13] WARN: Could not read param for rate limit, using default. Error: {}
[2025-11-10 11:34:13] INFO: INI ALAMAT TABLENYA :  D:\Work\Mii\TEMPLATES\ssrtemplates\.angular\prerender-root\86551877-92e0-454e-b40f-eb11827fc2b4\data\admdb.sqlite
[2025-11-10 11:34:13] WARN: Could not read param for rate limit, using default. Error: {}
[2025-11-10 11:34:22] INFO: INI ALAMAT TABLENYA :  D:\Work\Mii\TEMPLATES\ssrtemplates\dist\ssrtemplates\server\data\admdb.sqlite
[2025-11-10 11:34:22] INFO: login limiter max set to 3
[2025-11-10 11:34:22] INFO: Node Express server listening on http://localhost:4000
[2025-11-10 11:44:58] INFO: INI ALAMAT TABLENYA :  D:\Work\Mii\TEMPLATES\ssrtemplates\.angular\prerender-root\e6cc5bf0-19a5-4e6a-993b-4bbba4e77577\data\admdb.sqlite
[2025-11-10 11:44:58] WARN: Could not read param for rate limit, using default. Error: {}
[2025-11-10 11:44:58] INFO: Node Express server listening on http://localhost:4000
[2025-11-10 11:45:00] INFO: INI ALAMAT TABLENYA :  D:\Work\Mii\TEMPLATES\ssrtemplates\.angular\prerender-root\afa1a8f7-dcd9-48d5-886a-5ac0dd056b80\data\admdb.sqlite
[2025-11-10 11:45:00] WARN: Could not read param for rate limit, using default. Error: {}
[2025-11-10 11:45:00] INFO: Node Express server listening on http://localhost:4000
[2025-11-10 11:45:00] INFO: INI ALAMAT TABLENYA :  D:\Work\Mii\TEMPLATES\ssrtemplates\.angular\prerender-root\c39fe372-3fb6-437f-b1e2-09b035db09c4\data\admdb.sqlite
[2025-11-10 11:45:00] WARN: Could not read param for rate limit, using default. Error: {}
[2025-11-10 11:45:00] INFO: INI ALAMAT TABLENYA :  D:\Work\Mii\TEMPLATES\ssrtemplates\.angular\prerender-root\0a551942-ec46-4b65-8be6-243fe1bd134d\data\admdb.sqlite
[2025-11-10 11:45:00] WARN: Could not read param for rate limit, using default. Error: {}
[2025-11-10 11:45:00] INFO: INI ALAMAT TABLENYA :  D:\Work\Mii\TEMPLATES\ssrtemplates\.angular\prerender-root\c04621b9-f3fd-4d9f-8b55-841a74a24b53\data\admdb.sqlite
[2025-11-10 11:45:00] WARN: Could not read param for rate limit, using default. Error: {}
[2025-11-10 11:45:14] INFO: INI ALAMAT TABLENYA :  D:\Work\Mii\TEMPLATES\ssrtemplates\dist\ssrtemplates\server\data\admdb.sqlite
[2025-11-10 11:45:14] INFO: login limiter max set to 3
[2025-11-10 11:45:14] INFO: Node Express server listening on http://localhost:4000
[2025-11-10 11:48:15] INFO: INI ALAMAT TABLENYA :  D:\Work\Mii\TEMPLATES\ssrtemplates\.angular\prerender-root\49869445-4315-4ff4-a613-08392d48e658\data\admdb.sqlite
[2025-11-10 11:48:15] WARN: Could not read param for rate limit, using default. Error: {}
[2025-11-10 11:48:15] INFO: Node Express server listening on http://localhost:4000
[2025-11-10 11:48:17] INFO: INI ALAMAT TABLENYA :  D:\Work\Mii\TEMPLATES\ssrtemplates\.angular\prerender-root\a803ff7b-c6dc-46ac-92e4-606b3c0ba475\data\admdb.sqlite
[2025-11-10 11:48:17] WARN: Could not read param for rate limit, using default. Error: {}
[2025-11-10 11:48:17] INFO: Node Express server listening on http://localhost:4000
[2025-11-10 11:48:17] INFO: INI ALAMAT TABLENYA :  D:\Work\Mii\TEMPLATES\ssrtemplates\.angular\prerender-root\da6d1c5b-46c9-4183-bd97-1ed7ba6ca17b\data\admdb.sqlite
[2025-11-10 11:48:17] WARN: Could not read param for rate limit, using default. Error: {}
[2025-11-10 11:48:17] INFO: INI ALAMAT TABLENYA :  D:\Work\Mii\TEMPLATES\ssrtemplates\.angular\prerender-root\9e21f9b7-e7a7-41f0-acbc-df92419fa64d\data\admdb.sqlite
[2025-11-10 11:48:17] WARN: Could not read param for rate limit, using default. Error: {}
[2025-11-10 11:48:17] INFO: INI ALAMAT TABLENYA :  D:\Work\Mii\TEMPLATES\ssrtemplates\.angular\prerender-root\e42bf5ef-cc6c-4df8-8ea6-84bc22c0a777\data\admdb.sqlite
[2025-11-10 11:48:17] WARN: Could not read param for rate limit, using default. Error: {}
[2025-11-10 11:48:32] INFO: INI ALAMAT TABLENYA :  D:\Work\Mii\TEMPLATES\ssrtemplates\dist\ssrtemplates\server\data\admdb.sqlite
[2025-11-10 11:48:32] INFO: login limiter max set to 3
[2025-11-10 11:48:32] INFO: Node Express server listening on http://localhost:4000
[2025-11-10 11:49:30] INFO: INI ALAMAT TABLENYA :  D:\Work\Mii\TEMPLATES\ssrtemplates\.angular\prerender-root\b8eed7ad-d343-46c4-a338-79555c058f01\data\admdb.sqlite
[2025-11-10 11:49:30] WARN: Could not read param for rate limit, using default. Error: {}
[2025-11-10 11:49:30] INFO: Node Express server listening on http://localhost:4000
[2025-11-10 11:49:32] INFO: INI ALAMAT TABLENYA :  D:\Work\Mii\TEMPLATES\ssrtemplates\.angular\prerender-root\a1132bd3-db62-4a68-a830-ef39af4c6cf5\data\admdb.sqlite
[2025-11-10 11:49:32] WARN: Could not read param for rate limit, using default. Error: {}
[2025-11-10 11:49:32] INFO: INI ALAMAT TABLENYA :  D:\Work\Mii\TEMPLATES\ssrtemplates\.angular\prerender-root\336a3911-3822-4924-8e30-bda0aeb642e8\data\admdb.sqlite
[2025-11-10 11:49:32] WARN: Could not read param for rate limit, using default. Error: {}
[2025-11-10 11:49:32] INFO: INI ALAMAT TABLENYA :  D:\Work\Mii\TEMPLATES\ssrtemplates\.angular\prerender-root\61601c4a-9608-4212-bfdf-5e604c3af95d\data\admdb.sqlite
[2025-11-10 11:49:32] WARN: Could not read param for rate limit, using default. Error: {}
[2025-11-10 11:49:32] INFO: Node Express server listening on http://localhost:4000
[2025-11-10 11:49:32] INFO: INI ALAMAT TABLENYA :  D:\Work\Mii\TEMPLATES\ssrtemplates\.angular\prerender-root\42fc9713-15f0-443d-9db8-a809e1a5c5b2\data\admdb.sqlite
[2025-11-10 11:49:32] WARN: Could not read param for rate limit, using default. Error: {}
[2025-11-10 11:49:40] INFO: INI ALAMAT TABLENYA :  D:\Work\Mii\TEMPLATES\ssrtemplates\dist\ssrtemplates\server\data\admdb.sqlite
[2025-11-10 11:49:40] INFO: login limiter max set to 3
[2025-11-10 11:49:40] INFO: Node Express server listening on http://localhost:4000
[2025-11-10 11:50:53] INFO: INI ALAMAT TABLENYA :  D:\Work\Mii\TEMPLATES\ssrtemplates\.angular\prerender-root\b27cfac4-0c52-403f-9862-86d4294c02b8\data\admdb.sqlite
[2025-11-10 11:50:53] WARN: Could not read param for rate limit, using default. Error: {}
[2025-11-10 11:50:53] INFO: Node Express server listening on http://localhost:4000
[2025-11-10 11:50:55] INFO: INI ALAMAT TABLENYA :  D:\Work\Mii\TEMPLATES\ssrtemplates\.angular\prerender-root\9be1692e-4bae-4905-9400-7ad73045468b\data\admdb.sqlite
[2025-11-10 11:50:55] WARN: Could not read param for rate limit, using default. Error: {}
[2025-11-10 11:50:55] INFO: Node Express server listening on http://localhost:4000
[2025-11-10 11:50:55] INFO: INI ALAMAT TABLENYA :  D:\Work\Mii\TEMPLATES\ssrtemplates\.angular\prerender-root\ff5f4996-4268-4f2f-92a8-250df2d55bd8\data\admdb.sqlite
[2025-11-10 11:50:55] WARN: Could not read param for rate limit, using default. Error: {}
[2025-11-10 11:50:55] INFO: INI ALAMAT TABLENYA :  D:\Work\Mii\TEMPLATES\ssrtemplates\.angular\prerender-root\5f19a859-8b7e-4991-b9ed-91f1082a9b96\data\admdb.sqlite
[2025-11-10 11:50:55] WARN: Could not read param for rate limit, using default. Error: {}
[2025-11-10 11:50:55] INFO: INI ALAMAT TABLENYA :  D:\Work\Mii\TEMPLATES\ssrtemplates\.angular\prerender-root\1bc2c752-4c83-47a1-92dd-408f962bf596\data\admdb.sqlite
[2025-11-10 11:50:55] WARN: Could not read param for rate limit, using default. Error: {}
[2025-11-10 11:51:37] INFO: INI ALAMAT TABLENYA :  D:\Work\Mii\TEMPLATES\ssrtemplates\.angular\prerender-root\218ec313-80f7-4f61-9c95-569e945ebac4\data\admdb.sqlite
[2025-11-10 11:51:37] WARN: Could not read param for rate limit, using default. Error: {}
[2025-11-10 11:51:37] INFO: Node Express server listening on http://localhost:4000
[2025-11-10 11:51:39] INFO: INI ALAMAT TABLENYA :  D:\Work\Mii\TEMPLATES\ssrtemplates\.angular\prerender-root\0966903d-3524-4419-94eb-1b46bc78bb4f\data\admdb.sqlite
[2025-11-10 11:51:39] WARN: Could not read param for rate limit, using default. Error: {}
[2025-11-10 11:51:39] INFO: Node Express server listening on http://localhost:4000
[2025-11-10 11:51:39] INFO: INI ALAMAT TABLENYA :  D:\Work\Mii\TEMPLATES\ssrtemplates\.angular\prerender-root\c481a55c-129e-428a-bd04-017057eee9e7\data\admdb.sqlite
[2025-11-10 11:51:39] WARN: Could not read param for rate limit, using default. Error: {}
[2025-11-10 11:51:39] INFO: INI ALAMAT TABLENYA :  D:\Work\Mii\TEMPLATES\ssrtemplates\.angular\prerender-root\768f365f-0145-4834-b51c-810667d02dea\data\admdb.sqlite
[2025-11-10 11:51:39] WARN: Could not read param for rate limit, using default. Error: {}
[2025-11-10 11:51:39] INFO: INI ALAMAT TABLENYA :  D:\Work\Mii\TEMPLATES\ssrtemplates\.angular\prerender-root\0425f468-92f9-4946-ba35-38ef258e9626\data\admdb.sqlite
[2025-11-10 11:51:39] WARN: Could not read param for rate limit, using default. Error: {}
[2025-11-10 11:51:48] INFO: INI ALAMAT TABLENYA :  D:\Work\Mii\TEMPLATES\ssrtemplates\dist\ssrtemplates\server\data\admdb.sqlite
[2025-11-10 11:51:48] INFO: login limiter max set to 3
[2025-11-10 11:51:48] INFO: Node Express server listening on http://localhost:4000
[2025-11-10 11:54:36] INFO: INI ALAMAT TABLENYA :  D:\Work\Mii\TEMPLATES\ssrtemplates\.angular\prerender-root\c2e18413-a431-4e98-aeb8-8b4f01d3a964\data\admdb.sqlite
[2025-11-10 11:54:36] WARN: Could not read param for rate limit, using default. Error: {}
[2025-11-10 11:54:36] INFO: Node Express server listening on http://localhost:4000
[2025-11-10 11:54:38] INFO: INI ALAMAT TABLENYA :  D:\Work\Mii\TEMPLATES\ssrtemplates\.angular\prerender-root\75c47f5c-54f6-4131-a249-1d60f6d18ede\data\admdb.sqlite
[2025-11-10 11:54:38] WARN: Could not read param for rate limit, using default. Error: {}
[2025-11-10 11:54:38] INFO: Node Express server listening on http://localhost:4000
[2025-11-10 11:54:38] INFO: INI ALAMAT TABLENYA :  D:\Work\Mii\TEMPLATES\ssrtemplates\.angular\prerender-root\96462f9e-3239-40a0-a1f0-f32b11056a7b\data\admdb.sqlite
[2025-11-10 11:54:38] WARN: Could not read param for rate limit, using default. Error: {}
[2025-11-10 11:54:38] INFO: INI ALAMAT TABLENYA :  D:\Work\Mii\TEMPLATES\ssrtemplates\.angular\prerender-root\1d07d751-3064-4f50-9ae6-db7370b70d29\data\admdb.sqlite
[2025-11-10 11:54:38] WARN: Could not read param for rate limit, using default. Error: {}
[2025-11-10 11:54:38] INFO: INI ALAMAT TABLENYA :  D:\Work\Mii\TEMPLATES\ssrtemplates\.angular\prerender-root\8e732cb7-5b86-4544-b4ed-1984922c9234\data\admdb.sqlite
[2025-11-10 11:54:38] WARN: Could not read param for rate limit, using default. Error: {}
[2025-11-10 11:54:46] INFO: INI ALAMAT TABLENYA :  D:\Work\Mii\TEMPLATES\ssrtemplates\dist\ssrtemplates\server\data\admdb.sqlite
[2025-11-10 11:54:46] INFO: login limiter max set to 3
[2025-11-10 11:54:46] INFO: Node Express server listening on http://localhost:4000
[2025-11-10 11:57:25] INFO: INI ALAMAT TABLENYA :  D:\Work\Mii\TEMPLATES\ssrtemplates\.angular\prerender-root\ca233ccc-8850-4ab1-9981-7c8035345d9b\data\admdb.sqlite
[2025-11-10 11:57:25] WARN: Could not read param for rate limit, using default. Error: {}
[2025-11-10 11:57:25] INFO: Node Express server listening on http://localhost:4000
[2025-11-10 11:57:26] INFO: INI ALAMAT TABLENYA :  D:\Work\Mii\TEMPLATES\ssrtemplates\.angular\prerender-root\77984306-f2b9-42b3-8c0b-cb1561593917\data\admdb.sqlite
[2025-11-10 11:57:26] WARN: Could not read param for rate limit, using default. Error: {}
[2025-11-10 11:57:26] INFO: Node Express server listening on http://localhost:4000
[2025-11-10 11:57:26] INFO: INI ALAMAT TABLENYA :  D:\Work\Mii\TEMPLATES\ssrtemplates\.angular\prerender-root\3b0c7591-5814-4995-8fde-dfafe757eb6d\data\admdb.sqlite
[2025-11-10 11:57:26] WARN: Could not read param for rate limit, using default. Error: {}
[2025-11-10 11:57:26] INFO: INI ALAMAT TABLENYA :  D:\Work\Mii\TEMPLATES\ssrtemplates\.angular\prerender-root\27c06860-1030-4674-9346-e82d095b950c\data\admdb.sqlite
[2025-11-10 11:57:26] WARN: Could not read param for rate limit, using default. Error: {}
[2025-11-10 11:57:26] INFO: INI ALAMAT TABLENYA :  D:\Work\Mii\TEMPLATES\ssrtemplates\.angular\prerender-root\2a544698-fa5b-495a-af97-6fe6a7b1376b\data\admdb.sqlite
[2025-11-10 11:57:26] WARN: Could not read param for rate limit, using default. Error: {}
[2025-11-10 11:57:33] INFO: INI ALAMAT TABLENYA :  D:\Work\Mii\TEMPLATES\ssrtemplates\dist\ssrtemplates\server\data\admdb.sqlite
[2025-11-10 11:57:33] INFO: login limiter max set to 3
[2025-11-10 11:57:33] INFO: Node Express server listening on http://localhost:4000
[2025-11-10 12:01:32] INFO: INI ALAMAT TABLENYA :  D:\Work\Mii\TEMPLATES\ssrtemplates\.angular\prerender-root\bb202f64-d2e6-48f0-a960-c70331dc41d6\data\admdb.sqlite
[2025-11-10 12:01:32] WARN: Could not read param for rate limit, using default. Error: {}
[2025-11-10 12:01:32] INFO: Node Express server listening on http://localhost:4000
[2025-11-10 12:01:33] INFO: INI ALAMAT TABLENYA :  D:\Work\Mii\TEMPLATES\ssrtemplates\.angular\prerender-root\fa340784-2db3-44b9-a610-0d1c490e6be4\data\admdb.sqlite
[2025-11-10 12:01:34] WARN: Could not read param for rate limit, using default. Error: {}
[2025-11-10 12:01:34] INFO: Node Express server listening on http://localhost:4000
[2025-11-10 12:01:33] INFO: INI ALAMAT TABLENYA :  D:\Work\Mii\TEMPLATES\ssrtemplates\.angular\prerender-root\07dd56df-d105-4853-8a86-9f0e7fe6b9a1\data\admdb.sqlite
[2025-11-10 12:01:34] WARN: Could not read param for rate limit, using default. Error: {}
[2025-11-10 12:01:33] INFO: INI ALAMAT TABLENYA :  D:\Work\Mii\TEMPLATES\ssrtemplates\.angular\prerender-root\ff88b203-8cd4-4b7b-a635-934c0ceaa493\data\admdb.sqlite
[2025-11-10 12:01:34] WARN: Could not read param for rate limit, using default. Error: {}
[2025-11-10 12:01:33] INFO: INI ALAMAT TABLENYA :  D:\Work\Mii\TEMPLATES\ssrtemplates\.angular\prerender-root\ddc752b2-45e2-4e7f-a8aa-026c4bfd0a18\data\admdb.sqlite
[2025-11-10 12:01:34] WARN: Could not read param for rate limit, using default. Error: {}
[2025-11-10 12:01:41] INFO: INI ALAMAT TABLENYA :  D:\Work\Mii\TEMPLATES\ssrtemplates\dist\ssrtemplates\server\data\admdb.sqlite
[2025-11-10 12:01:41] INFO: login limiter max set to 3
[2025-11-10 12:01:41] INFO: Node Express server listening on http://localhost:4000
[2025-11-10 12:02:45] INFO: INI ALAMAT TABLENYA :  D:\Work\Mii\TEMPLATES\ssrtemplates\.angular\prerender-root\f54e429b-e5a6-4951-b0fb-63cc4c742ac7\data\admdb.sqlite
[2025-11-10 12:02:45] WARN: Could not read param for rate limit, using default. Error: {}
[2025-11-10 12:02:45] INFO: Node Express server listening on http://localhost:4000
[2025-11-10 12:02:46] INFO: INI ALAMAT TABLENYA :  D:\Work\Mii\TEMPLATES\ssrtemplates\.angular\prerender-root\ee33dfc0-a593-4042-87e6-8ce22fb6185a\data\admdb.sqlite
[2025-11-10 12:02:46] WARN: Could not read param for rate limit, using default. Error: {}
[2025-11-10 12:02:46] INFO: INI ALAMAT TABLENYA :  D:\Work\Mii\TEMPLATES\ssrtemplates\.angular\prerender-root\31e9647f-6867-4967-bc2b-3aab1dd63053\data\admdb.sqlite
[2025-11-10 12:02:46] WARN: Could not read param for rate limit, using default. Error: {}
[2025-11-10 12:02:46] INFO: Node Express server listening on http://localhost:4000
[2025-11-10 12:02:46] INFO: INI ALAMAT TABLENYA :  D:\Work\Mii\TEMPLATES\ssrtemplates\.angular\prerender-root\56a0a69d-a10f-4ed5-ae93-2de89c986e25\data\admdb.sqlite
[2025-11-10 12:02:46] WARN: Could not read param for rate limit, using default. Error: {}
[2025-11-10 12:02:46] INFO: INI ALAMAT TABLENYA :  D:\Work\Mii\TEMPLATES\ssrtemplates\.angular\prerender-root\1db5d89e-ee08-41f2-ab04-9f43d2e38919\data\admdb.sqlite
[2025-11-10 12:02:46] WARN: Could not read param for rate limit, using default. Error: {}
[2025-11-10 12:02:53] INFO: INI ALAMAT TABLENYA :  D:\Work\Mii\TEMPLATES\ssrtemplates\dist\ssrtemplates\server\data\admdb.sqlite
[2025-11-10 12:02:53] INFO: login limiter max set to 3
[2025-11-10 12:02:53] INFO: Node Express server listening on http://localhost:4000
[2025-11-10 12:10:26] INFO: INI ALAMAT TABLENYA :  D:\Work\Mii\TEMPLATES\ssrtemplates\.angular\prerender-root\a5191ab1-f7f7-4b2d-9d89-5d08016d2444\data\admdb.sqlite
[2025-11-10 12:10:26] WARN: Could not read param for rate limit, using default. Error: {}
[2025-11-10 12:10:26] INFO: Node Express server listening on http://localhost:4000
[2025-11-10 12:10:27] INFO: INI ALAMAT TABLENYA :  D:\Work\Mii\TEMPLATES\ssrtemplates\.angular\prerender-root\8e4bff48-e752-4279-83de-3691f7b25724\data\admdb.sqlite
[2025-11-10 12:10:27] WARN: Could not read param for rate limit, using default. Error: {}
[2025-11-10 12:10:27] INFO: Node Express server listening on http://localhost:4000
[2025-11-10 12:10:27] INFO: INI ALAMAT TABLENYA :  D:\Work\Mii\TEMPLATES\ssrtemplates\.angular\prerender-root\49ebde4e-3c8a-4cce-8566-552a3c937c34\data\admdb.sqlite
[2025-11-10 12:10:27] WARN: Could not read param for rate limit, using default. Error: {}
[2025-11-10 12:10:27] INFO: INI ALAMAT TABLENYA :  D:\Work\Mii\TEMPLATES\ssrtemplates\.angular\prerender-root\6f16daac-94e3-4538-84fa-8d5d71e4b5f9\data\admdb.sqlite
[2025-11-10 12:10:27] WARN: Could not read param for rate limit, using default. Error: {}
[2025-11-10 12:10:27] INFO: INI ALAMAT TABLENYA :  D:\Work\Mii\TEMPLATES\ssrtemplates\.angular\prerender-root\a40ea5ad-fffe-4539-9098-6a1e75ffaa36\data\admdb.sqlite
[2025-11-10 12:10:27] WARN: Could not read param for rate limit, using default. Error: {}
[2025-11-10 12:10:37] INFO: INI ALAMAT TABLENYA :  D:\Work\Mii\TEMPLATES\ssrtemplates\dist\ssrtemplates\server\data\admdb.sqlite
[2025-11-10 12:10:37] INFO: login limiter max set to 3
[2025-11-10 12:10:37] INFO: Node Express server listening on http://localhost:4000
[2025-11-10 12:11:16] INFO: INI ALAMAT TABLENYA :  D:\Work\Mii\TEMPLATES\ssrtemplates\.angular\prerender-root\44421574-bd90-4f5c-a32a-c4dbf4138048\data\admdb.sqlite
[2025-11-10 12:11:16] WARN: Could not read param for rate limit, using default. Error: {}
[2025-11-10 12:11:16] INFO: Node Express server listening on http://localhost:4000
[2025-11-10 12:11:18] INFO: INI ALAMAT TABLENYA :  D:\Work\Mii\TEMPLATES\ssrtemplates\.angular\prerender-root\ae5209e7-22a8-4c1d-9e10-4b6d72e4ddde\data\admdb.sqlite
[2025-11-10 12:11:18] WARN: Could not read param for rate limit, using default. Error: {}
[2025-11-10 12:11:18] INFO: Node Express server listening on http://localhost:4000
[2025-11-10 12:11:18] INFO: INI ALAMAT TABLENYA :  D:\Work\Mii\TEMPLATES\ssrtemplates\.angular\prerender-root\c7179937-d307-46f0-841f-c87e7c46015d\data\admdb.sqlite
[2025-11-10 12:11:18] WARN: Could not read param for rate limit, using default. Error: {}
[2025-11-10 12:11:18] INFO: INI ALAMAT TABLENYA :  D:\Work\Mii\TEMPLATES\ssrtemplates\.angular\prerender-root\06426663-e96a-457f-b115-d59e4569e0ee\data\admdb.sqlite
[2025-11-10 12:11:18] WARN: Could not read param for rate limit, using default. Error: {}
[2025-11-10 12:11:18] INFO: INI ALAMAT TABLENYA :  D:\Work\Mii\TEMPLATES\ssrtemplates\.angular\prerender-root\9e5e83e2-cae2-42a5-ba58-a87c3b78eeaf\data\admdb.sqlite
[2025-11-10 12:11:18] WARN: Could not read param for rate limit, using default. Error: {}
[2025-11-10 12:11:25] INFO: INI ALAMAT TABLENYA :  D:\Work\Mii\TEMPLATES\ssrtemplates\dist\ssrtemplates\server\data\admdb.sqlite
[2025-11-10 12:11:25] INFO: login limiter max set to 3
[2025-11-10 12:11:25] INFO: Node Express server listening on http://localhost:4000
[2025-11-10 12:12:25] INFO: INI ALAMAT TABLENYA :  D:\Work\Mii\TEMPLATES\ssrtemplates\.angular\prerender-root\58147da6-88e5-4726-b71e-121f699d0713\data\admdb.sqlite
[2025-11-10 12:12:25] WARN: Could not read param for rate limit, using default. Error: {}
[2025-11-10 12:12:25] INFO: Node Express server listening on http://localhost:4000
[2025-11-10 12:12:26] INFO: INI ALAMAT TABLENYA :  D:\Work\Mii\TEMPLATES\ssrtemplates\.angular\prerender-root\77bf6709-6222-4fa8-b84d-5097070ec646\data\admdb.sqlite
[2025-11-10 12:12:26] WARN: Could not read param for rate limit, using default. Error: {}
[2025-11-10 12:12:26] INFO: Node Express server listening on http://localhost:4000
[2025-11-10 12:12:26] INFO: INI ALAMAT TABLENYA :  D:\Work\Mii\TEMPLATES\ssrtemplates\.angular\prerender-root\f81cdd87-9242-46df-bbfe-ad72cdcd6b00\data\admdb.sqlite
[2025-11-10 12:12:26] WARN: Could not read param for rate limit, using default. Error: {}
[2025-11-10 12:12:26] INFO: INI ALAMAT TABLENYA :  D:\Work\Mii\TEMPLATES\ssrtemplates\.angular\prerender-root\595088e4-ea62-4aec-b71c-85843dd52888\data\admdb.sqlite
[2025-11-10 12:12:26] WARN: Could not read param for rate limit, using default. Error: {}
[2025-11-10 12:12:26] INFO: INI ALAMAT TABLENYA :  D:\Work\Mii\TEMPLATES\ssrtemplates\.angular\prerender-root\e00e7650-ae2c-46f1-b37f-8f54deb13822\data\admdb.sqlite
[2025-11-10 12:12:26] WARN: Could not read param for rate limit, using default. Error: {}
[2025-11-10 12:12:36] INFO: INI ALAMAT TABLENYA :  D:\Work\Mii\TEMPLATES\ssrtemplates\dist\ssrtemplates\server\data\admdb.sqlite
[2025-11-10 12:12:36] INFO: login limiter max set to 3
[2025-11-10 12:12:36] INFO: Node Express server listening on http://localhost:4000
[2025-11-10 12:16:41] INFO: INI ALAMAT TABLENYA :  D:\Work\Mii\TEMPLATES\ssrtemplates\.angular\prerender-root\ba35373d-14d1-43a5-9149-ee1fa1f78aeb\data\admdb.sqlite
[2025-11-10 12:16:41] WARN: Could not read param for rate limit, using default. Error: {}
[2025-11-10 12:16:42] INFO: Node Express server listening on http://localhost:4000
[2025-11-10 12:16:43] INFO: INI ALAMAT TABLENYA :  D:\Work\Mii\TEMPLATES\ssrtemplates\.angular\prerender-root\458781a6-689a-45c1-b852-d9eedcba93b3\data\admdb.sqlite
[2025-11-10 12:16:43] WARN: Could not read param for rate limit, using default. Error: {}
[2025-11-10 12:16:43] INFO: Node Express server listening on http://localhost:4000
[2025-11-10 12:16:43] INFO: INI ALAMAT TABLENYA :  D:\Work\Mii\TEMPLATES\ssrtemplates\.angular\prerender-root\7a30aa65-359d-4c1b-af10-a8b6cc87fb60\data\admdb.sqlite
[2025-11-10 12:16:43] WARN: Could not read param for rate limit, using default. Error: {}
[2025-11-10 12:16:43] INFO: INI ALAMAT TABLENYA :  D:\Work\Mii\TEMPLATES\ssrtemplates\.angular\prerender-root\fa2ab2a4-4ea4-4863-92dd-aba05f57d326\data\admdb.sqlite
[2025-11-10 12:16:43] WARN: Could not read param for rate limit, using default. Error: {}
[2025-11-10 12:16:43] INFO: INI ALAMAT TABLENYA :  D:\Work\Mii\TEMPLATES\ssrtemplates\.angular\prerender-root\739f3faf-7304-4cf9-854c-5bb5ab127d72\data\admdb.sqlite
[2025-11-10 12:16:43] WARN: Could not read param for rate limit, using default. Error: {}
[2025-11-10 12:16:50] INFO: INI ALAMAT TABLENYA :  D:\Work\Mii\TEMPLATES\ssrtemplates\dist\ssrtemplates\server\data\admdb.sqlite
[2025-11-10 12:16:50] INFO: login limiter max set to 3
[2025-11-10 12:16:50] INFO: Node Express server listening on http://localhost:4000
[2025-11-10 12:21:17] INFO: INI ALAMAT TABLENYA :  D:\Work\Mii\TEMPLATES\ssrtemplates\.angular\prerender-root\9895f6fb-24bb-4639-83b4-01c0922e5182\data\admdb.sqlite
[2025-11-10 12:21:17] WARN: Could not read param for rate limit, using default. Error: {}
[2025-11-10 12:21:17] INFO: Node Express server listening on http://localhost:4000
[2025-11-10 12:21:18] INFO: INI ALAMAT TABLENYA :  D:\Work\Mii\TEMPLATES\ssrtemplates\.angular\prerender-root\2f2c3ab9-d80b-41b8-8d95-50cb8d4b8bb5\data\admdb.sqlite
[2025-11-10 12:21:18] WARN: Could not read param for rate limit, using default. Error: {}
[2025-11-10 12:21:18] INFO: INI ALAMAT TABLENYA :  D:\Work\Mii\TEMPLATES\ssrtemplates\.angular\prerender-root\c114e3e3-dbc6-4cb7-8624-717eb092d83e\data\admdb.sqlite
[2025-11-10 12:21:18] WARN: Could not read param for rate limit, using default. Error: {}
[2025-11-10 12:21:18] INFO: Node Express server listening on http://localhost:4000
[2025-11-10 12:21:18] INFO: INI ALAMAT TABLENYA :  D:\Work\Mii\TEMPLATES\ssrtemplates\.angular\prerender-root\3f7b0129-7325-4536-afad-9fbc87145dfe\data\admdb.sqlite
[2025-11-10 12:21:18] WARN: Could not read param for rate limit, using default. Error: {}
[2025-11-10 12:21:18] INFO: INI ALAMAT TABLENYA :  D:\Work\Mii\TEMPLATES\ssrtemplates\.angular\prerender-root\1bf620a5-0043-49ac-9b4a-62ca95a764bf\data\admdb.sqlite
[2025-11-10 12:21:18] WARN: Could not read param for rate limit, using default. Error: {}
[2025-11-10 12:21:25] INFO: INI ALAMAT TABLENYA :  D:\Work\Mii\TEMPLATES\ssrtemplates\dist\ssrtemplates\server\data\admdb.sqlite
[2025-11-10 12:21:25] INFO: login limiter max set to 3
[2025-11-10 12:21:25] INFO: Node Express server listening on http://localhost:4000
[2025-11-10 12:26:11] INFO: INI ALAMAT TABLENYA :  D:\Work\Mii\TEMPLATES\ssrtemplates\.angular\prerender-root\54f5236e-0494-47bb-bc66-c3aca321b798\data\admdb.sqlite
[2025-11-10 12:26:11] WARN: Could not read param for rate limit, using default. Error: {}
[2025-11-10 12:26:11] INFO: Node Express server listening on http://localhost:4000
[2025-11-10 12:26:13] INFO: INI ALAMAT TABLENYA :  D:\Work\Mii\TEMPLATES\ssrtemplates\.angular\prerender-root\dedfecc7-e999-44b9-928c-31c341158a25\data\admdb.sqlite
[2025-11-10 12:26:13] WARN: Could not read param for rate limit, using default. Error: {}
[2025-11-10 12:26:13] INFO: INI ALAMAT TABLENYA :  D:\Work\Mii\TEMPLATES\ssrtemplates\.angular\prerender-root\2890b5b4-e979-41a3-9e61-a74877ce6504\data\admdb.sqlite
[2025-11-10 12:26:13] WARN: Could not read param for rate limit, using default. Error: {}
[2025-11-10 12:26:13] INFO: Node Express server listening on http://localhost:4000
[2025-11-10 12:26:13] INFO: INI ALAMAT TABLENYA :  D:\Work\Mii\TEMPLATES\ssrtemplates\.angular\prerender-root\0a112fdb-aa06-4b3a-a937-86facda77c20\data\admdb.sqlite
[2025-11-10 12:26:13] WARN: Could not read param for rate limit, using default. Error: {}
[2025-11-10 12:26:13] INFO: INI ALAMAT TABLENYA :  D:\Work\Mii\TEMPLATES\ssrtemplates\.angular\prerender-root\1b4adc97-86f7-42f4-92a8-65a829039d9b\data\admdb.sqlite
[2025-11-10 12:26:13] WARN: Could not read param for rate limit, using default. Error: {}
[2025-11-10 12:26:22] INFO: INI ALAMAT TABLENYA :  D:\Work\Mii\TEMPLATES\ssrtemplates\dist\ssrtemplates\server\data\admdb.sqlite
[2025-11-10 12:26:22] INFO: login limiter max set to 3
[2025-11-10 12:26:22] INFO: Node Express server listening on http://localhost:4000
[2025-11-10 12:26:59] INFO: INI ALAMAT TABLENYA :  D:\Work\Mii\TEMPLATES\ssrtemplates\.angular\prerender-root\25158d1f-c0f5-4357-a7d0-bbef477b7533\data\admdb.sqlite
[2025-11-10 12:26:59] WARN: Could not read param for rate limit, using default. Error: {}
[2025-11-10 12:26:59] INFO: Node Express server listening on http://localhost:4000
[2025-11-10 12:27:00] INFO: INI ALAMAT TABLENYA :  D:\Work\Mii\TEMPLATES\ssrtemplates\.angular\prerender-root\ebdb4d6d-7a42-436d-ad3b-e19f5c970ff7\data\admdb.sqlite
[2025-11-10 12:27:01] WARN: Could not read param for rate limit, using default. Error: {}
[2025-11-10 12:27:00] INFO: INI ALAMAT TABLENYA :  D:\Work\Mii\TEMPLATES\ssrtemplates\.angular\prerender-root\126b3023-2d59-4410-b787-bba7054bf913\data\admdb.sqlite
[2025-11-10 12:27:01] WARN: Could not read param for rate limit, using default. Error: {}
[2025-11-10 12:27:00] INFO: INI ALAMAT TABLENYA :  D:\Work\Mii\TEMPLATES\ssrtemplates\.angular\prerender-root\2a8cc94b-9a6d-4e23-a92d-d7331193d82c\data\admdb.sqlite
[2025-11-10 12:27:01] WARN: Could not read param for rate limit, using default. Error: {}
[2025-11-10 12:27:00] INFO: INI ALAMAT TABLENYA :  D:\Work\Mii\TEMPLATES\ssrtemplates\.angular\prerender-root\f243554f-0422-470c-bbb6-7800f5721f73\data\admdb.sqlite
[2025-11-10 12:27:01] WARN: Could not read param for rate limit, using default. Error: {}
[2025-11-10 12:27:01] INFO: Node Express server listening on http://localhost:4000
[2025-11-10 12:27:08] INFO: INI ALAMAT TABLENYA :  D:\Work\Mii\TEMPLATES\ssrtemplates\dist\ssrtemplates\server\data\admdb.sqlite
[2025-11-10 12:27:08] INFO: login limiter max set to 3
[2025-11-10 12:27:08] INFO: Node Express server listening on http://localhost:4000
[2025-11-10 12:28:37] INFO: INI ALAMAT TABLENYA :  D:\Work\Mii\TEMPLATES\ssrtemplates\.angular\prerender-root\eef7ee21-6dc4-4731-9cae-0392de6f64e7\data\admdb.sqlite
[2025-11-10 12:28:37] WARN: Could not read param for rate limit, using default. Error: {}
[2025-11-10 12:28:37] INFO: Node Express server listening on http://localhost:4000
[2025-11-10 12:28:39] INFO: INI ALAMAT TABLENYA :  D:\Work\Mii\TEMPLATES\ssrtemplates\.angular\prerender-root\837e3336-2133-4129-9640-7efe53b4586c\data\admdb.sqlite
[2025-11-10 12:28:39] WARN: Could not read param for rate limit, using default. Error: {}
[2025-11-10 12:28:39] INFO: INI ALAMAT TABLENYA :  D:\Work\Mii\TEMPLATES\ssrtemplates\.angular\prerender-root\525e63f1-3311-41d7-908b-d3c3402160a7\data\admdb.sqlite
[2025-11-10 12:28:39] WARN: Could not read param for rate limit, using default. Error: {}
[2025-11-10 12:28:39] INFO: Node Express server listening on http://localhost:4000
[2025-11-10 12:28:39] INFO: INI ALAMAT TABLENYA :  D:\Work\Mii\TEMPLATES\ssrtemplates\.angular\prerender-root\06aeb9ae-a1ec-43be-abc4-a6259fc971bd\data\admdb.sqlite
[2025-11-10 12:28:39] WARN: Could not read param for rate limit, using default. Error: {}
[2025-11-10 12:28:39] INFO: INI ALAMAT TABLENYA :  D:\Work\Mii\TEMPLATES\ssrtemplates\.angular\prerender-root\b0bd75b6-fe89-4b10-b691-919a2c82a488\data\admdb.sqlite
[2025-11-10 12:28:39] WARN: Could not read param for rate limit, using default. Error: {}
[2025-11-10 12:30:38] INFO: INI ALAMAT TABLENYA :  D:\Work\Mii\TEMPLATES\ssrtemplates\.angular\prerender-root\3d19de0d-81ee-4b0c-ad02-7d619cc5de12\data\admdb.sqlite
[2025-11-10 12:30:38] WARN: Could not read param for rate limit, using default. Error: {}
[2025-11-10 12:30:38] INFO: Node Express server listening on http://localhost:4000
[2025-11-10 12:30:40] INFO: INI ALAMAT TABLENYA :  D:\Work\Mii\TEMPLATES\ssrtemplates\.angular\prerender-root\68d1726c-aa49-42e6-9777-0274057c9ab3\data\admdb.sqlite
[2025-11-10 12:30:40] WARN: Could not read param for rate limit, using default. Error: {}
[2025-11-10 12:30:40] INFO: Node Express server listening on http://localhost:4000
[2025-11-10 12:30:40] INFO: INI ALAMAT TABLENYA :  D:\Work\Mii\TEMPLATES\ssrtemplates\.angular\prerender-root\378079bd-eb31-491d-ac70-aeed649a4efa\data\admdb.sqlite
[2025-11-10 12:30:40] WARN: Could not read param for rate limit, using default. Error: {}
[2025-11-10 12:30:40] INFO: INI ALAMAT TABLENYA :  D:\Work\Mii\TEMPLATES\ssrtemplates\.angular\prerender-root\1120187d-9f2d-4141-b8ce-83a76efdf053\data\admdb.sqlite
[2025-11-10 12:30:40] WARN: Could not read param for rate limit, using default. Error: {}
[2025-11-10 12:30:40] INFO: INI ALAMAT TABLENYA :  D:\Work\Mii\TEMPLATES\ssrtemplates\.angular\prerender-root\4a2c03d6-ecab-4e26-b978-6a16447c133b\data\admdb.sqlite
[2025-11-10 12:30:40] WARN: Could not read param for rate limit, using default. Error: {}
[2025-11-10 12:30:50] INFO: INI ALAMAT TABLENYA :  D:\Work\Mii\TEMPLATES\ssrtemplates\dist\ssrtemplates\server\data\admdb.sqlite
[2025-11-10 12:30:50] INFO: login limiter max set to 3
[2025-11-10 12:30:50] INFO: Node Express server listening on http://localhost:4000
[2025-11-10 12:35:18] INFO: INI ALAMAT TABLENYA :  D:\Work\Mii\TEMPLATES\ssrtemplates\.angular\prerender-root\f3c5f993-9f9c-4b88-8db4-65a1e7c6aa6e\data\admdb.sqlite
[2025-11-10 12:35:18] WARN: Could not read param for rate limit, using default. Error: {}
[2025-11-10 12:35:18] INFO: Node Express server listening on http://localhost:4000
[2025-11-10 12:35:20] INFO: INI ALAMAT TABLENYA :  D:\Work\Mii\TEMPLATES\ssrtemplates\.angular\prerender-root\6579689e-6a90-459a-86df-aae075413aa9\data\admdb.sqlite
[2025-11-10 12:35:20] WARN: Could not read param for rate limit, using default. Error: {}
[2025-11-10 12:35:20] INFO: Node Express server listening on http://localhost:4000
[2025-11-10 12:35:20] INFO: INI ALAMAT TABLENYA :  D:\Work\Mii\TEMPLATES\ssrtemplates\.angular\prerender-root\ca45cf39-35de-4a44-bc6f-8c1075d93331\data\admdb.sqlite
[2025-11-10 12:35:20] WARN: Could not read param for rate limit, using default. Error: {}
[2025-11-10 12:35:20] INFO: INI ALAMAT TABLENYA :  D:\Work\Mii\TEMPLATES\ssrtemplates\.angular\prerender-root\b1549e48-22f4-4130-88f0-0755b586597b\data\admdb.sqlite
[2025-11-10 12:35:20] WARN: Could not read param for rate limit, using default. Error: {}
[2025-11-10 12:35:20] INFO: INI ALAMAT TABLENYA :  D:\Work\Mii\TEMPLATES\ssrtemplates\.angular\prerender-root\290b7661-8afa-4a94-ad3a-5c4442e5d67c\data\admdb.sqlite
[2025-11-10 12:35:20] WARN: Could not read param for rate limit, using default. Error: {}
[2025-11-10 12:35:27] INFO: INI ALAMAT TABLENYA :  D:\Work\Mii\TEMPLATES\ssrtemplates\dist\ssrtemplates\server\data\admdb.sqlite
[2025-11-10 12:35:27] INFO: login limiter max set to 3
[2025-11-10 12:35:27] INFO: Node Express server listening on http://localhost:4000
[2025-11-10 12:37:26] INFO: INI ALAMAT TABLENYA :  D:\Work\Mii\TEMPLATES\ssrtemplates\.angular\prerender-root\5f7ca88f-2f57-4f57-8306-a4ebdb010057\data\admdb.sqlite
[2025-11-10 12:37:26] WARN: Could not read param for rate limit, using default. Error: {}
[2025-11-10 12:37:26] INFO: Node Express server listening on http://localhost:4000
[2025-11-10 12:37:30] INFO: INI ALAMAT TABLENYA :  D:\Work\Mii\TEMPLATES\ssrtemplates\.angular\prerender-root\90ce8a44-1cf0-4091-9a8c-a298be1cedd2\data\admdb.sqlite
[2025-11-10 12:37:30] WARN: Could not read param for rate limit, using default. Error: {}
[2025-11-10 12:37:30] INFO: Node Express server listening on http://localhost:4000
[2025-11-10 12:37:30] INFO: INI ALAMAT TABLENYA :  D:\Work\Mii\TEMPLATES\ssrtemplates\.angular\prerender-root\c8a17582-dae6-40da-9e06-1ae60ecdf9f5\data\admdb.sqlite
[2025-11-10 12:37:30] WARN: Could not read param for rate limit, using default. Error: {}
[2025-11-10 12:37:30] INFO: INI ALAMAT TABLENYA :  D:\Work\Mii\TEMPLATES\ssrtemplates\.angular\prerender-root\98dae198-84ca-487f-adf8-6048592ab220\data\admdb.sqlite
[2025-11-10 12:37:30] WARN: Could not read param for rate limit, using default. Error: {}
[2025-11-10 12:37:30] INFO: INI ALAMAT TABLENYA :  D:\Work\Mii\TEMPLATES\ssrtemplates\.angular\prerender-root\f5212247-76e8-4608-9baa-49cf7e69a09c\data\admdb.sqlite
[2025-11-10 12:37:30] WARN: Could not read param for rate limit, using default. Error: {}
[2025-11-10 12:37:35] ERROR: Error api.controller :  {}
[2025-11-10 12:37:43] INFO: INI ALAMAT TABLENYA :  D:\Work\Mii\TEMPLATES\ssrtemplates\dist\ssrtemplates\server\data\admdb.sqlite
[2025-11-10 12:37:43] INFO: login limiter max set to 3
[2025-11-10 12:37:43] INFO: Node Express server listening on http://localhost:4000
[2025-11-10 12:43:00] INFO: INI ALAMAT TABLENYA :  D:\Work\Mii\TEMPLATES\ssrtemplates\.angular\prerender-root\65bf9d02-9aca-4ccc-bf6c-330df78f203b\data\admdb.sqlite
[2025-11-10 12:43:00] WARN: Could not read param for rate limit, using default. Error: {}
[2025-11-10 12:43:00] INFO: Node Express server listening on http://localhost:4000
[2025-11-10 12:43:05] INFO: INI ALAMAT TABLENYA :  D:\Work\Mii\TEMPLATES\ssrtemplates\.angular\prerender-root\e672aafd-a875-42cb-aae8-ef3c45297463\data\admdb.sqlite
[2025-11-10 12:43:05] WARN: Could not read param for rate limit, using default. Error: {}
[2025-11-10 12:43:05] INFO: Node Express server listening on http://localhost:4000
[2025-11-10 12:43:05] INFO: INI ALAMAT TABLENYA :  D:\Work\Mii\TEMPLATES\ssrtemplates\.angular\prerender-root\06d12440-80e9-48ea-a450-442d81be7f87\data\admdb.sqlite
[2025-11-10 12:43:05] WARN: Could not read param for rate limit, using default. Error: {}
[2025-11-10 12:43:05] INFO: INI ALAMAT TABLENYA :  D:\Work\Mii\TEMPLATES\ssrtemplates\.angular\prerender-root\2ea7e228-d4c9-4f3d-860f-16698195ce27\data\admdb.sqlite
[2025-11-10 12:43:05] WARN: Could not read param for rate limit, using default. Error: {}
[2025-11-10 12:43:05] INFO: INI ALAMAT TABLENYA :  D:\Work\Mii\TEMPLATES\ssrtemplates\.angular\prerender-root\cf398ed9-1b4b-47dd-94ae-c41085f8e072\data\admdb.sqlite
[2025-11-10 12:43:05] WARN: Could not read param for rate limit, using default. Error: {}
[2025-11-10 12:44:06] INFO: INI ALAMAT TABLENYA :  D:\Work\Mii\TEMPLATES\ssrtemplates\.angular\prerender-root\fa9c0a6e-7d64-43dc-be6a-414afb5021a5\data\admdb.sqlite
[2025-11-10 12:44:06] WARN: Could not read param for rate limit, using default. Error: {}
[2025-11-10 12:44:06] INFO: Node Express server listening on http://localhost:4000
[2025-11-10 12:44:07] INFO: INI ALAMAT TABLENYA :  D:\Work\Mii\TEMPLATES\ssrtemplates\.angular\prerender-root\29e4e9ae-4f22-4a19-af3f-28aaf535c5e3\data\admdb.sqlite
[2025-11-10 12:44:07] WARN: Could not read param for rate limit, using default. Error: {}
[2025-11-10 12:44:07] INFO: Node Express server listening on http://localhost:4000
[2025-11-10 12:44:07] INFO: INI ALAMAT TABLENYA :  D:\Work\Mii\TEMPLATES\ssrtemplates\.angular\prerender-root\9c55575c-5a30-4913-9061-b79154ecb4dd\data\admdb.sqlite
[2025-11-10 12:44:07] WARN: Could not read param for rate limit, using default. Error: {}
[2025-11-10 12:44:07] INFO: INI ALAMAT TABLENYA :  D:\Work\Mii\TEMPLATES\ssrtemplates\.angular\prerender-root\22bf66d1-0205-4ed8-b4ef-84f606b23356\data\admdb.sqlite
[2025-11-10 12:44:07] WARN: Could not read param for rate limit, using default. Error: {}
[2025-11-10 12:44:07] INFO: INI ALAMAT TABLENYA :  D:\Work\Mii\TEMPLATES\ssrtemplates\.angular\prerender-root\b4cb8140-df65-45ad-a188-19fcab27fe2e\data\admdb.sqlite
[2025-11-10 12:44:07] WARN: Could not read param for rate limit, using default. Error: {}
[2025-11-10 12:44:15] INFO: INI ALAMAT TABLENYA :  D:\Work\Mii\TEMPLATES\ssrtemplates\dist\ssrtemplates\server\data\admdb.sqlite
[2025-11-10 12:44:15] INFO: login limiter max set to 3
[2025-11-10 12:44:15] INFO: Node Express server listening on http://localhost:4000
[2025-11-10 12:46:41] INFO: INI ALAMAT TABLENYA :  D:\Work\Mii\TEMPLATES\ssrtemplates\.angular\prerender-root\2c4b3bd7-92bf-4b08-980e-6935a7a9ba59\data\admdb.sqlite
[2025-11-10 12:46:41] WARN: Could not read param for rate limit, using default. Error: {}
[2025-11-10 12:46:41] INFO: Node Express server listening on http://localhost:4000
[2025-11-10 12:46:43] INFO: INI ALAMAT TABLENYA :  D:\Work\Mii\TEMPLATES\ssrtemplates\.angular\prerender-root\df62edda-407e-4767-96ff-fdbf710bf45f\data\admdb.sqlite
[2025-11-10 12:46:43] WARN: Could not read param for rate limit, using default. Error: {}
[2025-11-10 12:46:43] INFO: INI ALAMAT TABLENYA :  D:\Work\Mii\TEMPLATES\ssrtemplates\.angular\prerender-root\fd471d37-faa0-43b8-af4a-b6ca1e17efbf\data\admdb.sqlite
[2025-11-10 12:46:43] WARN: Could not read param for rate limit, using default. Error: {}
[2025-11-10 12:46:43] INFO: INI ALAMAT TABLENYA :  D:\Work\Mii\TEMPLATES\ssrtemplates\.angular\prerender-root\4c5177bf-c95d-46cd-b876-c487076cae18\data\admdb.sqlite
[2025-11-10 12:46:43] WARN: Could not read param for rate limit, using default. Error: {}
[2025-11-10 12:46:43] INFO: INI ALAMAT TABLENYA :  D:\Work\Mii\TEMPLATES\ssrtemplates\.angular\prerender-root\8e056a71-b732-4f1c-9137-57affcefd345\data\admdb.sqlite
[2025-11-10 12:46:43] WARN: Could not read param for rate limit, using default. Error: {}
[2025-11-10 12:46:43] INFO: Node Express server listening on http://localhost:4000
[2025-11-10 12:47:05] INFO: INI ALAMAT TABLENYA :  D:\Work\Mii\TEMPLATES\ssrtemplates\.angular\prerender-root\c9649d60-3998-4fe7-9e32-79953a98a52b\data\admdb.sqlite
[2025-11-10 12:47:05] WARN: Could not read param for rate limit, using default. Error: {}
[2025-11-10 12:47:05] INFO: Node Express server listening on http://localhost:4000
[2025-11-10 12:47:06] INFO: INI ALAMAT TABLENYA :  D:\Work\Mii\TEMPLATES\ssrtemplates\.angular\prerender-root\80242345-e1a5-477f-b9e3-6d091755305c\data\admdb.sqlite
[2025-11-10 12:47:06] WARN: Could not read param for rate limit, using default. Error: {}
[2025-11-10 12:47:06] INFO: Node Express server listening on http://localhost:4000
[2025-11-10 12:47:06] INFO: INI ALAMAT TABLENYA :  D:\Work\Mii\TEMPLATES\ssrtemplates\.angular\prerender-root\2af9a45c-8f5b-47be-a22f-0859aff6983b\data\admdb.sqlite
[2025-11-10 12:47:06] WARN: Could not read param for rate limit, using default. Error: {}
[2025-11-10 12:47:06] INFO: INI ALAMAT TABLENYA :  D:\Work\Mii\TEMPLATES\ssrtemplates\.angular\prerender-root\3333d3bb-60d4-40dd-a322-f07bfb9bcb51\data\admdb.sqlite
[2025-11-10 12:47:06] WARN: Could not read param for rate limit, using default. Error: {}
[2025-11-10 12:47:06] INFO: INI ALAMAT TABLENYA :  D:\Work\Mii\TEMPLATES\ssrtemplates\.angular\prerender-root\8e8b7b9b-a0c3-453f-a078-d61f25d75fc3\data\admdb.sqlite
[2025-11-10 12:47:06] WARN: Could not read param for rate limit, using default. Error: {}
[2025-11-10 12:47:13] INFO: INI ALAMAT TABLENYA :  D:\Work\Mii\TEMPLATES\ssrtemplates\dist\ssrtemplates\server\data\admdb.sqlite
[2025-11-10 12:47:13] INFO: login limiter max set to 3
[2025-11-10 12:47:13] INFO: Node Express server listening on http://localhost:4000
[2025-11-10 12:47:48] INFO: INI ALAMAT TABLENYA :  D:\Work\Mii\TEMPLATES\ssrtemplates\.angular\prerender-root\eccc1942-b45a-4701-95e9-cffefa09d13c\data\admdb.sqlite
[2025-11-10 12:47:48] WARN: Could not read param for rate limit, using default. Error: {}
[2025-11-10 12:47:48] INFO: Node Express server listening on http://localhost:4000
[2025-11-10 12:47:49] INFO: INI ALAMAT TABLENYA :  D:\Work\Mii\TEMPLATES\ssrtemplates\.angular\prerender-root\530a0fc9-30df-4fd9-8673-c7ee09982c19\data\admdb.sqlite
[2025-11-10 12:47:49] WARN: Could not read param for rate limit, using default. Error: {}
[2025-11-10 12:47:49] INFO: INI ALAMAT TABLENYA :  D:\Work\Mii\TEMPLATES\ssrtemplates\.angular\prerender-root\74920233-953a-4c02-920e-61628eeb0532\data\admdb.sqlite
[2025-11-10 12:47:49] WARN: Could not read param for rate limit, using default. Error: {}
[2025-11-10 12:47:49] INFO: Node Express server listening on http://localhost:4000
[2025-11-10 12:47:49] INFO: INI ALAMAT TABLENYA :  D:\Work\Mii\TEMPLATES\ssrtemplates\.angular\prerender-root\9739cece-1aad-4c6b-b533-59b3359bfebf\data\admdb.sqlite
[2025-11-10 12:47:49] WARN: Could not read param for rate limit, using default. Error: {}
[2025-11-10 12:47:49] INFO: INI ALAMAT TABLENYA :  D:\Work\Mii\TEMPLATES\ssrtemplates\.angular\prerender-root\bd7498c1-f72a-4d65-a91b-133d30a270dc\data\admdb.sqlite
[2025-11-10 12:47:49] WARN: Could not read param for rate limit, using default. Error: {}
[2025-11-10 12:48:25] INFO: INI ALAMAT TABLENYA :  D:\Work\Mii\TEMPLATES\ssrtemplates\.angular\prerender-root\1ac27af9-b284-4170-8dc8-16181b0d2241\data\admdb.sqlite
[2025-11-10 12:48:25] WARN: Could not read param for rate limit, using default. Error: {}
[2025-11-10 12:48:25] INFO: Node Express server listening on http://localhost:4000
[2025-11-10 12:48:27] INFO: INI ALAMAT TABLENYA :  D:\Work\Mii\TEMPLATES\ssrtemplates\.angular\prerender-root\ed3525fd-61cc-498b-be35-e021dc624cf6\data\admdb.sqlite
[2025-11-10 12:48:27] WARN: Could not read param for rate limit, using default. Error: {}
[2025-11-10 12:48:27] INFO: INI ALAMAT TABLENYA :  D:\Work\Mii\TEMPLATES\ssrtemplates\.angular\prerender-root\4985c0ba-d898-418c-90bb-6e10a5c72e13\data\admdb.sqlite
[2025-11-10 12:48:27] WARN: Could not read param for rate limit, using default. Error: {}
[2025-11-10 12:48:27] INFO: Node Express server listening on http://localhost:4000
[2025-11-10 12:48:27] INFO: INI ALAMAT TABLENYA :  D:\Work\Mii\TEMPLATES\ssrtemplates\.angular\prerender-root\7d1b5bbd-ed22-410d-9197-740ca4fc2629\data\admdb.sqlite
[2025-11-10 12:48:27] WARN: Could not read param for rate limit, using default. Error: {}
[2025-11-10 12:48:27] INFO: INI ALAMAT TABLENYA :  D:\Work\Mii\TEMPLATES\ssrtemplates\.angular\prerender-root\886f2916-b46e-4b84-85f5-e40a98f825df\data\admdb.sqlite
[2025-11-10 12:48:27] WARN: Could not read param for rate limit, using default. Error: {}
[2025-11-10 12:48:35] INFO: INI ALAMAT TABLENYA :  D:\Work\Mii\TEMPLATES\ssrtemplates\dist\ssrtemplates\server\data\admdb.sqlite
[2025-11-10 12:48:35] INFO: login limiter max set to 3
[2025-11-10 12:48:35] INFO: Node Express server listening on http://localhost:4000
[2025-11-10 12:50:36] INFO: INI ALAMAT TABLENYA :  D:\Work\Mii\TEMPLATES\ssrtemplates\.angular\prerender-root\f0553b76-f828-4841-9daf-e4eca17fc73b\data\admdb.sqlite
[2025-11-10 12:50:36] WARN: Could not read param for rate limit, using default. Error: {}
[2025-11-10 12:50:36] INFO: Node Express server listening on http://localhost:4000
[2025-11-10 12:50:36] ERROR: Error api.controller :  {}
[2025-11-10 12:50:39] INFO: INI ALAMAT TABLENYA :  D:\Work\Mii\TEMPLATES\ssrtemplates\.angular\prerender-root\357ce48e-7ead-49bb-b18d-081a5224fccb\data\admdb.sqlite
[2025-11-10 12:50:39] WARN: Could not read param for rate limit, using default. Error: {}
[2025-11-10 12:50:39] INFO: Node Express server listening on http://localhost:4000
[2025-11-10 12:50:39] INFO: INI ALAMAT TABLENYA :  D:\Work\Mii\TEMPLATES\ssrtemplates\.angular\prerender-root\37bf745b-f5f9-40d0-88fe-2d86b0951300\data\admdb.sqlite
[2025-11-10 12:50:39] WARN: Could not read param for rate limit, using default. Error: {}
[2025-11-10 12:50:39] INFO: INI ALAMAT TABLENYA :  D:\Work\Mii\TEMPLATES\ssrtemplates\.angular\prerender-root\fed387c3-48a0-4466-9c4b-10c15d779bb8\data\admdb.sqlite
[2025-11-10 12:50:39] WARN: Could not read param for rate limit, using default. Error: {}
[2025-11-10 12:50:39] INFO: INI ALAMAT TABLENYA :  D:\Work\Mii\TEMPLATES\ssrtemplates\.angular\prerender-root\c4009bf1-b856-47d4-8425-47b1b103c719\data\admdb.sqlite
[2025-11-10 12:50:39] WARN: Could not read param for rate limit, using default. Error: {}
[2025-11-10 12:53:11] INFO: INI ALAMAT TABLENYA :  D:\Work\Mii\TEMPLATES\ssrtemplates\.angular\prerender-root\b1ad3795-86c7-410d-919d-22b353b26e94\data\admdb.sqlite
[2025-11-10 12:53:11] WARN: Could not read param for rate limit, using default. Error: {}
[2025-11-10 12:53:11] INFO: Node Express server listening on http://localhost:4000
[2025-11-10 12:53:12] INFO: INI ALAMAT TABLENYA :  D:\Work\Mii\TEMPLATES\ssrtemplates\.angular\prerender-root\e2b7a34c-5211-4d4f-acd7-5165ce32edee\data\admdb.sqlite
[2025-11-10 12:53:12] WARN: Could not read param for rate limit, using default. Error: {}
[2025-11-10 12:53:12] INFO: Node Express server listening on http://localhost:4000
[2025-11-10 12:53:12] INFO: INI ALAMAT TABLENYA :  D:\Work\Mii\TEMPLATES\ssrtemplates\.angular\prerender-root\03c40c02-d83e-44ca-b68d-de8c0b416ddc\data\admdb.sqlite
[2025-11-10 12:53:12] WARN: Could not read param for rate limit, using default. Error: {}
[2025-11-10 12:53:12] INFO: INI ALAMAT TABLENYA :  D:\Work\Mii\TEMPLATES\ssrtemplates\.angular\prerender-root\073bccc3-79b1-470b-88b0-1b504902bc3e\data\admdb.sqlite
[2025-11-10 12:53:12] WARN: Could not read param for rate limit, using default. Error: {}
[2025-11-10 12:53:12] INFO: INI ALAMAT TABLENYA :  D:\Work\Mii\TEMPLATES\ssrtemplates\.angular\prerender-root\0efa7e53-66ae-47de-aff6-c647fe2ecf22\data\admdb.sqlite
[2025-11-10 12:53:12] WARN: Could not read param for rate limit, using default. Error: {}
[2025-11-10 12:53:19] INFO: INI ALAMAT TABLENYA :  D:\Work\Mii\TEMPLATES\ssrtemplates\dist\ssrtemplates\server\data\admdb.sqlite
[2025-11-10 12:53:19] INFO: login limiter max set to 3
[2025-11-10 12:53:19] INFO: Node Express server listening on http://localhost:4000
[2025-11-10 13:00:32] INFO: INI ALAMAT TABLENYA :  D:\Work\Mii\TEMPLATES\ssrtemplates\.angular\prerender-root\416c0d22-c9fb-4068-8587-71f0d17b5ec2\data\admdb.sqlite
[2025-11-10 13:00:32] WARN: Could not read param for rate limit, using default. Error: {}
[2025-11-10 13:00:32] INFO: Node Express server listening on http://localhost:4000
[2025-11-10 13:00:33] INFO: INI ALAMAT TABLENYA :  D:\Work\Mii\TEMPLATES\ssrtemplates\.angular\prerender-root\d95c569f-79d4-4f28-847f-3cabea561950\data\admdb.sqlite
[2025-11-10 13:00:33] WARN: Could not read param for rate limit, using default. Error: {}
[2025-11-10 13:00:34] INFO: Node Express server listening on http://localhost:4000
[2025-11-10 13:00:33] INFO: INI ALAMAT TABLENYA :  D:\Work\Mii\TEMPLATES\ssrtemplates\.angular\prerender-root\9612b888-6c16-4c2d-9802-f5b2f9549d12\data\admdb.sqlite
[2025-11-10 13:00:34] WARN: Could not read param for rate limit, using default. Error: {}
[2025-11-10 13:00:33] INFO: INI ALAMAT TABLENYA :  D:\Work\Mii\TEMPLATES\ssrtemplates\.angular\prerender-root\37f55376-9d11-4cff-8ec5-718a9d13707a\data\admdb.sqlite
[2025-11-10 13:00:34] WARN: Could not read param for rate limit, using default. Error: {}
[2025-11-10 13:00:33] INFO: INI ALAMAT TABLENYA :  D:\Work\Mii\TEMPLATES\ssrtemplates\.angular\prerender-root\89209a49-eab6-436b-9da0-1c2a28b18137\data\admdb.sqlite
[2025-11-10 13:00:34] WARN: Could not read param for rate limit, using default. Error: {}
[2025-11-10 13:00:41] INFO: INI ALAMAT TABLENYA :  D:\Work\Mii\TEMPLATES\ssrtemplates\dist\ssrtemplates\server\data\admdb.sqlite
[2025-11-10 13:00:41] INFO: login limiter max set to 3
[2025-11-10 13:00:41] INFO: Node Express server listening on http://localhost:4000
[2025-11-10 13:01:06] INFO: INI ALAMAT TABLENYA :  D:\Work\Mii\TEMPLATES\ssrtemplates\.angular\prerender-root\12396a59-2b5d-4b44-90c6-6ec3c8e551e9\data\admdb.sqlite
[2025-11-10 13:01:06] WARN: Could not read param for rate limit, using default. Error: {}
[2025-11-10 13:01:06] INFO: Node Express server listening on http://localhost:4000
[2025-11-10 13:01:08] INFO: INI ALAMAT TABLENYA :  D:\Work\Mii\TEMPLATES\ssrtemplates\.angular\prerender-root\1292c29f-bf9b-4c26-b81c-18d64e38a609\data\admdb.sqlite
[2025-11-10 13:01:08] WARN: Could not read param for rate limit, using default. Error: {}
[2025-11-10 13:01:08] INFO: Node Express server listening on http://localhost:4000
[2025-11-10 13:01:08] INFO: INI ALAMAT TABLENYA :  D:\Work\Mii\TEMPLATES\ssrtemplates\.angular\prerender-root\6ff5ce4b-a103-4191-bd4c-af8c9659f471\data\admdb.sqlite
[2025-11-10 13:01:08] WARN: Could not read param for rate limit, using default. Error: {}
[2025-11-10 13:01:08] INFO: INI ALAMAT TABLENYA :  D:\Work\Mii\TEMPLATES\ssrtemplates\.angular\prerender-root\c1d18eb6-da94-42b8-83ef-0e95fc4e405c\data\admdb.sqlite
[2025-11-10 13:01:08] WARN: Could not read param for rate limit, using default. Error: {}
[2025-11-10 13:01:08] INFO: INI ALAMAT TABLENYA :  D:\Work\Mii\TEMPLATES\ssrtemplates\.angular\prerender-root\67f03996-91d0-4658-8bc5-3ee8b8fecbdf\data\admdb.sqlite
[2025-11-10 13:01:08] WARN: Could not read param for rate limit, using default. Error: {}
[2025-11-10 13:01:22] INFO: INI ALAMAT TABLENYA :  D:\Work\Mii\TEMPLATES\ssrtemplates\dist\ssrtemplates\server\data\admdb.sqlite
[2025-11-10 13:01:22] INFO: login limiter max set to 3
[2025-11-10 13:01:22] INFO: Node Express server listening on http://localhost:4000
[2025-11-10 13:03:55] INFO: INI ALAMAT TABLENYA :  D:\Work\Mii\TEMPLATES\ssrtemplates\.angular\prerender-root\c5c055ad-0caa-4762-9f5c-62da49b2e380\data\admdb.sqlite
[2025-11-10 13:03:55] WARN: Could not read param for rate limit, using default. Error: {}
[2025-11-10 13:03:55] INFO: Node Express server listening on http://localhost:4000
[2025-11-10 13:03:56] INFO: INI ALAMAT TABLENYA :  D:\Work\Mii\TEMPLATES\ssrtemplates\.angular\prerender-root\d5c289d0-2909-48ca-85d5-a9a57da74a5f\data\admdb.sqlite
[2025-11-10 13:03:56] WARN: Could not read param for rate limit, using default. Error: {}
[2025-11-10 13:03:56] INFO: Node Express server listening on http://localhost:4000
[2025-11-10 13:03:56] INFO: INI ALAMAT TABLENYA :  D:\Work\Mii\TEMPLATES\ssrtemplates\.angular\prerender-root\ca40c7f6-fc72-4ce3-8d3e-35af4e7c736c\data\admdb.sqlite
[2025-11-10 13:03:56] WARN: Could not read param for rate limit, using default. Error: {}
[2025-11-10 13:03:56] INFO: INI ALAMAT TABLENYA :  D:\Work\Mii\TEMPLATES\ssrtemplates\.angular\prerender-root\365be631-c86d-4289-9060-b0efae332247\data\admdb.sqlite
[2025-11-10 13:03:56] WARN: Could not read param for rate limit, using default. Error: {}
[2025-11-10 13:03:56] INFO: INI ALAMAT TABLENYA :  D:\Work\Mii\TEMPLATES\ssrtemplates\.angular\prerender-root\2126bcb8-2292-4a3a-bc59-122398828e9c\data\admdb.sqlite
[2025-11-10 13:03:56] WARN: Could not read param for rate limit, using default. Error: {}
[2025-11-10 13:04:15] INFO: INI ALAMAT TABLENYA :  D:\Work\Mii\TEMPLATES\ssrtemplates\dist\ssrtemplates\server\data\admdb.sqlite
[2025-11-10 13:04:15] INFO: login limiter max set to 3
[2025-11-10 13:04:15] INFO: Node Express server listening on http://localhost:4000
[2025-11-10 13:06:45] INFO: INI ALAMAT TABLENYA :  D:\Work\Mii\TEMPLATES\ssrtemplates\.angular\prerender-root\31ffcdcc-c9a2-4430-930d-838ca304976f\data\admdb.sqlite
[2025-11-10 13:06:45] WARN: Could not read param for rate limit, using default. Error: {}
[2025-11-10 13:06:45] INFO: Node Express server listening on http://localhost:4000
[2025-11-10 13:06:47] INFO: INI ALAMAT TABLENYA :  D:\Work\Mii\TEMPLATES\ssrtemplates\.angular\prerender-root\49967292-2054-4222-b315-071b866ffa81\data\admdb.sqlite
[2025-11-10 13:06:47] WARN: Could not read param for rate limit, using default. Error: {}
[2025-11-10 13:06:47] INFO: INI ALAMAT TABLENYA :  D:\Work\Mii\TEMPLATES\ssrtemplates\.angular\prerender-root\1210772c-f51d-4257-9b25-a92baa0949fd\data\admdb.sqlite
[2025-11-10 13:06:47] WARN: Could not read param for rate limit, using default. Error: {}
[2025-11-10 13:06:47] INFO: Node Express server listening on http://localhost:4000
[2025-11-10 13:06:47] INFO: INI ALAMAT TABLENYA :  D:\Work\Mii\TEMPLATES\ssrtemplates\.angular\prerender-root\47ebf876-1b4f-462c-9bc2-0bfda9b10269\data\admdb.sqlite
[2025-11-10 13:06:47] WARN: Could not read param for rate limit, using default. Error: {}
[2025-11-10 13:06:47] INFO: INI ALAMAT TABLENYA :  D:\Work\Mii\TEMPLATES\ssrtemplates\.angular\prerender-root\5f059efb-6317-4541-a686-ea40bcbf56ea\data\admdb.sqlite
[2025-11-10 13:06:47] WARN: Could not read param for rate limit, using default. Error: {}
[2025-11-10 13:06:55] INFO: INI ALAMAT TABLENYA :  D:\Work\Mii\TEMPLATES\ssrtemplates\dist\ssrtemplates\server\data\admdb.sqlite
[2025-11-10 13:06:55] INFO: login limiter max set to 3
[2025-11-10 13:06:55] INFO: Node Express server listening on http://localhost:4000
