[2025-09-16 09:09:34] INFO: INI ALAMAT TABLENYA :  D:\Work\Mii\TEMPLATES\ssrtemplates\dist\ssrtemplates\server\data\admdb.sqlite
[2025-09-16 09:45:17] INFO: INI ALAMAT TABLENYA :  D:\Work\Mii\TEMPLATES\ssrtemplates\.angular\prerender-root\ef5f2a5f-cc3a-49ae-8132-6c735aed99c3\data\admdb.sqlite
[2025-09-16 09:45:25] INFO: INI ALAMAT TABLENYA :  D:\Work\Mii\TEMPLATES\ssrtemplates\.angular\prerender-root\9519cfe9-ded8-4ecc-9508-7e44c150556d\data\admdb.sqlite
[2025-09-16 09:45:25] INFO: INI ALAMAT TABLENYA :  D:\Work\Mii\TEMPLATES\ssrtemplates\.angular\prerender-root\2bda4d65-8bf0-4bde-b4e0-287f582a24ce\data\admdb.sqlite
[2025-09-16 09:45:25] INFO: INI ALAMAT TABLENYA :  D:\Work\Mii\TEMPLATES\ssrtemplates\.angular\prerender-root\f391dc97-2f10-4c64-9e11-da62c73e4f95\data\admdb.sqlite
[2025-09-16 09:45:25] INFO: INI ALAMAT TABLENYA :  D:\Work\Mii\TEMPLATES\ssrtemplates\.angular\prerender-root\d7563424-e271-4a19-9a81-065a61db5dbd\data\admdb.sqlite
[2025-09-16 09:46:09] INFO: INI ALAMAT TABLENYA :  D:\Work\Mii\TEMPLATES\ssrtemplates\dist\ssrtemplates\server\data\admdb.sqlite
[2025-09-16 10:01:42] INFO: INI ALAMAT TABLENYA :  D:\Work\Mii\TEMPLATES\ssrtemplates\dist\ssrtemplates\server\data\admdb.sqlite
[2025-09-16 10:22:59] INFO: INI ALAMAT TABLENYA :  D:\Work\Mii\TEMPLATES\ssrtemplates\.angular\prerender-root\e6f318ae-72e3-44fa-92b6-c3070eddc55a\data\admdb.sqlite
[2025-09-16 10:23:06] INFO: INI ALAMAT TABLENYA :  D:\Work\Mii\TEMPLATES\ssrtemplates\.angular\prerender-root\6664ef35-1592-4ade-ba40-057f97b72995\data\admdb.sqlite
[2025-09-16 10:23:06] INFO: INI ALAMAT TABLENYA :  D:\Work\Mii\TEMPLATES\ssrtemplates\.angular\prerender-root\bb76275b-dc46-4cc4-b75a-2fd826c5a4fd\data\admdb.sqlite
[2025-09-16 10:23:06] INFO: INI ALAMAT TABLENYA :  D:\Work\Mii\TEMPLATES\ssrtemplates\.angular\prerender-root\806dc598-e40a-4ffb-a050-4ee79943dd1b\data\admdb.sqlite
[2025-09-16 10:23:06] INFO: INI ALAMAT TABLENYA :  D:\Work\Mii\TEMPLATES\ssrtemplates\.angular\prerender-root\03a5946d-dfb6-437c-80fe-9bea410afd16\data\admdb.sqlite
[2025-09-16 10:23:53] INFO: INI ALAMAT TABLENYA :  D:\Work\Mii\TEMPLATES\ssrtemplates\dist\ssrtemplates\server\data\admdb.sqlite
[2025-09-16 10:32:31] INFO: INI ALAMAT TABLENYA :  D:\Work\Mii\TEMPLATES\ssrtemplates\.angular\prerender-root\4e37b3fe-f8bd-4dae-8e94-c44fa63001c3\data\admdb.sqlite
[2025-09-16 10:32:34] INFO: INI ALAMAT TABLENYA :  D:\Work\Mii\TEMPLATES\ssrtemplates\.angular\prerender-root\ae876141-9eec-4aee-9c83-ba2253523027\data\admdb.sqlite
[2025-09-16 10:32:34] INFO: INI ALAMAT TABLENYA :  D:\Work\Mii\TEMPLATES\ssrtemplates\.angular\prerender-root\08bc7a25-5df3-4093-9ff1-7b6c3e17f053\data\admdb.sqlite
[2025-09-16 10:32:34] INFO: INI ALAMAT TABLENYA :  D:\Work\Mii\TEMPLATES\ssrtemplates\.angular\prerender-root\adb79585-419d-422c-93a2-d91e7acc40c8\data\admdb.sqlite
[2025-09-16 10:32:34] INFO: INI ALAMAT TABLENYA :  D:\Work\Mii\TEMPLATES\ssrtemplates\.angular\prerender-root\b7729128-78de-43dd-82fb-be7968ae21ae\data\admdb.sqlite
[2025-09-16 10:32:44] INFO: INI ALAMAT TABLENYA :  D:\Work\Mii\TEMPLATES\ssrtemplates\dist\ssrtemplates\server\data\admdb.sqlite
[2025-09-16 10:40:26] INFO: INI ALAMAT TABLENYA :  D:\Work\Mii\TEMPLATES\ssrtemplates\.angular\prerender-root\211b2c4d-76f7-4473-9acc-71816fe9bf28\data\admdb.sqlite
[2025-09-16 10:40:28] INFO: INI ALAMAT TABLENYA :  D:\Work\Mii\TEMPLATES\ssrtemplates\.angular\prerender-root\f9515e46-1699-4d04-9bfb-dca3b7f78db1\data\admdb.sqlite
[2025-09-16 10:40:28] INFO: INI ALAMAT TABLENYA :  D:\Work\Mii\TEMPLATES\ssrtemplates\.angular\prerender-root\fe5581d6-689e-4446-a292-ff640895d7f3\data\admdb.sqlite
[2025-09-16 10:40:28] INFO: INI ALAMAT TABLENYA :  D:\Work\Mii\TEMPLATES\ssrtemplates\.angular\prerender-root\6b9fbbc4-f8fc-4fcc-909f-680d610b1cbb\data\admdb.sqlite
[2025-09-16 10:40:28] INFO: INI ALAMAT TABLENYA :  D:\Work\Mii\TEMPLATES\ssrtemplates\.angular\prerender-root\96b606f2-ef22-4fe0-b8e3-44932e561b21\data\admdb.sqlite
[2025-09-16 10:40:47] INFO: INI ALAMAT TABLENYA :  D:\Work\Mii\TEMPLATES\ssrtemplates\dist\ssrtemplates\server\data\admdb.sqlite
[2025-09-16 10:42:28] INFO: INI ALAMAT TABLENYA :  D:\Work\Mii\TEMPLATES\ssrtemplates\.angular\prerender-root\63e711d2-a2c0-4e69-9930-390312debd72\data\admdb.sqlite
[2025-09-16 10:42:31] INFO: INI ALAMAT TABLENYA :  D:\Work\Mii\TEMPLATES\ssrtemplates\.angular\prerender-root\4b7ac641-4a02-4a1c-b463-0ee44bd1d068\data\admdb.sqlite
[2025-09-16 10:42:31] INFO: INI ALAMAT TABLENYA :  D:\Work\Mii\TEMPLATES\ssrtemplates\.angular\prerender-root\fb0f6d15-1c4a-4946-93b2-21ef8cceb6f9\data\admdb.sqlite
[2025-09-16 10:42:31] INFO: INI ALAMAT TABLENYA :  D:\Work\Mii\TEMPLATES\ssrtemplates\.angular\prerender-root\cdcfe73e-5334-4908-b40c-0892ab92c082\data\admdb.sqlite
[2025-09-16 10:42:31] INFO: INI ALAMAT TABLENYA :  D:\Work\Mii\TEMPLATES\ssrtemplates\.angular\prerender-root\6a03a123-90b3-4073-960d-e1beb7a1857b\data\admdb.sqlite
[2025-09-16 10:42:41] INFO: INI ALAMAT TABLENYA :  D:\Work\Mii\TEMPLATES\ssrtemplates\dist\ssrtemplates\server\data\admdb.sqlite
[2025-09-16 10:50:45] INFO: INI ALAMAT TABLENYA :  D:\Work\Mii\TEMPLATES\ssrtemplates\.angular\prerender-root\6da6f1e8-1a1a-42d6-8974-b478d49b1a25\data\admdb.sqlite
[2025-09-16 10:50:47] INFO: INI ALAMAT TABLENYA :  D:\Work\Mii\TEMPLATES\ssrtemplates\.angular\prerender-root\c4c69701-6c00-4b92-8269-9ee567efa1af\data\admdb.sqlite
[2025-09-16 10:50:47] INFO: INI ALAMAT TABLENYA :  D:\Work\Mii\TEMPLATES\ssrtemplates\.angular\prerender-root\0668dd99-ea2b-4375-9028-6ca08b611996\data\admdb.sqlite
[2025-09-16 10:50:47] INFO: INI ALAMAT TABLENYA :  D:\Work\Mii\TEMPLATES\ssrtemplates\.angular\prerender-root\58e2af76-5797-45c0-a16c-5b6344e930be\data\admdb.sqlite
[2025-09-16 10:50:47] INFO: INI ALAMAT TABLENYA :  D:\Work\Mii\TEMPLATES\ssrtemplates\.angular\prerender-root\380bf728-f097-45b6-b759-938fb77aa264\data\admdb.sqlite
[2025-09-16 10:51:03] INFO: INI ALAMAT TABLENYA :  D:\Work\Mii\TEMPLATES\ssrtemplates\dist\ssrtemplates\server\data\admdb.sqlite
[2025-09-16 10:52:36] INFO: INI ALAMAT TABLENYA :  D:\Work\Mii\TEMPLATES\ssrtemplates\.angular\prerender-root\825443bf-1827-464a-bfd0-faeda41a7e66\data\admdb.sqlite
[2025-09-16 10:52:39] INFO: INI ALAMAT TABLENYA :  D:\Work\Mii\TEMPLATES\ssrtemplates\.angular\prerender-root\2d7711ea-db57-4d39-a4a2-d3e2bba14283\data\admdb.sqlite
[2025-09-16 10:52:39] INFO: INI ALAMAT TABLENYA :  D:\Work\Mii\TEMPLATES\ssrtemplates\.angular\prerender-root\210185c3-42fe-4522-bfe8-a5f2e0ff60c6\data\admdb.sqlite
[2025-09-16 10:52:39] INFO: INI ALAMAT TABLENYA :  D:\Work\Mii\TEMPLATES\ssrtemplates\.angular\prerender-root\7891e12d-a5f6-4e0b-953d-9fed6e114caa\data\admdb.sqlite
[2025-09-16 10:52:39] INFO: INI ALAMAT TABLENYA :  D:\Work\Mii\TEMPLATES\ssrtemplates\.angular\prerender-root\9e32dc3f-4877-4a7f-beac-76d2d1f4f569\data\admdb.sqlite
[2025-09-16 10:52:50] INFO: INI ALAMAT TABLENYA :  D:\Work\Mii\TEMPLATES\ssrtemplates\dist\ssrtemplates\server\data\admdb.sqlite
[2025-09-16 10:56:11] INFO: INI ALAMAT TABLENYA :  D:\Work\Mii\TEMPLATES\ssrtemplates\.angular\prerender-root\2bdf9f18-e6f3-4f0d-a7b4-4d3b6dd9bc9f\data\admdb.sqlite
[2025-09-16 10:56:13] INFO: INI ALAMAT TABLENYA :  D:\Work\Mii\TEMPLATES\ssrtemplates\.angular\prerender-root\fdf45a57-4887-4b62-9af6-83c241ccade2\data\admdb.sqlite
[2025-09-16 10:56:13] INFO: INI ALAMAT TABLENYA :  D:\Work\Mii\TEMPLATES\ssrtemplates\.angular\prerender-root\41c3d45c-2ce8-4ccb-9f73-9fa0e900abf8\data\admdb.sqlite
[2025-09-16 10:56:13] INFO: INI ALAMAT TABLENYA :  D:\Work\Mii\TEMPLATES\ssrtemplates\.angular\prerender-root\b6e811c1-5bfa-4ad9-a6f1-34255187631a\data\admdb.sqlite
[2025-09-16 10:56:13] INFO: INI ALAMAT TABLENYA :  D:\Work\Mii\TEMPLATES\ssrtemplates\.angular\prerender-root\d88d50f6-aa2c-4f18-9a37-6d1d7552d7de\data\admdb.sqlite
[2025-09-16 10:57:33] INFO: INI ALAMAT TABLENYA :  D:\Work\Mii\TEMPLATES\ssrtemplates\.angular\prerender-root\f7cd2208-0aba-46e3-b5a9-ec357306cd4a\data\admdb.sqlite
[2025-09-16 10:57:34] INFO: INI ALAMAT TABLENYA :  D:\Work\Mii\TEMPLATES\ssrtemplates\.angular\prerender-root\600da5e5-8bbe-48ac-8732-71547d464c2d\data\admdb.sqlite
[2025-09-16 10:57:34] INFO: INI ALAMAT TABLENYA :  D:\Work\Mii\TEMPLATES\ssrtemplates\.angular\prerender-root\493a734a-3530-49b1-b73c-0d4970cbe4e7\data\admdb.sqlite
[2025-09-16 10:57:34] INFO: INI ALAMAT TABLENYA :  D:\Work\Mii\TEMPLATES\ssrtemplates\.angular\prerender-root\8e69508b-7fd9-4839-a8b1-8221db75b37c\data\admdb.sqlite
[2025-09-16 10:57:34] INFO: INI ALAMAT TABLENYA :  D:\Work\Mii\TEMPLATES\ssrtemplates\.angular\prerender-root\f3f2631b-f33a-433c-9246-af67336fc760\data\admdb.sqlite
[2025-09-16 10:58:56] INFO: INI ALAMAT TABLENYA :  D:\Work\Mii\TEMPLATES\ssrtemplates\.angular\prerender-root\2bb4a854-ae4b-4c43-99a9-cb76ff164012\data\admdb.sqlite
[2025-09-16 10:58:57] INFO: INI ALAMAT TABLENYA :  D:\Work\Mii\TEMPLATES\ssrtemplates\.angular\prerender-root\738e3688-3636-48c7-af09-bde325459501\data\admdb.sqlite
[2025-09-16 10:58:57] INFO: INI ALAMAT TABLENYA :  D:\Work\Mii\TEMPLATES\ssrtemplates\.angular\prerender-root\f93cd78a-7171-428c-8e88-3729e5a7f688\data\admdb.sqlite
[2025-09-16 10:58:57] INFO: INI ALAMAT TABLENYA :  D:\Work\Mii\TEMPLATES\ssrtemplates\.angular\prerender-root\c994df8d-60e9-4653-8785-2b5e550e94b6\data\admdb.sqlite
[2025-09-16 10:58:57] INFO: INI ALAMAT TABLENYA :  D:\Work\Mii\TEMPLATES\ssrtemplates\.angular\prerender-root\01126b40-5805-45af-9fcb-09f134478bbf\data\admdb.sqlite
[2025-09-16 10:59:39] INFO: INI ALAMAT TABLENYA :  D:\Work\Mii\TEMPLATES\ssrtemplates\.angular\prerender-root\bc9eb72e-fb2d-4093-8070-dfa2ff381ece\data\admdb.sqlite
[2025-09-16 10:59:41] INFO: INI ALAMAT TABLENYA :  D:\Work\Mii\TEMPLATES\ssrtemplates\.angular\prerender-root\34990546-23e9-4ffb-982e-f6af579a36d1\data\admdb.sqlite
[2025-09-16 10:59:41] INFO: INI ALAMAT TABLENYA :  D:\Work\Mii\TEMPLATES\ssrtemplates\.angular\prerender-root\95ded82d-cb33-409d-8e46-0e37fc1df8bb\data\admdb.sqlite
[2025-09-16 10:59:41] INFO: INI ALAMAT TABLENYA :  D:\Work\Mii\TEMPLATES\ssrtemplates\.angular\prerender-root\11edff37-e01c-43aa-9145-93c64d82ef3e\data\admdb.sqlite
[2025-09-16 10:59:41] INFO: INI ALAMAT TABLENYA :  D:\Work\Mii\TEMPLATES\ssrtemplates\.angular\prerender-root\3f570d2d-5088-4aae-99ad-e8b17f79e645\data\admdb.sqlite
[2025-09-16 11:00:07] INFO: INI ALAMAT TABLENYA :  D:\Work\Mii\TEMPLATES\ssrtemplates\dist\ssrtemplates\server\data\admdb.sqlite
[2025-09-16 11:23:02] INFO: INI ALAMAT TABLENYA :  D:\Work\Mii\TEMPLATES\ssrtemplates\.angular\prerender-root\55c7e7da-95eb-4ef2-a363-984152ac0846\data\admdb.sqlite
[2025-09-16 11:23:04] INFO: INI ALAMAT TABLENYA :  D:\Work\Mii\TEMPLATES\ssrtemplates\.angular\prerender-root\9c346e2d-629b-4b11-bfe7-8d3bf508c90e\data\admdb.sqlite
[2025-09-16 11:23:04] INFO: INI ALAMAT TABLENYA :  D:\Work\Mii\TEMPLATES\ssrtemplates\.angular\prerender-root\b9475389-7281-435c-b19c-1e3af822eb91\data\admdb.sqlite
[2025-09-16 11:23:04] INFO: INI ALAMAT TABLENYA :  D:\Work\Mii\TEMPLATES\ssrtemplates\.angular\prerender-root\b47a73f4-e23a-447a-9089-8fd4ba3d735d\data\admdb.sqlite
[2025-09-16 11:23:04] INFO: INI ALAMAT TABLENYA :  D:\Work\Mii\TEMPLATES\ssrtemplates\.angular\prerender-root\17f9959b-1a3f-496f-8ea8-94fe5bcbc59f\data\admdb.sqlite
[2025-09-16 11:23:40] INFO: INI ALAMAT TABLENYA :  D:\Work\Mii\TEMPLATES\ssrtemplates\dist\ssrtemplates\server\data\admdb.sqlite
[2025-09-16 11:25:26] INFO: INI ALAMAT TABLENYA :  D:\Work\Mii\TEMPLATES\ssrtemplates\.angular\prerender-root\e593339f-8053-4ae7-b404-4ac2069ef393\data\admdb.sqlite
[2025-09-16 11:25:28] INFO: INI ALAMAT TABLENYA :  D:\Work\Mii\TEMPLATES\ssrtemplates\.angular\prerender-root\fdd1d3ce-41b3-4ee4-885d-4a0ede17c088\data\admdb.sqlite
[2025-09-16 11:25:28] INFO: INI ALAMAT TABLENYA :  D:\Work\Mii\TEMPLATES\ssrtemplates\.angular\prerender-root\27de6241-f828-4b00-9b58-c0f7c978644f\data\admdb.sqlite
[2025-09-16 11:25:28] INFO: INI ALAMAT TABLENYA :  D:\Work\Mii\TEMPLATES\ssrtemplates\.angular\prerender-root\3ea23dd4-a80a-4655-937c-4fdbd226a519\data\admdb.sqlite
[2025-09-16 11:25:28] INFO: INI ALAMAT TABLENYA :  D:\Work\Mii\TEMPLATES\ssrtemplates\.angular\prerender-root\5be3af8d-0bd6-4202-b529-6bc9315bc631\data\admdb.sqlite
[2025-09-16 11:27:37] INFO: INI ALAMAT TABLENYA :  D:\Work\Mii\TEMPLATES\ssrtemplates\.angular\prerender-root\069bfda3-c24c-4cc5-9c1c-b9ed67d6aea1\data\admdb.sqlite
[2025-09-16 11:27:38] INFO: INI ALAMAT TABLENYA :  D:\Work\Mii\TEMPLATES\ssrtemplates\.angular\prerender-root\c3dff128-e0b8-4499-ad2b-cea25d8dd8ed\data\admdb.sqlite
[2025-09-16 11:27:38] INFO: INI ALAMAT TABLENYA :  D:\Work\Mii\TEMPLATES\ssrtemplates\.angular\prerender-root\d5fdb55d-d7e8-4af8-8c5b-91b85f941e12\data\admdb.sqlite
[2025-09-16 11:27:38] INFO: INI ALAMAT TABLENYA :  D:\Work\Mii\TEMPLATES\ssrtemplates\.angular\prerender-root\a9c1395c-ec5d-4869-b593-9a94891b1ba1\data\admdb.sqlite
[2025-09-16 11:27:38] INFO: INI ALAMAT TABLENYA :  D:\Work\Mii\TEMPLATES\ssrtemplates\.angular\prerender-root\d95d3571-ce25-419f-b19b-1a96989d2bd3\data\admdb.sqlite
[2025-09-16 11:27:45] INFO: INI ALAMAT TABLENYA :  D:\Work\Mii\TEMPLATES\ssrtemplates\dist\ssrtemplates\server\data\admdb.sqlite
[2025-09-16 11:31:15] INFO: INI ALAMAT TABLENYA :  D:\Work\Mii\TEMPLATES\ssrtemplates\.angular\prerender-root\784e49b3-4913-435c-bf30-84d8294e0d49\data\admdb.sqlite
[2025-09-16 11:31:16] INFO: INI ALAMAT TABLENYA :  D:\Work\Mii\TEMPLATES\ssrtemplates\.angular\prerender-root\61bfb4d0-2b0e-445e-81b1-40bfd36beec4\data\admdb.sqlite
[2025-09-16 11:31:16] INFO: INI ALAMAT TABLENYA :  D:\Work\Mii\TEMPLATES\ssrtemplates\.angular\prerender-root\b158e1fd-f8c5-4094-911c-25fbafb83f50\data\admdb.sqlite
[2025-09-16 11:31:16] INFO: INI ALAMAT TABLENYA :  D:\Work\Mii\TEMPLATES\ssrtemplates\.angular\prerender-root\69a0e8c7-178c-45c9-9a05-19b226d7bcc8\data\admdb.sqlite
[2025-09-16 11:31:16] INFO: INI ALAMAT TABLENYA :  D:\Work\Mii\TEMPLATES\ssrtemplates\.angular\prerender-root\f97aa653-412e-4b3b-a3cc-c6d86ab0528f\data\admdb.sqlite
[2025-09-16 11:31:27] INFO: INI ALAMAT TABLENYA :  D:\Work\Mii\TEMPLATES\ssrtemplates\dist\ssrtemplates\server\data\admdb.sqlite
[2025-09-16 11:33:09] INFO: INI ALAMAT TABLENYA :  D:\Work\Mii\TEMPLATES\ssrtemplates\.angular\prerender-root\95bad010-2ac9-4175-a7f3-0e30c59dee9c\data\admdb.sqlite
[2025-09-16 11:33:10] INFO: INI ALAMAT TABLENYA :  D:\Work\Mii\TEMPLATES\ssrtemplates\.angular\prerender-root\2ef323fa-1cea-41dd-9aba-be35490d9aa7\data\admdb.sqlite
[2025-09-16 11:33:10] INFO: INI ALAMAT TABLENYA :  D:\Work\Mii\TEMPLATES\ssrtemplates\.angular\prerender-root\7522c8c3-7d04-4600-84e6-5a41c6c746de\data\admdb.sqlite
[2025-09-16 11:33:10] INFO: INI ALAMAT TABLENYA :  D:\Work\Mii\TEMPLATES\ssrtemplates\.angular\prerender-root\bc8263df-0be7-4297-bc1f-796158698d9c\data\admdb.sqlite
[2025-09-16 11:33:10] INFO: INI ALAMAT TABLENYA :  D:\Work\Mii\TEMPLATES\ssrtemplates\.angular\prerender-root\dca6bc79-f2fa-4064-a815-f9d454fefd9a\data\admdb.sqlite
[2025-09-16 11:34:29] INFO: INI ALAMAT TABLENYA :  D:\Work\Mii\TEMPLATES\ssrtemplates\.angular\prerender-root\5aa61352-e1ba-41f0-b13f-b30e8e90756d\data\admdb.sqlite
[2025-09-16 11:34:30] INFO: INI ALAMAT TABLENYA :  D:\Work\Mii\TEMPLATES\ssrtemplates\.angular\prerender-root\ed22f1e6-09c5-4d5d-ba27-b5d328993ac0\data\admdb.sqlite
[2025-09-16 11:34:30] INFO: INI ALAMAT TABLENYA :  D:\Work\Mii\TEMPLATES\ssrtemplates\.angular\prerender-root\84b8e0eb-5712-43a2-8f93-45cd1fb43d9e\data\admdb.sqlite
[2025-09-16 11:34:30] INFO: INI ALAMAT TABLENYA :  D:\Work\Mii\TEMPLATES\ssrtemplates\.angular\prerender-root\daec2bc4-4598-4371-9488-cd04d7cef6d5\data\admdb.sqlite
[2025-09-16 11:34:30] INFO: INI ALAMAT TABLENYA :  D:\Work\Mii\TEMPLATES\ssrtemplates\.angular\prerender-root\64a30176-7b5f-456a-817e-b91947fba613\data\admdb.sqlite
[2025-09-16 11:34:37] INFO: INI ALAMAT TABLENYA :  D:\Work\Mii\TEMPLATES\ssrtemplates\dist\ssrtemplates\server\data\admdb.sqlite
[2025-09-16 11:38:23] INFO: INI ALAMAT TABLENYA :  D:\Work\Mii\TEMPLATES\ssrtemplates\.angular\prerender-root\5e2e4601-e70d-4f62-8140-f914ab775ed5\data\admdb.sqlite
[2025-09-16 11:38:24] INFO: INI ALAMAT TABLENYA :  D:\Work\Mii\TEMPLATES\ssrtemplates\.angular\prerender-root\67938431-d3f3-4b26-9198-dba8756578ff\data\admdb.sqlite
[2025-09-16 11:38:24] INFO: INI ALAMAT TABLENYA :  D:\Work\Mii\TEMPLATES\ssrtemplates\.angular\prerender-root\5d46770e-e3e2-4ef6-89fd-79bb6aa420c2\data\admdb.sqlite
[2025-09-16 11:38:24] INFO: INI ALAMAT TABLENYA :  D:\Work\Mii\TEMPLATES\ssrtemplates\.angular\prerender-root\9595193a-4112-4c1a-9c11-45bd98fbf20d\data\admdb.sqlite
[2025-09-16 11:38:24] INFO: INI ALAMAT TABLENYA :  D:\Work\Mii\TEMPLATES\ssrtemplates\.angular\prerender-root\14506eea-04e3-4243-a321-c4671394ef87\data\admdb.sqlite
[2025-09-16 11:38:35] INFO: INI ALAMAT TABLENYA :  D:\Work\Mii\TEMPLATES\ssrtemplates\dist\ssrtemplates\server\data\admdb.sqlite
[2025-09-16 11:39:14] INFO: INI ALAMAT TABLENYA :  D:\Work\Mii\TEMPLATES\ssrtemplates\.angular\prerender-root\bb01f178-3d9c-42f1-8b26-0d064220a205\data\admdb.sqlite
[2025-09-16 11:39:15] INFO: INI ALAMAT TABLENYA :  D:\Work\Mii\TEMPLATES\ssrtemplates\.angular\prerender-root\5a572126-64f8-4a25-9ea8-1ea52bfb826d\data\admdb.sqlite
[2025-09-16 11:39:15] INFO: INI ALAMAT TABLENYA :  D:\Work\Mii\TEMPLATES\ssrtemplates\.angular\prerender-root\c17b8df1-fd28-4e7e-b391-01f86e4d9bda\data\admdb.sqlite
[2025-09-16 11:39:15] INFO: INI ALAMAT TABLENYA :  D:\Work\Mii\TEMPLATES\ssrtemplates\.angular\prerender-root\1493eaed-b92f-4073-b516-977c3030e8ce\data\admdb.sqlite
[2025-09-16 11:39:15] INFO: INI ALAMAT TABLENYA :  D:\Work\Mii\TEMPLATES\ssrtemplates\.angular\prerender-root\1b26c073-984a-4c3d-8d9c-c0d166ae8750\data\admdb.sqlite
[2025-09-16 11:39:37] INFO: INI ALAMAT TABLENYA :  D:\Work\Mii\TEMPLATES\ssrtemplates\dist\ssrtemplates\server\data\admdb.sqlite
[2025-09-16 11:40:17] INFO: INI ALAMAT TABLENYA :  D:\Work\Mii\TEMPLATES\ssrtemplates\.angular\prerender-root\592407fb-4559-4357-bd12-eac6c912d4ab\data\admdb.sqlite
[2025-09-16 11:40:18] INFO: INI ALAMAT TABLENYA :  D:\Work\Mii\TEMPLATES\ssrtemplates\.angular\prerender-root\c66f09a1-7d66-43d2-b627-aff68b75d90d\data\admdb.sqlite
[2025-09-16 11:40:18] INFO: INI ALAMAT TABLENYA :  D:\Work\Mii\TEMPLATES\ssrtemplates\.angular\prerender-root\11b1cac3-c63e-4892-829f-fba66921a419\data\admdb.sqlite
[2025-09-16 11:40:18] INFO: INI ALAMAT TABLENYA :  D:\Work\Mii\TEMPLATES\ssrtemplates\.angular\prerender-root\aafc52d3-ae75-49a2-bf3e-12c848773cf4\data\admdb.sqlite
[2025-09-16 11:40:18] INFO: INI ALAMAT TABLENYA :  D:\Work\Mii\TEMPLATES\ssrtemplates\.angular\prerender-root\56020067-9f2e-4f66-af19-ab87583729ed\data\admdb.sqlite
[2025-09-16 11:41:40] INFO: INI ALAMAT TABLENYA :  D:\Work\Mii\TEMPLATES\ssrtemplates\.angular\prerender-root\ad26327c-bd30-46f6-9445-834d51b50148\data\admdb.sqlite
[2025-09-16 11:41:42] INFO: INI ALAMAT TABLENYA :  D:\Work\Mii\TEMPLATES\ssrtemplates\.angular\prerender-root\f4453467-98b3-4df4-8363-e1226e617f6f\data\admdb.sqlite
[2025-09-16 11:41:42] INFO: INI ALAMAT TABLENYA :  D:\Work\Mii\TEMPLATES\ssrtemplates\.angular\prerender-root\9c486f77-63e6-452d-83b5-edc18ec36909\data\admdb.sqlite
[2025-09-16 11:41:42] INFO: INI ALAMAT TABLENYA :  D:\Work\Mii\TEMPLATES\ssrtemplates\.angular\prerender-root\4d795247-3c40-4735-b186-5f58fc3df0b8\data\admdb.sqlite
[2025-09-16 11:41:42] INFO: INI ALAMAT TABLENYA :  D:\Work\Mii\TEMPLATES\ssrtemplates\.angular\prerender-root\fc3350c8-b367-400e-9662-cdd665ce1471\data\admdb.sqlite
[2025-09-16 11:41:49] INFO: INI ALAMAT TABLENYA :  D:\Work\Mii\TEMPLATES\ssrtemplates\dist\ssrtemplates\server\data\admdb.sqlite
[2025-09-16 11:43:11] INFO: INI ALAMAT TABLENYA :  D:\Work\Mii\TEMPLATES\ssrtemplates\.angular\prerender-root\ae9edd44-1b7b-4125-b0d8-06023a3ed210\data\admdb.sqlite
[2025-09-16 11:43:12] INFO: INI ALAMAT TABLENYA :  D:\Work\Mii\TEMPLATES\ssrtemplates\.angular\prerender-root\5eeab79c-72a7-4baf-8c41-bc6c58ac4b51\data\admdb.sqlite
[2025-09-16 11:43:12] INFO: INI ALAMAT TABLENYA :  D:\Work\Mii\TEMPLATES\ssrtemplates\.angular\prerender-root\18e849ce-01e6-4de1-b9de-71066701daf9\data\admdb.sqlite
[2025-09-16 11:43:12] INFO: INI ALAMAT TABLENYA :  D:\Work\Mii\TEMPLATES\ssrtemplates\.angular\prerender-root\b9b8569c-4f84-4bec-a7f3-452393dde596\data\admdb.sqlite
[2025-09-16 11:43:12] INFO: INI ALAMAT TABLENYA :  D:\Work\Mii\TEMPLATES\ssrtemplates\.angular\prerender-root\49a368b5-bd76-483f-8769-2f6823610819\data\admdb.sqlite
[2025-09-16 11:43:20] INFO: INI ALAMAT TABLENYA :  D:\Work\Mii\TEMPLATES\ssrtemplates\dist\ssrtemplates\server\data\admdb.sqlite
[2025-09-16 12:34:42] INFO: INI ALAMAT TABLENYA :  D:\Work\Mii\TEMPLATES\ssrtemplates\.angular\prerender-root\72fcf7cb-1e77-4def-8059-4adc15a858f6\data\admdb.sqlite
[2025-09-16 12:34:54] INFO: INI ALAMAT TABLENYA :  D:\Work\Mii\TEMPLATES\ssrtemplates\.angular\prerender-root\c5dc97b8-73ec-4793-8846-be23d48a2da8\data\admdb.sqlite
[2025-09-16 12:34:54] INFO: INI ALAMAT TABLENYA :  D:\Work\Mii\TEMPLATES\ssrtemplates\.angular\prerender-root\0201a3f9-996a-44b4-88e1-f7ddcce0e282\data\admdb.sqlite
[2025-09-16 12:34:54] INFO: INI ALAMAT TABLENYA :  D:\Work\Mii\TEMPLATES\ssrtemplates\.angular\prerender-root\d0fe06db-4bfe-48d7-a66f-9c89e8ac987a\data\admdb.sqlite
[2025-09-16 12:34:54] INFO: INI ALAMAT TABLENYA :  D:\Work\Mii\TEMPLATES\ssrtemplates\.angular\prerender-root\3cbc56fe-2a42-4498-9604-89bc72ef17d4\data\admdb.sqlite
[2025-09-16 12:35:36] INFO: INI ALAMAT TABLENYA :  D:\Work\Mii\TEMPLATES\ssrtemplates\dist\ssrtemplates\server\data\admdb.sqlite
[2025-09-16 12:37:07] INFO: INI ALAMAT TABLENYA :  D:\Work\Mii\TEMPLATES\ssrtemplates\.angular\prerender-root\a01a7c41-9ce2-4c24-b1e2-f2cc9373adbc\data\admdb.sqlite
[2025-09-16 12:37:09] INFO: INI ALAMAT TABLENYA :  D:\Work\Mii\TEMPLATES\ssrtemplates\.angular\prerender-root\554a5828-b8fc-4f43-a146-23c63d18aacc\data\admdb.sqlite
[2025-09-16 12:37:09] INFO: INI ALAMAT TABLENYA :  D:\Work\Mii\TEMPLATES\ssrtemplates\.angular\prerender-root\450ae779-1e46-4a37-a66c-b6ece05c6f8c\data\admdb.sqlite
[2025-09-16 12:37:09] INFO: INI ALAMAT TABLENYA :  D:\Work\Mii\TEMPLATES\ssrtemplates\.angular\prerender-root\c45904c1-e1f7-4841-bec5-6e66dd9dfb22\data\admdb.sqlite
[2025-09-16 12:37:09] INFO: INI ALAMAT TABLENYA :  D:\Work\Mii\TEMPLATES\ssrtemplates\.angular\prerender-root\f3470e64-6510-4224-90fd-f4fad6539caf\data\admdb.sqlite
[2025-09-16 12:37:58] INFO: INI ALAMAT TABLENYA :  D:\Work\Mii\TEMPLATES\ssrtemplates\.angular\prerender-root\174b1912-38a5-40ee-b731-af491dbf44cb\data\admdb.sqlite
[2025-09-16 12:37:59] INFO: INI ALAMAT TABLENYA :  D:\Work\Mii\TEMPLATES\ssrtemplates\.angular\prerender-root\0f880e0f-700b-462e-9945-c02d1244c100\data\admdb.sqlite
[2025-09-16 12:37:59] INFO: INI ALAMAT TABLENYA :  D:\Work\Mii\TEMPLATES\ssrtemplates\.angular\prerender-root\fb409335-78e4-47ad-919f-14dad48844e7\data\admdb.sqlite
[2025-09-16 12:37:59] INFO: INI ALAMAT TABLENYA :  D:\Work\Mii\TEMPLATES\ssrtemplates\.angular\prerender-root\4378f3cd-f506-42cc-91f1-069f97c86bce\data\admdb.sqlite
[2025-09-16 12:37:59] INFO: INI ALAMAT TABLENYA :  D:\Work\Mii\TEMPLATES\ssrtemplates\.angular\prerender-root\a27f753d-3b8d-4950-813b-f0fd003f902a\data\admdb.sqlite
[2025-09-16 12:38:06] INFO: INI ALAMAT TABLENYA :  D:\Work\Mii\TEMPLATES\ssrtemplates\dist\ssrtemplates\server\data\admdb.sqlite
[2025-09-16 12:41:53] INFO: INI ALAMAT TABLENYA :  D:\Work\Mii\TEMPLATES\ssrtemplates\.angular\prerender-root\ad6e9216-f9d8-48e9-93df-4d5f56e9418b\data\admdb.sqlite
[2025-09-16 12:41:54] INFO: INI ALAMAT TABLENYA :  D:\Work\Mii\TEMPLATES\ssrtemplates\.angular\prerender-root\9d5f3305-c3d1-4573-aea2-0b6d3dd930bf\data\admdb.sqlite
[2025-09-16 12:41:54] INFO: INI ALAMAT TABLENYA :  D:\Work\Mii\TEMPLATES\ssrtemplates\.angular\prerender-root\d4b3a182-4215-48c1-b23c-1711433273a7\data\admdb.sqlite
[2025-09-16 12:41:54] INFO: INI ALAMAT TABLENYA :  D:\Work\Mii\TEMPLATES\ssrtemplates\.angular\prerender-root\502198fb-0be7-46f8-8115-5a6bfa1104b2\data\admdb.sqlite
[2025-09-16 12:41:54] INFO: INI ALAMAT TABLENYA :  D:\Work\Mii\TEMPLATES\ssrtemplates\.angular\prerender-root\82c34d7a-2166-4ffe-b9b8-cd7470d07b8e\data\admdb.sqlite
[2025-09-16 12:42:01] INFO: INI ALAMAT TABLENYA :  D:\Work\Mii\TEMPLATES\ssrtemplates\dist\ssrtemplates\server\data\admdb.sqlite
[2025-09-16 12:46:52] INFO: INI ALAMAT TABLENYA :  D:\Work\Mii\TEMPLATES\ssrtemplates\.angular\prerender-root\07a1c1cc-6c11-447b-a310-7bc2183e09f0\data\admdb.sqlite
[2025-09-16 12:46:53] INFO: INI ALAMAT TABLENYA :  D:\Work\Mii\TEMPLATES\ssrtemplates\.angular\prerender-root\c5ed8dc9-9da2-4df3-a77d-0e758e6602ff\data\admdb.sqlite
[2025-09-16 12:46:53] INFO: INI ALAMAT TABLENYA :  D:\Work\Mii\TEMPLATES\ssrtemplates\.angular\prerender-root\fd0a819f-4ef3-4f35-8f41-221a52ee2f99\data\admdb.sqlite
[2025-09-16 12:46:53] INFO: INI ALAMAT TABLENYA :  D:\Work\Mii\TEMPLATES\ssrtemplates\.angular\prerender-root\dabc93cc-b3d4-48b9-9866-d53445c896ca\data\admdb.sqlite
[2025-09-16 12:46:53] INFO: INI ALAMAT TABLENYA :  D:\Work\Mii\TEMPLATES\ssrtemplates\.angular\prerender-root\2005a577-7ab8-4c22-8e46-d8ca7d79efd2\data\admdb.sqlite
[2025-09-16 12:46:59] INFO: INI ALAMAT TABLENYA :  D:\Work\Mii\TEMPLATES\ssrtemplates\dist\ssrtemplates\server\data\admdb.sqlite
[2025-09-16 12:51:04] INFO: INI ALAMAT TABLENYA :  D:\Work\Mii\TEMPLATES\ssrtemplates\.angular\prerender-root\98ed73aa-f0dc-4e21-85bd-63344247b109\data\admdb.sqlite
[2025-09-16 12:51:05] INFO: INI ALAMAT TABLENYA :  D:\Work\Mii\TEMPLATES\ssrtemplates\.angular\prerender-root\86703bfb-32a0-4ea7-91ce-9e75e4f77378\data\admdb.sqlite
[2025-09-16 12:51:06] INFO: INI ALAMAT TABLENYA :  D:\Work\Mii\TEMPLATES\ssrtemplates\.angular\prerender-root\2f4b7ddd-45fb-43c0-a754-2de5ed48b8b2\data\admdb.sqlite
[2025-09-16 12:51:06] INFO: INI ALAMAT TABLENYA :  D:\Work\Mii\TEMPLATES\ssrtemplates\.angular\prerender-root\bec00df0-8699-414e-af2b-5c4b6e4b2d06\data\admdb.sqlite
[2025-09-16 12:51:06] INFO: INI ALAMAT TABLENYA :  D:\Work\Mii\TEMPLATES\ssrtemplates\.angular\prerender-root\cec7aa13-8aa6-42ec-9e4c-bc5c695a990c\data\admdb.sqlite
[2025-09-16 12:51:16] INFO: INI ALAMAT TABLENYA :  D:\Work\Mii\TEMPLATES\ssrtemplates\dist\ssrtemplates\server\data\admdb.sqlite
[2025-09-16 12:52:23] INFO: INI ALAMAT TABLENYA :  D:\Work\Mii\TEMPLATES\ssrtemplates\.angular\prerender-root\38dcbebf-ab4e-4410-b9cb-7354c6d80090\data\admdb.sqlite
[2025-09-16 12:52:25] INFO: INI ALAMAT TABLENYA :  D:\Work\Mii\TEMPLATES\ssrtemplates\.angular\prerender-root\ca971dbb-5a43-45e9-93f5-26abdefebd95\data\admdb.sqlite
[2025-09-16 12:52:25] INFO: INI ALAMAT TABLENYA :  D:\Work\Mii\TEMPLATES\ssrtemplates\.angular\prerender-root\9fbdb820-158a-4f85-bdf4-a3ba305f91bd\data\admdb.sqlite
[2025-09-16 12:52:25] INFO: INI ALAMAT TABLENYA :  D:\Work\Mii\TEMPLATES\ssrtemplates\.angular\prerender-root\425f4b72-84d8-4ab7-bd0d-ac7442ebd750\data\admdb.sqlite
[2025-09-16 12:52:25] INFO: INI ALAMAT TABLENYA :  D:\Work\Mii\TEMPLATES\ssrtemplates\.angular\prerender-root\b3e9f4f5-558b-48dd-84e9-1610719ae145\data\admdb.sqlite
[2025-09-16 12:52:36] INFO: INI ALAMAT TABLENYA :  D:\Work\Mii\TEMPLATES\ssrtemplates\dist\ssrtemplates\server\data\admdb.sqlite
[2025-09-16 12:54:06] INFO: INI ALAMAT TABLENYA :  D:\Work\Mii\TEMPLATES\ssrtemplates\.angular\prerender-root\bff56b0b-59f8-44b2-8604-ceeddcae850e\data\admdb.sqlite
[2025-09-16 12:54:08] INFO: INI ALAMAT TABLENYA :  D:\Work\Mii\TEMPLATES\ssrtemplates\.angular\prerender-root\074add8f-5f42-414b-9f43-9c0bb2362355\data\admdb.sqlite
[2025-09-16 12:54:08] INFO: INI ALAMAT TABLENYA :  D:\Work\Mii\TEMPLATES\ssrtemplates\.angular\prerender-root\1da78cb0-ba75-4cc5-b733-2da1920006c3\data\admdb.sqlite
[2025-09-16 12:54:08] INFO: INI ALAMAT TABLENYA :  D:\Work\Mii\TEMPLATES\ssrtemplates\.angular\prerender-root\4db10ea2-23de-410a-9396-2b22c3741d9d\data\admdb.sqlite
[2025-09-16 12:54:08] INFO: INI ALAMAT TABLENYA :  D:\Work\Mii\TEMPLATES\ssrtemplates\.angular\prerender-root\c3f6f286-d324-4c62-a713-840e13fa7dfa\data\admdb.sqlite
[2025-09-16 12:54:14] INFO: INI ALAMAT TABLENYA :  D:\Work\Mii\TEMPLATES\ssrtemplates\dist\ssrtemplates\server\data\admdb.sqlite
[2025-09-16 12:56:03] INFO: INI ALAMAT TABLENYA :  D:\Work\Mii\TEMPLATES\ssrtemplates\.angular\prerender-root\94d28bda-3fc9-4e15-b474-30db890ad19b\data\admdb.sqlite
[2025-09-16 12:56:05] INFO: INI ALAMAT TABLENYA :  D:\Work\Mii\TEMPLATES\ssrtemplates\.angular\prerender-root\985f3c11-3e01-4e39-9ec7-ab8529c2e989\data\admdb.sqlite
[2025-09-16 12:56:05] INFO: INI ALAMAT TABLENYA :  D:\Work\Mii\TEMPLATES\ssrtemplates\.angular\prerender-root\1ab7d1df-b6b5-4981-8246-1fc757c7a7e2\data\admdb.sqlite
[2025-09-16 12:56:05] INFO: INI ALAMAT TABLENYA :  D:\Work\Mii\TEMPLATES\ssrtemplates\.angular\prerender-root\edb1ba3c-ce31-4f1d-9906-cf1a4be9e345\data\admdb.sqlite
[2025-09-16 12:56:05] INFO: INI ALAMAT TABLENYA :  D:\Work\Mii\TEMPLATES\ssrtemplates\.angular\prerender-root\b8193057-9ebe-4750-b08f-bb6ba4c57aa4\data\admdb.sqlite
[2025-09-16 12:56:54] INFO: INI ALAMAT TABLENYA :  D:\Work\Mii\TEMPLATES\ssrtemplates\.angular\prerender-root\300e213c-c5ca-4b5a-8191-e9fa1efb14e6\data\admdb.sqlite
[2025-09-16 12:56:56] INFO: INI ALAMAT TABLENYA :  D:\Work\Mii\TEMPLATES\ssrtemplates\.angular\prerender-root\6d165ce9-c1e3-42aa-900a-fdf41ab3e0c5\data\admdb.sqlite
[2025-09-16 12:56:56] INFO: INI ALAMAT TABLENYA :  D:\Work\Mii\TEMPLATES\ssrtemplates\.angular\prerender-root\1c2c177a-6ee6-4499-886e-6a672d64da01\data\admdb.sqlite
[2025-09-16 12:56:56] INFO: INI ALAMAT TABLENYA :  D:\Work\Mii\TEMPLATES\ssrtemplates\.angular\prerender-root\705ea834-9770-40b7-869f-5c9ff4960b4f\data\admdb.sqlite
[2025-09-16 12:56:56] INFO: INI ALAMAT TABLENYA :  D:\Work\Mii\TEMPLATES\ssrtemplates\.angular\prerender-root\1ec5eb0e-ac7c-4541-bbb7-d367a0bac479\data\admdb.sqlite
[2025-09-16 12:57:02] INFO: INI ALAMAT TABLENYA :  D:\Work\Mii\TEMPLATES\ssrtemplates\dist\ssrtemplates\server\data\admdb.sqlite
[2025-09-16 15:36:19] INFO: INI ALAMAT TABLENYA :  D:\Work\Mii\TEMPLATES\ssrtemplates\.angular\prerender-root\cdbe378f-bf16-4589-927e-7a6019d9fcd8\data\admdb.sqlite
[2025-09-16 15:36:24] INFO: INI ALAMAT TABLENYA :  D:\Work\Mii\TEMPLATES\ssrtemplates\.angular\prerender-root\fb2ce5aa-37a1-4dbc-b446-66cabc769c0d\data\admdb.sqlite
[2025-09-16 15:36:24] INFO: INI ALAMAT TABLENYA :  D:\Work\Mii\TEMPLATES\ssrtemplates\.angular\prerender-root\c1e90d38-d83f-4d32-a275-a18c46d40907\data\admdb.sqlite
[2025-09-16 15:36:24] INFO: INI ALAMAT TABLENYA :  D:\Work\Mii\TEMPLATES\ssrtemplates\.angular\prerender-root\20f34808-0c8f-4022-b0c7-c3ca4194b1ec\data\admdb.sqlite
[2025-09-16 15:36:24] INFO: INI ALAMAT TABLENYA :  D:\Work\Mii\TEMPLATES\ssrtemplates\.angular\prerender-root\e9250a78-023c-458e-bbdd-943056c7bba1\data\admdb.sqlite
[2025-09-16 15:36:45] INFO: INI ALAMAT TABLENYA :  D:\Work\Mii\TEMPLATES\ssrtemplates\dist\ssrtemplates\server\data\admdb.sqlite
[2025-09-16 15:37:53] INFO: INI ALAMAT TABLENYA :  D:\Work\Mii\TEMPLATES\ssrtemplates\.angular\prerender-root\08778b2b-7dcd-4483-a808-a41b81fab104\data\admdb.sqlite
[2025-09-16 15:37:58] INFO: INI ALAMAT TABLENYA :  D:\Work\Mii\TEMPLATES\ssrtemplates\.angular\prerender-root\709db1f2-22f5-4e69-8cca-10364d9cb819\data\admdb.sqlite
[2025-09-16 15:37:58] INFO: INI ALAMAT TABLENYA :  D:\Work\Mii\TEMPLATES\ssrtemplates\.angular\prerender-root\90d89bf4-d648-4f89-88a2-273e3fb24657\data\admdb.sqlite
[2025-09-16 15:37:58] INFO: INI ALAMAT TABLENYA :  D:\Work\Mii\TEMPLATES\ssrtemplates\.angular\prerender-root\d7d604f2-ab16-464b-8a7f-5b285f9d04a4\data\admdb.sqlite
[2025-09-16 15:37:58] INFO: INI ALAMAT TABLENYA :  D:\Work\Mii\TEMPLATES\ssrtemplates\.angular\prerender-root\2d33ebdf-6fbf-4372-be4a-2daacf44a65b\data\admdb.sqlite
[2025-09-16 15:38:21] INFO: INI ALAMAT TABLENYA :  D:\Work\Mii\TEMPLATES\ssrtemplates\.angular\prerender-root\0832d907-a1a6-414a-af6d-3f05b5249e6d\data\admdb.sqlite
[2025-09-16 15:38:27] INFO: INI ALAMAT TABLENYA :  D:\Work\Mii\TEMPLATES\ssrtemplates\.angular\prerender-root\8dbbe5c9-359d-4ef0-ae37-aa9569eabee7\data\admdb.sqlite
[2025-09-16 15:38:27] INFO: INI ALAMAT TABLENYA :  D:\Work\Mii\TEMPLATES\ssrtemplates\.angular\prerender-root\ecd6da7b-e8d2-431c-9d47-ca6a600adbe4\data\admdb.sqlite
[2025-09-16 15:38:27] INFO: INI ALAMAT TABLENYA :  D:\Work\Mii\TEMPLATES\ssrtemplates\.angular\prerender-root\f65a1af2-8077-4170-8733-0c586ba27e21\data\admdb.sqlite
[2025-09-16 15:38:27] INFO: INI ALAMAT TABLENYA :  D:\Work\Mii\TEMPLATES\ssrtemplates\.angular\prerender-root\670de01f-a81c-4e40-b746-ebf91cad1f89\data\admdb.sqlite
[2025-09-16 15:38:44] INFO: INI ALAMAT TABLENYA :  D:\Work\Mii\TEMPLATES\ssrtemplates\dist\ssrtemplates\server\data\admdb.sqlite
[2025-09-16 15:39:51] INFO: INI ALAMAT TABLENYA :  D:\Work\Mii\TEMPLATES\ssrtemplates\.angular\prerender-root\af96ecf7-a9aa-4f87-8db4-bd7fdc7ae575\data\admdb.sqlite
[2025-09-16 15:39:57] INFO: INI ALAMAT TABLENYA :  D:\Work\Mii\TEMPLATES\ssrtemplates\.angular\prerender-root\6f862fb2-5be9-4866-a086-62994c19a4ba\data\admdb.sqlite
[2025-09-16 15:39:57] INFO: INI ALAMAT TABLENYA :  D:\Work\Mii\TEMPLATES\ssrtemplates\.angular\prerender-root\8eab4762-1fb0-4242-b905-419d2681297c\data\admdb.sqlite
[2025-09-16 15:39:57] INFO: INI ALAMAT TABLENYA :  D:\Work\Mii\TEMPLATES\ssrtemplates\.angular\prerender-root\65ff4cc0-29d1-4756-a63c-01da7140d70c\data\admdb.sqlite
[2025-09-16 15:39:57] INFO: INI ALAMAT TABLENYA :  D:\Work\Mii\TEMPLATES\ssrtemplates\.angular\prerender-root\d104d4d7-989c-449e-b98f-046db40b3541\data\admdb.sqlite
[2025-09-16 15:40:06] INFO: INI ALAMAT TABLENYA :  D:\Work\Mii\TEMPLATES\ssrtemplates\dist\ssrtemplates\server\data\admdb.sqlite
[2025-09-16 15:41:27] INFO: INI ALAMAT TABLENYA :  D:\Work\Mii\TEMPLATES\ssrtemplates\.angular\prerender-root\ded4a3d1-6894-4762-9fdb-8b8dc9f232ac\data\admdb.sqlite
[2025-09-16 15:41:34] INFO: INI ALAMAT TABLENYA :  D:\Work\Mii\TEMPLATES\ssrtemplates\.angular\prerender-root\f30ad70d-015d-431c-9a75-1b349244546a\data\admdb.sqlite
[2025-09-16 15:41:34] INFO: INI ALAMAT TABLENYA :  D:\Work\Mii\TEMPLATES\ssrtemplates\.angular\prerender-root\d270e22e-10a4-4e91-9440-0c2c27656de1\data\admdb.sqlite
[2025-09-16 15:41:34] INFO: INI ALAMAT TABLENYA :  D:\Work\Mii\TEMPLATES\ssrtemplates\.angular\prerender-root\36649d53-c7b0-4ead-9fab-06146b436f27\data\admdb.sqlite
[2025-09-16 15:41:34] INFO: INI ALAMAT TABLENYA :  D:\Work\Mii\TEMPLATES\ssrtemplates\.angular\prerender-root\d92b44a7-de45-4aec-bee6-60b9e15eacff\data\admdb.sqlite
[2025-09-16 15:41:51] INFO: INI ALAMAT TABLENYA :  D:\Work\Mii\TEMPLATES\ssrtemplates\dist\ssrtemplates\server\data\admdb.sqlite
[2025-09-16 15:43:02] INFO: INI ALAMAT TABLENYA :  D:\Work\Mii\TEMPLATES\ssrtemplates\.angular\prerender-root\75c5a29a-276a-43cf-a938-8c2e48580d18\data\admdb.sqlite
[2025-09-16 15:43:08] INFO: INI ALAMAT TABLENYA :  D:\Work\Mii\TEMPLATES\ssrtemplates\.angular\prerender-root\2154c3bf-a066-416e-940b-d69ea694373c\data\admdb.sqlite
[2025-09-16 15:43:08] INFO: INI ALAMAT TABLENYA :  D:\Work\Mii\TEMPLATES\ssrtemplates\.angular\prerender-root\b39a6e89-1384-4b2f-acc4-af62037b693d\data\admdb.sqlite
[2025-09-16 15:43:08] INFO: INI ALAMAT TABLENYA :  D:\Work\Mii\TEMPLATES\ssrtemplates\.angular\prerender-root\034a45b0-0621-4266-b32f-58ab8e5f2be0\data\admdb.sqlite
[2025-09-16 15:43:08] INFO: INI ALAMAT TABLENYA :  D:\Work\Mii\TEMPLATES\ssrtemplates\.angular\prerender-root\c29a3f2c-b8ff-452f-91ad-246d87c1192d\data\admdb.sqlite
[2025-09-16 15:43:21] INFO: INI ALAMAT TABLENYA :  D:\Work\Mii\TEMPLATES\ssrtemplates\dist\ssrtemplates\server\data\admdb.sqlite
[2025-09-16 15:44:05] INFO: INI ALAMAT TABLENYA :  D:\Work\Mii\TEMPLATES\ssrtemplates\.angular\prerender-root\735d0b3f-bcf6-482b-8eaa-fdb7a8b45e7a\data\admdb.sqlite
[2025-09-16 15:44:11] INFO: INI ALAMAT TABLENYA :  D:\Work\Mii\TEMPLATES\ssrtemplates\.angular\prerender-root\6b35757e-1834-430b-85af-6e402fa2cbff\data\admdb.sqlite
[2025-09-16 15:44:11] INFO: INI ALAMAT TABLENYA :  D:\Work\Mii\TEMPLATES\ssrtemplates\.angular\prerender-root\bb46a47a-99c3-4ea8-8cb6-60082836af79\data\admdb.sqlite
[2025-09-16 15:44:11] INFO: INI ALAMAT TABLENYA :  D:\Work\Mii\TEMPLATES\ssrtemplates\.angular\prerender-root\e1e34174-e9c9-4af5-980b-153f56ec0128\data\admdb.sqlite
[2025-09-16 15:44:11] INFO: INI ALAMAT TABLENYA :  D:\Work\Mii\TEMPLATES\ssrtemplates\.angular\prerender-root\7348c25b-ee63-4d08-b773-38a4fedacebb\data\admdb.sqlite
[2025-09-16 15:44:31] INFO: INI ALAMAT TABLENYA :  D:\Work\Mii\TEMPLATES\ssrtemplates\dist\ssrtemplates\server\data\admdb.sqlite
[2025-09-16 15:45:08] INFO: INI ALAMAT TABLENYA :  D:\Work\Mii\TEMPLATES\ssrtemplates\.angular\prerender-root\ae1d0f25-7d6d-4aa5-b60a-4b3f69940b4d\data\admdb.sqlite
[2025-09-16 15:45:10] INFO: INI ALAMAT TABLENYA :  D:\Work\Mii\TEMPLATES\ssrtemplates\.angular\prerender-root\82598761-709f-45bb-bf69-40a368dda2ee\data\admdb.sqlite
[2025-09-16 15:45:10] INFO: INI ALAMAT TABLENYA :  D:\Work\Mii\TEMPLATES\ssrtemplates\.angular\prerender-root\6d609ce9-ea68-45df-a257-2c12a71c2146\data\admdb.sqlite
[2025-09-16 15:45:10] INFO: INI ALAMAT TABLENYA :  D:\Work\Mii\TEMPLATES\ssrtemplates\.angular\prerender-root\3a7f79fd-dfa8-4563-b22f-32f41dab0e85\data\admdb.sqlite
[2025-09-16 15:45:10] INFO: INI ALAMAT TABLENYA :  D:\Work\Mii\TEMPLATES\ssrtemplates\.angular\prerender-root\3c75a31f-9c78-447d-a789-c7942360d785\data\admdb.sqlite
[2025-09-16 15:45:21] INFO: INI ALAMAT TABLENYA :  D:\Work\Mii\TEMPLATES\ssrtemplates\dist\ssrtemplates\server\data\admdb.sqlite
[2025-09-16 15:46:51] INFO: INI ALAMAT TABLENYA :  D:\Work\Mii\TEMPLATES\ssrtemplates\.angular\prerender-root\9f54c1ec-4af2-4a96-acef-defd8cf11ab1\data\admdb.sqlite
[2025-09-16 15:46:53] INFO: INI ALAMAT TABLENYA :  D:\Work\Mii\TEMPLATES\ssrtemplates\.angular\prerender-root\473c9eba-58c3-4c9b-a532-fac1f7d5ef3d\data\admdb.sqlite
[2025-09-16 15:46:53] INFO: INI ALAMAT TABLENYA :  D:\Work\Mii\TEMPLATES\ssrtemplates\.angular\prerender-root\36c4657c-fe60-48ae-9ec8-06f4b6971951\data\admdb.sqlite
[2025-09-16 15:46:53] INFO: INI ALAMAT TABLENYA :  D:\Work\Mii\TEMPLATES\ssrtemplates\.angular\prerender-root\4044b747-6391-43d8-8410-de8577f8a387\data\admdb.sqlite
[2025-09-16 15:46:53] INFO: INI ALAMAT TABLENYA :  D:\Work\Mii\TEMPLATES\ssrtemplates\.angular\prerender-root\36da9b8d-9cf5-40d4-ad40-201caf300f53\data\admdb.sqlite
[2025-09-16 15:47:05] INFO: INI ALAMAT TABLENYA :  D:\Work\Mii\TEMPLATES\ssrtemplates\dist\ssrtemplates\server\data\admdb.sqlite
[2025-09-16 15:50:19] INFO: INI ALAMAT TABLENYA :  D:\Work\Mii\TEMPLATES\ssrtemplates\.angular\prerender-root\6d8945fa-2e9d-44e9-99dc-9f37631f3337\data\admdb.sqlite
[2025-09-16 15:50:21] INFO: INI ALAMAT TABLENYA :  D:\Work\Mii\TEMPLATES\ssrtemplates\.angular\prerender-root\73bef118-13ad-4d6e-8f7a-ada425bcfa66\data\admdb.sqlite
[2025-09-16 15:50:21] INFO: INI ALAMAT TABLENYA :  D:\Work\Mii\TEMPLATES\ssrtemplates\.angular\prerender-root\f93c82b2-b766-4b3f-8d26-bed03e44cc15\data\admdb.sqlite
[2025-09-16 15:50:21] INFO: INI ALAMAT TABLENYA :  D:\Work\Mii\TEMPLATES\ssrtemplates\.angular\prerender-root\c2f68278-58b3-45ea-9149-79fbdd867308\data\admdb.sqlite
[2025-09-16 15:50:21] INFO: INI ALAMAT TABLENYA :  D:\Work\Mii\TEMPLATES\ssrtemplates\.angular\prerender-root\39cb5b9c-62d7-40a0-bd87-43c677e2c0e3\data\admdb.sqlite
[2025-09-16 15:50:38] INFO: INI ALAMAT TABLENYA :  D:\Work\Mii\TEMPLATES\ssrtemplates\dist\ssrtemplates\server\data\admdb.sqlite
[2025-09-16 15:52:33] INFO: INI ALAMAT TABLENYA :  D:\Work\Mii\TEMPLATES\ssrtemplates\.angular\prerender-root\72339ecf-cfc3-4bfd-b3ac-7ce53f2b219c\data\admdb.sqlite
[2025-09-16 15:52:38] INFO: INI ALAMAT TABLENYA :  D:\Work\Mii\TEMPLATES\ssrtemplates\.angular\prerender-root\9e354986-e891-4ce5-9567-f484d2762531\data\admdb.sqlite
[2025-09-16 15:52:38] INFO: INI ALAMAT TABLENYA :  D:\Work\Mii\TEMPLATES\ssrtemplates\.angular\prerender-root\88f6bf0a-8311-4ed3-b335-52882161d290\data\admdb.sqlite
[2025-09-16 15:52:38] INFO: INI ALAMAT TABLENYA :  D:\Work\Mii\TEMPLATES\ssrtemplates\.angular\prerender-root\fde3c3ef-11e2-4b3b-9c44-713161fff829\data\admdb.sqlite
[2025-09-16 15:52:38] INFO: INI ALAMAT TABLENYA :  D:\Work\Mii\TEMPLATES\ssrtemplates\.angular\prerender-root\e10308a9-8aba-496d-885f-74485e1f26b6\data\admdb.sqlite
[2025-09-16 15:52:56] INFO: INI ALAMAT TABLENYA :  D:\Work\Mii\TEMPLATES\ssrtemplates\dist\ssrtemplates\server\data\admdb.sqlite
[2025-09-16 15:56:04] INFO: INI ALAMAT TABLENYA :  D:\Work\Mii\TEMPLATES\ssrtemplates\.angular\prerender-root\fac7ca5a-5e6d-4a8a-8407-32c88e4c4513\data\admdb.sqlite
[2025-09-16 15:56:07] INFO: INI ALAMAT TABLENYA :  D:\Work\Mii\TEMPLATES\ssrtemplates\.angular\prerender-root\0308a348-2c23-484a-a5c4-77b2fdaaae99\data\admdb.sqlite
[2025-09-16 15:56:07] INFO: INI ALAMAT TABLENYA :  D:\Work\Mii\TEMPLATES\ssrtemplates\.angular\prerender-root\ce07954a-5786-4620-96b0-b2b06de7cb6c\data\admdb.sqlite
[2025-09-16 15:56:07] INFO: INI ALAMAT TABLENYA :  D:\Work\Mii\TEMPLATES\ssrtemplates\.angular\prerender-root\81635337-d47f-49b5-90a5-86b0ddfb896b\data\admdb.sqlite
[2025-09-16 15:56:07] INFO: INI ALAMAT TABLENYA :  D:\Work\Mii\TEMPLATES\ssrtemplates\.angular\prerender-root\ddf7df27-1dea-4fe1-86a2-9db5e4c7709f\data\admdb.sqlite
[2025-09-16 15:56:16] INFO: INI ALAMAT TABLENYA :  D:\Work\Mii\TEMPLATES\ssrtemplates\dist\ssrtemplates\server\data\admdb.sqlite
[2025-09-16 16:10:07] INFO: INI ALAMAT TABLENYA :  D:\Work\Mii\TEMPLATES\ssrtemplates\.angular\prerender-root\a565257f-f257-4edb-981e-fe3cec6c95a9\data\admdb.sqlite
[2025-09-16 16:10:09] INFO: INI ALAMAT TABLENYA :  D:\Work\Mii\TEMPLATES\ssrtemplates\.angular\prerender-root\f4f744c8-2444-47cb-be55-02f5ab308564\data\admdb.sqlite
[2025-09-16 16:10:09] INFO: INI ALAMAT TABLENYA :  D:\Work\Mii\TEMPLATES\ssrtemplates\.angular\prerender-root\fcacb68e-0e33-41d0-8d47-0cd04601497c\data\admdb.sqlite
[2025-09-16 16:10:09] INFO: INI ALAMAT TABLENYA :  D:\Work\Mii\TEMPLATES\ssrtemplates\.angular\prerender-root\9f667021-86df-4ead-b2c9-fe2d7bc5a38f\data\admdb.sqlite
[2025-09-16 16:10:09] INFO: INI ALAMAT TABLENYA :  D:\Work\Mii\TEMPLATES\ssrtemplates\.angular\prerender-root\83f51553-8b4c-4b52-80eb-99bc474e0a83\data\admdb.sqlite
[2025-09-16 16:10:37] INFO: INI ALAMAT TABLENYA :  D:\Work\Mii\TEMPLATES\ssrtemplates\.angular\prerender-root\db961845-88e9-4d50-883d-630597840083\data\admdb.sqlite
[2025-09-16 16:10:39] INFO: INI ALAMAT TABLENYA :  D:\Work\Mii\TEMPLATES\ssrtemplates\.angular\prerender-root\21eabf5d-4f92-4e1e-a52d-442047605011\data\admdb.sqlite
[2025-09-16 16:10:39] INFO: INI ALAMAT TABLENYA :  D:\Work\Mii\TEMPLATES\ssrtemplates\.angular\prerender-root\74456d50-a36b-41a5-9380-c35d65980410\data\admdb.sqlite
[2025-09-16 16:10:39] INFO: INI ALAMAT TABLENYA :  D:\Work\Mii\TEMPLATES\ssrtemplates\.angular\prerender-root\879814a3-1384-4dde-9c36-2aeff77ff005\data\admdb.sqlite
[2025-09-16 16:10:39] INFO: INI ALAMAT TABLENYA :  D:\Work\Mii\TEMPLATES\ssrtemplates\.angular\prerender-root\79d969e1-d337-42c0-8cca-461ba14cac00\data\admdb.sqlite
[2025-09-16 16:10:52] INFO: INI ALAMAT TABLENYA :  D:\Work\Mii\TEMPLATES\ssrtemplates\dist\ssrtemplates\server\data\admdb.sqlite
[2025-09-16 16:12:23] INFO: INI ALAMAT TABLENYA :  D:\Work\Mii\TEMPLATES\ssrtemplates\.angular\prerender-root\d41b9424-212f-4086-860e-48f5b42059bd\data\admdb.sqlite
[2025-09-16 16:12:25] INFO: INI ALAMAT TABLENYA :  D:\Work\Mii\TEMPLATES\ssrtemplates\.angular\prerender-root\47d227ea-99f5-4c9e-8e2d-44fa87658ac8\data\admdb.sqlite
[2025-09-16 16:12:25] INFO: INI ALAMAT TABLENYA :  D:\Work\Mii\TEMPLATES\ssrtemplates\.angular\prerender-root\e7e22322-aec2-4c11-9dc0-38635d0b5aef\data\admdb.sqlite
[2025-09-16 16:12:25] INFO: INI ALAMAT TABLENYA :  D:\Work\Mii\TEMPLATES\ssrtemplates\.angular\prerender-root\da2c93d5-831c-4342-b4fc-21cea941ea48\data\admdb.sqlite
[2025-09-16 16:12:25] INFO: INI ALAMAT TABLENYA :  D:\Work\Mii\TEMPLATES\ssrtemplates\.angular\prerender-root\7adea1c3-b5f4-4ddc-bef7-cb2d2c117f5b\data\admdb.sqlite
[2025-09-16 16:16:22] INFO: INI ALAMAT TABLENYA :  D:\Work\Mii\TEMPLATES\ssrtemplates\dist\ssrtemplates\server\data\admdb.sqlite
[2025-09-16 16:19:59] INFO: INI ALAMAT TABLENYA :  D:\Work\Mii\TEMPLATES\ssrtemplates\.angular\prerender-root\dc3a37be-0302-4c53-bfef-519903a3f7b9\data\admdb.sqlite
[2025-09-16 16:20:01] INFO: INI ALAMAT TABLENYA :  D:\Work\Mii\TEMPLATES\ssrtemplates\.angular\prerender-root\01dfba99-451d-4e15-994b-7332fd3d6191\data\admdb.sqlite
[2025-09-16 16:20:01] INFO: INI ALAMAT TABLENYA :  D:\Work\Mii\TEMPLATES\ssrtemplates\.angular\prerender-root\cb21c34a-36f3-45e9-ab9a-a2ff1860dffb\data\admdb.sqlite
[2025-09-16 16:20:01] INFO: INI ALAMAT TABLENYA :  D:\Work\Mii\TEMPLATES\ssrtemplates\.angular\prerender-root\ddc5c529-da25-48e7-83a9-2fc863ff556a\data\admdb.sqlite
[2025-09-16 16:20:01] INFO: INI ALAMAT TABLENYA :  D:\Work\Mii\TEMPLATES\ssrtemplates\.angular\prerender-root\179a9aad-046a-4422-921f-85a5eefac096\data\admdb.sqlite
[2025-09-16 16:20:11] INFO: INI ALAMAT TABLENYA :  D:\Work\Mii\TEMPLATES\ssrtemplates\dist\ssrtemplates\server\data\admdb.sqlite
[2025-09-16 16:28:18] INFO: INI ALAMAT TABLENYA :  D:\Work\Mii\TEMPLATES\ssrtemplates\.angular\prerender-root\d0523c44-504e-4177-a9da-29c7688aecfd\data\admdb.sqlite
[2025-09-16 16:28:20] INFO: INI ALAMAT TABLENYA :  D:\Work\Mii\TEMPLATES\ssrtemplates\.angular\prerender-root\ec3beb16-d662-43e2-9b14-05cc05b4b756\data\admdb.sqlite
[2025-09-16 16:28:20] INFO: INI ALAMAT TABLENYA :  D:\Work\Mii\TEMPLATES\ssrtemplates\.angular\prerender-root\799fef74-9080-4c15-9024-99713252bd4b\data\admdb.sqlite
[2025-09-16 16:28:20] INFO: INI ALAMAT TABLENYA :  D:\Work\Mii\TEMPLATES\ssrtemplates\.angular\prerender-root\0e9cdf04-efcc-4ba6-860a-44d6286e7d38\data\admdb.sqlite
[2025-09-16 16:28:20] INFO: INI ALAMAT TABLENYA :  D:\Work\Mii\TEMPLATES\ssrtemplates\.angular\prerender-root\9b928386-9da0-4bba-addd-1d81facc1a1b\data\admdb.sqlite
[2025-09-16 16:28:30] INFO: INI ALAMAT TABLENYA :  D:\Work\Mii\TEMPLATES\ssrtemplates\dist\ssrtemplates\server\data\admdb.sqlite
[2025-09-16 16:32:53] INFO: INI ALAMAT TABLENYA :  D:\Work\Mii\TEMPLATES\ssrtemplates\.angular\prerender-root\a18aea94-f82b-4a68-8ae4-411a2b1a8962\data\admdb.sqlite
[2025-09-16 16:32:56] INFO: INI ALAMAT TABLENYA :  D:\Work\Mii\TEMPLATES\ssrtemplates\.angular\prerender-root\f0cfb83e-c731-460e-aace-7b5e5e2a13e0\data\admdb.sqlite
[2025-09-16 16:32:56] INFO: INI ALAMAT TABLENYA :  D:\Work\Mii\TEMPLATES\ssrtemplates\.angular\prerender-root\815ee1a8-dbd2-446a-850e-7a12501906be\data\admdb.sqlite
[2025-09-16 16:32:56] INFO: INI ALAMAT TABLENYA :  D:\Work\Mii\TEMPLATES\ssrtemplates\.angular\prerender-root\9a639edd-db5e-4840-bfad-2bb3b7c64a23\data\admdb.sqlite
[2025-09-16 16:32:56] INFO: INI ALAMAT TABLENYA :  D:\Work\Mii\TEMPLATES\ssrtemplates\.angular\prerender-root\5829bce8-13d2-487b-aa13-e8a3e3df76bc\data\admdb.sqlite
[2025-09-16 16:33:09] INFO: INI ALAMAT TABLENYA :  D:\Work\Mii\TEMPLATES\ssrtemplates\dist\ssrtemplates\server\data\admdb.sqlite
[2025-09-16 16:36:37] INFO: INI ALAMAT TABLENYA :  D:\Work\Mii\TEMPLATES\ssrtemplates\.angular\prerender-root\873f5830-1b1e-48c9-811c-5931b2978702\data\admdb.sqlite
[2025-09-16 16:36:39] INFO: INI ALAMAT TABLENYA :  D:\Work\Mii\TEMPLATES\ssrtemplates\.angular\prerender-root\addfa4e1-aaa5-48b0-b814-5cad363907a3\data\admdb.sqlite
[2025-09-16 16:36:39] INFO: INI ALAMAT TABLENYA :  D:\Work\Mii\TEMPLATES\ssrtemplates\.angular\prerender-root\5c211c9d-f4b7-4cb4-a409-676eea824983\data\admdb.sqlite
[2025-09-16 16:36:39] INFO: INI ALAMAT TABLENYA :  D:\Work\Mii\TEMPLATES\ssrtemplates\.angular\prerender-root\3221e605-59fc-40a7-9d6b-5ea6cfb67310\data\admdb.sqlite
[2025-09-16 16:36:39] INFO: INI ALAMAT TABLENYA :  D:\Work\Mii\TEMPLATES\ssrtemplates\.angular\prerender-root\bb88d9b9-b4b8-40dd-b015-91a4932168bc\data\admdb.sqlite
[2025-09-16 16:37:13] INFO: INI ALAMAT TABLENYA :  D:\Work\Mii\TEMPLATES\ssrtemplates\dist\ssrtemplates\server\data\admdb.sqlite
[2025-09-16 16:37:48] ERROR: Error api.controller :  {"code":"SQLITE_CONSTRAINT_PRIMARYKEY"}
[2025-09-16 16:38:11] ERROR: Error api.controller :  {"code":"SQLITE_CONSTRAINT_PRIMARYKEY"}
[2025-09-16 16:42:42] INFO: INI ALAMAT TABLENYA :  D:\Work\Mii\TEMPLATES\ssrtemplates\.angular\prerender-root\c8337a49-f246-4017-bc86-0bf0b677e021\data\admdb.sqlite
[2025-09-16 16:42:44] INFO: INI ALAMAT TABLENYA :  D:\Work\Mii\TEMPLATES\ssrtemplates\.angular\prerender-root\1f59a91b-ee9e-438a-8363-9d59e1e88f4b\data\admdb.sqlite
[2025-09-16 16:42:44] INFO: INI ALAMAT TABLENYA :  D:\Work\Mii\TEMPLATES\ssrtemplates\.angular\prerender-root\38b99550-01f5-4619-9146-cca01ac19311\data\admdb.sqlite
[2025-09-16 16:42:44] INFO: INI ALAMAT TABLENYA :  D:\Work\Mii\TEMPLATES\ssrtemplates\.angular\prerender-root\b5275aa2-d3e4-4fd8-af76-3491f4404cde\data\admdb.sqlite
[2025-09-16 16:42:44] INFO: INI ALAMAT TABLENYA :  D:\Work\Mii\TEMPLATES\ssrtemplates\.angular\prerender-root\1bba3d04-a046-4754-a1b0-7759708c39a2\data\admdb.sqlite
[2025-09-16 16:43:14] INFO: INI ALAMAT TABLENYA :  D:\Work\Mii\TEMPLATES\ssrtemplates\dist\ssrtemplates\server\data\admdb.sqlite
[2025-09-16 16:45:01] INFO: INI ALAMAT TABLENYA :  D:\Work\Mii\TEMPLATES\ssrtemplates\.angular\prerender-root\fa83d08a-a6eb-47b7-91e7-6a3c157653de\data\admdb.sqlite
[2025-09-16 16:45:03] INFO: INI ALAMAT TABLENYA :  D:\Work\Mii\TEMPLATES\ssrtemplates\.angular\prerender-root\962d1158-6278-462d-9b57-b8309a525c9d\data\admdb.sqlite
[2025-09-16 16:45:03] INFO: INI ALAMAT TABLENYA :  D:\Work\Mii\TEMPLATES\ssrtemplates\.angular\prerender-root\67dc212f-d5cf-436d-82cd-1135046708a7\data\admdb.sqlite
[2025-09-16 16:45:04] INFO: INI ALAMAT TABLENYA :  D:\Work\Mii\TEMPLATES\ssrtemplates\.angular\prerender-root\a2ca1ad0-9928-4777-9154-944432467bd8\data\admdb.sqlite
[2025-09-16 16:45:04] INFO: INI ALAMAT TABLENYA :  D:\Work\Mii\TEMPLATES\ssrtemplates\.angular\prerender-root\bb3a223a-a56f-4238-bca3-9314cd0ee82d\data\admdb.sqlite
[2025-09-16 16:45:24] INFO: INI ALAMAT TABLENYA :  D:\Work\Mii\TEMPLATES\ssrtemplates\dist\ssrtemplates\server\data\admdb.sqlite
[2025-09-16 16:46:31] INFO: INI ALAMAT TABLENYA :  D:\Work\Mii\TEMPLATES\ssrtemplates\.angular\prerender-root\04b0bab3-93b5-44b2-a4e9-12f417b25ac2\data\admdb.sqlite
[2025-09-16 16:46:33] INFO: INI ALAMAT TABLENYA :  D:\Work\Mii\TEMPLATES\ssrtemplates\.angular\prerender-root\0dd6e421-b3b9-43b8-b95b-e4cb63fa09ff\data\admdb.sqlite
[2025-09-16 16:46:33] INFO: INI ALAMAT TABLENYA :  D:\Work\Mii\TEMPLATES\ssrtemplates\.angular\prerender-root\a2f2a54f-b49e-4ac4-ac3f-3876b99114da\data\admdb.sqlite
[2025-09-16 16:46:33] INFO: INI ALAMAT TABLENYA :  D:\Work\Mii\TEMPLATES\ssrtemplates\.angular\prerender-root\d3c44b1a-0991-4fa1-9101-4e0668ebef42\data\admdb.sqlite
[2025-09-16 16:46:33] INFO: INI ALAMAT TABLENYA :  D:\Work\Mii\TEMPLATES\ssrtemplates\.angular\prerender-root\4852fa6c-353b-4038-bcc9-392dcb85c1f3\data\admdb.sqlite
[2025-09-16 16:46:48] INFO: INI ALAMAT TABLENYA :  D:\Work\Mii\TEMPLATES\ssrtemplates\dist\ssrtemplates\server\data\admdb.sqlite
