[2025-11-18 10:09:35] INFO: INI ALAMAT TABLENYA :  D:\Work\Mii\TEMPLATES\ssrtemplates\.angular\prerender-root\5e260199-1a93-4dd0-b7cd-b470ce7b972f\data\admdb.sqlite
[2025-11-18 10:09:36] WARN: Could not read param for rate limit, using default. Error: {}
[2025-11-18 10:09:36] INFO: Node Express server listening on http://localhost:4000
[2025-11-18 10:09:56] INFO: INI ALAMAT TABLENYA :  D:\Work\Mii\TEMPLATES\ssrtemplates\.angular\prerender-root\3f9e5205-a91b-4300-85f8-4e8aaaa9f5cb\data\admdb.sqlite
[2025-11-18 10:09:56] WARN: Could not read param for rate limit, using default. Error: {}
[2025-11-18 10:09:57] INFO: Node Express server listening on http://localhost:4000
[2025-11-18 10:09:56] INFO: INI ALAMAT TABLENYA :  D:\Work\Mii\TEMPLATES\ssrtemplates\.angular\prerender-root\021c87d8-15f6-4278-9e2e-5849a31917d1\data\admdb.sqlite
[2025-11-18 10:09:57] WARN: Could not read param for rate limit, using default. Error: {}
[2025-11-18 10:09:56] INFO: INI ALAMAT TABLENYA :  D:\Work\Mii\TEMPLATES\ssrtemplates\.angular\prerender-root\595c18dd-8a7f-471c-93f3-27e01f514eb1\data\admdb.sqlite
[2025-11-18 10:09:57] WARN: Could not read param for rate limit, using default. Error: {}
[2025-11-18 10:09:56] INFO: INI ALAMAT TABLENYA :  D:\Work\Mii\TEMPLATES\ssrtemplates\.angular\prerender-root\0f634ad5-06a7-4d57-8fd6-8e33bb3ba439\data\admdb.sqlite
[2025-11-18 10:09:57] WARN: Could not read param for rate limit, using default. Error: {}
[2025-11-18 11:04:57] INFO: INI ALAMAT TABLENYA :  D:\Work\Mii\TEMPLATES\ssrtemplates\dist\ssrtemplates\server\data\admdb.sqlite
[2025-11-18 11:04:59] INFO: login limiter max set to 3
[2025-11-18 11:04:59] INFO: Node Express server listening on http://localhost:4000
[2025-11-18 16:37:08] INFO: INI ALAMAT TABLENYA :  D:\Work\Mii\TEMPLATES\ssrtemplates\.angular\prerender-root\83f2eec1-264f-4046-866a-ea0ff99e2391\data\admdb.sqlite
[2025-11-18 16:37:10] WARN: Could not read param for rate limit, using default. Error: {}
[2025-11-18 16:37:10] INFO: Node Express server listening on http://localhost:4000
[2025-11-18 16:37:38] INFO: INI ALAMAT TABLENYA :  D:\Work\Mii\TEMPLATES\ssrtemplates\.angular\prerender-root\a4049271-a6dc-493f-9791-d7675d0b1e6b\data\admdb.sqlite
[2025-11-18 16:37:38] WARN: Could not read param for rate limit, using default. Error: {}
[2025-11-18 16:37:38] INFO: Node Express server listening on http://localhost:4000
[2025-11-18 16:37:38] INFO: INI ALAMAT TABLENYA :  D:\Work\Mii\TEMPLATES\ssrtemplates\.angular\prerender-root\aa8a8a63-776b-4e9b-bc64-680f89bd1303\data\admdb.sqlite
[2025-11-18 16:37:38] WARN: Could not read param for rate limit, using default. Error: {}
[2025-11-18 16:37:38] INFO: INI ALAMAT TABLENYA :  D:\Work\Mii\TEMPLATES\ssrtemplates\.angular\prerender-root\8dc6a99a-23df-4f9a-9af6-dec87e2f73c3\data\admdb.sqlite
[2025-11-18 16:37:38] WARN: Could not read param for rate limit, using default. Error: {}
[2025-11-18 16:37:38] INFO: INI ALAMAT TABLENYA :  D:\Work\Mii\TEMPLATES\ssrtemplates\.angular\prerender-root\0d4d292c-d958-439b-a713-26f5a2fe7b29\data\admdb.sqlite
[2025-11-18 16:37:38] WARN: Could not read param for rate limit, using default. Error: {}
[2025-11-18 17:23:24] INFO: INI ALAMAT TABLENYA :  D:\Work\Mii\TEMPLATES\ssrtemplates\.angular\prerender-root\fa434181-d9b8-4317-bb63-2e78382797b0\data\admdb.sqlite
[2025-11-18 17:23:24] WARN: Could not read param for rate limit, using default. Error: {}
[2025-11-18 17:23:24] INFO: Node Express server listening on http://localhost:4000
[2025-11-18 17:23:28] INFO: INI ALAMAT TABLENYA :  D:\Work\Mii\TEMPLATES\ssrtemplates\.angular\prerender-root\338872d0-5094-46b4-9101-d882a21ce97a\data\admdb.sqlite
[2025-11-18 17:23:28] WARN: Could not read param for rate limit, using default. Error: {}
[2025-11-18 17:23:29] INFO: Node Express server listening on http://localhost:4000
[2025-11-18 17:23:28] INFO: INI ALAMAT TABLENYA :  D:\Work\Mii\TEMPLATES\ssrtemplates\.angular\prerender-root\94e11c52-7117-435a-9170-43225bfb3f62\data\admdb.sqlite
[2025-11-18 17:23:29] WARN: Could not read param for rate limit, using default. Error: {}
[2025-11-18 17:23:28] INFO: INI ALAMAT TABLENYA :  D:\Work\Mii\TEMPLATES\ssrtemplates\.angular\prerender-root\c2485e5b-50aa-4a63-a365-0e3ad7897ac4\data\admdb.sqlite
[2025-11-18 17:23:29] WARN: Could not read param for rate limit, using default. Error: {}
[2025-11-18 17:23:28] INFO: INI ALAMAT TABLENYA :  D:\Work\Mii\TEMPLATES\ssrtemplates\.angular\prerender-root\7799848c-d408-4c3e-bb7f-a2fb5efd6376\data\admdb.sqlite
[2025-11-18 17:23:29] WARN: Could not read param for rate limit, using default. Error: {}
[2025-11-18 17:23:59] INFO: INI ALAMAT TABLENYA :  D:\Work\Mii\TEMPLATES\ssrtemplates\.angular\prerender-root\d946d013-7dd0-4d75-98eb-131dc3f19f97\data\admdb.sqlite
[2025-11-18 17:23:59] WARN: Could not read param for rate limit, using default. Error: {}
[2025-11-18 17:23:59] INFO: Node Express server listening on http://localhost:4000
[2025-11-18 17:24:00] INFO: INI ALAMAT TABLENYA :  D:\Work\Mii\TEMPLATES\ssrtemplates\.angular\prerender-root\852c6d59-8a4b-42ac-a521-2264bf65e798\data\admdb.sqlite
[2025-11-18 17:24:00] WARN: Could not read param for rate limit, using default. Error: {}
[2025-11-18 17:24:00] INFO: INI ALAMAT TABLENYA :  D:\Work\Mii\TEMPLATES\ssrtemplates\.angular\prerender-root\50dbb043-e8df-4b7f-b979-e116df04bbaf\data\admdb.sqlite
[2025-11-18 17:24:00] WARN: Could not read param for rate limit, using default. Error: {}
[2025-11-18 17:24:00] INFO: INI ALAMAT TABLENYA :  D:\Work\Mii\TEMPLATES\ssrtemplates\.angular\prerender-root\e086ea3c-2073-4e45-a349-ee09d8db322c\data\admdb.sqlite
[2025-11-18 17:24:00] WARN: Could not read param for rate limit, using default. Error: {}
[2025-11-18 17:24:00] INFO: Node Express server listening on http://localhost:4000
[2025-11-18 17:24:00] INFO: INI ALAMAT TABLENYA :  D:\Work\Mii\TEMPLATES\ssrtemplates\.angular\prerender-root\0db897b6-36bc-4e51-a2cd-554e1b4d54c1\data\admdb.sqlite
[2025-11-18 17:24:00] WARN: Could not read param for rate limit, using default. Error: {}
[2025-11-18 17:24:15] INFO: INI ALAMAT TABLENYA :  D:\Work\Mii\TEMPLATES\ssrtemplates\dist\ssrtemplates\server\data\admdb.sqlite
[2025-11-18 17:24:15] INFO: login limiter max set to 3
[2025-11-18 17:24:15] INFO: Node Express server listening on http://localhost:4000
[2025-11-18 17:28:33] INFO: INI ALAMAT TABLENYA :  D:\Work\Mii\TEMPLATES\ssrtemplates\.angular\prerender-root\30490cc3-dee0-4975-b339-90df81268606\data\admdb.sqlite
[2025-11-18 17:28:33] WARN: Could not read param for rate limit, using default. Error: {}
[2025-11-18 17:28:33] INFO: Node Express server listening on http://localhost:4000
[2025-11-18 17:28:35] INFO: INI ALAMAT TABLENYA :  D:\Work\Mii\TEMPLATES\ssrtemplates\.angular\prerender-root\f53e9504-9b4c-4982-93c8-3b1a4dc4afe9\data\admdb.sqlite
[2025-11-18 17:28:35] WARN: Could not read param for rate limit, using default. Error: {}
[2025-11-18 17:28:35] INFO: Node Express server listening on http://localhost:4000
[2025-11-18 17:28:35] INFO: INI ALAMAT TABLENYA :  D:\Work\Mii\TEMPLATES\ssrtemplates\.angular\prerender-root\fbf37e3b-1bb0-4c20-8783-6cd35fdf555c\data\admdb.sqlite
[2025-11-18 17:28:35] WARN: Could not read param for rate limit, using default. Error: {}
[2025-11-18 17:28:35] INFO: INI ALAMAT TABLENYA :  D:\Work\Mii\TEMPLATES\ssrtemplates\.angular\prerender-root\7846eedb-43be-4790-abae-412d92fce149\data\admdb.sqlite
[2025-11-18 17:28:35] WARN: Could not read param for rate limit, using default. Error: {}
[2025-11-18 17:28:35] INFO: INI ALAMAT TABLENYA :  D:\Work\Mii\TEMPLATES\ssrtemplates\.angular\prerender-root\8bb3166d-5496-4e6b-ab0a-ed528211d02c\data\admdb.sqlite
[2025-11-18 17:28:35] WARN: Could not read param for rate limit, using default. Error: {}
[2025-11-18 17:28:42] INFO: INI ALAMAT TABLENYA :  D:\Work\Mii\TEMPLATES\ssrtemplates\dist\ssrtemplates\server\data\admdb.sqlite
[2025-11-18 17:28:42] INFO: login limiter max set to 3
[2025-11-18 17:28:42] INFO: Node Express server listening on http://localhost:4000
[2025-11-18 17:30:11] INFO: INI ALAMAT TABLENYA :  D:\Work\Mii\TEMPLATES\ssrtemplates\.angular\prerender-root\295ec2fc-aef1-42dd-8f62-4b5b78c0a22c\data\admdb.sqlite
[2025-11-18 17:30:11] WARN: Could not read param for rate limit, using default. Error: {}
[2025-11-18 17:30:11] INFO: Node Express server listening on http://localhost:4000
[2025-11-18 17:30:13] INFO: INI ALAMAT TABLENYA :  D:\Work\Mii\TEMPLATES\ssrtemplates\.angular\prerender-root\cabd02b6-cfc7-45bd-a00d-e03014a7f605\data\admdb.sqlite
[2025-11-18 17:30:13] WARN: Could not read param for rate limit, using default. Error: {}
[2025-11-18 17:30:13] INFO: INI ALAMAT TABLENYA :  D:\Work\Mii\TEMPLATES\ssrtemplates\.angular\prerender-root\001029c7-e49b-4d0d-93cf-6f8cacac2ab1\data\admdb.sqlite
[2025-11-18 17:30:13] WARN: Could not read param for rate limit, using default. Error: {}
[2025-11-18 17:30:13] INFO: Node Express server listening on http://localhost:4000
[2025-11-18 17:30:13] INFO: INI ALAMAT TABLENYA :  D:\Work\Mii\TEMPLATES\ssrtemplates\.angular\prerender-root\c82c1f14-c3f1-49e7-91ae-5c4bf0523332\data\admdb.sqlite
[2025-11-18 17:30:13] WARN: Could not read param for rate limit, using default. Error: {}
[2025-11-18 17:30:13] INFO: INI ALAMAT TABLENYA :  D:\Work\Mii\TEMPLATES\ssrtemplates\.angular\prerender-root\1a439737-623b-44ec-a58c-2ad7fbef374f\data\admdb.sqlite
[2025-11-18 17:30:13] WARN: Could not read param for rate limit, using default. Error: {}
[2025-11-18 17:31:30] INFO: INI ALAMAT TABLENYA :  D:\Work\Mii\TEMPLATES\ssrtemplates\.angular\prerender-root\e34940d3-82cd-47d0-a093-d67fcb33edd5\data\admdb.sqlite
[2025-11-18 17:31:30] WARN: Could not read param for rate limit, using default. Error: {}
[2025-11-18 17:31:30] INFO: Node Express server listening on http://localhost:4000
[2025-11-18 17:31:31] INFO: INI ALAMAT TABLENYA :  D:\Work\Mii\TEMPLATES\ssrtemplates\.angular\prerender-root\2b17eee5-9aed-458a-ae19-d0dc2afc603e\data\admdb.sqlite
[2025-11-18 17:31:31] WARN: Could not read param for rate limit, using default. Error: {}
[2025-11-18 17:31:31] INFO: INI ALAMAT TABLENYA :  D:\Work\Mii\TEMPLATES\ssrtemplates\.angular\prerender-root\16d9a56d-98d9-42e4-a92c-c146f14aad08\data\admdb.sqlite
[2025-11-18 17:31:31] WARN: Could not read param for rate limit, using default. Error: {}
[2025-11-18 17:31:31] INFO: INI ALAMAT TABLENYA :  D:\Work\Mii\TEMPLATES\ssrtemplates\.angular\prerender-root\9ffc6d7e-0e09-493a-94c5-fde14476a824\data\admdb.sqlite
[2025-11-18 17:31:31] WARN: Could not read param for rate limit, using default. Error: {}
[2025-11-18 17:31:31] INFO: Node Express server listening on http://localhost:4000
[2025-11-18 17:31:31] INFO: INI ALAMAT TABLENYA :  D:\Work\Mii\TEMPLATES\ssrtemplates\.angular\prerender-root\01023572-0a44-4497-af78-08d30125a2fd\data\admdb.sqlite
[2025-11-18 17:31:31] WARN: Could not read param for rate limit, using default. Error: {}
[2025-11-18 17:31:45] INFO: INI ALAMAT TABLENYA :  D:\Work\Mii\TEMPLATES\ssrtemplates\dist\ssrtemplates\server\data\admdb.sqlite
[2025-11-18 17:31:45] INFO: login limiter max set to 3
[2025-11-18 17:31:45] INFO: Node Express server listening on http://localhost:4000
[2025-11-18 17:32:51] INFO: INI ALAMAT TABLENYA :  D:\Work\Mii\TEMPLATES\ssrtemplates\.angular\prerender-root\0cd9e24e-e0b6-4f66-8e01-d541c3d46e77\data\admdb.sqlite
[2025-11-18 17:32:51] WARN: Could not read param for rate limit, using default. Error: {}
[2025-11-18 17:32:51] INFO: Node Express server listening on http://localhost:4000
[2025-11-18 17:32:55] INFO: INI ALAMAT TABLENYA :  D:\Work\Mii\TEMPLATES\ssrtemplates\.angular\prerender-root\bdb5e858-6326-4bb4-8824-9ab806b4b7d6\data\admdb.sqlite
[2025-11-18 17:32:55] WARN: Could not read param for rate limit, using default. Error: {}
[2025-11-18 17:32:55] INFO: Node Express server listening on http://localhost:4000
[2025-11-18 17:32:55] INFO: INI ALAMAT TABLENYA :  D:\Work\Mii\TEMPLATES\ssrtemplates\.angular\prerender-root\0c414c6b-104f-40b7-9153-05f85c23bab1\data\admdb.sqlite
[2025-11-18 17:32:55] WARN: Could not read param for rate limit, using default. Error: {}
[2025-11-18 17:32:55] INFO: INI ALAMAT TABLENYA :  D:\Work\Mii\TEMPLATES\ssrtemplates\.angular\prerender-root\78012d19-a330-48d8-a283-7f3acb46db11\data\admdb.sqlite
[2025-11-18 17:32:55] WARN: Could not read param for rate limit, using default. Error: {}
[2025-11-18 17:32:55] INFO: INI ALAMAT TABLENYA :  D:\Work\Mii\TEMPLATES\ssrtemplates\.angular\prerender-root\4154ad4c-20b8-4db4-827b-912280a524a5\data\admdb.sqlite
[2025-11-18 17:32:55] WARN: Could not read param for rate limit, using default. Error: {}
[2025-11-18 17:33:31] INFO: INI ALAMAT TABLENYA :  D:\Work\Mii\TEMPLATES\ssrtemplates\dist\ssrtemplates\server\data\admdb.sqlite
[2025-11-18 17:33:31] INFO: login limiter max set to 3
[2025-11-18 17:33:31] INFO: Node Express server listening on http://localhost:4000
[2025-11-18 17:34:19] INFO: INI ALAMAT TABLENYA :  D:\Work\Mii\TEMPLATES\ssrtemplates\.angular\prerender-root\6f578955-09a6-4001-b2e5-af976f602f92\data\admdb.sqlite
[2025-11-18 17:34:19] WARN: Could not read param for rate limit, using default. Error: {}
[2025-11-18 17:34:19] INFO: Node Express server listening on http://localhost:4000
[2025-11-18 17:34:20] INFO: INI ALAMAT TABLENYA :  D:\Work\Mii\TEMPLATES\ssrtemplates\.angular\prerender-root\a95125d9-5932-4186-b830-f153917fbed3\data\admdb.sqlite
[2025-11-18 17:34:20] WARN: Could not read param for rate limit, using default. Error: {}
[2025-11-18 17:34:20] INFO: Node Express server listening on http://localhost:4000
[2025-11-18 17:34:20] INFO: INI ALAMAT TABLENYA :  D:\Work\Mii\TEMPLATES\ssrtemplates\.angular\prerender-root\e3dd7e84-44b3-42c4-8c05-c413ce5d456e\data\admdb.sqlite
[2025-11-18 17:34:20] WARN: Could not read param for rate limit, using default. Error: {}
[2025-11-18 17:34:20] INFO: INI ALAMAT TABLENYA :  D:\Work\Mii\TEMPLATES\ssrtemplates\.angular\prerender-root\5ba5a77a-b774-41ac-876e-7d6368cf6f64\data\admdb.sqlite
[2025-11-18 17:34:20] WARN: Could not read param for rate limit, using default. Error: {}
[2025-11-18 17:34:20] INFO: INI ALAMAT TABLENYA :  D:\Work\Mii\TEMPLATES\ssrtemplates\.angular\prerender-root\cd37ffde-6a54-4724-b364-4126ec961477\data\admdb.sqlite
[2025-11-18 17:34:20] WARN: Could not read param for rate limit, using default. Error: {}
[2025-11-18 17:34:27] INFO: INI ALAMAT TABLENYA :  D:\Work\Mii\TEMPLATES\ssrtemplates\dist\ssrtemplates\server\data\admdb.sqlite
[2025-11-18 17:34:27] INFO: login limiter max set to 3
[2025-11-18 17:34:27] INFO: Node Express server listening on http://localhost:4000
[2025-11-18 17:36:34] INFO: INI ALAMAT TABLENYA :  D:\Work\Mii\TEMPLATES\ssrtemplates\.angular\prerender-root\8901486c-4b47-4164-9b31-11d1cb44522d\data\admdb.sqlite
[2025-11-18 17:36:34] WARN: Could not read param for rate limit, using default. Error: {}
[2025-11-18 17:36:34] INFO: Node Express server listening on http://localhost:4000
[2025-11-18 17:36:35] INFO: INI ALAMAT TABLENYA :  D:\Work\Mii\TEMPLATES\ssrtemplates\.angular\prerender-root\a17c7c25-0ca4-4ff9-9076-4f45fc9c1c81\data\admdb.sqlite
[2025-11-18 17:36:35] WARN: Could not read param for rate limit, using default. Error: {}
[2025-11-18 17:36:35] INFO: Node Express server listening on http://localhost:4000
[2025-11-18 17:36:35] INFO: INI ALAMAT TABLENYA :  D:\Work\Mii\TEMPLATES\ssrtemplates\.angular\prerender-root\02078ced-7ae7-4975-be05-2665bdc13a99\data\admdb.sqlite
[2025-11-18 17:36:35] WARN: Could not read param for rate limit, using default. Error: {}
[2025-11-18 17:36:35] INFO: INI ALAMAT TABLENYA :  D:\Work\Mii\TEMPLATES\ssrtemplates\.angular\prerender-root\0b87c7bb-0fb5-45aa-8541-03186839f955\data\admdb.sqlite
[2025-11-18 17:36:35] WARN: Could not read param for rate limit, using default. Error: {}
[2025-11-18 17:36:35] INFO: INI ALAMAT TABLENYA :  D:\Work\Mii\TEMPLATES\ssrtemplates\.angular\prerender-root\60e9c4fb-0b12-45c8-b1d4-708a2831b277\data\admdb.sqlite
[2025-11-18 17:36:35] WARN: Could not read param for rate limit, using default. Error: {}
[2025-11-18 17:36:43] INFO: INI ALAMAT TABLENYA :  D:\Work\Mii\TEMPLATES\ssrtemplates\dist\ssrtemplates\server\data\admdb.sqlite
[2025-11-18 17:36:43] INFO: login limiter max set to 3
[2025-11-18 17:36:43] INFO: Node Express server listening on http://localhost:4000
[2025-11-18 17:37:40] INFO: INI ALAMAT TABLENYA :  D:\Work\Mii\TEMPLATES\ssrtemplates\.angular\prerender-root\25389119-0017-428e-b1bb-71905fadb284\data\admdb.sqlite
[2025-11-18 17:37:40] WARN: Could not read param for rate limit, using default. Error: {}
[2025-11-18 17:37:40] INFO: Node Express server listening on http://localhost:4000
[2025-11-18 17:37:42] INFO: INI ALAMAT TABLENYA :  D:\Work\Mii\TEMPLATES\ssrtemplates\.angular\prerender-root\f0ccd433-26a2-499f-b79b-d8612d218f74\data\admdb.sqlite
[2025-11-18 17:37:42] WARN: Could not read param for rate limit, using default. Error: {}
[2025-11-18 17:37:42] INFO: Node Express server listening on http://localhost:4000
[2025-11-18 17:37:42] INFO: INI ALAMAT TABLENYA :  D:\Work\Mii\TEMPLATES\ssrtemplates\.angular\prerender-root\eb894fdc-7026-4078-b1c7-d5c69a4d5a05\data\admdb.sqlite
[2025-11-18 17:37:42] WARN: Could not read param for rate limit, using default. Error: {}
[2025-11-18 17:37:42] INFO: INI ALAMAT TABLENYA :  D:\Work\Mii\TEMPLATES\ssrtemplates\.angular\prerender-root\92910c3a-c2b7-478c-a816-803881a242bb\data\admdb.sqlite
[2025-11-18 17:37:42] WARN: Could not read param for rate limit, using default. Error: {}
[2025-11-18 17:37:42] INFO: INI ALAMAT TABLENYA :  D:\Work\Mii\TEMPLATES\ssrtemplates\.angular\prerender-root\c87fc7af-7d3b-4cd1-bda2-6ee0f60c2f65\data\admdb.sqlite
[2025-11-18 17:37:42] WARN: Could not read param for rate limit, using default. Error: {}
[2025-11-18 17:38:03] INFO: INI ALAMAT TABLENYA :  D:\Work\Mii\TEMPLATES\ssrtemplates\dist\ssrtemplates\server\data\admdb.sqlite
[2025-11-18 17:38:03] INFO: login limiter max set to 3
[2025-11-18 17:38:03] INFO: Node Express server listening on http://localhost:4000
[2025-11-18 17:39:25] INFO: INI ALAMAT TABLENYA :  D:\Work\Mii\TEMPLATES\ssrtemplates\.angular\prerender-root\9b7dbfcc-4c90-4927-a14c-69ac2e054abc\data\admdb.sqlite
[2025-11-18 17:39:25] WARN: Could not read param for rate limit, using default. Error: {}
[2025-11-18 17:39:25] INFO: Node Express server listening on http://localhost:4000
[2025-11-18 17:39:26] INFO: INI ALAMAT TABLENYA :  D:\Work\Mii\TEMPLATES\ssrtemplates\.angular\prerender-root\cf4662e0-e041-40ba-be5f-dfa2df7d4445\data\admdb.sqlite
[2025-11-18 17:39:26] WARN: Could not read param for rate limit, using default. Error: {}
[2025-11-18 17:39:26] INFO: INI ALAMAT TABLENYA :  D:\Work\Mii\TEMPLATES\ssrtemplates\.angular\prerender-root\071a1ca3-f135-481b-83ae-0203bb8297a0\data\admdb.sqlite
[2025-11-18 17:39:26] WARN: Could not read param for rate limit, using default. Error: {}
[2025-11-18 17:39:26] INFO: INI ALAMAT TABLENYA :  D:\Work\Mii\TEMPLATES\ssrtemplates\.angular\prerender-root\ce738bc4-ca08-4b9c-be74-b32ddfe7b476\data\admdb.sqlite
[2025-11-18 17:39:26] WARN: Could not read param for rate limit, using default. Error: {}
[2025-11-18 17:39:26] INFO: Node Express server listening on http://localhost:4000
[2025-11-18 17:39:26] INFO: INI ALAMAT TABLENYA :  D:\Work\Mii\TEMPLATES\ssrtemplates\.angular\prerender-root\3bd895e3-41f3-4af1-94f8-44bede79f840\data\admdb.sqlite
[2025-11-18 17:39:26] WARN: Could not read param for rate limit, using default. Error: {}
[2025-11-18 17:39:34] INFO: INI ALAMAT TABLENYA :  D:\Work\Mii\TEMPLATES\ssrtemplates\dist\ssrtemplates\server\data\admdb.sqlite
[2025-11-18 17:39:34] INFO: login limiter max set to 3
[2025-11-18 17:39:34] INFO: Node Express server listening on http://localhost:4000
[2025-11-18 17:41:21] INFO: INI ALAMAT TABLENYA :  D:\Work\Mii\TEMPLATES\ssrtemplates\.angular\prerender-root\c1d18bee-e891-4a8d-9410-7c913da6bbae\data\admdb.sqlite
[2025-11-18 17:41:21] WARN: Could not read param for rate limit, using default. Error: {}
[2025-11-18 17:41:21] INFO: Node Express server listening on http://localhost:4000
[2025-11-18 17:41:22] INFO: INI ALAMAT TABLENYA :  D:\Work\Mii\TEMPLATES\ssrtemplates\.angular\prerender-root\86a93738-4dab-458f-9355-4e259ade47b1\data\admdb.sqlite
[2025-11-18 17:41:22] WARN: Could not read param for rate limit, using default. Error: {}
[2025-11-18 17:41:22] INFO: Node Express server listening on http://localhost:4000
[2025-11-18 17:41:22] INFO: INI ALAMAT TABLENYA :  D:\Work\Mii\TEMPLATES\ssrtemplates\.angular\prerender-root\190e51ca-dd4c-437e-839e-e0f00d71ef07\data\admdb.sqlite
[2025-11-18 17:41:22] WARN: Could not read param for rate limit, using default. Error: {}
[2025-11-18 17:41:22] INFO: INI ALAMAT TABLENYA :  D:\Work\Mii\TEMPLATES\ssrtemplates\.angular\prerender-root\9c8feca0-ac24-451b-9ee6-8b9c5e9edb9a\data\admdb.sqlite
[2025-11-18 17:41:22] WARN: Could not read param for rate limit, using default. Error: {}
[2025-11-18 17:41:22] INFO: INI ALAMAT TABLENYA :  D:\Work\Mii\TEMPLATES\ssrtemplates\.angular\prerender-root\0e407291-79c9-4198-9c74-e05cad2dab12\data\admdb.sqlite
[2025-11-18 17:41:22] WARN: Could not read param for rate limit, using default. Error: {}
[2025-11-18 17:41:32] INFO: INI ALAMAT TABLENYA :  D:\Work\Mii\TEMPLATES\ssrtemplates\dist\ssrtemplates\server\data\admdb.sqlite
[2025-11-18 17:41:32] INFO: login limiter max set to 3
[2025-11-18 17:41:32] INFO: Node Express server listening on http://localhost:4000
[2025-11-18 17:44:39] INFO: INI ALAMAT TABLENYA :  D:\Work\Mii\TEMPLATES\ssrtemplates\.angular\prerender-root\b4d20216-38db-43d3-bab4-d7b6bfcd25bc\data\admdb.sqlite
[2025-11-18 17:44:39] WARN: Could not read param for rate limit, using default. Error: {}
[2025-11-18 17:44:39] INFO: Node Express server listening on http://localhost:4000
[2025-11-18 17:44:41] INFO: INI ALAMAT TABLENYA :  D:\Work\Mii\TEMPLATES\ssrtemplates\.angular\prerender-root\11c413bf-d04d-445e-a7a7-6b7343598961\data\admdb.sqlite
[2025-11-18 17:44:41] WARN: Could not read param for rate limit, using default. Error: {}
[2025-11-18 17:44:41] INFO: Node Express server listening on http://localhost:4000
[2025-11-18 17:44:41] INFO: INI ALAMAT TABLENYA :  D:\Work\Mii\TEMPLATES\ssrtemplates\.angular\prerender-root\f080c721-f7fc-4476-aede-849b2ae897cc\data\admdb.sqlite
[2025-11-18 17:44:41] WARN: Could not read param for rate limit, using default. Error: {}
[2025-11-18 17:44:41] INFO: INI ALAMAT TABLENYA :  D:\Work\Mii\TEMPLATES\ssrtemplates\.angular\prerender-root\1a0def37-e6d7-4f93-b44c-f488e5e85df0\data\admdb.sqlite
[2025-11-18 17:44:41] WARN: Could not read param for rate limit, using default. Error: {}
[2025-11-18 17:44:41] INFO: INI ALAMAT TABLENYA :  D:\Work\Mii\TEMPLATES\ssrtemplates\.angular\prerender-root\46698e2a-d967-48b6-9604-abe622ad3fd9\data\admdb.sqlite
[2025-11-18 17:44:41] WARN: Could not read param for rate limit, using default. Error: {}
[2025-11-18 17:44:52] INFO: INI ALAMAT TABLENYA :  D:\Work\Mii\TEMPLATES\ssrtemplates\dist\ssrtemplates\server\data\admdb.sqlite
[2025-11-18 17:44:52] INFO: login limiter max set to 3
[2025-11-18 17:44:52] INFO: Node Express server listening on http://localhost:4000
[2025-11-18 17:49:05] INFO: INI ALAMAT TABLENYA :  D:\Work\Mii\TEMPLATES\ssrtemplates\.angular\prerender-root\40c72480-14eb-4caa-aa5d-313f2764942d\data\admdb.sqlite
[2025-11-18 17:49:05] WARN: Could not read param for rate limit, using default. Error: {}
[2025-11-18 17:49:05] INFO: Node Express server listening on http://localhost:4000
[2025-11-18 17:49:09] INFO: INI ALAMAT TABLENYA :  D:\Work\Mii\TEMPLATES\ssrtemplates\.angular\prerender-root\360030bd-a35e-4f5a-bf0c-73ba5953fc3e\data\admdb.sqlite
[2025-11-18 17:49:09] WARN: Could not read param for rate limit, using default. Error: {}
[2025-11-18 17:49:09] INFO: INI ALAMAT TABLENYA :  D:\Work\Mii\TEMPLATES\ssrtemplates\.angular\prerender-root\89c985b4-2178-49d1-b067-c800178a4279\data\admdb.sqlite
[2025-11-18 17:49:09] WARN: Could not read param for rate limit, using default. Error: {}
[2025-11-18 17:49:09] INFO: INI ALAMAT TABLENYA :  D:\Work\Mii\TEMPLATES\ssrtemplates\.angular\prerender-root\f92c2e6c-6c23-4692-9cab-5e8be1bf6117\data\admdb.sqlite
[2025-11-18 17:49:09] WARN: Could not read param for rate limit, using default. Error: {}
[2025-11-18 17:49:09] INFO: Node Express server listening on http://localhost:4000
[2025-11-18 17:49:09] INFO: INI ALAMAT TABLENYA :  D:\Work\Mii\TEMPLATES\ssrtemplates\.angular\prerender-root\9be31fe9-f39c-4e0c-95db-38758b12da24\data\admdb.sqlite
[2025-11-18 17:49:09] WARN: Could not read param for rate limit, using default. Error: {}
[2025-11-18 17:49:22] INFO: INI ALAMAT TABLENYA :  D:\Work\Mii\TEMPLATES\ssrtemplates\dist\ssrtemplates\server\data\admdb.sqlite
[2025-11-18 17:49:22] INFO: login limiter max set to 3
[2025-11-18 17:49:22] INFO: Node Express server listening on http://localhost:4000
[2025-11-18 18:50:07] INFO: INI ALAMAT TABLENYA :  D:\Work\Mii\TEMPLATES\ssrtemplates\.angular\prerender-root\e72df597-fe91-4318-924b-4a54c38277a3\data\admdb.sqlite
[2025-11-18 18:50:07] WARN: Could not read param for rate limit, using default. Error: {}
[2025-11-18 18:50:07] INFO: Node Express server listening on http://localhost:4000
[2025-11-18 18:50:09] INFO: INI ALAMAT TABLENYA :  D:\Work\Mii\TEMPLATES\ssrtemplates\.angular\prerender-root\7992e8ad-51c9-47fc-a0df-66d613029fc0\data\admdb.sqlite
[2025-11-18 18:50:09] INFO: INI ALAMAT TABLENYA :  D:\Work\Mii\TEMPLATES\ssrtemplates\.angular\prerender-root\4c8ef41f-93b1-409e-ac21-0564048f126b\data\admdb.sqlite
[2025-11-18 18:50:09] WARN: Could not read param for rate limit, using default. Error: {}
[2025-11-18 18:50:09] INFO: Node Express server listening on http://localhost:4000
[2025-11-18 18:50:09] WARN: Could not read param for rate limit, using default. Error: {}
[2025-11-18 18:50:09] INFO: INI ALAMAT TABLENYA :  D:\Work\Mii\TEMPLATES\ssrtemplates\.angular\prerender-root\34674180-12b5-48ac-bcf2-fcdafcf907e6\data\admdb.sqlite
[2025-11-18 18:50:09] WARN: Could not read param for rate limit, using default. Error: {}
[2025-11-18 18:50:09] INFO: INI ALAMAT TABLENYA :  D:\Work\Mii\TEMPLATES\ssrtemplates\.angular\prerender-root\063ec78a-4e22-4c91-9348-0ab1a4a3a549\data\admdb.sqlite
[2025-11-18 18:50:09] WARN: Could not read param for rate limit, using default. Error: {}
[2025-11-18 18:50:31] INFO: INI ALAMAT TABLENYA :  D:\Work\Mii\TEMPLATES\ssrtemplates\.angular\prerender-root\40a48f5f-7db2-40cb-8de7-9c357637adbe\data\admdb.sqlite
[2025-11-18 18:50:31] WARN: Could not read param for rate limit, using default. Error: {}
[2025-11-18 18:50:31] INFO: Node Express server listening on http://localhost:4000
[2025-11-18 18:50:33] INFO: INI ALAMAT TABLENYA :  D:\Work\Mii\TEMPLATES\ssrtemplates\.angular\prerender-root\f6b6b616-4da5-4e27-aaf7-c0e764dc0477\data\admdb.sqlite
[2025-11-18 18:50:33] WARN: Could not read param for rate limit, using default. Error: {}
[2025-11-18 18:50:33] INFO: Node Express server listening on http://localhost:4000
[2025-11-18 18:50:33] INFO: INI ALAMAT TABLENYA :  D:\Work\Mii\TEMPLATES\ssrtemplates\.angular\prerender-root\b783cfaf-41ae-4255-ab98-c61f7e0a2f0f\data\admdb.sqlite
[2025-11-18 18:50:33] WARN: Could not read param for rate limit, using default. Error: {}
[2025-11-18 18:50:33] INFO: INI ALAMAT TABLENYA :  D:\Work\Mii\TEMPLATES\ssrtemplates\.angular\prerender-root\02840cec-d785-4ce3-976a-853487b70ab9\data\admdb.sqlite
[2025-11-18 18:50:33] WARN: Could not read param for rate limit, using default. Error: {}
[2025-11-18 18:50:33] INFO: INI ALAMAT TABLENYA :  D:\Work\Mii\TEMPLATES\ssrtemplates\.angular\prerender-root\231fea0e-cdd9-4189-a908-4752b7734aee\data\admdb.sqlite
[2025-11-18 18:50:33] WARN: Could not read param for rate limit, using default. Error: {}
[2025-11-18 18:50:46] INFO: INI ALAMAT TABLENYA :  D:\Work\Mii\TEMPLATES\ssrtemplates\dist\ssrtemplates\server\data\admdb.sqlite
[2025-11-18 18:50:46] INFO: login limiter max set to 3
[2025-11-18 18:50:46] INFO: Node Express server listening on http://localhost:4000
[2025-11-18 18:52:47] INFO: INI ALAMAT TABLENYA :  D:\Work\Mii\TEMPLATES\ssrtemplates\.angular\prerender-root\f9088ffb-273b-4421-b601-552754824700\data\admdb.sqlite
[2025-11-18 18:52:47] WARN: Could not read param for rate limit, using default. Error: {}
[2025-11-18 18:52:47] INFO: Node Express server listening on http://localhost:4000
[2025-11-18 18:52:49] INFO: INI ALAMAT TABLENYA :  D:\Work\Mii\TEMPLATES\ssrtemplates\.angular\prerender-root\7b289624-8625-46fe-9ddf-3391f662dcaa\data\admdb.sqlite
[2025-11-18 18:52:49] WARN: Could not read param for rate limit, using default. Error: {}
[2025-11-18 18:52:50] INFO: Node Express server listening on http://localhost:4000
[2025-11-18 18:52:49] INFO: INI ALAMAT TABLENYA :  D:\Work\Mii\TEMPLATES\ssrtemplates\.angular\prerender-root\83360992-2c09-4041-a992-379b442577da\data\admdb.sqlite
[2025-11-18 18:52:49] WARN: Could not read param for rate limit, using default. Error: {}
[2025-11-18 18:52:49] INFO: INI ALAMAT TABLENYA :  D:\Work\Mii\TEMPLATES\ssrtemplates\.angular\prerender-root\984b2747-9e55-4126-baee-d32fe7257451\data\admdb.sqlite
[2025-11-18 18:52:49] WARN: Could not read param for rate limit, using default. Error: {}
[2025-11-18 18:52:49] INFO: INI ALAMAT TABLENYA :  D:\Work\Mii\TEMPLATES\ssrtemplates\.angular\prerender-root\6c89ea12-0ff5-4752-b0ca-eeff95fda26b\data\admdb.sqlite
[2025-11-18 18:52:49] WARN: Could not read param for rate limit, using default. Error: {}
[2025-11-18 18:53:05] INFO: INI ALAMAT TABLENYA :  D:\Work\Mii\TEMPLATES\ssrtemplates\dist\ssrtemplates\server\data\admdb.sqlite
[2025-11-18 18:53:05] INFO: login limiter max set to 3
[2025-11-18 18:53:05] INFO: Node Express server listening on http://localhost:4000
[2025-11-18 18:54:58] INFO: INI ALAMAT TABLENYA :  D:\Work\Mii\TEMPLATES\ssrtemplates\.angular\prerender-root\c78d03bc-1669-494a-9f5e-63f237055d4b\data\admdb.sqlite
[2025-11-18 18:54:58] WARN: Could not read param for rate limit, using default. Error: {}
[2025-11-18 18:54:58] INFO: Node Express server listening on http://localhost:4000
[2025-11-18 18:55:00] INFO: INI ALAMAT TABLENYA :  D:\Work\Mii\TEMPLATES\ssrtemplates\.angular\prerender-root\ea39cf81-6ba6-4382-96ba-5dff9f2dc2bd\data\admdb.sqlite
[2025-11-18 18:55:00] WARN: Could not read param for rate limit, using default. Error: {}
[2025-11-18 18:55:00] INFO: Node Express server listening on http://localhost:4000
[2025-11-18 18:55:00] INFO: INI ALAMAT TABLENYA :  D:\Work\Mii\TEMPLATES\ssrtemplates\.angular\prerender-root\064379f9-7b3c-4bb2-b499-90226ed3a025\data\admdb.sqlite
[2025-11-18 18:55:00] WARN: Could not read param for rate limit, using default. Error: {}
[2025-11-18 18:55:00] INFO: INI ALAMAT TABLENYA :  D:\Work\Mii\TEMPLATES\ssrtemplates\.angular\prerender-root\fb37272b-8512-40a6-9d8e-a5421eb73b3a\data\admdb.sqlite
[2025-11-18 18:55:00] WARN: Could not read param for rate limit, using default. Error: {}
[2025-11-18 18:55:00] INFO: INI ALAMAT TABLENYA :  D:\Work\Mii\TEMPLATES\ssrtemplates\.angular\prerender-root\46674b03-c4c6-4286-9542-0bc238db7efc\data\admdb.sqlite
[2025-11-18 18:55:00] WARN: Could not read param for rate limit, using default. Error: {}
[2025-11-18 18:55:12] INFO: INI ALAMAT TABLENYA :  D:\Work\Mii\TEMPLATES\ssrtemplates\dist\ssrtemplates\server\data\admdb.sqlite
[2025-11-18 18:55:12] INFO: login limiter max set to 3
[2025-11-18 18:55:12] INFO: Node Express server listening on http://localhost:4000
[2025-11-18 18:57:30] INFO: INI ALAMAT TABLENYA :  D:\Work\Mii\TEMPLATES\ssrtemplates\.angular\prerender-root\a21f134e-0ff3-4e29-8f0c-2f1e5185a1a6\data\admdb.sqlite
[2025-11-18 18:57:30] WARN: Could not read param for rate limit, using default. Error: {}
[2025-11-18 18:57:30] INFO: Node Express server listening on http://localhost:4000
[2025-11-18 18:57:32] INFO: INI ALAMAT TABLENYA :  D:\Work\Mii\TEMPLATES\ssrtemplates\.angular\prerender-root\69d2fbc0-93d1-430a-a9b6-ff778ffc7a34\data\admdb.sqlite
[2025-11-18 18:57:32] WARN: Could not read param for rate limit, using default. Error: {}
[2025-11-18 18:57:32] INFO: Node Express server listening on http://localhost:4000
[2025-11-18 18:57:32] INFO: INI ALAMAT TABLENYA :  D:\Work\Mii\TEMPLATES\ssrtemplates\.angular\prerender-root\294a9a24-88c9-4302-93ba-d0d41da2802a\data\admdb.sqlite
[2025-11-18 18:57:32] WARN: Could not read param for rate limit, using default. Error: {}
[2025-11-18 18:57:32] INFO: INI ALAMAT TABLENYA :  D:\Work\Mii\TEMPLATES\ssrtemplates\.angular\prerender-root\3ffd3d0a-7414-41ea-8c5c-a88e2c3b8c57\data\admdb.sqlite
[2025-11-18 18:57:32] WARN: Could not read param for rate limit, using default. Error: {}
[2025-11-18 18:57:32] INFO: INI ALAMAT TABLENYA :  D:\Work\Mii\TEMPLATES\ssrtemplates\.angular\prerender-root\9916ff65-60e9-4ab5-b72f-0b9cf08474b8\data\admdb.sqlite
[2025-11-18 18:57:32] WARN: Could not read param for rate limit, using default. Error: {}
[2025-11-18 18:57:44] INFO: INI ALAMAT TABLENYA :  D:\Work\Mii\TEMPLATES\ssrtemplates\dist\ssrtemplates\server\data\admdb.sqlite
[2025-11-18 18:57:44] INFO: login limiter max set to 3
[2025-11-18 18:57:44] INFO: Node Express server listening on http://localhost:4000
[2025-11-18 18:59:16] INFO: INI ALAMAT TABLENYA :  D:\Work\Mii\TEMPLATES\ssrtemplates\.angular\prerender-root\7fecbd89-e0dd-4e38-b8fd-81388ea8e8b0\data\admdb.sqlite
[2025-11-18 18:59:16] WARN: Could not read param for rate limit, using default. Error: {}
[2025-11-18 18:59:16] INFO: Node Express server listening on http://localhost:4000
[2025-11-18 18:59:22] INFO: INI ALAMAT TABLENYA :  D:\Work\Mii\TEMPLATES\ssrtemplates\.angular\prerender-root\5aacc5a3-93c8-4989-9bc9-5c74b49985b9\data\admdb.sqlite
[2025-11-18 18:59:22] WARN: Could not read param for rate limit, using default. Error: {}
[2025-11-18 18:59:22] INFO: Node Express server listening on http://localhost:4000
[2025-11-18 18:59:22] INFO: INI ALAMAT TABLENYA :  D:\Work\Mii\TEMPLATES\ssrtemplates\.angular\prerender-root\553ac827-a642-4f1d-9761-08b8290b5b3a\data\admdb.sqlite
[2025-11-18 18:59:22] WARN: Could not read param for rate limit, using default. Error: {}
[2025-11-18 18:59:22] INFO: INI ALAMAT TABLENYA :  D:\Work\Mii\TEMPLATES\ssrtemplates\.angular\prerender-root\54d138b6-240e-4f63-a78b-909749374450\data\admdb.sqlite
[2025-11-18 18:59:22] WARN: Could not read param for rate limit, using default. Error: {}
[2025-11-18 18:59:22] INFO: INI ALAMAT TABLENYA :  D:\Work\Mii\TEMPLATES\ssrtemplates\.angular\prerender-root\36d1755c-2e5d-478f-af5d-73acf68845d1\data\admdb.sqlite
[2025-11-18 18:59:22] WARN: Could not read param for rate limit, using default. Error: {}
[2025-11-18 18:59:56] INFO: INI ALAMAT TABLENYA :  D:\Work\Mii\TEMPLATES\ssrtemplates\dist\ssrtemplates\server\data\admdb.sqlite
[2025-11-18 18:59:56] INFO: login limiter max set to 3
[2025-11-18 18:59:56] INFO: Node Express server listening on http://localhost:4000
[2025-11-18 19:03:53] INFO: INI ALAMAT TABLENYA :  D:\Work\Mii\TEMPLATES\ssrtemplates\.angular\prerender-root\e923b278-ff4f-41ae-a60b-2ab458741457\data\admdb.sqlite
[2025-11-18 19:03:53] WARN: Could not read param for rate limit, using default. Error: {}
[2025-11-18 19:03:53] INFO: Node Express server listening on http://localhost:4000
[2025-11-18 19:03:58] INFO: INI ALAMAT TABLENYA :  D:\Work\Mii\TEMPLATES\ssrtemplates\.angular\prerender-root\5131397c-78d3-4b9c-aa0f-0aa7bdd3ae86\data\admdb.sqlite
[2025-11-18 19:03:58] WARN: Could not read param for rate limit, using default. Error: {}
[2025-11-18 19:03:58] INFO: Node Express server listening on http://localhost:4000
[2025-11-18 19:03:58] INFO: INI ALAMAT TABLENYA :  D:\Work\Mii\TEMPLATES\ssrtemplates\.angular\prerender-root\244e7cc7-1ba7-4201-b795-b329e0ad59c2\data\admdb.sqlite
[2025-11-18 19:03:58] WARN: Could not read param for rate limit, using default. Error: {}
[2025-11-18 19:03:58] INFO: INI ALAMAT TABLENYA :  D:\Work\Mii\TEMPLATES\ssrtemplates\.angular\prerender-root\cede1914-8005-4f41-95dd-82be09be5ef1\data\admdb.sqlite
[2025-11-18 19:03:58] WARN: Could not read param for rate limit, using default. Error: {}
[2025-11-18 19:03:58] INFO: INI ALAMAT TABLENYA :  D:\Work\Mii\TEMPLATES\ssrtemplates\.angular\prerender-root\e6571bc2-ce51-41b0-834d-16bfa75e4949\data\admdb.sqlite
[2025-11-18 19:03:58] WARN: Could not read param for rate limit, using default. Error: {}
[2025-11-18 19:06:55] INFO: INI ALAMAT TABLENYA :  D:\Work\Mii\TEMPLATES\ssrtemplates\.angular\prerender-root\174d0297-34ce-4a08-8b40-7a4c3114f29b\data\admdb.sqlite
[2025-11-18 19:06:55] WARN: Could not read param for rate limit, using default. Error: {}
[2025-11-18 19:06:55] INFO: Node Express server listening on http://localhost:4000
[2025-11-18 19:06:57] INFO: INI ALAMAT TABLENYA :  D:\Work\Mii\TEMPLATES\ssrtemplates\.angular\prerender-root\990aa1be-ca58-4be1-b20f-f9430a4f5482\data\admdb.sqlite
[2025-11-18 19:06:57] WARN: Could not read param for rate limit, using default. Error: {}
[2025-11-18 19:06:57] INFO: Node Express server listening on http://localhost:4000
[2025-11-18 19:06:57] INFO: INI ALAMAT TABLENYA :  D:\Work\Mii\TEMPLATES\ssrtemplates\.angular\prerender-root\810323fb-ffff-442e-9b3b-4491286aa22f\data\admdb.sqlite
[2025-11-18 19:06:57] WARN: Could not read param for rate limit, using default. Error: {}
[2025-11-18 19:06:57] INFO: INI ALAMAT TABLENYA :  D:\Work\Mii\TEMPLATES\ssrtemplates\.angular\prerender-root\0f606df0-0b5e-47e7-82a7-fdfa096e8171\data\admdb.sqlite
[2025-11-18 19:06:57] WARN: Could not read param for rate limit, using default. Error: {}
[2025-11-18 19:06:57] INFO: INI ALAMAT TABLENYA :  D:\Work\Mii\TEMPLATES\ssrtemplates\.angular\prerender-root\01b6e5e8-7f28-4eb7-845b-a385479e2b2e\data\admdb.sqlite
[2025-11-18 19:06:57] WARN: Could not read param for rate limit, using default. Error: {}
[2025-11-18 19:07:07] INFO: INI ALAMAT TABLENYA :  D:\Work\Mii\TEMPLATES\ssrtemplates\dist\ssrtemplates\server\data\admdb.sqlite
[2025-11-18 19:07:07] INFO: login limiter max set to 3
[2025-11-18 19:07:07] INFO: Node Express server listening on http://localhost:4000
[2025-11-18 19:08:54] INFO: INI ALAMAT TABLENYA :  D:\Work\Mii\TEMPLATES\ssrtemplates\.angular\prerender-root\9990df56-5a13-4d4b-b000-62e937d59857\data\admdb.sqlite
[2025-11-18 19:08:54] WARN: Could not read param for rate limit, using default. Error: {}
[2025-11-18 19:08:54] INFO: Node Express server listening on http://localhost:4000
[2025-11-18 19:08:57] INFO: INI ALAMAT TABLENYA :  D:\Work\Mii\TEMPLATES\ssrtemplates\.angular\prerender-root\9cb09061-9c3a-40a6-8594-dcc36b8aad48\data\admdb.sqlite
[2025-11-18 19:08:57] WARN: Could not read param for rate limit, using default. Error: {}
[2025-11-18 19:08:57] INFO: Node Express server listening on http://localhost:4000
[2025-11-18 19:08:57] INFO: INI ALAMAT TABLENYA :  D:\Work\Mii\TEMPLATES\ssrtemplates\.angular\prerender-root\d15ad05e-b83e-46da-9b5e-a46bc0b38562\data\admdb.sqlite
[2025-11-18 19:08:57] WARN: Could not read param for rate limit, using default. Error: {}
[2025-11-18 19:08:57] INFO: INI ALAMAT TABLENYA :  D:\Work\Mii\TEMPLATES\ssrtemplates\.angular\prerender-root\50424c90-6767-4324-8022-6148a52bfe11\data\admdb.sqlite
[2025-11-18 19:08:57] WARN: Could not read param for rate limit, using default. Error: {}
[2025-11-18 19:08:57] INFO: INI ALAMAT TABLENYA :  D:\Work\Mii\TEMPLATES\ssrtemplates\.angular\prerender-root\edd24c90-2c69-4f81-bcde-95557f65ce40\data\admdb.sqlite
[2025-11-18 19:08:57] WARN: Could not read param for rate limit, using default. Error: {}
[2025-11-18 19:09:11] INFO: INI ALAMAT TABLENYA :  D:\Work\Mii\TEMPLATES\ssrtemplates\dist\ssrtemplates\server\data\admdb.sqlite
[2025-11-18 19:09:11] INFO: login limiter max set to 3
[2025-11-18 19:09:11] INFO: Node Express server listening on http://localhost:4000
[2025-11-18 19:10:14] INFO: INI ALAMAT TABLENYA :  D:\Work\Mii\TEMPLATES\ssrtemplates\.angular\prerender-root\b6a2f42d-afd9-4996-a90c-1f84335e59aa\data\admdb.sqlite
[2025-11-18 19:10:14] WARN: Could not read param for rate limit, using default. Error: {}
[2025-11-18 19:10:14] INFO: Node Express server listening on http://localhost:4000
[2025-11-18 19:10:18] INFO: INI ALAMAT TABLENYA :  D:\Work\Mii\TEMPLATES\ssrtemplates\.angular\prerender-root\29678ce8-63e9-49c4-8535-553738474283\data\admdb.sqlite
[2025-11-18 19:10:18] WARN: Could not read param for rate limit, using default. Error: {}
[2025-11-18 19:10:18] INFO: Node Express server listening on http://localhost:4000
[2025-11-18 19:10:18] INFO: INI ALAMAT TABLENYA :  D:\Work\Mii\TEMPLATES\ssrtemplates\.angular\prerender-root\144599ce-6507-4072-b3c6-cfcc848e2302\data\admdb.sqlite
[2025-11-18 19:10:18] WARN: Could not read param for rate limit, using default. Error: {}
[2025-11-18 19:10:18] INFO: INI ALAMAT TABLENYA :  D:\Work\Mii\TEMPLATES\ssrtemplates\.angular\prerender-root\ca4444a8-fe0c-446f-aea6-cff9907f104a\data\admdb.sqlite
[2025-11-18 19:10:18] WARN: Could not read param for rate limit, using default. Error: {}
[2025-11-18 19:10:18] INFO: INI ALAMAT TABLENYA :  D:\Work\Mii\TEMPLATES\ssrtemplates\.angular\prerender-root\fe68740d-0b42-46aa-91c5-de1b7243b24d\data\admdb.sqlite
[2025-11-18 19:10:18] WARN: Could not read param for rate limit, using default. Error: {}
[2025-11-18 19:10:28] INFO: INI ALAMAT TABLENYA :  D:\Work\Mii\TEMPLATES\ssrtemplates\dist\ssrtemplates\server\data\admdb.sqlite
[2025-11-18 19:10:28] INFO: login limiter max set to 3
[2025-11-18 19:10:28] INFO: Node Express server listening on http://localhost:4000
[2025-11-18 19:12:09] INFO: INI ALAMAT TABLENYA :  D:\Work\Mii\TEMPLATES\ssrtemplates\.angular\prerender-root\bb2c391c-1cec-4811-9794-c5d9dec8b395\data\admdb.sqlite
[2025-11-18 19:12:09] WARN: Could not read param for rate limit, using default. Error: {}
[2025-11-18 19:12:09] INFO: Node Express server listening on http://localhost:4000
[2025-11-18 19:12:15] INFO: INI ALAMAT TABLENYA :  D:\Work\Mii\TEMPLATES\ssrtemplates\.angular\prerender-root\27dcaf43-2568-4924-b4f0-36b370659bd7\data\admdb.sqlite
[2025-11-18 19:12:15] WARN: Could not read param for rate limit, using default. Error: {}
[2025-11-18 19:12:16] INFO: Node Express server listening on http://localhost:4000
[2025-11-18 19:12:15] INFO: INI ALAMAT TABLENYA :  D:\Work\Mii\TEMPLATES\ssrtemplates\.angular\prerender-root\2951b369-2cfb-4189-b8bc-7f1b3bbc0e2e\data\admdb.sqlite
[2025-11-18 19:12:16] WARN: Could not read param for rate limit, using default. Error: {}
[2025-11-18 19:12:15] INFO: INI ALAMAT TABLENYA :  D:\Work\Mii\TEMPLATES\ssrtemplates\.angular\prerender-root\d219bb7e-add4-4441-bc1f-c53486507af9\data\admdb.sqlite
[2025-11-18 19:12:16] WARN: Could not read param for rate limit, using default. Error: {}
[2025-11-18 19:12:15] INFO: INI ALAMAT TABLENYA :  D:\Work\Mii\TEMPLATES\ssrtemplates\.angular\prerender-root\cd70d1bc-e768-423c-855f-7dead64423b3\data\admdb.sqlite
[2025-11-18 19:12:16] WARN: Could not read param for rate limit, using default. Error: {}
[2025-11-18 19:13:03] INFO: INI ALAMAT TABLENYA :  D:\Work\Mii\TEMPLATES\ssrtemplates\.angular\prerender-root\1eccae94-9bd4-464f-b29b-b21a0c6c7028\data\admdb.sqlite
[2025-11-18 19:13:03] WARN: Could not read param for rate limit, using default. Error: {}
[2025-11-18 19:13:03] INFO: Node Express server listening on http://localhost:4000
[2025-11-18 19:13:07] INFO: INI ALAMAT TABLENYA :  D:\Work\Mii\TEMPLATES\ssrtemplates\.angular\prerender-root\ed657312-d1d9-48fe-9ef2-2092be44a4ea\data\admdb.sqlite
[2025-11-18 19:13:07] WARN: Could not read param for rate limit, using default. Error: {}
[2025-11-18 19:13:07] INFO: Node Express server listening on http://localhost:4000
[2025-11-18 19:13:07] INFO: INI ALAMAT TABLENYA :  D:\Work\Mii\TEMPLATES\ssrtemplates\.angular\prerender-root\9d558ab4-d11e-47b8-987c-06a3541eb1f3\data\admdb.sqlite
[2025-11-18 19:13:07] WARN: Could not read param for rate limit, using default. Error: {}
[2025-11-18 19:13:07] INFO: INI ALAMAT TABLENYA :  D:\Work\Mii\TEMPLATES\ssrtemplates\.angular\prerender-root\55fdf296-d71d-43a5-aa98-434e06df614a\data\admdb.sqlite
[2025-11-18 19:13:07] WARN: Could not read param for rate limit, using default. Error: {}
[2025-11-18 19:13:07] INFO: INI ALAMAT TABLENYA :  D:\Work\Mii\TEMPLATES\ssrtemplates\.angular\prerender-root\7a1c4bca-6240-4024-938a-7db18efbbd13\data\admdb.sqlite
[2025-11-18 19:13:07] WARN: Could not read param for rate limit, using default. Error: {}
[2025-11-18 19:13:16] INFO: INI ALAMAT TABLENYA :  D:\Work\Mii\TEMPLATES\ssrtemplates\dist\ssrtemplates\server\data\admdb.sqlite
[2025-11-18 19:13:17] INFO: login limiter max set to 3
[2025-11-18 19:13:17] INFO: Node Express server listening on http://localhost:4000
[2025-11-18 19:16:05] INFO: INI ALAMAT TABLENYA :  D:\Work\Mii\TEMPLATES\ssrtemplates\.angular\prerender-root\f541b570-8c94-4d75-909b-5c4a79b9ee7a\data\admdb.sqlite
[2025-11-18 19:16:05] WARN: Could not read param for rate limit, using default. Error: {}
[2025-11-18 19:16:05] INFO: Node Express server listening on http://localhost:4000
[2025-11-18 19:16:12] INFO: INI ALAMAT TABLENYA :  D:\Work\Mii\TEMPLATES\ssrtemplates\.angular\prerender-root\97427ab1-4bea-4eb8-ae5f-f1b6aaadf520\data\admdb.sqlite
[2025-11-18 19:16:12] WARN: Could not read param for rate limit, using default. Error: {}
[2025-11-18 19:16:12] INFO: Node Express server listening on http://localhost:4000
[2025-11-18 19:16:12] INFO: INI ALAMAT TABLENYA :  D:\Work\Mii\TEMPLATES\ssrtemplates\.angular\prerender-root\e939f204-4172-4286-8806-27cfa94292d9\data\admdb.sqlite
[2025-11-18 19:16:12] WARN: Could not read param for rate limit, using default. Error: {}
[2025-11-18 19:16:12] INFO: INI ALAMAT TABLENYA :  D:\Work\Mii\TEMPLATES\ssrtemplates\.angular\prerender-root\48883f0e-7f49-4f57-a51c-09be9dcdd3b9\data\admdb.sqlite
[2025-11-18 19:16:12] WARN: Could not read param for rate limit, using default. Error: {}
[2025-11-18 19:16:12] INFO: INI ALAMAT TABLENYA :  D:\Work\Mii\TEMPLATES\ssrtemplates\.angular\prerender-root\2c4aa3e5-8e5a-4074-8da4-9a96ad9cc654\data\admdb.sqlite
[2025-11-18 19:16:12] WARN: Could not read param for rate limit, using default. Error: {}
[2025-11-18 19:19:07] INFO: INI ALAMAT TABLENYA :  D:\Work\Mii\TEMPLATES\ssrtemplates\dist\ssrtemplates\server\data\admdb.sqlite
[2025-11-18 19:19:07] INFO: login limiter max set to 3
[2025-11-18 19:19:07] INFO: Node Express server listening on http://localhost:4000
[2025-11-18 19:20:20] INFO: INI ALAMAT TABLENYA :  D:\Work\Mii\TEMPLATES\ssrtemplates\.angular\prerender-root\2e33677b-029f-4d59-b96a-175446746851\data\admdb.sqlite
[2025-11-18 19:20:20] WARN: Could not read param for rate limit, using default. Error: {}
[2025-11-18 19:20:20] INFO: Node Express server listening on http://localhost:4000
[2025-11-18 19:20:22] INFO: INI ALAMAT TABLENYA :  D:\Work\Mii\TEMPLATES\ssrtemplates\.angular\prerender-root\2dc0914f-1fc6-4ac7-b3df-8d9798e63505\data\admdb.sqlite
[2025-11-18 19:20:23] WARN: Could not read param for rate limit, using default. Error: {}
[2025-11-18 19:20:23] INFO: Node Express server listening on http://localhost:4000
[2025-11-18 19:20:22] INFO: INI ALAMAT TABLENYA :  D:\Work\Mii\TEMPLATES\ssrtemplates\.angular\prerender-root\43b3c899-4660-4362-b2ec-956f7a27bb64\data\admdb.sqlite
[2025-11-18 19:20:23] WARN: Could not read param for rate limit, using default. Error: {}
[2025-11-18 19:20:22] INFO: INI ALAMAT TABLENYA :  D:\Work\Mii\TEMPLATES\ssrtemplates\.angular\prerender-root\ed9612fa-1c84-4cef-85cc-995a427c5a53\data\admdb.sqlite
[2025-11-18 19:20:23] WARN: Could not read param for rate limit, using default. Error: {}
[2025-11-18 19:20:22] INFO: INI ALAMAT TABLENYA :  D:\Work\Mii\TEMPLATES\ssrtemplates\.angular\prerender-root\3e7775d4-edb8-4986-b6ab-b6be8540921e\data\admdb.sqlite
[2025-11-18 19:20:23] WARN: Could not read param for rate limit, using default. Error: {}
[2025-11-18 19:20:32] INFO: INI ALAMAT TABLENYA :  D:\Work\Mii\TEMPLATES\ssrtemplates\dist\ssrtemplates\server\data\admdb.sqlite
[2025-11-18 19:20:32] INFO: login limiter max set to 3
[2025-11-18 19:20:32] INFO: Node Express server listening on http://localhost:4000
