[2025-11-14 09:20:17] INFO: INI ALAMAT TABLENYA :  D:\Work\Mii\TEMPLATES\ssrtemplates\dist\ssrtemplates\server\data\admdb.sqlite
[2025-11-14 09:20:18] INFO: login limiter max set to 3
[2025-11-14 09:20:18] INFO: Node Express server listening on http://localhost:4000
[2025-11-14 09:23:31] INFO: INI ALAMAT TABLENYA :  D:\Work\Mii\TEMPLATES\ssrtemplates\.angular\prerender-root\0698dd51-c7ff-4f83-a3a3-07b33f6b764f\data\admdb.sqlite
[2025-11-14 09:23:31] WARN: Could not read param for rate limit, using default. Error: {}
[2025-11-14 09:23:31] INFO: Node Express server listening on http://localhost:4000
[2025-11-14 09:23:39] INFO: INI ALAMAT TABLENYA :  D:\Work\Mii\TEMPLATES\ssrtemplates\.angular\prerender-root\867657f8-29b3-4dee-ac93-d57ae01408fb\data\admdb.sqlite
[2025-11-14 09:23:39] WARN: Could not read param for rate limit, using default. Error: {}
[2025-11-14 09:23:39] INFO: Node Express server listening on http://localhost:4000
[2025-11-14 09:23:39] INFO: INI ALAMAT TABLENYA :  D:\Work\Mii\TEMPLATES\ssrtemplates\.angular\prerender-root\23292d1a-61e8-4020-9c5c-aaf594df34c2\data\admdb.sqlite
[2025-11-14 09:23:39] WARN: Could not read param for rate limit, using default. Error: {}
[2025-11-14 09:23:39] INFO: INI ALAMAT TABLENYA :  D:\Work\Mii\TEMPLATES\ssrtemplates\.angular\prerender-root\780d4f03-0c6d-4d2f-92e1-bf673356ddf0\data\admdb.sqlite
[2025-11-14 09:23:39] WARN: Could not read param for rate limit, using default. Error: {}
[2025-11-14 09:23:39] INFO: INI ALAMAT TABLENYA :  D:\Work\Mii\TEMPLATES\ssrtemplates\.angular\prerender-root\4c9d3314-5685-4df6-97b3-d7f203d59883\data\admdb.sqlite
[2025-11-14 09:23:39] WARN: Could not read param for rate limit, using default. Error: {}
[2025-11-14 09:23:59] INFO: INI ALAMAT TABLENYA :  D:\Work\Mii\TEMPLATES\ssrtemplates\dist\ssrtemplates\server\data\admdb.sqlite
[2025-11-14 09:23:59] INFO: login limiter max set to 3
[2025-11-14 09:23:59] INFO: Node Express server listening on http://localhost:4000
[2025-11-14 09:24:43] INFO: INI ALAMAT TABLENYA :  D:\Work\Mii\TEMPLATES\ssrtemplates\.angular\prerender-root\4db76e81-7b4d-484f-8360-ad812dab9004\data\admdb.sqlite
[2025-11-14 09:24:43] WARN: Could not read param for rate limit, using default. Error: {}
[2025-11-14 09:24:43] INFO: Node Express server listening on http://localhost:4000
[2025-11-14 09:24:45] INFO: INI ALAMAT TABLENYA :  D:\Work\Mii\TEMPLATES\ssrtemplates\.angular\prerender-root\d53bab3d-09b1-417d-aa57-9747d8aa9e56\data\admdb.sqlite
[2025-11-14 09:24:45] WARN: Could not read param for rate limit, using default. Error: {}
[2025-11-14 09:24:45] INFO: Node Express server listening on http://localhost:4000
[2025-11-14 09:24:45] INFO: INI ALAMAT TABLENYA :  D:\Work\Mii\TEMPLATES\ssrtemplates\.angular\prerender-root\8a135dec-36d9-4956-ba49-90d60ef55d3b\data\admdb.sqlite
[2025-11-14 09:24:45] WARN: Could not read param for rate limit, using default. Error: {}
[2025-11-14 09:24:45] INFO: INI ALAMAT TABLENYA :  D:\Work\Mii\TEMPLATES\ssrtemplates\.angular\prerender-root\4410e323-f89e-479f-86f2-374436548eee\data\admdb.sqlite
[2025-11-14 09:24:45] WARN: Could not read param for rate limit, using default. Error: {}
[2025-11-14 09:24:45] INFO: INI ALAMAT TABLENYA :  D:\Work\Mii\TEMPLATES\ssrtemplates\.angular\prerender-root\9dfa3c24-a1a7-4546-a2c6-27d24ee977d9\data\admdb.sqlite
[2025-11-14 09:24:45] WARN: Could not read param for rate limit, using default. Error: {}
[2025-11-14 09:26:11] INFO: INI ALAMAT TABLENYA :  D:\Work\Mii\TEMPLATES\ssrtemplates\.angular\prerender-root\94790ddf-bc64-4667-8e88-4a86b80749ae\data\admdb.sqlite
[2025-11-14 09:26:11] WARN: Could not read param for rate limit, using default. Error: {}
[2025-11-14 09:26:11] INFO: Node Express server listening on http://localhost:4000
[2025-11-14 09:26:13] INFO: INI ALAMAT TABLENYA :  D:\Work\Mii\TEMPLATES\ssrtemplates\.angular\prerender-root\beabb654-afd1-4d99-9bc0-cacb1b3ed313\data\admdb.sqlite
[2025-11-14 09:26:13] WARN: Could not read param for rate limit, using default. Error: {}
[2025-11-14 09:26:13] INFO: Node Express server listening on http://localhost:4000
[2025-11-14 09:26:13] INFO: INI ALAMAT TABLENYA :  D:\Work\Mii\TEMPLATES\ssrtemplates\.angular\prerender-root\23881e17-e7e1-4496-a1d0-516f93273318\data\admdb.sqlite
[2025-11-14 09:26:13] WARN: Could not read param for rate limit, using default. Error: {}
[2025-11-14 09:26:13] INFO: INI ALAMAT TABLENYA :  D:\Work\Mii\TEMPLATES\ssrtemplates\.angular\prerender-root\b44b6890-2aa4-41e4-8b31-13cf928ae913\data\admdb.sqlite
[2025-11-14 09:26:13] WARN: Could not read param for rate limit, using default. Error: {}
[2025-11-14 09:26:13] INFO: INI ALAMAT TABLENYA :  D:\Work\Mii\TEMPLATES\ssrtemplates\.angular\prerender-root\35acab27-73cb-4add-85f0-e46e2952eed5\data\admdb.sqlite
[2025-11-14 09:26:13] WARN: Could not read param for rate limit, using default. Error: {}
[2025-11-14 09:26:29] INFO: INI ALAMAT TABLENYA :  D:\Work\Mii\TEMPLATES\ssrtemplates\dist\ssrtemplates\server\data\admdb.sqlite
[2025-11-14 09:26:29] INFO: login limiter max set to 3
[2025-11-14 09:26:29] INFO: Node Express server listening on http://localhost:4000
[2025-11-14 09:54:52] INFO: INI ALAMAT TABLENYA :  D:\Work\Mii\TEMPLATES\ssrtemplates\.angular\prerender-root\c2fa298a-1735-4058-af85-b0f23320454b\data\admdb.sqlite
[2025-11-14 09:54:53] WARN: Could not read param for rate limit, using default. Error: {}
[2025-11-14 09:54:53] INFO: Node Express server listening on http://localhost:4000
[2025-11-14 09:55:04] INFO: INI ALAMAT TABLENYA :  D:\Work\Mii\TEMPLATES\ssrtemplates\.angular\prerender-root\b6580a07-b274-4793-97a8-c6a821d8d80f\data\admdb.sqlite
[2025-11-14 09:55:05] WARN: Could not read param for rate limit, using default. Error: {}
[2025-11-14 09:55:04] INFO: INI ALAMAT TABLENYA :  D:\Work\Mii\TEMPLATES\ssrtemplates\.angular\prerender-root\8abcf4ce-9781-4c52-a6d5-dfe1cd110cb4\data\admdb.sqlite
[2025-11-14 09:55:05] WARN: Could not read param for rate limit, using default. Error: {}
[2025-11-14 09:55:05] INFO: Node Express server listening on http://localhost:4000
[2025-11-14 09:55:04] INFO: INI ALAMAT TABLENYA :  D:\Work\Mii\TEMPLATES\ssrtemplates\.angular\prerender-root\004c678d-fcd3-4c92-ab8a-f5f25a509c34\data\admdb.sqlite
[2025-11-14 09:55:05] WARN: Could not read param for rate limit, using default. Error: {}
[2025-11-14 09:55:04] INFO: INI ALAMAT TABLENYA :  D:\Work\Mii\TEMPLATES\ssrtemplates\.angular\prerender-root\f26bffd6-b66b-4676-b2be-93dc2c222354\data\admdb.sqlite
[2025-11-14 09:55:05] WARN: Could not read param for rate limit, using default. Error: {}
[2025-11-14 09:55:54] INFO: INI ALAMAT TABLENYA :  D:\Work\Mii\TEMPLATES\ssrtemplates\dist\ssrtemplates\server\data\admdb.sqlite
[2025-11-14 09:55:54] INFO: login limiter max set to 3
[2025-11-14 09:55:54] INFO: Node Express server listening on http://localhost:4000
[2025-11-14 09:58:46] INFO: INI ALAMAT TABLENYA :  D:\Work\Mii\TEMPLATES\ssrtemplates\.angular\prerender-root\8ad995a4-076d-4e5b-9059-7d9243d69044\data\admdb.sqlite
[2025-11-14 09:58:46] WARN: Could not read param for rate limit, using default. Error: {}
[2025-11-14 09:58:46] INFO: Node Express server listening on http://localhost:4000
[2025-11-14 09:58:49] INFO: INI ALAMAT TABLENYA :  D:\Work\Mii\TEMPLATES\ssrtemplates\.angular\prerender-root\ad99b085-96b7-4af7-b743-97f5a82c67a5\data\admdb.sqlite
[2025-11-14 09:58:49] WARN: Could not read param for rate limit, using default. Error: {}
[2025-11-14 09:58:49] INFO: Node Express server listening on http://localhost:4000
[2025-11-14 09:58:49] INFO: INI ALAMAT TABLENYA :  D:\Work\Mii\TEMPLATES\ssrtemplates\.angular\prerender-root\ea105f32-246d-492a-a278-c1c6cc22e45f\data\admdb.sqlite
[2025-11-14 09:58:49] WARN: Could not read param for rate limit, using default. Error: {}
[2025-11-14 09:58:49] INFO: INI ALAMAT TABLENYA :  D:\Work\Mii\TEMPLATES\ssrtemplates\.angular\prerender-root\2dea5ade-c7ae-4f39-8750-c7ac7b5f30a4\data\admdb.sqlite
[2025-11-14 09:58:49] WARN: Could not read param for rate limit, using default. Error: {}
[2025-11-14 09:58:49] INFO: INI ALAMAT TABLENYA :  D:\Work\Mii\TEMPLATES\ssrtemplates\.angular\prerender-root\965cc830-4438-4111-8531-f3b49d51de20\data\admdb.sqlite
[2025-11-14 09:58:49] WARN: Could not read param for rate limit, using default. Error: {}
[2025-11-14 09:58:59] INFO: INI ALAMAT TABLENYA :  D:\Work\Mii\TEMPLATES\ssrtemplates\dist\ssrtemplates\server\data\admdb.sqlite
[2025-11-14 09:58:59] INFO: login limiter max set to 3
[2025-11-14 09:58:59] INFO: Node Express server listening on http://localhost:4000
