[2025-12-09 21:12:51] INFO: INI ALAMAT TABLENYA :  D:\Work\Mii\TEMPLATES\ssrtemplates\.angular\prerender-root\0a8e0be4-05b3-431f-a522-820bcc34d6e9\data\admdb.sqlite
[2025-12-09 21:12:51] WARN: Could not read param for rate limit, using default. Error: {}
[2025-12-09 21:12:51] INFO: Node Express server listening on http://localhost:4000
[2025-12-09 21:12:54] INFO: INI ALAMAT TABLENYA :  D:\Work\Mii\TEMPLATES\ssrtemplates\.angular\prerender-root\15fc0ede-544d-423f-ab3d-1e55f0cc23f6\data\admdb.sqlite
[2025-12-09 21:12:54] WARN: Could not read param for rate limit, using default. Error: {}
[2025-12-09 21:12:54] INFO: Node Express server listening on http://localhost:4000
[2025-12-09 21:12:54] INFO: INI ALAMAT TABLENYA :  D:\Work\Mii\TEMPLATES\ssrtemplates\.angular\prerender-root\0c7b8125-9345-4849-baae-7ec7ebb62a76\data\admdb.sqlite
[2025-12-09 21:12:54] WARN: Could not read param for rate limit, using default. Error: {}
[2025-12-09 21:12:54] INFO: INI ALAMAT TABLENYA :  D:\Work\Mii\TEMPLATES\ssrtemplates\.angular\prerender-root\56700bec-8559-42e5-88c9-a7304921e150\data\admdb.sqlite
[2025-12-09 21:12:54] WARN: Could not read param for rate limit, using default. Error: {}
[2025-12-09 21:12:54] INFO: INI ALAMAT TABLENYA :  D:\Work\Mii\TEMPLATES\ssrtemplates\.angular\prerender-root\5adf7c09-d767-4357-85ea-92b16e4f2daa\data\admdb.sqlite
[2025-12-09 21:12:54] WARN: Could not read param for rate limit, using default. Error: {}
[2025-12-09 21:13:11] INFO: INI ALAMAT TABLENYA :  D:\Work\Mii\TEMPLATES\ssrtemplates\dist\ssrtemplates\server\data\admdb.sqlite
[2025-12-09 21:13:11] INFO: login limiter max set to 3
[2025-12-09 21:13:11] INFO: Node Express server listening on http://localhost:4000
[2025-12-09 21:17:37] INFO: INI ALAMAT TABLENYA :  D:\Work\Mii\TEMPLATES\ssrtemplates\dist\ssrtemplates\server\data\admdb.sqlite
[2025-12-09 21:17:37] INFO: login limiter max set to 3
[2025-12-09 21:17:37] INFO: Node Express server listening on http://localhost:4000
[2025-12-09 21:22:25] INFO: INI ALAMAT TABLENYA :  D:\Work\Mii\TEMPLATES\ssrtemplates\.angular\prerender-root\255eec41-0419-4244-9cf1-332362c0c500\data\admdb.sqlite
[2025-12-09 21:22:25] WARN: Could not read param for rate limit, using default. Error: {}
[2025-12-09 21:22:25] INFO: Node Express server listening on http://localhost:4000
[2025-12-09 21:22:27] INFO: INI ALAMAT TABLENYA :  D:\Work\Mii\TEMPLATES\ssrtemplates\.angular\prerender-root\9f87adf9-8543-4649-a107-1547cafb083e\data\admdb.sqlite
[2025-12-09 21:22:27] WARN: Could not read param for rate limit, using default. Error: {}
[2025-12-09 21:22:27] INFO: Node Express server listening on http://localhost:4000
[2025-12-09 21:22:27] INFO: INI ALAMAT TABLENYA :  D:\Work\Mii\TEMPLATES\ssrtemplates\.angular\prerender-root\73ff04a8-3f85-48f9-bd83-d705471e3243\data\admdb.sqlite
[2025-12-09 21:22:27] WARN: Could not read param for rate limit, using default. Error: {}
[2025-12-09 21:22:27] INFO: INI ALAMAT TABLENYA :  D:\Work\Mii\TEMPLATES\ssrtemplates\.angular\prerender-root\e1a58879-0fc6-440c-8826-a0b7aedc5799\data\admdb.sqlite
[2025-12-09 21:22:27] WARN: Could not read param for rate limit, using default. Error: {}
[2025-12-09 21:22:27] INFO: INI ALAMAT TABLENYA :  D:\Work\Mii\TEMPLATES\ssrtemplates\.angular\prerender-root\b3ce446e-b782-4d99-9d15-38dec31d258c\data\admdb.sqlite
[2025-12-09 21:22:27] WARN: Could not read param for rate limit, using default. Error: {}
[2025-12-09 21:23:03] INFO: INI ALAMAT TABLENYA :  D:\Work\Mii\TEMPLATES\ssrtemplates\dist\ssrtemplates\server\data\admdb.sqlite
[2025-12-09 21:23:03] INFO: login limiter max set to 3
[2025-12-09 21:23:03] INFO: Node Express server listening on http://localhost:4000
[2025-12-09 21:32:37] INFO: INI ALAMAT TABLENYA :  D:\Work\Mii\TEMPLATES\ssrtemplates\.angular\prerender-root\a06a781d-64d2-4359-9b0c-0baef7f85e38\data\admdb.sqlite
[2025-12-09 21:32:37] WARN: Could not read param for rate limit, using default. Error: {}
[2025-12-09 21:32:37] INFO: Node Express server listening on http://localhost:4000
[2025-12-09 21:32:39] INFO: INI ALAMAT TABLENYA :  D:\Work\Mii\TEMPLATES\ssrtemplates\.angular\prerender-root\53f58047-d954-493f-962a-1c3808873dcb\data\admdb.sqlite
[2025-12-09 21:32:39] WARN: Could not read param for rate limit, using default. Error: {}
[2025-12-09 21:32:39] INFO: INI ALAMAT TABLENYA :  D:\Work\Mii\TEMPLATES\ssrtemplates\.angular\prerender-root\7fcf449f-844d-4f95-a906-fcf8375dd971\data\admdb.sqlite
[2025-12-09 21:32:39] WARN: Could not read param for rate limit, using default. Error: {}
[2025-12-09 21:32:39] INFO: Node Express server listening on http://localhost:4000
[2025-12-09 21:32:39] INFO: INI ALAMAT TABLENYA :  D:\Work\Mii\TEMPLATES\ssrtemplates\.angular\prerender-root\4002a32b-1331-4e6f-a3ac-cb490fc9a977\data\admdb.sqlite
[2025-12-09 21:32:39] INFO: INI ALAMAT TABLENYA :  D:\Work\Mii\TEMPLATES\ssrtemplates\.angular\prerender-root\1e9c3ef8-e961-48b9-a73b-4c6463a3c31a\data\admdb.sqlite
[2025-12-09 21:32:39] WARN: Could not read param for rate limit, using default. Error: {}
[2025-12-09 21:32:39] WARN: Could not read param for rate limit, using default. Error: {}
