[2025-10-24 05:17:27] INFO: INI ALAMAT TABLENYA :  D:\Work\Mii\TEMPLATES\ssrtemplates\.angular\prerender-root\0c9e798d-685e-402f-8bcf-3fc452aa8508\data\admdb.sqlite
[2025-10-24 05:17:27] WARN: Could not read param for rate limit, using default. Error: {}
[2025-10-24 05:17:32] INFO: INI ALAMAT TABLENYA :  D:\Work\Mii\TEMPLATES\ssrtemplates\.angular\prerender-root\34ce99fc-695c-48b6-a2fa-d07e2fb82bfe\data\admdb.sqlite
[2025-10-24 05:17:32] WARN: Could not read param for rate limit, using default. Error: {}
[2025-10-24 05:17:32] INFO: INI ALAMAT TABLENYA :  D:\Work\Mii\TEMPLATES\ssrtemplates\.angular\prerender-root\f00dd37a-1efa-4430-af0d-52f50e3cac42\data\admdb.sqlite
[2025-10-24 05:17:32] WARN: Could not read param for rate limit, using default. Error: {}
[2025-10-24 05:17:32] INFO: INI ALAMAT TABLENYA :  D:\Work\Mii\TEMPLATES\ssrtemplates\.angular\prerender-root\aa8688df-ca66-40ae-91e0-31797d401e11\data\admdb.sqlite
[2025-10-24 05:17:32] WARN: Could not read param for rate limit, using default. Error: {}
[2025-10-24 05:17:32] INFO: INI ALAMAT TABLENYA :  D:\Work\Mii\TEMPLATES\ssrtemplates\.angular\prerender-root\a103d198-50a6-45ec-bd91-8fb4be15c764\data\admdb.sqlite
[2025-10-24 05:17:32] WARN: Could not read param for rate limit, using default. Error: {}
[2025-10-24 05:17:50] INFO: INI ALAMAT TABLENYA :  D:\Work\Mii\TEMPLATES\ssrtemplates\dist\ssrtemplates\server\data\admdb.sqlite
[2025-10-24 05:17:50] INFO: login limiter max set to 3
[2025-10-24 11:04:28] INFO: INI ALAMAT TABLENYA :  D:\Work\Mii\TEMPLATES\ssrtemplates\.angular\prerender-root\9d03609a-f1ab-4635-91a8-56ff63d01ddd\data\admdb.sqlite
[2025-10-24 11:04:29] WARN: Could not read param for rate limit, using default. Error: {}
[2025-10-24 11:04:38] INFO: INI ALAMAT TABLENYA :  D:\Work\Mii\TEMPLATES\ssrtemplates\.angular\prerender-root\f51d8e9a-6119-4101-9281-1f4d8ae25ff6\data\admdb.sqlite
[2025-10-24 11:04:38] WARN: Could not read param for rate limit, using default. Error: {}
[2025-10-24 11:04:38] INFO: INI ALAMAT TABLENYA :  D:\Work\Mii\TEMPLATES\ssrtemplates\.angular\prerender-root\d99d0645-6c87-43de-b274-88af7e935b8b\data\admdb.sqlite
[2025-10-24 11:04:38] WARN: Could not read param for rate limit, using default. Error: {}
[2025-10-24 11:04:38] INFO: INI ALAMAT TABLENYA :  D:\Work\Mii\TEMPLATES\ssrtemplates\.angular\prerender-root\55f25cad-7ee1-4ae1-bc7f-7911ed9f6341\data\admdb.sqlite
[2025-10-24 11:04:38] WARN: Could not read param for rate limit, using default. Error: {}
[2025-10-24 11:04:38] INFO: INI ALAMAT TABLENYA :  D:\Work\Mii\TEMPLATES\ssrtemplates\.angular\prerender-root\1414205f-1f5d-4ca4-89ed-d880877571c3\data\admdb.sqlite
[2025-10-24 11:04:38] WARN: Could not read param for rate limit, using default. Error: {}
[2025-10-24 11:10:26] INFO: INI ALAMAT TABLENYA :  D:\Work\Mii\TEMPLATES\ssrtemplates\.angular\prerender-root\b05f851f-b54a-4868-96a2-28f78261740b\data\admdb.sqlite
[2025-10-24 11:10:26] WARN: Could not read param for rate limit, using default. Error: {}
[2025-10-24 11:10:28] INFO: INI ALAMAT TABLENYA :  D:\Work\Mii\TEMPLATES\ssrtemplates\.angular\prerender-root\6ee882dc-9f79-416d-9ad5-8b50397c06ac\data\admdb.sqlite
[2025-10-24 11:10:29] WARN: Could not read param for rate limit, using default. Error: {}
[2025-10-24 11:10:28] INFO: INI ALAMAT TABLENYA :  D:\Work\Mii\TEMPLATES\ssrtemplates\.angular\prerender-root\fc2b5061-13a1-4c8e-b3d0-5f09a53f3b44\data\admdb.sqlite
[2025-10-24 11:10:29] WARN: Could not read param for rate limit, using default. Error: {}
[2025-10-24 11:10:28] INFO: INI ALAMAT TABLENYA :  D:\Work\Mii\TEMPLATES\ssrtemplates\.angular\prerender-root\df914b63-c6cf-4f6d-a4bb-1880e6c4f6d3\data\admdb.sqlite
[2025-10-24 11:10:29] WARN: Could not read param for rate limit, using default. Error: {}
[2025-10-24 11:10:28] INFO: INI ALAMAT TABLENYA :  D:\Work\Mii\TEMPLATES\ssrtemplates\.angular\prerender-root\6aad8e71-e7c3-4ce8-a8d2-85cc7bfb212c\data\admdb.sqlite
[2025-10-24 11:10:29] WARN: Could not read param for rate limit, using default. Error: {}
[2025-10-24 11:10:40] INFO: INI ALAMAT TABLENYA :  D:\Work\Mii\TEMPLATES\ssrtemplates\dist\ssrtemplates\server\data\admdb.sqlite
[2025-10-24 11:10:40] INFO: login limiter max set to 3
[2025-10-24 11:13:13] INFO: INI ALAMAT TABLENYA :  D:\Work\Mii\TEMPLATES\ssrtemplates\.angular\prerender-root\bd34aff2-9efb-428b-9f03-3c0023fbe467\data\admdb.sqlite
[2025-10-24 11:13:13] WARN: Could not read param for rate limit, using default. Error: {}
[2025-10-24 11:13:15] INFO: INI ALAMAT TABLENYA :  D:\Work\Mii\TEMPLATES\ssrtemplates\.angular\prerender-root\3e0e62f0-05cf-4819-ba2a-7047bf01feeb\data\admdb.sqlite
[2025-10-24 11:13:15] WARN: Could not read param for rate limit, using default. Error: {}
[2025-10-24 11:13:15] INFO: INI ALAMAT TABLENYA :  D:\Work\Mii\TEMPLATES\ssrtemplates\.angular\prerender-root\d083c86d-b4da-46e8-bc54-bc412b25be1d\data\admdb.sqlite
[2025-10-24 11:13:15] WARN: Could not read param for rate limit, using default. Error: {}
[2025-10-24 11:13:15] INFO: INI ALAMAT TABLENYA :  D:\Work\Mii\TEMPLATES\ssrtemplates\.angular\prerender-root\53a5965c-a215-4dde-beaa-5c060d976ccd\data\admdb.sqlite
[2025-10-24 11:13:15] WARN: Could not read param for rate limit, using default. Error: {}
[2025-10-24 11:13:15] INFO: INI ALAMAT TABLENYA :  D:\Work\Mii\TEMPLATES\ssrtemplates\.angular\prerender-root\ba68f439-8686-441d-a10b-dfa21dbe2948\data\admdb.sqlite
[2025-10-24 11:13:15] WARN: Could not read param for rate limit, using default. Error: {}
[2025-10-24 11:13:42] INFO: INI ALAMAT TABLENYA :  D:\Work\Mii\TEMPLATES\ssrtemplates\.angular\prerender-root\9ac0cfd8-ddcf-4024-b76d-d7e41863f06a\data\admdb.sqlite
[2025-10-24 11:13:42] WARN: Could not read param for rate limit, using default. Error: {}
[2025-10-24 11:13:45] INFO: INI ALAMAT TABLENYA :  D:\Work\Mii\TEMPLATES\ssrtemplates\.angular\prerender-root\c0e16233-df94-44cf-8bf7-834a7e8591aa\data\admdb.sqlite
[2025-10-24 11:13:45] WARN: Could not read param for rate limit, using default. Error: {}
[2025-10-24 11:13:45] INFO: INI ALAMAT TABLENYA :  D:\Work\Mii\TEMPLATES\ssrtemplates\.angular\prerender-root\f9e8ab8a-18df-4a34-bb7b-f7390a5d800c\data\admdb.sqlite
[2025-10-24 11:13:45] WARN: Could not read param for rate limit, using default. Error: {}
[2025-10-24 11:13:45] INFO: INI ALAMAT TABLENYA :  D:\Work\Mii\TEMPLATES\ssrtemplates\.angular\prerender-root\327193fa-3ac1-44a6-90f7-e75c92c05b1e\data\admdb.sqlite
[2025-10-24 11:13:45] WARN: Could not read param for rate limit, using default. Error: {}
[2025-10-24 11:13:45] INFO: INI ALAMAT TABLENYA :  D:\Work\Mii\TEMPLATES\ssrtemplates\.angular\prerender-root\244367eb-d320-4b99-965c-a463f41a6bd8\data\admdb.sqlite
[2025-10-24 11:13:45] WARN: Could not read param for rate limit, using default. Error: {}
[2025-10-24 11:13:55] INFO: INI ALAMAT TABLENYA :  D:\Work\Mii\TEMPLATES\ssrtemplates\dist\ssrtemplates\server\data\admdb.sqlite
[2025-10-24 11:13:55] INFO: login limiter max set to 3
[2025-10-24 11:15:59] INFO: INI ALAMAT TABLENYA :  D:\Work\Mii\TEMPLATES\ssrtemplates\.angular\prerender-root\92b7ce3d-c66d-4989-afc7-62c35d32d913\data\admdb.sqlite
[2025-10-24 11:15:59] WARN: Could not read param for rate limit, using default. Error: {}
[2025-10-24 11:16:02] INFO: INI ALAMAT TABLENYA :  D:\Work\Mii\TEMPLATES\ssrtemplates\.angular\prerender-root\821cc6f4-cd9b-4f51-8862-2ee7cf726301\data\admdb.sqlite
[2025-10-24 11:16:02] WARN: Could not read param for rate limit, using default. Error: {}
[2025-10-24 11:16:02] INFO: INI ALAMAT TABLENYA :  D:\Work\Mii\TEMPLATES\ssrtemplates\.angular\prerender-root\19757ca9-bddf-4ad6-934f-8734333a3bcd\data\admdb.sqlite
[2025-10-24 11:16:02] INFO: INI ALAMAT TABLENYA :  D:\Work\Mii\TEMPLATES\ssrtemplates\.angular\prerender-root\ff77b702-2d77-46f7-86f2-4186e2432f6a\data\admdb.sqlite
[2025-10-24 11:16:02] WARN: Could not read param for rate limit, using default. Error: {}
[2025-10-24 11:16:02] WARN: Could not read param for rate limit, using default. Error: {}
[2025-10-24 11:16:02] INFO: INI ALAMAT TABLENYA :  D:\Work\Mii\TEMPLATES\ssrtemplates\.angular\prerender-root\836ffe73-ff9e-43ab-bc95-f5b539558c14\data\admdb.sqlite
[2025-10-24 11:16:02] WARN: Could not read param for rate limit, using default. Error: {}
[2025-10-24 11:16:11] INFO: INI ALAMAT TABLENYA :  D:\Work\Mii\TEMPLATES\ssrtemplates\dist\ssrtemplates\server\data\admdb.sqlite
[2025-10-24 11:16:11] INFO: login limiter max set to 3
[2025-10-24 11:16:57] INFO: INI ALAMAT TABLENYA :  D:\Work\Mii\TEMPLATES\ssrtemplates\.angular\prerender-root\9e149f27-75ad-4e96-9756-f3c8cd92c7e1\data\admdb.sqlite
[2025-10-24 11:16:57] WARN: Could not read param for rate limit, using default. Error: {}
[2025-10-24 11:16:59] INFO: INI ALAMAT TABLENYA :  D:\Work\Mii\TEMPLATES\ssrtemplates\.angular\prerender-root\ce9f9fff-a8e4-4c68-8983-ed2e8e898240\data\admdb.sqlite
[2025-10-24 11:16:59] WARN: Could not read param for rate limit, using default. Error: {}
[2025-10-24 11:16:59] INFO: INI ALAMAT TABLENYA :  D:\Work\Mii\TEMPLATES\ssrtemplates\.angular\prerender-root\b7722a8a-eed3-4769-a0a5-153cc198b6a8\data\admdb.sqlite
[2025-10-24 11:16:59] WARN: Could not read param for rate limit, using default. Error: {}
[2025-10-24 11:16:59] INFO: INI ALAMAT TABLENYA :  D:\Work\Mii\TEMPLATES\ssrtemplates\.angular\prerender-root\4807171f-0f02-474e-9d13-c8904923f958\data\admdb.sqlite
[2025-10-24 11:16:59] WARN: Could not read param for rate limit, using default. Error: {}
[2025-10-24 11:16:59] INFO: INI ALAMAT TABLENYA :  D:\Work\Mii\TEMPLATES\ssrtemplates\.angular\prerender-root\5a69643c-92a0-424e-96d2-d3d9c1e42d0d\data\admdb.sqlite
[2025-10-24 11:16:59] WARN: Could not read param for rate limit, using default. Error: {}
[2025-10-24 11:17:10] INFO: INI ALAMAT TABLENYA :  D:\Work\Mii\TEMPLATES\ssrtemplates\dist\ssrtemplates\server\data\admdb.sqlite
[2025-10-24 11:17:10] INFO: login limiter max set to 3
[2025-10-24 11:22:40] INFO: INI ALAMAT TABLENYA :  D:\Work\Mii\TEMPLATES\ssrtemplates\.angular\prerender-root\e923fb9d-7af8-4a52-95ac-3b6e8ec6fb38\data\admdb.sqlite
[2025-10-24 11:22:40] WARN: Could not read param for rate limit, using default. Error: {}
[2025-10-24 11:22:43] INFO: INI ALAMAT TABLENYA :  D:\Work\Mii\TEMPLATES\ssrtemplates\.angular\prerender-root\ed6b9b2e-e3df-4cc8-80bd-ee4d89321e3d\data\admdb.sqlite
[2025-10-24 11:22:43] WARN: Could not read param for rate limit, using default. Error: {}
[2025-10-24 11:22:43] INFO: INI ALAMAT TABLENYA :  D:\Work\Mii\TEMPLATES\ssrtemplates\.angular\prerender-root\8c7b2a61-3cff-45b8-8c6b-9414a3991596\data\admdb.sqlite
[2025-10-24 11:22:43] WARN: Could not read param for rate limit, using default. Error: {}
[2025-10-24 11:22:43] INFO: INI ALAMAT TABLENYA :  D:\Work\Mii\TEMPLATES\ssrtemplates\.angular\prerender-root\3e4988f9-c9fa-4f4b-ae58-b79bc420123c\data\admdb.sqlite
[2025-10-24 11:22:43] WARN: Could not read param for rate limit, using default. Error: {}
[2025-10-24 11:22:43] INFO: INI ALAMAT TABLENYA :  D:\Work\Mii\TEMPLATES\ssrtemplates\.angular\prerender-root\0e5ddbbe-8b2c-4456-8ed1-60ea1b28c99c\data\admdb.sqlite
[2025-10-24 11:22:43] WARN: Could not read param for rate limit, using default. Error: {}
[2025-10-24 11:22:53] INFO: INI ALAMAT TABLENYA :  D:\Work\Mii\TEMPLATES\ssrtemplates\dist\ssrtemplates\server\data\admdb.sqlite
[2025-10-24 11:22:53] INFO: login limiter max set to 3
[2025-10-24 11:27:27] INFO: INI ALAMAT TABLENYA :  D:\Work\Mii\TEMPLATES\ssrtemplates\.angular\prerender-root\2ab6160a-0b09-497d-a82d-53db47ead12e\data\admdb.sqlite
[2025-10-24 11:27:27] WARN: Could not read param for rate limit, using default. Error: {}
[2025-10-24 11:27:29] INFO: INI ALAMAT TABLENYA :  D:\Work\Mii\TEMPLATES\ssrtemplates\.angular\prerender-root\4ea99de1-3886-45f0-86d0-e952d027755e\data\admdb.sqlite
[2025-10-24 11:27:29] WARN: Could not read param for rate limit, using default. Error: {}
[2025-10-24 11:27:29] INFO: INI ALAMAT TABLENYA :  D:\Work\Mii\TEMPLATES\ssrtemplates\.angular\prerender-root\db92cee6-599c-4c64-a02e-7cb5ac38d0f0\data\admdb.sqlite
[2025-10-24 11:27:29] WARN: Could not read param for rate limit, using default. Error: {}
[2025-10-24 11:27:29] INFO: INI ALAMAT TABLENYA :  D:\Work\Mii\TEMPLATES\ssrtemplates\.angular\prerender-root\0a0b437b-cfd7-434d-ac69-23c3dc2fa82b\data\admdb.sqlite
[2025-10-24 11:27:29] WARN: Could not read param for rate limit, using default. Error: {}
[2025-10-24 11:27:29] INFO: INI ALAMAT TABLENYA :  D:\Work\Mii\TEMPLATES\ssrtemplates\.angular\prerender-root\49ea244b-db31-48c6-8559-183f4a2f85cd\data\admdb.sqlite
[2025-10-24 11:27:29] WARN: Could not read param for rate limit, using default. Error: {}
[2025-10-24 11:27:38] INFO: INI ALAMAT TABLENYA :  D:\Work\Mii\TEMPLATES\ssrtemplates\dist\ssrtemplates\server\data\admdb.sqlite
[2025-10-24 11:27:38] INFO: login limiter max set to 3
[2025-10-24 11:30:31] INFO: INI ALAMAT TABLENYA :  D:\Work\Mii\TEMPLATES\ssrtemplates\.angular\prerender-root\8860dc93-2a38-41e6-bf33-955464ed7e2d\data\admdb.sqlite
[2025-10-24 11:30:31] WARN: Could not read param for rate limit, using default. Error: {}
[2025-10-24 11:30:33] INFO: INI ALAMAT TABLENYA :  D:\Work\Mii\TEMPLATES\ssrtemplates\.angular\prerender-root\e6056728-91ae-4fd6-8bf9-a7246e330f30\data\admdb.sqlite
[2025-10-24 11:30:33] WARN: Could not read param for rate limit, using default. Error: {}
[2025-10-24 11:30:33] INFO: INI ALAMAT TABLENYA :  D:\Work\Mii\TEMPLATES\ssrtemplates\.angular\prerender-root\027319ed-c4e5-454d-bdb4-48be27c3f4fd\data\admdb.sqlite
[2025-10-24 11:30:33] WARN: Could not read param for rate limit, using default. Error: {}
[2025-10-24 11:30:33] INFO: INI ALAMAT TABLENYA :  D:\Work\Mii\TEMPLATES\ssrtemplates\.angular\prerender-root\638047fa-6a13-4b2f-acf3-ff0efb723792\data\admdb.sqlite
[2025-10-24 11:30:33] WARN: Could not read param for rate limit, using default. Error: {}
[2025-10-24 11:30:33] INFO: INI ALAMAT TABLENYA :  D:\Work\Mii\TEMPLATES\ssrtemplates\.angular\prerender-root\c683b661-0554-48c1-b2fc-f3ba864ead05\data\admdb.sqlite
[2025-10-24 11:30:33] WARN: Could not read param for rate limit, using default. Error: {}
[2025-10-24 11:30:40] INFO: INI ALAMAT TABLENYA :  D:\Work\Mii\TEMPLATES\ssrtemplates\dist\ssrtemplates\server\data\admdb.sqlite
[2025-10-24 11:30:41] INFO: login limiter max set to 3
[2025-10-24 11:32:48] INFO: INI ALAMAT TABLENYA :  D:\Work\Mii\TEMPLATES\ssrtemplates\.angular\prerender-root\88aaee18-afbf-453a-85a6-2bc145c5a466\data\admdb.sqlite
[2025-10-24 11:32:48] WARN: Could not read param for rate limit, using default. Error: {}
[2025-10-24 11:32:50] INFO: INI ALAMAT TABLENYA :  D:\Work\Mii\TEMPLATES\ssrtemplates\.angular\prerender-root\b7b138dd-7370-4093-b1e2-601a642701e1\data\admdb.sqlite
[2025-10-24 11:32:50] WARN: Could not read param for rate limit, using default. Error: {}
[2025-10-24 11:32:50] INFO: INI ALAMAT TABLENYA :  D:\Work\Mii\TEMPLATES\ssrtemplates\.angular\prerender-root\716ab07d-0cd3-4be1-a79f-50d669ae9f53\data\admdb.sqlite
[2025-10-24 11:32:50] WARN: Could not read param for rate limit, using default. Error: {}
[2025-10-24 11:32:50] INFO: INI ALAMAT TABLENYA :  D:\Work\Mii\TEMPLATES\ssrtemplates\.angular\prerender-root\e4fb9920-7bc6-4e3b-95b8-fe348303914d\data\admdb.sqlite
[2025-10-24 11:32:50] WARN: Could not read param for rate limit, using default. Error: {}
[2025-10-24 11:32:50] INFO: INI ALAMAT TABLENYA :  D:\Work\Mii\TEMPLATES\ssrtemplates\.angular\prerender-root\6ee1ad3d-625c-40e7-9acf-16cbd640cb06\data\admdb.sqlite
[2025-10-24 11:32:50] WARN: Could not read param for rate limit, using default. Error: {}
[2025-10-24 11:33:13] INFO: INI ALAMAT TABLENYA :  D:\Work\Mii\TEMPLATES\ssrtemplates\.angular\prerender-root\e1ca2580-6fe7-42f8-b1da-a6d09d46017d\data\admdb.sqlite
[2025-10-24 11:33:13] WARN: Could not read param for rate limit, using default. Error: {}
[2025-10-24 11:33:15] INFO: INI ALAMAT TABLENYA :  D:\Work\Mii\TEMPLATES\ssrtemplates\.angular\prerender-root\e6df38a0-8619-4d8c-b22f-381cb06d5f79\data\admdb.sqlite
[2025-10-24 11:33:15] INFO: INI ALAMAT TABLENYA :  D:\Work\Mii\TEMPLATES\ssrtemplates\.angular\prerender-root\c03129c8-e463-4ac8-a015-8b052e5391a6\data\admdb.sqlite
[2025-10-24 11:33:15] WARN: Could not read param for rate limit, using default. Error: {}
[2025-10-24 11:33:15] WARN: Could not read param for rate limit, using default. Error: {}
[2025-10-24 11:33:15] INFO: INI ALAMAT TABLENYA :  D:\Work\Mii\TEMPLATES\ssrtemplates\.angular\prerender-root\c1675163-22f5-4a1a-bcb7-4d5ddada7a23\data\admdb.sqlite
[2025-10-24 11:33:15] WARN: Could not read param for rate limit, using default. Error: {}
[2025-10-24 11:33:15] INFO: INI ALAMAT TABLENYA :  D:\Work\Mii\TEMPLATES\ssrtemplates\.angular\prerender-root\1159d09f-676b-4be6-934b-aaa03c0087f9\data\admdb.sqlite
[2025-10-24 11:33:15] WARN: Could not read param for rate limit, using default. Error: {}
[2025-10-24 11:33:22] INFO: INI ALAMAT TABLENYA :  D:\Work\Mii\TEMPLATES\ssrtemplates\dist\ssrtemplates\server\data\admdb.sqlite
[2025-10-24 11:33:22] INFO: login limiter max set to 3
[2025-10-24 11:34:10] INFO: INI ALAMAT TABLENYA :  D:\Work\Mii\TEMPLATES\ssrtemplates\.angular\prerender-root\fc38d3cb-54f7-4625-944e-377705ad63d3\data\admdb.sqlite
[2025-10-24 11:34:10] WARN: Could not read param for rate limit, using default. Error: {}
[2025-10-24 11:34:12] INFO: INI ALAMAT TABLENYA :  D:\Work\Mii\TEMPLATES\ssrtemplates\.angular\prerender-root\6ebe0124-f85d-420b-934c-f140fefbed21\data\admdb.sqlite
[2025-10-24 11:34:12] INFO: INI ALAMAT TABLENYA :  D:\Work\Mii\TEMPLATES\ssrtemplates\.angular\prerender-root\e6454a83-7af0-4f6f-bc53-238bcd36eb6b\data\admdb.sqlite
[2025-10-24 11:34:12] WARN: Could not read param for rate limit, using default. Error: {}
[2025-10-24 11:34:12] WARN: Could not read param for rate limit, using default. Error: {}
[2025-10-24 11:34:12] INFO: INI ALAMAT TABLENYA :  D:\Work\Mii\TEMPLATES\ssrtemplates\.angular\prerender-root\7745dfbe-7388-48fd-b11c-a373b6904af9\data\admdb.sqlite
[2025-10-24 11:34:12] WARN: Could not read param for rate limit, using default. Error: {}
[2025-10-24 11:34:12] INFO: INI ALAMAT TABLENYA :  D:\Work\Mii\TEMPLATES\ssrtemplates\.angular\prerender-root\177402a0-ca9b-4032-b72f-0251fe3ceb02\data\admdb.sqlite
[2025-10-24 11:34:12] WARN: Could not read param for rate limit, using default. Error: {}
[2025-10-24 11:34:20] INFO: INI ALAMAT TABLENYA :  D:\Work\Mii\TEMPLATES\ssrtemplates\dist\ssrtemplates\server\data\admdb.sqlite
[2025-10-24 11:34:20] INFO: login limiter max set to 3
[2025-10-24 11:40:26] INFO: INI ALAMAT TABLENYA :  D:\Work\Mii\TEMPLATES\ssrtemplates\.angular\prerender-root\980f08ae-2608-4a94-ad72-15f911bbf1d8\data\admdb.sqlite
[2025-10-24 11:40:26] WARN: Could not read param for rate limit, using default. Error: {}
[2025-10-24 11:40:28] INFO: INI ALAMAT TABLENYA :  D:\Work\Mii\TEMPLATES\ssrtemplates\.angular\prerender-root\56dc6152-bfef-4728-a19f-92eb23f86116\data\admdb.sqlite
[2025-10-24 11:40:28] WARN: Could not read param for rate limit, using default. Error: {}
[2025-10-24 11:40:28] INFO: INI ALAMAT TABLENYA :  D:\Work\Mii\TEMPLATES\ssrtemplates\.angular\prerender-root\aeb53640-6efb-4d10-af87-1c07f5fb0089\data\admdb.sqlite
[2025-10-24 11:40:28] WARN: Could not read param for rate limit, using default. Error: {}
[2025-10-24 11:40:28] INFO: INI ALAMAT TABLENYA :  D:\Work\Mii\TEMPLATES\ssrtemplates\.angular\prerender-root\debee180-5d63-42ff-91c1-d0d88ce648e0\data\admdb.sqlite
[2025-10-24 11:40:28] WARN: Could not read param for rate limit, using default. Error: {}
[2025-10-24 11:40:28] INFO: INI ALAMAT TABLENYA :  D:\Work\Mii\TEMPLATES\ssrtemplates\.angular\prerender-root\768cce43-5405-43c9-a660-d70be13e2aa6\data\admdb.sqlite
[2025-10-24 11:40:28] WARN: Could not read param for rate limit, using default. Error: {}
[2025-10-24 11:40:36] INFO: INI ALAMAT TABLENYA :  D:\Work\Mii\TEMPLATES\ssrtemplates\dist\ssrtemplates\server\data\admdb.sqlite
[2025-10-24 11:40:36] INFO: login limiter max set to 3
[2025-10-24 11:41:20] INFO: INI ALAMAT TABLENYA :  D:\Work\Mii\TEMPLATES\ssrtemplates\.angular\prerender-root\be0a7e98-e493-4ff5-b09c-57b5f29f3e29\data\admdb.sqlite
[2025-10-24 11:41:20] WARN: Could not read param for rate limit, using default. Error: {}
[2025-10-24 11:41:21] INFO: INI ALAMAT TABLENYA :  D:\Work\Mii\TEMPLATES\ssrtemplates\.angular\prerender-root\e75870bd-c118-4561-b0ce-580bf85105a0\data\admdb.sqlite
[2025-10-24 11:41:22] WARN: Could not read param for rate limit, using default. Error: {}
[2025-10-24 11:41:21] INFO: INI ALAMAT TABLENYA :  D:\Work\Mii\TEMPLATES\ssrtemplates\.angular\prerender-root\4858a152-04e7-431f-a2fc-6e04ecf4ecf6\data\admdb.sqlite
[2025-10-24 11:41:22] WARN: Could not read param for rate limit, using default. Error: {}
[2025-10-24 11:41:21] INFO: INI ALAMAT TABLENYA :  D:\Work\Mii\TEMPLATES\ssrtemplates\.angular\prerender-root\a5f11e2e-f4d6-4f85-b1c9-08e8a584b765\data\admdb.sqlite
[2025-10-24 11:41:22] WARN: Could not read param for rate limit, using default. Error: {}
[2025-10-24 11:41:21] INFO: INI ALAMAT TABLENYA :  D:\Work\Mii\TEMPLATES\ssrtemplates\.angular\prerender-root\51474dbf-bb94-4cc0-a751-0854ef9b7db5\data\admdb.sqlite
[2025-10-24 11:41:22] WARN: Could not read param for rate limit, using default. Error: {}
[2025-10-24 11:41:29] INFO: INI ALAMAT TABLENYA :  D:\Work\Mii\TEMPLATES\ssrtemplates\dist\ssrtemplates\server\data\admdb.sqlite
[2025-10-24 11:41:29] INFO: login limiter max set to 3
[2025-10-24 13:21:10] INFO: INI ALAMAT TABLENYA :  D:\Work\Mii\TEMPLATES\ssrtemplates\.angular\prerender-root\3d77b5b7-1bdf-4fac-8d5e-81831e662edc\data\admdb.sqlite
[2025-10-24 13:21:11] WARN: Could not read param for rate limit, using default. Error: {}
[2025-10-24 13:21:16] INFO: INI ALAMAT TABLENYA :  D:\Work\Mii\TEMPLATES\ssrtemplates\.angular\prerender-root\50c520c3-b2c3-40b3-9eb0-9572995b7ecb\data\admdb.sqlite
[2025-10-24 13:21:16] WARN: Could not read param for rate limit, using default. Error: {}
[2025-10-24 13:21:16] INFO: INI ALAMAT TABLENYA :  D:\Work\Mii\TEMPLATES\ssrtemplates\.angular\prerender-root\80431ead-935e-4f4d-9301-c2228e75ec5a\data\admdb.sqlite
[2025-10-24 13:21:16] WARN: Could not read param for rate limit, using default. Error: {}
[2025-10-24 13:21:16] INFO: INI ALAMAT TABLENYA :  D:\Work\Mii\TEMPLATES\ssrtemplates\.angular\prerender-root\9f265e2a-37aa-44e4-8de9-c56c14546ca4\data\admdb.sqlite
[2025-10-24 13:21:16] WARN: Could not read param for rate limit, using default. Error: {}
[2025-10-24 13:21:16] INFO: INI ALAMAT TABLENYA :  D:\Work\Mii\TEMPLATES\ssrtemplates\.angular\prerender-root\fb741785-e6ec-40a4-8a89-be6b6313b17a\data\admdb.sqlite
[2025-10-24 13:21:16] WARN: Could not read param for rate limit, using default. Error: {}
[2025-10-24 13:21:29] INFO: INI ALAMAT TABLENYA :  D:\Work\Mii\TEMPLATES\ssrtemplates\dist\ssrtemplates\server\data\admdb.sqlite
[2025-10-24 13:21:29] INFO: login limiter max set to 3
[2025-10-24 13:58:23] INFO: INI ALAMAT TABLENYA :  D:\Work\Mii\TEMPLATES\ssrtemplates\.angular\prerender-root\64e96cde-ae1d-4cb7-b46a-caaa9fa09c0e\data\admdb.sqlite
[2025-10-24 13:58:23] WARN: Could not read param for rate limit, using default. Error: {}
[2025-10-24 13:58:25] INFO: INI ALAMAT TABLENYA :  D:\Work\Mii\TEMPLATES\ssrtemplates\.angular\prerender-root\19b629f0-b892-4d16-ba50-29503cd29c28\data\admdb.sqlite
[2025-10-24 13:58:25] WARN: Could not read param for rate limit, using default. Error: {}
[2025-10-24 13:58:25] INFO: INI ALAMAT TABLENYA :  D:\Work\Mii\TEMPLATES\ssrtemplates\.angular\prerender-root\8c1ef5a9-317e-4597-9914-7fe81262c2f3\data\admdb.sqlite
[2025-10-24 13:58:25] WARN: Could not read param for rate limit, using default. Error: {}
[2025-10-24 13:58:25] INFO: INI ALAMAT TABLENYA :  D:\Work\Mii\TEMPLATES\ssrtemplates\.angular\prerender-root\d2090e24-2d07-4c95-9027-6f7fa0eab296\data\admdb.sqlite
[2025-10-24 13:58:25] WARN: Could not read param for rate limit, using default. Error: {}
[2025-10-24 13:58:25] INFO: INI ALAMAT TABLENYA :  D:\Work\Mii\TEMPLATES\ssrtemplates\.angular\prerender-root\de672dc0-c8b2-479f-99c5-f8988164cea0\data\admdb.sqlite
[2025-10-24 13:58:25] WARN: Could not read param for rate limit, using default. Error: {}
[2025-10-24 13:59:06] INFO: INI ALAMAT TABLENYA :  D:\Work\Mii\TEMPLATES\ssrtemplates\dist\ssrtemplates\server\data\admdb.sqlite
[2025-10-24 13:59:06] INFO: login limiter max set to 3
[2025-10-24 14:02:36] INFO: INI ALAMAT TABLENYA :  D:\Work\Mii\TEMPLATES\ssrtemplates\.angular\prerender-root\b515bf95-8a26-4ad7-bd33-9870b7792565\data\admdb.sqlite
[2025-10-24 14:02:36] WARN: Could not read param for rate limit, using default. Error: {}
[2025-10-24 14:02:39] INFO: INI ALAMAT TABLENYA :  D:\Work\Mii\TEMPLATES\ssrtemplates\.angular\prerender-root\40951be3-c48a-437f-80e8-d70d750cb968\data\admdb.sqlite
[2025-10-24 14:02:39] WARN: Could not read param for rate limit, using default. Error: {}
[2025-10-24 14:02:39] INFO: INI ALAMAT TABLENYA :  D:\Work\Mii\TEMPLATES\ssrtemplates\.angular\prerender-root\d5be53dc-e4cf-4dcc-91ed-9fdfb972bf29\data\admdb.sqlite
[2025-10-24 14:02:39] WARN: Could not read param for rate limit, using default. Error: {}
[2025-10-24 14:02:39] INFO: INI ALAMAT TABLENYA :  D:\Work\Mii\TEMPLATES\ssrtemplates\.angular\prerender-root\7ea658f8-b50d-4c43-b67a-f24eab01ec13\data\admdb.sqlite
[2025-10-24 14:02:39] WARN: Could not read param for rate limit, using default. Error: {}
[2025-10-24 14:02:39] INFO: INI ALAMAT TABLENYA :  D:\Work\Mii\TEMPLATES\ssrtemplates\.angular\prerender-root\01495d30-bb48-4edf-9bbc-855d696a5208\data\admdb.sqlite
[2025-10-24 14:02:39] WARN: Could not read param for rate limit, using default. Error: {}
[2025-10-24 14:02:49] INFO: INI ALAMAT TABLENYA :  D:\Work\Mii\TEMPLATES\ssrtemplates\dist\ssrtemplates\server\data\admdb.sqlite
[2025-10-24 14:02:49] INFO: login limiter max set to 3
[2025-10-24 14:04:35] INFO: INI ALAMAT TABLENYA :  D:\Work\Mii\TEMPLATES\ssrtemplates\.angular\prerender-root\4ea13ac8-6dcf-4da4-b911-de7155210b24\data\admdb.sqlite
[2025-10-24 14:04:35] WARN: Could not read param for rate limit, using default. Error: {}
[2025-10-24 14:04:38] INFO: INI ALAMAT TABLENYA :  D:\Work\Mii\TEMPLATES\ssrtemplates\.angular\prerender-root\39da85a7-72d8-45e1-9864-06beed8e3949\data\admdb.sqlite
[2025-10-24 14:04:39] WARN: Could not read param for rate limit, using default. Error: {}
[2025-10-24 14:04:38] INFO: INI ALAMAT TABLENYA :  D:\Work\Mii\TEMPLATES\ssrtemplates\.angular\prerender-root\204bca04-a71a-4e30-b32c-9cb2ecaaaa7d\data\admdb.sqlite
[2025-10-24 14:04:39] WARN: Could not read param for rate limit, using default. Error: {}
[2025-10-24 14:04:39] INFO: INI ALAMAT TABLENYA :  D:\Work\Mii\TEMPLATES\ssrtemplates\.angular\prerender-root\84fb8f71-94ee-4005-bcf9-c4a8de3b247f\data\admdb.sqlite
[2025-10-24 14:04:39] WARN: Could not read param for rate limit, using default. Error: {}
[2025-10-24 14:04:39] INFO: INI ALAMAT TABLENYA :  D:\Work\Mii\TEMPLATES\ssrtemplates\.angular\prerender-root\08008d89-103f-4a18-b2c7-634e37a89e26\data\admdb.sqlite
[2025-10-24 14:04:39] WARN: Could not read param for rate limit, using default. Error: {}
[2025-10-24 14:06:22] INFO: INI ALAMAT TABLENYA :  D:\Work\Mii\TEMPLATES\ssrtemplates\dist\ssrtemplates\server\data\admdb.sqlite
[2025-10-24 14:06:22] INFO: login limiter max set to 3
[2025-10-24 14:08:51] INFO: INI ALAMAT TABLENYA :  D:\Work\Mii\TEMPLATES\ssrtemplates\.angular\prerender-root\dcff58aa-c8da-4f8a-bf5b-d9cb20fed594\data\admdb.sqlite
[2025-10-24 14:08:51] WARN: Could not read param for rate limit, using default. Error: {}
[2025-10-24 14:08:53] INFO: INI ALAMAT TABLENYA :  D:\Work\Mii\TEMPLATES\ssrtemplates\.angular\prerender-root\e31e3373-d533-4db7-92d5-f26b5b90c7a1\data\admdb.sqlite
[2025-10-24 14:08:53] WARN: Could not read param for rate limit, using default. Error: {}
[2025-10-24 14:08:53] INFO: INI ALAMAT TABLENYA :  D:\Work\Mii\TEMPLATES\ssrtemplates\.angular\prerender-root\ac4a8619-b773-42f6-a103-71b00bc55024\data\admdb.sqlite
[2025-10-24 14:08:53] WARN: Could not read param for rate limit, using default. Error: {}
[2025-10-24 14:08:53] INFO: INI ALAMAT TABLENYA :  D:\Work\Mii\TEMPLATES\ssrtemplates\.angular\prerender-root\4f0c0e64-1ebc-4ba5-b240-ebf750e88e32\data\admdb.sqlite
[2025-10-24 14:08:53] WARN: Could not read param for rate limit, using default. Error: {}
[2025-10-24 14:08:53] INFO: INI ALAMAT TABLENYA :  D:\Work\Mii\TEMPLATES\ssrtemplates\.angular\prerender-root\16da1831-9129-4306-8399-cb478c114f7f\data\admdb.sqlite
[2025-10-24 14:08:53] WARN: Could not read param for rate limit, using default. Error: {}
[2025-10-24 14:09:05] INFO: INI ALAMAT TABLENYA :  D:\Work\Mii\TEMPLATES\ssrtemplates\dist\ssrtemplates\server\data\admdb.sqlite
[2025-10-24 14:09:05] INFO: login limiter max set to 3
[2025-10-24 14:11:11] INFO: INI ALAMAT TABLENYA :  D:\Work\Mii\TEMPLATES\ssrtemplates\.angular\prerender-root\973b8547-846c-4590-95ed-e6cd62521aeb\data\admdb.sqlite
[2025-10-24 14:11:11] WARN: Could not read param for rate limit, using default. Error: {}
[2025-10-24 14:11:13] INFO: INI ALAMAT TABLENYA :  D:\Work\Mii\TEMPLATES\ssrtemplates\.angular\prerender-root\59d8febc-e2e3-4ee6-a934-b7d72a8e527e\data\admdb.sqlite
[2025-10-24 14:11:13] WARN: Could not read param for rate limit, using default. Error: {}
[2025-10-24 14:11:13] INFO: INI ALAMAT TABLENYA :  D:\Work\Mii\TEMPLATES\ssrtemplates\.angular\prerender-root\08caca4e-3740-4999-82dc-caa7f1d341ae\data\admdb.sqlite
[2025-10-24 14:11:13] WARN: Could not read param for rate limit, using default. Error: {}
[2025-10-24 14:11:13] INFO: INI ALAMAT TABLENYA :  D:\Work\Mii\TEMPLATES\ssrtemplates\.angular\prerender-root\ab03110b-dc22-4567-b9e2-2afb24d5b10f\data\admdb.sqlite
[2025-10-24 14:11:13] WARN: Could not read param for rate limit, using default. Error: {}
[2025-10-24 14:11:13] INFO: INI ALAMAT TABLENYA :  D:\Work\Mii\TEMPLATES\ssrtemplates\.angular\prerender-root\ec2d1fd6-fda7-472c-a2a2-447a47b4283c\data\admdb.sqlite
[2025-10-24 14:11:13] WARN: Could not read param for rate limit, using default. Error: {}
[2025-10-24 14:11:23] INFO: INI ALAMAT TABLENYA :  D:\Work\Mii\TEMPLATES\ssrtemplates\dist\ssrtemplates\server\data\admdb.sqlite
[2025-10-24 14:11:23] INFO: login limiter max set to 3
[2025-10-24 14:16:33] INFO: INI ALAMAT TABLENYA :  D:\Work\Mii\TEMPLATES\ssrtemplates\.angular\prerender-root\5bde4ed5-fee7-4895-a10f-0490f5d93df1\data\admdb.sqlite
[2025-10-24 14:16:33] WARN: Could not read param for rate limit, using default. Error: {}
[2025-10-24 14:16:36] INFO: INI ALAMAT TABLENYA :  D:\Work\Mii\TEMPLATES\ssrtemplates\.angular\prerender-root\2834a9af-274b-47de-82bc-2767a2031420\data\admdb.sqlite
[2025-10-24 14:16:36] WARN: Could not read param for rate limit, using default. Error: {}
[2025-10-24 14:16:36] INFO: INI ALAMAT TABLENYA :  D:\Work\Mii\TEMPLATES\ssrtemplates\.angular\prerender-root\b1577bc2-e78d-4d8a-890f-3149432b1be6\data\admdb.sqlite
[2025-10-24 14:16:36] WARN: Could not read param for rate limit, using default. Error: {}
[2025-10-24 14:16:36] INFO: INI ALAMAT TABLENYA :  D:\Work\Mii\TEMPLATES\ssrtemplates\.angular\prerender-root\e6c40729-336d-4d88-a687-448f22dab5c0\data\admdb.sqlite
[2025-10-24 14:16:36] WARN: Could not read param for rate limit, using default. Error: {}
[2025-10-24 14:16:36] INFO: INI ALAMAT TABLENYA :  D:\Work\Mii\TEMPLATES\ssrtemplates\.angular\prerender-root\93e04059-4827-4988-9c07-a58be010ad32\data\admdb.sqlite
[2025-10-24 14:16:36] WARN: Could not read param for rate limit, using default. Error: {}
[2025-10-24 14:16:49] INFO: INI ALAMAT TABLENYA :  D:\Work\Mii\TEMPLATES\ssrtemplates\dist\ssrtemplates\server\data\admdb.sqlite
[2025-10-24 14:16:49] INFO: login limiter max set to 3
[2025-10-24 14:31:16] INFO: INI ALAMAT TABLENYA :  D:\Work\Mii\TEMPLATES\ssrtemplates\.angular\prerender-root\50b446b2-1b44-4047-b086-afbc7e4c5746\data\admdb.sqlite
[2025-10-24 14:31:16] WARN: Could not read param for rate limit, using default. Error: {}
[2025-10-24 14:31:18] INFO: INI ALAMAT TABLENYA :  D:\Work\Mii\TEMPLATES\ssrtemplates\.angular\prerender-root\cd9aaad9-5421-46a6-936c-ace88ab582ea\data\admdb.sqlite
[2025-10-24 14:31:18] WARN: Could not read param for rate limit, using default. Error: {}
[2025-10-24 14:31:18] INFO: INI ALAMAT TABLENYA :  D:\Work\Mii\TEMPLATES\ssrtemplates\.angular\prerender-root\24471ee5-f200-47d3-9cde-7a6f806faf48\data\admdb.sqlite
[2025-10-24 14:31:18] WARN: Could not read param for rate limit, using default. Error: {}
[2025-10-24 14:31:18] INFO: INI ALAMAT TABLENYA :  D:\Work\Mii\TEMPLATES\ssrtemplates\.angular\prerender-root\49fd47aa-4435-4e7d-b97e-69568d3d7e88\data\admdb.sqlite
[2025-10-24 14:31:18] WARN: Could not read param for rate limit, using default. Error: {}
[2025-10-24 14:31:18] INFO: INI ALAMAT TABLENYA :  D:\Work\Mii\TEMPLATES\ssrtemplates\.angular\prerender-root\306b2198-b2b5-45d8-a520-9d67a52d05f8\data\admdb.sqlite
[2025-10-24 14:31:18] WARN: Could not read param for rate limit, using default. Error: {}
[2025-10-24 14:33:03] INFO: INI ALAMAT TABLENYA :  D:\Work\Mii\TEMPLATES\ssrtemplates\.angular\prerender-root\3d8f15e2-f485-43b0-afee-666bd11869ea\data\admdb.sqlite
[2025-10-24 14:33:03] WARN: Could not read param for rate limit, using default. Error: {}
[2025-10-24 14:33:08] INFO: INI ALAMAT TABLENYA :  D:\Work\Mii\TEMPLATES\ssrtemplates\.angular\prerender-root\f0edde17-7d91-4449-988b-5d94b722ed82\data\admdb.sqlite
[2025-10-24 14:33:08] WARN: Could not read param for rate limit, using default. Error: {}
[2025-10-24 14:33:08] INFO: INI ALAMAT TABLENYA :  D:\Work\Mii\TEMPLATES\ssrtemplates\.angular\prerender-root\20b684b6-3114-4936-bb26-96735516f9fc\data\admdb.sqlite
[2025-10-24 14:33:08] WARN: Could not read param for rate limit, using default. Error: {}
[2025-10-24 14:33:08] INFO: INI ALAMAT TABLENYA :  D:\Work\Mii\TEMPLATES\ssrtemplates\.angular\prerender-root\8ac0d1db-5324-4265-9af2-9c165169c349\data\admdb.sqlite
[2025-10-24 14:33:08] WARN: Could not read param for rate limit, using default. Error: {}
[2025-10-24 14:33:08] INFO: INI ALAMAT TABLENYA :  D:\Work\Mii\TEMPLATES\ssrtemplates\.angular\prerender-root\ef785bf1-5bb8-4e27-8551-dd399fbf2dd3\data\admdb.sqlite
[2025-10-24 14:33:08] WARN: Could not read param for rate limit, using default. Error: {}
[2025-10-24 14:33:27] INFO: INI ALAMAT TABLENYA :  D:\Work\Mii\TEMPLATES\ssrtemplates\dist\ssrtemplates\server\data\admdb.sqlite
[2025-10-24 14:33:27] INFO: login limiter max set to 3
[2025-10-24 14:34:28] INFO: INI ALAMAT TABLENYA :  D:\Work\Mii\TEMPLATES\ssrtemplates\.angular\prerender-root\2cc5c91a-35af-4ab6-b33b-060c155a6819\data\admdb.sqlite
[2025-10-24 14:34:28] WARN: Could not read param for rate limit, using default. Error: {}
[2025-10-24 14:34:32] INFO: INI ALAMAT TABLENYA :  D:\Work\Mii\TEMPLATES\ssrtemplates\.angular\prerender-root\10953033-d510-4519-847e-e0b689974f1a\data\admdb.sqlite
[2025-10-24 14:34:33] WARN: Could not read param for rate limit, using default. Error: {}
[2025-10-24 14:34:32] INFO: INI ALAMAT TABLENYA :  D:\Work\Mii\TEMPLATES\ssrtemplates\.angular\prerender-root\8b4bf6b0-8f40-483c-b8ee-189048e5e3a2\data\admdb.sqlite
[2025-10-24 14:34:33] WARN: Could not read param for rate limit, using default. Error: {}
[2025-10-24 14:34:32] INFO: INI ALAMAT TABLENYA :  D:\Work\Mii\TEMPLATES\ssrtemplates\.angular\prerender-root\44ed5594-3ef3-41fb-a67e-24f079d124c3\data\admdb.sqlite
[2025-10-24 14:34:33] WARN: Could not read param for rate limit, using default. Error: {}
[2025-10-24 14:34:32] INFO: INI ALAMAT TABLENYA :  D:\Work\Mii\TEMPLATES\ssrtemplates\.angular\prerender-root\75c3faec-cce7-485f-955c-1d0d3007d5db\data\admdb.sqlite
[2025-10-24 14:34:33] WARN: Could not read param for rate limit, using default. Error: {}
[2025-10-24 14:35:36] INFO: INI ALAMAT TABLENYA :  D:\Work\Mii\TEMPLATES\ssrtemplates\.angular\prerender-root\c0a04d41-a4cb-4e79-b2aa-1c867e973d9e\data\admdb.sqlite
[2025-10-24 14:35:36] WARN: Could not read param for rate limit, using default. Error: {}
[2025-10-24 14:35:38] INFO: INI ALAMAT TABLENYA :  D:\Work\Mii\TEMPLATES\ssrtemplates\.angular\prerender-root\93f29ff1-4770-480e-821b-2dd7be291950\data\admdb.sqlite
[2025-10-24 14:35:38] WARN: Could not read param for rate limit, using default. Error: {}
[2025-10-24 14:35:38] INFO: INI ALAMAT TABLENYA :  D:\Work\Mii\TEMPLATES\ssrtemplates\.angular\prerender-root\4840fd9e-545a-4a4e-9dcc-6dc1be5a72e8\data\admdb.sqlite
[2025-10-24 14:35:38] WARN: Could not read param for rate limit, using default. Error: {}
[2025-10-24 14:35:38] INFO: INI ALAMAT TABLENYA :  D:\Work\Mii\TEMPLATES\ssrtemplates\.angular\prerender-root\53983c99-5323-4cb7-88d3-494eb4decef6\data\admdb.sqlite
[2025-10-24 14:35:38] WARN: Could not read param for rate limit, using default. Error: {}
[2025-10-24 14:35:38] INFO: INI ALAMAT TABLENYA :  D:\Work\Mii\TEMPLATES\ssrtemplates\.angular\prerender-root\2fecf2c0-4f41-4be9-ada0-f24b925cd62a\data\admdb.sqlite
[2025-10-24 14:35:38] WARN: Could not read param for rate limit, using default. Error: {}
[2025-10-24 14:35:48] INFO: INI ALAMAT TABLENYA :  D:\Work\Mii\TEMPLATES\ssrtemplates\dist\ssrtemplates\server\data\admdb.sqlite
[2025-10-24 14:35:48] INFO: login limiter max set to 3
[2025-10-24 14:37:23] INFO: INI ALAMAT TABLENYA :  D:\Work\Mii\TEMPLATES\ssrtemplates\.angular\prerender-root\a597e14b-001c-4b9b-be7d-56d949429c49\data\admdb.sqlite
[2025-10-24 14:37:23] WARN: Could not read param for rate limit, using default. Error: {}
[2025-10-24 14:37:27] INFO: INI ALAMAT TABLENYA :  D:\Work\Mii\TEMPLATES\ssrtemplates\.angular\prerender-root\ff2db971-6c3d-417c-9568-980b6d21302f\data\admdb.sqlite
[2025-10-24 14:37:27] WARN: Could not read param for rate limit, using default. Error: {}
[2025-10-24 14:37:27] INFO: INI ALAMAT TABLENYA :  D:\Work\Mii\TEMPLATES\ssrtemplates\.angular\prerender-root\dad05dd5-e7ff-49e3-91ce-521a32420c08\data\admdb.sqlite
[2025-10-24 14:37:27] WARN: Could not read param for rate limit, using default. Error: {}
[2025-10-24 14:37:27] INFO: INI ALAMAT TABLENYA :  D:\Work\Mii\TEMPLATES\ssrtemplates\.angular\prerender-root\063fdc90-6f50-4e73-9e88-1ba0fb0e1a22\data\admdb.sqlite
[2025-10-24 14:37:27] WARN: Could not read param for rate limit, using default. Error: {}
[2025-10-24 14:37:27] INFO: INI ALAMAT TABLENYA :  D:\Work\Mii\TEMPLATES\ssrtemplates\.angular\prerender-root\43c4af26-562e-4356-90a6-c02c1720b377\data\admdb.sqlite
[2025-10-24 14:37:27] WARN: Could not read param for rate limit, using default. Error: {}
[2025-10-24 14:37:54] INFO: INI ALAMAT TABLENYA :  D:\Work\Mii\TEMPLATES\ssrtemplates\.angular\prerender-root\a75978c9-3f93-4587-9834-3e3fc0079225\data\admdb.sqlite
[2025-10-24 14:37:54] WARN: Could not read param for rate limit, using default. Error: {}
[2025-10-24 14:37:57] INFO: INI ALAMAT TABLENYA :  D:\Work\Mii\TEMPLATES\ssrtemplates\.angular\prerender-root\e92c278e-c7b5-4b8a-a9a9-783489f7a7de\data\admdb.sqlite
[2025-10-24 14:37:57] WARN: Could not read param for rate limit, using default. Error: {}
[2025-10-24 14:37:57] INFO: INI ALAMAT TABLENYA :  D:\Work\Mii\TEMPLATES\ssrtemplates\.angular\prerender-root\405b36ed-fd02-4bac-930c-40b033df343b\data\admdb.sqlite
[2025-10-24 14:37:57] WARN: Could not read param for rate limit, using default. Error: {}
[2025-10-24 14:37:57] INFO: INI ALAMAT TABLENYA :  D:\Work\Mii\TEMPLATES\ssrtemplates\.angular\prerender-root\8fbec595-1b43-478f-b913-bfc56a3d67ed\data\admdb.sqlite
[2025-10-24 14:37:57] WARN: Could not read param for rate limit, using default. Error: {}
[2025-10-24 14:37:57] INFO: INI ALAMAT TABLENYA :  D:\Work\Mii\TEMPLATES\ssrtemplates\.angular\prerender-root\73809e10-18a4-4446-ad0a-3f29b581c5ac\data\admdb.sqlite
[2025-10-24 14:37:57] WARN: Could not read param for rate limit, using default. Error: {}
[2025-10-24 14:38:08] INFO: INI ALAMAT TABLENYA :  D:\Work\Mii\TEMPLATES\ssrtemplates\dist\ssrtemplates\server\data\admdb.sqlite
[2025-10-24 14:38:08] INFO: login limiter max set to 3
[2025-10-24 14:42:22] INFO: INI ALAMAT TABLENYA :  D:\Work\Mii\TEMPLATES\ssrtemplates\.angular\prerender-root\9fe82228-c5dd-48a4-ae1b-296179c04ea3\data\admdb.sqlite
[2025-10-24 14:42:22] WARN: Could not read param for rate limit, using default. Error: {}
[2025-10-24 14:42:23] INFO: INI ALAMAT TABLENYA :  D:\Work\Mii\TEMPLATES\ssrtemplates\.angular\prerender-root\72324c33-8644-4d02-8c9d-61d65cafb7d4\data\admdb.sqlite
[2025-10-24 14:42:23] WARN: Could not read param for rate limit, using default. Error: {}
[2025-10-24 14:42:23] INFO: INI ALAMAT TABLENYA :  D:\Work\Mii\TEMPLATES\ssrtemplates\.angular\prerender-root\c79b93c3-881b-4806-aff2-0209a55207a9\data\admdb.sqlite
[2025-10-24 14:42:23] WARN: Could not read param for rate limit, using default. Error: {}
[2025-10-24 14:42:23] INFO: INI ALAMAT TABLENYA :  D:\Work\Mii\TEMPLATES\ssrtemplates\.angular\prerender-root\f078cd31-9f23-443e-8c54-f9efb44aea20\data\admdb.sqlite
[2025-10-24 14:42:23] WARN: Could not read param for rate limit, using default. Error: {}
[2025-10-24 14:42:23] INFO: INI ALAMAT TABLENYA :  D:\Work\Mii\TEMPLATES\ssrtemplates\.angular\prerender-root\8ff25388-a856-41c2-ac6e-e9b1df30db2b\data\admdb.sqlite
[2025-10-24 14:42:23] WARN: Could not read param for rate limit, using default. Error: {}
[2025-10-24 14:42:32] INFO: INI ALAMAT TABLENYA :  D:\Work\Mii\TEMPLATES\ssrtemplates\dist\ssrtemplates\server\data\admdb.sqlite
[2025-10-24 14:42:32] INFO: login limiter max set to 3
[2025-10-24 14:49:06] INFO: INI ALAMAT TABLENYA :  D:\Work\Mii\TEMPLATES\ssrtemplates\.angular\prerender-root\e0d41fcf-e703-411d-acdb-13ad8d0e921f\data\admdb.sqlite
[2025-10-24 14:49:06] WARN: Could not read param for rate limit, using default. Error: {}
[2025-10-24 14:49:07] INFO: INI ALAMAT TABLENYA :  D:\Work\Mii\TEMPLATES\ssrtemplates\.angular\prerender-root\d43f1ed1-26b0-4cb6-88ba-929951abfd94\data\admdb.sqlite
[2025-10-24 14:49:07] WARN: Could not read param for rate limit, using default. Error: {}
[2025-10-24 14:49:07] INFO: INI ALAMAT TABLENYA :  D:\Work\Mii\TEMPLATES\ssrtemplates\.angular\prerender-root\9f54fdef-3aff-4d8b-925f-1ce51bd9378d\data\admdb.sqlite
[2025-10-24 14:49:07] WARN: Could not read param for rate limit, using default. Error: {}
[2025-10-24 14:49:07] INFO: INI ALAMAT TABLENYA :  D:\Work\Mii\TEMPLATES\ssrtemplates\.angular\prerender-root\1d23222e-2a41-4814-bea2-09eb5dfb1443\data\admdb.sqlite
[2025-10-24 14:49:07] WARN: Could not read param for rate limit, using default. Error: {}
[2025-10-24 14:49:07] INFO: INI ALAMAT TABLENYA :  D:\Work\Mii\TEMPLATES\ssrtemplates\.angular\prerender-root\03a0d8fe-b264-4659-a938-e3e145d36a60\data\admdb.sqlite
[2025-10-24 14:49:07] WARN: Could not read param for rate limit, using default. Error: {}
[2025-10-24 14:49:16] INFO: INI ALAMAT TABLENYA :  D:\Work\Mii\TEMPLATES\ssrtemplates\dist\ssrtemplates\server\data\admdb.sqlite
[2025-10-24 14:49:16] INFO: login limiter max set to 3
[2025-10-24 14:57:14] INFO: INI ALAMAT TABLENYA :  D:\Work\Mii\TEMPLATES\ssrtemplates\.angular\prerender-root\18aba85f-0fae-409a-a285-f1e6d75f8644\data\admdb.sqlite
[2025-10-24 14:57:14] WARN: Could not read param for rate limit, using default. Error: {}
[2025-10-24 14:57:16] INFO: INI ALAMAT TABLENYA :  D:\Work\Mii\TEMPLATES\ssrtemplates\.angular\prerender-root\e165b2b4-a1ad-4921-80b3-8e7c58a8aad1\data\admdb.sqlite
[2025-10-24 14:57:16] WARN: Could not read param for rate limit, using default. Error: {}
[2025-10-24 14:57:16] INFO: INI ALAMAT TABLENYA :  D:\Work\Mii\TEMPLATES\ssrtemplates\.angular\prerender-root\5e1e6ec7-2c1b-4408-9dd3-cd5cde262601\data\admdb.sqlite
[2025-10-24 14:57:16] WARN: Could not read param for rate limit, using default. Error: {}
[2025-10-24 14:57:16] INFO: INI ALAMAT TABLENYA :  D:\Work\Mii\TEMPLATES\ssrtemplates\.angular\prerender-root\4497ef38-8d28-4b39-8fa6-9c44274ce808\data\admdb.sqlite
[2025-10-24 14:57:16] WARN: Could not read param for rate limit, using default. Error: {}
[2025-10-24 14:57:16] INFO: INI ALAMAT TABLENYA :  D:\Work\Mii\TEMPLATES\ssrtemplates\.angular\prerender-root\83ebd439-7b42-4630-a640-d5f914e5d540\data\admdb.sqlite
[2025-10-24 14:57:16] WARN: Could not read param for rate limit, using default. Error: {}
[2025-10-24 14:57:24] INFO: INI ALAMAT TABLENYA :  D:\Work\Mii\TEMPLATES\ssrtemplates\dist\ssrtemplates\server\data\admdb.sqlite
[2025-10-24 14:57:24] INFO: login limiter max set to 3
[2025-10-24 14:59:53] INFO: INI ALAMAT TABLENYA :  D:\Work\Mii\TEMPLATES\ssrtemplates\.angular\prerender-root\8268fbde-f839-4bd0-9396-eb6d5d1c9d04\data\admdb.sqlite
[2025-10-24 14:59:53] WARN: Could not read param for rate limit, using default. Error: {}
[2025-10-24 14:59:55] INFO: INI ALAMAT TABLENYA :  D:\Work\Mii\TEMPLATES\ssrtemplates\.angular\prerender-root\4c9d44c1-9c60-4535-aa2a-902032e15824\data\admdb.sqlite
[2025-10-24 14:59:55] WARN: Could not read param for rate limit, using default. Error: {}
[2025-10-24 14:59:55] INFO: INI ALAMAT TABLENYA :  D:\Work\Mii\TEMPLATES\ssrtemplates\.angular\prerender-root\966349ff-d32d-42c1-9da9-cc66692a3394\data\admdb.sqlite
[2025-10-24 14:59:55] WARN: Could not read param for rate limit, using default. Error: {}
[2025-10-24 14:59:55] INFO: INI ALAMAT TABLENYA :  D:\Work\Mii\TEMPLATES\ssrtemplates\.angular\prerender-root\0d602573-7ee5-458e-9f40-40b1ac3def89\data\admdb.sqlite
[2025-10-24 14:59:55] WARN: Could not read param for rate limit, using default. Error: {}
[2025-10-24 14:59:55] INFO: INI ALAMAT TABLENYA :  D:\Work\Mii\TEMPLATES\ssrtemplates\.angular\prerender-root\0d4fc2bc-7d23-4b2a-8317-33aab599ced4\data\admdb.sqlite
[2025-10-24 14:59:55] WARN: Could not read param for rate limit, using default. Error: {}
[2025-10-24 15:00:03] INFO: INI ALAMAT TABLENYA :  D:\Work\Mii\TEMPLATES\ssrtemplates\dist\ssrtemplates\server\data\admdb.sqlite
[2025-10-24 15:00:03] INFO: login limiter max set to 3
[2025-10-24 15:02:23] INFO: INI ALAMAT TABLENYA :  D:\Work\Mii\TEMPLATES\ssrtemplates\.angular\prerender-root\3749869c-4759-44e7-9ae1-a7b096ede04d\data\admdb.sqlite
[2025-10-24 15:02:23] WARN: Could not read param for rate limit, using default. Error: {}
[2025-10-24 15:02:25] INFO: INI ALAMAT TABLENYA :  D:\Work\Mii\TEMPLATES\ssrtemplates\.angular\prerender-root\7e150b91-5fcc-4330-b85a-c3e0ad786282\data\admdb.sqlite
[2025-10-24 15:02:25] WARN: Could not read param for rate limit, using default. Error: {}
[2025-10-24 15:02:25] INFO: INI ALAMAT TABLENYA :  D:\Work\Mii\TEMPLATES\ssrtemplates\.angular\prerender-root\dfd6d6e6-f31f-49ac-9260-7db690d2479d\data\admdb.sqlite
[2025-10-24 15:02:25] WARN: Could not read param for rate limit, using default. Error: {}
[2025-10-24 15:02:25] INFO: INI ALAMAT TABLENYA :  D:\Work\Mii\TEMPLATES\ssrtemplates\.angular\prerender-root\4c5882d5-0fcb-4150-b8d0-d32a04c07503\data\admdb.sqlite
[2025-10-24 15:02:25] WARN: Could not read param for rate limit, using default. Error: {}
[2025-10-24 15:02:25] INFO: INI ALAMAT TABLENYA :  D:\Work\Mii\TEMPLATES\ssrtemplates\.angular\prerender-root\60f09f3c-22de-4e3b-bdc6-7c1e5da3ca84\data\admdb.sqlite
[2025-10-24 15:02:25] WARN: Could not read param for rate limit, using default. Error: {}
[2025-10-24 15:02:33] INFO: INI ALAMAT TABLENYA :  D:\Work\Mii\TEMPLATES\ssrtemplates\dist\ssrtemplates\server\data\admdb.sqlite
[2025-10-24 15:02:33] INFO: login limiter max set to 3
[2025-10-24 15:04:09] INFO: INI ALAMAT TABLENYA :  D:\Work\Mii\TEMPLATES\ssrtemplates\.angular\prerender-root\b8c42ef7-fc3d-4f85-a0f5-871894073719\data\admdb.sqlite
[2025-10-24 15:04:09] WARN: Could not read param for rate limit, using default. Error: {}
[2025-10-24 15:04:14] INFO: INI ALAMAT TABLENYA :  D:\Work\Mii\TEMPLATES\ssrtemplates\.angular\prerender-root\6a8e3c6e-5e78-4bba-af0b-b7792485ca32\data\admdb.sqlite
[2025-10-24 15:04:14] WARN: Could not read param for rate limit, using default. Error: {}
[2025-10-24 15:04:14] INFO: INI ALAMAT TABLENYA :  D:\Work\Mii\TEMPLATES\ssrtemplates\.angular\prerender-root\cf9800e2-2c8f-404c-b4ff-c4b596a61a7b\data\admdb.sqlite
[2025-10-24 15:04:14] WARN: Could not read param for rate limit, using default. Error: {}
[2025-10-24 15:04:14] INFO: INI ALAMAT TABLENYA :  D:\Work\Mii\TEMPLATES\ssrtemplates\.angular\prerender-root\502a8de2-93ff-4d90-9818-092cb3d8f2ea\data\admdb.sqlite
[2025-10-24 15:04:14] WARN: Could not read param for rate limit, using default. Error: {}
[2025-10-24 15:04:14] INFO: INI ALAMAT TABLENYA :  D:\Work\Mii\TEMPLATES\ssrtemplates\.angular\prerender-root\37ac52da-310b-4053-b51d-a6e400c3b4c1\data\admdb.sqlite
[2025-10-24 15:04:14] WARN: Could not read param for rate limit, using default. Error: {}
[2025-10-24 15:07:06] INFO: INI ALAMAT TABLENYA :  D:\Work\Mii\TEMPLATES\ssrtemplates\.angular\prerender-root\bed2452c-1c91-489d-ad36-25db8221c025\data\admdb.sqlite
[2025-10-24 15:07:06] WARN: Could not read param for rate limit, using default. Error: {}
[2025-10-24 15:07:08] INFO: INI ALAMAT TABLENYA :  D:\Work\Mii\TEMPLATES\ssrtemplates\.angular\prerender-root\0a844fd9-5722-45a4-8edc-db34ec6f09fb\data\admdb.sqlite
[2025-10-24 15:07:08] WARN: Could not read param for rate limit, using default. Error: {}
[2025-10-24 15:07:08] INFO: INI ALAMAT TABLENYA :  D:\Work\Mii\TEMPLATES\ssrtemplates\.angular\prerender-root\5d56bd8c-6456-4549-b5c8-62493aa4c8e2\data\admdb.sqlite
[2025-10-24 15:07:08] WARN: Could not read param for rate limit, using default. Error: {}
[2025-10-24 15:07:08] INFO: INI ALAMAT TABLENYA :  D:\Work\Mii\TEMPLATES\ssrtemplates\.angular\prerender-root\dd152ce6-558e-4b3b-9e2a-314b45e97c73\data\admdb.sqlite
[2025-10-24 15:07:08] WARN: Could not read param for rate limit, using default. Error: {}
[2025-10-24 15:07:08] INFO: INI ALAMAT TABLENYA :  D:\Work\Mii\TEMPLATES\ssrtemplates\.angular\prerender-root\2cd66a3b-c05e-46c1-a1cf-7fe9ce723e9e\data\admdb.sqlite
[2025-10-24 15:07:08] WARN: Could not read param for rate limit, using default. Error: {}
[2025-10-24 15:07:15] INFO: INI ALAMAT TABLENYA :  D:\Work\Mii\TEMPLATES\ssrtemplates\dist\ssrtemplates\server\data\admdb.sqlite
[2025-10-24 15:07:15] INFO: login limiter max set to 3
[2025-10-24 15:11:40] INFO: INI ALAMAT TABLENYA :  D:\Work\Mii\TEMPLATES\ssrtemplates\.angular\prerender-root\4a3abdbe-0756-43bf-86d5-7de6cfb15764\data\admdb.sqlite
[2025-10-24 15:11:40] WARN: Could not read param for rate limit, using default. Error: {}
[2025-10-24 15:11:42] INFO: INI ALAMAT TABLENYA :  D:\Work\Mii\TEMPLATES\ssrtemplates\.angular\prerender-root\a18f53dc-63cb-4557-8b2f-d5f6ea5d5214\data\admdb.sqlite
[2025-10-24 15:11:42] WARN: Could not read param for rate limit, using default. Error: {}
[2025-10-24 15:11:42] INFO: INI ALAMAT TABLENYA :  D:\Work\Mii\TEMPLATES\ssrtemplates\.angular\prerender-root\69694c5d-b34b-42bc-a74d-8512fbdab5ed\data\admdb.sqlite
[2025-10-24 15:11:42] WARN: Could not read param for rate limit, using default. Error: {}
[2025-10-24 15:11:42] INFO: INI ALAMAT TABLENYA :  D:\Work\Mii\TEMPLATES\ssrtemplates\.angular\prerender-root\f5b64ab8-9d42-4be9-b218-95a5ec36a962\data\admdb.sqlite
[2025-10-24 15:11:42] WARN: Could not read param for rate limit, using default. Error: {}
[2025-10-24 15:11:42] INFO: INI ALAMAT TABLENYA :  D:\Work\Mii\TEMPLATES\ssrtemplates\.angular\prerender-root\b42e4858-0c26-4006-b4f1-978070b58032\data\admdb.sqlite
[2025-10-24 15:11:42] WARN: Could not read param for rate limit, using default. Error: {}
[2025-10-24 15:11:59] INFO: INI ALAMAT TABLENYA :  D:\Work\Mii\TEMPLATES\ssrtemplates\dist\ssrtemplates\server\data\admdb.sqlite
[2025-10-24 15:11:59] INFO: login limiter max set to 3
[2025-10-24 15:14:28] INFO: INI ALAMAT TABLENYA :  D:\Work\Mii\TEMPLATES\ssrtemplates\.angular\prerender-root\95d30696-c0e3-43b4-ae32-5a3233109d2b\data\admdb.sqlite
[2025-10-24 15:14:28] WARN: Could not read param for rate limit, using default. Error: {}
[2025-10-24 15:14:33] INFO: INI ALAMAT TABLENYA :  D:\Work\Mii\TEMPLATES\ssrtemplates\.angular\prerender-root\101ec6ef-9fd9-4e02-8a67-825dd3286940\data\admdb.sqlite
[2025-10-24 15:14:33] WARN: Could not read param for rate limit, using default. Error: {}
[2025-10-24 15:14:33] INFO: INI ALAMAT TABLENYA :  D:\Work\Mii\TEMPLATES\ssrtemplates\.angular\prerender-root\86a13732-7129-4e21-a180-f5befda5bc08\data\admdb.sqlite
[2025-10-24 15:14:33] WARN: Could not read param for rate limit, using default. Error: {}
[2025-10-24 15:14:33] INFO: INI ALAMAT TABLENYA :  D:\Work\Mii\TEMPLATES\ssrtemplates\.angular\prerender-root\04b68902-2861-41f2-8c3b-706120d81825\data\admdb.sqlite
[2025-10-24 15:14:33] WARN: Could not read param for rate limit, using default. Error: {}
[2025-10-24 15:14:33] INFO: INI ALAMAT TABLENYA :  D:\Work\Mii\TEMPLATES\ssrtemplates\.angular\prerender-root\06a59e49-eab5-4bdb-b229-70e538cf79a4\data\admdb.sqlite
[2025-10-24 15:14:33] WARN: Could not read param for rate limit, using default. Error: {}
[2025-10-24 15:14:41] INFO: INI ALAMAT TABLENYA :  D:\Work\Mii\TEMPLATES\ssrtemplates\dist\ssrtemplates\server\data\admdb.sqlite
[2025-10-24 15:14:41] INFO: login limiter max set to 3
[2025-10-24 15:15:12] INFO: INI ALAMAT TABLENYA :  D:\Work\Mii\TEMPLATES\ssrtemplates\.angular\prerender-root\a3dab0d9-b9dd-4b3b-b9df-854dcd2c4536\data\admdb.sqlite
[2025-10-24 15:15:12] WARN: Could not read param for rate limit, using default. Error: {}
[2025-10-24 15:15:13] INFO: INI ALAMAT TABLENYA :  D:\Work\Mii\TEMPLATES\ssrtemplates\.angular\prerender-root\83745666-43c9-4710-b40f-3b35ef0a94d7\data\admdb.sqlite
[2025-10-24 15:15:13] WARN: Could not read param for rate limit, using default. Error: {}
[2025-10-24 15:15:13] INFO: INI ALAMAT TABLENYA :  D:\Work\Mii\TEMPLATES\ssrtemplates\.angular\prerender-root\e7ae7d1f-a129-47e2-b051-48bfcf7c33fb\data\admdb.sqlite
[2025-10-24 15:15:13] WARN: Could not read param for rate limit, using default. Error: {}
[2025-10-24 15:15:13] INFO: INI ALAMAT TABLENYA :  D:\Work\Mii\TEMPLATES\ssrtemplates\.angular\prerender-root\80669351-d6c8-42ab-865d-2d27fdb017b9\data\admdb.sqlite
[2025-10-24 15:15:13] WARN: Could not read param for rate limit, using default. Error: {}
[2025-10-24 15:15:13] INFO: INI ALAMAT TABLENYA :  D:\Work\Mii\TEMPLATES\ssrtemplates\.angular\prerender-root\593215bc-d8e3-4410-a293-67d7af142573\data\admdb.sqlite
[2025-10-24 15:15:13] WARN: Could not read param for rate limit, using default. Error: {}
[2025-10-24 15:15:26] INFO: INI ALAMAT TABLENYA :  D:\Work\Mii\TEMPLATES\ssrtemplates\dist\ssrtemplates\server\data\admdb.sqlite
[2025-10-24 15:15:26] INFO: login limiter max set to 3
[2025-10-24 15:17:57] INFO: INI ALAMAT TABLENYA :  D:\Work\Mii\TEMPLATES\ssrtemplates\.angular\prerender-root\4493618a-c78a-4816-89d8-bb1783f60b13\data\admdb.sqlite
[2025-10-24 15:17:57] WARN: Could not read param for rate limit, using default. Error: {}
[2025-10-24 15:17:59] INFO: INI ALAMAT TABLENYA :  D:\Work\Mii\TEMPLATES\ssrtemplates\.angular\prerender-root\c61b9989-31e6-4e8a-aeb9-408e7dbf04e9\data\admdb.sqlite
[2025-10-24 15:17:59] WARN: Could not read param for rate limit, using default. Error: {}
[2025-10-24 15:17:59] INFO: INI ALAMAT TABLENYA :  D:\Work\Mii\TEMPLATES\ssrtemplates\.angular\prerender-root\acdf94d7-270f-4193-ac32-1257f479a3d4\data\admdb.sqlite
[2025-10-24 15:17:59] WARN: Could not read param for rate limit, using default. Error: {}
[2025-10-24 15:17:59] INFO: INI ALAMAT TABLENYA :  D:\Work\Mii\TEMPLATES\ssrtemplates\.angular\prerender-root\46a05457-4ac2-44e2-ac77-c5137e27adb5\data\admdb.sqlite
[2025-10-24 15:17:59] WARN: Could not read param for rate limit, using default. Error: {}
[2025-10-24 15:17:59] INFO: INI ALAMAT TABLENYA :  D:\Work\Mii\TEMPLATES\ssrtemplates\.angular\prerender-root\dc64e406-972e-4982-b23d-dc9a51a876c9\data\admdb.sqlite
[2025-10-24 15:17:59] WARN: Could not read param for rate limit, using default. Error: {}
[2025-10-24 15:18:08] INFO: INI ALAMAT TABLENYA :  D:\Work\Mii\TEMPLATES\ssrtemplates\dist\ssrtemplates\server\data\admdb.sqlite
[2025-10-24 15:18:08] INFO: login limiter max set to 3
[2025-10-24 15:19:13] INFO: INI ALAMAT TABLENYA :  D:\Work\Mii\TEMPLATES\ssrtemplates\.angular\prerender-root\d8854361-36b3-4769-bcb1-7fb751f0608b\data\admdb.sqlite
[2025-10-24 15:19:13] WARN: Could not read param for rate limit, using default. Error: {}
[2025-10-24 15:19:15] INFO: INI ALAMAT TABLENYA :  D:\Work\Mii\TEMPLATES\ssrtemplates\.angular\prerender-root\9344608d-a186-47fd-9127-407495866101\data\admdb.sqlite
[2025-10-24 15:19:15] WARN: Could not read param for rate limit, using default. Error: {}
[2025-10-24 15:19:15] INFO: INI ALAMAT TABLENYA :  D:\Work\Mii\TEMPLATES\ssrtemplates\.angular\prerender-root\164127c8-45e0-4912-981c-dd48173494e3\data\admdb.sqlite
[2025-10-24 15:19:15] WARN: Could not read param for rate limit, using default. Error: {}
[2025-10-24 15:19:15] INFO: INI ALAMAT TABLENYA :  D:\Work\Mii\TEMPLATES\ssrtemplates\.angular\prerender-root\a7ce466b-a6cd-44fa-adcc-bee47632ed0b\data\admdb.sqlite
[2025-10-24 15:19:15] WARN: Could not read param for rate limit, using default. Error: {}
[2025-10-24 15:19:15] INFO: INI ALAMAT TABLENYA :  D:\Work\Mii\TEMPLATES\ssrtemplates\.angular\prerender-root\8e55e442-33de-48fa-bdfe-4aa29ab0bfd6\data\admdb.sqlite
[2025-10-24 15:19:15] WARN: Could not read param for rate limit, using default. Error: {}
[2025-10-24 15:19:23] INFO: INI ALAMAT TABLENYA :  D:\Work\Mii\TEMPLATES\ssrtemplates\dist\ssrtemplates\server\data\admdb.sqlite
[2025-10-24 15:19:23] INFO: login limiter max set to 3
[2025-10-24 15:22:03] INFO: INI ALAMAT TABLENYA :  D:\Work\Mii\TEMPLATES\ssrtemplates\.angular\prerender-root\b7ae9b72-156a-41bf-8c2f-c32b9470ec18\data\admdb.sqlite
[2025-10-24 15:22:03] WARN: Could not read param for rate limit, using default. Error: {}
[2025-10-24 15:22:08] INFO: INI ALAMAT TABLENYA :  D:\Work\Mii\TEMPLATES\ssrtemplates\.angular\prerender-root\6ce2d538-9e38-40db-90f7-6a558947a24e\data\admdb.sqlite
[2025-10-24 15:22:08] WARN: Could not read param for rate limit, using default. Error: {}
[2025-10-24 15:22:08] INFO: INI ALAMAT TABLENYA :  D:\Work\Mii\TEMPLATES\ssrtemplates\.angular\prerender-root\514da0cc-fb76-4684-849c-66772d917156\data\admdb.sqlite
[2025-10-24 15:22:08] WARN: Could not read param for rate limit, using default. Error: {}
[2025-10-24 15:22:08] INFO: INI ALAMAT TABLENYA :  D:\Work\Mii\TEMPLATES\ssrtemplates\.angular\prerender-root\64998045-51c5-4e75-8a74-61c1ba332398\data\admdb.sqlite
[2025-10-24 15:22:08] WARN: Could not read param for rate limit, using default. Error: {}
[2025-10-24 15:22:08] INFO: INI ALAMAT TABLENYA :  D:\Work\Mii\TEMPLATES\ssrtemplates\.angular\prerender-root\acb68021-9c84-4a28-ba4a-1e7d9351507a\data\admdb.sqlite
[2025-10-24 15:22:08] WARN: Could not read param for rate limit, using default. Error: {}
[2025-10-24 15:22:23] INFO: INI ALAMAT TABLENYA :  D:\Work\Mii\TEMPLATES\ssrtemplates\dist\ssrtemplates\server\data\admdb.sqlite
[2025-10-24 15:22:23] INFO: login limiter max set to 3
[2025-10-24 15:24:33] INFO: INI ALAMAT TABLENYA :  D:\Work\Mii\TEMPLATES\ssrtemplates\.angular\prerender-root\f642e526-0564-42a4-8cbf-86ac04868ee2\data\admdb.sqlite
[2025-10-24 15:24:33] WARN: Could not read param for rate limit, using default. Error: {}
[2025-10-24 15:24:35] INFO: INI ALAMAT TABLENYA :  D:\Work\Mii\TEMPLATES\ssrtemplates\.angular\prerender-root\93ab34db-75dc-4a65-becd-1a815961cb71\data\admdb.sqlite
[2025-10-24 15:24:35] WARN: Could not read param for rate limit, using default. Error: {}
[2025-10-24 15:24:35] INFO: INI ALAMAT TABLENYA :  D:\Work\Mii\TEMPLATES\ssrtemplates\.angular\prerender-root\793ba80a-4af6-42fe-88e7-50546f5238bb\data\admdb.sqlite
[2025-10-24 15:24:35] WARN: Could not read param for rate limit, using default. Error: {}
[2025-10-24 15:24:35] INFO: INI ALAMAT TABLENYA :  D:\Work\Mii\TEMPLATES\ssrtemplates\.angular\prerender-root\4d63039c-e015-4fe2-bddd-34b413adc9ce\data\admdb.sqlite
[2025-10-24 15:24:35] WARN: Could not read param for rate limit, using default. Error: {}
[2025-10-24 15:24:35] INFO: INI ALAMAT TABLENYA :  D:\Work\Mii\TEMPLATES\ssrtemplates\.angular\prerender-root\532af7c4-6761-462a-a674-94b8cf81d862\data\admdb.sqlite
[2025-10-24 15:24:35] WARN: Could not read param for rate limit, using default. Error: {}
[2025-10-24 15:24:44] INFO: INI ALAMAT TABLENYA :  D:\Work\Mii\TEMPLATES\ssrtemplates\dist\ssrtemplates\server\data\admdb.sqlite
[2025-10-24 15:24:44] INFO: login limiter max set to 3
[2025-10-24 15:26:07] INFO: INI ALAMAT TABLENYA :  D:\Work\Mii\TEMPLATES\ssrtemplates\.angular\prerender-root\1dba9c0b-1fda-4299-98f5-681564792c93\data\admdb.sqlite
[2025-10-24 15:26:07] WARN: Could not read param for rate limit, using default. Error: {}
[2025-10-24 15:26:09] INFO: INI ALAMAT TABLENYA :  D:\Work\Mii\TEMPLATES\ssrtemplates\.angular\prerender-root\993addd7-26d3-4530-9579-4f2a98bd6f35\data\admdb.sqlite
[2025-10-24 15:26:09] WARN: Could not read param for rate limit, using default. Error: {}
[2025-10-24 15:26:09] INFO: INI ALAMAT TABLENYA :  D:\Work\Mii\TEMPLATES\ssrtemplates\.angular\prerender-root\14e70c4d-5061-4833-b92d-7da0c566e432\data\admdb.sqlite
[2025-10-24 15:26:09] WARN: Could not read param for rate limit, using default. Error: {}
[2025-10-24 15:26:09] INFO: INI ALAMAT TABLENYA :  D:\Work\Mii\TEMPLATES\ssrtemplates\.angular\prerender-root\39a748d1-fe91-406f-a423-105e9f62f57b\data\admdb.sqlite
[2025-10-24 15:26:09] WARN: Could not read param for rate limit, using default. Error: {}
[2025-10-24 15:26:09] INFO: INI ALAMAT TABLENYA :  D:\Work\Mii\TEMPLATES\ssrtemplates\.angular\prerender-root\7f10d27a-2314-4a2a-8508-8c2eaef2af56\data\admdb.sqlite
[2025-10-24 15:26:09] WARN: Could not read param for rate limit, using default. Error: {}
[2025-10-24 15:26:18] INFO: INI ALAMAT TABLENYA :  D:\Work\Mii\TEMPLATES\ssrtemplates\dist\ssrtemplates\server\data\admdb.sqlite
[2025-10-24 15:26:18] INFO: login limiter max set to 3
[2025-10-24 15:27:33] INFO: INI ALAMAT TABLENYA :  D:\Work\Mii\TEMPLATES\ssrtemplates\.angular\prerender-root\dad8a60e-4a4f-44df-ac8d-b385fa84e147\data\admdb.sqlite
[2025-10-24 15:27:33] WARN: Could not read param for rate limit, using default. Error: {}
[2025-10-24 15:27:35] INFO: INI ALAMAT TABLENYA :  D:\Work\Mii\TEMPLATES\ssrtemplates\.angular\prerender-root\ee212506-69e4-4cac-a1b2-7723c264513c\data\admdb.sqlite
[2025-10-24 15:27:35] WARN: Could not read param for rate limit, using default. Error: {}
[2025-10-24 15:27:35] INFO: INI ALAMAT TABLENYA :  D:\Work\Mii\TEMPLATES\ssrtemplates\.angular\prerender-root\43dea499-a979-4d8a-9442-1ec9fdaf67f8\data\admdb.sqlite
[2025-10-24 15:27:35] WARN: Could not read param for rate limit, using default. Error: {}
[2025-10-24 15:27:35] INFO: INI ALAMAT TABLENYA :  D:\Work\Mii\TEMPLATES\ssrtemplates\.angular\prerender-root\c6025ecf-10e7-497f-9416-4c7c362d78b1\data\admdb.sqlite
[2025-10-24 15:27:35] WARN: Could not read param for rate limit, using default. Error: {}
[2025-10-24 15:27:35] INFO: INI ALAMAT TABLENYA :  D:\Work\Mii\TEMPLATES\ssrtemplates\.angular\prerender-root\7cf0d8c3-3dc7-4c11-9a36-ef74b0aca54e\data\admdb.sqlite
[2025-10-24 15:27:35] WARN: Could not read param for rate limit, using default. Error: {}
[2025-10-24 15:27:44] INFO: INI ALAMAT TABLENYA :  D:\Work\Mii\TEMPLATES\ssrtemplates\dist\ssrtemplates\server\data\admdb.sqlite
[2025-10-24 15:27:44] INFO: login limiter max set to 3
[2025-10-24 15:30:27] INFO: INI ALAMAT TABLENYA :  D:\Work\Mii\TEMPLATES\ssrtemplates\.angular\prerender-root\be2a1780-ba51-4bc4-8092-79743d905273\data\admdb.sqlite
[2025-10-24 15:30:27] WARN: Could not read param for rate limit, using default. Error: {}
[2025-10-24 15:30:28] INFO: INI ALAMAT TABLENYA :  D:\Work\Mii\TEMPLATES\ssrtemplates\.angular\prerender-root\9f6e46ad-0974-4fed-91b9-6fbfc5c3f11d\data\admdb.sqlite
[2025-10-24 15:30:28] WARN: Could not read param for rate limit, using default. Error: {}
[2025-10-24 15:30:28] INFO: INI ALAMAT TABLENYA :  D:\Work\Mii\TEMPLATES\ssrtemplates\.angular\prerender-root\973f5aa1-d770-4c3c-8474-8adf4455986d\data\admdb.sqlite
[2025-10-24 15:30:28] WARN: Could not read param for rate limit, using default. Error: {}
[2025-10-24 15:30:28] INFO: INI ALAMAT TABLENYA :  D:\Work\Mii\TEMPLATES\ssrtemplates\.angular\prerender-root\be03e426-04f6-4beb-9cdb-6654e661a62c\data\admdb.sqlite
[2025-10-24 15:30:28] WARN: Could not read param for rate limit, using default. Error: {}
[2025-10-24 15:30:28] INFO: INI ALAMAT TABLENYA :  D:\Work\Mii\TEMPLATES\ssrtemplates\.angular\prerender-root\5f0eaaa3-9372-4dbb-a63e-7e46e3dd938a\data\admdb.sqlite
[2025-10-24 15:30:28] WARN: Could not read param for rate limit, using default. Error: {}
[2025-10-24 15:30:38] INFO: INI ALAMAT TABLENYA :  D:\Work\Mii\TEMPLATES\ssrtemplates\dist\ssrtemplates\server\data\admdb.sqlite
[2025-10-24 15:30:38] INFO: login limiter max set to 3
[2025-10-24 15:32:12] INFO: INI ALAMAT TABLENYA :  D:\Work\Mii\TEMPLATES\ssrtemplates\.angular\prerender-root\a1a4867b-12fc-4db8-afc2-1b3f22790ec0\data\admdb.sqlite
[2025-10-24 15:32:12] WARN: Could not read param for rate limit, using default. Error: {}
[2025-10-24 15:32:14] INFO: INI ALAMAT TABLENYA :  D:\Work\Mii\TEMPLATES\ssrtemplates\.angular\prerender-root\9bd5d144-46f1-41d3-abf8-a81b7c696fda\data\admdb.sqlite
[2025-10-24 15:32:14] WARN: Could not read param for rate limit, using default. Error: {}
[2025-10-24 15:32:14] INFO: INI ALAMAT TABLENYA :  D:\Work\Mii\TEMPLATES\ssrtemplates\.angular\prerender-root\d285c8e3-02e1-4524-8305-e7d3f42c391c\data\admdb.sqlite
[2025-10-24 15:32:14] WARN: Could not read param for rate limit, using default. Error: {}
[2025-10-24 15:32:14] INFO: INI ALAMAT TABLENYA :  D:\Work\Mii\TEMPLATES\ssrtemplates\.angular\prerender-root\9333b7dc-bc52-4d53-9119-b5366b21754d\data\admdb.sqlite
[2025-10-24 15:32:14] WARN: Could not read param for rate limit, using default. Error: {}
[2025-10-24 15:32:14] INFO: INI ALAMAT TABLENYA :  D:\Work\Mii\TEMPLATES\ssrtemplates\.angular\prerender-root\06aeee0b-51c6-4997-ab8b-44e50a3fe81d\data\admdb.sqlite
[2025-10-24 15:32:14] WARN: Could not read param for rate limit, using default. Error: {}
[2025-10-24 15:32:23] INFO: INI ALAMAT TABLENYA :  D:\Work\Mii\TEMPLATES\ssrtemplates\dist\ssrtemplates\server\data\admdb.sqlite
[2025-10-24 15:32:23] INFO: login limiter max set to 3
[2025-10-24 15:34:05] INFO: INI ALAMAT TABLENYA :  D:\Work\Mii\TEMPLATES\ssrtemplates\.angular\prerender-root\a71a59ca-620a-41b9-ab06-a02bbcb0984e\data\admdb.sqlite
[2025-10-24 15:34:05] WARN: Could not read param for rate limit, using default. Error: {}
[2025-10-24 15:34:07] INFO: INI ALAMAT TABLENYA :  D:\Work\Mii\TEMPLATES\ssrtemplates\.angular\prerender-root\a2284ae1-b007-403e-8eb2-ecf71cf8360e\data\admdb.sqlite
[2025-10-24 15:34:07] WARN: Could not read param for rate limit, using default. Error: {}
[2025-10-24 15:34:07] INFO: INI ALAMAT TABLENYA :  D:\Work\Mii\TEMPLATES\ssrtemplates\.angular\prerender-root\743856b2-74ed-4fa3-9ba5-3887e1c0d683\data\admdb.sqlite
[2025-10-24 15:34:07] WARN: Could not read param for rate limit, using default. Error: {}
[2025-10-24 15:34:07] INFO: INI ALAMAT TABLENYA :  D:\Work\Mii\TEMPLATES\ssrtemplates\.angular\prerender-root\d8a7f737-089c-43d8-bcd1-3b63a1e210d8\data\admdb.sqlite
[2025-10-24 15:34:07] WARN: Could not read param for rate limit, using default. Error: {}
[2025-10-24 15:34:07] INFO: INI ALAMAT TABLENYA :  D:\Work\Mii\TEMPLATES\ssrtemplates\.angular\prerender-root\c4ce20ab-19e8-4076-9fe7-5478a7dfc4f6\data\admdb.sqlite
[2025-10-24 15:34:07] WARN: Could not read param for rate limit, using default. Error: {}
[2025-10-24 15:34:14] INFO: INI ALAMAT TABLENYA :  D:\Work\Mii\TEMPLATES\ssrtemplates\dist\ssrtemplates\server\data\admdb.sqlite
[2025-10-24 15:34:14] INFO: login limiter max set to 3
[2025-10-24 15:34:56] INFO: INI ALAMAT TABLENYA :  D:\Work\Mii\TEMPLATES\ssrtemplates\.angular\prerender-root\8ef2b764-a8c8-4b63-8c82-da411cbb34d2\data\admdb.sqlite
[2025-10-24 15:34:56] WARN: Could not read param for rate limit, using default. Error: {}
[2025-10-24 15:34:59] INFO: INI ALAMAT TABLENYA :  D:\Work\Mii\TEMPLATES\ssrtemplates\.angular\prerender-root\d438f14f-357e-400b-9400-d85785b56deb\data\admdb.sqlite
[2025-10-24 15:34:59] WARN: Could not read param for rate limit, using default. Error: {}
[2025-10-24 15:34:59] INFO: INI ALAMAT TABLENYA :  D:\Work\Mii\TEMPLATES\ssrtemplates\.angular\prerender-root\ce22cf09-4851-4bf9-b724-4208934453d1\data\admdb.sqlite
[2025-10-24 15:34:59] WARN: Could not read param for rate limit, using default. Error: {}
[2025-10-24 15:34:59] INFO: INI ALAMAT TABLENYA :  D:\Work\Mii\TEMPLATES\ssrtemplates\.angular\prerender-root\07fb6425-1bab-4b18-a6de-23305946fd44\data\admdb.sqlite
[2025-10-24 15:34:59] WARN: Could not read param for rate limit, using default. Error: {}
[2025-10-24 15:34:59] INFO: INI ALAMAT TABLENYA :  D:\Work\Mii\TEMPLATES\ssrtemplates\.angular\prerender-root\43d663b8-586d-48bf-8a21-763f3a10b873\data\admdb.sqlite
[2025-10-24 15:34:59] WARN: Could not read param for rate limit, using default. Error: {}
[2025-10-24 15:35:44] INFO: INI ALAMAT TABLENYA :  D:\Work\Mii\TEMPLATES\ssrtemplates\.angular\prerender-root\ce4faf13-4666-4dbc-a7f8-677f6b86aab8\data\admdb.sqlite
[2025-10-24 15:35:44] WARN: Could not read param for rate limit, using default. Error: {}
[2025-10-24 15:35:46] INFO: INI ALAMAT TABLENYA :  D:\Work\Mii\TEMPLATES\ssrtemplates\.angular\prerender-root\af612eae-dd5a-4c65-a20c-a66104b20e60\data\admdb.sqlite
[2025-10-24 15:35:46] WARN: Could not read param for rate limit, using default. Error: {}
[2025-10-24 15:35:46] INFO: INI ALAMAT TABLENYA :  D:\Work\Mii\TEMPLATES\ssrtemplates\.angular\prerender-root\fc348bfb-59bd-4dc1-b3ad-d6f1db8b26b2\data\admdb.sqlite
[2025-10-24 15:35:46] WARN: Could not read param for rate limit, using default. Error: {}
[2025-10-24 15:35:46] INFO: INI ALAMAT TABLENYA :  D:\Work\Mii\TEMPLATES\ssrtemplates\.angular\prerender-root\30cb40dc-e9ea-4aff-a79d-62c0ccd3d354\data\admdb.sqlite
[2025-10-24 15:35:46] WARN: Could not read param for rate limit, using default. Error: {}
[2025-10-24 15:35:46] INFO: INI ALAMAT TABLENYA :  D:\Work\Mii\TEMPLATES\ssrtemplates\.angular\prerender-root\b6185e17-66dc-46ce-8fc4-71b2be41059b\data\admdb.sqlite
[2025-10-24 15:35:46] WARN: Could not read param for rate limit, using default. Error: {}
[2025-10-24 15:35:54] INFO: INI ALAMAT TABLENYA :  D:\Work\Mii\TEMPLATES\ssrtemplates\dist\ssrtemplates\server\data\admdb.sqlite
[2025-10-24 15:35:54] INFO: login limiter max set to 3
[2025-10-24 15:37:25] INFO: INI ALAMAT TABLENYA :  D:\Work\Mii\TEMPLATES\ssrtemplates\.angular\prerender-root\19585928-343b-4ba2-b0a5-bd1f426905c6\data\admdb.sqlite
[2025-10-24 15:37:25] WARN: Could not read param for rate limit, using default. Error: {}
[2025-10-24 15:37:27] INFO: INI ALAMAT TABLENYA :  D:\Work\Mii\TEMPLATES\ssrtemplates\.angular\prerender-root\712dfaa1-23e7-40b4-ace9-bdeceea6f8f6\data\admdb.sqlite
[2025-10-24 15:37:27] WARN: Could not read param for rate limit, using default. Error: {}
[2025-10-24 15:37:27] INFO: INI ALAMAT TABLENYA :  D:\Work\Mii\TEMPLATES\ssrtemplates\.angular\prerender-root\a8bc6ced-b190-4e36-b74e-1bfea78a8645\data\admdb.sqlite
[2025-10-24 15:37:27] WARN: Could not read param for rate limit, using default. Error: {}
[2025-10-24 15:37:27] INFO: INI ALAMAT TABLENYA :  D:\Work\Mii\TEMPLATES\ssrtemplates\.angular\prerender-root\2662bbb1-4a8a-4466-8ceb-60e4aedc89b2\data\admdb.sqlite
[2025-10-24 15:37:27] WARN: Could not read param for rate limit, using default. Error: {}
[2025-10-24 15:37:27] INFO: INI ALAMAT TABLENYA :  D:\Work\Mii\TEMPLATES\ssrtemplates\.angular\prerender-root\fe2edcc6-9c95-4533-842f-bec1f8352530\data\admdb.sqlite
[2025-10-24 15:37:27] WARN: Could not read param for rate limit, using default. Error: {}
[2025-10-24 15:37:35] INFO: INI ALAMAT TABLENYA :  D:\Work\Mii\TEMPLATES\ssrtemplates\dist\ssrtemplates\server\data\admdb.sqlite
[2025-10-24 15:37:35] INFO: login limiter max set to 3
[2025-10-24 17:25:46] INFO: INI ALAMAT TABLENYA :  D:\Work\Mii\TEMPLATES\ssrtemplates\.angular\prerender-root\181566eb-8ee7-49cb-9720-cdfc3941b072\data\admdb.sqlite
[2025-10-24 17:25:48] WARN: Could not read param for rate limit, using default. Error: {}
[2025-10-24 17:26:02] INFO: INI ALAMAT TABLENYA :  D:\Work\Mii\TEMPLATES\ssrtemplates\.angular\prerender-root\32a65f07-678b-48f9-9c40-79433fe1b924\data\admdb.sqlite
[2025-10-24 17:26:02] WARN: Could not read param for rate limit, using default. Error: {}
[2025-10-24 17:26:02] INFO: INI ALAMAT TABLENYA :  D:\Work\Mii\TEMPLATES\ssrtemplates\.angular\prerender-root\df558156-fec7-43c4-ba19-2c3ccdb0593e\data\admdb.sqlite
[2025-10-24 17:26:02] WARN: Could not read param for rate limit, using default. Error: {}
[2025-10-24 17:26:02] INFO: INI ALAMAT TABLENYA :  D:\Work\Mii\TEMPLATES\ssrtemplates\.angular\prerender-root\8a07f82b-a04f-4109-9e3a-94518282a740\data\admdb.sqlite
[2025-10-24 17:26:02] WARN: Could not read param for rate limit, using default. Error: {}
[2025-10-24 17:26:02] INFO: INI ALAMAT TABLENYA :  D:\Work\Mii\TEMPLATES\ssrtemplates\.angular\prerender-root\331b5597-67e7-4147-bf12-4d447c4cd08f\data\admdb.sqlite
[2025-10-24 17:26:02] WARN: Could not read param for rate limit, using default. Error: {}
[2025-10-24 17:34:41] INFO: INI ALAMAT TABLENYA :  D:\Work\Mii\TEMPLATES\ssrtemplates\dist\ssrtemplates\server\data\admdb.sqlite
[2025-10-24 17:34:41] INFO: login limiter max set to 3
[2025-10-24 17:38:16] INFO: INI ALAMAT TABLENYA :  D:\Work\Mii\TEMPLATES\ssrtemplates\.angular\prerender-root\d942d094-187e-4b14-bd9c-2962be341d8c\data\admdb.sqlite
[2025-10-24 17:38:16] WARN: Could not read param for rate limit, using default. Error: {}
[2025-10-24 17:38:19] INFO: INI ALAMAT TABLENYA :  D:\Work\Mii\TEMPLATES\ssrtemplates\.angular\prerender-root\9decbe9b-71c1-4f30-9c36-57cec27b5c7f\data\admdb.sqlite
[2025-10-24 17:38:19] WARN: Could not read param for rate limit, using default. Error: {}
[2025-10-24 17:38:19] INFO: INI ALAMAT TABLENYA :  D:\Work\Mii\TEMPLATES\ssrtemplates\.angular\prerender-root\e06f1583-e2eb-44f6-b390-bd225b13616b\data\admdb.sqlite
[2025-10-24 17:38:19] WARN: Could not read param for rate limit, using default. Error: {}
[2025-10-24 17:38:19] INFO: INI ALAMAT TABLENYA :  D:\Work\Mii\TEMPLATES\ssrtemplates\.angular\prerender-root\be7ee693-3ef9-4e21-accc-1d75804df12f\data\admdb.sqlite
[2025-10-24 17:38:19] WARN: Could not read param for rate limit, using default. Error: {}
[2025-10-24 17:38:19] INFO: INI ALAMAT TABLENYA :  D:\Work\Mii\TEMPLATES\ssrtemplates\.angular\prerender-root\e8030961-ca33-4a13-9b77-866b8ff75501\data\admdb.sqlite
[2025-10-24 17:38:19] WARN: Could not read param for rate limit, using default. Error: {}
[2025-10-24 17:38:29] INFO: INI ALAMAT TABLENYA :  D:\Work\Mii\TEMPLATES\ssrtemplates\dist\ssrtemplates\server\data\admdb.sqlite
[2025-10-24 17:38:29] INFO: login limiter max set to 3
[2025-10-24 17:39:05] INFO: INI ALAMAT TABLENYA :  D:\Work\Mii\TEMPLATES\ssrtemplates\.angular\prerender-root\cb0170f9-33ea-43f3-97a3-f8194f7f1317\data\admdb.sqlite
[2025-10-24 17:39:05] WARN: Could not read param for rate limit, using default. Error: {}
[2025-10-24 17:39:07] INFO: INI ALAMAT TABLENYA :  D:\Work\Mii\TEMPLATES\ssrtemplates\.angular\prerender-root\b7b5dc88-fc82-4133-98f0-ee6e56425b7e\data\admdb.sqlite
[2025-10-24 17:39:07] WARN: Could not read param for rate limit, using default. Error: {}
[2025-10-24 17:39:07] INFO: INI ALAMAT TABLENYA :  D:\Work\Mii\TEMPLATES\ssrtemplates\.angular\prerender-root\ade88e11-9a5c-4914-949f-f758f105a010\data\admdb.sqlite
[2025-10-24 17:39:07] WARN: Could not read param for rate limit, using default. Error: {}
[2025-10-24 17:39:07] INFO: INI ALAMAT TABLENYA :  D:\Work\Mii\TEMPLATES\ssrtemplates\.angular\prerender-root\ce462a57-a207-444c-bb06-d008b9dbc0ba\data\admdb.sqlite
[2025-10-24 17:39:07] WARN: Could not read param for rate limit, using default. Error: {}
[2025-10-24 17:39:07] INFO: INI ALAMAT TABLENYA :  D:\Work\Mii\TEMPLATES\ssrtemplates\.angular\prerender-root\87c6d24b-bfcb-4aa4-a429-49e714af8527\data\admdb.sqlite
[2025-10-24 17:39:07] WARN: Could not read param for rate limit, using default. Error: {}
[2025-10-24 17:40:00] INFO: INI ALAMAT TABLENYA :  D:\Work\Mii\TEMPLATES\ssrtemplates\.angular\prerender-root\35881461-a81b-4670-8e51-edbcc0c4e29f\data\admdb.sqlite
[2025-10-24 17:40:00] WARN: Could not read param for rate limit, using default. Error: {}
[2025-10-24 17:40:03] INFO: INI ALAMAT TABLENYA :  D:\Work\Mii\TEMPLATES\ssrtemplates\.angular\prerender-root\ad96ab81-8c5e-4016-a8ef-20ef473a13be\data\admdb.sqlite
[2025-10-24 17:40:03] WARN: Could not read param for rate limit, using default. Error: {}
[2025-10-24 17:40:03] INFO: INI ALAMAT TABLENYA :  D:\Work\Mii\TEMPLATES\ssrtemplates\.angular\prerender-root\03889672-45d9-4381-b3f7-11b27850ba9b\data\admdb.sqlite
[2025-10-24 17:40:03] WARN: Could not read param for rate limit, using default. Error: {}
[2025-10-24 17:40:03] INFO: INI ALAMAT TABLENYA :  D:\Work\Mii\TEMPLATES\ssrtemplates\.angular\prerender-root\caf34075-7ee7-45bd-aee0-fcd509ac26eb\data\admdb.sqlite
[2025-10-24 17:40:03] WARN: Could not read param for rate limit, using default. Error: {}
[2025-10-24 17:40:03] INFO: INI ALAMAT TABLENYA :  D:\Work\Mii\TEMPLATES\ssrtemplates\.angular\prerender-root\0f41e77a-0ff7-415d-9136-40c29f8439a1\data\admdb.sqlite
[2025-10-24 17:40:03] WARN: Could not read param for rate limit, using default. Error: {}
[2025-10-24 17:40:13] INFO: INI ALAMAT TABLENYA :  D:\Work\Mii\TEMPLATES\ssrtemplates\dist\ssrtemplates\server\data\admdb.sqlite
[2025-10-24 17:40:13] INFO: login limiter max set to 3
[2025-10-24 17:41:24] INFO: INI ALAMAT TABLENYA :  D:\Work\Mii\TEMPLATES\ssrtemplates\.angular\prerender-root\5ed187c6-3cf1-4a17-ba04-d3a69efaa43d\data\admdb.sqlite
[2025-10-24 17:41:24] WARN: Could not read param for rate limit, using default. Error: {}
[2025-10-24 17:41:26] INFO: INI ALAMAT TABLENYA :  D:\Work\Mii\TEMPLATES\ssrtemplates\.angular\prerender-root\a83730bf-07c6-4300-8687-85c0b007b62c\data\admdb.sqlite
[2025-10-24 17:41:26] WARN: Could not read param for rate limit, using default. Error: {}
[2025-10-24 17:41:26] INFO: INI ALAMAT TABLENYA :  D:\Work\Mii\TEMPLATES\ssrtemplates\.angular\prerender-root\d5e53cb0-b10a-457b-b090-a0f3ed018d6c\data\admdb.sqlite
[2025-10-24 17:41:26] WARN: Could not read param for rate limit, using default. Error: {}
[2025-10-24 17:41:26] INFO: INI ALAMAT TABLENYA :  D:\Work\Mii\TEMPLATES\ssrtemplates\.angular\prerender-root\ca0f08a2-9133-4002-9a98-770154ca4a83\data\admdb.sqlite
[2025-10-24 17:41:26] WARN: Could not read param for rate limit, using default. Error: {}
[2025-10-24 17:41:26] INFO: INI ALAMAT TABLENYA :  D:\Work\Mii\TEMPLATES\ssrtemplates\.angular\prerender-root\242e37b8-0007-452e-88d8-f6c0cd1493dd\data\admdb.sqlite
[2025-10-24 17:41:26] WARN: Could not read param for rate limit, using default. Error: {}
[2025-10-24 17:41:35] INFO: INI ALAMAT TABLENYA :  D:\Work\Mii\TEMPLATES\ssrtemplates\dist\ssrtemplates\server\data\admdb.sqlite
[2025-10-24 17:41:35] INFO: login limiter max set to 3
[2025-10-24 17:43:52] INFO: INI ALAMAT TABLENYA :  D:\Work\Mii\TEMPLATES\ssrtemplates\.angular\prerender-root\a0121706-d2ea-465b-8d86-2ce2fe4756e0\data\admdb.sqlite
[2025-10-24 17:43:52] WARN: Could not read param for rate limit, using default. Error: {}
[2025-10-24 17:43:56] INFO: INI ALAMAT TABLENYA :  D:\Work\Mii\TEMPLATES\ssrtemplates\.angular\prerender-root\f3980254-dffe-49b9-9b68-9492ec7eb67d\data\admdb.sqlite
[2025-10-24 17:43:56] WARN: Could not read param for rate limit, using default. Error: {}
[2025-10-24 17:43:56] INFO: INI ALAMAT TABLENYA :  D:\Work\Mii\TEMPLATES\ssrtemplates\.angular\prerender-root\490c8823-bf3c-4db7-bab1-2a9f489fbc79\data\admdb.sqlite
[2025-10-24 17:43:56] WARN: Could not read param for rate limit, using default. Error: {}
[2025-10-24 17:43:56] INFO: INI ALAMAT TABLENYA :  D:\Work\Mii\TEMPLATES\ssrtemplates\.angular\prerender-root\a499817b-02d7-4878-b075-7d14f1d4a723\data\admdb.sqlite
[2025-10-24 17:43:56] WARN: Could not read param for rate limit, using default. Error: {}
[2025-10-24 17:43:56] INFO: INI ALAMAT TABLENYA :  D:\Work\Mii\TEMPLATES\ssrtemplates\.angular\prerender-root\0acb0183-336c-4203-a214-22acb3b5eb56\data\admdb.sqlite
[2025-10-24 17:43:56] WARN: Could not read param for rate limit, using default. Error: {}
[2025-10-24 17:44:18] INFO: INI ALAMAT TABLENYA :  D:\Work\Mii\TEMPLATES\ssrtemplates\dist\ssrtemplates\server\data\admdb.sqlite
[2025-10-24 17:44:18] INFO: login limiter max set to 3
[2025-10-24 17:45:30] INFO: INI ALAMAT TABLENYA :  D:\Work\Mii\TEMPLATES\ssrtemplates\.angular\prerender-root\32e15e15-adb6-45ae-9742-0b5dd9e78b18\data\admdb.sqlite
[2025-10-24 17:45:30] WARN: Could not read param for rate limit, using default. Error: {}
[2025-10-24 17:45:32] INFO: INI ALAMAT TABLENYA :  D:\Work\Mii\TEMPLATES\ssrtemplates\.angular\prerender-root\535c5f88-39b3-4667-a313-f58788f037ba\data\admdb.sqlite
[2025-10-24 17:45:32] WARN: Could not read param for rate limit, using default. Error: {}
[2025-10-24 17:45:32] INFO: INI ALAMAT TABLENYA :  D:\Work\Mii\TEMPLATES\ssrtemplates\.angular\prerender-root\37664a81-b649-4c89-a60a-67800af5c4b5\data\admdb.sqlite
[2025-10-24 17:45:32] WARN: Could not read param for rate limit, using default. Error: {}
[2025-10-24 17:45:32] INFO: INI ALAMAT TABLENYA :  D:\Work\Mii\TEMPLATES\ssrtemplates\.angular\prerender-root\ba95a701-00f7-4cdf-9244-461844f8082f\data\admdb.sqlite
[2025-10-24 17:45:32] WARN: Could not read param for rate limit, using default. Error: {}
[2025-10-24 17:45:32] INFO: INI ALAMAT TABLENYA :  D:\Work\Mii\TEMPLATES\ssrtemplates\.angular\prerender-root\d0115ecb-a59a-4176-a1c0-347b64fd443c\data\admdb.sqlite
[2025-10-24 17:45:32] WARN: Could not read param for rate limit, using default. Error: {}
[2025-10-24 17:45:42] INFO: INI ALAMAT TABLENYA :  D:\Work\Mii\TEMPLATES\ssrtemplates\dist\ssrtemplates\server\data\admdb.sqlite
[2025-10-24 17:45:42] INFO: login limiter max set to 3
[2025-10-24 17:49:50] INFO: INI ALAMAT TABLENYA :  D:\Work\Mii\TEMPLATES\ssrtemplates\.angular\prerender-root\01e0232c-096d-414c-a776-cc797e1d6b50\data\admdb.sqlite
[2025-10-24 17:49:50] WARN: Could not read param for rate limit, using default. Error: {}
[2025-10-24 17:49:52] INFO: INI ALAMAT TABLENYA :  D:\Work\Mii\TEMPLATES\ssrtemplates\.angular\prerender-root\00b4d371-87f6-4f89-8be5-cfa19493d874\data\admdb.sqlite
[2025-10-24 17:49:52] WARN: Could not read param for rate limit, using default. Error: {}
[2025-10-24 17:49:52] INFO: INI ALAMAT TABLENYA :  D:\Work\Mii\TEMPLATES\ssrtemplates\.angular\prerender-root\ac2f5ecb-5849-4de9-ae33-b86ebfd28c11\data\admdb.sqlite
[2025-10-24 17:49:52] WARN: Could not read param for rate limit, using default. Error: {}
[2025-10-24 17:49:52] INFO: INI ALAMAT TABLENYA :  D:\Work\Mii\TEMPLATES\ssrtemplates\.angular\prerender-root\32a9fbe0-edf1-4753-b238-5954b12333fc\data\admdb.sqlite
[2025-10-24 17:49:52] WARN: Could not read param for rate limit, using default. Error: {}
[2025-10-24 17:49:52] INFO: INI ALAMAT TABLENYA :  D:\Work\Mii\TEMPLATES\ssrtemplates\.angular\prerender-root\51e6d90b-4885-471b-9914-1b3104608677\data\admdb.sqlite
[2025-10-24 17:49:52] WARN: Could not read param for rate limit, using default. Error: {}
[2025-10-24 17:50:02] INFO: INI ALAMAT TABLENYA :  D:\Work\Mii\TEMPLATES\ssrtemplates\dist\ssrtemplates\server\data\admdb.sqlite
[2025-10-24 17:50:02] INFO: login limiter max set to 3
[2025-10-24 17:54:46] INFO: INI ALAMAT TABLENYA :  D:\Work\Mii\TEMPLATES\ssrtemplates\.angular\prerender-root\f68de95f-bdd0-41a0-b081-b9a3885afb6a\data\admdb.sqlite
[2025-10-24 17:54:46] WARN: Could not read param for rate limit, using default. Error: {}
[2025-10-24 17:54:48] INFO: INI ALAMAT TABLENYA :  D:\Work\Mii\TEMPLATES\ssrtemplates\.angular\prerender-root\78b5bd92-0260-4690-8235-ad8053ca3bc0\data\admdb.sqlite
[2025-10-24 17:54:48] WARN: Could not read param for rate limit, using default. Error: {}
[2025-10-24 17:54:48] INFO: INI ALAMAT TABLENYA :  D:\Work\Mii\TEMPLATES\ssrtemplates\.angular\prerender-root\ce57eb2c-d993-4ff5-80cc-e240c2ea59ba\data\admdb.sqlite
[2025-10-24 17:54:48] WARN: Could not read param for rate limit, using default. Error: {}
[2025-10-24 17:54:48] INFO: INI ALAMAT TABLENYA :  D:\Work\Mii\TEMPLATES\ssrtemplates\.angular\prerender-root\be383b6a-035a-4cad-a561-15a723c63f5e\data\admdb.sqlite
[2025-10-24 17:54:48] WARN: Could not read param for rate limit, using default. Error: {}
[2025-10-24 17:54:48] INFO: INI ALAMAT TABLENYA :  D:\Work\Mii\TEMPLATES\ssrtemplates\.angular\prerender-root\cbc826ed-ba18-4a27-bf8b-a30e6a1b1e72\data\admdb.sqlite
[2025-10-24 17:54:48] WARN: Could not read param for rate limit, using default. Error: {}
[2025-10-24 17:55:01] INFO: INI ALAMAT TABLENYA :  D:\Work\Mii\TEMPLATES\ssrtemplates\dist\ssrtemplates\server\data\admdb.sqlite
[2025-10-24 17:55:01] INFO: login limiter max set to 3
[2025-10-24 17:57:52] INFO: INI ALAMAT TABLENYA :  D:\Work\Mii\TEMPLATES\ssrtemplates\.angular\prerender-root\1d883454-9702-45b4-a051-6031fa7c5962\data\admdb.sqlite
[2025-10-24 17:57:52] WARN: Could not read param for rate limit, using default. Error: {}
[2025-10-24 17:57:58] INFO: INI ALAMAT TABLENYA :  D:\Work\Mii\TEMPLATES\ssrtemplates\.angular\prerender-root\ec28a35c-cf78-4b90-bb49-90d171e2f0e7\data\admdb.sqlite
[2025-10-24 17:57:58] WARN: Could not read param for rate limit, using default. Error: {}
[2025-10-24 17:57:58] INFO: INI ALAMAT TABLENYA :  D:\Work\Mii\TEMPLATES\ssrtemplates\.angular\prerender-root\b59f9a14-c60d-4963-8380-723e39b7d03a\data\admdb.sqlite
[2025-10-24 17:57:58] WARN: Could not read param for rate limit, using default. Error: {}
[2025-10-24 17:57:58] INFO: INI ALAMAT TABLENYA :  D:\Work\Mii\TEMPLATES\ssrtemplates\.angular\prerender-root\a5c79238-b9bb-496c-90c8-a63670324c9b\data\admdb.sqlite
[2025-10-24 17:57:59] WARN: Could not read param for rate limit, using default. Error: {}
[2025-10-24 17:57:58] INFO: INI ALAMAT TABLENYA :  D:\Work\Mii\TEMPLATES\ssrtemplates\.angular\prerender-root\98992e5c-a500-4d2b-a05d-2ecf825358b0\data\admdb.sqlite
[2025-10-24 17:57:59] WARN: Could not read param for rate limit, using default. Error: {}
[2025-10-24 17:58:44] INFO: INI ALAMAT TABLENYA :  D:\Work\Mii\TEMPLATES\ssrtemplates\dist\ssrtemplates\server\data\admdb.sqlite
[2025-10-24 17:58:44] INFO: login limiter max set to 3
[2025-10-24 17:59:45] INFO: INI ALAMAT TABLENYA :  D:\Work\Mii\TEMPLATES\ssrtemplates\.angular\prerender-root\a777a489-c3f3-4efd-8978-6c7e4375d5d6\data\admdb.sqlite
[2025-10-24 17:59:45] WARN: Could not read param for rate limit, using default. Error: {}
[2025-10-24 17:59:48] INFO: INI ALAMAT TABLENYA :  D:\Work\Mii\TEMPLATES\ssrtemplates\.angular\prerender-root\ee26378b-91b7-4de3-93e2-7440a29d981d\data\admdb.sqlite
[2025-10-24 17:59:48] WARN: Could not read param for rate limit, using default. Error: {}
[2025-10-24 17:59:48] INFO: INI ALAMAT TABLENYA :  D:\Work\Mii\TEMPLATES\ssrtemplates\.angular\prerender-root\6b7aa9b0-9172-485e-b3ba-ed60d9d5a109\data\admdb.sqlite
[2025-10-24 17:59:48] WARN: Could not read param for rate limit, using default. Error: {}
[2025-10-24 17:59:48] INFO: INI ALAMAT TABLENYA :  D:\Work\Mii\TEMPLATES\ssrtemplates\.angular\prerender-root\c7c61e36-8241-4d0f-97a0-a0a7fc03d480\data\admdb.sqlite
[2025-10-24 17:59:48] WARN: Could not read param for rate limit, using default. Error: {}
[2025-10-24 17:59:48] INFO: INI ALAMAT TABLENYA :  D:\Work\Mii\TEMPLATES\ssrtemplates\.angular\prerender-root\29ec5e3f-c768-4ee7-bdd6-5cdfced6a74a\data\admdb.sqlite
[2025-10-24 17:59:48] WARN: Could not read param for rate limit, using default. Error: {}
[2025-10-24 17:59:59] INFO: INI ALAMAT TABLENYA :  D:\Work\Mii\TEMPLATES\ssrtemplates\dist\ssrtemplates\server\data\admdb.sqlite
[2025-10-24 17:59:59] INFO: login limiter max set to 3
[2025-10-24 18:04:08] INFO: INI ALAMAT TABLENYA :  D:\Work\Mii\TEMPLATES\ssrtemplates\.angular\prerender-root\ba7e2d97-d54a-4cce-8265-97ed9ff7fe58\data\admdb.sqlite
[2025-10-24 18:04:08] WARN: Could not read param for rate limit, using default. Error: {}
[2025-10-24 18:04:11] INFO: INI ALAMAT TABLENYA :  D:\Work\Mii\TEMPLATES\ssrtemplates\.angular\prerender-root\d03fb519-0566-4b6c-919a-903adfdecd49\data\admdb.sqlite
[2025-10-24 18:04:11] WARN: Could not read param for rate limit, using default. Error: {}
[2025-10-24 18:04:11] INFO: INI ALAMAT TABLENYA :  D:\Work\Mii\TEMPLATES\ssrtemplates\.angular\prerender-root\56b839dc-b27a-4ec2-939a-145a0a60b93d\data\admdb.sqlite
[2025-10-24 18:04:11] WARN: Could not read param for rate limit, using default. Error: {}
[2025-10-24 18:04:11] INFO: INI ALAMAT TABLENYA :  D:\Work\Mii\TEMPLATES\ssrtemplates\.angular\prerender-root\ecb57dee-6010-4224-8e41-20b3bb3b4056\data\admdb.sqlite
[2025-10-24 18:04:11] WARN: Could not read param for rate limit, using default. Error: {}
[2025-10-24 18:04:11] INFO: INI ALAMAT TABLENYA :  D:\Work\Mii\TEMPLATES\ssrtemplates\.angular\prerender-root\4bf62ca1-5fbc-48f7-bc5e-8e2d48383d44\data\admdb.sqlite
[2025-10-24 18:04:11] WARN: Could not read param for rate limit, using default. Error: {}
[2025-10-24 18:04:20] INFO: INI ALAMAT TABLENYA :  D:\Work\Mii\TEMPLATES\ssrtemplates\dist\ssrtemplates\server\data\admdb.sqlite
[2025-10-24 18:04:20] INFO: login limiter max set to 3
