[2025-10-23 09:47:15] INFO: INI ALAMAT TABLENYA :  D:\Work\Mii\TEMPLATES\ssrtemplates\.angular\prerender-root\48de6848-a433-42be-80ed-ef398d4c3fef\data\admdb.sqlite
[2025-10-23 09:47:16] WARN: Could not read param for rate limit, using default. Error: {}
[2025-10-23 09:47:22] INFO: INI ALAMAT TABLENYA :  D:\Work\Mii\TEMPLATES\ssrtemplates\.angular\prerender-root\b4ca0ef6-4b34-4e74-b735-00133d8e8d0b\data\admdb.sqlite
[2025-10-23 09:47:22] WARN: Could not read param for rate limit, using default. Error: {}
[2025-10-23 09:47:22] INFO: INI ALAMAT TABLENYA :  D:\Work\Mii\TEMPLATES\ssrtemplates\.angular\prerender-root\e7a3e8af-90eb-4949-bb73-a9913ec57ca2\data\admdb.sqlite
[2025-10-23 09:47:22] WARN: Could not read param for rate limit, using default. Error: {}
[2025-10-23 09:47:22] INFO: INI ALAMAT TABLENYA :  D:\Work\Mii\TEMPLATES\ssrtemplates\.angular\prerender-root\f1d611c0-8731-4596-8102-c2ce82028225\data\admdb.sqlite
[2025-10-23 09:47:22] INFO: INI ALAMAT TABLENYA :  D:\Work\Mii\TEMPLATES\ssrtemplates\.angular\prerender-root\d7bba8cd-f741-46f6-9589-c6a139f90541\data\admdb.sqlite
[2025-10-23 09:47:22] WARN: Could not read param for rate limit, using default. Error: {}
[2025-10-23 09:47:22] WARN: Could not read param for rate limit, using default. Error: {}
[2025-10-23 09:47:51] INFO: INI ALAMAT TABLENYA :  D:\Work\Mii\TEMPLATES\ssrtemplates\dist\ssrtemplates\server\data\admdb.sqlite
[2025-10-23 09:47:51] INFO: login limiter max set to 10
[2025-10-23 09:55:17] INFO: INI ALAMAT TABLENYA :  D:\Work\Mii\TEMPLATES\ssrtemplates\.angular\prerender-root\8c642cc4-924b-4ad9-9514-dbebf0dde0c7\data\admdb.sqlite
[2025-10-23 09:55:19] WARN: Could not read param for rate limit, using default. Error: {}
[2025-10-23 09:55:34] INFO: INI ALAMAT TABLENYA :  D:\Work\Mii\TEMPLATES\ssrtemplates\.angular\prerender-root\d664af9c-8ff2-46ae-925e-85adb6785f78\data\admdb.sqlite
[2025-10-23 09:55:34] WARN: Could not read param for rate limit, using default. Error: {}
[2025-10-23 09:55:34] INFO: INI ALAMAT TABLENYA :  D:\Work\Mii\TEMPLATES\ssrtemplates\.angular\prerender-root\5e02fac1-54e9-4b03-ba7a-5b7f71506007\data\admdb.sqlite
[2025-10-23 09:55:34] WARN: Could not read param for rate limit, using default. Error: {}
[2025-10-23 09:55:34] INFO: INI ALAMAT TABLENYA :  D:\Work\Mii\TEMPLATES\ssrtemplates\.angular\prerender-root\72e30665-9d4c-404a-8131-ed88c78f0c17\data\admdb.sqlite
[2025-10-23 09:55:34] WARN: Could not read param for rate limit, using default. Error: {}
[2025-10-23 09:55:34] INFO: INI ALAMAT TABLENYA :  D:\Work\Mii\TEMPLATES\ssrtemplates\.angular\prerender-root\dabb6f84-0c41-442e-82a3-5a87ead99f0b\data\admdb.sqlite
[2025-10-23 09:55:34] WARN: Could not read param for rate limit, using default. Error: {}
[2025-10-23 09:56:03] INFO: INI ALAMAT TABLENYA :  D:\Work\Mii\TEMPLATES\ssrtemplates\dist\ssrtemplates\server\data\admdb.sqlite
[2025-10-23 09:56:03] INFO: login limiter max set to 10
[2025-10-23 09:59:21] INFO: INI ALAMAT TABLENYA :  D:\Work\Mii\TEMPLATES\ssrtemplates\.angular\prerender-root\c5a23b9a-d351-4674-be22-6d7309ceff71\data\admdb.sqlite
[2025-10-23 09:59:21] WARN: Could not read param for rate limit, using default. Error: {}
[2025-10-23 09:59:22] INFO: INI ALAMAT TABLENYA :  D:\Work\Mii\TEMPLATES\ssrtemplates\.angular\prerender-root\fd30e01b-4e11-4c1c-8188-91cfe77f5e2c\data\admdb.sqlite
[2025-10-23 09:59:22] WARN: Could not read param for rate limit, using default. Error: {}
[2025-10-23 09:59:22] INFO: INI ALAMAT TABLENYA :  D:\Work\Mii\TEMPLATES\ssrtemplates\.angular\prerender-root\7e5b48bf-3c4e-4d2a-b774-26b7e5b34073\data\admdb.sqlite
[2025-10-23 09:59:22] WARN: Could not read param for rate limit, using default. Error: {}
[2025-10-23 09:59:22] INFO: INI ALAMAT TABLENYA :  D:\Work\Mii\TEMPLATES\ssrtemplates\.angular\prerender-root\97bece89-00a9-45ae-9021-ca9661cf24f8\data\admdb.sqlite
[2025-10-23 09:59:22] WARN: Could not read param for rate limit, using default. Error: {}
[2025-10-23 09:59:22] INFO: INI ALAMAT TABLENYA :  D:\Work\Mii\TEMPLATES\ssrtemplates\.angular\prerender-root\7dfd73c6-0af4-471a-b884-d732ba5a3889\data\admdb.sqlite
[2025-10-23 09:59:22] WARN: Could not read param for rate limit, using default. Error: {}
[2025-10-23 09:59:30] INFO: INI ALAMAT TABLENYA :  D:\Work\Mii\TEMPLATES\ssrtemplates\dist\ssrtemplates\server\data\admdb.sqlite
[2025-10-23 09:59:30] INFO: login limiter max set to 3
[2025-10-23 10:14:33] INFO: INI ALAMAT TABLENYA :  D:\Work\Mii\TEMPLATES\ssrtemplates\.angular\prerender-root\8d46ed09-4a97-4d83-9dc1-4e825de19c81\data\admdb.sqlite
[2025-10-23 10:14:33] WARN: Could not read param for rate limit, using default. Error: {}
[2025-10-23 10:14:34] INFO: INI ALAMAT TABLENYA :  D:\Work\Mii\TEMPLATES\ssrtemplates\.angular\prerender-root\cb29aa36-43c6-442b-9efd-19b04f7679bf\data\admdb.sqlite
[2025-10-23 10:14:35] WARN: Could not read param for rate limit, using default. Error: {}
[2025-10-23 10:14:34] INFO: INI ALAMAT TABLENYA :  D:\Work\Mii\TEMPLATES\ssrtemplates\.angular\prerender-root\8ed1b298-4f87-4d4c-ba51-4142cc9dfe7e\data\admdb.sqlite
[2025-10-23 10:14:35] WARN: Could not read param for rate limit, using default. Error: {}
[2025-10-23 10:14:34] INFO: INI ALAMAT TABLENYA :  D:\Work\Mii\TEMPLATES\ssrtemplates\.angular\prerender-root\f74d6b21-1262-42b4-ab5f-06c19f007d90\data\admdb.sqlite
[2025-10-23 10:14:35] WARN: Could not read param for rate limit, using default. Error: {}
[2025-10-23 10:14:34] INFO: INI ALAMAT TABLENYA :  D:\Work\Mii\TEMPLATES\ssrtemplates\.angular\prerender-root\fcf6bd4c-ff37-49cd-8d46-d8a82aee3f38\data\admdb.sqlite
[2025-10-23 10:14:35] WARN: Could not read param for rate limit, using default. Error: {}
[2025-10-23 10:14:42] INFO: INI ALAMAT TABLENYA :  D:\Work\Mii\TEMPLATES\ssrtemplates\dist\ssrtemplates\server\data\admdb.sqlite
[2025-10-23 10:14:42] INFO: login limiter max set to 3
[2025-10-23 10:16:30] INFO: INI ALAMAT TABLENYA :  D:\Work\Mii\TEMPLATES\ssrtemplates\dist\ssrtemplates\server\data\admdb.sqlite
[2025-10-23 10:16:31] INFO: login limiter max set to 3
[2025-10-23 10:23:33] INFO: INI ALAMAT TABLENYA :  D:\Work\Mii\TEMPLATES\ssrtemplates\dist\ssrtemplates\server\data\admdb.sqlite
[2025-10-23 10:23:33] INFO: login limiter max set to 3
[2025-10-23 11:02:15] INFO: INI ALAMAT TABLENYA :  D:\Work\Mii\TEMPLATES\ssrtemplates\.angular\prerender-root\eedcdde9-9415-4ede-b192-1b9e55b28100\data\admdb.sqlite
[2025-10-23 11:02:15] WARN: Could not read param for rate limit, using default. Error: {}
[2025-10-23 11:02:17] INFO: INI ALAMAT TABLENYA :  D:\Work\Mii\TEMPLATES\ssrtemplates\.angular\prerender-root\c76346ca-df3b-46c8-b591-f7fee9a5bfe5\data\admdb.sqlite
[2025-10-23 11:02:17] WARN: Could not read param for rate limit, using default. Error: {}
[2025-10-23 11:02:17] INFO: INI ALAMAT TABLENYA :  D:\Work\Mii\TEMPLATES\ssrtemplates\.angular\prerender-root\dc84dcd7-5bfb-4c6e-8cf6-738975ee14a5\data\admdb.sqlite
[2025-10-23 11:02:17] WARN: Could not read param for rate limit, using default. Error: {}
[2025-10-23 11:02:17] INFO: INI ALAMAT TABLENYA :  D:\Work\Mii\TEMPLATES\ssrtemplates\.angular\prerender-root\2adb9874-7324-4105-bbc2-fc39e2ae201d\data\admdb.sqlite
[2025-10-23 11:02:17] WARN: Could not read param for rate limit, using default. Error: {}
[2025-10-23 11:02:17] INFO: INI ALAMAT TABLENYA :  D:\Work\Mii\TEMPLATES\ssrtemplates\.angular\prerender-root\495f26bc-fece-4c33-ba10-285a20971bf9\data\admdb.sqlite
[2025-10-23 11:02:17] WARN: Could not read param for rate limit, using default. Error: {}
[2025-10-23 11:02:54] INFO: INI ALAMAT TABLENYA :  D:\Work\Mii\TEMPLATES\ssrtemplates\dist\ssrtemplates\server\data\admdb.sqlite
[2025-10-23 11:02:54] INFO: login limiter max set to 3
[2025-10-23 11:17:36] INFO: INI ALAMAT TABLENYA :  D:\Work\Mii\TEMPLATES\ssrtemplates\.angular\prerender-root\604f7d8b-7869-4b5d-b572-8b113d7c7f03\data\admdb.sqlite
[2025-10-23 11:17:36] WARN: Could not read param for rate limit, using default. Error: {}
[2025-10-23 11:17:37] INFO: INI ALAMAT TABLENYA :  D:\Work\Mii\TEMPLATES\ssrtemplates\.angular\prerender-root\6ea97892-29fb-44db-90be-dd63e96bdd48\data\admdb.sqlite
[2025-10-23 11:17:37] INFO: INI ALAMAT TABLENYA :  D:\Work\Mii\TEMPLATES\ssrtemplates\.angular\prerender-root\426dfe3e-48fb-4ba9-8236-2a856dbad53a\data\admdb.sqlite
[2025-10-23 11:17:37] WARN: Could not read param for rate limit, using default. Error: {}
[2025-10-23 11:17:37] WARN: Could not read param for rate limit, using default. Error: {}
[2025-10-23 11:17:37] INFO: INI ALAMAT TABLENYA :  D:\Work\Mii\TEMPLATES\ssrtemplates\.angular\prerender-root\de6f59ed-d7ee-4c28-98b7-bd93cf261ce8\data\admdb.sqlite
[2025-10-23 11:17:37] WARN: Could not read param for rate limit, using default. Error: {}
[2025-10-23 11:17:37] INFO: INI ALAMAT TABLENYA :  D:\Work\Mii\TEMPLATES\ssrtemplates\.angular\prerender-root\45a5133e-c29a-46ce-aed7-733be1a42785\data\admdb.sqlite
[2025-10-23 11:17:37] WARN: Could not read param for rate limit, using default. Error: {}
[2025-10-23 11:22:25] INFO: INI ALAMAT TABLENYA :  D:\Work\Mii\TEMPLATES\ssrtemplates\.angular\prerender-root\c20d1311-ca3d-44d5-98f6-a42b435bc99a\data\admdb.sqlite
[2025-10-23 11:22:25] WARN: Could not read param for rate limit, using default. Error: {}
[2025-10-23 11:22:27] INFO: INI ALAMAT TABLENYA :  D:\Work\Mii\TEMPLATES\ssrtemplates\.angular\prerender-root\32e4e59e-4232-4a9b-970e-ed46d53abd11\data\admdb.sqlite
[2025-10-23 11:22:27] WARN: Could not read param for rate limit, using default. Error: {}
[2025-10-23 11:22:27] INFO: INI ALAMAT TABLENYA :  D:\Work\Mii\TEMPLATES\ssrtemplates\.angular\prerender-root\bec3f025-a989-4867-bce7-7599a8b7135f\data\admdb.sqlite
[2025-10-23 11:22:27] WARN: Could not read param for rate limit, using default. Error: {}
[2025-10-23 11:22:27] INFO: INI ALAMAT TABLENYA :  D:\Work\Mii\TEMPLATES\ssrtemplates\.angular\prerender-root\065fb27a-195a-44a7-85c9-9a632452ea7e\data\admdb.sqlite
[2025-10-23 11:22:27] WARN: Could not read param for rate limit, using default. Error: {}
[2025-10-23 11:22:27] INFO: INI ALAMAT TABLENYA :  D:\Work\Mii\TEMPLATES\ssrtemplates\.angular\prerender-root\b3802908-cd33-49b1-8dee-9150396ea4ce\data\admdb.sqlite
[2025-10-23 11:22:27] WARN: Could not read param for rate limit, using default. Error: {}
[2025-10-23 11:26:48] INFO: INI ALAMAT TABLENYA :  D:\Work\Mii\TEMPLATES\ssrtemplates\.angular\prerender-root\bc9f0a5a-9253-4575-8b9b-3e73e35b8edc\data\admdb.sqlite
[2025-10-23 11:26:48] WARN: Could not read param for rate limit, using default. Error: {}
[2025-10-23 11:26:49] INFO: INI ALAMAT TABLENYA :  D:\Work\Mii\TEMPLATES\ssrtemplates\.angular\prerender-root\038d460d-f914-419e-a36d-09b21371cd61\data\admdb.sqlite
[2025-10-23 11:26:49] WARN: Could not read param for rate limit, using default. Error: {}
[2025-10-23 11:26:49] INFO: INI ALAMAT TABLENYA :  D:\Work\Mii\TEMPLATES\ssrtemplates\.angular\prerender-root\ce5b912c-9277-4a5b-bbcb-f2c38d7d4bec\data\admdb.sqlite
[2025-10-23 11:26:49] WARN: Could not read param for rate limit, using default. Error: {}
[2025-10-23 11:26:49] INFO: INI ALAMAT TABLENYA :  D:\Work\Mii\TEMPLATES\ssrtemplates\.angular\prerender-root\7cf090e0-8fb3-4387-8555-45b6ac072542\data\admdb.sqlite
[2025-10-23 11:26:49] WARN: Could not read param for rate limit, using default. Error: {}
[2025-10-23 11:26:49] INFO: INI ALAMAT TABLENYA :  D:\Work\Mii\TEMPLATES\ssrtemplates\.angular\prerender-root\5a730558-5010-4f76-ae54-a25f6b0d4318\data\admdb.sqlite
[2025-10-23 11:26:49] WARN: Could not read param for rate limit, using default. Error: {}
[2025-10-23 11:27:04] INFO: INI ALAMAT TABLENYA :  D:\Work\Mii\TEMPLATES\ssrtemplates\dist\ssrtemplates\server\data\admdb.sqlite
[2025-10-23 11:27:04] INFO: login limiter max set to 3
[2025-10-23 11:38:53] INFO: INI ALAMAT TABLENYA :  D:\Work\Mii\TEMPLATES\ssrtemplates\.angular\prerender-root\2c65a37b-8871-4100-b40b-ff4f1d45888f\data\admdb.sqlite
[2025-10-23 11:38:53] WARN: Could not read param for rate limit, using default. Error: {}
[2025-10-23 11:38:55] INFO: INI ALAMAT TABLENYA :  D:\Work\Mii\TEMPLATES\ssrtemplates\.angular\prerender-root\01ba9f95-59ac-4cde-9bb1-89ab35b02d46\data\admdb.sqlite
[2025-10-23 11:38:55] WARN: Could not read param for rate limit, using default. Error: {}
[2025-10-23 11:38:55] INFO: INI ALAMAT TABLENYA :  D:\Work\Mii\TEMPLATES\ssrtemplates\.angular\prerender-root\8fe3bb2f-0da6-4101-a25d-b3323e5bc352\data\admdb.sqlite
[2025-10-23 11:38:55] WARN: Could not read param for rate limit, using default. Error: {}
[2025-10-23 11:38:55] INFO: INI ALAMAT TABLENYA :  D:\Work\Mii\TEMPLATES\ssrtemplates\.angular\prerender-root\df0419e4-6c27-4da2-957e-b965fac370db\data\admdb.sqlite
[2025-10-23 11:38:55] WARN: Could not read param for rate limit, using default. Error: {}
[2025-10-23 11:38:55] INFO: INI ALAMAT TABLENYA :  D:\Work\Mii\TEMPLATES\ssrtemplates\.angular\prerender-root\ecb297d5-fc4a-4340-93bd-aa2a2a400fe7\data\admdb.sqlite
[2025-10-23 11:38:55] WARN: Could not read param for rate limit, using default. Error: {}
[2025-10-23 11:39:02] INFO: INI ALAMAT TABLENYA :  D:\Work\Mii\TEMPLATES\ssrtemplates\dist\ssrtemplates\server\data\admdb.sqlite
[2025-10-23 11:39:02] INFO: login limiter max set to 3
[2025-10-23 11:40:00] INFO: INI ALAMAT TABLENYA :  D:\Work\Mii\TEMPLATES\ssrtemplates\.angular\prerender-root\6d2d3bf6-1af3-4753-bcb9-1ca1c2bcedd2\data\admdb.sqlite
[2025-10-23 11:40:00] WARN: Could not read param for rate limit, using default. Error: {}
[2025-10-23 11:40:01] INFO: INI ALAMAT TABLENYA :  D:\Work\Mii\TEMPLATES\ssrtemplates\.angular\prerender-root\b0bf614e-c29c-4ac3-a73e-e2183b8b06dd\data\admdb.sqlite
[2025-10-23 11:40:01] WARN: Could not read param for rate limit, using default. Error: {}
[2025-10-23 11:40:01] INFO: INI ALAMAT TABLENYA :  D:\Work\Mii\TEMPLATES\ssrtemplates\.angular\prerender-root\8762c1f7-d5db-4661-a5ab-09961dcbab84\data\admdb.sqlite
[2025-10-23 11:40:01] WARN: Could not read param for rate limit, using default. Error: {}
[2025-10-23 11:40:01] INFO: INI ALAMAT TABLENYA :  D:\Work\Mii\TEMPLATES\ssrtemplates\.angular\prerender-root\87892f17-80a5-44be-acd2-0b2d2db7ed76\data\admdb.sqlite
[2025-10-23 11:40:01] WARN: Could not read param for rate limit, using default. Error: {}
[2025-10-23 11:40:01] INFO: INI ALAMAT TABLENYA :  D:\Work\Mii\TEMPLATES\ssrtemplates\.angular\prerender-root\56dad25f-5f0e-461c-b70a-43defc525702\data\admdb.sqlite
[2025-10-23 11:40:01] WARN: Could not read param for rate limit, using default. Error: {}
[2025-10-23 11:40:14] INFO: INI ALAMAT TABLENYA :  D:\Work\Mii\TEMPLATES\ssrtemplates\dist\ssrtemplates\server\data\admdb.sqlite
[2025-10-23 11:40:15] INFO: login limiter max set to 3
[2025-10-23 11:42:37] INFO: INI ALAMAT TABLENYA :  D:\Work\Mii\TEMPLATES\ssrtemplates\.angular\prerender-root\5d3dcd29-a0b7-4226-9b55-37498c92c2b4\data\admdb.sqlite
[2025-10-23 11:42:37] WARN: Could not read param for rate limit, using default. Error: {}
[2025-10-23 11:42:42] INFO: INI ALAMAT TABLENYA :  D:\Work\Mii\TEMPLATES\ssrtemplates\.angular\prerender-root\81bcf507-4c8f-4d0f-94c9-5ca6c7f0505c\data\admdb.sqlite
[2025-10-23 11:42:42] WARN: Could not read param for rate limit, using default. Error: {}
[2025-10-23 11:42:42] INFO: INI ALAMAT TABLENYA :  D:\Work\Mii\TEMPLATES\ssrtemplates\.angular\prerender-root\105d513f-e15b-47f2-a69a-d33e6882bf21\data\admdb.sqlite
[2025-10-23 11:42:42] WARN: Could not read param for rate limit, using default. Error: {}
[2025-10-23 11:42:42] INFO: INI ALAMAT TABLENYA :  D:\Work\Mii\TEMPLATES\ssrtemplates\.angular\prerender-root\e43c0335-998c-4a71-80f8-d7423c728696\data\admdb.sqlite
[2025-10-23 11:42:42] WARN: Could not read param for rate limit, using default. Error: {}
[2025-10-23 11:42:42] INFO: INI ALAMAT TABLENYA :  D:\Work\Mii\TEMPLATES\ssrtemplates\.angular\prerender-root\e22edcdc-603b-4052-8ea1-37a8405c64df\data\admdb.sqlite
[2025-10-23 11:42:42] WARN: Could not read param for rate limit, using default. Error: {}
[2025-10-23 11:42:52] INFO: INI ALAMAT TABLENYA :  D:\Work\Mii\TEMPLATES\ssrtemplates\dist\ssrtemplates\server\data\admdb.sqlite
[2025-10-23 11:42:52] INFO: login limiter max set to 3
[2025-10-23 11:49:59] INFO: INI ALAMAT TABLENYA :  D:\Work\Mii\TEMPLATES\ssrtemplates\.angular\prerender-root\09bcf82a-110b-418d-8298-b45731d88ebf\data\admdb.sqlite
[2025-10-23 11:49:59] WARN: Could not read param for rate limit, using default. Error: {}
[2025-10-23 11:50:01] INFO: INI ALAMAT TABLENYA :  D:\Work\Mii\TEMPLATES\ssrtemplates\.angular\prerender-root\6eb26a6b-b935-4d24-b14d-2e6b89613707\data\admdb.sqlite
[2025-10-23 11:50:01] WARN: Could not read param for rate limit, using default. Error: {}
[2025-10-23 11:50:01] INFO: INI ALAMAT TABLENYA :  D:\Work\Mii\TEMPLATES\ssrtemplates\.angular\prerender-root\4ea9c527-07fa-4734-9a3c-0475f6488a61\data\admdb.sqlite
[2025-10-23 11:50:01] WARN: Could not read param for rate limit, using default. Error: {}
[2025-10-23 11:50:01] INFO: INI ALAMAT TABLENYA :  D:\Work\Mii\TEMPLATES\ssrtemplates\.angular\prerender-root\92fe9a35-392b-4861-83d9-f190be847d93\data\admdb.sqlite
[2025-10-23 11:50:01] WARN: Could not read param for rate limit, using default. Error: {}
[2025-10-23 11:50:01] INFO: INI ALAMAT TABLENYA :  D:\Work\Mii\TEMPLATES\ssrtemplates\.angular\prerender-root\7bf2df58-1561-4bba-bfa2-c10fab1275ae\data\admdb.sqlite
[2025-10-23 11:50:01] WARN: Could not read param for rate limit, using default. Error: {}
[2025-10-23 11:50:11] INFO: INI ALAMAT TABLENYA :  D:\Work\Mii\TEMPLATES\ssrtemplates\dist\ssrtemplates\server\data\admdb.sqlite
[2025-10-23 11:50:11] INFO: login limiter max set to 3
[2025-10-23 11:50:47] INFO: INI ALAMAT TABLENYA :  D:\Work\Mii\TEMPLATES\ssrtemplates\.angular\prerender-root\beaecfaa-5395-4a10-ab7a-ee12169b93c3\data\admdb.sqlite
[2025-10-23 11:50:47] WARN: Could not read param for rate limit, using default. Error: {}
[2025-10-23 11:50:49] INFO: INI ALAMAT TABLENYA :  D:\Work\Mii\TEMPLATES\ssrtemplates\.angular\prerender-root\fd15c540-c61c-41be-a66e-9d421b38e824\data\admdb.sqlite
[2025-10-23 11:50:49] INFO: INI ALAMAT TABLENYA :  D:\Work\Mii\TEMPLATES\ssrtemplates\.angular\prerender-root\2865c8d3-0bd5-466f-ba49-3c0d3b4fb6f0\data\admdb.sqlite
[2025-10-23 11:50:49] WARN: Could not read param for rate limit, using default. Error: {}
[2025-10-23 11:50:49] WARN: Could not read param for rate limit, using default. Error: {}
[2025-10-23 11:50:49] INFO: INI ALAMAT TABLENYA :  D:\Work\Mii\TEMPLATES\ssrtemplates\.angular\prerender-root\423d77c5-8f34-4c6a-a87b-a622b6094c48\data\admdb.sqlite
[2025-10-23 11:50:49] WARN: Could not read param for rate limit, using default. Error: {}
[2025-10-23 11:50:49] INFO: INI ALAMAT TABLENYA :  D:\Work\Mii\TEMPLATES\ssrtemplates\.angular\prerender-root\fe4f8fc4-fdf2-426f-91f9-a13fa2b0e7ff\data\admdb.sqlite
[2025-10-23 11:50:49] WARN: Could not read param for rate limit, using default. Error: {}
[2025-10-23 11:51:31] INFO: INI ALAMAT TABLENYA :  D:\Work\Mii\TEMPLATES\ssrtemplates\.angular\prerender-root\d09dda8b-f673-49a7-a167-f6fc960e9065\data\admdb.sqlite
[2025-10-23 11:51:31] WARN: Could not read param for rate limit, using default. Error: {}
[2025-10-23 11:51:33] INFO: INI ALAMAT TABLENYA :  D:\Work\Mii\TEMPLATES\ssrtemplates\.angular\prerender-root\5e04d4a4-5b48-4281-9bbc-f1c90d757214\data\admdb.sqlite
[2025-10-23 11:51:33] WARN: Could not read param for rate limit, using default. Error: {}
[2025-10-23 11:51:33] INFO: INI ALAMAT TABLENYA :  D:\Work\Mii\TEMPLATES\ssrtemplates\.angular\prerender-root\a9e4d6b6-3bcf-4ae8-9529-9643facfa066\data\admdb.sqlite
[2025-10-23 11:51:33] WARN: Could not read param for rate limit, using default. Error: {}
[2025-10-23 11:51:33] INFO: INI ALAMAT TABLENYA :  D:\Work\Mii\TEMPLATES\ssrtemplates\.angular\prerender-root\2d09ee89-898d-48eb-872c-8c7a0f6e89d1\data\admdb.sqlite
[2025-10-23 11:51:33] WARN: Could not read param for rate limit, using default. Error: {}
[2025-10-23 11:51:33] INFO: INI ALAMAT TABLENYA :  D:\Work\Mii\TEMPLATES\ssrtemplates\.angular\prerender-root\f0fdc34a-73e5-4ad2-8d84-2be241bef6ba\data\admdb.sqlite
[2025-10-23 11:51:33] WARN: Could not read param for rate limit, using default. Error: {}
[2025-10-23 11:51:40] INFO: INI ALAMAT TABLENYA :  D:\Work\Mii\TEMPLATES\ssrtemplates\dist\ssrtemplates\server\data\admdb.sqlite
[2025-10-23 11:51:40] INFO: login limiter max set to 3
[2025-10-23 11:52:41] INFO: INI ALAMAT TABLENYA :  D:\Work\Mii\TEMPLATES\ssrtemplates\.angular\prerender-root\0061bfb6-4676-4d5b-91d0-c89019db3eb8\data\admdb.sqlite
[2025-10-23 11:52:41] WARN: Could not read param for rate limit, using default. Error: {}
[2025-10-23 11:52:43] INFO: INI ALAMAT TABLENYA :  D:\Work\Mii\TEMPLATES\ssrtemplates\.angular\prerender-root\aaf86c45-4f56-4dba-aae3-e360f579c404\data\admdb.sqlite
[2025-10-23 11:52:43] WARN: Could not read param for rate limit, using default. Error: {}
[2025-10-23 11:52:43] INFO: INI ALAMAT TABLENYA :  D:\Work\Mii\TEMPLATES\ssrtemplates\.angular\prerender-root\4ef39cee-8d49-4a15-8429-bc35edec5f34\data\admdb.sqlite
[2025-10-23 11:52:43] WARN: Could not read param for rate limit, using default. Error: {}
[2025-10-23 11:52:43] INFO: INI ALAMAT TABLENYA :  D:\Work\Mii\TEMPLATES\ssrtemplates\.angular\prerender-root\43de3b24-c2c1-44f8-9672-d440c140710c\data\admdb.sqlite
[2025-10-23 11:52:43] WARN: Could not read param for rate limit, using default. Error: {}
[2025-10-23 11:52:43] INFO: INI ALAMAT TABLENYA :  D:\Work\Mii\TEMPLATES\ssrtemplates\.angular\prerender-root\766999d1-a671-4ac8-9721-574d3b14b327\data\admdb.sqlite
[2025-10-23 11:52:43] WARN: Could not read param for rate limit, using default. Error: {}
[2025-10-23 11:52:51] INFO: INI ALAMAT TABLENYA :  D:\Work\Mii\TEMPLATES\ssrtemplates\dist\ssrtemplates\server\data\admdb.sqlite
[2025-10-23 11:52:51] INFO: login limiter max set to 3
[2025-10-23 11:53:28] INFO: INI ALAMAT TABLENYA :  D:\Work\Mii\TEMPLATES\ssrtemplates\.angular\prerender-root\52922e00-e5ba-4567-a5cc-2fc9c40c3088\data\admdb.sqlite
[2025-10-23 11:53:28] WARN: Could not read param for rate limit, using default. Error: {}
[2025-10-23 11:53:29] INFO: INI ALAMAT TABLENYA :  D:\Work\Mii\TEMPLATES\ssrtemplates\.angular\prerender-root\a76c7dbd-c44d-4a17-ae4f-c159ebc5447d\data\admdb.sqlite
[2025-10-23 11:53:29] WARN: Could not read param for rate limit, using default. Error: {}
[2025-10-23 11:53:29] INFO: INI ALAMAT TABLENYA :  D:\Work\Mii\TEMPLATES\ssrtemplates\.angular\prerender-root\5a952969-716e-47ce-b21d-eb45e4f0e9ad\data\admdb.sqlite
[2025-10-23 11:53:29] WARN: Could not read param for rate limit, using default. Error: {}
[2025-10-23 11:53:29] INFO: INI ALAMAT TABLENYA :  D:\Work\Mii\TEMPLATES\ssrtemplates\.angular\prerender-root\c6982497-77d0-4efc-adcb-3c8103295e4d\data\admdb.sqlite
[2025-10-23 11:53:29] WARN: Could not read param for rate limit, using default. Error: {}
[2025-10-23 11:53:29] INFO: INI ALAMAT TABLENYA :  D:\Work\Mii\TEMPLATES\ssrtemplates\.angular\prerender-root\e0e475c0-9282-4929-ab78-209be31dea89\data\admdb.sqlite
[2025-10-23 11:53:29] WARN: Could not read param for rate limit, using default. Error: {}
[2025-10-23 11:53:38] INFO: INI ALAMAT TABLENYA :  D:\Work\Mii\TEMPLATES\ssrtemplates\dist\ssrtemplates\server\data\admdb.sqlite
[2025-10-23 11:53:38] INFO: login limiter max set to 3
[2025-10-23 11:54:06] INFO: INI ALAMAT TABLENYA :  D:\Work\Mii\TEMPLATES\ssrtemplates\.angular\prerender-root\33f89533-fc6e-46aa-bc3b-1d00a2523146\data\admdb.sqlite
[2025-10-23 11:54:06] WARN: Could not read param for rate limit, using default. Error: {}
[2025-10-23 11:54:08] INFO: INI ALAMAT TABLENYA :  D:\Work\Mii\TEMPLATES\ssrtemplates\.angular\prerender-root\a63a86fe-2313-466e-9f79-272e6e665932\data\admdb.sqlite
[2025-10-23 11:54:08] WARN: Could not read param for rate limit, using default. Error: {}
[2025-10-23 11:54:08] INFO: INI ALAMAT TABLENYA :  D:\Work\Mii\TEMPLATES\ssrtemplates\.angular\prerender-root\73c45d7d-181c-4a4c-bbf1-94fce748b337\data\admdb.sqlite
[2025-10-23 11:54:08] WARN: Could not read param for rate limit, using default. Error: {}
[2025-10-23 11:54:08] INFO: INI ALAMAT TABLENYA :  D:\Work\Mii\TEMPLATES\ssrtemplates\.angular\prerender-root\08e72c4d-859b-41c7-b280-6afb313ac6f6\data\admdb.sqlite
[2025-10-23 11:54:08] WARN: Could not read param for rate limit, using default. Error: {}
[2025-10-23 11:54:08] INFO: INI ALAMAT TABLENYA :  D:\Work\Mii\TEMPLATES\ssrtemplates\.angular\prerender-root\7bc7d74b-fb16-4ec9-bb91-a7d612349487\data\admdb.sqlite
[2025-10-23 11:54:08] WARN: Could not read param for rate limit, using default. Error: {}
[2025-10-23 11:54:15] INFO: INI ALAMAT TABLENYA :  D:\Work\Mii\TEMPLATES\ssrtemplates\dist\ssrtemplates\server\data\admdb.sqlite
[2025-10-23 11:54:15] INFO: login limiter max set to 3
[2025-10-23 11:54:38] INFO: INI ALAMAT TABLENYA :  D:\Work\Mii\TEMPLATES\ssrtemplates\.angular\prerender-root\d58cff58-e0ea-4d65-9f35-4b19de206b06\data\admdb.sqlite
[2025-10-23 11:54:38] WARN: Could not read param for rate limit, using default. Error: {}
[2025-10-23 11:54:40] INFO: INI ALAMAT TABLENYA :  D:\Work\Mii\TEMPLATES\ssrtemplates\.angular\prerender-root\38af5f3f-46ee-4e36-bf93-ac605e6f457b\data\admdb.sqlite
[2025-10-23 11:54:40] WARN: Could not read param for rate limit, using default. Error: {}
[2025-10-23 11:54:40] INFO: INI ALAMAT TABLENYA :  D:\Work\Mii\TEMPLATES\ssrtemplates\.angular\prerender-root\549a0d58-a391-4156-828a-96c4a3c6c999\data\admdb.sqlite
[2025-10-23 11:54:40] WARN: Could not read param for rate limit, using default. Error: {}
[2025-10-23 11:54:40] INFO: INI ALAMAT TABLENYA :  D:\Work\Mii\TEMPLATES\ssrtemplates\.angular\prerender-root\615dd939-2ef7-4371-a63c-c9f8fe205df5\data\admdb.sqlite
[2025-10-23 11:54:40] WARN: Could not read param for rate limit, using default. Error: {}
[2025-10-23 11:54:40] INFO: INI ALAMAT TABLENYA :  D:\Work\Mii\TEMPLATES\ssrtemplates\.angular\prerender-root\dcdcb25e-663e-4524-9694-0d04fbf1896d\data\admdb.sqlite
[2025-10-23 11:54:40] WARN: Could not read param for rate limit, using default. Error: {}
[2025-10-23 11:54:49] INFO: INI ALAMAT TABLENYA :  D:\Work\Mii\TEMPLATES\ssrtemplates\dist\ssrtemplates\server\data\admdb.sqlite
[2025-10-23 11:54:49] INFO: login limiter max set to 3
[2025-10-23 11:58:23] INFO: INI ALAMAT TABLENYA :  D:\Work\Mii\TEMPLATES\ssrtemplates\.angular\prerender-root\ab00327d-9a63-4a64-adae-b991d24abaef\data\admdb.sqlite
[2025-10-23 11:58:23] WARN: Could not read param for rate limit, using default. Error: {}
[2025-10-23 11:58:25] INFO: INI ALAMAT TABLENYA :  D:\Work\Mii\TEMPLATES\ssrtemplates\.angular\prerender-root\3c674b0c-c1f5-47d5-8e7a-ad755e55304f\data\admdb.sqlite
[2025-10-23 11:58:25] WARN: Could not read param for rate limit, using default. Error: {}
[2025-10-23 11:58:25] INFO: INI ALAMAT TABLENYA :  D:\Work\Mii\TEMPLATES\ssrtemplates\.angular\prerender-root\76b24f90-562d-45c9-b912-14011969d66f\data\admdb.sqlite
[2025-10-23 11:58:25] WARN: Could not read param for rate limit, using default. Error: {}
[2025-10-23 11:58:25] INFO: INI ALAMAT TABLENYA :  D:\Work\Mii\TEMPLATES\ssrtemplates\.angular\prerender-root\e9a4b3e4-5a22-4056-81d9-4a3991fd60d8\data\admdb.sqlite
[2025-10-23 11:58:25] WARN: Could not read param for rate limit, using default. Error: {}
[2025-10-23 11:58:25] INFO: INI ALAMAT TABLENYA :  D:\Work\Mii\TEMPLATES\ssrtemplates\.angular\prerender-root\e51af66d-cfdc-44bf-bbb3-dec992027b13\data\admdb.sqlite
[2025-10-23 11:58:25] WARN: Could not read param for rate limit, using default. Error: {}
[2025-10-23 11:58:32] INFO: INI ALAMAT TABLENYA :  D:\Work\Mii\TEMPLATES\ssrtemplates\dist\ssrtemplates\server\data\admdb.sqlite
[2025-10-23 11:58:32] INFO: login limiter max set to 3
[2025-10-23 12:00:49] INFO: INI ALAMAT TABLENYA :  D:\Work\Mii\TEMPLATES\ssrtemplates\.angular\prerender-root\eb5c5627-bedf-4f07-ac16-0b02207c7cbc\data\admdb.sqlite
[2025-10-23 12:00:49] WARN: Could not read param for rate limit, using default. Error: {}
[2025-10-23 12:00:51] INFO: INI ALAMAT TABLENYA :  D:\Work\Mii\TEMPLATES\ssrtemplates\.angular\prerender-root\97ff4574-4570-4101-8627-1b4a0174abcf\data\admdb.sqlite
[2025-10-23 12:00:51] WARN: Could not read param for rate limit, using default. Error: {}
[2025-10-23 12:00:51] INFO: INI ALAMAT TABLENYA :  D:\Work\Mii\TEMPLATES\ssrtemplates\.angular\prerender-root\0d864565-ad6d-47e6-9188-3e89dac4c6d5\data\admdb.sqlite
[2025-10-23 12:00:51] WARN: Could not read param for rate limit, using default. Error: {}
[2025-10-23 12:00:51] INFO: INI ALAMAT TABLENYA :  D:\Work\Mii\TEMPLATES\ssrtemplates\.angular\prerender-root\aee6db0f-921f-4bae-a7a9-8b6a9b7786d6\data\admdb.sqlite
[2025-10-23 12:00:51] WARN: Could not read param for rate limit, using default. Error: {}
[2025-10-23 12:00:51] INFO: INI ALAMAT TABLENYA :  D:\Work\Mii\TEMPLATES\ssrtemplates\.angular\prerender-root\6c66eb69-3a5c-409a-b758-f605e4f0b7b9\data\admdb.sqlite
[2025-10-23 12:00:51] WARN: Could not read param for rate limit, using default. Error: {}
[2025-10-23 12:01:12] INFO: INI ALAMAT TABLENYA :  D:\Work\Mii\TEMPLATES\ssrtemplates\dist\ssrtemplates\server\data\admdb.sqlite
[2025-10-23 12:01:12] INFO: login limiter max set to 3
[2025-10-23 12:05:07] INFO: INI ALAMAT TABLENYA :  D:\Work\Mii\TEMPLATES\ssrtemplates\.angular\prerender-root\e12b7691-84cc-4df1-bcab-c464da21cbd1\data\admdb.sqlite
[2025-10-23 12:05:07] WARN: Could not read param for rate limit, using default. Error: {}
[2025-10-23 12:05:09] INFO: INI ALAMAT TABLENYA :  D:\Work\Mii\TEMPLATES\ssrtemplates\.angular\prerender-root\4d35ac92-68a7-4aae-b75b-4610ac6afe7a\data\admdb.sqlite
[2025-10-23 12:05:09] WARN: Could not read param for rate limit, using default. Error: {}
[2025-10-23 12:05:09] INFO: INI ALAMAT TABLENYA :  D:\Work\Mii\TEMPLATES\ssrtemplates\.angular\prerender-root\c2ee0c61-3180-4f36-b68e-d3a06d45401d\data\admdb.sqlite
[2025-10-23 12:05:09] WARN: Could not read param for rate limit, using default. Error: {}
[2025-10-23 12:05:09] INFO: INI ALAMAT TABLENYA :  D:\Work\Mii\TEMPLATES\ssrtemplates\.angular\prerender-root\a41cadd3-9652-4022-b7ce-5e97900955ef\data\admdb.sqlite
[2025-10-23 12:05:09] WARN: Could not read param for rate limit, using default. Error: {}
[2025-10-23 12:05:09] INFO: INI ALAMAT TABLENYA :  D:\Work\Mii\TEMPLATES\ssrtemplates\.angular\prerender-root\1e1ee984-3073-43be-bfc1-2d06ef46c07a\data\admdb.sqlite
[2025-10-23 12:05:09] WARN: Could not read param for rate limit, using default. Error: {}
[2025-10-23 12:05:16] INFO: INI ALAMAT TABLENYA :  D:\Work\Mii\TEMPLATES\ssrtemplates\dist\ssrtemplates\server\data\admdb.sqlite
[2025-10-23 12:05:16] INFO: login limiter max set to 3
[2025-10-23 12:05:52] INFO: INI ALAMAT TABLENYA :  D:\Work\Mii\TEMPLATES\ssrtemplates\.angular\prerender-root\217fd57e-aa6c-4290-a41a-424bfa2268d5\data\admdb.sqlite
[2025-10-23 12:05:52] WARN: Could not read param for rate limit, using default. Error: {}
[2025-10-23 12:05:54] INFO: INI ALAMAT TABLENYA :  D:\Work\Mii\TEMPLATES\ssrtemplates\.angular\prerender-root\c923a431-2801-495e-9588-af4f386156c1\data\admdb.sqlite
[2025-10-23 12:05:54] WARN: Could not read param for rate limit, using default. Error: {}
[2025-10-23 12:05:54] INFO: INI ALAMAT TABLENYA :  D:\Work\Mii\TEMPLATES\ssrtemplates\.angular\prerender-root\665ea773-9438-45fe-8b40-17196d5d0e53\data\admdb.sqlite
[2025-10-23 12:05:54] WARN: Could not read param for rate limit, using default. Error: {}
[2025-10-23 12:05:54] INFO: INI ALAMAT TABLENYA :  D:\Work\Mii\TEMPLATES\ssrtemplates\.angular\prerender-root\3a9083de-5dad-4cf3-afc9-1f96e869c167\data\admdb.sqlite
[2025-10-23 12:05:54] WARN: Could not read param for rate limit, using default. Error: {}
[2025-10-23 12:05:54] INFO: INI ALAMAT TABLENYA :  D:\Work\Mii\TEMPLATES\ssrtemplates\.angular\prerender-root\55275206-5df9-4c4a-86ed-5eb6777ae4b9\data\admdb.sqlite
[2025-10-23 12:05:54] WARN: Could not read param for rate limit, using default. Error: {}
[2025-10-23 12:06:01] INFO: INI ALAMAT TABLENYA :  D:\Work\Mii\TEMPLATES\ssrtemplates\dist\ssrtemplates\server\data\admdb.sqlite
[2025-10-23 12:06:01] INFO: login limiter max set to 3
[2025-10-23 12:07:33] INFO: INI ALAMAT TABLENYA :  D:\Work\Mii\TEMPLATES\ssrtemplates\.angular\prerender-root\3f796628-d415-4c5b-84c9-1fc4cb1afb8e\data\admdb.sqlite
[2025-10-23 12:07:33] WARN: Could not read param for rate limit, using default. Error: {}
[2025-10-23 12:07:35] INFO: INI ALAMAT TABLENYA :  D:\Work\Mii\TEMPLATES\ssrtemplates\.angular\prerender-root\33167c5a-9cdd-48fe-b3d3-e65b73796858\data\admdb.sqlite
[2025-10-23 12:07:35] WARN: Could not read param for rate limit, using default. Error: {}
[2025-10-23 12:07:35] INFO: INI ALAMAT TABLENYA :  D:\Work\Mii\TEMPLATES\ssrtemplates\.angular\prerender-root\ae3c151a-06a2-4009-bfdd-2903114aee85\data\admdb.sqlite
[2025-10-23 12:07:35] WARN: Could not read param for rate limit, using default. Error: {}
[2025-10-23 12:07:35] INFO: INI ALAMAT TABLENYA :  D:\Work\Mii\TEMPLATES\ssrtemplates\.angular\prerender-root\af762b47-6bd3-4dd5-9a3d-0457377df39a\data\admdb.sqlite
[2025-10-23 12:07:35] WARN: Could not read param for rate limit, using default. Error: {}
[2025-10-23 12:07:35] INFO: INI ALAMAT TABLENYA :  D:\Work\Mii\TEMPLATES\ssrtemplates\.angular\prerender-root\37b65884-a8b0-4f40-9157-7aa690342111\data\admdb.sqlite
[2025-10-23 12:07:35] WARN: Could not read param for rate limit, using default. Error: {}
[2025-10-23 12:07:42] INFO: INI ALAMAT TABLENYA :  D:\Work\Mii\TEMPLATES\ssrtemplates\dist\ssrtemplates\server\data\admdb.sqlite
[2025-10-23 12:07:42] INFO: login limiter max set to 3
[2025-10-23 12:10:49] INFO: INI ALAMAT TABLENYA :  D:\Work\Mii\TEMPLATES\ssrtemplates\.angular\prerender-root\d2457864-32d3-4085-b49d-a921ac13871f\data\admdb.sqlite
[2025-10-23 12:10:49] WARN: Could not read param for rate limit, using default. Error: {}
[2025-10-23 12:10:51] INFO: INI ALAMAT TABLENYA :  D:\Work\Mii\TEMPLATES\ssrtemplates\.angular\prerender-root\797497a1-714c-455c-884b-47084842c08c\data\admdb.sqlite
[2025-10-23 12:10:51] WARN: Could not read param for rate limit, using default. Error: {}
[2025-10-23 12:10:51] INFO: INI ALAMAT TABLENYA :  D:\Work\Mii\TEMPLATES\ssrtemplates\.angular\prerender-root\6c2e42a7-f42d-4ee5-85de-29971dca052f\data\admdb.sqlite
[2025-10-23 12:10:51] WARN: Could not read param for rate limit, using default. Error: {}
[2025-10-23 12:10:51] INFO: INI ALAMAT TABLENYA :  D:\Work\Mii\TEMPLATES\ssrtemplates\.angular\prerender-root\b0331164-844d-4374-a575-219d3689e4aa\data\admdb.sqlite
[2025-10-23 12:10:51] WARN: Could not read param for rate limit, using default. Error: {}
[2025-10-23 12:10:51] INFO: INI ALAMAT TABLENYA :  D:\Work\Mii\TEMPLATES\ssrtemplates\.angular\prerender-root\79cfc28e-231f-4717-bb29-5c6e9d8098c2\data\admdb.sqlite
[2025-10-23 12:10:51] WARN: Could not read param for rate limit, using default. Error: {}
[2025-10-23 12:10:58] INFO: INI ALAMAT TABLENYA :  D:\Work\Mii\TEMPLATES\ssrtemplates\dist\ssrtemplates\server\data\admdb.sqlite
[2025-10-23 12:10:58] INFO: login limiter max set to 3
[2025-10-23 12:11:26] INFO: INI ALAMAT TABLENYA :  D:\Work\Mii\TEMPLATES\ssrtemplates\.angular\prerender-root\3229cb12-651f-44a2-8d4d-27eef00a7814\data\admdb.sqlite
[2025-10-23 12:11:26] WARN: Could not read param for rate limit, using default. Error: {}
[2025-10-23 12:11:28] INFO: INI ALAMAT TABLENYA :  D:\Work\Mii\TEMPLATES\ssrtemplates\.angular\prerender-root\d8a6120e-f4a1-4db5-87bd-3ce78f87a87b\data\admdb.sqlite
[2025-10-23 12:11:28] WARN: Could not read param for rate limit, using default. Error: {}
[2025-10-23 12:11:28] INFO: INI ALAMAT TABLENYA :  D:\Work\Mii\TEMPLATES\ssrtemplates\.angular\prerender-root\a40f94b2-d358-4162-921a-5858bfb72f73\data\admdb.sqlite
[2025-10-23 12:11:28] WARN: Could not read param for rate limit, using default. Error: {}
[2025-10-23 12:11:28] INFO: INI ALAMAT TABLENYA :  D:\Work\Mii\TEMPLATES\ssrtemplates\.angular\prerender-root\64cb2987-dbba-4ff8-952a-789023f5612c\data\admdb.sqlite
[2025-10-23 12:11:28] WARN: Could not read param for rate limit, using default. Error: {}
[2025-10-23 12:11:28] INFO: INI ALAMAT TABLENYA :  D:\Work\Mii\TEMPLATES\ssrtemplates\.angular\prerender-root\b7836944-2ff9-4c1e-a1db-9077730e404d\data\admdb.sqlite
[2025-10-23 12:11:28] WARN: Could not read param for rate limit, using default. Error: {}
[2025-10-23 12:11:34] INFO: INI ALAMAT TABLENYA :  D:\Work\Mii\TEMPLATES\ssrtemplates\dist\ssrtemplates\server\data\admdb.sqlite
[2025-10-23 12:11:34] INFO: login limiter max set to 3
[2025-10-23 12:13:32] INFO: INI ALAMAT TABLENYA :  D:\Work\Mii\TEMPLATES\ssrtemplates\.angular\prerender-root\7abce615-05c5-4da5-887e-01c10109d336\data\admdb.sqlite
[2025-10-23 12:13:32] WARN: Could not read param for rate limit, using default. Error: {}
[2025-10-23 12:13:34] INFO: INI ALAMAT TABLENYA :  D:\Work\Mii\TEMPLATES\ssrtemplates\.angular\prerender-root\a327bf3e-9c0c-44bf-88b4-c17035a991ec\data\admdb.sqlite
[2025-10-23 12:13:34] WARN: Could not read param for rate limit, using default. Error: {}
[2025-10-23 12:13:34] INFO: INI ALAMAT TABLENYA :  D:\Work\Mii\TEMPLATES\ssrtemplates\.angular\prerender-root\de283100-3d52-45e6-8fbe-3ae8ef4564fa\data\admdb.sqlite
[2025-10-23 12:13:34] WARN: Could not read param for rate limit, using default. Error: {}
[2025-10-23 12:13:34] INFO: INI ALAMAT TABLENYA :  D:\Work\Mii\TEMPLATES\ssrtemplates\.angular\prerender-root\cfb968eb-aac7-43ac-b793-d19e5c9a04ae\data\admdb.sqlite
[2025-10-23 12:13:34] WARN: Could not read param for rate limit, using default. Error: {}
[2025-10-23 12:13:34] INFO: INI ALAMAT TABLENYA :  D:\Work\Mii\TEMPLATES\ssrtemplates\.angular\prerender-root\4df3ca78-0cd2-4a39-93b0-d65445e6e59c\data\admdb.sqlite
[2025-10-23 12:13:34] WARN: Could not read param for rate limit, using default. Error: {}
[2025-10-23 12:13:44] INFO: INI ALAMAT TABLENYA :  D:\Work\Mii\TEMPLATES\ssrtemplates\dist\ssrtemplates\server\data\admdb.sqlite
[2025-10-23 12:13:44] INFO: login limiter max set to 3
[2025-10-23 12:17:17] INFO: INI ALAMAT TABLENYA :  D:\Work\Mii\TEMPLATES\ssrtemplates\.angular\prerender-root\c875590d-349e-4d26-891c-041294cc0d87\data\admdb.sqlite
[2025-10-23 12:17:17] WARN: Could not read param for rate limit, using default. Error: {}
[2025-10-23 12:17:19] INFO: INI ALAMAT TABLENYA :  D:\Work\Mii\TEMPLATES\ssrtemplates\.angular\prerender-root\a018b2cb-541d-4c30-a198-5dcf009f8166\data\admdb.sqlite
[2025-10-23 12:17:19] WARN: Could not read param for rate limit, using default. Error: {}
[2025-10-23 12:17:19] INFO: INI ALAMAT TABLENYA :  D:\Work\Mii\TEMPLATES\ssrtemplates\.angular\prerender-root\6e58579e-ae7c-4ab5-9461-6adcb67e352d\data\admdb.sqlite
[2025-10-23 12:17:19] WARN: Could not read param for rate limit, using default. Error: {}
[2025-10-23 12:17:19] INFO: INI ALAMAT TABLENYA :  D:\Work\Mii\TEMPLATES\ssrtemplates\.angular\prerender-root\f0b1cd13-15d1-4a94-b8d9-b78e28b6e572\data\admdb.sqlite
[2025-10-23 12:17:19] WARN: Could not read param for rate limit, using default. Error: {}
[2025-10-23 12:17:19] INFO: INI ALAMAT TABLENYA :  D:\Work\Mii\TEMPLATES\ssrtemplates\.angular\prerender-root\5b2084b7-d59b-498c-91ed-3d47e6df5cd6\data\admdb.sqlite
[2025-10-23 12:17:19] WARN: Could not read param for rate limit, using default. Error: {}
[2025-10-23 12:19:01] INFO: INI ALAMAT TABLENYA :  D:\Work\Mii\TEMPLATES\ssrtemplates\.angular\prerender-root\7606d71a-fc7c-479f-8529-c8885a6a4097\data\admdb.sqlite
[2025-10-23 12:19:01] WARN: Could not read param for rate limit, using default. Error: {}
[2025-10-23 12:19:02] INFO: INI ALAMAT TABLENYA :  D:\Work\Mii\TEMPLATES\ssrtemplates\.angular\prerender-root\7ae3f01f-b5e9-4b0e-b1ee-8c7f250aed26\data\admdb.sqlite
[2025-10-23 12:19:02] WARN: Could not read param for rate limit, using default. Error: {}
[2025-10-23 12:19:02] INFO: INI ALAMAT TABLENYA :  D:\Work\Mii\TEMPLATES\ssrtemplates\.angular\prerender-root\bec1c303-3fe8-44f6-b1ef-252ab301ece9\data\admdb.sqlite
[2025-10-23 12:19:02] WARN: Could not read param for rate limit, using default. Error: {}
[2025-10-23 12:19:02] INFO: INI ALAMAT TABLENYA :  D:\Work\Mii\TEMPLATES\ssrtemplates\.angular\prerender-root\d1f23b6c-9668-4e61-a244-00c2065e59c7\data\admdb.sqlite
[2025-10-23 12:19:02] WARN: Could not read param for rate limit, using default. Error: {}
[2025-10-23 12:19:02] INFO: INI ALAMAT TABLENYA :  D:\Work\Mii\TEMPLATES\ssrtemplates\.angular\prerender-root\62141918-b76f-4450-b706-57159508712d\data\admdb.sqlite
[2025-10-23 12:19:02] WARN: Could not read param for rate limit, using default. Error: {}
[2025-10-23 12:19:15] INFO: INI ALAMAT TABLENYA :  D:\Work\Mii\TEMPLATES\ssrtemplates\dist\ssrtemplates\server\data\admdb.sqlite
[2025-10-23 12:19:15] INFO: login limiter max set to 3
