[2026-01-09 15:03:32] INFO: INI ALAMAT TABLENYA :  D:\Work\Mii\TEMPLATES\ssrtemplates\.angular\prerender-root\ec66d74a-b570-43c9-9a70-54c5d9f7b11e\data\admdb.sqlite
[2026-01-09 15:03:32] WARN: Could not read param for rate limit, using default. Error: {}
[2026-01-09 15:03:32] INFO: Node Express server listening on http://localhost:4000
[2026-01-09 15:03:34] INFO: INI ALAMAT TABLENYA :  D:\Work\Mii\TEMPLATES\ssrtemplates\.angular\prerender-root\52fb00e1-53ba-423a-92f7-e4251214331e\data\admdb.sqlite
[2026-01-09 15:03:34] WARN: Could not read param for rate limit, using default. Error: {}
[2026-01-09 15:03:34] INFO: Node Express server listening on http://localhost:4000
[2026-01-09 15:03:34] INFO: INI ALAMAT TABLENYA :  D:\Work\Mii\TEMPLATES\ssrtemplates\.angular\prerender-root\b7f039ae-9d79-4682-970d-a13c85c66a70\data\admdb.sqlite
[2026-01-09 15:03:34] WARN: Could not read param for rate limit, using default. Error: {}
[2026-01-09 15:03:34] INFO: INI ALAMAT TABLENYA :  D:\Work\Mii\TEMPLATES\ssrtemplates\.angular\prerender-root\baaf0d59-1ca1-4599-b47f-5f51e7f7bc0d\data\admdb.sqlite
[2026-01-09 15:03:34] WARN: Could not read param for rate limit, using default. Error: {}
[2026-01-09 15:03:34] INFO: INI ALAMAT TABLENYA :  D:\Work\Mii\TEMPLATES\ssrtemplates\.angular\prerender-root\bac38edd-795a-41cd-864f-457a906dd37e\data\admdb.sqlite
[2026-01-09 15:03:34] WARN: Could not read param for rate limit, using default. Error: {}
[2026-01-09 15:03:46] INFO: INI ALAMAT TABLENYA :  D:\Work\Mii\TEMPLATES\ssrtemplates\dist\ssrtemplates\server\data\admdb.sqlite
[2026-01-09 15:03:46] INFO: login limiter max set to 3
[2026-01-09 15:03:46] INFO: Node Express server listening on http://localhost:4000
[2026-01-09 15:07:13] INFO: INI ALAMAT TABLENYA :  D:\Work\Mii\TEMPLATES\ssrtemplates\.angular\prerender-root\be1d854f-6dd1-4b69-9a4b-f083f4f6f2e4\data\admdb.sqlite
[2026-01-09 15:07:13] WARN: Could not read param for rate limit, using default. Error: {}
[2026-01-09 15:07:13] INFO: Node Express server listening on http://localhost:4000
[2026-01-09 15:07:14] INFO: INI ALAMAT TABLENYA :  D:\Work\Mii\TEMPLATES\ssrtemplates\.angular\prerender-root\2811d5ab-5c0c-45d7-9fd6-0937a8114153\data\admdb.sqlite
[2026-01-09 15:07:14] WARN: Could not read param for rate limit, using default. Error: {}
[2026-01-09 15:07:14] INFO: Node Express server listening on http://localhost:4000
[2026-01-09 15:07:14] INFO: INI ALAMAT TABLENYA :  D:\Work\Mii\TEMPLATES\ssrtemplates\.angular\prerender-root\84459910-6b14-4a2a-85c3-aa80834273ce\data\admdb.sqlite
[2026-01-09 15:07:14] WARN: Could not read param for rate limit, using default. Error: {}
[2026-01-09 15:07:14] INFO: INI ALAMAT TABLENYA :  D:\Work\Mii\TEMPLATES\ssrtemplates\.angular\prerender-root\9bd9c349-e8c5-4ac1-b7c5-08548e9625ec\data\admdb.sqlite
[2026-01-09 15:07:14] WARN: Could not read param for rate limit, using default. Error: {}
[2026-01-09 15:07:14] INFO: INI ALAMAT TABLENYA :  D:\Work\Mii\TEMPLATES\ssrtemplates\.angular\prerender-root\5a13e5d4-1cce-4929-8c98-25083ef5cc00\data\admdb.sqlite
[2026-01-09 15:07:14] WARN: Could not read param for rate limit, using default. Error: {}
[2026-01-09 15:11:30] INFO: INI ALAMAT TABLENYA :  D:\Work\Mii\TEMPLATES\ssrtemplates\.angular\prerender-root\3ba817f9-bddb-4c5d-8b35-71e8229ebcb6\data\admdb.sqlite
[2026-01-09 15:11:30] WARN: Could not read param for rate limit, using default. Error: {}
[2026-01-09 15:11:30] INFO: Node Express server listening on http://localhost:4000
[2026-01-09 15:11:31] INFO: INI ALAMAT TABLENYA :  D:\Work\Mii\TEMPLATES\ssrtemplates\.angular\prerender-root\7abcad49-dcc5-4484-afe9-4c1bdd79d9c2\data\admdb.sqlite
[2026-01-09 15:11:31] WARN: Could not read param for rate limit, using default. Error: {}
[2026-01-09 15:11:31] INFO: INI ALAMAT TABLENYA :  D:\Work\Mii\TEMPLATES\ssrtemplates\.angular\prerender-root\eff1c7ca-0fc7-4a29-9b62-be4d0e76a2de\data\admdb.sqlite
[2026-01-09 15:11:31] WARN: Could not read param for rate limit, using default. Error: {}
[2026-01-09 15:11:31] INFO: Node Express server listening on http://localhost:4000
[2026-01-09 15:11:31] INFO: INI ALAMAT TABLENYA :  D:\Work\Mii\TEMPLATES\ssrtemplates\.angular\prerender-root\487ec284-3357-4d74-a659-d7a8d2769b52\data\admdb.sqlite
[2026-01-09 15:11:31] WARN: Could not read param for rate limit, using default. Error: {}
[2026-01-09 15:11:31] INFO: INI ALAMAT TABLENYA :  D:\Work\Mii\TEMPLATES\ssrtemplates\.angular\prerender-root\6d7d65ff-e6c3-4ef8-b4d5-2914ce165ae8\data\admdb.sqlite
[2026-01-09 15:11:31] WARN: Could not read param for rate limit, using default. Error: {}
[2026-01-09 15:14:48] INFO: INI ALAMAT TABLENYA :  D:\Work\Mii\TEMPLATES\ssrtemplates\dist\ssrtemplates\server\data\admdb.sqlite
[2026-01-09 15:14:48] INFO: login limiter max set to 3
[2026-01-09 15:14:48] INFO: Node Express server listening on http://localhost:4000
