[2025-10-02 14:11:07] INFO: INI ALAMAT TABLENYA :  D:\Work\Mii\TEMPLATES\ssrtemplates\.angular\prerender-root\dd3745e5-97f1-467d-8e72-5f23c3271d6c\data\admdb.sqlite
[2025-10-02 14:11:15] INFO: INI ALAMAT TABLENYA :  D:\Work\Mii\TEMPLATES\ssrtemplates\.angular\prerender-root\774e3499-3f73-4a13-8d27-828811b1a6b0\data\admdb.sqlite
[2025-10-02 14:11:15] INFO: INI ALAMAT TABLENYA :  D:\Work\Mii\TEMPLATES\ssrtemplates\.angular\prerender-root\c8521c8e-3e60-423c-82ed-17a18ea7c1e5\data\admdb.sqlite
[2025-10-02 14:11:15] INFO: INI ALAMAT TABLENYA :  D:\Work\Mii\TEMPLATES\ssrtemplates\.angular\prerender-root\984970db-9679-4adf-8093-161841362648\data\admdb.sqlite
[2025-10-02 14:11:15] INFO: INI ALAMAT TABLENYA :  D:\Work\Mii\TEMPLATES\ssrtemplates\.angular\prerender-root\84d76be6-efc0-4f9f-a972-da744d162b08\data\admdb.sqlite
[2025-10-02 14:11:39] INFO: INI ALAMAT TABLENYA :  D:\Work\Mii\TEMPLATES\ssrtemplates\dist\ssrtemplates\server\data\admdb.sqlite
[2025-10-02 14:51:13] INFO: INI ALAMAT TABLENYA :  D:\Work\Mii\TEMPLATES\ssrtemplates\.angular\prerender-root\88dfecf6-a793-49a9-8205-17a500640dd3\data\admdb.sqlite
[2025-10-02 14:51:15] INFO: INI ALAMAT TABLENYA :  D:\Work\Mii\TEMPLATES\ssrtemplates\.angular\prerender-root\7740a2be-5676-4f8e-9120-315061d6d984\data\admdb.sqlite
[2025-10-02 14:51:15] INFO: INI ALAMAT TABLENYA :  D:\Work\Mii\TEMPLATES\ssrtemplates\.angular\prerender-root\fe993789-c2d2-4fb9-a352-7890dae4656c\data\admdb.sqlite
[2025-10-02 14:51:15] INFO: INI ALAMAT TABLENYA :  D:\Work\Mii\TEMPLATES\ssrtemplates\.angular\prerender-root\f04b2b01-5f91-481b-8918-e5c76e6b26a5\data\admdb.sqlite
[2025-10-02 14:51:15] INFO: INI ALAMAT TABLENYA :  D:\Work\Mii\TEMPLATES\ssrtemplates\.angular\prerender-root\534bd036-da66-4904-997c-f3a3b88f2616\data\admdb.sqlite
[2025-10-02 14:52:53] INFO: INI ALAMAT TABLENYA :  D:\Work\Mii\TEMPLATES\ssrtemplates\dist\ssrtemplates\server\data\admdb.sqlite
[2025-10-02 14:57:35] INFO: INI ALAMAT TABLENYA :  D:\Work\Mii\TEMPLATES\ssrtemplates\.angular\prerender-root\86866870-af3c-4b35-9011-f3346fab47f8\data\admdb.sqlite
[2025-10-02 14:57:37] INFO: INI ALAMAT TABLENYA :  D:\Work\Mii\TEMPLATES\ssrtemplates\.angular\prerender-root\403e3f71-d292-401c-a09d-25a1f659d5a7\data\admdb.sqlite
[2025-10-02 14:57:37] INFO: INI ALAMAT TABLENYA :  D:\Work\Mii\TEMPLATES\ssrtemplates\.angular\prerender-root\afc5811a-6c3c-410b-a978-a56e0b3816ab\data\admdb.sqlite
[2025-10-02 14:57:37] INFO: INI ALAMAT TABLENYA :  D:\Work\Mii\TEMPLATES\ssrtemplates\.angular\prerender-root\d22e40b6-e4c5-4ac9-8d69-37d44aabeb81\data\admdb.sqlite
[2025-10-02 14:57:37] INFO: INI ALAMAT TABLENYA :  D:\Work\Mii\TEMPLATES\ssrtemplates\.angular\prerender-root\18a1b7d7-1769-4720-9f49-0be66fafec2a\data\admdb.sqlite
[2025-10-02 14:57:50] INFO: INI ALAMAT TABLENYA :  D:\Work\Mii\TEMPLATES\ssrtemplates\dist\ssrtemplates\server\data\admdb.sqlite
[2025-10-02 14:58:30] INFO: INI ALAMAT TABLENYA :  D:\Work\Mii\TEMPLATES\ssrtemplates\.angular\prerender-root\a69068fe-ee9b-4955-a827-3273efa7c6ac\data\admdb.sqlite
[2025-10-02 14:58:31] INFO: INI ALAMAT TABLENYA :  D:\Work\Mii\TEMPLATES\ssrtemplates\.angular\prerender-root\e65bc561-93b4-4afc-bfb5-53ad0d30162c\data\admdb.sqlite
[2025-10-02 14:58:31] INFO: INI ALAMAT TABLENYA :  D:\Work\Mii\TEMPLATES\ssrtemplates\.angular\prerender-root\5aabcc40-0088-4436-923e-30dc29e7a171\data\admdb.sqlite
[2025-10-02 14:58:31] INFO: INI ALAMAT TABLENYA :  D:\Work\Mii\TEMPLATES\ssrtemplates\.angular\prerender-root\e1d4b6ea-8bdb-4822-846f-f5db2e648eac\data\admdb.sqlite
[2025-10-02 14:58:31] INFO: INI ALAMAT TABLENYA :  D:\Work\Mii\TEMPLATES\ssrtemplates\.angular\prerender-root\d9574042-345a-46e4-ae07-1ce8071ff181\data\admdb.sqlite
[2025-10-02 14:58:39] INFO: INI ALAMAT TABLENYA :  D:\Work\Mii\TEMPLATES\ssrtemplates\dist\ssrtemplates\server\data\admdb.sqlite
[2025-10-02 19:13:27] INFO: INI ALAMAT TABLENYA :  D:\Work\Mii\TEMPLATES\ssrtemplates\dist\ssrtemplates\server\data\admdb.sqlite
[2025-10-02 19:17:21] INFO: INI ALAMAT TABLENYA :  D:\Work\Mii\TEMPLATES\ssrtemplates\.angular\prerender-root\db20c34d-edc4-4592-970f-1d6e312e1bc6\data\admdb.sqlite
[2025-10-02 19:17:36] INFO: INI ALAMAT TABLENYA :  D:\Work\Mii\TEMPLATES\ssrtemplates\.angular\prerender-root\6dfb31be-5f0c-4e81-abd9-45214692676a\data\admdb.sqlite
[2025-10-02 19:17:36] INFO: INI ALAMAT TABLENYA :  D:\Work\Mii\TEMPLATES\ssrtemplates\.angular\prerender-root\e7d72bdc-5ed1-483b-aacd-f48b9a0feed4\data\admdb.sqlite
[2025-10-02 19:17:36] INFO: INI ALAMAT TABLENYA :  D:\Work\Mii\TEMPLATES\ssrtemplates\.angular\prerender-root\394d85cd-5f85-4597-81fb-bd1ddb05fb83\data\admdb.sqlite
[2025-10-02 19:17:36] INFO: INI ALAMAT TABLENYA :  D:\Work\Mii\TEMPLATES\ssrtemplates\.angular\prerender-root\de8de719-4527-454f-a0aa-bd28c1c99e18\data\admdb.sqlite
[2025-10-02 19:19:47] INFO: INI ALAMAT TABLENYA :  D:\Work\Mii\TEMPLATES\ssrtemplates\.angular\prerender-root\c5004764-dd12-4b6f-98eb-55a14dd08305\data\admdb.sqlite
[2025-10-02 19:19:52] INFO: INI ALAMAT TABLENYA :  D:\Work\Mii\TEMPLATES\ssrtemplates\.angular\prerender-root\777beb9e-fe8e-4040-bab5-5386f4d97475\data\admdb.sqlite
[2025-10-02 19:19:52] INFO: INI ALAMAT TABLENYA :  D:\Work\Mii\TEMPLATES\ssrtemplates\.angular\prerender-root\0ae1d7f5-5420-44a6-a7eb-0028007c3216\data\admdb.sqlite
[2025-10-02 19:19:52] INFO: INI ALAMAT TABLENYA :  D:\Work\Mii\TEMPLATES\ssrtemplates\.angular\prerender-root\1c85010e-34a8-49e8-b549-bca9bee2adea\data\admdb.sqlite
[2025-10-02 19:19:52] INFO: INI ALAMAT TABLENYA :  D:\Work\Mii\TEMPLATES\ssrtemplates\.angular\prerender-root\c500a156-4c2b-4a39-9a86-ac432066eccc\data\admdb.sqlite
[2025-10-02 19:26:03] INFO: INI ALAMAT TABLENYA :  D:\Work\Mii\TEMPLATES\ssrtemplates\.angular\prerender-root\e222f12e-371a-4354-ad6c-d7aaee1bc016\data\admdb.sqlite
[2025-10-02 19:26:15] INFO: INI ALAMAT TABLENYA :  D:\Work\Mii\TEMPLATES\ssrtemplates\.angular\prerender-root\6c327b29-a8de-41f5-b679-a0909e9a2be9\data\admdb.sqlite
[2025-10-02 19:26:15] INFO: INI ALAMAT TABLENYA :  D:\Work\Mii\TEMPLATES\ssrtemplates\.angular\prerender-root\6fb478e7-e1ac-4f4c-b707-e473139664d6\data\admdb.sqlite
[2025-10-02 19:26:15] INFO: INI ALAMAT TABLENYA :  D:\Work\Mii\TEMPLATES\ssrtemplates\.angular\prerender-root\08b2f7d3-cb72-4c1a-9afa-e9fb624902f9\data\admdb.sqlite
[2025-10-02 19:26:15] INFO: INI ALAMAT TABLENYA :  D:\Work\Mii\TEMPLATES\ssrtemplates\.angular\prerender-root\ece71cc0-182b-4ce9-bbfa-220097126921\data\admdb.sqlite
[2025-10-02 19:54:34] INFO: INI ALAMAT TABLENYA :  D:\Work\Mii\TEMPLATES\ssrtemplates\.angular\prerender-root\b7d94d38-5221-4ced-852c-b9ddac58a691\data\admdb.sqlite
[2025-10-02 19:54:36] INFO: INI ALAMAT TABLENYA :  D:\Work\Mii\TEMPLATES\ssrtemplates\.angular\prerender-root\04075b0f-9e3e-487a-8393-4254b64ef4ab\data\admdb.sqlite
[2025-10-02 19:54:36] INFO: INI ALAMAT TABLENYA :  D:\Work\Mii\TEMPLATES\ssrtemplates\.angular\prerender-root\5076e18b-c3a6-451f-8bc6-75a17f760772\data\admdb.sqlite
[2025-10-02 19:54:36] INFO: INI ALAMAT TABLENYA :  D:\Work\Mii\TEMPLATES\ssrtemplates\.angular\prerender-root\734bf19b-e7c4-41b0-8344-229e69caf26c\data\admdb.sqlite
[2025-10-02 19:54:36] INFO: INI ALAMAT TABLENYA :  D:\Work\Mii\TEMPLATES\ssrtemplates\.angular\prerender-root\8ea163c7-9149-4d13-8724-2af1ec94ef5f\data\admdb.sqlite
[2025-10-02 19:54:50] INFO: INI ALAMAT TABLENYA :  D:\Work\Mii\TEMPLATES\ssrtemplates\dist\ssrtemplates\server\data\admdb.sqlite
[2025-10-02 19:55:54] INFO: INI ALAMAT TABLENYA :  D:\Work\Mii\TEMPLATES\ssrtemplates\.angular\prerender-root\6b508fc3-8030-4569-9002-c8da28a64f91\data\admdb.sqlite
[2025-10-02 19:55:56] INFO: INI ALAMAT TABLENYA :  D:\Work\Mii\TEMPLATES\ssrtemplates\.angular\prerender-root\5d3b03c4-fd46-4785-9e32-2a707119710e\data\admdb.sqlite
[2025-10-02 19:55:56] INFO: INI ALAMAT TABLENYA :  D:\Work\Mii\TEMPLATES\ssrtemplates\.angular\prerender-root\dbcda00b-0e8c-4ec6-bc9e-cf3d5747881c\data\admdb.sqlite
[2025-10-02 19:55:56] INFO: INI ALAMAT TABLENYA :  D:\Work\Mii\TEMPLATES\ssrtemplates\.angular\prerender-root\da940fd4-9c8d-4864-82b7-b992f0aa0fea\data\admdb.sqlite
[2025-10-02 19:55:56] INFO: INI ALAMAT TABLENYA :  D:\Work\Mii\TEMPLATES\ssrtemplates\.angular\prerender-root\a850a5b6-a9c3-4d7d-a6bc-1884b325199d\data\admdb.sqlite
[2025-10-02 19:56:09] INFO: INI ALAMAT TABLENYA :  D:\Work\Mii\TEMPLATES\ssrtemplates\dist\ssrtemplates\server\data\admdb.sqlite
[2025-10-02 19:58:53] INFO: INI ALAMAT TABLENYA :  D:\Work\Mii\TEMPLATES\ssrtemplates\.angular\prerender-root\c7f8f343-94d4-4220-aa42-7520bf8aac0f\data\admdb.sqlite
[2025-10-02 19:58:55] INFO: INI ALAMAT TABLENYA :  D:\Work\Mii\TEMPLATES\ssrtemplates\.angular\prerender-root\e27a4465-45cd-452b-836c-76e2e1694173\data\admdb.sqlite
[2025-10-02 19:58:55] INFO: INI ALAMAT TABLENYA :  D:\Work\Mii\TEMPLATES\ssrtemplates\.angular\prerender-root\ab098f46-9209-46b7-b4e5-dcc6a783aec6\data\admdb.sqlite
[2025-10-02 19:58:55] INFO: INI ALAMAT TABLENYA :  D:\Work\Mii\TEMPLATES\ssrtemplates\.angular\prerender-root\f6075c82-89e5-47f9-9055-0d97e7d672e9\data\admdb.sqlite
[2025-10-02 19:58:55] INFO: INI ALAMAT TABLENYA :  D:\Work\Mii\TEMPLATES\ssrtemplates\.angular\prerender-root\644cb222-edd1-4e48-8d40-13ce2eafab34\data\admdb.sqlite
[2025-10-02 19:59:32] INFO: INI ALAMAT TABLENYA :  D:\Work\Mii\TEMPLATES\ssrtemplates\.angular\prerender-root\3158dc46-f0ef-4243-a34b-f91c1a515703\data\admdb.sqlite
[2025-10-02 19:59:40] INFO: INI ALAMAT TABLENYA :  D:\Work\Mii\TEMPLATES\ssrtemplates\.angular\prerender-root\9caa8b23-38a8-4d98-82fc-c7132ad20590\data\admdb.sqlite
[2025-10-02 19:59:40] INFO: INI ALAMAT TABLENYA :  D:\Work\Mii\TEMPLATES\ssrtemplates\.angular\prerender-root\3159935a-90a6-4210-9a8e-8c1137613208\data\admdb.sqlite
[2025-10-02 19:59:40] INFO: INI ALAMAT TABLENYA :  D:\Work\Mii\TEMPLATES\ssrtemplates\.angular\prerender-root\920fc3db-ca00-45f2-ab99-706ea8a9d9e9\data\admdb.sqlite
[2025-10-02 19:59:40] INFO: INI ALAMAT TABLENYA :  D:\Work\Mii\TEMPLATES\ssrtemplates\.angular\prerender-root\45138c6d-335e-4e0f-aec8-878a26fb7597\data\admdb.sqlite
[2025-10-02 19:59:52] INFO: INI ALAMAT TABLENYA :  D:\Work\Mii\TEMPLATES\ssrtemplates\dist\ssrtemplates\server\data\admdb.sqlite
[2025-10-02 20:04:44] INFO: INI ALAMAT TABLENYA :  D:\Work\Mii\TEMPLATES\ssrtemplates\.angular\prerender-root\1443e268-c6c0-426f-8a6c-e88720aa1945\data\admdb.sqlite
[2025-10-02 20:04:46] INFO: INI ALAMAT TABLENYA :  D:\Work\Mii\TEMPLATES\ssrtemplates\.angular\prerender-root\98246343-fbc0-4cf6-8d6e-302fa4c72446\data\admdb.sqlite
[2025-10-02 20:04:46] INFO: INI ALAMAT TABLENYA :  D:\Work\Mii\TEMPLATES\ssrtemplates\.angular\prerender-root\c5ac8f7f-2688-40cf-9b9f-ff844717cdda\data\admdb.sqlite
[2025-10-02 20:04:46] INFO: INI ALAMAT TABLENYA :  D:\Work\Mii\TEMPLATES\ssrtemplates\.angular\prerender-root\1c682a60-b4a7-4f43-87dd-a52d505f6c3a\data\admdb.sqlite
[2025-10-02 20:04:46] INFO: INI ALAMAT TABLENYA :  D:\Work\Mii\TEMPLATES\ssrtemplates\.angular\prerender-root\d784c4c6-dc2a-4b7f-b8d4-67dc9d8a87f2\data\admdb.sqlite
[2025-10-02 20:04:57] INFO: INI ALAMAT TABLENYA :  D:\Work\Mii\TEMPLATES\ssrtemplates\dist\ssrtemplates\server\data\admdb.sqlite
[2025-10-02 20:16:10] INFO: INI ALAMAT TABLENYA :  D:\Work\Mii\TEMPLATES\ssrtemplates\.angular\prerender-root\240c522e-955c-407e-8f6c-d9e716e25013\data\admdb.sqlite
[2025-10-02 20:16:12] INFO: INI ALAMAT TABLENYA :  D:\Work\Mii\TEMPLATES\ssrtemplates\.angular\prerender-root\a719f813-3801-440e-9e77-d3ea0b1e42a8\data\admdb.sqlite
[2025-10-02 20:16:12] INFO: INI ALAMAT TABLENYA :  D:\Work\Mii\TEMPLATES\ssrtemplates\.angular\prerender-root\6ab36cf2-de10-40ea-97e1-766dde2d0898\data\admdb.sqlite
[2025-10-02 20:16:12] INFO: INI ALAMAT TABLENYA :  D:\Work\Mii\TEMPLATES\ssrtemplates\.angular\prerender-root\231fda75-6bb6-4aef-abcc-acd4964e4ec4\data\admdb.sqlite
[2025-10-02 20:16:12] INFO: INI ALAMAT TABLENYA :  D:\Work\Mii\TEMPLATES\ssrtemplates\.angular\prerender-root\cec2284c-428b-4ec4-b116-0ce959648f30\data\admdb.sqlite
[2025-10-02 20:16:26] INFO: INI ALAMAT TABLENYA :  D:\Work\Mii\TEMPLATES\ssrtemplates\dist\ssrtemplates\server\data\admdb.sqlite
[2025-10-02 20:18:32] INFO: INI ALAMAT TABLENYA :  D:\Work\Mii\TEMPLATES\ssrtemplates\.angular\prerender-root\240c2f0f-2a8f-490b-86ac-05979fc66f3a\data\admdb.sqlite
[2025-10-02 20:18:35] INFO: INI ALAMAT TABLENYA :  D:\Work\Mii\TEMPLATES\ssrtemplates\.angular\prerender-root\7f8e44c3-cd0c-4f3c-81f6-fc483d2203e8\data\admdb.sqlite
[2025-10-02 20:18:35] INFO: INI ALAMAT TABLENYA :  D:\Work\Mii\TEMPLATES\ssrtemplates\.angular\prerender-root\1ba69907-a059-4eb9-992d-e7cd4edce083\data\admdb.sqlite
[2025-10-02 20:18:35] INFO: INI ALAMAT TABLENYA :  D:\Work\Mii\TEMPLATES\ssrtemplates\.angular\prerender-root\fea04db6-3381-467d-8d43-866684fafd81\data\admdb.sqlite
[2025-10-02 20:18:35] INFO: INI ALAMAT TABLENYA :  D:\Work\Mii\TEMPLATES\ssrtemplates\.angular\prerender-root\9fb9bd1e-0f89-4c29-a751-27248b3054d8\data\admdb.sqlite
[2025-10-02 20:18:58] INFO: INI ALAMAT TABLENYA :  D:\Work\Mii\TEMPLATES\ssrtemplates\.angular\prerender-root\03dd2c84-3713-4a31-a55b-4dee66420e93\data\admdb.sqlite
[2025-10-02 20:19:00] INFO: INI ALAMAT TABLENYA :  D:\Work\Mii\TEMPLATES\ssrtemplates\.angular\prerender-root\f46b71cf-e80f-4a49-ac35-c6de5816e2d3\data\admdb.sqlite
[2025-10-02 20:19:00] INFO: INI ALAMAT TABLENYA :  D:\Work\Mii\TEMPLATES\ssrtemplates\.angular\prerender-root\c6c15306-a5f5-4a24-a409-6ed9cd63fb09\data\admdb.sqlite
[2025-10-02 20:19:00] INFO: INI ALAMAT TABLENYA :  D:\Work\Mii\TEMPLATES\ssrtemplates\.angular\prerender-root\06c89cad-3529-4f59-a41f-93ccd8e072e1\data\admdb.sqlite
[2025-10-02 20:19:00] INFO: INI ALAMAT TABLENYA :  D:\Work\Mii\TEMPLATES\ssrtemplates\.angular\prerender-root\cb3af82e-74d1-4d17-9367-ecb6ca6e8608\data\admdb.sqlite
[2025-10-02 20:20:26] INFO: INI ALAMAT TABLENYA :  D:\Work\Mii\TEMPLATES\ssrtemplates\dist\ssrtemplates\server\data\admdb.sqlite
[2025-10-02 20:20:46] INFO: DATABASE CONFIG :  {"config":{"client":"pg","condatabase":"ndp_proxy","conhost":"localhost","conport":5432,"conuser":"postgres","conpassword":"postgres","conoption":{}}}
[2025-10-02 21:03:02] INFO: INI ALAMAT TABLENYA :  D:\Work\Mii\TEMPLATES\ssrtemplates\.angular\prerender-root\318f4815-fbe4-4372-be57-09557665aa3a\data\admdb.sqlite
[2025-10-02 21:03:04] INFO: INI ALAMAT TABLENYA :  D:\Work\Mii\TEMPLATES\ssrtemplates\.angular\prerender-root\d2440866-5722-41b8-9efa-ca0c8ce617f4\data\admdb.sqlite
[2025-10-02 21:03:04] INFO: INI ALAMAT TABLENYA :  D:\Work\Mii\TEMPLATES\ssrtemplates\.angular\prerender-root\2bfcecb2-57da-4f0a-86c1-16cfb41c6785\data\admdb.sqlite
[2025-10-02 21:03:04] INFO: INI ALAMAT TABLENYA :  D:\Work\Mii\TEMPLATES\ssrtemplates\.angular\prerender-root\3e1cca8f-5dff-4904-a593-7df81f254f2a\data\admdb.sqlite
[2025-10-02 21:03:04] INFO: INI ALAMAT TABLENYA :  D:\Work\Mii\TEMPLATES\ssrtemplates\.angular\prerender-root\c868b333-851f-4373-9beb-db06091b86ac\data\admdb.sqlite
[2025-10-02 21:07:25] INFO: INI ALAMAT TABLENYA :  D:\Work\Mii\TEMPLATES\ssrtemplates\.angular\prerender-root\d5f44855-a73d-4ec5-a547-1d1daf527c36\data\admdb.sqlite
[2025-10-02 21:07:27] INFO: INI ALAMAT TABLENYA :  D:\Work\Mii\TEMPLATES\ssrtemplates\.angular\prerender-root\ee24ed65-199d-4765-9eb0-669e610eec0b\data\admdb.sqlite
[2025-10-02 21:07:27] INFO: INI ALAMAT TABLENYA :  D:\Work\Mii\TEMPLATES\ssrtemplates\.angular\prerender-root\3c8e5b9c-764d-478c-8ffd-ded90bde4d5b\data\admdb.sqlite
[2025-10-02 21:07:27] INFO: INI ALAMAT TABLENYA :  D:\Work\Mii\TEMPLATES\ssrtemplates\.angular\prerender-root\148d0332-bcf6-4220-9389-5019b6deccd4\data\admdb.sqlite
[2025-10-02 21:07:27] INFO: INI ALAMAT TABLENYA :  D:\Work\Mii\TEMPLATES\ssrtemplates\.angular\prerender-root\0bd35b49-d8a4-492a-8dc7-aa3c86817862\data\admdb.sqlite
[2025-10-02 21:07:39] INFO: INI ALAMAT TABLENYA :  D:\Work\Mii\TEMPLATES\ssrtemplates\dist\ssrtemplates\server\data\admdb.sqlite
[2025-10-02 21:08:30] INFO: DATABASE CONFIG :  {"config":{"client":"pg","condatabase":"ndp_proxy","conhost":"localhost","conport":5432,"conuser":"ndp_proxy","conpassword":"ndp_proxy","conoption":{}}}
[2025-10-02 21:08:30] ERROR: Error api.controller :  {}
[2025-10-02 21:10:01] INFO: INI ALAMAT TABLENYA :  D:\Work\Mii\TEMPLATES\ssrtemplates\.angular\prerender-root\8dc64dbc-8117-44cc-81dd-09cb88893fc6\data\admdb.sqlite
[2025-10-02 21:10:03] INFO: INI ALAMAT TABLENYA :  D:\Work\Mii\TEMPLATES\ssrtemplates\.angular\prerender-root\2aac0232-0c16-4bca-983d-ca845b9cc411\data\admdb.sqlite
[2025-10-02 21:10:03] INFO: INI ALAMAT TABLENYA :  D:\Work\Mii\TEMPLATES\ssrtemplates\.angular\prerender-root\c318bf1f-0c05-4660-ac5d-6c73451e075c\data\admdb.sqlite
[2025-10-02 21:10:03] INFO: INI ALAMAT TABLENYA :  D:\Work\Mii\TEMPLATES\ssrtemplates\.angular\prerender-root\934511d8-3b5e-4cf2-ae55-86c2346c0ac0\data\admdb.sqlite
[2025-10-02 21:10:03] INFO: INI ALAMAT TABLENYA :  D:\Work\Mii\TEMPLATES\ssrtemplates\.angular\prerender-root\27ec7150-0c9c-4d4c-a092-da30d27aa741\data\admdb.sqlite
[2025-10-02 21:10:14] INFO: INI ALAMAT TABLENYA :  D:\Work\Mii\TEMPLATES\ssrtemplates\dist\ssrtemplates\server\data\admdb.sqlite
[2025-10-02 21:11:00] INFO: DATABASE CONFIG :  {"config":{"client":"pg","condatabase":"ndb_proxy","conhost":"localhost","conport":5432,"conuser":"ndb_proxy","conpassword":"ndb_proxy","conoption":{}}}
[2025-10-02 21:11:00] ERROR: Error api.controller :  {}
[2025-10-02 21:13:01] INFO: INI ALAMAT TABLENYA :  D:\Work\Mii\TEMPLATES\ssrtemplates\.angular\prerender-root\66879baf-d112-4c06-b9a6-b1ac1c51fc60\data\admdb.sqlite
[2025-10-02 21:13:02] INFO: INI ALAMAT TABLENYA :  D:\Work\Mii\TEMPLATES\ssrtemplates\.angular\prerender-root\3b8fa4b3-2a44-4469-88f6-2903f2574f77\data\admdb.sqlite
[2025-10-02 21:13:02] INFO: INI ALAMAT TABLENYA :  D:\Work\Mii\TEMPLATES\ssrtemplates\.angular\prerender-root\9dc3a572-96fe-423d-a56c-5bc51ab5a36d\data\admdb.sqlite
[2025-10-02 21:13:02] INFO: INI ALAMAT TABLENYA :  D:\Work\Mii\TEMPLATES\ssrtemplates\.angular\prerender-root\5d39edfa-5617-4c10-8423-b04c44674cb6\data\admdb.sqlite
[2025-10-02 21:13:02] INFO: INI ALAMAT TABLENYA :  D:\Work\Mii\TEMPLATES\ssrtemplates\.angular\prerender-root\8cfb6de1-367d-41c6-b152-71c717154989\data\admdb.sqlite
[2025-10-02 21:13:09] INFO: INI ALAMAT TABLENYA :  D:\Work\Mii\TEMPLATES\ssrtemplates\dist\ssrtemplates\server\data\admdb.sqlite
[2025-10-02 21:13:36] INFO: DATABASE CONFIG :  {"config":{"client":"pg","condatabase":"ndb_proxy","conhost":"localhost","conport":5432,"conuser":"ndb_proxy","conpassword":"ndb_proxy","conoption":{}}}
[2025-10-02 21:20:58] INFO: INI ALAMAT TABLENYA :  D:\Work\Mii\TEMPLATES\ssrtemplates\.angular\prerender-root\2ca6d2e1-abc8-4f67-a393-8651de2b189d\data\admdb.sqlite
[2025-10-02 21:20:59] INFO: INI ALAMAT TABLENYA :  D:\Work\Mii\TEMPLATES\ssrtemplates\.angular\prerender-root\9c15328f-62b1-486c-a1ae-0c2d37e3227a\data\admdb.sqlite
[2025-10-02 21:20:59] INFO: INI ALAMAT TABLENYA :  D:\Work\Mii\TEMPLATES\ssrtemplates\.angular\prerender-root\951aae44-4ac3-4520-b509-d167a7833a14\data\admdb.sqlite
[2025-10-02 21:20:59] INFO: INI ALAMAT TABLENYA :  D:\Work\Mii\TEMPLATES\ssrtemplates\.angular\prerender-root\dc560d8a-aa82-4e39-b3bd-8ed7c771ad78\data\admdb.sqlite
[2025-10-02 21:20:59] INFO: INI ALAMAT TABLENYA :  D:\Work\Mii\TEMPLATES\ssrtemplates\.angular\prerender-root\54b9087a-9761-43f7-9a29-16317e995257\data\admdb.sqlite
[2025-10-02 21:28:02] INFO: INI ALAMAT TABLENYA :  D:\Work\Mii\TEMPLATES\ssrtemplates\.angular\prerender-root\e7c6f58f-8042-43f0-bf89-c5f833028046\data\admdb.sqlite
[2025-10-02 21:28:04] INFO: INI ALAMAT TABLENYA :  D:\Work\Mii\TEMPLATES\ssrtemplates\.angular\prerender-root\06cbe798-39ee-4238-b150-63aa359b8490\data\admdb.sqlite
[2025-10-02 21:28:04] INFO: INI ALAMAT TABLENYA :  D:\Work\Mii\TEMPLATES\ssrtemplates\.angular\prerender-root\7c27b9d4-9835-4669-8e6a-094173b783b3\data\admdb.sqlite
[2025-10-02 21:28:04] INFO: INI ALAMAT TABLENYA :  D:\Work\Mii\TEMPLATES\ssrtemplates\.angular\prerender-root\e0fa125d-c3a4-4251-856f-ee6315e90692\data\admdb.sqlite
[2025-10-02 21:28:04] INFO: INI ALAMAT TABLENYA :  D:\Work\Mii\TEMPLATES\ssrtemplates\.angular\prerender-root\1a3d6dd5-20eb-4cc1-a80e-f36f310c17c3\data\admdb.sqlite
[2025-10-02 21:28:11] INFO: INI ALAMAT TABLENYA :  D:\Work\Mii\TEMPLATES\ssrtemplates\dist\ssrtemplates\server\data\admdb.sqlite
[2025-10-02 21:29:16] INFO: INI ALAMAT TABLENYA :  D:\Work\Mii\TEMPLATES\ssrtemplates\.angular\prerender-root\2a70bd0f-4fa2-4c01-95ff-90dfcb6eea73\data\admdb.sqlite
[2025-10-02 21:29:17] INFO: INI ALAMAT TABLENYA :  D:\Work\Mii\TEMPLATES\ssrtemplates\.angular\prerender-root\20a67116-433e-4a7a-8555-cd95cb041b35\data\admdb.sqlite
[2025-10-02 21:29:17] INFO: INI ALAMAT TABLENYA :  D:\Work\Mii\TEMPLATES\ssrtemplates\.angular\prerender-root\13ca4029-1649-4502-bbb9-b3ea9fed2452\data\admdb.sqlite
[2025-10-02 21:29:17] INFO: INI ALAMAT TABLENYA :  D:\Work\Mii\TEMPLATES\ssrtemplates\.angular\prerender-root\1b2c3220-2c0b-4619-ba31-471a419aa487\data\admdb.sqlite
[2025-10-02 21:29:17] INFO: INI ALAMAT TABLENYA :  D:\Work\Mii\TEMPLATES\ssrtemplates\.angular\prerender-root\aa915c94-75ca-4e14-be5b-42d509f79c17\data\admdb.sqlite
[2025-10-02 21:29:31] INFO: INI ALAMAT TABLENYA :  D:\Work\Mii\TEMPLATES\ssrtemplates\dist\ssrtemplates\server\data\admdb.sqlite
[2025-10-02 21:29:51] INFO: DATABASE CONFIG :  {"config":{"client":"pg","condatabase":"ndb_proxy","conhost":"localhost","conport":5432,"conuser":"ndp_proxy","conpassword":"ndp_proxy","conoption":{}}}
[2025-10-02 21:32:12] INFO: INI ALAMAT TABLENYA :  D:\Work\Mii\TEMPLATES\ssrtemplates\.angular\prerender-root\a461ca59-2487-4fc3-a1ac-767f82f4aeae\data\admdb.sqlite
[2025-10-02 21:32:13] INFO: INI ALAMAT TABLENYA :  D:\Work\Mii\TEMPLATES\ssrtemplates\.angular\prerender-root\767012fd-f805-402e-81d1-90f399834ec7\data\admdb.sqlite
[2025-10-02 21:32:13] INFO: INI ALAMAT TABLENYA :  D:\Work\Mii\TEMPLATES\ssrtemplates\.angular\prerender-root\856464b0-bbe4-44b6-a8fd-cd9b03478995\data\admdb.sqlite
[2025-10-02 21:32:13] INFO: INI ALAMAT TABLENYA :  D:\Work\Mii\TEMPLATES\ssrtemplates\.angular\prerender-root\c131bcb7-3a0f-453b-8584-2f1616953fb6\data\admdb.sqlite
[2025-10-02 21:32:13] INFO: INI ALAMAT TABLENYA :  D:\Work\Mii\TEMPLATES\ssrtemplates\.angular\prerender-root\2e104e76-55a7-4407-9e0b-9ab6829e9494\data\admdb.sqlite
[2025-10-02 21:32:22] INFO: INI ALAMAT TABLENYA :  D:\Work\Mii\TEMPLATES\ssrtemplates\dist\ssrtemplates\server\data\admdb.sqlite
[2025-10-02 21:32:46] INFO: DATABASE CONFIG :  {"config":{"client":"pg","condatabase":"ndb_proxy","conhost":"localhost","conport":5432,"conuser":"ndb_proxy","conpassword":"ndp_proxy","conoption":{}}}
[2025-10-02 21:32:58] INFO: DATABASE CONFIG :  {"config":{"client":"pg","condatabase":"ndb_proxy","conhost":"localhost","conport":5432,"conuser":"ndb_proxy","conpassword":"ndb_proxy","conoption":{}}}
[2025-10-02 21:36:16] INFO: INI ALAMAT TABLENYA :  D:\Work\Mii\TEMPLATES\ssrtemplates\.angular\prerender-root\6ce1ff75-f459-4d69-b0c0-b08709317148\data\admdb.sqlite
[2025-10-02 21:36:18] INFO: INI ALAMAT TABLENYA :  D:\Work\Mii\TEMPLATES\ssrtemplates\.angular\prerender-root\1a9c5775-25cf-43ab-837b-1e08e739a98d\data\admdb.sqlite
[2025-10-02 21:36:18] INFO: INI ALAMAT TABLENYA :  D:\Work\Mii\TEMPLATES\ssrtemplates\.angular\prerender-root\a1a79854-13b5-4d13-a45f-8924c72da54c\data\admdb.sqlite
[2025-10-02 21:36:18] INFO: INI ALAMAT TABLENYA :  D:\Work\Mii\TEMPLATES\ssrtemplates\.angular\prerender-root\97f97382-a2e4-4db4-9337-e2adc62a6efe\data\admdb.sqlite
[2025-10-02 21:36:18] INFO: INI ALAMAT TABLENYA :  D:\Work\Mii\TEMPLATES\ssrtemplates\.angular\prerender-root\75169af8-a43b-4e20-8753-a850e67ec8eb\data\admdb.sqlite
[2025-10-02 21:36:25] INFO: INI ALAMAT TABLENYA :  D:\Work\Mii\TEMPLATES\ssrtemplates\dist\ssrtemplates\server\data\admdb.sqlite
[2025-10-02 21:36:41] INFO: DATABASE CONFIG :  {"config":{"client":"pg","condatabase":"ndb_proxy","conhost":"localhost","conport":5432,"conuser":"ndb_proxy","conpassword":"ndb_proxy","conoption":{}}}
[2025-10-02 21:38:26] INFO: INI ALAMAT TABLENYA :  D:\Work\Mii\TEMPLATES\ssrtemplates\.angular\prerender-root\8eef0d6f-fea7-4a6f-865d-056b76fa68a2\data\admdb.sqlite
[2025-10-02 21:38:27] INFO: INI ALAMAT TABLENYA :  D:\Work\Mii\TEMPLATES\ssrtemplates\.angular\prerender-root\e99ff8ee-2e7c-4cdc-a6ec-d330a00848c2\data\admdb.sqlite
[2025-10-02 21:38:27] INFO: INI ALAMAT TABLENYA :  D:\Work\Mii\TEMPLATES\ssrtemplates\.angular\prerender-root\4340be13-022d-4a40-8947-158622b9f93d\data\admdb.sqlite
[2025-10-02 21:38:27] INFO: INI ALAMAT TABLENYA :  D:\Work\Mii\TEMPLATES\ssrtemplates\.angular\prerender-root\383cb13d-fdf4-4182-b8ab-07ba54c84928\data\admdb.sqlite
[2025-10-02 21:38:27] INFO: INI ALAMAT TABLENYA :  D:\Work\Mii\TEMPLATES\ssrtemplates\.angular\prerender-root\26e44d66-e637-4b16-84a0-cc988955609d\data\admdb.sqlite
[2025-10-02 21:38:39] INFO: INI ALAMAT TABLENYA :  D:\Work\Mii\TEMPLATES\ssrtemplates\dist\ssrtemplates\server\data\admdb.sqlite
[2025-10-02 21:42:00] INFO: INI ALAMAT TABLENYA :  D:\Work\Mii\TEMPLATES\ssrtemplates\.angular\prerender-root\faa689cd-f59c-4952-aaef-46bff5d33970\data\admdb.sqlite
[2025-10-02 21:42:02] INFO: INI ALAMAT TABLENYA :  D:\Work\Mii\TEMPLATES\ssrtemplates\.angular\prerender-root\124fa487-d8ff-426a-9ea2-5bf6605cc50e\data\admdb.sqlite
[2025-10-02 21:42:02] INFO: INI ALAMAT TABLENYA :  D:\Work\Mii\TEMPLATES\ssrtemplates\.angular\prerender-root\702c2372-f96c-4d56-a30b-e4451805b032\data\admdb.sqlite
[2025-10-02 21:42:02] INFO: INI ALAMAT TABLENYA :  D:\Work\Mii\TEMPLATES\ssrtemplates\.angular\prerender-root\698c404c-32ad-4d0c-8d69-055adf41bd3f\data\admdb.sqlite
[2025-10-02 21:42:02] INFO: INI ALAMAT TABLENYA :  D:\Work\Mii\TEMPLATES\ssrtemplates\.angular\prerender-root\db59d643-a26c-4056-ad6e-c6d90a6a4db3\data\admdb.sqlite
[2025-10-02 21:42:08] INFO: INI ALAMAT TABLENYA :  D:\Work\Mii\TEMPLATES\ssrtemplates\dist\ssrtemplates\server\data\admdb.sqlite
[2025-10-02 21:42:40] INFO: DATABASE CONFIG :  {"config":{"client":"pg","condatabase":"ndb_proxy","conhost":"localhost","conport":5432,"conuser":"ndb_proxy","conpassword":"ndp_proxy","conoption":{}}}
[2025-10-02 21:43:12] INFO: DATABASE CONFIG :  {"config":{"client":"pg","condatabase":"ndb_proxy","conhost":"localhost","conport":5432,"conuser":"ndb_proxy","conpassword":"ndb_proxy","conoption":{}}}
[2025-10-02 21:54:14] INFO: INI ALAMAT TABLENYA :  D:\Work\Mii\TEMPLATES\ssrtemplates\.angular\prerender-root\58d05aba-8b9e-469f-86e2-33478292e90e\data\admdb.sqlite
[2025-10-02 21:54:15] INFO: INI ALAMAT TABLENYA :  D:\Work\Mii\TEMPLATES\ssrtemplates\.angular\prerender-root\776339a4-7fd7-4132-a860-deea5bfffd74\data\admdb.sqlite
[2025-10-02 21:54:15] INFO: INI ALAMAT TABLENYA :  D:\Work\Mii\TEMPLATES\ssrtemplates\.angular\prerender-root\ec27f549-864b-41a7-8a21-777f257dd246\data\admdb.sqlite
[2025-10-02 21:54:15] INFO: INI ALAMAT TABLENYA :  D:\Work\Mii\TEMPLATES\ssrtemplates\.angular\prerender-root\409cf225-ce4c-4131-b377-a5f5a4b078e5\data\admdb.sqlite
[2025-10-02 21:54:15] INFO: INI ALAMAT TABLENYA :  D:\Work\Mii\TEMPLATES\ssrtemplates\.angular\prerender-root\a4baa45f-2c4e-40d0-9be0-b8ea09662612\data\admdb.sqlite
[2025-10-02 21:54:22] INFO: INI ALAMAT TABLENYA :  D:\Work\Mii\TEMPLATES\ssrtemplates\dist\ssrtemplates\server\data\admdb.sqlite
[2025-10-02 21:54:43] INFO: Hasil dari param di cookie  {"id":13,"paramgroup":"GENERAL","paramkey":"cookietime","paramvalue":"15m"}
[2025-10-02 21:54:43] INFO: Hasil dari param di cookie  {"id":13,"paramgroup":"GENERAL","paramkey":"cookietime","paramvalue":"15m"}
[2025-10-02 21:56:20] INFO: INI ALAMAT TABLENYA :  D:\Work\Mii\TEMPLATES\ssrtemplates\.angular\prerender-root\6121cdb7-b54a-4858-9cdf-2794dc2c3cd7\data\admdb.sqlite
[2025-10-02 21:56:21] INFO: INI ALAMAT TABLENYA :  D:\Work\Mii\TEMPLATES\ssrtemplates\.angular\prerender-root\3499780a-c2f5-469d-b3b8-a96746854bca\data\admdb.sqlite
[2025-10-02 21:56:21] INFO: INI ALAMAT TABLENYA :  D:\Work\Mii\TEMPLATES\ssrtemplates\.angular\prerender-root\82aeea3a-5254-4f7d-a60d-40774ebf974d\data\admdb.sqlite
[2025-10-02 21:56:21] INFO: INI ALAMAT TABLENYA :  D:\Work\Mii\TEMPLATES\ssrtemplates\.angular\prerender-root\3f98d2de-ca6e-4c90-815a-100694b3d148\data\admdb.sqlite
[2025-10-02 21:56:21] INFO: INI ALAMAT TABLENYA :  D:\Work\Mii\TEMPLATES\ssrtemplates\.angular\prerender-root\efe26567-01f0-4729-a323-0197a45129c9\data\admdb.sqlite
[2025-10-02 21:56:28] INFO: INI ALAMAT TABLENYA :  D:\Work\Mii\TEMPLATES\ssrtemplates\dist\ssrtemplates\server\data\admdb.sqlite
[2025-10-02 21:56:39] INFO: Hasil dari param di cookie  {"id":13,"paramgroup":"GENERAL","paramkey":"cookietime","paramvalue":"15m"}
[2025-10-02 21:56:39] INFO: Hasil dari param di cookie  {"id":13,"paramgroup":"GENERAL","paramkey":"cookietime","paramvalue":"15m"}
[2025-10-02 21:58:48] INFO: DATABASE CONFIG :  {"config":{"client":"pg","condatabase":"ndb_proxy","conhost":"localhost","conport":5432,"conuser":"ndb_proxy","conpassword":"ndb_proxy","conoption":{}}}
[2025-10-02 22:17:29] INFO: INI ALAMAT TABLENYA :  D:\Work\Mii\TEMPLATES\ssrtemplates\.angular\prerender-root\cdaa2ff9-db47-4bf8-bde4-a9b015c99209\data\admdb.sqlite
[2025-10-02 22:17:30] INFO: INI ALAMAT TABLENYA :  D:\Work\Mii\TEMPLATES\ssrtemplates\.angular\prerender-root\a1021f59-e671-40bd-a9e4-32fd0ba1e2dd\data\admdb.sqlite
[2025-10-02 22:17:30] INFO: INI ALAMAT TABLENYA :  D:\Work\Mii\TEMPLATES\ssrtemplates\.angular\prerender-root\cc86e2bb-0b15-4e07-a382-66a8952c480f\data\admdb.sqlite
[2025-10-02 22:17:30] INFO: INI ALAMAT TABLENYA :  D:\Work\Mii\TEMPLATES\ssrtemplates\.angular\prerender-root\14863701-5fd0-4dba-95c7-7690c94a0f85\data\admdb.sqlite
[2025-10-02 22:17:30] INFO: INI ALAMAT TABLENYA :  D:\Work\Mii\TEMPLATES\ssrtemplates\.angular\prerender-root\2c37a586-8e7c-419b-a94c-0f61f77223bd\data\admdb.sqlite
[2025-10-02 22:17:38] INFO: INI ALAMAT TABLENYA :  D:\Work\Mii\TEMPLATES\ssrtemplates\dist\ssrtemplates\server\data\admdb.sqlite
[2025-10-02 22:17:45] INFO: Hasil dari param di cookie  {"id":13,"paramgroup":"GENERAL","paramkey":"cookietime","paramvalue":"15m"}
[2025-10-02 22:17:45] INFO: Hasil dari param di cookie  {"id":13,"paramgroup":"GENERAL","paramkey":"cookietime","paramvalue":"15m"}
[2025-10-02 22:18:00] INFO: DATABASE CONFIG :  {"config":{"client":"pg","condatabase":"ndb_proxy","conhost":"localhost","conport":5432,"conuser":"ndb_proxy","conpassword":"ndb_proxy","conoption":{}}}
[2025-10-02 22:18:24] INFO: INI ALAMAT TABLENYA :  D:\Work\Mii\TEMPLATES\ssrtemplates\.angular\prerender-root\593abe02-cda3-4010-8f91-23887f502200\data\admdb.sqlite
[2025-10-02 22:18:26] INFO: INI ALAMAT TABLENYA :  D:\Work\Mii\TEMPLATES\ssrtemplates\.angular\prerender-root\990892dc-4f80-492f-afd6-39fb7f0dec6d\data\admdb.sqlite
[2025-10-02 22:18:26] INFO: INI ALAMAT TABLENYA :  D:\Work\Mii\TEMPLATES\ssrtemplates\.angular\prerender-root\7af803d8-e148-40c7-911a-e764007a008a\data\admdb.sqlite
[2025-10-02 22:18:26] INFO: INI ALAMAT TABLENYA :  D:\Work\Mii\TEMPLATES\ssrtemplates\.angular\prerender-root\e291f8e4-d051-4c48-b9cb-daf6720706d5\data\admdb.sqlite
[2025-10-02 22:18:26] INFO: INI ALAMAT TABLENYA :  D:\Work\Mii\TEMPLATES\ssrtemplates\.angular\prerender-root\47ed49f0-05c6-4277-bf84-3680ac0effe6\data\admdb.sqlite
[2025-10-02 22:18:36] INFO: INI ALAMAT TABLENYA :  D:\Work\Mii\TEMPLATES\ssrtemplates\dist\ssrtemplates\server\data\admdb.sqlite
[2025-10-02 22:18:44] INFO: Hasil dari param di cookie  {"id":13,"paramgroup":"GENERAL","paramkey":"cookietime","paramvalue":"15m"}
[2025-10-02 22:18:44] INFO: Hasil dari param di cookie  {"id":13,"paramgroup":"GENERAL","paramkey":"cookietime","paramvalue":"15m"}
[2025-10-02 22:18:58] INFO: DATABASE CONFIG :  {"config":{"client":"pg","condatabase":"ndb_proxy","conhost":"localhost","conport":5432,"conuser":"ndb_proxy","conpassword":"ndb_proxy","conoption":{}}}
[2025-10-02 22:21:06] INFO: INI ALAMAT TABLENYA :  D:\Work\Mii\TEMPLATES\ssrtemplates\.angular\prerender-root\f0337555-e179-45b0-afc3-b89ec6872316\data\admdb.sqlite
[2025-10-02 22:21:08] INFO: INI ALAMAT TABLENYA :  D:\Work\Mii\TEMPLATES\ssrtemplates\.angular\prerender-root\361f7a32-b9f8-4968-99a5-5b6bb337d3b0\data\admdb.sqlite
[2025-10-02 22:21:08] INFO: INI ALAMAT TABLENYA :  D:\Work\Mii\TEMPLATES\ssrtemplates\.angular\prerender-root\4d83731e-2015-4fa1-923d-e0fa4ee045f5\data\admdb.sqlite
[2025-10-02 22:21:08] INFO: INI ALAMAT TABLENYA :  D:\Work\Mii\TEMPLATES\ssrtemplates\.angular\prerender-root\b4722fe7-c76c-424f-a15f-3217e1487847\data\admdb.sqlite
[2025-10-02 22:21:08] INFO: INI ALAMAT TABLENYA :  D:\Work\Mii\TEMPLATES\ssrtemplates\.angular\prerender-root\5c7cb25d-38fa-4411-a5e6-167594a207ca\data\admdb.sqlite
[2025-10-02 22:21:22] INFO: INI ALAMAT TABLENYA :  D:\Work\Mii\TEMPLATES\ssrtemplates\dist\ssrtemplates\server\data\admdb.sqlite
[2025-10-02 22:21:39] INFO: DATABASE CONFIG :  {"config":{"client":"pg","condatabase":"ndb_proxy","conhost":"localhost","conport":5432,"conuser":"ndb_proxy","conpassword":"ndb_proxy","conoption":{}}}
[2025-10-02 22:21:43] INFO: DATABASE MIGRATE CONFIG :  {"config":{"condatabase":"ndb_proxy","conhost":"localhost","conport":5432,"conuser":"ndb_proxy","conpassword":"ndb_proxy","conoption":{}}}
[2025-10-02 22:21:43] ERROR: Error api.controller :  {}
[2025-10-02 22:22:10] INFO: DATABASE MIGRATE CONFIG :  {"config":{"condatabase":"ndb_proxy","conhost":"localhost","conport":5432,"conuser":"ndb_proxy","conpassword":"ndb_proxy","conoption":{}}}
[2025-10-02 22:22:10] ERROR: Error api.controller :  {}
[2025-10-02 22:24:15] INFO: INI ALAMAT TABLENYA :  D:\Work\Mii\TEMPLATES\ssrtemplates\.angular\prerender-root\6ed05105-3d63-4401-a991-0daf39bf79d0\data\admdb.sqlite
[2025-10-02 22:24:16] INFO: INI ALAMAT TABLENYA :  D:\Work\Mii\TEMPLATES\ssrtemplates\.angular\prerender-root\5559a3fc-c3e1-4ac1-a94e-058ba482c72e\data\admdb.sqlite
[2025-10-02 22:24:16] INFO: INI ALAMAT TABLENYA :  D:\Work\Mii\TEMPLATES\ssrtemplates\.angular\prerender-root\6432fdb0-cf55-45e3-904c-bb559ecf679b\data\admdb.sqlite
[2025-10-02 22:24:16] INFO: INI ALAMAT TABLENYA :  D:\Work\Mii\TEMPLATES\ssrtemplates\.angular\prerender-root\3a4225e4-45c8-4b1a-adf6-3c4a1bda9a62\data\admdb.sqlite
[2025-10-02 22:24:16] INFO: INI ALAMAT TABLENYA :  D:\Work\Mii\TEMPLATES\ssrtemplates\.angular\prerender-root\d964aadf-400d-4bb4-9ba6-a73f76386dab\data\admdb.sqlite
[2025-10-02 22:24:23] INFO: INI ALAMAT TABLENYA :  D:\Work\Mii\TEMPLATES\ssrtemplates\dist\ssrtemplates\server\data\admdb.sqlite
[2025-10-02 22:24:39] INFO: DATABASE CONFIG :  {"config":{"client":"pg","clientObj":{"key":"pg","label":"Postgres"},"condatabase":"ndb_proxy","conhost":"localhost","conport":5432,"conuser":"ndb_proxy","conpassword":"ndb_proxy","conoption":{}}}
[2025-10-02 22:25:02] INFO: DATABASE MIGRATE CONFIG :  {"config":{"client":"pg","clientObj":{"key":"pg","label":"Postgres"},"condatabase":"ndb_proxy","conhost":"localhost","conport":5432,"conuser":"ndb_proxy","conpassword":"ndb_proxy","conoption":{}}}
[2025-10-02 22:31:46] INFO: INI ALAMAT TABLENYA :  D:\Work\Mii\TEMPLATES\ssrtemplates\.angular\prerender-root\c8c57681-a83e-49a9-aed5-692cb7425ba4\data\admdb.sqlite
[2025-10-02 22:31:50] INFO: INI ALAMAT TABLENYA :  D:\Work\Mii\TEMPLATES\ssrtemplates\.angular\prerender-root\1b4f8b6c-be03-46e8-a2ca-7ed575dace6c\data\admdb.sqlite
[2025-10-02 22:31:50] INFO: INI ALAMAT TABLENYA :  D:\Work\Mii\TEMPLATES\ssrtemplates\.angular\prerender-root\f24397ab-0702-455d-b2b9-10a9f8a29b81\data\admdb.sqlite
[2025-10-02 22:31:50] INFO: INI ALAMAT TABLENYA :  D:\Work\Mii\TEMPLATES\ssrtemplates\.angular\prerender-root\f9b8cfcb-8562-4dd4-a18b-c0d3e34a73d1\data\admdb.sqlite
[2025-10-02 22:31:50] INFO: INI ALAMAT TABLENYA :  D:\Work\Mii\TEMPLATES\ssrtemplates\.angular\prerender-root\639fe452-a8b0-4354-96d7-7dfa4d66d806\data\admdb.sqlite
[2025-10-02 22:34:01] INFO: INI ALAMAT TABLENYA :  D:\Work\Mii\TEMPLATES\ssrtemplates\.angular\prerender-root\8cc17aa4-2058-48ea-8e31-a7f5a10fc4fe\data\admdb.sqlite
[2025-10-02 22:34:02] INFO: INI ALAMAT TABLENYA :  D:\Work\Mii\TEMPLATES\ssrtemplates\.angular\prerender-root\7bc3a8cc-530c-4e70-adfa-37f1b7a03b75\data\admdb.sqlite
[2025-10-02 22:34:02] INFO: INI ALAMAT TABLENYA :  D:\Work\Mii\TEMPLATES\ssrtemplates\.angular\prerender-root\0614d8bf-fb49-4ec4-af91-4d9999a1cc63\data\admdb.sqlite
[2025-10-02 22:34:02] INFO: INI ALAMAT TABLENYA :  D:\Work\Mii\TEMPLATES\ssrtemplates\.angular\prerender-root\456dce03-ffe8-4284-b689-c5a8900081db\data\admdb.sqlite
[2025-10-02 22:34:02] INFO: INI ALAMAT TABLENYA :  D:\Work\Mii\TEMPLATES\ssrtemplates\.angular\prerender-root\e3739b0f-ad34-4a99-bf96-407f6d4a0f7b\data\admdb.sqlite
[2025-10-02 22:34:24] INFO: INI ALAMAT TABLENYA :  D:\Work\Mii\TEMPLATES\ssrtemplates\dist\ssrtemplates\server\data\admdb.sqlite
[2025-10-02 22:34:33] INFO: Hasil dari param di cookie  {"id":13,"paramgroup":"GENERAL","paramkey":"cookietime","paramvalue":"15m"}
[2025-10-02 22:34:33] INFO: Hasil dari param di cookie  {"id":13,"paramgroup":"GENERAL","paramkey":"cookietime","paramvalue":"15m"}
[2025-10-02 22:34:45] INFO: DATABASE CONFIG :  {"config":{"client":"pg","clientObj":{"key":"pg","label":"Postgres"},"condatabase":"ndb_proxy","conhost":"localhost","conport":5432,"conuser":"ndb_proxy","conpassword":"ndb_proxy","conoption":{}}}
[2025-10-02 22:34:54] INFO: DATABASE MIGRATE CONFIG :  {"config":{"client":"pg","clientObj":{"key":"pg","label":"Postgres"},"condatabase":"ndb_proxy","conhost":"localhost","conport":5432,"conuser":"ndb_proxy","conpassword":"ndb_proxy","conoption":{}}}
[2025-10-02 22:38:13] INFO: INI ALAMAT TABLENYA :  D:\Work\Mii\TEMPLATES\ssrtemplates\.angular\prerender-root\4f1f1af8-77db-4f93-9023-a48afd6d612f\data\admdb.sqlite
[2025-10-02 22:38:15] INFO: INI ALAMAT TABLENYA :  D:\Work\Mii\TEMPLATES\ssrtemplates\.angular\prerender-root\87c6955d-52ef-422d-90ce-12767c1e3b89\data\admdb.sqlite
[2025-10-02 22:38:15] INFO: INI ALAMAT TABLENYA :  D:\Work\Mii\TEMPLATES\ssrtemplates\.angular\prerender-root\14017ae4-9f71-4eab-8edc-b5ba811bbed9\data\admdb.sqlite
[2025-10-02 22:38:15] INFO: INI ALAMAT TABLENYA :  D:\Work\Mii\TEMPLATES\ssrtemplates\.angular\prerender-root\668604b1-dfa2-4166-a7fb-d5a056f5f4bf\data\admdb.sqlite
[2025-10-02 22:38:15] INFO: INI ALAMAT TABLENYA :  D:\Work\Mii\TEMPLATES\ssrtemplates\.angular\prerender-root\9a5630dc-c84f-48bf-8625-07e56d5d7e92\data\admdb.sqlite
[2025-10-02 22:38:37] INFO: INI ALAMAT TABLENYA :  D:\Work\Mii\TEMPLATES\ssrtemplates\dist\ssrtemplates\server\data\admdb.sqlite
[2025-10-02 22:38:53] INFO: DATABASE CONFIG :  {"config":{"client":"pg","clientObj":{"key":"pg","label":"Postgres"},"condatabase":"ndb_proxy","conhost":"localhost","conport":5432,"conuser":"ndb_proxy","conpassword":"ndb_proxy","conoption":{}}}
[2025-10-02 22:38:57] INFO: DATABASE MIGRATE CONFIG :  {"config":{"client":"pg","clientObj":{"key":"pg","label":"Postgres"},"condatabase":"ndb_proxy","conhost":"localhost","conport":5432,"conuser":"ndb_proxy","conpassword":"ndb_proxy","conoption":{}}}
[2025-10-02 22:39:08] INFO: DATABASE CONFIG :  {"config":{"client":"pg","clientObj":{"key":"pg","label":"Postgres"},"condatabase":"ndb_proxy","conhost":"localhost","conport":5432,"conuser":"ndb_proxy","conpassword":"ndb_proxy","conoption":{}}}
[2025-10-02 22:39:12] INFO: DATABASE MIGRATE CONFIG :  {"config":{"client":"pg","clientObj":{"key":"pg","label":"Postgres"},"condatabase":"ndb_proxy","conhost":"localhost","conport":5432,"conuser":"ndb_proxy","conpassword":"ndb_proxy","conoption":{}}}
[2025-10-02 22:44:01] INFO: INI ALAMAT TABLENYA :  D:\Work\Mii\TEMPLATES\ssrtemplates\.angular\prerender-root\8666b293-77cd-4288-b1be-cf4eda75b94b\data\admdb.sqlite
[2025-10-02 22:44:03] INFO: INI ALAMAT TABLENYA :  D:\Work\Mii\TEMPLATES\ssrtemplates\.angular\prerender-root\a3e487bb-32f6-4642-8ddb-4c3fe1d9c28e\data\admdb.sqlite
[2025-10-02 22:44:03] INFO: INI ALAMAT TABLENYA :  D:\Work\Mii\TEMPLATES\ssrtemplates\.angular\prerender-root\21373141-d501-4282-aa4a-5d86403b9668\data\admdb.sqlite
[2025-10-02 22:44:03] INFO: INI ALAMAT TABLENYA :  D:\Work\Mii\TEMPLATES\ssrtemplates\.angular\prerender-root\fe302b49-8bbd-475b-9113-4da42cb0b23e\data\admdb.sqlite
[2025-10-02 22:44:03] INFO: INI ALAMAT TABLENYA :  D:\Work\Mii\TEMPLATES\ssrtemplates\.angular\prerender-root\93979c3f-b3fa-4410-8773-2441d67adc5e\data\admdb.sqlite
[2025-10-02 22:44:10] INFO: INI ALAMAT TABLENYA :  D:\Work\Mii\TEMPLATES\ssrtemplates\dist\ssrtemplates\server\data\admdb.sqlite
[2025-10-02 22:44:27] INFO: DATABASE CONFIG :  {"config":{"client":"pg","clientObj":{"key":"pg","label":"Postgres"},"condatabase":"ndb_proxy","conhost":"localhost","conport":5432,"conuser":"ndb_proxy","conpassword":"ndb_proxy","conoption":{}}}
[2025-10-02 22:44:30] INFO: DATABASE MIGRATE CONFIG :  {"config":{"client":"pg","clientObj":{"key":"pg","label":"Postgres"},"condatabase":"ndb_proxy","conhost":"localhost","conport":5432,"conuser":"ndb_proxy","conpassword":"ndb_proxy","conoption":{}}}
[2025-10-02 22:44:30] INFO: Inserting Users...
[2025-10-02 22:51:10] INFO: INI ALAMAT TABLENYA :  D:\Work\Mii\TEMPLATES\ssrtemplates\.angular\prerender-root\fc0b253a-7f1c-4b04-848d-5e1a0736786f\data\admdb.sqlite
[2025-10-02 22:51:12] INFO: INI ALAMAT TABLENYA :  D:\Work\Mii\TEMPLATES\ssrtemplates\.angular\prerender-root\50ffe8d9-a2fc-45c7-85cd-f3afc01025d1\data\admdb.sqlite
[2025-10-02 22:51:12] INFO: INI ALAMAT TABLENYA :  D:\Work\Mii\TEMPLATES\ssrtemplates\.angular\prerender-root\94d4f5f5-ceb9-415f-9a37-af68a0cd6e4b\data\admdb.sqlite
[2025-10-02 22:51:12] INFO: INI ALAMAT TABLENYA :  D:\Work\Mii\TEMPLATES\ssrtemplates\.angular\prerender-root\898d9c09-9cad-429e-8efd-5161590e860d\data\admdb.sqlite
[2025-10-02 22:51:12] INFO: INI ALAMAT TABLENYA :  D:\Work\Mii\TEMPLATES\ssrtemplates\.angular\prerender-root\16ff95c5-e15e-4d4f-8626-5353000b64c4\data\admdb.sqlite
[2025-10-02 22:51:19] INFO: INI ALAMAT TABLENYA :  D:\Work\Mii\TEMPLATES\ssrtemplates\dist\ssrtemplates\server\data\admdb.sqlite
[2025-10-02 22:51:26] INFO: Hasil dari param di cookie  {"id":13,"paramgroup":"GENERAL","paramkey":"cookietime","paramvalue":"15m"}
[2025-10-02 22:51:26] INFO: Hasil dari param di cookie  {"id":13,"paramgroup":"GENERAL","paramkey":"cookietime","paramvalue":"15m"}
[2025-10-02 22:51:41] INFO: DATABASE CONFIG :  {"config":{"client":"pg","clientObj":{"key":"pg","label":"Postgres"},"condatabase":"ndb_proxy","conhost":"localhost","conport":5432,"conuser":"ndb_proxy","conpassword":"ndb_proxy","conoption":{}}}
[2025-10-02 22:51:43] INFO: DATABASE MIGRATE CONFIG :  {"config":{"client":"pg","clientObj":{"key":"pg","label":"Postgres"},"condatabase":"ndb_proxy","conhost":"localhost","conport":5432,"conuser":"ndb_proxy","conpassword":"ndb_proxy","conoption":{}}}
[2025-10-02 22:51:43] INFO: Inserting Users...
[2025-10-02 23:06:52] INFO: INI ALAMAT TABLENYA :  D:\Work\Mii\TEMPLATES\ssrtemplates\.angular\prerender-root\315839b9-8b80-47bd-b9c0-cd05099f59c9\data\admdb.sqlite
[2025-10-02 23:06:53] INFO: INI ALAMAT TABLENYA :  D:\Work\Mii\TEMPLATES\ssrtemplates\.angular\prerender-root\5919fddc-5f7a-4969-aec7-95939938b8db\data\admdb.sqlite
[2025-10-02 23:06:53] INFO: INI ALAMAT TABLENYA :  D:\Work\Mii\TEMPLATES\ssrtemplates\.angular\prerender-root\27bb3e49-d568-4fc1-86da-f29fb815335e\data\admdb.sqlite
[2025-10-02 23:06:53] INFO: INI ALAMAT TABLENYA :  D:\Work\Mii\TEMPLATES\ssrtemplates\.angular\prerender-root\384cf891-eb4d-41b5-8bc5-d151559b9242\data\admdb.sqlite
[2025-10-02 23:06:53] INFO: INI ALAMAT TABLENYA :  D:\Work\Mii\TEMPLATES\ssrtemplates\.angular\prerender-root\5e17b151-58f5-443d-8795-aeba55d6496c\data\admdb.sqlite
[2025-10-02 23:07:03] INFO: INI ALAMAT TABLENYA :  D:\Work\Mii\TEMPLATES\ssrtemplates\dist\ssrtemplates\server\data\admdb.sqlite
[2025-10-02 23:07:54] INFO: INI ALAMAT TABLENYA :  D:\Work\Mii\TEMPLATES\ssrtemplates\.angular\prerender-root\1beb5b77-e5ee-4916-8a9e-1507603e57ca\data\admdb.sqlite
[2025-10-02 23:07:56] INFO: INI ALAMAT TABLENYA :  D:\Work\Mii\TEMPLATES\ssrtemplates\.angular\prerender-root\c5edbc96-0d8a-4ebb-acc3-2ab9abdea9ad\data\admdb.sqlite
[2025-10-02 23:07:56] INFO: INI ALAMAT TABLENYA :  D:\Work\Mii\TEMPLATES\ssrtemplates\.angular\prerender-root\9e9488c5-47cf-49dc-8637-1e567d04f884\data\admdb.sqlite
[2025-10-02 23:07:56] INFO: INI ALAMAT TABLENYA :  D:\Work\Mii\TEMPLATES\ssrtemplates\.angular\prerender-root\710df6e7-36c6-4ae7-8ace-c6c83847c1ad\data\admdb.sqlite
[2025-10-02 23:07:56] INFO: INI ALAMAT TABLENYA :  D:\Work\Mii\TEMPLATES\ssrtemplates\.angular\prerender-root\04f9deb1-64b3-400e-85dd-abc0c7f99aa8\data\admdb.sqlite
[2025-10-02 23:08:02] INFO: INI ALAMAT TABLENYA :  D:\Work\Mii\TEMPLATES\ssrtemplates\dist\ssrtemplates\server\data\admdb.sqlite
[2025-10-02 23:08:13] INFO: Hasil dari param di cookie  {"id":13,"paramgroup":"GENERAL","paramkey":"cookietime","paramvalue":"15m"}
[2025-10-02 23:08:13] INFO: Hasil dari param di cookie  {"id":13,"paramgroup":"GENERAL","paramkey":"cookietime","paramvalue":"15m"}
[2025-10-02 23:08:27] INFO: DATABASE CONFIG :  {"config":{"client":"pg","clientObj":{"key":"pg","label":"Postgres"},"condatabase":"ndb_proxy","conhost":"localhost","conport":5432,"conuser":"ndb_proxy","conpassword":"ndb_proxy","conoption":{}}}
[2025-10-02 23:08:29] INFO: DATABASE MIGRATE CONFIG :  {"config":{"client":"pg","clientObj":{"key":"pg","label":"Postgres"},"condatabase":"ndb_proxy","conhost":"localhost","conport":5432,"conuser":"ndb_proxy","conpassword":"ndb_proxy","conoption":{}}}
[2025-10-02 23:08:29] INFO: Inserting Users...
[2025-10-02 23:08:29] INFO: Inserting Roles...
[2025-10-02 23:09:10] INFO: DATABASE CONFIG :  {"config":{"client":"pg","clientObj":{"key":"pg","label":"Postgres"},"condatabase":"ndb_proxy","conhost":"localhost","conport":5432,"conuser":"ndb_proxy","conpassword":"ndb_proxy","conoption":{}}}
[2025-10-02 23:09:13] INFO: DATABASE MIGRATE CONFIG :  {"config":{"client":"pg","clientObj":{"key":"pg","label":"Postgres"},"condatabase":"ndb_proxy","conhost":"localhost","conport":5432,"conuser":"ndb_proxy","conpassword":"ndb_proxy","conoption":{}}}
[2025-10-02 23:09:13] INFO: Inserting Users...
[2025-10-02 23:09:58] INFO: INI ALAMAT TABLENYA :  D:\Work\Mii\TEMPLATES\ssrtemplates\.angular\prerender-root\473a88e1-761c-46bf-8d70-fea28391e20c\data\admdb.sqlite
[2025-10-02 23:09:59] INFO: INI ALAMAT TABLENYA :  D:\Work\Mii\TEMPLATES\ssrtemplates\.angular\prerender-root\66e9ffd1-a5ee-4186-8200-c3fbb3419343\data\admdb.sqlite
[2025-10-02 23:09:59] INFO: INI ALAMAT TABLENYA :  D:\Work\Mii\TEMPLATES\ssrtemplates\.angular\prerender-root\06770c34-cb1b-413d-9e00-0f5210e26458\data\admdb.sqlite
[2025-10-02 23:09:59] INFO: INI ALAMAT TABLENYA :  D:\Work\Mii\TEMPLATES\ssrtemplates\.angular\prerender-root\b17a7dad-4753-43d2-93e7-948ac9bda549\data\admdb.sqlite
[2025-10-02 23:09:59] INFO: INI ALAMAT TABLENYA :  D:\Work\Mii\TEMPLATES\ssrtemplates\.angular\prerender-root\0b2d2295-3264-4fde-9749-cb8643d7f053\data\admdb.sqlite
[2025-10-02 23:10:07] INFO: INI ALAMAT TABLENYA :  D:\Work\Mii\TEMPLATES\ssrtemplates\dist\ssrtemplates\server\data\admdb.sqlite
[2025-10-02 23:10:25] INFO: DATABASE CONFIG :  {"config":{"client":"pg","clientObj":{"key":"pg","label":"Postgres"},"condatabase":"ndb_proxy","conhost":"localhost","conport":5432,"conuser":"ndb_proxy","conpassword":"ndb_proxy","conoption":{}}}
[2025-10-02 23:10:28] INFO: DATABASE MIGRATE CONFIG :  {"config":{"client":"pg","clientObj":{"key":"pg","label":"Postgres"},"condatabase":"ndb_proxy","conhost":"localhost","conport":5432,"conuser":"ndb_proxy","conpassword":"ndb_proxy","conoption":{}}}
[2025-10-02 23:10:28] INFO: Inserting Users...
[2025-10-02 23:10:28] INFO: Inserting Roles...
[2025-10-02 23:12:01] INFO: INI ALAMAT TABLENYA :  D:\Work\Mii\TEMPLATES\ssrtemplates\.angular\prerender-root\957b501b-4fc7-4590-859e-0ada3b32a6ab\data\admdb.sqlite
[2025-10-02 23:12:03] INFO: INI ALAMAT TABLENYA :  D:\Work\Mii\TEMPLATES\ssrtemplates\.angular\prerender-root\e18541bd-238e-4744-ad82-c6aaf6a2992e\data\admdb.sqlite
[2025-10-02 23:12:03] INFO: INI ALAMAT TABLENYA :  D:\Work\Mii\TEMPLATES\ssrtemplates\.angular\prerender-root\81ece083-c176-4a02-a90f-c0feebcbcd1c\data\admdb.sqlite
[2025-10-02 23:12:03] INFO: INI ALAMAT TABLENYA :  D:\Work\Mii\TEMPLATES\ssrtemplates\.angular\prerender-root\1f5dfe91-6318-4cae-be3c-01074f4feafc\data\admdb.sqlite
[2025-10-02 23:12:03] INFO: INI ALAMAT TABLENYA :  D:\Work\Mii\TEMPLATES\ssrtemplates\.angular\prerender-root\c678048e-dc08-4788-9a91-79d070ec508e\data\admdb.sqlite
[2025-10-02 23:12:09] INFO: INI ALAMAT TABLENYA :  D:\Work\Mii\TEMPLATES\ssrtemplates\dist\ssrtemplates\server\data\admdb.sqlite
[2025-10-02 23:12:22] INFO: DATABASE CONFIG :  {"config":{"client":"pg","clientObj":{"key":"pg","label":"Postgres"},"condatabase":"ndb_proxy","conhost":"localhost","conport":5432,"conuser":"ndb_proxy","conpassword":"ndb_proxy","conoption":{}}}
[2025-10-02 23:12:25] INFO: DATABASE MIGRATE CONFIG :  {"config":{"client":"pg","clientObj":{"key":"pg","label":"Postgres"},"condatabase":"ndb_proxy","conhost":"localhost","conport":5432,"conuser":"ndb_proxy","conpassword":"ndb_proxy","conoption":{}}}
[2025-10-02 23:12:25] INFO: Inserting Users...
[2025-10-02 23:12:25] INFO: Inserting Roles...
[2025-10-02 23:15:45] INFO: INI ALAMAT TABLENYA :  D:\Work\Mii\TEMPLATES\ssrtemplates\.angular\prerender-root\2d00413e-0ea5-4c56-96bd-bf4db6a7e9eb\data\admdb.sqlite
[2025-10-02 23:15:47] INFO: INI ALAMAT TABLENYA :  D:\Work\Mii\TEMPLATES\ssrtemplates\.angular\prerender-root\09f38ff7-9acb-4c6d-b3ff-355be009e72d\data\admdb.sqlite
[2025-10-02 23:15:47] INFO: INI ALAMAT TABLENYA :  D:\Work\Mii\TEMPLATES\ssrtemplates\.angular\prerender-root\6066c362-7fe5-4258-9301-d96a898340b7\data\admdb.sqlite
[2025-10-02 23:15:47] INFO: INI ALAMAT TABLENYA :  D:\Work\Mii\TEMPLATES\ssrtemplates\.angular\prerender-root\8cf0e228-5dc0-4a00-8460-bf0bdab0190b\data\admdb.sqlite
[2025-10-02 23:15:47] INFO: INI ALAMAT TABLENYA :  D:\Work\Mii\TEMPLATES\ssrtemplates\.angular\prerender-root\fbce19c6-3294-4456-9d8f-8ca9a7d173f8\data\admdb.sqlite
[2025-10-02 23:15:54] INFO: INI ALAMAT TABLENYA :  D:\Work\Mii\TEMPLATES\ssrtemplates\dist\ssrtemplates\server\data\admdb.sqlite
[2025-10-02 23:17:06] INFO: DATABASE CONFIG :  {"config":{"client":"pg","clientObj":{"key":"pg","label":"Postgres"},"condatabase":"ndb_proxy","conhost":"localhost","conport":5432,"conuser":"ndb_proxy","conpassword":"ndb_proxy","conoption":{}}}
[2025-10-02 23:17:08] INFO: DATABASE MIGRATE CONFIG :  {"config":{"client":"pg","clientObj":{"key":"pg","label":"Postgres"},"condatabase":"ndb_proxy","conhost":"localhost","conport":5432,"conuser":"ndb_proxy","conpassword":"ndb_proxy","conoption":{}}}
[2025-10-02 23:17:08] INFO: Inserting Users...
[2025-10-02 23:17:08] INFO: Inserting Roles...
[2025-10-02 23:17:08] INFO: Inserting Params...
[2025-10-02 23:17:08] INFO: Inserting Menus...
[2025-10-02 23:20:09] INFO: INI ALAMAT TABLENYA :  D:\Work\Mii\TEMPLATES\ssrtemplates\.angular\prerender-root\e92fbccd-144d-4ea0-8180-ecb7e43baa79\data\admdb.sqlite
[2025-10-02 23:20:13] INFO: INI ALAMAT TABLENYA :  D:\Work\Mii\TEMPLATES\ssrtemplates\.angular\prerender-root\17f345b2-8961-4591-adbc-62d31333a771\data\admdb.sqlite
[2025-10-02 23:20:13] INFO: INI ALAMAT TABLENYA :  D:\Work\Mii\TEMPLATES\ssrtemplates\.angular\prerender-root\98622e8d-f9d1-43ab-b869-116faeb4df77\data\admdb.sqlite
[2025-10-02 23:20:13] INFO: INI ALAMAT TABLENYA :  D:\Work\Mii\TEMPLATES\ssrtemplates\.angular\prerender-root\0cbea620-2766-47ed-9858-74cd2dff313b\data\admdb.sqlite
[2025-10-02 23:20:13] INFO: INI ALAMAT TABLENYA :  D:\Work\Mii\TEMPLATES\ssrtemplates\.angular\prerender-root\5b81e706-9a88-458b-93ad-2153f7ad3589\data\admdb.sqlite
[2025-10-02 23:20:22] INFO: INI ALAMAT TABLENYA :  D:\Work\Mii\TEMPLATES\ssrtemplates\dist\ssrtemplates\server\data\admdb.sqlite
[2025-10-02 23:20:41] INFO: DATABASE CONFIG :  {"config":{"client":"pg","clientObj":{"key":"pg","label":"Postgres"},"condatabase":"ndb_proxy","conhost":"localhost","conport":5432,"conuser":"ndb_proxy","conpassword":"ndb_proxy","conoption":{}}}
[2025-10-02 23:20:46] INFO: DATABASE MIGRATE CONFIG :  {"config":{"client":"pg","clientObj":{"key":"pg","label":"Postgres"},"condatabase":"ndb_proxy","conhost":"localhost","conport":5432,"conuser":"ndb_proxy","conpassword":"ndb_proxy","conoption":{}}}
[2025-10-02 23:20:47] INFO: Inserting Icons...
[2025-10-02 23:20:47] INFO: Inserting Groups...
[2025-10-02 23:21:46] INFO: INI ALAMAT TABLENYA :  D:\Work\Mii\TEMPLATES\ssrtemplates\.angular\prerender-root\a8af1a2c-8f88-4d06-840b-c199b001a725\data\admdb.sqlite
[2025-10-02 23:21:47] INFO: INI ALAMAT TABLENYA :  D:\Work\Mii\TEMPLATES\ssrtemplates\.angular\prerender-root\5f0fc3ef-3fb3-433d-8437-d29dd0436e02\data\admdb.sqlite
[2025-10-02 23:21:47] INFO: INI ALAMAT TABLENYA :  D:\Work\Mii\TEMPLATES\ssrtemplates\.angular\prerender-root\570092f1-abe9-4e36-aaff-5726ff84447d\data\admdb.sqlite
[2025-10-02 23:21:47] INFO: INI ALAMAT TABLENYA :  D:\Work\Mii\TEMPLATES\ssrtemplates\.angular\prerender-root\4c6bdeb7-7280-4823-a1c1-07e6b0c666be\data\admdb.sqlite
[2025-10-02 23:21:47] INFO: INI ALAMAT TABLENYA :  D:\Work\Mii\TEMPLATES\ssrtemplates\.angular\prerender-root\52cb0928-85a7-49b4-914e-f07e6975f87f\data\admdb.sqlite
[2025-10-02 23:21:54] INFO: INI ALAMAT TABLENYA :  D:\Work\Mii\TEMPLATES\ssrtemplates\dist\ssrtemplates\server\data\admdb.sqlite
[2025-10-02 23:22:00] INFO: DATABASE CONFIG :  {"config":{"client":"pg","clientObj":{"key":"pg","label":"Postgres"},"condatabase":"ndb_proxy","conhost":"localhost","conport":5432,"conuser":"ndb_proxy","conpassword":"ndb_proxy","conoption":{}}}
[2025-10-02 23:22:11] INFO: DATABASE MIGRATE CONFIG :  {"config":{"client":"pg","clientObj":{"key":"pg","label":"Postgres"},"condatabase":"ndb_proxy","conhost":"localhost","conport":5432,"conuser":"ndb_proxy","conpassword":"ndb_proxy","conoption":{}}}
[2025-10-02 23:22:11] INFO: Inserting Menus...
[2025-10-02 23:23:23] INFO: INI ALAMAT TABLENYA :  D:\Work\Mii\TEMPLATES\ssrtemplates\.angular\prerender-root\d64c1b42-2118-437a-a294-149de28b9ccc\data\admdb.sqlite
[2025-10-02 23:23:24] INFO: INI ALAMAT TABLENYA :  D:\Work\Mii\TEMPLATES\ssrtemplates\.angular\prerender-root\70e79f6f-d026-4d5e-9821-a31cab9130b3\data\admdb.sqlite
[2025-10-02 23:23:24] INFO: INI ALAMAT TABLENYA :  D:\Work\Mii\TEMPLATES\ssrtemplates\.angular\prerender-root\50e33c34-394e-42f9-986c-d6371c01bcc4\data\admdb.sqlite
[2025-10-02 23:23:24] INFO: INI ALAMAT TABLENYA :  D:\Work\Mii\TEMPLATES\ssrtemplates\.angular\prerender-root\52719c11-08d2-40d2-94f4-ae55716adb6a\data\admdb.sqlite
[2025-10-02 23:23:24] INFO: INI ALAMAT TABLENYA :  D:\Work\Mii\TEMPLATES\ssrtemplates\.angular\prerender-root\4f9d996a-d86c-4b72-86b3-01f9e001ecec\data\admdb.sqlite
[2025-10-02 23:23:31] INFO: INI ALAMAT TABLENYA :  D:\Work\Mii\TEMPLATES\ssrtemplates\dist\ssrtemplates\server\data\admdb.sqlite
[2025-10-02 23:24:05] INFO: Hasil dari param di cookie  {"id":13,"paramgroup":"GENERAL","paramkey":"cookietime","paramvalue":"15m"}
[2025-10-02 23:24:05] INFO: Hasil dari param di cookie  {"id":13,"paramgroup":"GENERAL","paramkey":"cookietime","paramvalue":"15m"}
[2025-10-02 23:24:21] INFO: DATABASE CONFIG :  {"config":{"client":"pg","clientObj":{"key":"pg","label":"Postgres"},"condatabase":"ndb_proxy","conhost":"localhost","conport":5432,"conuser":"ndb_proxy","conpassword":"ndb_proxy","conoption":{}}}
[2025-10-02 23:24:23] INFO: DATABASE MIGRATE CONFIG :  {"config":{"client":"pg","clientObj":{"key":"pg","label":"Postgres"},"condatabase":"ndb_proxy","conhost":"localhost","conport":5432,"conuser":"ndb_proxy","conpassword":"ndb_proxy","conoption":{}}}
[2025-10-02 23:24:23] INFO: Inserting Menus...
[2025-10-02 23:30:23] INFO: INI ALAMAT TABLENYA :  D:\Work\Mii\TEMPLATES\ssrtemplates\.angular\prerender-root\c59ddc76-a18d-438d-b00c-82e37577e7e3\data\admdb.sqlite
[2025-10-02 23:30:25] INFO: INI ALAMAT TABLENYA :  D:\Work\Mii\TEMPLATES\ssrtemplates\.angular\prerender-root\f455f26b-a4b6-4cbb-b7a9-74cf9c26df86\data\admdb.sqlite
[2025-10-02 23:30:25] INFO: INI ALAMAT TABLENYA :  D:\Work\Mii\TEMPLATES\ssrtemplates\.angular\prerender-root\47d39d65-3fbb-4129-bbdb-e31c8fd051fc\data\admdb.sqlite
[2025-10-02 23:30:25] INFO: INI ALAMAT TABLENYA :  D:\Work\Mii\TEMPLATES\ssrtemplates\.angular\prerender-root\9223e3a1-8a7f-443b-b50b-d94b3cbd434b\data\admdb.sqlite
[2025-10-02 23:30:25] INFO: INI ALAMAT TABLENYA :  D:\Work\Mii\TEMPLATES\ssrtemplates\.angular\prerender-root\ca383e67-b472-47d6-8a71-f292684f5875\data\admdb.sqlite
[2025-10-02 23:30:32] INFO: INI ALAMAT TABLENYA :  D:\Work\Mii\TEMPLATES\ssrtemplates\dist\ssrtemplates\server\data\admdb.sqlite
[2025-10-02 23:30:55] INFO: DATABASE CONFIG :  {"config":{"client":"pg","clientObj":{"key":"pg","label":"Postgres"},"condatabase":"ndb_proxy","conhost":"localhost","conport":5432,"conuser":"ndb_proxy","conpassword":"ndb_proxy","conoption":{}}}
[2025-10-02 23:30:58] INFO: DATABASE MIGRATE CONFIG :  {"config":{"client":"pg","clientObj":{"key":"pg","label":"Postgres"},"condatabase":"ndb_proxy","conhost":"localhost","conport":5432,"conuser":"ndb_proxy","conpassword":"ndb_proxy","conoption":{}}}
[2025-10-02 23:30:59] INFO: Inserting Users...
[2025-10-02 23:30:59] INFO: Inserting Roles...
[2025-10-02 23:30:59] INFO: Inserting Params...
[2025-10-02 23:30:59] INFO: Inserting Menus...
[2025-10-02 23:30:59] INFO: Inserting Icons...
[2025-10-02 23:30:59] INFO: Inserting Groups...
