[2025-09-17 10:30:02] INFO: INI ALAMAT TABLENYA :  D:\Work\Mii\TEMPLATES\ssrtemplates\.angular\prerender-root\066ed0f2-a75f-4f66-8c56-23d1acfbec02\data\admdb.sqlite
[2025-09-17 10:30:09] INFO: INI ALAMAT TABLENYA :  D:\Work\Mii\TEMPLATES\ssrtemplates\.angular\prerender-root\e8e24408-b3ba-4ff2-a82e-006239401770\data\admdb.sqlite
[2025-09-17 10:30:09] INFO: INI ALAMAT TABLENYA :  D:\Work\Mii\TEMPLATES\ssrtemplates\.angular\prerender-root\18edccf7-007c-418c-9fa1-5b484d4af64d\data\admdb.sqlite
[2025-09-17 10:30:09] INFO: INI ALAMAT TABLENYA :  D:\Work\Mii\TEMPLATES\ssrtemplates\.angular\prerender-root\ce722680-7709-4e0e-8d17-14ba4b90ffba\data\admdb.sqlite
[2025-09-17 10:30:09] INFO: INI ALAMAT TABLENYA :  D:\Work\Mii\TEMPLATES\ssrtemplates\.angular\prerender-root\8076c87d-e2f5-411a-ba30-fbfde7f56fad\data\admdb.sqlite
[2025-09-17 10:30:28] INFO: INI ALAMAT TABLENYA :  D:\Work\Mii\TEMPLATES\ssrtemplates\dist\ssrtemplates\server\data\admdb.sqlite
[2025-09-17 11:31:34] INFO: INI ALAMAT TABLENYA :  D:\Work\Mii\TEMPLATES\ssrtemplates\.angular\prerender-root\39c56fc6-6943-42a0-8b44-c005581ebb82\data\admdb.sqlite
[2025-09-17 11:31:44] INFO: INI ALAMAT TABLENYA :  D:\Work\Mii\TEMPLATES\ssrtemplates\.angular\prerender-root\ac17baac-4aca-40d7-9bb7-ad88d219e017\data\admdb.sqlite
[2025-09-17 11:31:44] INFO: INI ALAMAT TABLENYA :  D:\Work\Mii\TEMPLATES\ssrtemplates\.angular\prerender-root\22e98ef0-6565-45b2-9b7f-4ecb9aa196d4\data\admdb.sqlite
[2025-09-17 11:31:44] INFO: INI ALAMAT TABLENYA :  D:\Work\Mii\TEMPLATES\ssrtemplates\.angular\prerender-root\ab7f7bbb-459a-4e18-a1c8-6c00e963ecc8\data\admdb.sqlite
[2025-09-17 11:31:44] INFO: INI ALAMAT TABLENYA :  D:\Work\Mii\TEMPLATES\ssrtemplates\.angular\prerender-root\df765f4b-1c0a-40ac-b15f-9d2dfc6839d6\data\admdb.sqlite
[2025-09-17 11:34:00] INFO: INI ALAMAT TABLENYA :  D:\Work\Mii\TEMPLATES\ssrtemplates\dist\ssrtemplates\server\data\admdb.sqlite
[2025-09-17 11:35:43] INFO: INI ALAMAT TABLENYA :  D:\Work\Mii\TEMPLATES\ssrtemplates\.angular\prerender-root\084c2ce4-8c4d-41a3-b7f9-8660df01820a\data\admdb.sqlite
[2025-09-17 11:35:45] INFO: INI ALAMAT TABLENYA :  D:\Work\Mii\TEMPLATES\ssrtemplates\.angular\prerender-root\9166cfd1-3128-4568-ba3d-772552e0cb98\data\admdb.sqlite
[2025-09-17 11:35:45] INFO: INI ALAMAT TABLENYA :  D:\Work\Mii\TEMPLATES\ssrtemplates\.angular\prerender-root\293e33d5-bf66-49af-9d3f-6d1abfcef49a\data\admdb.sqlite
[2025-09-17 11:35:45] INFO: INI ALAMAT TABLENYA :  D:\Work\Mii\TEMPLATES\ssrtemplates\.angular\prerender-root\8b8dbc3f-af76-4e45-8b72-7be7579809b9\data\admdb.sqlite
[2025-09-17 11:35:45] INFO: INI ALAMAT TABLENYA :  D:\Work\Mii\TEMPLATES\ssrtemplates\.angular\prerender-root\74009687-1be6-4187-a5bd-7d8b3cccdc66\data\admdb.sqlite
[2025-09-17 11:36:23] INFO: INI ALAMAT TABLENYA :  D:\Work\Mii\TEMPLATES\ssrtemplates\.angular\prerender-root\8bec9e7c-04d1-48fb-8d27-cea3582ba7a5\data\admdb.sqlite
[2025-09-17 11:36:24] INFO: INI ALAMAT TABLENYA :  D:\Work\Mii\TEMPLATES\ssrtemplates\.angular\prerender-root\ab896a64-adfa-40fd-b0b1-b6eee1cfd43a\data\admdb.sqlite
[2025-09-17 11:36:24] INFO: INI ALAMAT TABLENYA :  D:\Work\Mii\TEMPLATES\ssrtemplates\.angular\prerender-root\fbf63f16-694a-45e0-8cb0-b7c01f51fc46\data\admdb.sqlite
[2025-09-17 11:36:24] INFO: INI ALAMAT TABLENYA :  D:\Work\Mii\TEMPLATES\ssrtemplates\.angular\prerender-root\b2183edc-864c-497a-be31-4638945d9f7c\data\admdb.sqlite
[2025-09-17 11:36:24] INFO: INI ALAMAT TABLENYA :  D:\Work\Mii\TEMPLATES\ssrtemplates\.angular\prerender-root\2395b701-29cc-49ad-b7e2-67305bbfb233\data\admdb.sqlite
[2025-09-17 11:38:01] INFO: INI ALAMAT TABLENYA :  D:\Work\Mii\TEMPLATES\ssrtemplates\.angular\prerender-root\92b9617f-6d82-4b8c-95c0-8a4d4652cd79\data\admdb.sqlite
[2025-09-17 11:38:03] INFO: INI ALAMAT TABLENYA :  D:\Work\Mii\TEMPLATES\ssrtemplates\.angular\prerender-root\2aba22b7-9699-4816-b799-950a459a3d20\data\admdb.sqlite
[2025-09-17 11:38:03] INFO: INI ALAMAT TABLENYA :  D:\Work\Mii\TEMPLATES\ssrtemplates\.angular\prerender-root\2dd50646-7580-4e7a-b6db-4264c2134319\data\admdb.sqlite
[2025-09-17 11:38:03] INFO: INI ALAMAT TABLENYA :  D:\Work\Mii\TEMPLATES\ssrtemplates\.angular\prerender-root\ab2761b0-3f7e-4466-9df1-cb98b08ea44e\data\admdb.sqlite
[2025-09-17 11:38:03] INFO: INI ALAMAT TABLENYA :  D:\Work\Mii\TEMPLATES\ssrtemplates\.angular\prerender-root\232bded3-ceb2-4a0b-b8f6-d2f27c4a83ab\data\admdb.sqlite
[2025-09-17 11:38:25] INFO: INI ALAMAT TABLENYA :  D:\Work\Mii\TEMPLATES\ssrtemplates\dist\ssrtemplates\server\data\admdb.sqlite
[2025-09-17 12:02:21] INFO: INI ALAMAT TABLENYA :  D:\Work\Mii\TEMPLATES\ssrtemplates\.angular\prerender-root\0e0eaf4f-45ce-4a30-974a-b7001789b667\data\admdb.sqlite
[2025-09-17 12:02:22] INFO: INI ALAMAT TABLENYA :  D:\Work\Mii\TEMPLATES\ssrtemplates\.angular\prerender-root\cf11b94f-2ce7-41f7-b712-37ef0e6b3616\data\admdb.sqlite
[2025-09-17 12:02:22] INFO: INI ALAMAT TABLENYA :  D:\Work\Mii\TEMPLATES\ssrtemplates\.angular\prerender-root\413b2575-1f53-46bd-90c0-7c43e9a2475a\data\admdb.sqlite
[2025-09-17 12:02:22] INFO: INI ALAMAT TABLENYA :  D:\Work\Mii\TEMPLATES\ssrtemplates\.angular\prerender-root\f0e5ae09-8068-44cc-9d97-807dae31e12f\data\admdb.sqlite
[2025-09-17 12:02:22] INFO: INI ALAMAT TABLENYA :  D:\Work\Mii\TEMPLATES\ssrtemplates\.angular\prerender-root\9fdcfb1a-63aa-42cb-8373-ecb0265bae0a\data\admdb.sqlite
[2025-09-17 12:02:29] INFO: INI ALAMAT TABLENYA :  D:\Work\Mii\TEMPLATES\ssrtemplates\dist\ssrtemplates\server\data\admdb.sqlite
[2025-09-17 12:04:39] INFO: INI ALAMAT TABLENYA :  D:\Work\Mii\TEMPLATES\ssrtemplates\.angular\prerender-root\ade83799-d7a2-496d-b78f-55c16753031f\data\admdb.sqlite
[2025-09-17 12:04:41] INFO: INI ALAMAT TABLENYA :  D:\Work\Mii\TEMPLATES\ssrtemplates\.angular\prerender-root\e9e3403e-fb0e-4e5e-8ea3-7fc4f273dea3\data\admdb.sqlite
[2025-09-17 12:04:41] INFO: INI ALAMAT TABLENYA :  D:\Work\Mii\TEMPLATES\ssrtemplates\.angular\prerender-root\0c58d9b2-0029-4ac2-bbc9-348497fa27ab\data\admdb.sqlite
[2025-09-17 12:04:41] INFO: INI ALAMAT TABLENYA :  D:\Work\Mii\TEMPLATES\ssrtemplates\.angular\prerender-root\17a71a9d-d85a-4f0a-8ca4-3d328ed9233b\data\admdb.sqlite
[2025-09-17 12:04:41] INFO: INI ALAMAT TABLENYA :  D:\Work\Mii\TEMPLATES\ssrtemplates\.angular\prerender-root\e05ce3ba-31d7-4b6c-8ee0-6e646e58a969\data\admdb.sqlite
[2025-09-17 12:04:50] INFO: INI ALAMAT TABLENYA :  D:\Work\Mii\TEMPLATES\ssrtemplates\dist\ssrtemplates\server\data\admdb.sqlite
[2025-09-17 12:30:09] INFO: INI ALAMAT TABLENYA :  D:\Work\Mii\TEMPLATES\ssrtemplates\.angular\prerender-root\b4a414e6-8ec8-443b-8326-aa82a69cec2a\data\admdb.sqlite
[2025-09-17 12:30:10] INFO: INI ALAMAT TABLENYA :  D:\Work\Mii\TEMPLATES\ssrtemplates\.angular\prerender-root\6f0835a7-4139-4610-b263-8ba06e19b615\data\admdb.sqlite
[2025-09-17 12:30:10] INFO: INI ALAMAT TABLENYA :  D:\Work\Mii\TEMPLATES\ssrtemplates\.angular\prerender-root\9bda4ef7-8e66-4bee-89e1-4f974c56a2eb\data\admdb.sqlite
[2025-09-17 12:30:10] INFO: INI ALAMAT TABLENYA :  D:\Work\Mii\TEMPLATES\ssrtemplates\.angular\prerender-root\ba304ef1-d36f-49e2-a125-5112729741c7\data\admdb.sqlite
[2025-09-17 12:30:10] INFO: INI ALAMAT TABLENYA :  D:\Work\Mii\TEMPLATES\ssrtemplates\.angular\prerender-root\35a760e6-073f-4957-a39d-28e4470ad907\data\admdb.sqlite
[2025-09-17 12:30:18] INFO: INI ALAMAT TABLENYA :  D:\Work\Mii\TEMPLATES\ssrtemplates\dist\ssrtemplates\server\data\admdb.sqlite
[2025-09-17 12:34:59] INFO: INI ALAMAT TABLENYA :  D:\Work\Mii\TEMPLATES\ssrtemplates\.angular\prerender-root\6459302b-3e17-4fa5-b980-0d94dd8ec4e1\data\admdb.sqlite
[2025-09-17 12:35:01] INFO: INI ALAMAT TABLENYA :  D:\Work\Mii\TEMPLATES\ssrtemplates\.angular\prerender-root\e0a4d25d-dfda-4c7d-813d-82e927a2935c\data\admdb.sqlite
[2025-09-17 12:35:01] INFO: INI ALAMAT TABLENYA :  D:\Work\Mii\TEMPLATES\ssrtemplates\.angular\prerender-root\28feb0ab-868b-4938-b98c-9ff97ddc3276\data\admdb.sqlite
[2025-09-17 12:35:01] INFO: INI ALAMAT TABLENYA :  D:\Work\Mii\TEMPLATES\ssrtemplates\.angular\prerender-root\72e50eab-3701-4f18-91b2-eeb057dd10d9\data\admdb.sqlite
[2025-09-17 12:35:01] INFO: INI ALAMAT TABLENYA :  D:\Work\Mii\TEMPLATES\ssrtemplates\.angular\prerender-root\8db7d06c-b254-493a-b75a-5b8bbdf7373a\data\admdb.sqlite
[2025-09-17 12:35:08] INFO: INI ALAMAT TABLENYA :  D:\Work\Mii\TEMPLATES\ssrtemplates\dist\ssrtemplates\server\data\admdb.sqlite
[2025-09-17 12:35:42] INFO: INI ALAMAT TABLENYA :  D:\Work\Mii\TEMPLATES\ssrtemplates\.angular\prerender-root\2f3335bf-4aad-48d1-b92a-88df6e708660\data\admdb.sqlite
[2025-09-17 12:35:43] INFO: INI ALAMAT TABLENYA :  D:\Work\Mii\TEMPLATES\ssrtemplates\.angular\prerender-root\579b87be-d209-4afb-9eed-3042e16bc23a\data\admdb.sqlite
[2025-09-17 12:35:43] INFO: INI ALAMAT TABLENYA :  D:\Work\Mii\TEMPLATES\ssrtemplates\.angular\prerender-root\08563d9c-c05b-46ed-b11d-b2c7a14de5b7\data\admdb.sqlite
[2025-09-17 12:35:43] INFO: INI ALAMAT TABLENYA :  D:\Work\Mii\TEMPLATES\ssrtemplates\.angular\prerender-root\41b94ce9-39e7-43b9-89ee-30c080512b09\data\admdb.sqlite
[2025-09-17 12:35:43] INFO: INI ALAMAT TABLENYA :  D:\Work\Mii\TEMPLATES\ssrtemplates\.angular\prerender-root\109aa254-04a9-4c48-89df-736cddb43c8f\data\admdb.sqlite
[2025-09-17 12:35:53] INFO: INI ALAMAT TABLENYA :  D:\Work\Mii\TEMPLATES\ssrtemplates\dist\ssrtemplates\server\data\admdb.sqlite
[2025-09-17 12:37:05] INFO: INI ALAMAT TABLENYA :  D:\Work\Mii\TEMPLATES\ssrtemplates\.angular\prerender-root\1aec393d-6f86-4f7a-8902-95023e0c8621\data\admdb.sqlite
[2025-09-17 12:37:06] INFO: INI ALAMAT TABLENYA :  D:\Work\Mii\TEMPLATES\ssrtemplates\.angular\prerender-root\ca5f0468-8381-441e-b2ac-fc08c21d96ea\data\admdb.sqlite
[2025-09-17 12:37:06] INFO: INI ALAMAT TABLENYA :  D:\Work\Mii\TEMPLATES\ssrtemplates\.angular\prerender-root\299acd43-890a-4595-867b-18032d24a1ad\data\admdb.sqlite
[2025-09-17 12:37:06] INFO: INI ALAMAT TABLENYA :  D:\Work\Mii\TEMPLATES\ssrtemplates\.angular\prerender-root\3675bfe2-293b-4daa-9b7a-24f5d83b74cc\data\admdb.sqlite
[2025-09-17 12:37:06] INFO: INI ALAMAT TABLENYA :  D:\Work\Mii\TEMPLATES\ssrtemplates\.angular\prerender-root\2f0209cc-6448-4c74-b423-cd7a3c65a017\data\admdb.sqlite
[2025-09-17 12:37:51] INFO: INI ALAMAT TABLENYA :  D:\Work\Mii\TEMPLATES\ssrtemplates\dist\ssrtemplates\server\data\admdb.sqlite
[2025-09-17 12:38:59] INFO: INI ALAMAT TABLENYA :  D:\Work\Mii\TEMPLATES\ssrtemplates\dist\ssrtemplates\server\data\admdb.sqlite
[2025-09-17 12:39:48] INFO: INI ALAMAT TABLENYA :  D:\Work\Mii\TEMPLATES\ssrtemplates\.angular\prerender-root\420e546f-aef2-45cf-a62a-9552f8b6ea0b\data\admdb.sqlite
[2025-09-17 12:39:49] INFO: INI ALAMAT TABLENYA :  D:\Work\Mii\TEMPLATES\ssrtemplates\.angular\prerender-root\f70e589b-e0ad-4a17-ac21-102f5ebb3e34\data\admdb.sqlite
[2025-09-17 12:39:49] INFO: INI ALAMAT TABLENYA :  D:\Work\Mii\TEMPLATES\ssrtemplates\.angular\prerender-root\52741b89-6bac-47e6-89dc-3d9082b69a32\data\admdb.sqlite
[2025-09-17 12:39:49] INFO: INI ALAMAT TABLENYA :  D:\Work\Mii\TEMPLATES\ssrtemplates\.angular\prerender-root\51494dae-41c6-42d9-af7a-1a8e1185ce91\data\admdb.sqlite
[2025-09-17 12:39:49] INFO: INI ALAMAT TABLENYA :  D:\Work\Mii\TEMPLATES\ssrtemplates\.angular\prerender-root\5cbe6f1e-df30-45ac-b139-46fe9277ab05\data\admdb.sqlite
[2025-09-17 12:39:55] INFO: INI ALAMAT TABLENYA :  D:\Work\Mii\TEMPLATES\ssrtemplates\dist\ssrtemplates\server\data\admdb.sqlite
[2025-09-17 12:42:38] INFO: INI ALAMAT TABLENYA :  D:\Work\Mii\TEMPLATES\ssrtemplates\.angular\prerender-root\aea7114c-3b3a-413f-aac5-041447e18c6c\data\admdb.sqlite
[2025-09-17 12:42:39] INFO: INI ALAMAT TABLENYA :  D:\Work\Mii\TEMPLATES\ssrtemplates\.angular\prerender-root\cbf92750-fae6-4f28-b368-d7e6a17fdc6a\data\admdb.sqlite
[2025-09-17 12:42:39] INFO: INI ALAMAT TABLENYA :  D:\Work\Mii\TEMPLATES\ssrtemplates\.angular\prerender-root\33646fd4-0d96-4fef-9511-2b6c3d323c31\data\admdb.sqlite
[2025-09-17 12:42:39] INFO: INI ALAMAT TABLENYA :  D:\Work\Mii\TEMPLATES\ssrtemplates\.angular\prerender-root\ccda972b-7b6b-4e63-9636-c7b9ef18cbb2\data\admdb.sqlite
[2025-09-17 12:42:39] INFO: INI ALAMAT TABLENYA :  D:\Work\Mii\TEMPLATES\ssrtemplates\.angular\prerender-root\ce03d8f5-f2b4-4735-8620-aa1a0751ec0d\data\admdb.sqlite
[2025-09-17 12:42:45] INFO: INI ALAMAT TABLENYA :  D:\Work\Mii\TEMPLATES\ssrtemplates\dist\ssrtemplates\server\data\admdb.sqlite
[2025-09-17 12:43:59] INFO: INI ALAMAT TABLENYA :  D:\Work\Mii\TEMPLATES\ssrtemplates\.angular\prerender-root\6cbab8a5-1676-4092-b9e3-57680e31cbb0\data\admdb.sqlite
[2025-09-17 12:44:01] INFO: INI ALAMAT TABLENYA :  D:\Work\Mii\TEMPLATES\ssrtemplates\.angular\prerender-root\5b0c2370-7f3a-4363-b548-87037b672cfe\data\admdb.sqlite
[2025-09-17 12:44:01] INFO: INI ALAMAT TABLENYA :  D:\Work\Mii\TEMPLATES\ssrtemplates\.angular\prerender-root\b3869435-fdb5-48e8-85c2-939f655088c4\data\admdb.sqlite
[2025-09-17 12:44:01] INFO: INI ALAMAT TABLENYA :  D:\Work\Mii\TEMPLATES\ssrtemplates\.angular\prerender-root\6e8c4e8b-da8c-43b7-bfbb-e1ad18e9ac66\data\admdb.sqlite
[2025-09-17 12:44:01] INFO: INI ALAMAT TABLENYA :  D:\Work\Mii\TEMPLATES\ssrtemplates\.angular\prerender-root\7087f63d-ba62-4a60-bce4-6c5c1e24fc5a\data\admdb.sqlite
[2025-09-17 12:44:07] INFO: INI ALAMAT TABLENYA :  D:\Work\Mii\TEMPLATES\ssrtemplates\dist\ssrtemplates\server\data\admdb.sqlite
[2025-09-17 12:44:51] INFO: INI ALAMAT TABLENYA :  D:\Work\Mii\TEMPLATES\ssrtemplates\.angular\prerender-root\6b2c9111-9a19-4745-b8bf-22ff6e75acdd\data\admdb.sqlite
[2025-09-17 12:44:52] INFO: INI ALAMAT TABLENYA :  D:\Work\Mii\TEMPLATES\ssrtemplates\.angular\prerender-root\dd6beb5a-7ab3-4201-b700-b536c0096f50\data\admdb.sqlite
[2025-09-17 12:44:52] INFO: INI ALAMAT TABLENYA :  D:\Work\Mii\TEMPLATES\ssrtemplates\.angular\prerender-root\90aaffa0-029f-4071-9c26-c927d3effe3e\data\admdb.sqlite
[2025-09-17 12:44:52] INFO: INI ALAMAT TABLENYA :  D:\Work\Mii\TEMPLATES\ssrtemplates\.angular\prerender-root\68d0406a-e2c9-4408-b0c7-517b3fbe1892\data\admdb.sqlite
[2025-09-17 12:44:52] INFO: INI ALAMAT TABLENYA :  D:\Work\Mii\TEMPLATES\ssrtemplates\.angular\prerender-root\93b77078-e507-455c-9446-3aea5425ce2f\data\admdb.sqlite
[2025-09-17 12:44:58] INFO: INI ALAMAT TABLENYA :  D:\Work\Mii\TEMPLATES\ssrtemplates\dist\ssrtemplates\server\data\admdb.sqlite
[2025-09-17 12:46:23] INFO: INI ALAMAT TABLENYA :  D:\Work\Mii\TEMPLATES\ssrtemplates\.angular\prerender-root\17ccbffb-37c2-4077-98ec-620752fa1c92\data\admdb.sqlite
[2025-09-17 12:46:24] INFO: INI ALAMAT TABLENYA :  D:\Work\Mii\TEMPLATES\ssrtemplates\.angular\prerender-root\c84e9165-57c5-4ec7-b0fc-860ae4d6d91c\data\admdb.sqlite
[2025-09-17 12:46:24] INFO: INI ALAMAT TABLENYA :  D:\Work\Mii\TEMPLATES\ssrtemplates\.angular\prerender-root\4752e5bf-e11f-46e8-afca-6d77a4d0471a\data\admdb.sqlite
[2025-09-17 12:46:24] INFO: INI ALAMAT TABLENYA :  D:\Work\Mii\TEMPLATES\ssrtemplates\.angular\prerender-root\194770d6-73f3-4b72-849d-5bc956906bcc\data\admdb.sqlite
[2025-09-17 12:46:24] INFO: INI ALAMAT TABLENYA :  D:\Work\Mii\TEMPLATES\ssrtemplates\.angular\prerender-root\af9b42d3-6639-4be8-bff0-4b1da0a6c0a8\data\admdb.sqlite
[2025-09-17 12:46:38] INFO: INI ALAMAT TABLENYA :  D:\Work\Mii\TEMPLATES\ssrtemplates\dist\ssrtemplates\server\data\admdb.sqlite
[2025-09-17 12:47:56] INFO: INI ALAMAT TABLENYA :  D:\Work\Mii\TEMPLATES\ssrtemplates\.angular\prerender-root\6894c582-559b-430f-b314-768e06879b67\data\admdb.sqlite
[2025-09-17 12:47:58] INFO: INI ALAMAT TABLENYA :  D:\Work\Mii\TEMPLATES\ssrtemplates\.angular\prerender-root\7ba0ec0d-ff47-46af-98c6-f418fcfe7a82\data\admdb.sqlite
[2025-09-17 12:47:58] INFO: INI ALAMAT TABLENYA :  D:\Work\Mii\TEMPLATES\ssrtemplates\.angular\prerender-root\b4915440-d48e-45bb-8751-223f6bc128e1\data\admdb.sqlite
[2025-09-17 12:47:58] INFO: INI ALAMAT TABLENYA :  D:\Work\Mii\TEMPLATES\ssrtemplates\.angular\prerender-root\0a2e66a7-0388-40b2-a161-018f28e01c67\data\admdb.sqlite
[2025-09-17 12:47:58] INFO: INI ALAMAT TABLENYA :  D:\Work\Mii\TEMPLATES\ssrtemplates\.angular\prerender-root\359a61c7-e76a-4f7e-a249-75c5e542097e\data\admdb.sqlite
[2025-09-17 12:48:04] INFO: INI ALAMAT TABLENYA :  D:\Work\Mii\TEMPLATES\ssrtemplates\dist\ssrtemplates\server\data\admdb.sqlite
[2025-09-17 12:49:17] INFO: INI ALAMAT TABLENYA :  D:\Work\Mii\TEMPLATES\ssrtemplates\.angular\prerender-root\59ce4100-b8cc-4c19-a8e5-562be4d4797d\data\admdb.sqlite
[2025-09-17 12:49:19] INFO: INI ALAMAT TABLENYA :  D:\Work\Mii\TEMPLATES\ssrtemplates\.angular\prerender-root\c48500b4-acfc-499d-927a-826bea580162\data\admdb.sqlite
[2025-09-17 12:49:19] INFO: INI ALAMAT TABLENYA :  D:\Work\Mii\TEMPLATES\ssrtemplates\.angular\prerender-root\d184ff78-1248-460c-b4a4-aeeab7cd335f\data\admdb.sqlite
[2025-09-17 12:49:19] INFO: INI ALAMAT TABLENYA :  D:\Work\Mii\TEMPLATES\ssrtemplates\.angular\prerender-root\85b776ea-9f9c-44e7-8de9-07dc4333974b\data\admdb.sqlite
[2025-09-17 12:49:19] INFO: INI ALAMAT TABLENYA :  D:\Work\Mii\TEMPLATES\ssrtemplates\.angular\prerender-root\cbca9534-043b-427b-a489-788c58b7cec7\data\admdb.sqlite
[2025-09-17 12:49:56] INFO: INI ALAMAT TABLENYA :  D:\Work\Mii\TEMPLATES\ssrtemplates\.angular\prerender-root\465a82db-2b69-45cb-9612-59cf67e58e59\data\admdb.sqlite
[2025-09-17 12:49:57] INFO: INI ALAMAT TABLENYA :  D:\Work\Mii\TEMPLATES\ssrtemplates\.angular\prerender-root\0194b126-c7a0-44ef-83b3-cca9ba319043\data\admdb.sqlite
[2025-09-17 12:49:57] INFO: INI ALAMAT TABLENYA :  D:\Work\Mii\TEMPLATES\ssrtemplates\.angular\prerender-root\a7cb7491-c6b8-4de8-b82d-c91e2a871bf2\data\admdb.sqlite
[2025-09-17 12:49:57] INFO: INI ALAMAT TABLENYA :  D:\Work\Mii\TEMPLATES\ssrtemplates\.angular\prerender-root\fee72490-aa30-4ac0-9c47-6c5f8c511240\data\admdb.sqlite
[2025-09-17 12:49:57] INFO: INI ALAMAT TABLENYA :  D:\Work\Mii\TEMPLATES\ssrtemplates\.angular\prerender-root\f76b5f29-3f9b-48ba-9786-66b88bb0bec1\data\admdb.sqlite
[2025-09-17 12:50:09] INFO: INI ALAMAT TABLENYA :  D:\Work\Mii\TEMPLATES\ssrtemplates\dist\ssrtemplates\server\data\admdb.sqlite
[2025-09-17 12:51:31] INFO: INI ALAMAT TABLENYA :  D:\Work\Mii\TEMPLATES\ssrtemplates\.angular\prerender-root\ec64856d-913a-493e-abb3-557d7e7102a7\data\admdb.sqlite
[2025-09-17 12:51:33] INFO: INI ALAMAT TABLENYA :  D:\Work\Mii\TEMPLATES\ssrtemplates\.angular\prerender-root\25cd0933-04ac-475f-980c-7a3047e14c96\data\admdb.sqlite
[2025-09-17 12:51:33] INFO: INI ALAMAT TABLENYA :  D:\Work\Mii\TEMPLATES\ssrtemplates\.angular\prerender-root\a5dc4d6f-91d1-407f-a9d4-f6f7587fdfbc\data\admdb.sqlite
[2025-09-17 12:51:33] INFO: INI ALAMAT TABLENYA :  D:\Work\Mii\TEMPLATES\ssrtemplates\.angular\prerender-root\6f31a6ff-c3e5-4399-b9ac-b3871082ae69\data\admdb.sqlite
[2025-09-17 12:51:33] INFO: INI ALAMAT TABLENYA :  D:\Work\Mii\TEMPLATES\ssrtemplates\.angular\prerender-root\c6997d1f-d856-4811-989d-26c437a19845\data\admdb.sqlite
[2025-09-17 12:51:46] INFO: INI ALAMAT TABLENYA :  D:\Work\Mii\TEMPLATES\ssrtemplates\dist\ssrtemplates\server\data\admdb.sqlite
[2025-09-17 12:52:39] INFO: INI ALAMAT TABLENYA :  D:\Work\Mii\TEMPLATES\ssrtemplates\.angular\prerender-root\89705402-5399-4b5d-ad46-387e1137b2a8\data\admdb.sqlite
[2025-09-17 12:52:41] INFO: INI ALAMAT TABLENYA :  D:\Work\Mii\TEMPLATES\ssrtemplates\.angular\prerender-root\0f6191aa-0b08-4774-af4d-660d3c668ead\data\admdb.sqlite
[2025-09-17 12:52:41] INFO: INI ALAMAT TABLENYA :  D:\Work\Mii\TEMPLATES\ssrtemplates\.angular\prerender-root\e2c4f571-1f39-467c-977e-230360d65456\data\admdb.sqlite
[2025-09-17 12:52:41] INFO: INI ALAMAT TABLENYA :  D:\Work\Mii\TEMPLATES\ssrtemplates\.angular\prerender-root\02d7b247-d478-4b82-a0a0-ec434f74b8ae\data\admdb.sqlite
[2025-09-17 12:52:41] INFO: INI ALAMAT TABLENYA :  D:\Work\Mii\TEMPLATES\ssrtemplates\.angular\prerender-root\9a92aaf6-a754-4401-bdcc-c31241b38323\data\admdb.sqlite
[2025-09-17 12:52:48] INFO: INI ALAMAT TABLENYA :  D:\Work\Mii\TEMPLATES\ssrtemplates\dist\ssrtemplates\server\data\admdb.sqlite
[2025-09-17 14:27:04] INFO: INI ALAMAT TABLENYA :  D:\Work\Mii\TEMPLATES\ssrtemplates\.angular\prerender-root\07c01291-f2b1-4c0f-a29d-0f4a4584f9c6\data\admdb.sqlite
[2025-09-17 14:27:12] INFO: INI ALAMAT TABLENYA :  D:\Work\Mii\TEMPLATES\ssrtemplates\.angular\prerender-root\56ba2dec-9dcc-47ce-8e1e-0d0a85be73ae\data\admdb.sqlite
[2025-09-17 14:27:12] INFO: INI ALAMAT TABLENYA :  D:\Work\Mii\TEMPLATES\ssrtemplates\.angular\prerender-root\8d95e914-8e99-4c6c-89b7-7c0dab0c8120\data\admdb.sqlite
[2025-09-17 14:27:12] INFO: INI ALAMAT TABLENYA :  D:\Work\Mii\TEMPLATES\ssrtemplates\.angular\prerender-root\271d955e-77ce-45f6-af17-6775646e3f90\data\admdb.sqlite
[2025-09-17 14:27:12] INFO: INI ALAMAT TABLENYA :  D:\Work\Mii\TEMPLATES\ssrtemplates\.angular\prerender-root\5423f860-3774-4b94-8c6b-8ff149d82a31\data\admdb.sqlite
[2025-09-17 14:29:46] INFO: INI ALAMAT TABLENYA :  D:\Work\Mii\TEMPLATES\ssrtemplates\.angular\prerender-root\546adeac-517e-433b-b6a3-8cfd607c14b5\data\admdb.sqlite
[2025-09-17 14:29:48] INFO: INI ALAMAT TABLENYA :  D:\Work\Mii\TEMPLATES\ssrtemplates\.angular\prerender-root\823b8874-057d-45a9-82cd-c9f8232008bd\data\admdb.sqlite
[2025-09-17 14:29:48] INFO: INI ALAMAT TABLENYA :  D:\Work\Mii\TEMPLATES\ssrtemplates\.angular\prerender-root\0e380864-a2d8-41fa-9de9-dbdee2116ada\data\admdb.sqlite
[2025-09-17 14:29:48] INFO: INI ALAMAT TABLENYA :  D:\Work\Mii\TEMPLATES\ssrtemplates\.angular\prerender-root\5d211a00-2638-47b4-88a3-46c507586ba5\data\admdb.sqlite
[2025-09-17 14:29:48] INFO: INI ALAMAT TABLENYA :  D:\Work\Mii\TEMPLATES\ssrtemplates\.angular\prerender-root\b9a6259c-ef02-4076-a920-ec7575ca3075\data\admdb.sqlite
[2025-09-17 14:30:11] INFO: INI ALAMAT TABLENYA :  D:\Work\Mii\TEMPLATES\ssrtemplates\dist\ssrtemplates\server\data\admdb.sqlite
[2025-09-17 14:31:13] INFO: INI ALAMAT TABLENYA :  D:\Work\Mii\TEMPLATES\ssrtemplates\.angular\prerender-root\33547aa6-3665-472c-aeae-c9305198d631\data\admdb.sqlite
[2025-09-17 14:31:14] INFO: INI ALAMAT TABLENYA :  D:\Work\Mii\TEMPLATES\ssrtemplates\.angular\prerender-root\c5ead697-63b4-46ed-adda-acbbff7dc62f\data\admdb.sqlite
[2025-09-17 14:31:14] INFO: INI ALAMAT TABLENYA :  D:\Work\Mii\TEMPLATES\ssrtemplates\.angular\prerender-root\8a328a6d-050a-4dcc-a254-e59ad5c31eef\data\admdb.sqlite
[2025-09-17 14:31:14] INFO: INI ALAMAT TABLENYA :  D:\Work\Mii\TEMPLATES\ssrtemplates\.angular\prerender-root\01a9cf70-48c8-4ef5-b2b2-f91ba16a6169\data\admdb.sqlite
[2025-09-17 14:31:14] INFO: INI ALAMAT TABLENYA :  D:\Work\Mii\TEMPLATES\ssrtemplates\.angular\prerender-root\9f3542cc-31dd-44f5-9ce2-d7e1a7fa8b77\data\admdb.sqlite
[2025-09-17 14:31:20] INFO: INI ALAMAT TABLENYA :  D:\Work\Mii\TEMPLATES\ssrtemplates\dist\ssrtemplates\server\data\admdb.sqlite
[2025-09-17 14:31:55] INFO: INI ALAMAT TABLENYA :  D:\Work\Mii\TEMPLATES\ssrtemplates\.angular\prerender-root\d9d7cab9-d427-439c-b6bc-cdd873beb435\data\admdb.sqlite
[2025-09-17 14:31:57] INFO: INI ALAMAT TABLENYA :  D:\Work\Mii\TEMPLATES\ssrtemplates\.angular\prerender-root\cb6807de-bfd7-4162-a748-305917bf49bf\data\admdb.sqlite
[2025-09-17 14:31:57] INFO: INI ALAMAT TABLENYA :  D:\Work\Mii\TEMPLATES\ssrtemplates\.angular\prerender-root\d5ac9920-71c2-4f92-9be9-98b768fc31f8\data\admdb.sqlite
[2025-09-17 14:31:57] INFO: INI ALAMAT TABLENYA :  D:\Work\Mii\TEMPLATES\ssrtemplates\.angular\prerender-root\85b87369-bd9b-4088-a17c-19301f112279\data\admdb.sqlite
[2025-09-17 14:31:57] INFO: INI ALAMAT TABLENYA :  D:\Work\Mii\TEMPLATES\ssrtemplates\.angular\prerender-root\374aeca1-eb56-46f0-bdc7-c4e516917ab9\data\admdb.sqlite
[2025-09-17 14:32:11] INFO: INI ALAMAT TABLENYA :  D:\Work\Mii\TEMPLATES\ssrtemplates\dist\ssrtemplates\server\data\admdb.sqlite
[2025-09-17 14:37:59] INFO: INI ALAMAT TABLENYA :  D:\Work\Mii\TEMPLATES\ssrtemplates\.angular\prerender-root\72c9d95b-e141-45be-bfa6-57acbb5ce435\data\admdb.sqlite
[2025-09-17 14:38:00] INFO: INI ALAMAT TABLENYA :  D:\Work\Mii\TEMPLATES\ssrtemplates\.angular\prerender-root\59e518db-276e-4053-8d94-e0a03b078d7b\data\admdb.sqlite
[2025-09-17 14:38:00] INFO: INI ALAMAT TABLENYA :  D:\Work\Mii\TEMPLATES\ssrtemplates\.angular\prerender-root\6d05de0e-b794-48f6-acfe-3ae4f9cb0249\data\admdb.sqlite
[2025-09-17 14:38:00] INFO: INI ALAMAT TABLENYA :  D:\Work\Mii\TEMPLATES\ssrtemplates\.angular\prerender-root\f178a747-310c-41c6-aa7a-f35a31730879\data\admdb.sqlite
[2025-09-17 14:38:00] INFO: INI ALAMAT TABLENYA :  D:\Work\Mii\TEMPLATES\ssrtemplates\.angular\prerender-root\514659e3-72fa-49d4-9a15-5a8c7b5387a8\data\admdb.sqlite
[2025-09-17 14:38:13] INFO: INI ALAMAT TABLENYA :  D:\Work\Mii\TEMPLATES\ssrtemplates\.angular\prerender-root\187b858b-a71a-483f-8152-16079879e5a0\data\admdb.sqlite
[2025-09-17 14:38:15] INFO: INI ALAMAT TABLENYA :  D:\Work\Mii\TEMPLATES\ssrtemplates\.angular\prerender-root\8bd99324-87e2-4fa0-86c4-14240214a557\data\admdb.sqlite
[2025-09-17 14:38:15] INFO: INI ALAMAT TABLENYA :  D:\Work\Mii\TEMPLATES\ssrtemplates\.angular\prerender-root\d7710f47-209d-43c5-968d-d6ce28e4dea6\data\admdb.sqlite
[2025-09-17 14:38:15] INFO: INI ALAMAT TABLENYA :  D:\Work\Mii\TEMPLATES\ssrtemplates\.angular\prerender-root\c72020c4-067e-463d-a404-bb8fa2bf53da\data\admdb.sqlite
[2025-09-17 14:38:15] INFO: INI ALAMAT TABLENYA :  D:\Work\Mii\TEMPLATES\ssrtemplates\.angular\prerender-root\5a1e6963-8505-4f20-96f7-16afe05b23c8\data\admdb.sqlite
[2025-09-17 14:38:46] INFO: INI ALAMAT TABLENYA :  D:\Work\Mii\TEMPLATES\ssrtemplates\dist\ssrtemplates\server\data\admdb.sqlite
[2025-09-17 14:45:55] INFO: INI ALAMAT TABLENYA :  D:\Work\Mii\TEMPLATES\ssrtemplates\.angular\prerender-root\9c15b299-5e4d-446e-9a88-0fe8faa843ee\data\admdb.sqlite
[2025-09-17 14:45:57] INFO: INI ALAMAT TABLENYA :  D:\Work\Mii\TEMPLATES\ssrtemplates\.angular\prerender-root\f469e79e-221c-44ba-9f66-9318abf5bb8a\data\admdb.sqlite
[2025-09-17 14:45:57] INFO: INI ALAMAT TABLENYA :  D:\Work\Mii\TEMPLATES\ssrtemplates\.angular\prerender-root\ccc1ef1f-4d4c-4f7f-acb2-fef725c19451\data\admdb.sqlite
[2025-09-17 14:45:57] INFO: INI ALAMAT TABLENYA :  D:\Work\Mii\TEMPLATES\ssrtemplates\.angular\prerender-root\acf3cb55-5a59-4788-9afc-024ee6b66a0f\data\admdb.sqlite
[2025-09-17 14:45:57] INFO: INI ALAMAT TABLENYA :  D:\Work\Mii\TEMPLATES\ssrtemplates\.angular\prerender-root\e99d1f7f-bac0-47ce-b337-4bdad4776bc3\data\admdb.sqlite
[2025-09-17 14:46:07] INFO: INI ALAMAT TABLENYA :  D:\Work\Mii\TEMPLATES\ssrtemplates\dist\ssrtemplates\server\data\admdb.sqlite
[2025-09-17 14:47:46] INFO: INI ALAMAT TABLENYA :  D:\Work\Mii\TEMPLATES\ssrtemplates\.angular\prerender-root\e28732b3-ad7c-4137-b560-dc066511dce2\data\admdb.sqlite
[2025-09-17 14:47:47] INFO: INI ALAMAT TABLENYA :  D:\Work\Mii\TEMPLATES\ssrtemplates\.angular\prerender-root\5f8c1cc5-16b2-463a-8865-a5e87dce86e8\data\admdb.sqlite
[2025-09-17 14:47:47] INFO: INI ALAMAT TABLENYA :  D:\Work\Mii\TEMPLATES\ssrtemplates\.angular\prerender-root\5209f452-41c7-40dc-b437-e4133e633b5d\data\admdb.sqlite
[2025-09-17 14:47:47] INFO: INI ALAMAT TABLENYA :  D:\Work\Mii\TEMPLATES\ssrtemplates\.angular\prerender-root\315fc0e3-4ab0-44e2-8cf3-1f7b0efc10f8\data\admdb.sqlite
[2025-09-17 14:47:47] INFO: INI ALAMAT TABLENYA :  D:\Work\Mii\TEMPLATES\ssrtemplates\.angular\prerender-root\d3fd2e19-9018-4fea-8262-f86b334f7e97\data\admdb.sqlite
[2025-09-17 14:50:19] INFO: INI ALAMAT TABLENYA :  D:\Work\Mii\TEMPLATES\ssrtemplates\dist\ssrtemplates\server\data\admdb.sqlite
[2025-09-17 15:02:39] INFO: INI ALAMAT TABLENYA :  D:\Work\Mii\TEMPLATES\ssrtemplates\.angular\prerender-root\966b9be6-62a3-4944-9f88-5f3d5b870675\data\admdb.sqlite
[2025-09-17 15:02:41] INFO: INI ALAMAT TABLENYA :  D:\Work\Mii\TEMPLATES\ssrtemplates\.angular\prerender-root\3d59c1e7-7965-42af-b3ec-ae39f1c4d7af\data\admdb.sqlite
[2025-09-17 15:02:41] INFO: INI ALAMAT TABLENYA :  D:\Work\Mii\TEMPLATES\ssrtemplates\.angular\prerender-root\b9802e53-7a3f-4966-b09f-59a6af3c81a8\data\admdb.sqlite
[2025-09-17 15:02:41] INFO: INI ALAMAT TABLENYA :  D:\Work\Mii\TEMPLATES\ssrtemplates\.angular\prerender-root\133f3e11-7e5e-48c9-a274-4a9b08b952f4\data\admdb.sqlite
[2025-09-17 15:02:41] INFO: INI ALAMAT TABLENYA :  D:\Work\Mii\TEMPLATES\ssrtemplates\.angular\prerender-root\6fd0f094-5d46-48b3-8daf-701cf409067e\data\admdb.sqlite
[2025-09-17 15:02:51] INFO: INI ALAMAT TABLENYA :  D:\Work\Mii\TEMPLATES\ssrtemplates\dist\ssrtemplates\server\data\admdb.sqlite
[2025-09-17 15:04:22] INFO: INI ALAMAT TABLENYA :  D:\Work\Mii\TEMPLATES\ssrtemplates\dist\ssrtemplates\server\data\admdb.sqlite
[2025-09-17 15:05:18] INFO: INI ALAMAT TABLENYA :  D:\Work\Mii\TEMPLATES\ssrtemplates\.angular\prerender-root\013b2fc0-bb82-48b8-baa7-670175de1ced\data\admdb.sqlite
[2025-09-17 15:05:19] INFO: INI ALAMAT TABLENYA :  D:\Work\Mii\TEMPLATES\ssrtemplates\.angular\prerender-root\c1b5a1ec-c08a-4ee3-b442-75cb2ff917f6\data\admdb.sqlite
[2025-09-17 15:05:19] INFO: INI ALAMAT TABLENYA :  D:\Work\Mii\TEMPLATES\ssrtemplates\.angular\prerender-root\8adb3fda-eca3-4f9f-bf4a-06c8f84f23b8\data\admdb.sqlite
[2025-09-17 15:05:19] INFO: INI ALAMAT TABLENYA :  D:\Work\Mii\TEMPLATES\ssrtemplates\.angular\prerender-root\ede7da49-a7d9-4ccd-9a36-6a1f8bfcadd5\data\admdb.sqlite
[2025-09-17 15:05:19] INFO: INI ALAMAT TABLENYA :  D:\Work\Mii\TEMPLATES\ssrtemplates\.angular\prerender-root\bbb3afa5-e455-468e-9c9b-3561ba0feb80\data\admdb.sqlite
[2025-09-17 15:05:57] INFO: INI ALAMAT TABLENYA :  D:\Work\Mii\TEMPLATES\ssrtemplates\dist\ssrtemplates\server\data\admdb.sqlite
[2025-09-17 15:16:59] INFO: INI ALAMAT TABLENYA :  D:\Work\Mii\TEMPLATES\ssrtemplates\.angular\prerender-root\247a0f07-819b-4578-a998-4d909dc68d6e\data\admdb.sqlite
[2025-09-17 15:17:00] INFO: INI ALAMAT TABLENYA :  D:\Work\Mii\TEMPLATES\ssrtemplates\.angular\prerender-root\2dc66d2b-2e0b-4292-b630-bba5b29723fa\data\admdb.sqlite
[2025-09-17 15:17:00] INFO: INI ALAMAT TABLENYA :  D:\Work\Mii\TEMPLATES\ssrtemplates\.angular\prerender-root\97223c8c-5607-4dba-8276-65a10253b164\data\admdb.sqlite
[2025-09-17 15:17:00] INFO: INI ALAMAT TABLENYA :  D:\Work\Mii\TEMPLATES\ssrtemplates\.angular\prerender-root\7237eaef-271c-4082-a955-a85e48f1eeed\data\admdb.sqlite
[2025-09-17 15:17:00] INFO: INI ALAMAT TABLENYA :  D:\Work\Mii\TEMPLATES\ssrtemplates\.angular\prerender-root\95de013a-3fef-4d9b-96c7-432eb1d82698\data\admdb.sqlite
[2025-09-17 15:19:32] INFO: INI ALAMAT TABLENYA :  D:\Work\Mii\TEMPLATES\ssrtemplates\.angular\prerender-root\682d05c6-566a-446e-b3ef-bd8fb85cf6fe\data\admdb.sqlite
[2025-09-17 15:19:33] INFO: INI ALAMAT TABLENYA :  D:\Work\Mii\TEMPLATES\ssrtemplates\.angular\prerender-root\7486df13-1911-4e2d-8ca5-2b45d88aa728\data\admdb.sqlite
[2025-09-17 15:19:33] INFO: INI ALAMAT TABLENYA :  D:\Work\Mii\TEMPLATES\ssrtemplates\.angular\prerender-root\9c51d727-edb3-436d-942a-7d19f923d987\data\admdb.sqlite
[2025-09-17 15:19:33] INFO: INI ALAMAT TABLENYA :  D:\Work\Mii\TEMPLATES\ssrtemplates\.angular\prerender-root\403b4c86-ac14-4353-8309-dc005a5df75e\data\admdb.sqlite
[2025-09-17 15:19:33] INFO: INI ALAMAT TABLENYA :  D:\Work\Mii\TEMPLATES\ssrtemplates\.angular\prerender-root\0947bc05-d503-4ee0-90fc-fdf7b7c90d52\data\admdb.sqlite
[2025-09-17 15:19:49] INFO: INI ALAMAT TABLENYA :  D:\Work\Mii\TEMPLATES\ssrtemplates\dist\ssrtemplates\server\data\admdb.sqlite
[2025-09-17 15:21:36] INFO: INI ALAMAT TABLENYA :  D:\Work\Mii\TEMPLATES\ssrtemplates\.angular\prerender-root\f13bea5f-31dd-4cc0-9269-f5b66ca55db2\data\admdb.sqlite
[2025-09-17 15:21:38] INFO: INI ALAMAT TABLENYA :  D:\Work\Mii\TEMPLATES\ssrtemplates\.angular\prerender-root\b2ee18e0-f995-475c-8212-934b6ee24337\data\admdb.sqlite
[2025-09-17 15:21:38] INFO: INI ALAMAT TABLENYA :  D:\Work\Mii\TEMPLATES\ssrtemplates\.angular\prerender-root\2105bae5-28da-4200-a3f7-76581f55c028\data\admdb.sqlite
[2025-09-17 15:21:38] INFO: INI ALAMAT TABLENYA :  D:\Work\Mii\TEMPLATES\ssrtemplates\.angular\prerender-root\82118b97-8440-4c1a-a388-56ddb3b2855f\data\admdb.sqlite
[2025-09-17 15:21:38] INFO: INI ALAMAT TABLENYA :  D:\Work\Mii\TEMPLATES\ssrtemplates\.angular\prerender-root\fc95c8ec-9e8c-43a5-bbd1-eef8d323dd27\data\admdb.sqlite
[2025-09-17 15:21:46] INFO: INI ALAMAT TABLENYA :  D:\Work\Mii\TEMPLATES\ssrtemplates\dist\ssrtemplates\server\data\admdb.sqlite
[2025-09-17 15:27:29] INFO: INI ALAMAT TABLENYA :  D:\Work\Mii\TEMPLATES\ssrtemplates\.angular\prerender-root\9d1420cf-8f14-4a79-b1f3-4ea7c3bcead7\data\admdb.sqlite
[2025-09-17 15:27:31] INFO: INI ALAMAT TABLENYA :  D:\Work\Mii\TEMPLATES\ssrtemplates\.angular\prerender-root\51cdcdec-6114-43e6-8704-76d09b06d277\data\admdb.sqlite
[2025-09-17 15:27:31] INFO: INI ALAMAT TABLENYA :  D:\Work\Mii\TEMPLATES\ssrtemplates\.angular\prerender-root\d08e270d-94ae-4fd7-bd46-3bd74270fde6\data\admdb.sqlite
[2025-09-17 15:27:31] INFO: INI ALAMAT TABLENYA :  D:\Work\Mii\TEMPLATES\ssrtemplates\.angular\prerender-root\a5d80371-7d87-4bd1-b37e-387e2a22737b\data\admdb.sqlite
[2025-09-17 15:27:31] INFO: INI ALAMAT TABLENYA :  D:\Work\Mii\TEMPLATES\ssrtemplates\.angular\prerender-root\e841ed2d-4c46-4c23-ac95-d849b23a639b\data\admdb.sqlite
[2025-09-17 15:27:37] INFO: INI ALAMAT TABLENYA :  D:\Work\Mii\TEMPLATES\ssrtemplates\dist\ssrtemplates\server\data\admdb.sqlite
[2025-09-17 15:31:07] INFO: INI ALAMAT TABLENYA :  D:\Work\Mii\TEMPLATES\ssrtemplates\.angular\prerender-root\db2ae742-88a8-43a2-82fb-debbe72c9a0b\data\admdb.sqlite
[2025-09-17 15:31:08] INFO: INI ALAMAT TABLENYA :  D:\Work\Mii\TEMPLATES\ssrtemplates\.angular\prerender-root\3c4b5f04-cf48-44d0-87a7-750343c640b0\data\admdb.sqlite
[2025-09-17 15:31:08] INFO: INI ALAMAT TABLENYA :  D:\Work\Mii\TEMPLATES\ssrtemplates\.angular\prerender-root\65f5f815-8e94-42fd-92cd-cb8da934299d\data\admdb.sqlite
[2025-09-17 15:31:08] INFO: INI ALAMAT TABLENYA :  D:\Work\Mii\TEMPLATES\ssrtemplates\.angular\prerender-root\189b7ff2-da18-4932-bc24-9f20854a631d\data\admdb.sqlite
[2025-09-17 15:31:08] INFO: INI ALAMAT TABLENYA :  D:\Work\Mii\TEMPLATES\ssrtemplates\.angular\prerender-root\95280489-eafb-4fd7-8ea4-307a04f49bb2\data\admdb.sqlite
[2025-09-17 15:31:18] INFO: INI ALAMAT TABLENYA :  D:\Work\Mii\TEMPLATES\ssrtemplates\dist\ssrtemplates\server\data\admdb.sqlite
[2025-09-17 15:37:26] INFO: INI ALAMAT TABLENYA :  D:\Work\Mii\TEMPLATES\ssrtemplates\.angular\prerender-root\6bc4eb77-abf8-4ae7-8ddc-78ac3b3ddac5\data\admdb.sqlite
[2025-09-17 15:37:27] INFO: INI ALAMAT TABLENYA :  D:\Work\Mii\TEMPLATES\ssrtemplates\.angular\prerender-root\9e8ba60a-4cc6-4c28-a970-e50700fb546c\data\admdb.sqlite
[2025-09-17 15:37:27] INFO: INI ALAMAT TABLENYA :  D:\Work\Mii\TEMPLATES\ssrtemplates\.angular\prerender-root\e01ff77c-8525-47c1-b03c-913d786fa7c6\data\admdb.sqlite
[2025-09-17 15:37:27] INFO: INI ALAMAT TABLENYA :  D:\Work\Mii\TEMPLATES\ssrtemplates\.angular\prerender-root\9680beed-a098-4ffa-8619-b2b9c4ca68e4\data\admdb.sqlite
[2025-09-17 15:37:27] INFO: INI ALAMAT TABLENYA :  D:\Work\Mii\TEMPLATES\ssrtemplates\.angular\prerender-root\2a8278b6-b97a-468d-af6c-b3039b383efb\data\admdb.sqlite
[2025-09-17 15:37:33] INFO: INI ALAMAT TABLENYA :  D:\Work\Mii\TEMPLATES\ssrtemplates\dist\ssrtemplates\server\data\admdb.sqlite
[2025-09-17 15:44:02] INFO: INI ALAMAT TABLENYA :  D:\Work\Mii\TEMPLATES\ssrtemplates\.angular\prerender-root\eaf17e05-2f77-439f-b5b4-79ee5df7935f\data\admdb.sqlite
[2025-09-17 15:44:04] INFO: INI ALAMAT TABLENYA :  D:\Work\Mii\TEMPLATES\ssrtemplates\.angular\prerender-root\1a7f995c-ff8b-4749-94ff-79955f60959a\data\admdb.sqlite
[2025-09-17 15:44:04] INFO: INI ALAMAT TABLENYA :  D:\Work\Mii\TEMPLATES\ssrtemplates\.angular\prerender-root\9e030807-9c0d-4afd-9c9e-9562ac90156c\data\admdb.sqlite
[2025-09-17 15:44:04] INFO: INI ALAMAT TABLENYA :  D:\Work\Mii\TEMPLATES\ssrtemplates\.angular\prerender-root\61cd34c5-19f0-4ef3-94f0-50e02a9b716a\data\admdb.sqlite
[2025-09-17 15:44:04] INFO: INI ALAMAT TABLENYA :  D:\Work\Mii\TEMPLATES\ssrtemplates\.angular\prerender-root\c7f3fd02-f7a7-4ce1-9695-97c98a99bfda\data\admdb.sqlite
[2025-09-17 15:44:11] INFO: INI ALAMAT TABLENYA :  D:\Work\Mii\TEMPLATES\ssrtemplates\dist\ssrtemplates\server\data\admdb.sqlite
[2025-09-17 15:48:07] INFO: INI ALAMAT TABLENYA :  D:\Work\Mii\TEMPLATES\ssrtemplates\.angular\prerender-root\6d2e3bc8-55c5-4fbd-991a-4219a84ba3b8\data\admdb.sqlite
[2025-09-17 15:48:08] INFO: INI ALAMAT TABLENYA :  D:\Work\Mii\TEMPLATES\ssrtemplates\.angular\prerender-root\97c9a213-ec18-46a9-923f-43e388546072\data\admdb.sqlite
[2025-09-17 15:48:08] INFO: INI ALAMAT TABLENYA :  D:\Work\Mii\TEMPLATES\ssrtemplates\.angular\prerender-root\e62b9e36-80a7-4d29-80c7-1ead2a4a3d46\data\admdb.sqlite
[2025-09-17 15:48:08] INFO: INI ALAMAT TABLENYA :  D:\Work\Mii\TEMPLATES\ssrtemplates\.angular\prerender-root\0e304618-bb44-4cc0-b0ba-4d73deb0d90e\data\admdb.sqlite
[2025-09-17 15:48:08] INFO: INI ALAMAT TABLENYA :  D:\Work\Mii\TEMPLATES\ssrtemplates\.angular\prerender-root\6a327b6f-5fa6-4d1c-8869-b0379128cf15\data\admdb.sqlite
[2025-09-17 15:48:14] INFO: INI ALAMAT TABLENYA :  D:\Work\Mii\TEMPLATES\ssrtemplates\dist\ssrtemplates\server\data\admdb.sqlite
[2025-09-17 15:49:34] INFO: INI ALAMAT TABLENYA :  D:\Work\Mii\TEMPLATES\ssrtemplates\.angular\prerender-root\b1e9b3c4-2a01-430f-aae3-ca1ab85804e0\data\admdb.sqlite
[2025-09-17 15:49:35] INFO: INI ALAMAT TABLENYA :  D:\Work\Mii\TEMPLATES\ssrtemplates\.angular\prerender-root\21e8afad-fa11-4184-ae88-0070d319f2cc\data\admdb.sqlite
[2025-09-17 15:49:35] INFO: INI ALAMAT TABLENYA :  D:\Work\Mii\TEMPLATES\ssrtemplates\.angular\prerender-root\471a4cdd-7610-4748-abde-634fe039e156\data\admdb.sqlite
[2025-09-17 15:49:35] INFO: INI ALAMAT TABLENYA :  D:\Work\Mii\TEMPLATES\ssrtemplates\.angular\prerender-root\0fd7df2b-f6e7-4198-9048-a0351483aba9\data\admdb.sqlite
[2025-09-17 15:49:35] INFO: INI ALAMAT TABLENYA :  D:\Work\Mii\TEMPLATES\ssrtemplates\.angular\prerender-root\0f7748a8-5397-4d54-b540-db8adf027349\data\admdb.sqlite
[2025-09-17 15:49:41] INFO: INI ALAMAT TABLENYA :  D:\Work\Mii\TEMPLATES\ssrtemplates\dist\ssrtemplates\server\data\admdb.sqlite
[2025-09-17 15:51:34] INFO: INI ALAMAT TABLENYA :  D:\Work\Mii\TEMPLATES\ssrtemplates\.angular\prerender-root\38cf42d0-a2ba-4a1b-a82f-06314d785b9f\data\admdb.sqlite
[2025-09-17 15:51:36] INFO: INI ALAMAT TABLENYA :  D:\Work\Mii\TEMPLATES\ssrtemplates\.angular\prerender-root\974ef545-8d52-418b-9aa0-eebb432ed0a1\data\admdb.sqlite
[2025-09-17 15:51:36] INFO: INI ALAMAT TABLENYA :  D:\Work\Mii\TEMPLATES\ssrtemplates\.angular\prerender-root\98b77e64-b446-4552-982f-93a173069473\data\admdb.sqlite
[2025-09-17 15:51:36] INFO: INI ALAMAT TABLENYA :  D:\Work\Mii\TEMPLATES\ssrtemplates\.angular\prerender-root\f275123a-64ed-4163-8a56-916d5da7cf02\data\admdb.sqlite
[2025-09-17 15:51:36] INFO: INI ALAMAT TABLENYA :  D:\Work\Mii\TEMPLATES\ssrtemplates\.angular\prerender-root\ffa500ff-25ea-4bc4-99de-40d91c3efb10\data\admdb.sqlite
[2025-09-17 15:51:46] INFO: INI ALAMAT TABLENYA :  D:\Work\Mii\TEMPLATES\ssrtemplates\dist\ssrtemplates\server\data\admdb.sqlite
[2025-09-17 17:35:27] INFO: INI ALAMAT TABLENYA :  D:\Work\Mii\TEMPLATES\ssrtemplates\.angular\prerender-root\a1af57ac-8dcf-4781-a62a-267c5166a651\data\admdb.sqlite
[2025-09-17 17:35:29] INFO: INI ALAMAT TABLENYA :  D:\Work\Mii\TEMPLATES\ssrtemplates\.angular\prerender-root\693c314b-a0af-4d0e-a845-ab63498c0c56\data\admdb.sqlite
[2025-09-17 17:35:29] INFO: INI ALAMAT TABLENYA :  D:\Work\Mii\TEMPLATES\ssrtemplates\.angular\prerender-root\d9788cac-938b-49d8-8eb7-88580513f735\data\admdb.sqlite
[2025-09-17 17:35:29] INFO: INI ALAMAT TABLENYA :  D:\Work\Mii\TEMPLATES\ssrtemplates\.angular\prerender-root\704b0dad-98bd-47b6-bcdf-c3c01a0c1f2c\data\admdb.sqlite
[2025-09-17 17:35:29] INFO: INI ALAMAT TABLENYA :  D:\Work\Mii\TEMPLATES\ssrtemplates\.angular\prerender-root\ef62046f-3bff-427c-b1a6-5fb1047e3336\data\admdb.sqlite
[2025-09-17 17:35:45] INFO: INI ALAMAT TABLENYA :  D:\Work\Mii\TEMPLATES\ssrtemplates\dist\ssrtemplates\server\data\admdb.sqlite
[2025-09-17 17:50:56] INFO: INI ALAMAT TABLENYA :  D:\Work\Mii\TEMPLATES\ssrtemplates\.angular\prerender-root\89e6d236-c677-43be-9680-d005e74ae91d\data\admdb.sqlite
[2025-09-17 17:50:57] INFO: INI ALAMAT TABLENYA :  D:\Work\Mii\TEMPLATES\ssrtemplates\.angular\prerender-root\4079222e-62f4-4b26-811a-bed545e8fb12\data\admdb.sqlite
[2025-09-17 17:50:57] INFO: INI ALAMAT TABLENYA :  D:\Work\Mii\TEMPLATES\ssrtemplates\.angular\prerender-root\c73e4fb5-0d4d-4c04-8c06-def9824fd6c8\data\admdb.sqlite
[2025-09-17 17:50:57] INFO: INI ALAMAT TABLENYA :  D:\Work\Mii\TEMPLATES\ssrtemplates\.angular\prerender-root\54fe9462-3b60-4298-b632-87f87df6c46d\data\admdb.sqlite
[2025-09-17 17:50:57] INFO: INI ALAMAT TABLENYA :  D:\Work\Mii\TEMPLATES\ssrtemplates\.angular\prerender-root\4b33536c-6f55-4c60-a7ad-fa6ec6606056\data\admdb.sqlite
[2025-09-17 17:51:04] INFO: INI ALAMAT TABLENYA :  D:\Work\Mii\TEMPLATES\ssrtemplates\dist\ssrtemplates\server\data\admdb.sqlite
[2025-09-17 17:52:32] INFO: INI ALAMAT TABLENYA :  D:\Work\Mii\TEMPLATES\ssrtemplates\.angular\prerender-root\8f017968-7874-4b86-a561-6397f6a9d4a4\data\admdb.sqlite
[2025-09-17 17:52:33] INFO: INI ALAMAT TABLENYA :  D:\Work\Mii\TEMPLATES\ssrtemplates\.angular\prerender-root\497cc770-4fcc-4244-831b-b8e5579aa508\data\admdb.sqlite
[2025-09-17 17:52:33] INFO: INI ALAMAT TABLENYA :  D:\Work\Mii\TEMPLATES\ssrtemplates\.angular\prerender-root\a16a1c87-26bf-4337-8ef1-7cf4c7d82b2c\data\admdb.sqlite
[2025-09-17 17:52:33] INFO: INI ALAMAT TABLENYA :  D:\Work\Mii\TEMPLATES\ssrtemplates\.angular\prerender-root\3aeb60ea-2720-4554-8e28-84cd195e89dc\data\admdb.sqlite
[2025-09-17 17:52:33] INFO: INI ALAMAT TABLENYA :  D:\Work\Mii\TEMPLATES\ssrtemplates\.angular\prerender-root\bc7e43e4-f00e-4042-974c-e667c95d4a42\data\admdb.sqlite
[2025-09-17 17:52:39] INFO: INI ALAMAT TABLENYA :  D:\Work\Mii\TEMPLATES\ssrtemplates\dist\ssrtemplates\server\data\admdb.sqlite
[2025-09-17 17:55:34] WARN: Invalid or unavailable token
